2018-05-26 12:04:58,335:INFO: Disease Protein Prediction in the PPI Network
2018-05-26 12:04:58,335:INFO: Sabri Eyuboglu  -- SNAP Group
2018-05-26 12:04:58,335:INFO: ======================================
2018-05-26 12:04:58,336:INFO: Loading PPI Network...
2018-05-26 12:05:10,601:INFO: Loading Disease Associations...
2018-05-26 12:05:10,625:INFO: Loading PPI Matrix...
2018-05-26 12:05:37,542:INFO: Running Experiment...
2018-05-26 12:05:37,544:INFO: Experiment Progress: 0.0% -- 0/519
2018-05-26 12:05:38,471:INFO: Experiment Progress: 0.2% -- 1/519
2018-05-26 12:05:39,005:INFO: Experiment Progress: 0.4% -- 2/519
2018-05-26 12:05:39,466:INFO: Experiment Progress: 0.6% -- 3/519
2018-05-26 12:05:40,480:INFO: Experiment Progress: 0.8% -- 4/519
2018-05-26 12:05:41,022:INFO: Experiment Progress: 1.0% -- 5/519
2018-05-26 12:05:41,471:INFO: Experiment Progress: 1.2% -- 6/519
2018-05-26 12:05:41,954:INFO: Experiment Progress: 1.3% -- 7/519
2018-05-26 12:05:42,543:INFO: Experiment Progress: 1.5% -- 8/519
2018-05-26 12:05:43,975:INFO: Experiment Progress: 1.7% -- 9/519
2018-05-26 12:05:44,394:INFO: Experiment Progress: 1.9% -- 10/519
2018-05-26 12:05:47,109:INFO: Experiment Progress: 2.1% -- 11/519
2018-05-26 12:05:47,602:INFO: Experiment Progress: 2.3% -- 12/519
2018-05-26 12:05:48,192:INFO: Experiment Progress: 2.5% -- 13/519
2018-05-26 12:05:48,756:INFO: Experiment Progress: 2.7% -- 14/519
2018-05-26 12:05:49,164:INFO: Experiment Progress: 2.9% -- 15/519
2018-05-26 12:05:49,660:INFO: Experiment Progress: 3.1% -- 16/519
2018-05-26 12:05:50,081:INFO: Experiment Progress: 3.3% -- 17/519
2018-05-26 12:05:51,345:INFO: Experiment Progress: 3.5% -- 18/519
2018-05-26 12:05:51,792:INFO: Experiment Progress: 3.7% -- 19/519
2018-05-26 12:05:53,180:INFO: Experiment Progress: 3.9% -- 20/519
2018-05-26 12:05:54,859:INFO: Experiment Progress: 4.0% -- 21/519
2018-05-26 12:05:55,499:INFO: Experiment Progress: 4.2% -- 22/519
2018-05-26 12:05:55,928:INFO: Experiment Progress: 4.4% -- 23/519
2018-05-26 12:05:56,269:INFO: Experiment Progress: 4.6% -- 24/519
2018-05-26 12:05:56,730:INFO: Experiment Progress: 4.8% -- 25/519
2018-05-26 12:05:57,243:INFO: Experiment Progress: 5.0% -- 26/519
2018-05-26 12:05:57,668:INFO: Experiment Progress: 5.2% -- 27/519
2018-05-26 12:05:58,225:INFO: Experiment Progress: 5.4% -- 28/519
2018-05-26 12:05:58,919:INFO: Experiment Progress: 5.6% -- 29/519
2018-05-26 12:05:59,435:INFO: Experiment Progress: 5.8% -- 30/519
2018-05-26 12:05:59,917:INFO: Experiment Progress: 6.0% -- 31/519
2018-05-26 12:06:00,556:INFO: Experiment Progress: 6.2% -- 32/519
2018-05-26 12:06:01,235:INFO: Experiment Progress: 6.4% -- 33/519
2018-05-26 12:06:01,658:INFO: Experiment Progress: 6.6% -- 34/519
2018-05-26 12:06:02,102:INFO: Experiment Progress: 6.7% -- 35/519
2018-05-26 12:06:02,312:INFO: Experiment Progress: 6.9% -- 36/519
2018-05-26 12:06:02,805:INFO: Experiment Progress: 7.1% -- 37/519
2018-05-26 12:06:03,284:INFO: Experiment Progress: 7.3% -- 38/519
2018-05-26 12:06:03,861:INFO: Experiment Progress: 7.5% -- 39/519
2018-05-26 12:06:04,490:INFO: Experiment Progress: 7.7% -- 40/519
2018-05-26 12:06:05,059:INFO: Experiment Progress: 7.9% -- 41/519
2018-05-26 12:06:05,551:INFO: Experiment Progress: 8.1% -- 42/519
2018-05-26 12:06:06,376:INFO: Experiment Progress: 8.3% -- 43/519
2018-05-26 12:06:06,852:INFO: Experiment Progress: 8.5% -- 44/519
2018-05-26 12:06:07,295:INFO: Experiment Progress: 8.7% -- 45/519
2018-05-26 12:06:08,010:INFO: Experiment Progress: 8.9% -- 46/519
2018-05-26 12:06:08,490:INFO: Experiment Progress: 9.1% -- 47/519
2018-05-26 12:06:09,127:INFO: Experiment Progress: 9.2% -- 48/519
2018-05-26 12:06:09,622:INFO: Experiment Progress: 9.4% -- 49/519
2018-05-26 12:06:10,109:INFO: Experiment Progress: 9.6% -- 50/519
2018-05-26 12:06:10,682:INFO: Experiment Progress: 9.8% -- 51/519
2018-05-26 12:06:11,365:INFO: Experiment Progress: 10.0% -- 52/519
2018-05-26 12:06:11,884:INFO: Experiment Progress: 10.2% -- 53/519
2018-05-26 12:06:12,437:INFO: Experiment Progress: 10.4% -- 54/519
2018-05-26 12:06:12,796:INFO: Experiment Progress: 10.6% -- 55/519
2018-05-26 12:06:13,248:INFO: Experiment Progress: 10.8% -- 56/519
2018-05-26 12:06:13,680:INFO: Experiment Progress: 11.0% -- 57/519
2018-05-26 12:06:14,301:INFO: Experiment Progress: 11.2% -- 58/519
2018-05-26 12:06:14,646:INFO: Experiment Progress: 11.4% -- 59/519
2018-05-26 12:06:15,172:INFO: Experiment Progress: 11.6% -- 60/519
2018-05-26 12:06:15,810:INFO: Experiment Progress: 11.8% -- 61/519
2018-05-26 12:06:16,270:INFO: Experiment Progress: 11.9% -- 62/519
2018-05-26 12:06:16,707:INFO: Experiment Progress: 12.1% -- 63/519
2018-05-26 12:06:17,284:INFO: Experiment Progress: 12.3% -- 64/519
2018-05-26 12:06:17,712:INFO: Experiment Progress: 12.5% -- 65/519
2018-05-26 12:06:18,122:INFO: Experiment Progress: 12.7% -- 66/519
2018-05-26 12:06:19,147:INFO: Experiment Progress: 12.9% -- 67/519
2018-05-26 12:06:19,850:INFO: Experiment Progress: 13.1% -- 68/519
2018-05-26 12:06:20,969:INFO: Experiment Progress: 13.3% -- 69/519
2018-05-26 12:06:22,220:INFO: Experiment Progress: 13.5% -- 70/519
2018-05-26 12:06:22,736:INFO: Experiment Progress: 13.7% -- 71/519
2018-05-26 12:06:23,179:INFO: Experiment Progress: 13.9% -- 72/519
2018-05-26 12:06:23,618:INFO: Experiment Progress: 14.1% -- 73/519
2018-05-26 12:06:24,081:INFO: Experiment Progress: 14.3% -- 74/519
2018-05-26 12:06:24,489:INFO: Experiment Progress: 14.5% -- 75/519
2018-05-26 12:06:24,951:INFO: Experiment Progress: 14.6% -- 76/519
2018-05-26 12:06:25,433:INFO: Experiment Progress: 14.8% -- 77/519
2018-05-26 12:06:26,722:INFO: Experiment Progress: 15.0% -- 78/519
2018-05-26 12:06:27,348:INFO: Experiment Progress: 15.2% -- 79/519
2018-05-26 12:06:28,283:INFO: Experiment Progress: 15.4% -- 80/519
2018-05-26 12:06:29,027:INFO: Experiment Progress: 15.6% -- 81/519
2018-05-26 12:06:29,504:INFO: Experiment Progress: 15.8% -- 82/519
2018-05-26 12:06:30,089:INFO: Experiment Progress: 16.0% -- 83/519
2018-05-26 12:06:30,760:INFO: Experiment Progress: 16.2% -- 84/519
2018-05-26 12:06:31,266:INFO: Experiment Progress: 16.4% -- 85/519
2018-05-26 12:06:31,737:INFO: Experiment Progress: 16.6% -- 86/519
2018-05-26 12:06:32,175:INFO: Experiment Progress: 16.8% -- 87/519
2018-05-26 12:06:32,738:INFO: Experiment Progress: 17.0% -- 88/519
2018-05-26 12:06:33,104:INFO: Experiment Progress: 17.1% -- 89/519
2018-05-26 12:06:33,515:INFO: Experiment Progress: 17.3% -- 90/519
2018-05-26 12:06:33,812:INFO: Experiment Progress: 17.5% -- 91/519
2018-05-26 12:06:36,374:INFO: Experiment Progress: 17.7% -- 92/519
2018-05-26 12:06:36,892:INFO: Experiment Progress: 17.9% -- 93/519
2018-05-26 12:06:37,341:INFO: Experiment Progress: 18.1% -- 94/519
2018-05-26 12:06:38,134:INFO: Experiment Progress: 18.3% -- 95/519
2018-05-26 12:06:38,568:INFO: Experiment Progress: 18.5% -- 96/519
2018-05-26 12:06:40,164:INFO: Experiment Progress: 18.7% -- 97/519
2018-05-26 12:06:40,622:INFO: Experiment Progress: 18.9% -- 98/519
2018-05-26 12:06:41,427:INFO: Experiment Progress: 19.1% -- 99/519
2018-05-26 12:06:41,927:INFO: Experiment Progress: 19.3% -- 100/519
2018-05-26 12:06:42,352:INFO: Experiment Progress: 19.5% -- 101/519
2018-05-26 12:06:42,802:INFO: Experiment Progress: 19.7% -- 102/519
2018-05-26 12:06:43,170:INFO: Experiment Progress: 19.8% -- 103/519
2018-05-26 12:06:44,867:INFO: Experiment Progress: 20.0% -- 104/519
2018-05-26 12:06:45,417:INFO: Experiment Progress: 20.2% -- 105/519
2018-05-26 12:06:46,078:INFO: Experiment Progress: 20.4% -- 106/519
2018-05-26 12:06:46,563:INFO: Experiment Progress: 20.6% -- 107/519
2018-05-26 12:06:46,985:INFO: Experiment Progress: 20.8% -- 108/519
2018-05-26 12:06:47,391:INFO: Experiment Progress: 21.0% -- 109/519
2018-05-26 12:06:47,823:INFO: Experiment Progress: 21.2% -- 110/519
2018-05-26 12:06:49,028:INFO: Experiment Progress: 21.4% -- 111/519
2018-05-26 12:06:49,462:INFO: Experiment Progress: 21.6% -- 112/519
2018-05-26 12:06:50,569:INFO: Experiment Progress: 21.8% -- 113/519
2018-05-26 12:06:51,029:INFO: Experiment Progress: 22.0% -- 114/519
2018-05-26 12:06:51,837:INFO: Experiment Progress: 22.2% -- 115/519
2018-05-26 12:06:52,280:INFO: Experiment Progress: 22.4% -- 116/519
2018-05-26 12:06:52,705:INFO: Experiment Progress: 22.5% -- 117/519
2018-05-26 12:06:53,135:INFO: Experiment Progress: 22.7% -- 118/519
2018-05-26 12:06:53,620:INFO: Experiment Progress: 22.9% -- 119/519
2018-05-26 12:06:59,188:INFO: Experiment Progress: 23.1% -- 120/519
2018-05-26 12:06:59,696:INFO: Experiment Progress: 23.3% -- 121/519
2018-05-26 12:07:00,143:INFO: Experiment Progress: 23.5% -- 122/519
2018-05-26 12:07:00,831:INFO: Experiment Progress: 23.7% -- 123/519
2018-05-26 12:07:01,606:INFO: Experiment Progress: 23.9% -- 124/519
2018-05-26 12:07:02,020:INFO: Experiment Progress: 24.1% -- 125/519
2018-05-26 12:07:02,513:INFO: Experiment Progress: 24.3% -- 126/519
2018-05-26 12:07:03,045:INFO: Experiment Progress: 24.5% -- 127/519
2018-05-26 12:07:03,998:INFO: Experiment Progress: 24.7% -- 128/519
2018-05-26 12:07:04,396:INFO: Experiment Progress: 24.9% -- 129/519
2018-05-26 12:07:04,855:INFO: Experiment Progress: 25.0% -- 130/519
2018-05-26 12:07:05,331:INFO: Experiment Progress: 25.2% -- 131/519
2018-05-26 12:07:08,240:INFO: Experiment Progress: 25.4% -- 132/519
2018-05-26 12:07:09,076:INFO: Experiment Progress: 25.6% -- 133/519
2018-05-26 12:07:09,602:INFO: Experiment Progress: 25.8% -- 134/519
2018-05-26 12:07:10,052:INFO: Experiment Progress: 26.0% -- 135/519
2018-05-26 12:07:10,533:INFO: Experiment Progress: 26.2% -- 136/519
2018-05-26 12:07:11,804:INFO: Experiment Progress: 26.4% -- 137/519
2018-05-26 12:07:12,311:INFO: Experiment Progress: 26.6% -- 138/519
2018-05-26 12:07:12,857:INFO: Experiment Progress: 26.8% -- 139/519
2018-05-26 12:07:14,965:INFO: Experiment Progress: 27.0% -- 140/519
2018-05-26 12:07:15,471:INFO: Experiment Progress: 27.2% -- 141/519
2018-05-26 12:07:15,962:INFO: Experiment Progress: 27.4% -- 142/519
2018-05-26 12:07:17,069:INFO: Experiment Progress: 27.6% -- 143/519
2018-05-26 12:07:17,526:INFO: Experiment Progress: 27.7% -- 144/519
2018-05-26 12:07:18,023:INFO: Experiment Progress: 27.9% -- 145/519
2018-05-26 12:07:18,432:INFO: Experiment Progress: 28.1% -- 146/519
2018-05-26 12:07:19,486:INFO: Experiment Progress: 28.3% -- 147/519
2018-05-26 12:07:20,064:INFO: Experiment Progress: 28.5% -- 148/519
2018-05-26 12:07:20,553:INFO: Experiment Progress: 28.7% -- 149/519
2018-05-26 12:07:21,328:INFO: Experiment Progress: 28.9% -- 150/519
2018-05-26 12:07:21,824:INFO: Experiment Progress: 29.1% -- 151/519
2018-05-26 12:07:22,254:INFO: Experiment Progress: 29.3% -- 152/519
2018-05-26 12:07:23,457:INFO: Experiment Progress: 29.5% -- 153/519
2018-05-26 12:07:23,917:INFO: Experiment Progress: 29.7% -- 154/519
2018-05-26 12:07:24,448:INFO: Experiment Progress: 29.9% -- 155/519
2018-05-26 12:07:26,767:INFO: Experiment Progress: 30.1% -- 156/519
2018-05-26 12:07:27,246:INFO: Experiment Progress: 30.3% -- 157/519
2018-05-26 12:07:27,859:INFO: Experiment Progress: 30.4% -- 158/519
2018-05-26 12:07:28,463:INFO: Experiment Progress: 30.6% -- 159/519
2018-05-26 12:07:28,918:INFO: Experiment Progress: 30.8% -- 160/519
2018-05-26 12:07:29,395:INFO: Experiment Progress: 31.0% -- 161/519
2018-05-26 12:07:32,121:INFO: Experiment Progress: 31.2% -- 162/519
2018-05-26 12:07:32,536:INFO: Experiment Progress: 31.4% -- 163/519
2018-05-26 12:07:33,003:INFO: Experiment Progress: 31.6% -- 164/519
2018-05-26 12:07:33,433:INFO: Experiment Progress: 31.8% -- 165/519
2018-05-26 12:07:33,866:INFO: Experiment Progress: 32.0% -- 166/519
2018-05-26 12:07:34,349:INFO: Experiment Progress: 32.2% -- 167/519
2018-05-26 12:07:34,790:INFO: Experiment Progress: 32.4% -- 168/519
2018-05-26 12:07:35,255:INFO: Experiment Progress: 32.6% -- 169/519
2018-05-26 12:07:36,316:INFO: Experiment Progress: 32.8% -- 170/519
2018-05-26 12:07:37,540:INFO: Experiment Progress: 32.9% -- 171/519
2018-05-26 12:07:38,194:INFO: Experiment Progress: 33.1% -- 172/519
2018-05-26 12:07:38,608:INFO: Experiment Progress: 33.3% -- 173/519
2018-05-26 12:07:40,486:INFO: Experiment Progress: 33.5% -- 174/519
2018-05-26 12:07:40,921:INFO: Experiment Progress: 33.7% -- 175/519
2018-05-26 12:07:41,280:INFO: Experiment Progress: 33.9% -- 176/519
2018-05-26 12:07:41,829:INFO: Experiment Progress: 34.1% -- 177/519
2018-05-26 12:07:42,366:INFO: Experiment Progress: 34.3% -- 178/519
2018-05-26 12:07:42,805:INFO: Experiment Progress: 34.5% -- 179/519
2018-05-26 12:07:43,247:INFO: Experiment Progress: 34.7% -- 180/519
2018-05-26 12:07:43,658:INFO: Experiment Progress: 34.9% -- 181/519
2018-05-26 12:07:44,098:INFO: Experiment Progress: 35.1% -- 182/519
2018-05-26 12:07:44,849:INFO: Experiment Progress: 35.3% -- 183/519
2018-05-26 12:07:45,609:INFO: Experiment Progress: 35.5% -- 184/519
2018-05-26 12:07:48,777:INFO: Experiment Progress: 35.6% -- 185/519
2018-05-26 12:07:49,971:INFO: Experiment Progress: 35.8% -- 186/519
2018-05-26 12:07:50,432:INFO: Experiment Progress: 36.0% -- 187/519
2018-05-26 12:07:50,894:INFO: Experiment Progress: 36.2% -- 188/519
2018-05-26 12:07:51,577:INFO: Experiment Progress: 36.4% -- 189/519
2018-05-26 12:07:52,121:INFO: Experiment Progress: 36.6% -- 190/519
2018-05-26 12:07:52,860:INFO: Experiment Progress: 36.8% -- 191/519
2018-05-26 12:07:53,332:INFO: Experiment Progress: 37.0% -- 192/519
2018-05-26 12:07:55,069:INFO: Experiment Progress: 37.2% -- 193/519
2018-05-26 12:07:55,546:INFO: Experiment Progress: 37.4% -- 194/519
2018-05-26 12:07:56,010:INFO: Experiment Progress: 37.6% -- 195/519
2018-05-26 12:07:56,502:INFO: Experiment Progress: 37.8% -- 196/519
2018-05-26 12:07:57,126:INFO: Experiment Progress: 38.0% -- 197/519
2018-05-26 12:07:57,813:INFO: Experiment Progress: 38.2% -- 198/519
2018-05-26 12:07:58,741:INFO: Experiment Progress: 38.3% -- 199/519
2018-05-26 12:07:59,256:INFO: Experiment Progress: 38.5% -- 200/519
2018-05-26 12:07:59,743:INFO: Experiment Progress: 38.7% -- 201/519
2018-05-26 12:08:00,276:INFO: Experiment Progress: 38.9% -- 202/519
2018-05-26 12:08:00,682:INFO: Experiment Progress: 39.1% -- 203/519
2018-05-26 12:08:01,308:INFO: Experiment Progress: 39.3% -- 204/519
2018-05-26 12:08:02,025:INFO: Experiment Progress: 39.5% -- 205/519
2018-05-26 12:08:02,619:INFO: Experiment Progress: 39.7% -- 206/519
2018-05-26 12:08:03,111:INFO: Experiment Progress: 39.9% -- 207/519
2018-05-26 12:08:03,518:INFO: Experiment Progress: 40.1% -- 208/519
2018-05-26 12:08:03,927:INFO: Experiment Progress: 40.3% -- 209/519
2018-05-26 12:08:04,341:INFO: Experiment Progress: 40.5% -- 210/519
2018-05-26 12:08:04,808:INFO: Experiment Progress: 40.7% -- 211/519
2018-05-26 12:08:05,275:INFO: Experiment Progress: 40.8% -- 212/519
2018-05-26 12:08:05,679:INFO: Experiment Progress: 41.0% -- 213/519
2018-05-26 12:08:06,172:INFO: Experiment Progress: 41.2% -- 214/519
2018-05-26 12:08:07,037:INFO: Experiment Progress: 41.4% -- 215/519
2018-05-26 12:08:07,655:INFO: Experiment Progress: 41.6% -- 216/519
2018-05-26 12:08:08,147:INFO: Experiment Progress: 41.8% -- 217/519
2018-05-26 12:08:08,908:INFO: Experiment Progress: 42.0% -- 218/519
2018-05-26 12:08:09,319:INFO: Experiment Progress: 42.2% -- 219/519
2018-05-26 12:08:09,617:INFO: Experiment Progress: 42.4% -- 220/519
2018-05-26 12:08:10,310:INFO: Experiment Progress: 42.6% -- 221/519
2018-05-26 12:08:10,701:INFO: Experiment Progress: 42.8% -- 222/519
2018-05-26 12:08:12,211:INFO: Experiment Progress: 43.0% -- 223/519
2018-05-26 12:08:12,732:INFO: Experiment Progress: 43.2% -- 224/519
2018-05-26 12:08:13,171:INFO: Experiment Progress: 43.4% -- 225/519
2018-05-26 12:08:13,665:INFO: Experiment Progress: 43.5% -- 226/519
2018-05-26 12:08:14,094:INFO: Experiment Progress: 43.7% -- 227/519
2018-05-26 12:08:14,509:INFO: Experiment Progress: 43.9% -- 228/519
2018-05-26 12:08:15,398:INFO: Experiment Progress: 44.1% -- 229/519
2018-05-26 12:08:15,813:INFO: Experiment Progress: 44.3% -- 230/519
2018-05-26 12:08:16,350:INFO: Experiment Progress: 44.5% -- 231/519
2018-05-26 12:08:17,268:INFO: Experiment Progress: 44.7% -- 232/519
2018-05-26 12:08:17,696:INFO: Experiment Progress: 44.9% -- 233/519
2018-05-26 12:08:18,984:INFO: Experiment Progress: 45.1% -- 234/519
2018-05-26 12:08:20,302:INFO: Experiment Progress: 45.3% -- 235/519
2018-05-26 12:08:20,813:INFO: Experiment Progress: 45.5% -- 236/519
2018-05-26 12:08:22,377:INFO: Experiment Progress: 45.7% -- 237/519
2018-05-26 12:08:23,194:INFO: Experiment Progress: 45.9% -- 238/519
2018-05-26 12:08:23,723:INFO: Experiment Progress: 46.1% -- 239/519
2018-05-26 12:08:24,221:INFO: Experiment Progress: 46.2% -- 240/519
2018-05-26 12:08:25,156:INFO: Experiment Progress: 46.4% -- 241/519
2018-05-26 12:08:26,933:INFO: Experiment Progress: 46.6% -- 242/519
2018-05-26 12:08:29,002:INFO: Experiment Progress: 46.8% -- 243/519
2018-05-26 12:08:29,599:INFO: Experiment Progress: 47.0% -- 244/519
2018-05-26 12:08:30,341:INFO: Experiment Progress: 47.2% -- 245/519
2018-05-26 12:08:31,916:INFO: Experiment Progress: 47.4% -- 246/519
2018-05-26 12:08:32,468:INFO: Experiment Progress: 47.6% -- 247/519
2018-05-26 12:08:34,905:INFO: Experiment Progress: 47.8% -- 248/519
2018-05-26 12:08:35,324:INFO: Experiment Progress: 48.0% -- 249/519
2018-05-26 12:08:36,446:INFO: Experiment Progress: 48.2% -- 250/519
2018-05-26 12:08:36,870:INFO: Experiment Progress: 48.4% -- 251/519
2018-05-26 12:08:37,569:INFO: Experiment Progress: 48.6% -- 252/519
2018-05-26 12:08:39,332:INFO: Experiment Progress: 48.7% -- 253/519
2018-05-26 12:08:39,682:INFO: Experiment Progress: 48.9% -- 254/519
2018-05-26 12:08:40,121:INFO: Experiment Progress: 49.1% -- 255/519
2018-05-26 12:08:40,575:INFO: Experiment Progress: 49.3% -- 256/519
2018-05-26 12:08:41,968:INFO: Experiment Progress: 49.5% -- 257/519
2018-05-26 12:08:42,466:INFO: Experiment Progress: 49.7% -- 258/519
2018-05-26 12:08:42,718:INFO: Experiment Progress: 49.9% -- 259/519
2018-05-26 12:08:43,912:INFO: Experiment Progress: 50.1% -- 260/519
2018-05-26 12:08:45,510:INFO: Experiment Progress: 50.3% -- 261/519
2018-05-26 12:08:46,057:INFO: Experiment Progress: 50.5% -- 262/519
2018-05-26 12:08:46,537:INFO: Experiment Progress: 50.7% -- 263/519
2018-05-26 12:08:46,897:INFO: Experiment Progress: 50.9% -- 264/519
2018-05-26 12:08:47,291:INFO: Experiment Progress: 51.1% -- 265/519
2018-05-26 12:08:47,599:INFO: Experiment Progress: 51.3% -- 266/519
2018-05-26 12:08:49,025:INFO: Experiment Progress: 51.4% -- 267/519
2018-05-26 12:08:49,719:INFO: Experiment Progress: 51.6% -- 268/519
2018-05-26 12:08:50,187:INFO: Experiment Progress: 51.8% -- 269/519
2018-05-26 12:08:50,578:INFO: Experiment Progress: 52.0% -- 270/519
2018-05-26 12:08:51,222:INFO: Experiment Progress: 52.2% -- 271/519
2018-05-26 12:08:51,704:INFO: Experiment Progress: 52.4% -- 272/519
2018-05-26 12:08:52,558:INFO: Experiment Progress: 52.6% -- 273/519
2018-05-26 12:08:53,205:INFO: Experiment Progress: 52.8% -- 274/519
2018-05-26 12:08:53,699:INFO: Experiment Progress: 53.0% -- 275/519
2018-05-26 12:08:54,139:INFO: Experiment Progress: 53.2% -- 276/519
2018-05-26 12:08:54,601:INFO: Experiment Progress: 53.4% -- 277/519
2018-05-26 12:08:56,847:INFO: Experiment Progress: 53.6% -- 278/519
2018-05-26 12:08:57,099:INFO: Experiment Progress: 53.8% -- 279/519
2018-05-26 12:08:58,051:INFO: Experiment Progress: 53.9% -- 280/519
2018-05-26 12:09:03,189:INFO: Experiment Progress: 54.1% -- 281/519
2018-05-26 12:09:03,451:INFO: Experiment Progress: 54.3% -- 282/519
2018-05-26 12:09:03,932:INFO: Experiment Progress: 54.5% -- 283/519
2018-05-26 12:09:04,541:INFO: Experiment Progress: 54.7% -- 284/519
2018-05-26 12:09:05,624:INFO: Experiment Progress: 54.9% -- 285/519
2018-05-26 12:09:06,104:INFO: Experiment Progress: 55.1% -- 286/519
2018-05-26 12:09:06,869:INFO: Experiment Progress: 55.3% -- 287/519
2018-05-26 12:09:07,444:INFO: Experiment Progress: 55.5% -- 288/519
2018-05-26 12:09:07,992:INFO: Experiment Progress: 55.7% -- 289/519
2018-05-26 12:09:09,120:INFO: Experiment Progress: 55.9% -- 290/519
2018-05-26 12:09:09,944:INFO: Experiment Progress: 56.1% -- 291/519
2018-05-26 12:09:11,004:INFO: Experiment Progress: 56.3% -- 292/519
2018-05-26 12:09:11,909:INFO: Experiment Progress: 56.5% -- 293/519
2018-05-26 12:09:12,579:INFO: Experiment Progress: 56.6% -- 294/519
2018-05-26 12:09:13,268:INFO: Experiment Progress: 56.8% -- 295/519
2018-05-26 12:09:13,929:INFO: Experiment Progress: 57.0% -- 296/519
2018-05-26 12:09:14,935:INFO: Experiment Progress: 57.2% -- 297/519
2018-05-26 12:09:17,479:INFO: Experiment Progress: 57.4% -- 298/519
2018-05-26 12:09:18,143:INFO: Experiment Progress: 57.6% -- 299/519
2018-05-26 12:09:18,914:INFO: Experiment Progress: 57.8% -- 300/519
2018-05-26 12:09:19,291:INFO: Experiment Progress: 58.0% -- 301/519
2018-05-26 12:09:19,785:INFO: Experiment Progress: 58.2% -- 302/519
2018-05-26 12:09:20,236:INFO: Experiment Progress: 58.4% -- 303/519
2018-05-26 12:09:20,800:INFO: Experiment Progress: 58.6% -- 304/519
2018-05-26 12:09:21,347:INFO: Experiment Progress: 58.8% -- 305/519
2018-05-26 12:09:22,005:INFO: Experiment Progress: 59.0% -- 306/519
2018-05-26 12:09:22,435:INFO: Experiment Progress: 59.2% -- 307/519
2018-05-26 12:09:23,037:INFO: Experiment Progress: 59.3% -- 308/519
2018-05-26 12:09:23,602:INFO: Experiment Progress: 59.5% -- 309/519
2018-05-26 12:09:24,198:INFO: Experiment Progress: 59.7% -- 310/519
2018-05-26 12:09:24,884:INFO: Experiment Progress: 59.9% -- 311/519
2018-05-26 12:09:25,613:INFO: Experiment Progress: 60.1% -- 312/519
2018-05-26 12:09:26,077:INFO: Experiment Progress: 60.3% -- 313/519
2018-05-26 12:09:26,696:INFO: Experiment Progress: 60.5% -- 314/519
2018-05-26 12:09:27,540:INFO: Experiment Progress: 60.7% -- 315/519
2018-05-26 12:09:28,899:INFO: Experiment Progress: 60.9% -- 316/519
2018-05-26 12:09:29,424:INFO: Experiment Progress: 61.1% -- 317/519
2018-05-26 12:09:30,157:INFO: Experiment Progress: 61.3% -- 318/519
2018-05-26 12:09:31,356:INFO: Experiment Progress: 61.5% -- 319/519
2018-05-26 12:09:33,269:INFO: Experiment Progress: 61.7% -- 320/519
2018-05-26 12:09:33,814:INFO: Experiment Progress: 61.8% -- 321/519
2018-05-26 12:09:34,704:INFO: Experiment Progress: 62.0% -- 322/519
2018-05-26 12:09:35,171:INFO: Experiment Progress: 62.2% -- 323/519
2018-05-26 12:09:35,690:INFO: Experiment Progress: 62.4% -- 324/519
2018-05-26 12:09:36,157:INFO: Experiment Progress: 62.6% -- 325/519
2018-05-26 12:09:36,689:INFO: Experiment Progress: 62.8% -- 326/519
2018-05-26 12:09:37,174:INFO: Experiment Progress: 63.0% -- 327/519
2018-05-26 12:09:38,279:INFO: Experiment Progress: 63.2% -- 328/519
2018-05-26 12:09:39,069:INFO: Experiment Progress: 63.4% -- 329/519
2018-05-26 12:09:40,123:INFO: Experiment Progress: 63.6% -- 330/519
2018-05-26 12:09:41,331:INFO: Experiment Progress: 63.8% -- 331/519
2018-05-26 12:09:42,391:INFO: Experiment Progress: 64.0% -- 332/519
2018-05-26 12:09:43,686:INFO: Experiment Progress: 64.2% -- 333/519
2018-05-26 12:09:44,154:INFO: Experiment Progress: 64.4% -- 334/519
2018-05-26 12:09:44,856:INFO: Experiment Progress: 64.5% -- 335/519
2018-05-26 12:09:45,845:INFO: Experiment Progress: 64.7% -- 336/519
2018-05-26 12:09:46,299:INFO: Experiment Progress: 64.9% -- 337/519
2018-05-26 12:09:47,883:INFO: Experiment Progress: 65.1% -- 338/519
2018-05-26 12:09:48,330:INFO: Experiment Progress: 65.3% -- 339/519
2018-05-26 12:09:49,153:INFO: Experiment Progress: 65.5% -- 340/519
2018-05-26 12:09:49,613:INFO: Experiment Progress: 65.7% -- 341/519
2018-05-26 12:09:50,184:INFO: Experiment Progress: 65.9% -- 342/519
2018-05-26 12:09:50,907:INFO: Experiment Progress: 66.1% -- 343/519
2018-05-26 12:09:52,062:INFO: Experiment Progress: 66.3% -- 344/519
2018-05-26 12:09:52,930:INFO: Experiment Progress: 66.5% -- 345/519
2018-05-26 12:09:53,540:INFO: Experiment Progress: 66.7% -- 346/519
2018-05-26 12:09:54,164:INFO: Experiment Progress: 66.9% -- 347/519
2018-05-26 12:09:54,737:INFO: Experiment Progress: 67.1% -- 348/519
2018-05-26 12:09:55,711:INFO: Experiment Progress: 67.2% -- 349/519
2018-05-26 12:09:56,654:INFO: Experiment Progress: 67.4% -- 350/519
2018-05-26 12:09:57,597:INFO: Experiment Progress: 67.6% -- 351/519
2018-05-26 12:09:58,689:INFO: Experiment Progress: 67.8% -- 352/519
2018-05-26 12:09:59,389:INFO: Experiment Progress: 68.0% -- 353/519
2018-05-26 12:09:59,878:INFO: Experiment Progress: 68.2% -- 354/519
2018-05-26 12:10:00,585:INFO: Experiment Progress: 68.4% -- 355/519
2018-05-26 12:10:01,204:INFO: Experiment Progress: 68.6% -- 356/519
2018-05-26 12:10:01,768:INFO: Experiment Progress: 68.8% -- 357/519
2018-05-26 12:10:02,192:INFO: Experiment Progress: 69.0% -- 358/519
2018-05-26 12:10:02,884:INFO: Experiment Progress: 69.2% -- 359/519
2018-05-26 12:10:03,427:INFO: Experiment Progress: 69.4% -- 360/519
2018-05-26 12:10:04,008:INFO: Experiment Progress: 69.6% -- 361/519
2018-05-26 12:10:04,552:INFO: Experiment Progress: 69.7% -- 362/519
2018-05-26 12:10:05,011:INFO: Experiment Progress: 69.9% -- 363/519
2018-05-26 12:10:05,682:INFO: Experiment Progress: 70.1% -- 364/519
2018-05-26 12:10:07,136:INFO: Experiment Progress: 70.3% -- 365/519
2018-05-26 12:10:07,538:INFO: Experiment Progress: 70.5% -- 366/519
2018-05-26 12:10:08,530:INFO: Experiment Progress: 70.7% -- 367/519
2018-05-26 12:10:08,697:INFO: Experiment Progress: 70.9% -- 368/519
2018-05-26 12:10:10,397:INFO: Experiment Progress: 71.1% -- 369/519
2018-05-26 12:10:11,512:INFO: Experiment Progress: 71.3% -- 370/519
2018-05-26 12:10:11,975:INFO: Experiment Progress: 71.5% -- 371/519
2018-05-26 12:10:12,509:INFO: Experiment Progress: 71.7% -- 372/519
2018-05-26 12:10:14,346:INFO: Experiment Progress: 71.9% -- 373/519
2018-05-26 12:10:15,881:INFO: Experiment Progress: 72.1% -- 374/519
2018-05-26 12:10:17,904:INFO: Experiment Progress: 72.3% -- 375/519
2018-05-26 12:10:18,431:INFO: Experiment Progress: 72.4% -- 376/519
2018-05-26 12:10:19,070:INFO: Experiment Progress: 72.6% -- 377/519
2018-05-26 12:10:19,851:INFO: Experiment Progress: 72.8% -- 378/519
2018-05-26 12:10:20,296:INFO: Experiment Progress: 73.0% -- 379/519
2018-05-26 12:10:20,731:INFO: Experiment Progress: 73.2% -- 380/519
2018-05-26 12:10:21,417:INFO: Experiment Progress: 73.4% -- 381/519
2018-05-26 12:10:22,088:INFO: Experiment Progress: 73.6% -- 382/519
2018-05-26 12:10:22,747:INFO: Experiment Progress: 73.8% -- 383/519
2018-05-26 12:10:23,208:INFO: Experiment Progress: 74.0% -- 384/519
2018-05-26 12:10:23,918:INFO: Experiment Progress: 74.2% -- 385/519
2018-05-26 12:10:24,519:INFO: Experiment Progress: 74.4% -- 386/519
2018-05-26 12:10:25,019:INFO: Experiment Progress: 74.6% -- 387/519
2018-05-26 12:10:25,603:INFO: Experiment Progress: 74.8% -- 388/519
2018-05-26 12:10:26,532:INFO: Experiment Progress: 75.0% -- 389/519
2018-05-26 12:10:27,063:INFO: Experiment Progress: 75.1% -- 390/519
2018-05-26 12:10:28,934:INFO: Experiment Progress: 75.3% -- 391/519
2018-05-26 12:10:29,458:INFO: Experiment Progress: 75.5% -- 392/519
2018-05-26 12:10:30,033:INFO: Experiment Progress: 75.7% -- 393/519
2018-05-26 12:10:30,480:INFO: Experiment Progress: 75.9% -- 394/519
2018-05-26 12:10:31,007:INFO: Experiment Progress: 76.1% -- 395/519
2018-05-26 12:10:31,714:INFO: Experiment Progress: 76.3% -- 396/519
2018-05-26 12:10:32,207:INFO: Experiment Progress: 76.5% -- 397/519
2018-05-26 12:10:32,852:INFO: Experiment Progress: 76.7% -- 398/519
2018-05-26 12:10:33,313:INFO: Experiment Progress: 76.9% -- 399/519
2018-05-26 12:10:33,886:INFO: Experiment Progress: 77.1% -- 400/519
2018-05-26 12:10:34,350:INFO: Experiment Progress: 77.3% -- 401/519
2018-05-26 12:10:34,869:INFO: Experiment Progress: 77.5% -- 402/519
2018-05-26 12:10:35,391:INFO: Experiment Progress: 77.6% -- 403/519
2018-05-26 12:10:35,821:INFO: Experiment Progress: 77.8% -- 404/519
2018-05-26 12:10:36,188:INFO: Experiment Progress: 78.0% -- 405/519
2018-05-26 12:10:36,973:INFO: Experiment Progress: 78.2% -- 406/519
2018-05-26 12:10:38,311:INFO: Experiment Progress: 78.4% -- 407/519
2018-05-26 12:10:38,829:INFO: Experiment Progress: 78.6% -- 408/519
2018-05-26 12:10:39,536:INFO: Experiment Progress: 78.8% -- 409/519
2018-05-26 12:10:40,232:INFO: Experiment Progress: 79.0% -- 410/519
2018-05-26 12:10:40,761:INFO: Experiment Progress: 79.2% -- 411/519
2018-05-26 12:10:41,552:INFO: Experiment Progress: 79.4% -- 412/519
2018-05-26 12:10:42,110:INFO: Experiment Progress: 79.6% -- 413/519
2018-05-26 12:10:42,829:INFO: Experiment Progress: 79.8% -- 414/519
2018-05-26 12:10:44,220:INFO: Experiment Progress: 80.0% -- 415/519
2018-05-26 12:10:44,779:INFO: Experiment Progress: 80.2% -- 416/519
2018-05-26 12:10:45,563:INFO: Experiment Progress: 80.3% -- 417/519
2018-05-26 12:10:46,206:INFO: Experiment Progress: 80.5% -- 418/519
2018-05-26 12:10:46,609:INFO: Experiment Progress: 80.7% -- 419/519
2018-05-26 12:10:47,080:INFO: Experiment Progress: 80.9% -- 420/519
2018-05-26 12:10:47,493:INFO: Experiment Progress: 81.1% -- 421/519
2018-05-26 12:10:47,912:INFO: Experiment Progress: 81.3% -- 422/519
2018-05-26 12:10:48,485:INFO: Experiment Progress: 81.5% -- 423/519
2018-05-26 12:10:49,050:INFO: Experiment Progress: 81.7% -- 424/519
2018-05-26 12:10:50,123:INFO: Experiment Progress: 81.9% -- 425/519
2018-05-26 12:10:50,701:INFO: Experiment Progress: 82.1% -- 426/519
2018-05-26 12:10:51,174:INFO: Experiment Progress: 82.3% -- 427/519
2018-05-26 12:10:53,239:INFO: Experiment Progress: 82.5% -- 428/519
2018-05-26 12:10:53,841:INFO: Experiment Progress: 82.7% -- 429/519
2018-05-26 12:10:54,459:INFO: Experiment Progress: 82.9% -- 430/519
2018-05-26 12:10:54,867:INFO: Experiment Progress: 83.0% -- 431/519
2018-05-26 12:10:56,358:INFO: Experiment Progress: 83.2% -- 432/519
2018-05-26 12:10:57,150:INFO: Experiment Progress: 83.4% -- 433/519
2018-05-26 12:10:57,868:INFO: Experiment Progress: 83.6% -- 434/519
2018-05-26 12:10:58,901:INFO: Experiment Progress: 83.8% -- 435/519
2018-05-26 12:11:00,164:INFO: Experiment Progress: 84.0% -- 436/519
2018-05-26 12:11:00,683:INFO: Experiment Progress: 84.2% -- 437/519
2018-05-26 12:11:01,477:INFO: Experiment Progress: 84.4% -- 438/519
2018-05-26 12:11:01,900:INFO: Experiment Progress: 84.6% -- 439/519
2018-05-26 12:11:02,367:INFO: Experiment Progress: 84.8% -- 440/519
2018-05-26 12:11:03,249:INFO: Experiment Progress: 85.0% -- 441/519
2018-05-26 12:11:03,862:INFO: Experiment Progress: 85.2% -- 442/519
2018-05-26 12:11:04,311:INFO: Experiment Progress: 85.4% -- 443/519
2018-05-26 12:11:04,708:INFO: Experiment Progress: 85.5% -- 444/519
2018-05-26 12:11:05,216:INFO: Experiment Progress: 85.7% -- 445/519
2018-05-26 12:11:05,692:INFO: Experiment Progress: 85.9% -- 446/519
2018-05-26 12:11:06,150:INFO: Experiment Progress: 86.1% -- 447/519
2018-05-26 12:11:06,694:INFO: Experiment Progress: 86.3% -- 448/519
2018-05-26 12:11:07,152:INFO: Experiment Progress: 86.5% -- 449/519
2018-05-26 12:11:07,554:INFO: Experiment Progress: 86.7% -- 450/519
2018-05-26 12:11:08,085:INFO: Experiment Progress: 86.9% -- 451/519
2018-05-26 12:11:08,568:INFO: Experiment Progress: 87.1% -- 452/519
2018-05-26 12:11:09,003:INFO: Experiment Progress: 87.3% -- 453/519
2018-05-26 12:11:10,071:INFO: Experiment Progress: 87.5% -- 454/519
2018-05-26 12:11:10,653:INFO: Experiment Progress: 87.7% -- 455/519
2018-05-26 12:11:11,758:INFO: Experiment Progress: 87.9% -- 456/519
2018-05-26 12:11:12,235:INFO: Experiment Progress: 88.1% -- 457/519
2018-05-26 12:11:12,824:INFO: Experiment Progress: 88.2% -- 458/519
2018-05-26 12:11:13,309:INFO: Experiment Progress: 88.4% -- 459/519
2018-05-26 12:11:14,175:INFO: Experiment Progress: 88.6% -- 460/519
2018-05-26 12:11:15,317:INFO: Experiment Progress: 88.8% -- 461/519
2018-05-26 12:11:19,090:INFO: Experiment Progress: 89.0% -- 462/519
2018-05-26 12:11:19,874:INFO: Experiment Progress: 89.2% -- 463/519
2018-05-26 12:11:20,636:INFO: Experiment Progress: 89.4% -- 464/519
2018-05-26 12:11:21,806:INFO: Experiment Progress: 89.6% -- 465/519
2018-05-26 12:11:22,293:INFO: Experiment Progress: 89.8% -- 466/519
2018-05-26 12:11:22,731:INFO: Experiment Progress: 90.0% -- 467/519
2018-05-26 12:11:23,283:INFO: Experiment Progress: 90.2% -- 468/519
2018-05-26 12:11:24,390:INFO: Experiment Progress: 90.4% -- 469/519
2018-05-26 12:11:25,311:INFO: Experiment Progress: 90.6% -- 470/519
2018-05-26 12:11:26,278:INFO: Experiment Progress: 90.8% -- 471/519
2018-05-26 12:11:26,800:INFO: Experiment Progress: 90.9% -- 472/519
2018-05-26 12:11:31,918:INFO: Experiment Progress: 91.1% -- 473/519
2018-05-26 12:11:32,365:INFO: Experiment Progress: 91.3% -- 474/519
2018-05-26 12:11:32,783:INFO: Experiment Progress: 91.5% -- 475/519
2018-05-26 12:11:33,305:INFO: Experiment Progress: 91.7% -- 476/519
2018-05-26 12:11:33,752:INFO: Experiment Progress: 91.9% -- 477/519
2018-05-26 12:11:34,251:INFO: Experiment Progress: 92.1% -- 478/519
2018-05-26 12:11:34,704:INFO: Experiment Progress: 92.3% -- 479/519
2018-05-26 12:11:37,957:INFO: Experiment Progress: 92.5% -- 480/519
2018-05-26 12:11:38,602:INFO: Experiment Progress: 92.7% -- 481/519
2018-05-26 12:11:39,328:INFO: Experiment Progress: 92.9% -- 482/519
2018-05-26 12:11:39,860:INFO: Experiment Progress: 93.1% -- 483/519
2018-05-26 12:11:41,105:INFO: Experiment Progress: 93.3% -- 484/519
2018-05-26 12:11:42,612:INFO: Experiment Progress: 93.4% -- 485/519
2018-05-26 12:11:43,028:INFO: Experiment Progress: 93.6% -- 486/519
2018-05-26 12:11:43,562:INFO: Experiment Progress: 93.8% -- 487/519
2018-05-26 12:11:44,002:INFO: Experiment Progress: 94.0% -- 488/519
2018-05-26 12:11:44,580:INFO: Experiment Progress: 94.2% -- 489/519
2018-05-26 12:11:44,981:INFO: Experiment Progress: 94.4% -- 490/519
2018-05-26 12:11:45,474:INFO: Experiment Progress: 94.6% -- 491/519
2018-05-26 12:11:45,911:INFO: Experiment Progress: 94.8% -- 492/519
2018-05-26 12:11:46,334:INFO: Experiment Progress: 95.0% -- 493/519
2018-05-26 12:11:46,719:INFO: Experiment Progress: 95.2% -- 494/519
2018-05-26 12:11:47,192:INFO: Experiment Progress: 95.4% -- 495/519
2018-05-26 12:11:48,434:INFO: Experiment Progress: 95.6% -- 496/519
2018-05-26 12:11:48,863:INFO: Experiment Progress: 95.8% -- 497/519
2018-05-26 12:11:49,352:INFO: Experiment Progress: 96.0% -- 498/519
2018-05-26 12:11:49,842:INFO: Experiment Progress: 96.1% -- 499/519
2018-05-26 12:11:50,283:INFO: Experiment Progress: 96.3% -- 500/519
2018-05-26 12:11:50,733:INFO: Experiment Progress: 96.5% -- 501/519
2018-05-26 12:11:51,676:INFO: Experiment Progress: 96.7% -- 502/519
2018-05-26 12:11:52,188:INFO: Experiment Progress: 96.9% -- 503/519
2018-05-26 12:11:52,728:INFO: Experiment Progress: 97.1% -- 504/519
2018-05-26 12:11:53,211:INFO: Experiment Progress: 97.3% -- 505/519
2018-05-26 12:11:53,901:INFO: Experiment Progress: 97.5% -- 506/519
2018-05-26 12:11:54,367:INFO: Experiment Progress: 97.7% -- 507/519
2018-05-26 12:11:54,840:INFO: Experiment Progress: 97.9% -- 508/519
2018-05-26 12:11:56,246:INFO: Experiment Progress: 98.1% -- 509/519
2018-05-26 12:11:57,079:INFO: Experiment Progress: 98.3% -- 510/519
2018-05-26 12:11:57,578:INFO: Experiment Progress: 98.5% -- 511/519
2018-05-26 12:11:59,408:INFO: Experiment Progress: 98.7% -- 512/519
2018-05-26 12:12:00,335:INFO: Experiment Progress: 98.8% -- 513/519
2018-05-26 12:12:00,794:INFO: Experiment Progress: 99.0% -- 514/519
2018-05-26 12:12:01,261:INFO: Experiment Progress: 99.2% -- 515/519
2018-05-26 12:12:01,762:INFO: Experiment Progress: 99.4% -- 516/519
2018-05-26 12:12:02,227:INFO: Experiment Progress: 99.6% -- 517/519
2018-05-26 12:12:03,096:INFO: Experiment Progress: 99.8% -- 518/519
