2018-05-26 08:49:37,584:INFO: Disease Protein Prediction in the PPI Network
2018-05-26 08:49:37,584:INFO: Sabri Eyuboglu  -- SNAP Group
2018-05-26 08:49:37,584:INFO: ======================================
2018-05-26 08:49:37,584:INFO: Loading PPI Network...
2018-05-26 08:49:53,513:INFO: Disease Protein Prediction in the PPI Network
2018-05-26 08:49:53,513:INFO: Sabri Eyuboglu  -- SNAP Group
2018-05-26 08:49:53,514:INFO: ======================================
2018-05-26 08:49:53,514:INFO: Loading PPI Network...
2018-05-26 08:50:08,492:INFO: Loading Disease Associations...
2018-05-26 08:50:23,479:INFO: Disease Protein Prediction in the PPI Network
2018-05-26 08:50:23,479:INFO: Sabri Eyuboglu  -- SNAP Group
2018-05-26 08:50:23,479:INFO: ======================================
2018-05-26 08:50:23,480:INFO: Loading PPI Network...
2018-05-26 08:50:38,507:INFO: Loading Disease Associations...
2018-05-26 08:50:38,558:INFO: Loading PPI Matrix...
2018-05-26 08:50:45,648:INFO: Running Experiment...
2018-05-26 08:50:45,648:INFO: Experiment Progress: 0.0% -- 0/519
2018-05-26 08:50:47,244:INFO: Experiment Progress: 0.2% -- 1/519
2018-05-26 08:50:50,543:INFO: Experiment Progress: 0.4% -- 2/519
2018-05-26 08:50:51,615:INFO: Experiment Progress: 0.6% -- 3/519
2018-05-26 08:50:55,987:INFO: Experiment Progress: 0.8% -- 4/519
2018-05-26 08:50:57,189:INFO: Experiment Progress: 1.0% -- 5/519
2018-05-26 08:50:58,907:INFO: Experiment Progress: 1.2% -- 6/519
2018-05-26 08:51:00,468:INFO: Experiment Progress: 1.3% -- 7/519
2018-05-26 08:51:02,605:INFO: Experiment Progress: 1.5% -- 8/519
2018-05-26 08:51:06,493:INFO: Experiment Progress: 1.7% -- 9/519
2018-05-26 08:51:07,045:INFO: Experiment Progress: 1.9% -- 10/519
2018-05-26 08:51:12,405:INFO: Experiment Progress: 2.1% -- 11/519
2018-05-26 08:51:14,244:INFO: Experiment Progress: 2.3% -- 12/519
2018-05-26 08:51:16,949:INFO: Experiment Progress: 2.5% -- 13/519
2018-05-26 08:51:20,043:INFO: Experiment Progress: 2.7% -- 14/519
2018-05-26 08:51:21,103:INFO: Experiment Progress: 2.9% -- 15/519
2018-05-26 08:51:22,011:INFO: Experiment Progress: 3.1% -- 16/519
2018-05-26 08:51:22,508:INFO: Experiment Progress: 3.3% -- 17/519
2018-05-26 08:51:24,057:INFO: Experiment Progress: 3.5% -- 18/519
2018-05-26 08:51:24,560:INFO: Experiment Progress: 3.7% -- 19/519
2018-05-26 08:51:26,146:INFO: Experiment Progress: 3.9% -- 20/519
2018-05-26 08:51:27,977:INFO: Experiment Progress: 4.0% -- 21/519
2018-05-26 08:51:28,738:INFO: Experiment Progress: 4.2% -- 22/519
2018-05-26 08:51:29,278:INFO: Experiment Progress: 4.4% -- 23/519
2018-05-26 08:51:29,746:INFO: Experiment Progress: 4.6% -- 24/519
2018-05-26 08:51:30,599:INFO: Experiment Progress: 4.8% -- 25/519
2018-05-26 08:51:31,396:INFO: Experiment Progress: 5.0% -- 26/519
2018-05-26 08:51:31,964:INFO: Experiment Progress: 5.2% -- 27/519
2018-05-26 08:51:32,678:INFO: Experiment Progress: 5.4% -- 28/519
2018-05-26 08:51:33,551:INFO: Experiment Progress: 5.6% -- 29/519
2018-05-26 08:51:34,132:INFO: Experiment Progress: 5.8% -- 30/519
2018-05-26 08:51:34,593:INFO: Experiment Progress: 6.0% -- 31/519
2018-05-26 08:51:35,535:INFO: Experiment Progress: 6.2% -- 32/519
2018-05-26 08:51:36,699:INFO: Experiment Progress: 6.4% -- 33/519
2018-05-26 08:51:37,427:INFO: Experiment Progress: 6.6% -- 34/519
2018-05-26 08:51:38,693:INFO: Experiment Progress: 6.7% -- 35/519
2018-05-26 08:51:38,943:INFO: Experiment Progress: 6.9% -- 36/519
2018-05-26 08:51:39,493:INFO: Experiment Progress: 7.1% -- 37/519
2018-05-26 08:51:40,006:INFO: Experiment Progress: 7.3% -- 38/519
2018-05-26 08:51:40,562:INFO: Experiment Progress: 7.5% -- 39/519
2018-05-26 08:51:41,351:INFO: Experiment Progress: 7.7% -- 40/519
2018-05-26 08:51:41,995:INFO: Experiment Progress: 7.9% -- 41/519
2018-05-26 08:51:42,872:INFO: Experiment Progress: 8.1% -- 42/519
2018-05-26 08:51:43,757:INFO: Experiment Progress: 8.3% -- 43/519
2018-05-26 08:51:44,964:INFO: Experiment Progress: 8.5% -- 44/519
2018-05-26 08:51:45,761:INFO: Experiment Progress: 8.7% -- 45/519
2018-05-26 08:51:46,406:INFO: Experiment Progress: 8.9% -- 46/519
2018-05-26 08:51:47,270:INFO: Experiment Progress: 9.1% -- 47/519
2018-05-26 08:51:47,449:INFO: Experiment Progress: 9.2% -- 48/519
2018-05-26 08:51:48,204:INFO: Experiment Progress: 9.4% -- 49/519
2018-05-26 08:51:48,770:INFO: Experiment Progress: 9.6% -- 50/519
2018-05-26 08:51:49,411:INFO: Experiment Progress: 9.8% -- 51/519
2018-05-26 08:51:50,267:INFO: Experiment Progress: 10.0% -- 52/519
2018-05-26 08:51:51,269:INFO: Experiment Progress: 10.2% -- 53/519
2018-05-26 08:51:51,880:INFO: Experiment Progress: 10.4% -- 54/519
2018-05-26 08:51:52,608:INFO: Experiment Progress: 10.6% -- 55/519
2018-05-26 08:51:53,010:INFO: Experiment Progress: 10.8% -- 56/519
2018-05-26 08:51:53,472:INFO: Experiment Progress: 11.0% -- 57/519
2018-05-26 08:51:53,958:INFO: Experiment Progress: 11.2% -- 58/519
2018-05-26 08:51:54,645:INFO: Experiment Progress: 11.4% -- 59/519
2018-05-26 08:51:55,027:INFO: Experiment Progress: 11.6% -- 60/519
2018-05-26 08:51:55,602:INFO: Experiment Progress: 11.8% -- 61/519
2018-05-26 08:51:56,351:INFO: Experiment Progress: 11.9% -- 62/519
2018-05-26 08:51:56,842:INFO: Experiment Progress: 12.1% -- 63/519
2018-05-26 08:51:57,312:INFO: Experiment Progress: 12.3% -- 64/519
2018-05-26 08:51:57,973:INFO: Experiment Progress: 12.5% -- 65/519
2018-05-26 08:51:58,429:INFO: Experiment Progress: 12.7% -- 66/519
2018-05-26 08:51:58,861:INFO: Experiment Progress: 12.9% -- 67/519
2018-05-26 08:51:59,917:INFO: Experiment Progress: 13.1% -- 68/519
2018-05-26 08:52:00,593:INFO: Experiment Progress: 13.3% -- 69/519
2018-05-26 08:52:01,722:INFO: Experiment Progress: 13.5% -- 70/519
2018-05-26 08:52:03,044:INFO: Experiment Progress: 13.7% -- 71/519
2018-05-26 08:52:03,618:INFO: Experiment Progress: 13.9% -- 72/519
2018-05-26 08:52:04,110:INFO: Experiment Progress: 14.1% -- 73/519
2018-05-26 08:52:04,620:INFO: Experiment Progress: 14.3% -- 74/519
2018-05-26 08:52:05,073:INFO: Experiment Progress: 14.5% -- 75/519
2018-05-26 08:52:05,620:INFO: Experiment Progress: 14.6% -- 76/519
2018-05-26 08:52:06,161:INFO: Experiment Progress: 14.8% -- 77/519
2018-05-26 08:52:07,812:INFO: Experiment Progress: 15.0% -- 78/519
2018-05-26 08:52:08,566:INFO: Experiment Progress: 15.2% -- 79/519
2018-05-26 08:52:09,780:INFO: Experiment Progress: 15.4% -- 80/519
2018-05-26 08:52:10,744:INFO: Experiment Progress: 15.6% -- 81/519
2018-05-26 08:52:11,304:INFO: Experiment Progress: 15.8% -- 82/519
2018-05-26 08:52:12,069:INFO: Experiment Progress: 16.0% -- 83/519
2018-05-26 08:52:12,887:INFO: Experiment Progress: 16.2% -- 84/519
2018-05-26 08:52:13,530:INFO: Experiment Progress: 16.4% -- 85/519
2018-05-26 08:52:14,056:INFO: Experiment Progress: 16.6% -- 86/519
2018-05-26 08:52:14,579:INFO: Experiment Progress: 16.8% -- 87/519
2018-05-26 08:52:15,401:INFO: Experiment Progress: 17.0% -- 88/519
2018-05-26 08:52:16,121:INFO: Experiment Progress: 17.1% -- 89/519
2018-05-26 08:52:16,803:INFO: Experiment Progress: 17.3% -- 90/519
2018-05-26 08:52:17,303:INFO: Experiment Progress: 17.5% -- 91/519
2018-05-26 08:52:22,241:INFO: Experiment Progress: 17.7% -- 92/519
2018-05-26 08:52:22,950:INFO: Experiment Progress: 17.9% -- 93/519
2018-05-26 08:52:23,512:INFO: Experiment Progress: 18.1% -- 94/519
2018-05-26 08:52:24,634:INFO: Experiment Progress: 18.3% -- 95/519
2018-05-26 08:52:25,943:INFO: Experiment Progress: 18.5% -- 96/519
2018-05-26 08:52:28,858:INFO: Experiment Progress: 18.7% -- 97/519
2018-05-26 08:52:30,071:INFO: Experiment Progress: 18.9% -- 98/519
2018-05-26 08:52:31,301:INFO: Experiment Progress: 19.1% -- 99/519
2018-05-26 08:52:32,483:INFO: Experiment Progress: 19.3% -- 100/519
2018-05-26 08:52:34,019:INFO: Experiment Progress: 19.5% -- 101/519
2018-05-26 08:52:35,673:INFO: Experiment Progress: 19.7% -- 102/519
2018-05-26 08:52:36,411:INFO: Experiment Progress: 19.8% -- 103/519
2018-05-26 08:52:40,057:INFO: Experiment Progress: 20.0% -- 104/519
2018-05-26 08:52:41,373:INFO: Experiment Progress: 20.2% -- 105/519
2018-05-26 08:52:42,641:INFO: Experiment Progress: 20.4% -- 106/519
2018-05-26 08:52:43,781:INFO: Experiment Progress: 20.6% -- 107/519
2018-05-26 08:52:45,724:INFO: Experiment Progress: 20.8% -- 108/519
2018-05-26 08:52:46,945:INFO: Experiment Progress: 21.0% -- 109/519
2018-05-26 08:52:48,052:INFO: Experiment Progress: 21.2% -- 110/519
2018-05-26 08:52:49,017:INFO: Experiment Progress: 21.4% -- 111/519
2018-05-26 08:52:52,868:INFO: Experiment Progress: 21.6% -- 112/519
2018-05-26 08:52:55,095:INFO: Experiment Progress: 21.8% -- 113/519
2018-05-26 08:52:58,053:INFO: Experiment Progress: 22.0% -- 114/519
2018-05-26 08:52:58,896:INFO: Experiment Progress: 22.2% -- 115/519
2018-05-26 08:53:00,082:INFO: Experiment Progress: 22.4% -- 116/519
2018-05-26 08:53:01,383:INFO: Experiment Progress: 22.5% -- 117/519
2018-05-26 08:53:02,338:INFO: Experiment Progress: 22.7% -- 118/519
2018-05-26 08:53:02,954:INFO: Experiment Progress: 22.9% -- 119/519
2018-05-26 08:53:03,613:INFO: Experiment Progress: 23.1% -- 120/519
2018-05-26 08:53:10,251:INFO: Experiment Progress: 23.3% -- 121/519
2018-05-26 08:53:10,972:INFO: Experiment Progress: 23.5% -- 122/519
2018-05-26 08:53:11,584:INFO: Experiment Progress: 23.7% -- 123/519
2018-05-26 08:53:12,537:INFO: Experiment Progress: 23.9% -- 124/519
2018-05-26 08:53:13,634:INFO: Experiment Progress: 24.1% -- 125/519
2018-05-26 08:53:14,243:INFO: Experiment Progress: 24.3% -- 126/519
2018-05-26 08:53:14,926:INFO: Experiment Progress: 24.5% -- 127/519
2018-05-26 08:53:15,668:INFO: Experiment Progress: 24.7% -- 128/519
2018-05-26 08:53:16,400:INFO: Experiment Progress: 24.9% -- 129/519
2018-05-26 08:53:17,930:INFO: Experiment Progress: 25.0% -- 130/519
2018-05-26 08:53:18,667:INFO: Experiment Progress: 25.2% -- 131/519
2018-05-26 08:53:19,485:INFO: Experiment Progress: 25.4% -- 132/519
2018-05-26 08:53:21,663:INFO: Experiment Progress: 25.6% -- 133/519
2018-05-26 08:53:26,157:INFO: Experiment Progress: 25.8% -- 134/519
2018-05-26 08:53:27,257:INFO: Experiment Progress: 26.0% -- 135/519
2018-05-26 08:53:27,837:INFO: Experiment Progress: 26.2% -- 136/519
2018-05-26 08:53:28,382:INFO: Experiment Progress: 26.4% -- 137/519
2018-05-26 08:53:29,001:INFO: Experiment Progress: 26.6% -- 138/519
2018-05-26 08:53:30,650:INFO: Experiment Progress: 26.8% -- 139/519
2018-05-26 08:53:31,183:INFO: Experiment Progress: 27.0% -- 140/519
2018-05-26 08:53:32,223:INFO: Experiment Progress: 27.2% -- 141/519
2018-05-26 08:53:33,124:INFO: Experiment Progress: 27.4% -- 142/519
2018-05-26 08:53:40,657:INFO: Experiment Progress: 27.6% -- 143/519
2018-05-26 08:53:41,486:INFO: Experiment Progress: 27.7% -- 144/519
2018-05-26 08:53:42,066:INFO: Experiment Progress: 27.9% -- 145/519
2018-05-26 08:53:43,459:INFO: Experiment Progress: 28.1% -- 146/519
2018-05-26 08:53:44,004:INFO: Experiment Progress: 28.3% -- 147/519
2018-05-26 08:53:44,619:INFO: Experiment Progress: 28.5% -- 148/519
2018-05-26 08:53:45,143:INFO: Experiment Progress: 28.7% -- 149/519
2018-05-26 08:53:46,475:INFO: Experiment Progress: 28.9% -- 150/519
2018-05-26 08:53:47,428:INFO: Experiment Progress: 29.1% -- 151/519
2018-05-26 08:53:47,970:INFO: Experiment Progress: 29.3% -- 152/519
2018-05-26 08:53:48,898:INFO: Experiment Progress: 29.5% -- 153/519
2018-05-26 08:53:49,416:INFO: Experiment Progress: 29.7% -- 154/519
2018-05-26 08:53:49,881:INFO: Experiment Progress: 29.9% -- 155/519
2018-05-26 08:53:51,241:INFO: Experiment Progress: 30.1% -- 156/519
2018-05-26 08:53:51,790:INFO: Experiment Progress: 30.3% -- 157/519
2018-05-26 08:53:52,440:INFO: Experiment Progress: 30.4% -- 158/519
2018-05-26 08:53:56,765:INFO: Experiment Progress: 30.6% -- 159/519
2018-05-26 08:53:57,355:INFO: Experiment Progress: 30.8% -- 160/519
2018-05-26 08:53:58,052:INFO: Experiment Progress: 31.0% -- 161/519
2018-05-26 08:53:58,838:INFO: Experiment Progress: 31.2% -- 162/519
2018-05-26 08:53:59,447:INFO: Experiment Progress: 31.4% -- 163/519
2018-05-26 08:54:00,035:INFO: Experiment Progress: 31.6% -- 164/519
2018-05-26 08:54:03,501:INFO: Experiment Progress: 31.8% -- 165/519
2018-05-26 08:54:03,962:INFO: Experiment Progress: 32.0% -- 166/519
2018-05-26 08:54:04,482:INFO: Experiment Progress: 32.2% -- 167/519
2018-05-26 08:54:04,981:INFO: Experiment Progress: 32.4% -- 168/519
2018-05-26 08:54:05,493:INFO: Experiment Progress: 32.6% -- 169/519
2018-05-26 08:54:06,212:INFO: Experiment Progress: 32.8% -- 170/519
2018-05-26 08:54:06,768:INFO: Experiment Progress: 32.9% -- 171/519
2018-05-26 08:54:07,411:INFO: Experiment Progress: 33.1% -- 172/519
2018-05-26 08:54:08,770:INFO: Experiment Progress: 33.3% -- 173/519
2018-05-26 08:54:10,154:INFO: Experiment Progress: 33.5% -- 174/519
2018-05-26 08:54:10,939:INFO: Experiment Progress: 33.7% -- 175/519
2018-05-26 08:54:11,389:INFO: Experiment Progress: 33.9% -- 176/519
2018-05-26 08:54:13,560:INFO: Experiment Progress: 34.1% -- 177/519
2018-05-26 08:54:14,027:INFO: Experiment Progress: 34.3% -- 178/519
2018-05-26 08:54:14,467:INFO: Experiment Progress: 34.5% -- 179/519
2018-05-26 08:54:15,396:INFO: Experiment Progress: 34.7% -- 180/519
2018-05-26 08:54:16,607:INFO: Experiment Progress: 34.9% -- 181/519
2018-05-26 08:54:17,493:INFO: Experiment Progress: 35.1% -- 182/519
2018-05-26 08:54:18,174:INFO: Experiment Progress: 35.3% -- 183/519
2018-05-26 08:54:18,705:INFO: Experiment Progress: 35.5% -- 184/519
2018-05-26 08:54:19,374:INFO: Experiment Progress: 35.6% -- 185/519
2018-05-26 08:54:20,403:INFO: Experiment Progress: 35.8% -- 186/519
2018-05-26 08:54:21,470:INFO: Experiment Progress: 36.0% -- 187/519
2018-05-26 08:54:25,672:INFO: Experiment Progress: 36.2% -- 188/519
2018-05-26 08:54:28,054:INFO: Experiment Progress: 36.4% -- 189/519
2018-05-26 08:54:28,717:INFO: Experiment Progress: 36.6% -- 190/519
2018-05-26 08:54:29,263:INFO: Experiment Progress: 36.8% -- 191/519
2018-05-26 08:54:30,029:INFO: Experiment Progress: 37.0% -- 192/519
2018-05-26 08:54:30,771:INFO: Experiment Progress: 37.2% -- 193/519
2018-05-26 08:54:32,028:INFO: Experiment Progress: 37.4% -- 194/519
2018-05-26 08:54:32,594:INFO: Experiment Progress: 37.6% -- 195/519
2018-05-26 08:54:34,947:INFO: Experiment Progress: 37.8% -- 196/519
2018-05-26 08:54:35,528:INFO: Experiment Progress: 38.0% -- 197/519
2018-05-26 08:54:36,068:INFO: Experiment Progress: 38.2% -- 198/519
2018-05-26 08:54:36,632:INFO: Experiment Progress: 38.3% -- 199/519
2018-05-26 08:54:37,371:INFO: Experiment Progress: 38.5% -- 200/519
2018-05-26 08:54:38,195:INFO: Experiment Progress: 38.7% -- 201/519
2018-05-26 08:54:39,308:INFO: Experiment Progress: 38.9% -- 202/519
2018-05-26 08:54:39,928:INFO: Experiment Progress: 39.1% -- 203/519
2018-05-26 08:54:40,502:INFO: Experiment Progress: 39.3% -- 204/519
2018-05-26 08:54:41,135:INFO: Experiment Progress: 39.5% -- 205/519
2018-05-26 08:54:41,592:INFO: Experiment Progress: 39.7% -- 206/519
2018-05-26 08:54:42,749:INFO: Experiment Progress: 39.9% -- 207/519
2018-05-26 08:54:43,669:INFO: Experiment Progress: 40.1% -- 208/519
2018-05-26 08:54:44,230:INFO: Experiment Progress: 40.3% -- 209/519
2018-05-26 08:54:44,674:INFO: Experiment Progress: 40.5% -- 210/519
2018-05-26 08:54:45,179:INFO: Experiment Progress: 40.7% -- 211/519
2018-05-26 08:54:45,712:INFO: Experiment Progress: 40.8% -- 212/519
2018-05-26 08:54:46,269:INFO: Experiment Progress: 41.0% -- 213/519
2018-05-26 08:54:46,977:INFO: Experiment Progress: 41.2% -- 214/519
2018-05-26 08:54:48,423:INFO: Experiment Progress: 41.4% -- 215/519
2018-05-26 08:54:49,640:INFO: Experiment Progress: 41.6% -- 216/519
2018-05-26 08:54:50,326:INFO: Experiment Progress: 41.8% -- 217/519
2018-05-26 08:54:51,394:INFO: Experiment Progress: 42.0% -- 218/519
2018-05-26 08:54:51,942:INFO: Experiment Progress: 42.2% -- 219/519
2018-05-26 08:54:52,321:INFO: Experiment Progress: 42.4% -- 220/519
2018-05-26 08:54:53,338:INFO: Experiment Progress: 42.6% -- 221/519
2018-05-26 08:54:54,220:INFO: Experiment Progress: 42.8% -- 222/519
2018-05-26 08:54:54,796:INFO: Experiment Progress: 43.0% -- 223/519
2018-05-26 08:54:55,670:INFO: Experiment Progress: 43.2% -- 224/519
2018-05-26 08:54:56,266:INFO: Experiment Progress: 43.4% -- 225/519
2018-05-26 08:54:56,843:INFO: Experiment Progress: 43.5% -- 226/519
2018-05-26 08:54:57,344:INFO: Experiment Progress: 43.7% -- 227/519
2018-05-26 08:54:57,837:INFO: Experiment Progress: 43.9% -- 228/519
2018-05-26 08:54:58,939:INFO: Experiment Progress: 44.1% -- 229/519
2018-05-26 08:54:59,458:INFO: Experiment Progress: 44.3% -- 230/519
2018-05-26 08:55:00,089:INFO: Experiment Progress: 44.5% -- 231/519
2018-05-26 08:55:01,239:INFO: Experiment Progress: 44.7% -- 232/519
2018-05-26 08:55:01,724:INFO: Experiment Progress: 44.9% -- 233/519
2018-05-26 08:55:03,963:INFO: Experiment Progress: 45.1% -- 234/519
2018-05-26 08:55:05,158:INFO: Experiment Progress: 45.3% -- 235/519
2018-05-26 08:55:06,290:INFO: Experiment Progress: 45.5% -- 236/519
2018-05-26 08:55:07,197:INFO: Experiment Progress: 45.7% -- 237/519
2018-05-26 08:55:07,721:INFO: Experiment Progress: 45.9% -- 238/519
2018-05-26 08:55:08,509:INFO: Experiment Progress: 46.1% -- 239/519
2018-05-26 08:55:09,173:INFO: Experiment Progress: 46.2% -- 240/519
2018-05-26 08:55:09,945:INFO: Experiment Progress: 46.4% -- 241/519
2018-05-26 08:55:11,957:INFO: Experiment Progress: 46.6% -- 242/519
2018-05-26 08:55:14,237:INFO: Experiment Progress: 46.8% -- 243/519
2018-05-26 08:55:14,757:INFO: Experiment Progress: 47.0% -- 244/519
2018-05-26 08:55:15,287:INFO: Experiment Progress: 47.2% -- 245/519
2018-05-26 08:55:16,475:INFO: Experiment Progress: 47.4% -- 246/519
2018-05-26 08:55:16,942:INFO: Experiment Progress: 47.6% -- 247/519
2018-05-26 08:55:19,081:INFO: Experiment Progress: 47.8% -- 248/519
2018-05-26 08:55:19,720:INFO: Experiment Progress: 48.0% -- 249/519
2018-05-26 08:55:20,734:INFO: Experiment Progress: 48.2% -- 250/519
2018-05-26 08:55:21,559:INFO: Experiment Progress: 48.4% -- 251/519
2018-05-26 08:55:22,398:INFO: Experiment Progress: 48.6% -- 252/519
2018-05-26 08:55:23,812:INFO: Experiment Progress: 48.7% -- 253/519
2018-05-26 08:55:24,242:INFO: Experiment Progress: 48.9% -- 254/519
2018-05-26 08:55:24,833:INFO: Experiment Progress: 49.1% -- 255/519
2018-05-26 08:55:25,435:INFO: Experiment Progress: 49.3% -- 256/519
2018-05-26 08:55:26,014:INFO: Experiment Progress: 49.5% -- 257/519
2018-05-26 08:55:27,493:INFO: Experiment Progress: 49.7% -- 258/519
2018-05-26 08:55:28,130:INFO: Experiment Progress: 49.9% -- 259/519
2018-05-26 08:55:28,383:INFO: Experiment Progress: 50.1% -- 260/519
2018-05-26 08:55:30,183:INFO: Experiment Progress: 50.3% -- 261/519
2018-05-26 08:55:30,879:INFO: Experiment Progress: 50.5% -- 262/519
2018-05-26 08:55:31,938:INFO: Experiment Progress: 50.7% -- 263/519
2018-05-26 08:55:32,503:INFO: Experiment Progress: 50.9% -- 264/519
2018-05-26 08:55:32,903:INFO: Experiment Progress: 51.1% -- 265/519
2018-05-26 08:55:33,440:INFO: Experiment Progress: 51.3% -- 266/519
2018-05-26 08:55:33,780:INFO: Experiment Progress: 51.4% -- 267/519
2018-05-26 08:55:35,319:INFO: Experiment Progress: 51.6% -- 268/519
2018-05-26 08:55:36,053:INFO: Experiment Progress: 51.8% -- 269/519
2018-05-26 08:55:36,546:INFO: Experiment Progress: 52.0% -- 270/519
2018-05-26 08:55:36,964:INFO: Experiment Progress: 52.2% -- 271/519
2018-05-26 08:55:37,647:INFO: Experiment Progress: 52.4% -- 272/519
2018-05-26 08:55:38,101:INFO: Experiment Progress: 52.6% -- 273/519
2018-05-26 08:55:38,997:INFO: Experiment Progress: 52.8% -- 274/519
2018-05-26 08:55:39,636:INFO: Experiment Progress: 53.0% -- 275/519
2018-05-26 08:55:40,109:INFO: Experiment Progress: 53.2% -- 276/519
2018-05-26 08:55:40,564:INFO: Experiment Progress: 53.4% -- 277/519
2018-05-26 08:55:41,052:INFO: Experiment Progress: 53.6% -- 278/519
2018-05-26 08:55:43,368:INFO: Experiment Progress: 53.8% -- 279/519
2018-05-26 08:55:43,645:INFO: Experiment Progress: 53.9% -- 280/519
2018-05-26 08:55:44,971:INFO: Experiment Progress: 54.1% -- 281/519
2018-05-26 08:55:51,162:INFO: Experiment Progress: 54.3% -- 282/519
2018-05-26 08:55:51,467:INFO: Experiment Progress: 54.5% -- 283/519
2018-05-26 08:55:52,008:INFO: Experiment Progress: 54.7% -- 284/519
2018-05-26 08:55:52,669:INFO: Experiment Progress: 54.9% -- 285/519
2018-05-26 08:55:53,752:INFO: Experiment Progress: 55.1% -- 286/519
2018-05-26 08:55:54,317:INFO: Experiment Progress: 55.3% -- 287/519
2018-05-26 08:55:55,212:INFO: Experiment Progress: 55.5% -- 288/519
2018-05-26 08:55:55,721:INFO: Experiment Progress: 55.7% -- 289/519
2018-05-26 08:55:56,180:INFO: Experiment Progress: 55.9% -- 290/519
2018-05-26 08:55:57,214:INFO: Experiment Progress: 56.1% -- 291/519
2018-05-26 08:55:58,002:INFO: Experiment Progress: 56.3% -- 292/519
2018-05-26 08:55:58,725:INFO: Experiment Progress: 56.5% -- 293/519
2018-05-26 08:55:59,421:INFO: Experiment Progress: 56.6% -- 294/519
2018-05-26 08:55:59,887:INFO: Experiment Progress: 56.8% -- 295/519
2018-05-26 08:56:00,485:INFO: Experiment Progress: 57.0% -- 296/519
2018-05-26 08:56:01,141:INFO: Experiment Progress: 57.2% -- 297/519
2018-05-26 08:56:01,885:INFO: Experiment Progress: 57.4% -- 298/519
2018-05-26 08:56:05,659:INFO: Experiment Progress: 57.6% -- 299/519
2018-05-26 08:56:06,457:INFO: Experiment Progress: 57.8% -- 300/519
2018-05-26 08:56:07,451:INFO: Experiment Progress: 58.0% -- 301/519
2018-05-26 08:56:09,422:INFO: Experiment Progress: 58.2% -- 302/519
2018-05-26 08:56:10,085:INFO: Experiment Progress: 58.4% -- 303/519
2018-05-26 08:56:10,643:INFO: Experiment Progress: 58.6% -- 304/519
2018-05-26 08:56:11,379:INFO: Experiment Progress: 58.8% -- 305/519
2018-05-26 08:56:11,989:INFO: Experiment Progress: 59.0% -- 306/519
2018-05-26 08:56:12,597:INFO: Experiment Progress: 59.2% -- 307/519
2018-05-26 08:56:13,090:INFO: Experiment Progress: 59.3% -- 308/519
2018-05-26 08:56:13,682:INFO: Experiment Progress: 59.5% -- 309/519
2018-05-26 08:56:14,209:INFO: Experiment Progress: 59.7% -- 310/519
2018-05-26 08:56:14,769:INFO: Experiment Progress: 59.9% -- 311/519
2018-05-26 08:56:15,230:INFO: Experiment Progress: 60.1% -- 312/519
2018-05-26 08:56:15,741:INFO: Experiment Progress: 60.3% -- 313/519
2018-05-26 08:56:16,238:INFO: Experiment Progress: 60.5% -- 314/519
2018-05-26 08:56:16,956:INFO: Experiment Progress: 60.7% -- 315/519
2018-05-26 08:56:18,200:INFO: Experiment Progress: 60.9% -- 316/519
2018-05-26 08:56:19,784:INFO: Experiment Progress: 61.1% -- 317/519
2018-05-26 08:56:20,396:INFO: Experiment Progress: 61.3% -- 318/519
2018-05-26 08:56:21,356:INFO: Experiment Progress: 61.5% -- 319/519
2018-05-26 08:56:22,947:INFO: Experiment Progress: 61.7% -- 320/519
2018-05-26 08:56:25,546:INFO: Experiment Progress: 61.8% -- 321/519
2018-05-26 08:56:26,121:INFO: Experiment Progress: 62.0% -- 322/519
2018-05-26 08:56:27,016:INFO: Experiment Progress: 62.2% -- 323/519
2018-05-26 08:56:27,512:INFO: Experiment Progress: 62.4% -- 324/519
2018-05-26 08:56:27,967:INFO: Experiment Progress: 62.6% -- 325/519
2018-05-26 08:56:28,440:INFO: Experiment Progress: 62.8% -- 326/519
2018-05-26 08:56:29,008:INFO: Experiment Progress: 63.0% -- 327/519
2018-05-26 08:56:29,525:INFO: Experiment Progress: 63.2% -- 328/519
2018-05-26 08:56:30,655:INFO: Experiment Progress: 63.4% -- 329/519
2018-05-26 08:56:31,434:INFO: Experiment Progress: 63.6% -- 330/519
2018-05-26 08:56:32,540:INFO: Experiment Progress: 63.8% -- 331/519
2018-05-26 08:56:33,890:INFO: Experiment Progress: 64.0% -- 332/519
2018-05-26 08:56:34,948:INFO: Experiment Progress: 64.2% -- 333/519
2018-05-26 08:56:36,207:INFO: Experiment Progress: 64.4% -- 334/519
2018-05-26 08:56:36,722:INFO: Experiment Progress: 64.5% -- 335/519
2018-05-26 08:56:37,424:INFO: Experiment Progress: 64.7% -- 336/519
2018-05-26 08:56:38,577:INFO: Experiment Progress: 64.9% -- 337/519
2018-05-26 08:56:40,607:INFO: Experiment Progress: 65.1% -- 338/519
2018-05-26 08:56:41,122:INFO: Experiment Progress: 65.3% -- 339/519
2018-05-26 08:56:42,329:INFO: Experiment Progress: 65.5% -- 340/519
2018-05-26 08:56:42,862:INFO: Experiment Progress: 65.7% -- 341/519
2018-05-26 08:56:43,520:INFO: Experiment Progress: 65.9% -- 342/519
2018-05-26 08:56:44,495:INFO: Experiment Progress: 66.1% -- 343/519
2018-05-26 08:56:45,890:INFO: Experiment Progress: 66.3% -- 344/519
2018-05-26 08:56:47,032:INFO: Experiment Progress: 66.5% -- 345/519
2018-05-26 08:56:47,525:INFO: Experiment Progress: 66.7% -- 346/519
2018-05-26 08:56:48,210:INFO: Experiment Progress: 66.9% -- 347/519
2018-05-26 08:56:48,774:INFO: Experiment Progress: 67.1% -- 348/519
2018-05-26 08:56:50,062:INFO: Experiment Progress: 67.2% -- 349/519
2018-05-26 08:56:51,232:INFO: Experiment Progress: 67.4% -- 350/519
2018-05-26 08:56:51,843:INFO: Experiment Progress: 67.6% -- 351/519
2018-05-26 08:56:53,089:INFO: Experiment Progress: 67.8% -- 352/519
2018-05-26 08:56:53,638:INFO: Experiment Progress: 68.0% -- 353/519
2018-05-26 08:56:54,116:INFO: Experiment Progress: 68.2% -- 354/519
2018-05-26 08:56:54,907:INFO: Experiment Progress: 68.4% -- 355/519
2018-05-26 08:56:55,568:INFO: Experiment Progress: 68.6% -- 356/519
2018-05-26 08:56:56,195:INFO: Experiment Progress: 68.8% -- 357/519
2018-05-26 08:56:57,059:INFO: Experiment Progress: 69.0% -- 358/519
2018-05-26 08:56:57,885:INFO: Experiment Progress: 69.2% -- 359/519
2018-05-26 08:56:58,328:INFO: Experiment Progress: 69.4% -- 360/519
2018-05-26 08:56:58,853:INFO: Experiment Progress: 69.6% -- 361/519
2018-05-26 08:57:00,318:INFO: Experiment Progress: 69.7% -- 362/519
2018-05-26 08:57:00,778:INFO: Experiment Progress: 69.9% -- 363/519
2018-05-26 08:57:01,278:INFO: Experiment Progress: 70.1% -- 364/519
2018-05-26 08:57:01,760:INFO: Experiment Progress: 70.3% -- 365/519
2018-05-26 08:57:02,157:INFO: Experiment Progress: 70.5% -- 366/519
2018-05-26 08:57:02,973:INFO: Experiment Progress: 70.7% -- 367/519
2018-05-26 08:57:03,521:INFO: Experiment Progress: 70.9% -- 368/519
2018-05-26 08:57:05,202:INFO: Experiment Progress: 71.1% -- 369/519
2018-05-26 08:57:06,680:INFO: Experiment Progress: 71.3% -- 370/519
2018-05-26 08:57:07,147:INFO: Experiment Progress: 71.5% -- 371/519
2018-05-26 08:57:07,808:INFO: Experiment Progress: 71.7% -- 372/519
2018-05-26 08:57:09,760:INFO: Experiment Progress: 71.9% -- 373/519
2018-05-26 08:57:11,245:INFO: Experiment Progress: 72.1% -- 374/519
2018-05-26 08:57:12,932:INFO: Experiment Progress: 72.3% -- 375/519
2018-05-26 08:57:13,476:INFO: Experiment Progress: 72.4% -- 376/519
2018-05-26 08:57:14,009:INFO: Experiment Progress: 72.6% -- 377/519
2018-05-26 08:57:14,737:INFO: Experiment Progress: 72.8% -- 378/519
2018-05-26 08:57:15,219:INFO: Experiment Progress: 73.0% -- 379/519
2018-05-26 08:57:15,801:INFO: Experiment Progress: 73.2% -- 380/519
2018-05-26 08:57:16,798:INFO: Experiment Progress: 73.4% -- 381/519
2018-05-26 08:57:17,616:INFO: Experiment Progress: 73.6% -- 382/519
2018-05-26 08:57:18,248:INFO: Experiment Progress: 73.8% -- 383/519
2018-05-26 08:57:18,801:INFO: Experiment Progress: 74.0% -- 384/519
2018-05-26 08:57:19,546:INFO: Experiment Progress: 74.2% -- 385/519
2018-05-26 08:57:20,667:INFO: Experiment Progress: 74.4% -- 386/519
2018-05-26 08:57:21,598:INFO: Experiment Progress: 74.6% -- 387/519
2018-05-26 08:57:22,226:INFO: Experiment Progress: 74.8% -- 388/519
2018-05-26 08:57:23,413:INFO: Experiment Progress: 75.0% -- 389/519
2018-05-26 08:57:24,034:INFO: Experiment Progress: 75.1% -- 390/519
2018-05-26 08:57:27,138:INFO: Experiment Progress: 75.3% -- 391/519
2018-05-26 08:57:27,898:INFO: Experiment Progress: 75.5% -- 392/519
2018-05-26 08:57:28,766:INFO: Experiment Progress: 75.7% -- 393/519
2018-05-26 08:57:29,311:INFO: Experiment Progress: 75.9% -- 394/519
2018-05-26 08:57:30,135:INFO: Experiment Progress: 76.1% -- 395/519
2018-05-26 08:57:31,064:INFO: Experiment Progress: 76.3% -- 396/519
2018-05-26 08:57:31,785:INFO: Experiment Progress: 76.5% -- 397/519
2018-05-26 08:57:32,722:INFO: Experiment Progress: 76.7% -- 398/519
2018-05-26 08:57:33,253:INFO: Experiment Progress: 76.9% -- 399/519
2018-05-26 08:57:33,769:INFO: Experiment Progress: 77.1% -- 400/519
2018-05-26 08:57:34,534:INFO: Experiment Progress: 77.3% -- 401/519
2018-05-26 08:57:35,189:INFO: Experiment Progress: 77.5% -- 402/519
2018-05-26 08:57:35,707:INFO: Experiment Progress: 77.6% -- 403/519
2018-05-26 08:57:36,198:INFO: Experiment Progress: 77.8% -- 404/519
2018-05-26 08:57:37,145:INFO: Experiment Progress: 78.0% -- 405/519
2018-05-26 08:57:38,504:INFO: Experiment Progress: 78.2% -- 406/519
2018-05-26 08:57:39,025:INFO: Experiment Progress: 78.4% -- 407/519
2018-05-26 08:57:39,748:INFO: Experiment Progress: 78.6% -- 408/519
2018-05-26 08:57:40,687:INFO: Experiment Progress: 78.8% -- 409/519
2018-05-26 08:57:41,282:INFO: Experiment Progress: 79.0% -- 410/519
2018-05-26 08:57:42,425:INFO: Experiment Progress: 79.2% -- 411/519
2018-05-26 08:57:43,101:INFO: Experiment Progress: 79.4% -- 412/519
2018-05-26 08:57:43,922:INFO: Experiment Progress: 79.6% -- 413/519
2018-05-26 08:57:45,367:INFO: Experiment Progress: 79.8% -- 414/519
2018-05-26 08:57:45,849:INFO: Experiment Progress: 80.0% -- 415/519
2018-05-26 08:57:46,505:INFO: Experiment Progress: 80.2% -- 416/519
2018-05-26 08:57:47,227:INFO: Experiment Progress: 80.3% -- 417/519
2018-05-26 08:57:47,873:INFO: Experiment Progress: 80.5% -- 418/519
2018-05-26 08:57:48,593:INFO: Experiment Progress: 80.7% -- 419/519
2018-05-26 08:57:49,146:INFO: Experiment Progress: 80.9% -- 420/519
2018-05-26 08:57:49,738:INFO: Experiment Progress: 81.1% -- 421/519
2018-05-26 08:57:50,811:INFO: Experiment Progress: 81.3% -- 422/519
2018-05-26 08:57:51,632:INFO: Experiment Progress: 81.5% -- 423/519
2018-05-26 08:57:52,920:INFO: Experiment Progress: 81.7% -- 424/519
2018-05-26 08:57:54,056:INFO: Experiment Progress: 81.9% -- 425/519
2018-05-26 08:57:55,309:INFO: Experiment Progress: 82.1% -- 426/519
2018-05-26 08:57:57,577:INFO: Experiment Progress: 82.3% -- 427/519
2018-05-26 08:57:58,305:INFO: Experiment Progress: 82.5% -- 428/519
2018-05-26 08:57:59,173:INFO: Experiment Progress: 82.7% -- 429/519
2018-05-26 08:57:59,721:INFO: Experiment Progress: 82.9% -- 430/519
2018-05-26 08:58:00,471:INFO: Experiment Progress: 83.0% -- 431/519
2018-05-26 08:58:01,233:INFO: Experiment Progress: 83.2% -- 432/519
2018-05-26 08:58:02,062:INFO: Experiment Progress: 83.4% -- 433/519
2018-05-26 08:58:03,841:INFO: Experiment Progress: 83.6% -- 434/519
2018-05-26 08:58:07,194:INFO: Experiment Progress: 83.8% -- 435/519
2018-05-26 08:58:08,669:INFO: Experiment Progress: 84.0% -- 436/519
2018-05-26 08:58:10,830:INFO: Experiment Progress: 84.2% -- 437/519
2018-05-26 08:58:12,204:INFO: Experiment Progress: 84.4% -- 438/519
2018-05-26 08:58:13,404:INFO: Experiment Progress: 84.6% -- 439/519
2018-05-26 08:58:16,387:INFO: Experiment Progress: 84.8% -- 440/519
2018-05-26 08:58:18,648:INFO: Experiment Progress: 85.0% -- 441/519
2018-05-26 08:58:20,360:INFO: Experiment Progress: 85.2% -- 442/519
2018-05-26 08:58:22,060:INFO: Experiment Progress: 85.4% -- 443/519
2018-05-26 08:58:25,264:INFO: Experiment Progress: 85.5% -- 444/519
2018-05-26 08:58:27,488:INFO: Experiment Progress: 85.7% -- 445/519
2018-05-26 08:58:29,501:INFO: Experiment Progress: 85.9% -- 446/519
2018-05-26 08:58:31,406:INFO: Experiment Progress: 86.1% -- 447/519
2018-05-26 08:58:32,539:INFO: Experiment Progress: 86.3% -- 448/519
2018-05-26 08:58:33,509:INFO: Experiment Progress: 86.5% -- 449/519
2018-05-26 08:58:34,894:INFO: Experiment Progress: 86.7% -- 450/519
2018-05-26 08:58:35,667:INFO: Experiment Progress: 86.9% -- 451/519
2018-05-26 08:58:36,575:INFO: Experiment Progress: 87.1% -- 452/519
2018-05-26 08:58:37,475:INFO: Experiment Progress: 87.3% -- 453/519
2018-05-26 08:58:38,299:INFO: Experiment Progress: 87.5% -- 454/519
2018-05-26 08:58:39,338:INFO: Experiment Progress: 87.7% -- 455/519
2018-05-26 08:58:40,181:INFO: Experiment Progress: 87.9% -- 456/519
2018-05-26 08:58:41,241:INFO: Experiment Progress: 88.1% -- 457/519
2018-05-26 08:58:41,907:INFO: Experiment Progress: 88.2% -- 458/519
2018-05-26 08:58:42,955:INFO: Experiment Progress: 88.4% -- 459/519
2018-05-26 08:58:44,455:INFO: Experiment Progress: 88.6% -- 460/519
2018-05-26 08:58:45,588:INFO: Experiment Progress: 88.8% -- 461/519
2018-05-26 08:58:49,614:INFO: Experiment Progress: 89.0% -- 462/519
2018-05-26 08:58:50,344:INFO: Experiment Progress: 89.2% -- 463/519
2018-05-26 08:58:51,191:INFO: Experiment Progress: 89.4% -- 464/519
2018-05-26 08:58:52,565:INFO: Experiment Progress: 89.6% -- 465/519
2018-05-26 08:58:53,038:INFO: Experiment Progress: 89.8% -- 466/519
2018-05-26 08:58:53,641:INFO: Experiment Progress: 90.0% -- 467/519
2018-05-26 08:58:54,373:INFO: Experiment Progress: 90.2% -- 468/519
2018-05-26 08:58:55,200:INFO: Experiment Progress: 90.4% -- 469/519
2018-05-26 08:58:56,029:INFO: Experiment Progress: 90.6% -- 470/519
2018-05-26 08:58:56,984:INFO: Experiment Progress: 90.8% -- 471/519
2018-05-26 08:58:57,536:INFO: Experiment Progress: 90.9% -- 472/519
2018-05-26 08:59:03,043:INFO: Experiment Progress: 91.1% -- 473/519
2018-05-26 08:59:03,740:INFO: Experiment Progress: 91.3% -- 474/519
2018-05-26 08:59:04,307:INFO: Experiment Progress: 91.5% -- 475/519
2018-05-26 08:59:04,939:INFO: Experiment Progress: 91.7% -- 476/519
2018-05-26 08:59:05,473:INFO: Experiment Progress: 91.9% -- 477/519
2018-05-26 08:59:06,034:INFO: Experiment Progress: 92.1% -- 478/519
2018-05-26 08:59:06,524:INFO: Experiment Progress: 92.3% -- 479/519
2018-05-26 08:59:10,165:INFO: Experiment Progress: 92.5% -- 480/519
2018-05-26 08:59:10,934:INFO: Experiment Progress: 92.7% -- 481/519
2018-05-26 08:59:11,645:INFO: Experiment Progress: 92.9% -- 482/519
2018-05-26 08:59:12,198:INFO: Experiment Progress: 93.1% -- 483/519
2018-05-26 08:59:13,575:INFO: Experiment Progress: 93.3% -- 484/519
2018-05-26 08:59:15,364:INFO: Experiment Progress: 93.4% -- 485/519
2018-05-26 08:59:16,049:INFO: Experiment Progress: 93.6% -- 486/519
2018-05-26 08:59:16,658:INFO: Experiment Progress: 93.8% -- 487/519
2018-05-26 08:59:17,152:INFO: Experiment Progress: 94.0% -- 488/519
2018-05-26 08:59:17,950:INFO: Experiment Progress: 94.2% -- 489/519
2018-05-26 08:59:18,840:INFO: Experiment Progress: 94.4% -- 490/519
2018-05-26 08:59:20,054:INFO: Experiment Progress: 94.6% -- 491/519
2018-05-26 08:59:21,233:INFO: Experiment Progress: 94.8% -- 492/519
2018-05-26 08:59:22,384:INFO: Experiment Progress: 95.0% -- 493/519
2018-05-26 08:59:22,990:INFO: Experiment Progress: 95.2% -- 494/519
2018-05-26 08:59:23,583:INFO: Experiment Progress: 95.4% -- 495/519
2018-05-26 08:59:25,260:INFO: Experiment Progress: 95.6% -- 496/519
2018-05-26 08:59:25,849:INFO: Experiment Progress: 95.8% -- 497/519
2018-05-26 08:59:26,496:INFO: Experiment Progress: 96.0% -- 498/519
2018-05-26 08:59:27,057:INFO: Experiment Progress: 96.1% -- 499/519
2018-05-26 08:59:28,666:INFO: Experiment Progress: 96.3% -- 500/519
2018-05-26 08:59:29,200:INFO: Experiment Progress: 96.5% -- 501/519
2018-05-26 08:59:30,310:INFO: Experiment Progress: 96.7% -- 502/519
2018-05-26 08:59:30,912:INFO: Experiment Progress: 96.9% -- 503/519
2018-05-26 08:59:31,519:INFO: Experiment Progress: 97.1% -- 504/519
2018-05-26 08:59:32,063:INFO: Experiment Progress: 97.3% -- 505/519
2018-05-26 08:59:32,852:INFO: Experiment Progress: 97.5% -- 506/519
2018-05-26 08:59:33,405:INFO: Experiment Progress: 97.7% -- 507/519
2018-05-26 08:59:34,281:INFO: Experiment Progress: 97.9% -- 508/519
2018-05-26 08:59:36,232:INFO: Experiment Progress: 98.1% -- 509/519
2018-05-26 08:59:37,274:INFO: Experiment Progress: 98.3% -- 510/519
2018-05-26 08:59:38,209:INFO: Experiment Progress: 98.5% -- 511/519
2018-05-26 08:59:41,178:INFO: Experiment Progress: 98.7% -- 512/519
2018-05-26 08:59:43,265:INFO: Experiment Progress: 98.8% -- 513/519
2018-05-26 08:59:44,880:INFO: Experiment Progress: 99.0% -- 514/519
2018-05-26 08:59:46,756:INFO: Experiment Progress: 99.2% -- 515/519
2018-05-26 08:59:49,932:INFO: Experiment Progress: 99.4% -- 516/519
2018-05-26 08:59:51,344:INFO: Experiment Progress: 99.6% -- 517/519
2018-05-26 08:59:53,047:INFO: Experiment Progress: 99.8% -- 518/519
