2018-05-27 21:33:22,741:INFO: Disease Protein Prediction in the PPI Network
2018-05-27 21:33:22,742:INFO: Sabri Eyuboglu  -- SNAP Group
2018-05-27 21:33:22,742:INFO: ======================================
2018-05-27 21:33:22,742:INFO: Loading PPI Network...
2018-05-27 21:33:33,873:INFO: Loading Disease Associations...
2018-05-27 21:33:43,536:INFO: Running Experiment...
2018-05-27 21:33:43,537:INFO: Experiment Progress: 0.0% -- 0/519
2018-05-27 21:33:43,842:WARNING: From /dfs/scratch0/sabri/dpp-experiments/source/gcn/metrics.py:6: softmax_cross_entropy_with_logits (from tensorflow.python.ops.nn_ops) is deprecated and will be removed in a future version.
Instructions for updating:

Future major versions of TensorFlow will allow gradients to flow
into the labels input on backprop by default.

See tf.nn.softmax_cross_entropy_with_logits_v2.

2018-05-27 21:34:21,351:INFO: Hydrops Fetalis, Non-Immune Recall-at-100: 10.00%
2018-05-27 21:34:21,351:INFO: Experiment Progress: 0.0% -- 1/519
2018-05-27 21:34:56,895:INFO: Psychoses, Substance-Induced Recall-at-100: 10.00%
2018-05-27 21:34:56,896:INFO: Experiment Progress: 0.0% -- 2/519
2018-05-27 21:35:31,982:INFO: Zellweger Syndrome Recall-at-100: 10.00%
2018-05-27 21:35:31,982:INFO: Experiment Progress: 0.0% -- 3/519
2018-05-27 21:36:06,921:INFO: Psoriasis Recall-at-100: 3.10%
2018-05-27 21:36:06,922:INFO: Experiment Progress: 0.0% -- 4/519
2018-05-27 21:36:42,762:INFO: Nephrotic Syndrome Recall-at-100: 5.00%
2018-05-27 21:36:42,763:INFO: Experiment Progress: 0.0% -- 5/519
2018-05-27 21:37:18,260:INFO: Nephrosis Recall-at-100: 0.00%
2018-05-27 21:37:18,261:INFO: Experiment Progress: 1.0% -- 6/519
2018-05-27 21:37:54,548:INFO: Mouth Diseases Recall-at-100: 0.00%
2018-05-27 21:37:54,549:INFO: Experiment Progress: 1.0% -- 7/519
2018-05-27 21:38:30,003:INFO: MITOCHONDRIAL COMPLEX I DEFICIENCY Recall-at-100: 66.67%
2018-05-27 21:38:30,004:INFO: Experiment Progress: 1.0% -- 8/519
2018-05-27 21:39:05,708:INFO: Substance-Related Disorders Recall-at-100: 3.82%
2018-05-27 21:39:05,709:INFO: Experiment Progress: 1.0% -- 9/519
2018-05-27 21:39:41,331:INFO: Anemia, Hemolytic Recall-at-100: 0.00%
2018-05-27 21:39:41,332:INFO: Experiment Progress: 1.0% -- 10/519
2018-05-27 21:40:18,152:INFO: Rheumatoid Arthritis Recall-at-100: 1.43%
2018-05-27 21:40:18,153:INFO: Experiment Progress: 2.0% -- 11/519
2018-05-27 21:40:52,987:INFO: Arthritis, Psoriatic Recall-at-100: 0.00%
2018-05-27 21:40:52,988:INFO: Experiment Progress: 2.0% -- 12/519
2018-05-27 21:41:29,170:INFO: Anemia Recall-at-100: 0.00%
2018-05-27 21:41:29,171:INFO: Experiment Progress: 2.0% -- 13/519
2018-05-27 21:42:04,849:INFO: Cholangiocarcinoma Recall-at-100: 0.00%
2018-05-27 21:42:04,850:INFO: Experiment Progress: 2.0% -- 14/519
2018-05-27 21:42:40,268:INFO: Neuroendocrine Tumors Recall-at-100: 0.00%
2018-05-27 21:42:40,270:INFO: Experiment Progress: 2.0% -- 15/519
2018-05-27 21:43:15,914:INFO: Malaria Recall-at-100: 0.00%
2018-05-27 21:43:15,915:INFO: Experiment Progress: 3.0% -- 16/519
2018-05-27 21:43:51,932:INFO: Hyperhomocysteinemia Recall-at-100: 0.00%
2018-05-27 21:43:51,933:INFO: Experiment Progress: 3.0% -- 17/519
2018-05-27 21:44:27,464:INFO: HIV Infections Recall-at-100: 6.00%
2018-05-27 21:44:27,464:INFO: Experiment Progress: 3.0% -- 18/519
2018-05-27 21:45:03,803:INFO: Ankylosing spondylitis Recall-at-100: 0.00%
2018-05-27 21:45:03,804:INFO: Experiment Progress: 3.0% -- 19/519
2018-05-27 21:45:40,005:INFO: Adenoid Cystic Carcinoma Recall-at-100: 3.00%
2018-05-27 21:45:40,006:INFO: Experiment Progress: 3.0% -- 20/519
2018-05-27 21:46:15,896:INFO: Juvenile arthritis Recall-at-100: 3.33%
2018-05-27 21:46:15,897:INFO: Experiment Progress: 4.0% -- 21/519
2018-05-27 21:46:58,663:INFO: Neoplasms, Experimental Recall-at-100: 0.00%
2018-05-27 21:46:58,664:INFO: Experiment Progress: 4.0% -- 22/519
2018-05-27 21:47:57,820:INFO: Neoplasms, Germ Cell and Embryonal Recall-at-100: 0.00%
2018-05-27 21:47:57,822:INFO: Experiment Progress: 4.0% -- 23/519
2018-05-27 21:48:47,254:INFO: Alopecia Areata Recall-at-100: 0.00%
2018-05-27 21:48:47,256:INFO: Experiment Progress: 4.0% -- 24/519
2018-05-27 21:49:40,638:INFO: Alopecia Recall-at-100: 0.00%
2018-05-27 21:49:40,641:INFO: Experiment Progress: 4.0% -- 25/519
2018-05-27 21:50:31,189:INFO: Bradycardia Recall-at-100: 6.67%
2018-05-27 21:50:31,191:INFO: Experiment Progress: 5.0% -- 26/519
2018-05-27 21:51:16,043:INFO: Common Variable Immunodeficiency Recall-at-100: 10.00%
2018-05-27 21:51:16,044:INFO: Experiment Progress: 5.0% -- 27/519
2018-05-27 21:51:52,248:INFO: Glomerulonephritis Recall-at-100: 5.00%
2018-05-27 21:51:52,249:INFO: Experiment Progress: 5.0% -- 28/519
2018-05-27 21:52:28,493:INFO: Alcoholic Intoxication, Chronic Recall-at-100: 0.00%
2018-05-27 21:52:28,494:INFO: Experiment Progress: 5.0% -- 29/519
2018-05-27 21:53:04,391:INFO: Lung Injury Recall-at-100: 0.00%
2018-05-27 21:53:04,392:INFO: Experiment Progress: 5.0% -- 30/519
2018-05-27 21:53:40,831:INFO: Hypercalcemia Recall-at-100: 0.00%
2018-05-27 21:53:40,833:INFO: Experiment Progress: 5.0% -- 31/519
2018-05-27 21:54:17,330:INFO: Cerebrovascular accident Recall-at-100: 5.83%
2018-05-27 21:54:17,330:INFO: Experiment Progress: 6.0% -- 32/519
2018-05-27 21:54:53,483:INFO: Diaphragmatic Hernia Recall-at-100: 7.50%
2018-05-27 21:54:53,484:INFO: Experiment Progress: 6.0% -- 33/519
2018-05-27 21:55:29,717:INFO: Prostatic Intraepithelial Neoplasias Recall-at-100: 0.00%
2018-05-27 21:55:29,718:INFO: Experiment Progress: 6.0% -- 34/519
2018-05-27 21:56:06,385:INFO: Migraine Disorders Recall-at-100: 0.00%
2018-05-27 21:56:06,386:INFO: Experiment Progress: 6.0% -- 35/519
2018-05-27 21:56:27,603:INFO: Restless Legs Syndrome Recall-at-100: 0.00%
2018-05-27 21:56:27,604:INFO: Experiment Progress: 6.0% -- 36/519
2018-05-27 21:57:03,583:INFO: Brugada Syndrome (disorder) Recall-at-100: 0.00%
2018-05-27 21:57:03,584:INFO: Experiment Progress: 7.0% -- 37/519
2018-05-27 21:57:39,099:INFO: Pathological accumulation of air in tissues Recall-at-100: 0.00%
2018-05-27 21:57:39,100:INFO: Experiment Progress: 7.0% -- 38/519
2018-05-27 21:58:15,364:INFO: Craniosynostosis Recall-at-100: 0.00%
2018-05-27 21:58:15,365:INFO: Experiment Progress: 7.0% -- 39/519
2018-05-27 21:58:51,908:INFO: Head and Neck Neoplasms Recall-at-100: 10.00%
2018-05-27 21:58:51,909:INFO: Experiment Progress: 7.0% -- 40/519
2018-05-27 21:59:28,217:INFO: Brain Neoplasms Recall-at-100: 0.00%
2018-05-27 21:59:28,218:INFO: Experiment Progress: 7.0% -- 41/519
2018-05-27 22:00:04,150:INFO: Hearing Loss, Partial Recall-at-100: 0.00%
2018-05-27 22:00:04,151:INFO: Experiment Progress: 8.0% -- 42/519
2018-05-27 22:00:39,457:INFO: Chromosome Aberrations Recall-at-100: 0.00%
2018-05-27 22:00:39,459:INFO: Experiment Progress: 8.0% -- 43/519
2018-05-27 22:01:15,004:INFO: Chronic Lymphocytic Leukemia Recall-at-100: 2.00%
2018-05-27 22:01:15,004:INFO: Experiment Progress: 8.0% -- 44/519
2018-05-27 22:01:51,165:INFO: Refractive Errors Recall-at-100: 0.00%
2018-05-27 22:01:51,166:INFO: Experiment Progress: 8.0% -- 45/519
2018-05-27 22:02:27,620:INFO: Hepatitis C Recall-at-100: 10.00%
2018-05-27 22:02:27,620:INFO: Experiment Progress: 8.0% -- 46/519
2018-05-27 22:03:03,263:INFO: Mesothelioma Recall-at-100: 0.00%
2018-05-27 22:03:03,264:INFO: Experiment Progress: 9.0% -- 47/519
2018-05-27 22:03:20,984:INFO: Noise-induced hearing loss Recall-at-100: 0.00%
2018-05-27 22:03:20,985:INFO: Experiment Progress: 9.0% -- 48/519
2018-05-27 22:03:57,276:INFO: Inflammatory dermatosis Recall-at-100: 9.17%
2018-05-27 22:03:57,278:INFO: Experiment Progress: 9.0% -- 49/519
2018-05-27 22:04:33,241:INFO: Kallmann Syndrome Recall-at-100: 5.00%
2018-05-27 22:04:33,241:INFO: Experiment Progress: 9.0% -- 50/519
2018-05-27 22:05:09,660:INFO: Lipoidosis Recall-at-100: 0.00%
2018-05-27 22:05:09,661:INFO: Experiment Progress: 9.0% -- 51/519
2018-05-27 22:05:45,703:INFO: Diabetes Mellitus Recall-at-100: 8.33%
2018-05-27 22:05:45,704:INFO: Experiment Progress: 10.0% -- 52/519
2018-05-27 22:06:21,496:INFO: Fibrosis Recall-at-100: 2.50%
2018-05-27 22:06:21,497:INFO: Experiment Progress: 10.0% -- 53/519
2018-05-27 22:06:57,396:INFO: Hypercholesterolemia Recall-at-100: 5.00%
2018-05-27 22:06:57,399:INFO: Experiment Progress: 10.0% -- 54/519
2018-05-27 22:07:32,330:INFO: Microcephaly Recall-at-100: 3.33%
2018-05-27 22:07:32,330:INFO: Experiment Progress: 10.0% -- 55/519
2018-05-27 22:08:04,559:INFO: Tongue Neoplasms Recall-at-100: 0.00%
2018-05-27 22:08:04,560:INFO: Experiment Progress: 10.0% -- 56/519
2018-05-27 22:08:40,012:INFO: Common Migraine Recall-at-100: 0.00%
2018-05-27 22:08:40,013:INFO: Experiment Progress: 10.0% -- 57/519
2018-05-27 22:09:15,845:INFO: Carotid Artery Diseases Recall-at-100: 0.00%
2018-05-27 22:09:15,846:INFO: Experiment Progress: 11.0% -- 58/519
2018-05-27 22:09:51,114:INFO: Growth Disorders Recall-at-100: 0.00%
2018-05-27 22:09:51,115:INFO: Experiment Progress: 11.0% -- 59/519
2018-05-27 22:10:23,494:INFO: Absence Epilepsy Recall-at-100: 0.00%
2018-05-27 22:10:23,496:INFO: Experiment Progress: 11.0% -- 60/519
2018-05-27 22:10:58,904:INFO: Epilepsy, Temporal Lobe Recall-at-100: 10.00%
2018-05-27 22:10:58,905:INFO: Experiment Progress: 11.0% -- 61/519
2018-05-27 22:11:34,451:INFO: Memory Disorders Recall-at-100: 0.00%
2018-05-27 22:11:34,452:INFO: Experiment Progress: 11.0% -- 62/519
2018-05-27 22:12:10,891:INFO: Catalepsy Recall-at-100: 10.00%
2018-05-27 22:12:10,891:INFO: Experiment Progress: 12.0% -- 63/519
2018-05-27 22:12:46,475:INFO: Hereditary Nonpolyposis Colorectal Cancer Recall-at-100: 0.00%
2018-05-27 22:12:46,476:INFO: Experiment Progress: 12.0% -- 64/519
2018-05-27 22:13:22,398:INFO: Acute Promyelocytic Leukemia Recall-at-100: 3.33%
2018-05-27 22:13:22,398:INFO: Experiment Progress: 12.0% -- 65/519
2018-05-27 22:13:58,488:INFO: Precursor B-Cell Lymphoblastic Leukemia-Lymphoma Recall-at-100: 0.00%
2018-05-27 22:13:58,490:INFO: Experiment Progress: 12.0% -- 66/519
2018-05-27 22:14:34,035:INFO: Gout Recall-at-100: 0.00%
2018-05-27 22:14:34,036:INFO: Experiment Progress: 12.0% -- 67/519
2018-05-27 22:15:10,474:INFO: Coronary Artery Disease Recall-at-100: 1.43%
2018-05-27 22:15:10,475:INFO: Experiment Progress: 13.0% -- 68/519
2018-05-27 22:15:46,385:INFO: Venous Thromboembolism Recall-at-100: 3.33%
2018-05-27 22:15:46,386:INFO: Experiment Progress: 13.0% -- 69/519
2018-05-27 22:16:22,280:INFO: Precancerous Conditions Recall-at-100: 4.29%
2018-05-27 22:16:22,282:INFO: Experiment Progress: 13.0% -- 70/519
2018-05-27 22:16:58,391:INFO: Crohn Disease Recall-at-100: 3.47%
2018-05-27 22:16:58,392:INFO: Experiment Progress: 13.0% -- 71/519
2018-05-27 22:17:34,203:INFO: Uterine Cervical Neoplasm Recall-at-100: 0.00%
2018-05-27 22:17:34,203:INFO: Experiment Progress: 13.0% -- 72/519
2018-05-27 22:18:09,616:INFO: Dyskinesia, Drug-Induced Recall-at-100: 0.00%
2018-05-27 22:18:09,617:INFO: Experiment Progress: 14.0% -- 73/519
2018-05-27 22:18:45,400:INFO: Ataxia, Spinocerebellar Recall-at-100: 0.00%
2018-05-27 22:18:45,401:INFO: Experiment Progress: 14.0% -- 74/519
2018-05-27 22:19:21,235:INFO: Optic Atrophy, Hereditary, Leber Recall-at-100: 70.00%
2018-05-27 22:19:21,236:INFO: Experiment Progress: 14.0% -- 75/519
2018-05-27 22:19:56,677:INFO: Liver Cirrhosis, Alcoholic Recall-at-100: 0.00%
2018-05-27 22:19:56,678:INFO: Experiment Progress: 14.0% -- 76/519
2018-05-27 22:20:32,087:INFO: Acute Lung Injury Recall-at-100: 0.00%
2018-05-27 22:20:32,088:INFO: Experiment Progress: 14.0% -- 77/519
2018-05-27 22:21:08,288:INFO: Liver Cirrhosis, Experimental Recall-at-100: 4.64%
2018-05-27 22:21:08,289:INFO: Experiment Progress: 15.0% -- 78/519
2018-05-27 22:21:43,005:INFO: Chloracne Recall-at-100: 0.00%
2018-05-27 22:21:43,005:INFO: Experiment Progress: 15.0% -- 79/519
2018-05-27 22:22:19,138:INFO: Liver diseases Recall-at-100: 3.10%
2018-05-27 22:22:19,139:INFO: Experiment Progress: 15.0% -- 80/519
2018-05-27 22:22:54,436:INFO: Kidney Failure, Chronic Recall-at-100: 11.50%
2018-05-27 22:22:54,436:INFO: Experiment Progress: 15.0% -- 81/519
2018-05-27 22:23:29,663:INFO: Weight decreased Recall-at-100: 5.00%
2018-05-27 22:23:29,664:INFO: Experiment Progress: 15.0% -- 82/519
2018-05-27 22:24:06,300:INFO: Leigh Disease Recall-at-100: 15.83%
2018-05-27 22:24:06,300:INFO: Experiment Progress: 15.0% -- 83/519
2018-05-27 22:24:41,909:INFO: Celiac Disease Recall-at-100: 0.00%
2018-05-27 22:24:41,910:INFO: Experiment Progress: 16.0% -- 84/519
2018-05-27 22:25:17,095:INFO: Glaucoma Recall-at-100: 0.00%
2018-05-27 22:25:17,096:INFO: Experiment Progress: 16.0% -- 85/519
2018-05-27 22:25:51,898:INFO: Tachycardia Recall-at-100: 0.00%
2018-05-27 22:25:51,900:INFO: Experiment Progress: 16.0% -- 86/519
2018-05-27 22:26:27,615:INFO: Breast Cancer, Familial Recall-at-100: 10.00%
2018-05-27 22:26:27,615:INFO: Experiment Progress: 16.0% -- 87/519
2018-05-27 22:27:03,295:INFO: Ischemia Recall-at-100: 0.00%
2018-05-27 22:27:03,296:INFO: Experiment Progress: 16.0% -- 88/519
2018-05-27 22:27:35,199:INFO: Adenomatous Polyposis Coli Recall-at-100: 0.00%
2018-05-27 22:27:35,200:INFO: Experiment Progress: 17.0% -- 89/519
2018-05-27 22:28:10,908:INFO: Thyroid Diseases Recall-at-100: 0.00%
2018-05-27 22:28:10,909:INFO: Experiment Progress: 17.0% -- 90/519
2018-05-27 22:28:39,205:INFO: Panic Disorder Recall-at-100: 0.00%
2018-05-27 22:28:39,206:INFO: Experiment Progress: 17.0% -- 91/519
2018-05-27 22:29:15,185:INFO: Colorectal Neoplasms Recall-at-100: 4.22%
2018-05-27 22:29:15,186:INFO: Experiment Progress: 17.0% -- 92/519
2018-05-27 22:29:51,196:INFO: Adrenal Gland Neoplasms Recall-at-100: 0.00%
2018-05-27 22:29:51,196:INFO: Experiment Progress: 17.0% -- 93/519
2018-05-27 22:30:27,349:INFO: Sudden infant death syndrome Recall-at-100: 0.00%
2018-05-27 22:30:27,350:INFO: Experiment Progress: 18.0% -- 94/519
2018-05-27 22:31:03,864:INFO: Neuroblastoma Recall-at-100: 2.00%
2018-05-27 22:31:03,865:INFO: Experiment Progress: 18.0% -- 95/519
2018-05-27 22:31:38,233:INFO: Prostate cancer, familial Recall-at-100: 0.00%
2018-05-27 22:31:38,234:INFO: Experiment Progress: 18.0% -- 96/519
2018-05-27 22:32:13,783:INFO: Animal Mammary Neoplasms Recall-at-100: 5.77%
2018-05-27 22:32:13,785:INFO: Experiment Progress: 18.0% -- 97/519
2018-05-27 22:32:49,701:INFO: Osteochondrodysplasias Recall-at-100: 5.00%
2018-05-27 22:32:49,702:INFO: Experiment Progress: 18.0% -- 98/519
2018-05-27 22:33:25,377:INFO: Hepatolenticular Degeneration Recall-at-100: 0.00%
2018-05-27 22:33:25,377:INFO: Experiment Progress: 19.0% -- 99/519
2018-05-27 22:34:00,998:INFO: Fanconi Anemia Recall-at-100: 30.00%
2018-05-27 22:34:00,999:INFO: Experiment Progress: 19.0% -- 100/519
2018-05-27 22:34:36,680:INFO: Eye Abnormalities Recall-at-100: 10.00%
2018-05-27 22:34:36,681:INFO: Experiment Progress: 19.0% -- 101/519
2018-05-27 22:35:12,036:INFO: Limb Deformities, Congenital Recall-at-100: 10.00%
2018-05-27 22:35:12,037:INFO: Experiment Progress: 19.0% -- 102/519
2018-05-27 22:35:44,346:INFO: Electrocardiogram: P-R interval Recall-at-100: 0.00%
2018-05-27 22:35:44,347:INFO: Experiment Progress: 19.0% -- 103/519
2018-05-27 22:36:20,932:INFO: Mammary Neoplasms, Experimental Recall-at-100: 2.67%
2018-05-27 22:36:20,933:INFO: Experiment Progress: 20.0% -- 104/519
2018-05-27 22:36:55,930:INFO: Heart valve disease Recall-at-100: 5.00%
2018-05-27 22:36:55,931:INFO: Experiment Progress: 20.0% -- 105/519
2018-05-27 22:37:31,426:INFO: Diffuse Large B-Cell Lymphoma Recall-at-100: 2.50%
2018-05-27 22:37:31,427:INFO: Experiment Progress: 20.0% -- 106/519
2018-05-27 22:38:07,386:INFO: Hepatitis Recall-at-100: 0.00%
2018-05-27 22:38:07,388:INFO: Experiment Progress: 20.0% -- 107/519
2018-05-27 22:38:42,342:INFO: Impaired glucose tolerance Recall-at-100: 0.00%
2018-05-27 22:38:42,343:INFO: Experiment Progress: 20.0% -- 108/519
2018-05-27 22:39:18,594:INFO: Mitochondrial Encephalomyopathies Recall-at-100: 20.00%
2018-05-27 22:39:18,594:INFO: Experiment Progress: 21.0% -- 109/519
2018-05-27 22:39:53,958:INFO: Colon Carcinoma Recall-at-100: 0.00%
2018-05-27 22:39:53,959:INFO: Experiment Progress: 21.0% -- 110/519
2018-05-27 22:40:30,572:INFO: Hepatic Encephalopathy Recall-at-100: 15.00%
2018-05-27 22:40:30,572:INFO: Experiment Progress: 21.0% -- 111/519
2018-05-27 22:41:06,578:INFO: Multiple Sclerosis Recall-at-100: 4.58%
2018-05-27 22:41:06,580:INFO: Experiment Progress: 21.0% -- 112/519
2018-05-27 22:41:42,339:INFO: Neurogenic Inflammation Recall-at-100: 0.00%
2018-05-27 22:41:42,340:INFO: Experiment Progress: 21.0% -- 113/519
2018-05-27 22:42:17,346:INFO: Lupus Erythematosus, Systemic Recall-at-100: 2.86%
2018-05-27 22:42:17,347:INFO: Experiment Progress: 21.0% -- 114/519
2018-05-27 22:42:52,641:INFO: Ceroid lipofuscinosis, neuronal 1, infantile Recall-at-100: 0.00%
2018-05-27 22:42:52,642:INFO: Experiment Progress: 22.0% -- 115/519
2018-05-27 22:43:27,739:INFO: Adenocarcinoma of lung (disorder) Recall-at-100: 0.00%
2018-05-27 22:43:27,740:INFO: Experiment Progress: 22.0% -- 116/519
2018-05-27 22:44:03,277:INFO: Charcot-Marie-Tooth Disease Recall-at-100: 0.00%
2018-05-27 22:44:03,278:INFO: Experiment Progress: 22.0% -- 117/519
2018-05-27 22:44:38,429:INFO: Osteogenesis imperfecta type III (disorder) Recall-at-100: 20.00%
2018-05-27 22:44:38,430:INFO: Experiment Progress: 22.0% -- 118/519
2018-05-27 22:45:14,239:INFO: Osteogenesis imperfecta type IV (disorder) Recall-at-100: 0.00%
2018-05-27 22:45:14,240:INFO: Experiment Progress: 22.0% -- 119/519
2018-05-27 22:45:49,226:INFO: Hepatitis, Autoimmune Recall-at-100: 15.00%
2018-05-27 22:45:49,227:INFO: Experiment Progress: 23.0% -- 120/519
2018-05-27 22:46:24,644:INFO: Prostatic Neoplasms Recall-at-100: 3.21%
2018-05-27 22:46:24,645:INFO: Experiment Progress: 23.0% -- 121/519
2018-05-27 22:47:00,700:INFO: NADH:Q(1) Oxidoreductase deficiency Recall-at-100: 55.00%
2018-05-27 22:47:00,701:INFO: Experiment Progress: 23.0% -- 122/519
2018-05-27 22:47:36,440:INFO: Hypospadias Recall-at-100: 0.00%
2018-05-27 22:47:36,441:INFO: Experiment Progress: 23.0% -- 123/519
2018-05-27 22:48:11,719:INFO: Multiple Myeloma Recall-at-100: 0.00%
2018-05-27 22:48:11,720:INFO: Experiment Progress: 23.0% -- 124/519
2018-05-27 22:48:47,609:INFO: Fatty Liver Recall-at-100: 8.00%
2018-05-27 22:48:47,610:INFO: Experiment Progress: 24.0% -- 125/519
2018-05-27 22:49:23,585:INFO: Leishmaniasis, Visceral Recall-at-100: 5.00%
2018-05-27 22:49:23,585:INFO: Experiment Progress: 24.0% -- 126/519
2018-05-27 22:49:59,045:INFO: Early infantile epileptic encephalopathy with suppression bursts Recall-at-100: 0.00%
2018-05-27 22:49:59,046:INFO: Experiment Progress: 24.0% -- 127/519
2018-05-27 22:50:34,493:INFO: Kartagener Syndrome Recall-at-100: 0.00%
2018-05-27 22:50:34,494:INFO: Experiment Progress: 24.0% -- 128/519
2018-05-27 22:51:09,366:INFO: Malignant lymphoma, lymphocytic, intermediate differentiation, diffuse Recall-at-100: 0.00%
2018-05-27 22:51:09,366:INFO: Experiment Progress: 24.0% -- 129/519
2018-05-27 22:51:45,448:INFO: Bipolar Disorder Recall-at-100: 1.67%
2018-05-27 22:51:45,449:INFO: Experiment Progress: 25.0% -- 130/519
2018-05-27 22:52:21,000:INFO: Erectile dysfunction Recall-at-100: 10.00%
2018-05-27 22:52:21,001:INFO: Experiment Progress: 25.0% -- 131/519
2018-05-27 22:52:56,343:INFO: Meckel-Gruber syndrome Recall-at-100: 45.00%
2018-05-27 22:52:56,343:INFO: Experiment Progress: 25.0% -- 132/519
2018-05-27 22:53:32,333:INFO: Colonic Neoplasms Recall-at-100: 2.31%
2018-05-27 22:53:32,333:INFO: Experiment Progress: 25.0% -- 133/519
2018-05-27 22:54:09,217:INFO: Autistic Disorder Recall-at-100: 2.57%
2018-05-27 22:54:09,217:INFO: Experiment Progress: 25.0% -- 134/519
2018-05-27 22:54:45,253:INFO: Liver Neoplasms, Experimental Recall-at-100: 5.67%
2018-05-27 22:54:45,254:INFO: Experiment Progress: 26.0% -- 135/519
2018-05-27 22:55:20,820:INFO: Precursor T-Cell Lymphoblastic Leukemia-Lymphoma Recall-at-100: 0.00%
2018-05-27 22:55:20,821:INFO: Experiment Progress: 26.0% -- 136/519
2018-05-27 22:55:56,864:INFO: Narcolepsy Recall-at-100: 0.00%
2018-05-27 22:55:56,864:INFO: Experiment Progress: 26.0% -- 137/519
2018-05-27 22:56:32,546:INFO: Fever Recall-at-100: 5.00%
2018-05-27 22:56:32,547:INFO: Experiment Progress: 26.0% -- 138/519
2018-05-27 22:57:07,761:INFO: Adenocarcinoma Recall-at-100: 3.91%
2018-05-27 22:57:07,762:INFO: Experiment Progress: 26.0% -- 139/519
2018-05-27 22:57:43,857:INFO: Aortic Valve Insufficiency Recall-at-100: 0.00%
2018-05-27 22:57:43,858:INFO: Experiment Progress: 26.0% -- 140/519
2018-05-27 22:58:19,727:INFO: Carcinoma, Pancreatic Ductal Recall-at-100: 0.00%
2018-05-27 22:58:19,727:INFO: Experiment Progress: 27.0% -- 141/519
2018-05-27 22:58:56,113:INFO: Infarction, Middle Cerebral Artery Recall-at-100: 0.00%
2018-05-27 22:58:56,114:INFO: Experiment Progress: 27.0% -- 142/519
2018-05-27 22:59:32,305:INFO: Hypertensive disease Recall-at-100: 1.58%
2018-05-27 22:59:32,306:INFO: Experiment Progress: 27.0% -- 143/519
2018-05-27 23:00:07,038:INFO: Juvenile Myelomonocytic Leukemia Recall-at-100: 0.00%
2018-05-27 23:00:07,038:INFO: Experiment Progress: 27.0% -- 144/519
2018-05-27 23:00:43,032:INFO: Leprosy Recall-at-100: 0.00%
2018-05-27 23:00:43,033:INFO: Experiment Progress: 27.0% -- 145/519
2018-05-27 23:01:18,894:INFO: Myocardial Infarction Recall-at-100: 4.72%
2018-05-27 23:01:18,895:INFO: Experiment Progress: 28.0% -- 146/519
2018-05-27 23:01:54,775:INFO: Urticaria Recall-at-100: 0.00%
2018-05-27 23:01:54,775:INFO: Experiment Progress: 28.0% -- 147/519
2018-05-27 23:02:30,197:INFO: Cardiac Arrhythmia Recall-at-100: 0.00%
2018-05-27 23:02:30,197:INFO: Experiment Progress: 28.0% -- 148/519
2018-05-27 23:03:05,723:INFO: Hemochromatosis Recall-at-100: 0.00%
2018-05-27 23:03:05,724:INFO: Experiment Progress: 28.0% -- 149/519
2018-05-27 23:03:40,593:INFO: Pancreatic Neoplasm Recall-at-100: 3.75%
2018-05-27 23:03:40,594:INFO: Experiment Progress: 28.0% -- 150/519
2018-05-27 23:04:16,654:INFO: Cardiomyopathy, Dilated Recall-at-100: 0.00%
2018-05-27 23:04:16,655:INFO: Experiment Progress: 29.0% -- 151/519
2018-05-27 23:04:52,243:INFO: Papilloma Recall-at-100: 10.00%
2018-05-27 23:04:52,245:INFO: Experiment Progress: 29.0% -- 152/519
2018-05-27 23:05:28,129:INFO: Pain Recall-at-100: 5.00%
2018-05-27 23:05:28,129:INFO: Experiment Progress: 29.0% -- 153/519
2018-05-27 23:06:03,921:INFO: Congenital Abnormality Recall-at-100: 0.00%
2018-05-27 23:06:03,921:INFO: Experiment Progress: 29.0% -- 154/519
2018-05-27 23:06:38,694:INFO: MYCOBACTERIUM TUBERCULOSIS, SUSCEPTIBILITY TO (finding) Recall-at-100: 0.00%
2018-05-27 23:06:38,695:INFO: Experiment Progress: 29.0% -- 155/519
2018-05-27 23:07:14,057:INFO: Kidney Diseases Recall-at-100: 0.00%
2018-05-27 23:07:14,057:INFO: Experiment Progress: 30.0% -- 156/519
2018-05-27 23:07:49,363:INFO: Lung Diseases, Interstitial Recall-at-100: 0.00%
2018-05-27 23:07:49,365:INFO: Experiment Progress: 30.0% -- 157/519
2018-05-27 23:08:25,288:INFO: Basal cell carcinoma Recall-at-100: 0.00%
2018-05-27 23:08:25,289:INFO: Experiment Progress: 30.0% -- 158/519
2018-05-27 23:09:01,403:INFO: Liver carcinoma Recall-at-100: 4.13%
2018-05-27 23:09:01,404:INFO: Experiment Progress: 30.0% -- 159/519
2018-05-27 23:09:37,016:INFO: gliosarcoma Recall-at-100: 0.00%
2018-05-27 23:09:37,016:INFO: Experiment Progress: 30.0% -- 160/519
2018-05-27 23:10:12,696:INFO: Acute Coronary Syndrome Recall-at-100: 2.50%
2018-05-27 23:10:12,698:INFO: Experiment Progress: 31.0% -- 161/519
2018-05-27 23:10:48,267:INFO: Ovarian Cysts Recall-at-100: 0.00%
2018-05-27 23:10:48,268:INFO: Experiment Progress: 31.0% -- 162/519
2018-05-27 23:11:23,487:INFO: Schizophrenia, Childhood Recall-at-100: 0.00%
2018-05-27 23:11:23,488:INFO: Experiment Progress: 31.0% -- 163/519
2018-05-27 23:11:58,996:INFO: Adrenocortical carcinoma Recall-at-100: 10.00%
2018-05-27 23:11:58,997:INFO: Experiment Progress: 31.0% -- 164/519
2018-05-27 23:12:35,132:INFO: Schizophrenia Recall-at-100: 0.83%
2018-05-27 23:12:35,133:INFO: Experiment Progress: 31.0% -- 165/519
2018-05-27 23:13:09,926:INFO: Atrophic Recall-at-100: 0.00%
2018-05-27 23:13:09,926:INFO: Experiment Progress: 31.0% -- 166/519
2018-05-27 23:13:45,627:INFO: Idiopathic Pulmonary Fibrosis Recall-at-100: 0.00%
2018-05-27 23:13:45,628:INFO: Experiment Progress: 32.0% -- 167/519
2018-05-27 23:14:21,009:INFO: Lobar Holoprosencephaly Recall-at-100: 0.00%
2018-05-27 23:14:21,010:INFO: Experiment Progress: 32.0% -- 168/519
2018-05-27 23:14:57,172:INFO: Alobar Holoprosencephaly Recall-at-100: 0.00%
2018-05-27 23:14:57,173:INFO: Experiment Progress: 32.0% -- 169/519
2018-05-27 23:15:33,360:INFO: Immunologic Deficiency Syndromes Recall-at-100: 5.00%
2018-05-27 23:15:33,361:INFO: Experiment Progress: 32.0% -- 170/519
2018-05-27 23:16:09,663:INFO: Ataxia Recall-at-100: 0.00%
2018-05-27 23:16:09,664:INFO: Experiment Progress: 32.0% -- 171/519
2018-05-27 23:16:44,768:INFO: Adenocarcinoma Of Esophagus Recall-at-100: 0.00%
2018-05-27 23:16:44,770:INFO: Experiment Progress: 33.0% -- 172/519
2018-05-27 23:17:19,524:INFO: Retinitis Pigmentosa Recall-at-100: 2.86%
2018-05-27 23:17:19,525:INFO: Experiment Progress: 33.0% -- 173/519
2018-05-27 23:17:55,086:INFO: Squamous cell carcinoma of esophagus Recall-at-100: 1.25%
2018-05-27 23:17:55,086:INFO: Experiment Progress: 33.0% -- 174/519
2018-05-27 23:18:31,119:INFO: Autoimmune Diseases Recall-at-100: 9.17%
2018-05-27 23:18:31,119:INFO: Experiment Progress: 33.0% -- 175/519
2018-05-27 23:19:06,304:INFO: Diarrhea Recall-at-100: 0.00%
2018-05-27 23:19:06,305:INFO: Experiment Progress: 33.0% -- 176/519
2018-05-27 23:19:41,573:INFO: Myocardial Ischemia Recall-at-100: 1.84%
2018-05-27 23:19:41,573:INFO: Experiment Progress: 34.0% -- 177/519
2018-05-27 23:20:16,730:INFO: Essential Hypertension Recall-at-100: 0.00%
2018-05-27 23:20:16,731:INFO: Experiment Progress: 34.0% -- 178/519
2018-05-27 23:20:49,038:INFO: Hepatomegaly Recall-at-100: 22.22%
2018-05-27 23:20:49,039:INFO: Experiment Progress: 34.0% -- 179/519
2018-05-27 23:21:25,004:INFO: Myopathy Recall-at-100: 0.00%
2018-05-27 23:21:25,005:INFO: Experiment Progress: 34.0% -- 180/519
2018-05-27 23:22:00,807:INFO: Adverse reaction to drug Recall-at-100: 1.67%
2018-05-27 23:22:00,808:INFO: Experiment Progress: 34.0% -- 181/519
2018-05-27 23:22:36,272:INFO: Myoclonic Epilepsies, Progressive Recall-at-100: 0.00%
2018-05-27 23:22:36,273:INFO: Experiment Progress: 35.0% -- 182/519
2018-05-27 23:23:11,769:INFO: Muscular Atrophy Recall-at-100: 0.00%
2018-05-27 23:23:11,770:INFO: Experiment Progress: 35.0% -- 183/519
2018-05-27 23:23:47,758:INFO: Basal Ganglia Diseases Recall-at-100: 0.00%
2018-05-27 23:23:47,758:INFO: Experiment Progress: 35.0% -- 184/519
2018-05-27 23:24:23,774:INFO: Hepatitis B Recall-at-100: 0.00%
2018-05-27 23:24:23,776:INFO: Experiment Progress: 35.0% -- 185/519
2018-05-27 23:24:59,917:INFO: Lung diseases Recall-at-100: 2.50%
2018-05-27 23:24:59,918:INFO: Experiment Progress: 35.0% -- 186/519
2018-05-27 23:25:35,614:INFO: Chronic Obstructive Airway Disease Recall-at-100: 4.50%
2018-05-27 23:25:35,615:INFO: Experiment Progress: 36.0% -- 187/519
2018-05-27 23:26:11,247:INFO: Peripheral Neuropathy Recall-at-100: 2.17%
2018-05-27 23:26:11,248:INFO: Experiment Progress: 36.0% -- 188/519
2018-05-27 23:26:47,107:INFO: Weight Gain Recall-at-100: 4.58%
2018-05-27 23:26:47,108:INFO: Experiment Progress: 36.0% -- 189/519
2018-05-27 23:27:22,413:INFO: Deafness Recall-at-100: 5.00%
2018-05-27 23:27:22,413:INFO: Experiment Progress: 36.0% -- 190/519
2018-05-27 23:27:57,983:INFO: Renal dysplasia and retinal aplasia (disorder) Recall-at-100: 10.00%
2018-05-27 23:27:57,984:INFO: Experiment Progress: 36.0% -- 191/519
2018-05-27 23:28:34,234:INFO: Attention deficit hyperactivity disorder Recall-at-100: 5.83%
2018-05-27 23:28:34,235:INFO: Experiment Progress: 36.0% -- 192/519
2018-05-27 23:29:09,970:INFO: Tetralogy of Fallot Recall-at-100: 15.00%
2018-05-27 23:29:09,971:INFO: Experiment Progress: 37.0% -- 193/519
2018-05-27 23:29:45,715:INFO: Neurodegenerative Disorders Recall-at-100: 7.50%
2018-05-27 23:29:45,715:INFO: Experiment Progress: 37.0% -- 194/519
2018-05-27 23:30:20,822:INFO: Barrett Esophagus Recall-at-100: 0.00%
2018-05-27 23:30:20,822:INFO: Experiment Progress: 37.0% -- 195/519
2018-05-27 23:30:56,691:INFO: Craniofacial Abnormalities Recall-at-100: 2.05%
2018-05-27 23:30:56,692:INFO: Experiment Progress: 37.0% -- 196/519
2018-05-27 23:31:32,565:INFO: Necrotizing Enterocolitis Recall-at-100: 15.00%
2018-05-27 23:31:32,566:INFO: Experiment Progress: 37.0% -- 197/519
2018-05-27 23:32:08,493:INFO: Hyperlipidemia Recall-at-100: 0.00%
2018-05-27 23:32:08,494:INFO: Experiment Progress: 38.0% -- 198/519
2018-05-27 23:32:44,392:INFO: MYELODYSPLASTIC SYNDROME Recall-at-100: 0.00%
2018-05-27 23:32:44,392:INFO: Experiment Progress: 38.0% -- 199/519
2018-05-27 23:33:19,457:INFO: Anoxia Recall-at-100: 6.67%
2018-05-27 23:33:19,458:INFO: Experiment Progress: 38.0% -- 200/519
2018-05-27 23:33:54,174:INFO: Small cell carcinoma of lung Recall-at-100: 7.50%
2018-05-27 23:33:54,176:INFO: Experiment Progress: 38.0% -- 201/519
2018-05-27 23:34:29,765:INFO: Epilepsy Recall-at-100: 3.10%
2018-05-27 23:34:29,766:INFO: Experiment Progress: 38.0% -- 202/519
2018-05-27 23:35:05,031:INFO: Liver Failure, Acute Recall-at-100: 5.00%
2018-05-27 23:35:05,032:INFO: Experiment Progress: 39.0% -- 203/519
2018-05-27 23:35:39,956:INFO: Micronuclei, Chromosome-Defective Recall-at-100: 0.00%
2018-05-27 23:35:39,957:INFO: Experiment Progress: 39.0% -- 204/519
2018-05-27 23:36:15,897:INFO: Cognition Disorders Recall-at-100: 0.00%
2018-05-27 23:36:15,898:INFO: Experiment Progress: 39.0% -- 205/519
2018-05-27 23:36:52,071:INFO: Tonic-Clonic Epilepsy Recall-at-100: 0.00%
2018-05-27 23:36:52,071:INFO: Experiment Progress: 39.0% -- 206/519
2018-05-27 23:37:27,569:INFO: Heart Diseases Recall-at-100: 7.00%
2018-05-27 23:37:27,570:INFO: Experiment Progress: 39.0% -- 207/519
2018-05-27 23:38:02,421:INFO: Adult T-Cell Lymphoma/Leukemia Recall-at-100: 6.67%
2018-05-27 23:38:02,422:INFO: Experiment Progress: 40.0% -- 208/519
2018-05-27 23:38:37,883:INFO: Primary biliary cirrhosis Recall-at-100: 0.00%
2018-05-27 23:38:37,885:INFO: Experiment Progress: 40.0% -- 209/519
2018-05-27 23:39:13,504:INFO: beta Thalassemia Recall-at-100: 0.00%
2018-05-27 23:39:13,505:INFO: Experiment Progress: 40.0% -- 210/519
2018-05-27 23:39:49,212:INFO: Marijuana Abuse Recall-at-100: 0.00%
2018-05-27 23:39:49,213:INFO: Experiment Progress: 40.0% -- 211/519
2018-05-27 23:40:24,690:INFO: Long QT Syndrome Recall-at-100: 10.00%
2018-05-27 23:40:24,690:INFO: Experiment Progress: 40.0% -- 212/519
2018-05-27 23:40:59,632:INFO: Burkitt Lymphoma Recall-at-100: 0.00%
2018-05-27 23:40:59,633:INFO: Experiment Progress: 41.0% -- 213/519
2018-05-27 23:41:35,651:INFO: TOBACCO ADDICTION, SUSCEPTIBILITY TO (finding) Recall-at-100: 0.00%
2018-05-27 23:41:35,651:INFO: Experiment Progress: 41.0% -- 214/519
2018-05-27 23:42:11,057:INFO: Insulin Resistance Recall-at-100: 8.00%
2018-05-27 23:42:11,058:INFO: Experiment Progress: 41.0% -- 215/519
2018-05-27 23:42:45,777:INFO: Left Ventricular Hypertrophy Recall-at-100: 0.00%
2018-05-27 23:42:45,779:INFO: Experiment Progress: 41.0% -- 216/519
2018-05-27 23:43:21,853:INFO: Bronchial Hyperreactivity Recall-at-100: 0.00%
2018-05-27 23:43:21,854:INFO: Experiment Progress: 41.0% -- 217/519
2018-05-27 23:43:57,701:INFO: AMYOTROPHIC LATERAL SCLEROSIS 1 Recall-at-100: 4.00%
2018-05-27 23:43:57,702:INFO: Experiment Progress: 42.0% -- 218/519
2018-05-27 23:44:32,913:INFO: Fetal Growth Retardation Recall-at-100: 0.00%
2018-05-27 23:44:32,914:INFO: Experiment Progress: 42.0% -- 219/519
2018-05-27 23:45:01,704:INFO: Holoprosencephaly Recall-at-100: 0.00%
2018-05-27 23:45:01,705:INFO: Experiment Progress: 42.0% -- 220/519
2018-05-27 23:45:37,311:INFO: Arthritis, Experimental Recall-at-100: 5.00%
2018-05-27 23:45:37,312:INFO: Experiment Progress: 42.0% -- 221/519
2018-05-27 23:46:12,416:INFO: Congenital Heart Defects Recall-at-100: 0.00%
2018-05-27 23:46:12,416:INFO: Experiment Progress: 42.0% -- 222/519
2018-05-27 23:46:43,931:INFO: Pseudohypoaldosteronism Recall-at-100: 22.22%
2018-05-27 23:46:43,932:INFO: Experiment Progress: 42.0% -- 223/519
2018-05-27 23:47:19,230:INFO: Cataract Recall-at-100: 0.00%
2018-05-27 23:47:19,231:INFO: Experiment Progress: 43.0% -- 224/519
2018-05-27 23:47:55,122:INFO: Giant Cell Glioblastoma Recall-at-100: 0.00%
2018-05-27 23:47:55,122:INFO: Experiment Progress: 43.0% -- 225/519
2018-05-27 23:48:31,270:INFO: Seizure Adverse Event Recall-at-100: 0.00%
2018-05-27 23:48:31,270:INFO: Experiment Progress: 43.0% -- 226/519
2018-05-27 23:49:05,715:INFO: Body Weight Recall-at-100: 0.00%
2018-05-27 23:49:05,717:INFO: Experiment Progress: 43.0% -- 227/519
2018-05-27 23:49:41,244:INFO: Huntington Disease Recall-at-100: 0.00%
2018-05-27 23:49:41,245:INFO: Experiment Progress: 43.0% -- 228/519
2018-05-27 23:50:15,776:INFO: Glioblastoma Recall-at-100: 9.76%
2018-05-27 23:50:15,777:INFO: Experiment Progress: 44.0% -- 229/519
2018-05-27 23:50:51,094:INFO: Congenital diaphragmatic hernia Recall-at-100: 0.00%
2018-05-27 23:50:51,095:INFO: Experiment Progress: 44.0% -- 230/519
2018-05-27 23:51:26,798:INFO: Systemic Scleroderma Recall-at-100: 0.00%
2018-05-27 23:51:26,799:INFO: Experiment Progress: 44.0% -- 231/519
2018-05-27 23:52:03,360:INFO: Acute kidney injury Recall-at-100: 4.52%
2018-05-27 23:52:03,361:INFO: Experiment Progress: 44.0% -- 232/519
2018-05-27 23:52:38,986:INFO: Copper-Overload Cirrhosis Recall-at-100: 0.00%
2018-05-27 23:52:38,987:INFO: Experiment Progress: 44.0% -- 233/519
2018-05-27 23:53:14,599:INFO: Spontaneous abortion Recall-at-100: 3.73%
2018-05-27 23:53:14,600:INFO: Experiment Progress: 45.0% -- 234/519
2018-05-27 23:53:50,416:INFO: Glioma Recall-at-100: 1.43%
2018-05-27 23:53:50,417:INFO: Experiment Progress: 45.0% -- 235/519
2018-05-27 23:54:25,523:INFO: Gliosis Recall-at-100: 10.00%
2018-05-27 23:54:25,524:INFO: Experiment Progress: 45.0% -- 236/519
2018-05-27 23:55:01,417:INFO: LEIGH SYNDROME DUE TO MITOCHONDRIAL COMPLEX I DEFICIENCY Recall-at-100: 70.00%
2018-05-27 23:55:01,417:INFO: Experiment Progress: 45.0% -- 237/519
2018-05-27 23:55:36,561:INFO: Dementia Recall-at-100: 0.00%
2018-05-27 23:55:36,562:INFO: Experiment Progress: 45.0% -- 238/519
2018-05-27 23:56:11,842:INFO: Pancreatitis Recall-at-100: 0.00%
2018-05-27 23:56:11,842:INFO: Experiment Progress: 46.0% -- 239/519
2018-05-27 23:56:48,608:INFO: Amino Acid Metabolism, Inborn Errors Recall-at-100: 0.00%
2018-05-27 23:56:48,610:INFO: Experiment Progress: 46.0% -- 240/519
2018-05-27 23:57:24,129:INFO: Thyroid Neoplasm Recall-at-100: 11.67%
2018-05-27 23:57:24,130:INFO: Experiment Progress: 46.0% -- 241/519
2018-05-27 23:57:59,762:INFO: Neoplasm Invasiveness Recall-at-100: 6.41%
2018-05-27 23:57:59,763:INFO: Experiment Progress: 46.0% -- 242/519
2018-05-27 23:58:36,613:INFO: Neoplasm Metastasis Recall-at-100: 3.57%
2018-05-27 23:58:36,614:INFO: Experiment Progress: 46.0% -- 243/519
2018-05-27 23:59:13,000:INFO: Albuminuria Recall-at-100: 5.00%
2018-05-27 23:59:13,001:INFO: Experiment Progress: 47.0% -- 244/519
2018-05-27 23:59:49,390:INFO: Pre-Eclampsia Recall-at-100: 0.00%
2018-05-27 23:59:49,391:INFO: Experiment Progress: 47.0% -- 245/519
2018-05-28 00:00:25,421:INFO: Nerve Degeneration Recall-at-100: 2.68%
2018-05-28 00:00:25,422:INFO: Experiment Progress: 47.0% -- 246/519
2018-05-28 00:01:02,121:INFO: Thromboembolism Recall-at-100: 15.00%
2018-05-28 00:01:02,122:INFO: Experiment Progress: 47.0% -- 247/519
2018-05-28 00:01:37,475:INFO: Polycystic Ovary Syndrome Recall-at-100: 0.71%
2018-05-28 00:01:37,476:INFO: Experiment Progress: 47.0% -- 248/519
2018-05-28 00:02:13,734:INFO: Transient Ischemic Attack Recall-at-100: 0.00%
2018-05-28 00:02:13,734:INFO: Experiment Progress: 47.0% -- 249/519
2018-05-28 00:02:49,184:INFO: Brain Ischemia Recall-at-100: 6.67%
2018-05-28 00:02:49,185:INFO: Experiment Progress: 48.0% -- 250/519
2018-05-28 00:03:24,356:INFO: Cerebral Infarction Recall-at-100: 10.00%
2018-05-28 00:03:24,357:INFO: Experiment Progress: 48.0% -- 251/519
2018-05-28 00:04:00,692:INFO: Malignant neoplasm of esophagus Recall-at-100: 10.00%
2018-05-28 00:04:00,693:INFO: Experiment Progress: 48.0% -- 252/519
2018-05-28 00:04:35,872:INFO: Degenerative polyarthritis Recall-at-100: 2.22%
2018-05-28 00:04:35,873:INFO: Experiment Progress: 48.0% -- 253/519
2018-05-28 00:05:04,210:INFO: Osteitis Deformans Recall-at-100: 0.00%
2018-05-28 00:05:04,211:INFO: Experiment Progress: 48.0% -- 254/519
2018-05-28 00:05:39,459:INFO: Diabetic Cardiomyopathies Recall-at-100: 0.00%
2018-05-28 00:05:39,460:INFO: Experiment Progress: 49.0% -- 255/519
2018-05-28 00:06:15,594:INFO: Nuclear cataract Recall-at-100: 0.00%
2018-05-28 00:06:15,594:INFO: Experiment Progress: 49.0% -- 256/519
2018-05-28 00:06:51,277:INFO: Anorexia Recall-at-100: 0.00%
2018-05-28 00:06:51,278:INFO: Experiment Progress: 49.0% -- 257/519
2018-05-28 00:07:27,043:INFO: Cocaine-Related Disorders Recall-at-100: 2.36%
2018-05-28 00:07:27,044:INFO: Experiment Progress: 49.0% -- 258/519
2018-05-28 00:08:04,688:INFO: MELAS Syndrome Recall-at-100: 50.00%
2018-05-28 00:08:04,689:INFO: Experiment Progress: 49.0% -- 259/519
2018-05-28 00:08:26,626:INFO: Mitochondrial Myopathies Recall-at-100: 0.00%
2018-05-28 00:08:26,627:INFO: Experiment Progress: 50.0% -- 260/519
2018-05-28 00:09:02,280:INFO: Amphetamine-Related Disorders Recall-at-100: 2.68%
2018-05-28 00:09:02,281:INFO: Experiment Progress: 50.0% -- 261/519
2018-05-28 00:09:38,416:INFO: Birth Weight Recall-at-100: 0.00%
2018-05-28 00:09:38,416:INFO: Experiment Progress: 50.0% -- 262/519
2018-05-28 00:10:14,236:INFO: Brain Diseases Recall-at-100: 0.00%
2018-05-28 00:10:14,237:INFO: Experiment Progress: 50.0% -- 263/519
2018-05-28 00:10:49,911:INFO: Dyslipidemias Recall-at-100: 0.00%
2018-05-28 00:10:49,912:INFO: Experiment Progress: 50.0% -- 264/519
2018-05-28 00:11:22,512:INFO: Berylliosis Recall-at-100: 0.00%
2018-05-28 00:11:22,513:INFO: Experiment Progress: 51.0% -- 265/519
2018-05-28 00:11:58,988:INFO: Mental Retardation, X-Linked Recall-at-100: 0.00%
2018-05-28 00:11:58,989:INFO: Experiment Progress: 51.0% -- 266/519
2018-05-28 00:12:27,733:INFO: Sarcoidosis Recall-at-100: 0.00%
2018-05-28 00:12:27,734:INFO: Experiment Progress: 51.0% -- 267/519
2018-05-28 00:13:03,487:INFO: Liver neoplasms Recall-at-100: 3.00%
2018-05-28 00:13:03,487:INFO: Experiment Progress: 51.0% -- 268/519
2018-05-28 00:13:39,122:INFO: Myocardial Reperfusion Injury Recall-at-100: 9.17%
2018-05-28 00:13:39,122:INFO: Experiment Progress: 51.0% -- 269/519
2018-05-28 00:14:14,956:INFO: Microsatellite Instability Recall-at-100: 0.00%
2018-05-28 00:14:14,958:INFO: Experiment Progress: 52.0% -- 270/519
2018-05-28 00:14:50,982:INFO: Night blindness, congenital stationary Recall-at-100: 0.00%
2018-05-28 00:14:50,983:INFO: Experiment Progress: 52.0% -- 271/519
2018-05-28 00:15:26,511:INFO: Stevens-Johnson Syndrome Recall-at-100: 0.00%
2018-05-28 00:15:26,511:INFO: Experiment Progress: 52.0% -- 272/519
2018-05-28 00:16:02,400:INFO: Leukemia, Lymphocytic, Acute, L1 Recall-at-100: 0.00%
2018-05-28 00:16:02,401:INFO: Experiment Progress: 52.0% -- 273/519
2018-05-28 00:16:39,106:INFO: Systemic arterial pressure Recall-at-100: 2.00%
2018-05-28 00:16:39,107:INFO: Experiment Progress: 52.0% -- 274/519
2018-05-28 00:17:15,036:INFO: Learning Disorders Recall-at-100: 0.00%
2018-05-28 00:17:15,037:INFO: Experiment Progress: 52.0% -- 275/519
2018-05-28 00:17:51,473:INFO: Walker-Warburg congenital muscular dystrophy Recall-at-100: 15.00%
2018-05-28 00:17:51,474:INFO: Experiment Progress: 53.0% -- 276/519
2018-05-28 00:18:28,125:INFO: Marfan Syndrome Recall-at-100: 0.00%
2018-05-28 00:18:28,127:INFO: Experiment Progress: 53.0% -- 277/519
2018-05-28 00:19:03,536:INFO: Congenital ocular coloboma (disorder) Recall-at-100: 0.00%
2018-05-28 00:19:03,537:INFO: Experiment Progress: 53.0% -- 278/519
2018-05-28 00:19:39,331:INFO: Lung Neoplasms Recall-at-100: 4.08%
2018-05-28 00:19:39,332:INFO: Experiment Progress: 53.0% -- 279/519
2018-05-28 00:20:05,326:INFO: Myoclonic Epilepsy, Juvenile Recall-at-100: 0.00%
2018-05-28 00:20:05,327:INFO: Experiment Progress: 53.0% -- 280/519
2018-05-28 00:20:41,406:INFO: Inflammatory Bowel Diseases Recall-at-100: 2.50%
2018-05-28 00:20:41,406:INFO: Experiment Progress: 54.0% -- 281/519
2018-05-28 00:21:17,648:INFO: Mammary Neoplasms Recall-at-100: 3.19%
2018-05-28 00:21:17,648:INFO: Experiment Progress: 54.0% -- 282/519
2018-05-28 00:21:39,338:INFO: Idiopathic generalized epilepsy Recall-at-100: 0.00%
2018-05-28 00:21:39,340:INFO: Experiment Progress: 54.0% -- 283/519
2018-05-28 00:22:15,275:INFO: Neuralgia Recall-at-100: 0.00%
2018-05-28 00:22:15,276:INFO: Experiment Progress: 54.0% -- 284/519
2018-05-28 00:22:51,219:INFO: Neural Tube Defects Recall-at-100: 0.00%
2018-05-28 00:22:51,219:INFO: Experiment Progress: 54.0% -- 285/519
2018-05-28 00:23:26,712:INFO: Dermatitis, Allergic Contact Recall-at-100: 3.10%
2018-05-28 00:23:26,713:INFO: Experiment Progress: 55.0% -- 286/519
2018-05-28 00:24:02,497:INFO: Inborn Errors of Metabolism Recall-at-100: 0.00%
2018-05-28 00:24:02,498:INFO: Experiment Progress: 55.0% -- 287/519
2018-05-28 00:24:38,809:INFO: Platelet mean volume finding Recall-at-100: 0.00%
2018-05-28 00:24:38,811:INFO: Experiment Progress: 55.0% -- 288/519
2018-05-28 00:25:14,292:INFO: Intestinal Neoplasms Recall-at-100: 0.00%
2018-05-28 00:25:14,293:INFO: Experiment Progress: 55.0% -- 289/519
2018-05-28 00:25:49,610:INFO: Allergic rhinitis (disorder) Recall-at-100: 0.00%
2018-05-28 00:25:49,610:INFO: Experiment Progress: 55.0% -- 290/519
2018-05-28 00:26:25,279:INFO: Blood pressure finding Recall-at-100: 0.00%
2018-05-28 00:26:25,280:INFO: Experiment Progress: 56.0% -- 291/519
2018-05-28 00:27:00,966:INFO: Age related macular degeneration Recall-at-100: 0.00%
2018-05-28 00:27:00,967:INFO: Experiment Progress: 56.0% -- 292/519
2018-05-28 00:27:38,272:INFO: Hyperplasia Recall-at-100: 6.67%
2018-05-28 00:27:38,272:INFO: Experiment Progress: 56.0% -- 293/519
2018-05-28 00:28:14,724:INFO: Pulmonary function (finding) Recall-at-100: 0.00%
2018-05-28 00:28:14,725:INFO: Experiment Progress: 56.0% -- 294/519
2018-05-28 00:28:50,306:INFO: Spina Bifida Recall-at-100: 0.00%
2018-05-28 00:28:50,307:INFO: Experiment Progress: 56.0% -- 295/519
2018-05-28 00:29:26,811:INFO: Hypertrophic Cardiomyopathy Recall-at-100: 5.00%
2018-05-28 00:29:26,812:INFO: Experiment Progress: 57.0% -- 296/519
2018-05-28 00:30:02,446:INFO: Bardet-Biedl Syndrome Recall-at-100: 18.33%
2018-05-28 00:30:02,447:INFO: Experiment Progress: 57.0% -- 297/519
2018-05-28 00:30:37,919:INFO: Keloid Recall-at-100: 2.50%
2018-05-28 00:30:37,920:INFO: Experiment Progress: 57.0% -- 298/519
2018-05-28 00:31:13,408:INFO: melanoma Recall-at-100: 3.11%
2018-05-28 00:31:13,409:INFO: Experiment Progress: 57.0% -- 299/519
2018-05-28 00:31:49,338:INFO: LEUKEMIA, ACUTE LYMPHOBLASTIC, SUSCEPTIBILITY TO, 3 Recall-at-100: 0.00%
2018-05-28 00:31:49,339:INFO: Experiment Progress: 57.0% -- 300/519
2018-05-28 00:32:24,600:INFO: Pneumonia Recall-at-100: 10.00%
2018-05-28 00:32:24,600:INFO: Experiment Progress: 57.0% -- 301/519
2018-05-28 00:33:00,114:INFO: Disease Progression Recall-at-100: 1.67%
2018-05-28 00:33:00,115:INFO: Experiment Progress: 58.0% -- 302/519
2018-05-28 00:33:36,213:INFO: Nephroblastoma Recall-at-100: 5.00%
2018-05-28 00:33:36,214:INFO: Experiment Progress: 58.0% -- 303/519
2018-05-28 00:34:12,353:INFO: Severe Combined Immunodeficiency Recall-at-100: 20.00%
2018-05-28 00:34:12,354:INFO: Experiment Progress: 58.0% -- 304/519
2018-05-28 00:34:48,488:INFO: Malignant neoplasm of ovary Recall-at-100: 0.00%
2018-05-28 00:34:48,488:INFO: Experiment Progress: 58.0% -- 305/519
2018-05-28 00:35:23,650:INFO: Pheochromocytoma Recall-at-100: 10.00%
2018-05-28 00:35:23,651:INFO: Experiment Progress: 58.0% -- 306/519
2018-05-28 00:35:59,668:INFO: Testicular Germ Cell Tumor Recall-at-100: 0.00%
2018-05-28 00:35:59,669:INFO: Experiment Progress: 59.0% -- 307/519
2018-05-28 00:36:35,686:INFO: Hypogonadism Recall-at-100: 10.00%
2018-05-28 00:36:35,687:INFO: Experiment Progress: 59.0% -- 308/519
2018-05-28 00:37:11,695:INFO: Movement Disorders Recall-at-100: 0.00%
2018-05-28 00:37:11,696:INFO: Experiment Progress: 59.0% -- 309/519
2018-05-28 00:37:48,197:INFO: Sarcoma Recall-at-100: 15.00%
2018-05-28 00:37:48,198:INFO: Experiment Progress: 59.0% -- 310/519
2018-05-28 00:38:24,371:INFO: Lymphatic Metastasis Recall-at-100: 0.00%
2018-05-28 00:38:24,372:INFO: Experiment Progress: 59.0% -- 311/519
2018-05-28 00:39:00,570:INFO: Hypoglycemia Recall-at-100: 0.00%
2018-05-28 00:39:00,572:INFO: Experiment Progress: 60.0% -- 312/519
2018-05-28 00:39:36,644:INFO: Anemia, Sickle Cell Recall-at-100: 0.00%
2018-05-28 00:39:36,645:INFO: Experiment Progress: 60.0% -- 313/519
2018-05-28 00:40:13,000:INFO: Muscular Dystrophy, Facioscapulohumeral Recall-at-100: 0.00%
2018-05-28 00:40:13,001:INFO: Experiment Progress: 60.0% -- 314/519
2018-05-28 00:40:49,930:INFO: Colorectal Cancer Recall-at-100: 0.00%
2018-05-28 00:40:49,931:INFO: Experiment Progress: 60.0% -- 315/519
2018-05-28 00:41:25,405:INFO: Atherosclerosis Recall-at-100: 1.67%
2018-05-28 00:41:25,406:INFO: Experiment Progress: 60.0% -- 316/519
2018-05-28 00:42:01,180:INFO: Asthma Recall-at-100: 0.91%
2018-05-28 00:42:01,180:INFO: Experiment Progress: 61.0% -- 317/519
2018-05-28 00:42:37,111:INFO: Cardiomyopathy, Hypertrophic, Familial Recall-at-100: 10.00%
2018-05-28 00:42:37,112:INFO: Experiment Progress: 61.0% -- 318/519
2018-05-28 00:43:12,548:INFO: Skin Neoplasms Recall-at-100: 4.00%
2018-05-28 00:43:12,549:INFO: Experiment Progress: 61.0% -- 319/519
2018-05-28 00:43:48,282:INFO: Seizures Recall-at-100: 3.33%
2018-05-28 00:43:48,282:INFO: Experiment Progress: 61.0% -- 320/519
2018-05-28 00:44:24,916:INFO: Alzheimer's Disease Recall-at-100: 0.00%
2018-05-28 00:44:24,916:INFO: Experiment Progress: 61.0% -- 321/519
2018-05-28 00:45:01,295:INFO: Menopause present (finding) Recall-at-100: 0.00%
2018-05-28 00:45:01,295:INFO: Experiment Progress: 62.0% -- 322/519
2018-05-28 00:45:37,308:INFO: Neoplastic Syndromes, Hereditary Recall-at-100: 2.00%
2018-05-28 00:45:37,308:INFO: Experiment Progress: 62.0% -- 323/519
2018-05-28 00:46:13,259:INFO: Gastrointestinal Diseases Recall-at-100: 0.00%
2018-05-28 00:46:13,260:INFO: Experiment Progress: 62.0% -- 324/519
2018-05-28 00:46:49,067:INFO: Cytochrome-c Oxidase Deficiency Recall-at-100: 15.00%
2018-05-28 00:46:49,069:INFO: Experiment Progress: 62.0% -- 325/519
2018-05-28 00:47:25,724:INFO: Retinal Degeneration Recall-at-100: 0.00%
2018-05-28 00:47:25,725:INFO: Experiment Progress: 62.0% -- 326/519
2018-05-28 00:48:01,273:INFO: Retinal Diseases Recall-at-100: 0.00%
2018-05-28 00:48:01,275:INFO: Experiment Progress: 63.0% -- 327/519
2018-05-28 00:48:37,337:INFO: Methylmalonic acidemia Recall-at-100: 0.00%
2018-05-28 00:48:37,337:INFO: Experiment Progress: 63.0% -- 328/519
2018-05-28 00:49:12,438:INFO: Contact Dermatitis Recall-at-100: 4.29%
2018-05-28 00:49:12,439:INFO: Experiment Progress: 63.0% -- 329/519
2018-05-28 00:49:48,247:INFO: Dermatitis, Atopic Recall-at-100: 10.00%
2018-05-28 00:49:48,248:INFO: Experiment Progress: 63.0% -- 330/519
2018-05-28 00:50:23,719:INFO: Coronary heart disease Recall-at-100: 0.00%
2018-05-28 00:50:23,720:INFO: Experiment Progress: 63.0% -- 331/519
2018-05-28 00:50:59,262:INFO: Osteoporosis Recall-at-100: 3.33%
2018-05-28 00:50:59,263:INFO: Experiment Progress: 63.0% -- 332/519
2018-05-28 00:51:36,140:INFO: Cardiomegaly Recall-at-100: 2.86%
2018-05-28 00:51:36,141:INFO: Experiment Progress: 64.0% -- 333/519
2018-05-28 00:52:11,713:INFO: Heart failure Recall-at-100: 2.50%
2018-05-28 00:52:11,713:INFO: Experiment Progress: 64.0% -- 334/519
2018-05-28 00:52:47,396:INFO: Hereditary Breast and Ovarian Cancer Syndrome Recall-at-100: 15.00%
2018-05-28 00:52:47,397:INFO: Experiment Progress: 64.0% -- 335/519
2018-05-28 00:53:23,147:INFO: Major Depressive Disorder Recall-at-100: 3.33%
2018-05-28 00:53:23,148:INFO: Experiment Progress: 64.0% -- 336/519
2018-05-28 00:53:58,169:INFO: Dermatologic disorders Recall-at-100: 0.00%
2018-05-28 00:53:58,169:INFO: Experiment Progress: 64.0% -- 337/519
2018-05-28 00:54:34,015:INFO: Inflammation Recall-at-100: 6.36%
2018-05-28 00:54:34,016:INFO: Experiment Progress: 65.0% -- 338/519
2018-05-28 00:55:10,149:INFO: Diabetic Neuropathies Recall-at-100: 0.00%
2018-05-28 00:55:10,150:INFO: Experiment Progress: 65.0% -- 339/519
2018-05-28 00:55:45,939:INFO: Male infertility Recall-at-100: 5.00%
2018-05-28 00:55:45,940:INFO: Experiment Progress: 65.0% -- 340/519
2018-05-28 00:56:23,095:INFO: Vascular Diseases Recall-at-100: 5.00%
2018-05-28 00:56:23,096:INFO: Experiment Progress: 65.0% -- 341/519
2018-05-28 00:56:58,377:INFO: Female infertility Recall-at-100: 11.67%
2018-05-28 00:56:58,378:INFO: Experiment Progress: 65.0% -- 342/519
2018-05-28 00:57:34,822:INFO: leukemia Recall-at-100: 2.50%
2018-05-28 00:57:34,822:INFO: Experiment Progress: 66.0% -- 343/519
2018-05-28 00:58:10,444:INFO: Ulcerative Colitis Recall-at-100: 5.00%
2018-05-28 00:58:10,445:INFO: Experiment Progress: 66.0% -- 344/519
2018-05-28 00:58:45,627:INFO: Influenza Recall-at-100: 0.00%
2018-05-28 00:58:45,628:INFO: Experiment Progress: 66.0% -- 345/519
2018-05-28 00:59:21,950:INFO: Nephritis, Interstitial Recall-at-100: 10.00%
2018-05-28 00:59:21,951:INFO: Experiment Progress: 66.0% -- 346/519
2018-05-28 00:59:57,678:INFO: Sjogren's Syndrome Recall-at-100: 0.00%
2018-05-28 00:59:57,678:INFO: Experiment Progress: 66.0% -- 347/519
2018-05-28 01:00:33,383:INFO: Infant length Recall-at-100: 0.00%
2018-05-28 01:00:33,384:INFO: Experiment Progress: 67.0% -- 348/519
2018-05-28 01:01:09,129:INFO: Child Development Disorders, Pervasive Recall-at-100: 0.00%
2018-05-28 01:01:09,130:INFO: Experiment Progress: 67.0% -- 349/519
2018-05-28 01:01:45,453:INFO: Substance Withdrawal Syndrome Recall-at-100: 7.67%
2018-05-28 01:01:45,454:INFO: Experiment Progress: 67.0% -- 350/519
2018-05-28 01:02:21,613:INFO: Malformations of Cortical Development Recall-at-100: 0.00%
2018-05-28 01:02:21,614:INFO: Experiment Progress: 67.0% -- 351/519
2018-05-28 01:02:56,868:INFO: Amyotrophic Lateral Sclerosis Recall-at-100: 1.43%
2018-05-28 01:02:56,869:INFO: Experiment Progress: 67.0% -- 352/519
2018-05-28 01:03:33,135:INFO: Developmental Disabilities Recall-at-100: 0.00%
2018-05-28 01:03:33,136:INFO: Experiment Progress: 68.0% -- 353/519
2018-05-28 01:04:08,348:INFO: Febrile Convulsions Recall-at-100: 0.00%
2018-05-28 01:04:08,349:INFO: Experiment Progress: 68.0% -- 354/519
2018-05-28 01:04:45,488:INFO: Cholestasis Recall-at-100: 0.00%
2018-05-28 01:04:45,489:INFO: Experiment Progress: 68.0% -- 355/519
2018-05-28 01:05:21,131:INFO: Pulmonary Hypertension Recall-at-100: 3.33%
2018-05-28 01:05:21,132:INFO: Experiment Progress: 68.0% -- 356/519
2018-05-28 01:05:57,042:INFO: Papillary thyroid carcinoma Recall-at-100: 6.67%
2018-05-28 01:05:57,042:INFO: Experiment Progress: 68.0% -- 357/519
2018-05-28 01:06:34,157:INFO: Salivary Gland Neoplasms Recall-at-100: 0.00%
2018-05-28 01:06:34,157:INFO: Experiment Progress: 68.0% -- 358/519
2018-05-28 01:07:10,005:INFO: Non-alcoholic Fatty Liver Disease Recall-at-100: 0.00%
2018-05-28 01:07:10,008:INFO: Experiment Progress: 69.0% -- 359/519
2018-05-28 01:07:46,859:INFO: Hay fever Recall-at-100: 0.00%
2018-05-28 01:07:46,860:INFO: Experiment Progress: 69.0% -- 360/519
2018-05-28 01:08:23,192:INFO: Hypercholesterolemia, Familial Recall-at-100: 20.00%
2018-05-28 01:08:23,193:INFO: Experiment Progress: 69.0% -- 361/519
2018-05-28 01:08:58,594:INFO: Down Syndrome Recall-at-100: 2.11%
2018-05-28 01:08:58,595:INFO: Experiment Progress: 69.0% -- 362/519
2018-05-28 01:09:34,725:INFO: Arrhythmogenic Right Ventricular Dysplasia Recall-at-100: 0.00%
2018-05-28 01:09:34,726:INFO: Experiment Progress: 69.0% -- 363/519
2018-05-28 01:10:10,237:INFO: Semilobar Holoprosencephaly Recall-at-100: 0.00%
2018-05-28 01:10:10,238:INFO: Experiment Progress: 70.0% -- 364/519
2018-05-28 01:10:46,065:INFO: Hypertriglyceridemia Recall-at-100: 0.00%
2018-05-28 01:10:46,066:INFO: Experiment Progress: 70.0% -- 365/519
2018-05-28 01:11:19,166:INFO: Sensorineural Hearing Loss (disorder) Recall-at-100: 0.00%
2018-05-28 01:11:19,167:INFO: Experiment Progress: 70.0% -- 366/519
2018-05-28 01:11:55,475:INFO: Metabolic Syndrome X Recall-at-100: 2.50%
2018-05-28 01:11:55,477:INFO: Experiment Progress: 70.0% -- 367/519
2018-05-28 01:12:31,726:INFO: Malignant neoplasm of lung Recall-at-100: 5.00%
2018-05-28 01:12:31,728:INFO: Experiment Progress: 70.0% -- 368/519
2018-05-28 01:13:07,305:INFO: Leukemia, Myelocytic, Acute Recall-at-100: 1.82%
2018-05-28 01:13:07,306:INFO: Experiment Progress: 71.0% -- 369/519
2018-05-28 01:13:43,362:INFO: Malignant neoplasm of prostate Recall-at-100: 0.00%
2018-05-28 01:13:43,364:INFO: Experiment Progress: 71.0% -- 370/519
2018-05-28 01:14:18,880:INFO: Renal Insufficiency Recall-at-100: 0.00%
2018-05-28 01:14:18,881:INFO: Experiment Progress: 71.0% -- 371/519
2018-05-28 01:14:50,292:INFO: Jeune thoracic dystrophy Recall-at-100: 22.22%
2018-05-28 01:14:50,294:INFO: Experiment Progress: 71.0% -- 372/519
2018-05-28 01:15:27,205:INFO: Renal Cell Carcinoma Recall-at-100: 1.67%
2018-05-28 01:15:27,206:INFO: Experiment Progress: 71.0% -- 373/519
2018-05-28 01:16:04,184:INFO: Squamous cell carcinoma Recall-at-100: 2.36%
2018-05-28 01:16:04,185:INFO: Experiment Progress: 72.0% -- 374/519
2018-05-28 01:16:40,167:INFO: Non-Small Cell Lung Carcinoma Recall-at-100: 4.55%
2018-05-28 01:16:40,167:INFO: Experiment Progress: 72.0% -- 375/519
2018-05-28 01:17:14,759:INFO: Manganese Poisoning Recall-at-100: 0.00%
2018-05-28 01:17:14,760:INFO: Experiment Progress: 72.0% -- 376/519
2018-05-28 01:17:50,117:INFO: Ventricular Dysfunction, Left Recall-at-100: 0.00%
2018-05-28 01:17:50,118:INFO: Experiment Progress: 72.0% -- 377/519
2018-05-28 01:18:26,090:INFO: Carcinoma, Transitional Cell Recall-at-100: 6.67%
2018-05-28 01:18:26,091:INFO: Experiment Progress: 72.0% -- 378/519
2018-05-28 01:19:02,127:INFO: Mucocutaneous Lymph Node Syndrome Recall-at-100: 0.00%
2018-05-28 01:19:02,128:INFO: Experiment Progress: 73.0% -- 379/519
2018-05-28 01:19:37,769:INFO: Tobacco Use Disorder Recall-at-100: 0.00%
2018-05-28 01:19:37,770:INFO: Experiment Progress: 73.0% -- 380/519
2018-05-28 01:20:13,331:INFO: Proteinuria Recall-at-100: 2.50%
2018-05-28 01:20:13,332:INFO: Experiment Progress: 73.0% -- 381/519
2018-05-28 01:20:49,257:INFO: Diabetic Nephropathy Recall-at-100: 2.50%
2018-05-28 01:20:49,257:INFO: Experiment Progress: 73.0% -- 382/519
2018-05-28 01:21:25,735:INFO: Williams Syndrome Recall-at-100: 0.00%
2018-05-28 01:21:25,736:INFO: Experiment Progress: 73.0% -- 383/519
2018-05-28 01:22:01,083:INFO: Oral Submucous Fibrosis Recall-at-100: 20.00%
2018-05-28 01:22:01,084:INFO: Experiment Progress: 73.0% -- 384/519
2018-05-28 01:22:37,013:INFO: Adenoma Recall-at-100: 11.67%
2018-05-28 01:22:37,015:INFO: Experiment Progress: 74.0% -- 385/519
2018-05-28 01:23:13,587:INFO: Neutropenia Recall-at-100: 0.00%
2018-05-28 01:23:13,588:INFO: Experiment Progress: 74.0% -- 386/519
2018-05-28 01:23:48,675:INFO: Poor school performance Recall-at-100: 0.00%
2018-05-28 01:23:48,677:INFO: Experiment Progress: 74.0% -- 387/519
2018-05-28 01:24:25,178:INFO: Pneumoconiosis Recall-at-100: 0.00%
2018-05-28 01:24:25,179:INFO: Experiment Progress: 74.0% -- 388/519
2018-05-28 01:25:02,629:INFO: Cardiovascular Diseases Recall-at-100: 2.00%
2018-05-28 01:25:02,631:INFO: Experiment Progress: 74.0% -- 389/519
2018-05-28 01:25:37,638:INFO: Fibrinogen Adverse Event Recall-at-100: 0.00%
2018-05-28 01:25:37,639:INFO: Experiment Progress: 75.0% -- 390/519
2018-05-28 01:26:13,585:INFO: Diabetes Mellitus, Non-Insulin-Dependent Recall-at-100: 2.58%
2018-05-28 01:26:13,586:INFO: Experiment Progress: 75.0% -- 391/519
2018-05-28 01:26:48,940:INFO: Thrombocytopenia Recall-at-100: 5.00%
2018-05-28 01:26:48,941:INFO: Experiment Progress: 75.0% -- 392/519
2018-05-28 01:27:25,272:INFO: Sezary Syndrome Recall-at-100: 8.33%
2018-05-28 01:27:25,273:INFO: Experiment Progress: 75.0% -- 393/519
2018-05-28 01:28:01,529:INFO: Nuclear non-senile cataract Recall-at-100: 5.00%
2018-05-28 01:28:01,530:INFO: Experiment Progress: 75.0% -- 394/519
2018-05-28 01:28:37,304:INFO: Diabetic Retinopathy Recall-at-100: 0.00%
2018-05-28 01:28:37,305:INFO: Experiment Progress: 76.0% -- 395/519
2018-05-28 01:29:13,432:INFO: hearing impairment Recall-at-100: 0.00%
2018-05-28 01:29:13,432:INFO: Experiment Progress: 76.0% -- 396/519
2018-05-28 01:29:49,431:INFO: Psychotic Disorders Recall-at-100: 5.00%
2018-05-28 01:29:49,432:INFO: Experiment Progress: 76.0% -- 397/519
2018-05-28 01:30:26,065:INFO: Anxiety Disorders Recall-at-100: 3.33%
2018-05-28 01:30:26,066:INFO: Experiment Progress: 76.0% -- 398/519
2018-05-28 01:31:02,903:INFO: Finding of Mean Corpuscular Hemoglobin Recall-at-100: 0.00%
2018-05-28 01:31:02,904:INFO: Experiment Progress: 76.0% -- 399/519
2018-05-28 01:31:38,585:INFO: Motion Sickness Recall-at-100: 0.00%
2018-05-28 01:31:38,586:INFO: Experiment Progress: 77.0% -- 400/519
2018-05-28 01:32:15,863:INFO: Lymphoma, Non-Hodgkin Recall-at-100: 5.00%
2018-05-28 01:32:15,863:INFO: Experiment Progress: 77.0% -- 401/519
2018-05-28 01:32:51,442:INFO: Lymphoma, Follicular Recall-at-100: 5.00%
2018-05-28 01:32:51,443:INFO: Experiment Progress: 77.0% -- 402/519
2018-05-28 01:33:27,408:INFO: Thrombocythemia, Essential Recall-at-100: 20.00%
2018-05-28 01:33:27,408:INFO: Experiment Progress: 77.0% -- 403/519
2018-05-28 01:33:59,822:INFO: Arthritis Recall-at-100: 0.00%
2018-05-28 01:33:59,823:INFO: Experiment Progress: 77.0% -- 404/519
2018-05-28 01:34:36,800:INFO: Hypotension Recall-at-100: 5.67%
2018-05-28 01:34:36,801:INFO: Experiment Progress: 78.0% -- 405/519
2018-05-28 01:35:12,788:INFO: Reperfusion Injury Recall-at-100: 3.61%
2018-05-28 01:35:12,788:INFO: Experiment Progress: 78.0% -- 406/519
2018-05-28 01:35:49,761:INFO: Heat Stroke Recall-at-100: 0.00%
2018-05-28 01:35:49,763:INFO: Experiment Progress: 78.0% -- 407/519
2018-05-28 01:36:26,180:INFO: Hemangiosarcoma Recall-at-100: 15.00%
2018-05-28 01:36:26,181:INFO: Experiment Progress: 78.0% -- 408/519
2018-05-28 01:37:01,206:INFO: Drug Allergy Recall-at-100: 0.00%
2018-05-28 01:37:01,207:INFO: Experiment Progress: 78.0% -- 409/519
2018-05-28 01:37:36,873:INFO: SOLITARY MEDIAN MAXILLARY CENTRAL INCISOR Recall-at-100: 0.00%
2018-05-28 01:37:36,874:INFO: Experiment Progress: 78.0% -- 410/519
2018-05-28 01:38:12,398:INFO: Medulloblastoma Recall-at-100: 5.00%
2018-05-28 01:38:12,401:INFO: Experiment Progress: 79.0% -- 411/519
2018-05-28 01:38:48,733:INFO: Cleft Lip Recall-at-100: 5.00%
2018-05-28 01:38:48,734:INFO: Experiment Progress: 79.0% -- 412/519
2018-05-28 01:39:24,838:INFO: Cleft Palate Recall-at-100: 2.50%
2018-05-28 01:39:24,839:INFO: Experiment Progress: 79.0% -- 413/519
2018-05-28 01:40:03,233:INFO: Muscle Weakness Recall-at-100: 3.33%
2018-05-28 01:40:03,234:INFO: Experiment Progress: 79.0% -- 414/519
2018-05-28 01:40:38,510:INFO: Mental disorders Recall-at-100: 5.00%
2018-05-28 01:40:38,511:INFO: Experiment Progress: 79.0% -- 415/519
2018-05-28 01:41:14,207:INFO: Astrocytoma Recall-at-100: 5.00%
2018-05-28 01:41:14,207:INFO: Experiment Progress: 80.0% -- 416/519
2018-05-28 01:41:50,838:INFO: Anemia, Diamond-Blackfan Recall-at-100: 15.00%
2018-05-28 01:41:50,838:INFO: Experiment Progress: 80.0% -- 417/519
2018-05-28 01:42:27,265:INFO: Asthma, Aspirin-Induced Recall-at-100: 0.00%
2018-05-28 01:42:27,265:INFO: Experiment Progress: 80.0% -- 418/519
2018-05-28 01:43:02,385:INFO: Leber Congenital Amaurosis Recall-at-100: 0.00%
2018-05-28 01:43:02,386:INFO: Experiment Progress: 80.0% -- 419/519
2018-05-28 01:43:38,798:INFO: Cachexia Recall-at-100: 0.00%
2018-05-28 01:43:38,800:INFO: Experiment Progress: 80.0% -- 420/519
2018-05-28 01:44:14,243:INFO: Respiratory Insufficiency Recall-at-100: 0.00%
2018-05-28 01:44:14,244:INFO: Experiment Progress: 81.0% -- 421/519
2018-05-28 01:44:51,449:INFO: Respiratory Hypersensitivity Recall-at-100: 5.00%
2018-05-28 01:44:51,449:INFO: Experiment Progress: 81.0% -- 422/519
2018-05-28 01:45:28,379:INFO: Nasopharyngeal carcinoma Recall-at-100: 0.00%
2018-05-28 01:45:28,380:INFO: Experiment Progress: 81.0% -- 423/519
2018-05-28 01:46:04,748:INFO: Hyperalgesia Recall-at-100: 10.00%
2018-05-28 01:46:04,749:INFO: Experiment Progress: 81.0% -- 424/519
2018-05-28 01:46:55,648:INFO: Meningioma Recall-at-100: 0.00%
2018-05-28 01:46:55,649:INFO: Experiment Progress: 81.0% -- 425/519
2018-05-28 01:47:53,409:INFO: Sudden Cardiac Arrest Recall-at-100: 0.00%
2018-05-28 01:47:53,410:INFO: Experiment Progress: 82.0% -- 426/519
2018-05-28 01:48:48,573:INFO: Intellectual Disability Recall-at-100: 0.00%
2018-05-28 01:48:48,574:INFO: Experiment Progress: 82.0% -- 427/519
2018-05-28 01:49:43,009:INFO: Graves Disease Recall-at-100: 0.00%
2018-05-28 01:49:43,011:INFO: Experiment Progress: 82.0% -- 428/519
2018-05-28 01:50:34,691:INFO: Neurotoxicity Syndromes Recall-at-100: 0.00%
2018-05-28 01:50:34,692:INFO: Experiment Progress: 82.0% -- 429/519
2018-05-28 01:51:23,084:INFO: Cardiomyopathy, Familial Hypertrophic, 1 (disorder) Recall-at-100: 0.00%
2018-05-28 01:51:23,084:INFO: Experiment Progress: 82.0% -- 430/519
2018-05-28 01:52:06,816:INFO: Atrial Fibrillation Recall-at-100: 5.00%
2018-05-28 01:52:06,817:INFO: Experiment Progress: 83.0% -- 431/519
2018-05-28 01:52:44,092:INFO: Hepatitis, Chronic Recall-at-100: 8.33%
2018-05-28 01:52:44,092:INFO: Experiment Progress: 83.0% -- 432/519
2018-05-28 01:53:23,126:INFO: Behcet Syndrome Recall-at-100: 8.33%
2018-05-28 01:53:23,127:INFO: Experiment Progress: 83.0% -- 433/519
2018-05-28 01:54:00,050:INFO: Diabetes Mellitus, Insulin-Dependent Recall-at-100: 2.86%
2018-05-28 01:54:00,051:INFO: Experiment Progress: 83.0% -- 434/519
2018-05-28 01:54:39,084:INFO: Diabetes Mellitus, Experimental Recall-at-100: 3.64%
2018-05-28 01:54:39,084:INFO: Experiment Progress: 83.0% -- 435/519
2018-05-28 01:55:19,081:INFO: Parkinsonian Disorders Recall-at-100: 10.00%
2018-05-28 01:55:19,081:INFO: Experiment Progress: 84.0% -- 436/519
2018-05-28 01:55:59,425:INFO: Necrosis Recall-at-100: 6.00%
2018-05-28 01:55:59,426:INFO: Experiment Progress: 84.0% -- 437/519
2018-05-28 01:56:37,914:INFO: Gestational Diabetes Recall-at-100: 0.00%
2018-05-28 01:56:37,914:INFO: Experiment Progress: 84.0% -- 438/519
2018-05-28 01:57:16,306:INFO: Idiopathic Membranous Glomerulonephritis Recall-at-100: 0.00%
2018-05-28 01:57:16,307:INFO: Experiment Progress: 84.0% -- 439/519
2018-05-28 01:57:55,404:INFO: Hypersensitivity Recall-at-100: 4.76%
2018-05-28 01:57:55,405:INFO: Experiment Progress: 84.0% -- 440/519
2018-05-28 01:58:34,472:INFO: Myopia Recall-at-100: 0.00%
2018-05-28 01:58:34,473:INFO: Experiment Progress: 84.0% -- 441/519
2018-05-28 01:59:12,530:INFO: Hyperemia Recall-at-100: 0.00%
2018-05-28 01:59:12,531:INFO: Experiment Progress: 85.0% -- 442/519
2018-05-28 01:59:51,650:INFO: Tooth Abnormalities Recall-at-100: 0.00%
2018-05-28 01:59:51,650:INFO: Experiment Progress: 85.0% -- 443/519
2018-05-28 02:00:30,904:INFO: Hyperglycemia Recall-at-100: 10.00%
2018-05-28 02:00:30,907:INFO: Experiment Progress: 85.0% -- 444/519
2018-05-28 02:01:11,182:INFO: Noonan Syndrome Recall-at-100: 10.00%
2018-05-28 02:01:11,183:INFO: Experiment Progress: 85.0% -- 445/519
2018-05-28 02:01:49,558:INFO: Hyperinsulinism Recall-at-100: 15.00%
2018-05-28 02:01:49,559:INFO: Experiment Progress: 85.0% -- 446/519
2018-05-28 02:02:28,533:INFO: Edema Recall-at-100: 0.00%
2018-05-28 02:02:28,534:INFO: Experiment Progress: 86.0% -- 447/519
2018-05-28 02:03:08,208:INFO: Hodgkin Disease Recall-at-100: 0.00%
2018-05-28 02:03:08,209:INFO: Experiment Progress: 86.0% -- 448/519
2018-05-28 02:03:46,942:INFO: Metabolic Bone Disorder Recall-at-100: 0.00%
2018-05-28 02:03:46,942:INFO: Experiment Progress: 86.0% -- 449/519
2018-05-28 02:04:24,238:INFO: Bone Diseases, Developmental Recall-at-100: 3.33%
2018-05-28 02:04:24,238:INFO: Experiment Progress: 86.0% -- 450/519
2018-05-28 02:05:04,752:INFO: Tachycardia, Ventricular Recall-at-100: 0.00%
2018-05-28 02:05:04,752:INFO: Experiment Progress: 86.0% -- 451/519
2018-05-28 02:05:42,924:INFO: Dystonia Recall-at-100: 0.00%
2018-05-28 02:05:42,925:INFO: Experiment Progress: 87.0% -- 452/519
2018-05-28 02:06:21,861:INFO: Squamous cell carcinoma of the head and neck Recall-at-100: 0.00%
2018-05-28 02:06:21,861:INFO: Experiment Progress: 87.0% -- 453/519
2018-05-28 02:07:01,142:INFO: Pulmonary Embolism Recall-at-100: 0.00%
2018-05-28 02:07:01,143:INFO: Experiment Progress: 87.0% -- 454/519
2018-05-28 02:07:40,048:INFO: Pulmonary Fibrosis Recall-at-100: 0.00%
2018-05-28 02:07:40,049:INFO: Experiment Progress: 87.0% -- 455/519
2018-05-28 02:08:18,228:INFO: West Syndrome Recall-at-100: 0.00%
2018-05-28 02:08:18,229:INFO: Experiment Progress: 87.0% -- 456/519
2018-05-28 02:08:57,064:INFO: Cerebral Hemorrhage Recall-at-100: 13.33%
2018-05-28 02:08:57,065:INFO: Experiment Progress: 88.0% -- 457/519
2018-05-28 02:09:38,100:INFO: Romano-Ward Syndrome Recall-at-100: 0.00%
2018-05-28 02:09:38,101:INFO: Experiment Progress: 88.0% -- 458/519
2018-05-28 02:10:16,474:INFO: Mouth Neoplasms Recall-at-100: 2.00%
2018-05-28 02:10:16,474:INFO: Experiment Progress: 88.0% -- 459/519
2018-05-28 02:10:54,412:INFO: Liver Cirrhosis Recall-at-100: 5.67%
2018-05-28 02:10:54,413:INFO: Experiment Progress: 88.0% -- 460/519
2018-05-28 02:11:32,909:INFO: Neoplasm Recurrence, Local Recall-at-100: 6.67%
2018-05-28 02:11:32,910:INFO: Experiment Progress: 88.0% -- 461/519
2018-05-28 02:12:11,925:INFO: Obesity Recall-at-100: 3.85%
2018-05-28 02:12:11,926:INFO: Experiment Progress: 89.0% -- 462/519
2018-05-28 02:12:50,758:INFO: Biliary cirrhosis Recall-at-100: 0.00%
2018-05-28 02:12:50,758:INFO: Experiment Progress: 89.0% -- 463/519
2018-05-28 02:13:30,918:INFO: Precursor Cell Lymphoblastic Leukemia Lymphoma Recall-at-100: 2.50%
2018-05-28 02:13:30,919:INFO: Experiment Progress: 89.0% -- 464/519
2018-05-28 02:14:08,459:INFO: Cardiomyopathies Recall-at-100: 8.89%
2018-05-28 02:14:08,459:INFO: Experiment Progress: 89.0% -- 465/519
2018-05-28 02:14:47,166:INFO: Peroxisome biogenesis disorders Recall-at-100: 0.00%
2018-05-28 02:14:47,167:INFO: Experiment Progress: 89.0% -- 466/519
2018-05-28 02:15:29,075:INFO: Dyskeratosis Congenita Recall-at-100: 0.00%
2018-05-28 02:15:29,075:INFO: Experiment Progress: 89.0% -- 467/519
2018-05-28 02:16:08,463:INFO: Uremia Recall-at-100: 5.00%
2018-05-28 02:16:08,463:INFO: Experiment Progress: 90.0% -- 468/519
2018-05-28 02:16:46,629:INFO: Depressive disorder Recall-at-100: 3.33%
2018-05-28 02:16:46,631:INFO: Experiment Progress: 90.0% -- 469/519
2018-05-28 02:17:25,222:INFO: Thrombosis Recall-at-100: 10.00%
2018-05-28 02:17:25,223:INFO: Experiment Progress: 90.0% -- 470/519
2018-05-28 02:18:04,233:INFO: nervous system disorder Recall-at-100: 6.00%
2018-05-28 02:18:04,233:INFO: Experiment Progress: 90.0% -- 471/519
2018-05-28 02:18:41,523:INFO: Lymphoma Recall-at-100: 0.00%
2018-05-28 02:18:41,524:INFO: Experiment Progress: 90.0% -- 472/519
2018-05-28 02:19:22,356:INFO: IGA Glomerulonephritis Recall-at-100: 1.63%
2018-05-28 02:19:22,357:INFO: Experiment Progress: 91.0% -- 473/519
2018-05-28 02:20:02,921:INFO: Kidney Neoplasm Recall-at-100: 3.33%
2018-05-28 02:20:02,921:INFO: Experiment Progress: 91.0% -- 474/519
2018-05-28 02:20:41,492:INFO: Hypothermia, natural Recall-at-100: 10.00%
2018-05-28 02:20:41,493:INFO: Experiment Progress: 91.0% -- 475/519
2018-05-28 02:21:19,194:INFO: Focal glomerulosclerosis Recall-at-100: 0.00%
2018-05-28 02:21:19,195:INFO: Experiment Progress: 91.0% -- 476/519
2018-05-28 02:21:58,580:INFO: Hepatitis B, Chronic Recall-at-100: 0.00%
2018-05-28 02:21:58,581:INFO: Experiment Progress: 91.0% -- 477/519
2018-05-28 02:22:36,861:INFO: Drug Eruptions Recall-at-100: 5.00%
2018-05-28 02:22:36,861:INFO: Experiment Progress: 92.0% -- 478/519
2018-05-28 02:23:14,438:INFO: Malignant neoplasm of pancreas Recall-at-100: 0.00%
2018-05-28 02:23:14,439:INFO: Experiment Progress: 92.0% -- 479/519
2018-05-28 02:23:53,289:INFO: Stomach Neoplasms Recall-at-100: 3.18%
2018-05-28 02:23:53,289:INFO: Experiment Progress: 92.0% -- 480/519
2018-05-28 02:24:32,546:INFO: Osteosarcoma Recall-at-100: 5.00%
2018-05-28 02:24:32,547:INFO: Experiment Progress: 92.0% -- 481/519
2018-05-28 02:25:11,943:INFO: Vitiligo Recall-at-100: 0.00%
2018-05-28 02:25:11,943:INFO: Experiment Progress: 92.0% -- 482/519
2018-05-28 02:25:51,630:INFO: Gastric ulcer Recall-at-100: 0.00%
2018-05-28 02:25:51,630:INFO: Experiment Progress: 93.0% -- 483/519
2018-05-28 02:26:30,589:INFO: Malignant neoplasm of breast Recall-at-100: 3.33%
2018-05-28 02:26:30,589:INFO: Experiment Progress: 93.0% -- 484/519
2018-05-28 02:27:10,618:INFO: Drug-Induced Liver Injury Recall-at-100: 7.58%
2018-05-28 02:27:10,619:INFO: Experiment Progress: 93.0% -- 485/519
2018-05-28 02:27:48,579:INFO: Colitis Recall-at-100: 0.00%
2018-05-28 02:27:48,580:INFO: Experiment Progress: 93.0% -- 486/519
2018-05-28 02:28:26,554:INFO: Lymphoma, T-Cell, Cutaneous Recall-at-100: 0.00%
2018-05-28 02:28:26,554:INFO: Experiment Progress: 93.0% -- 487/519
2018-05-28 02:29:04,265:INFO: T-Cell Lymphoma Recall-at-100: 10.00%
2018-05-28 02:29:04,267:INFO: Experiment Progress: 94.0% -- 488/519
2018-05-28 02:29:44,164:INFO: Hyperactive behavior Recall-at-100: 3.33%
2018-05-28 02:29:44,165:INFO: Experiment Progress: 94.0% -- 489/519
2018-05-28 02:30:22,815:INFO: Skin Abnormalities Recall-at-100: 0.00%
2018-05-28 02:30:22,815:INFO: Experiment Progress: 94.0% -- 490/519
2018-05-28 02:31:03,086:INFO: Epithelial ovarian cancer Recall-at-100: 0.00%
2018-05-28 02:31:03,087:INFO: Experiment Progress: 94.0% -- 491/519
2018-05-28 02:31:42,591:INFO: Infantile Refsum Disease (disorder) Recall-at-100: 10.00%
2018-05-28 02:31:42,592:INFO: Experiment Progress: 94.0% -- 492/519
2018-05-28 02:32:21,266:INFO: Adrenoleukodystrophy, Neonatal Recall-at-100: 0.00%
2018-05-28 02:32:21,267:INFO: Experiment Progress: 94.0% -- 493/519
2018-05-28 02:33:00,717:INFO: Hirschsprung Disease Recall-at-100: 0.00%
2018-05-28 02:33:00,717:INFO: Experiment Progress: 95.0% -- 494/519
2018-05-28 02:33:38,812:INFO: Female Urogenital Diseases Recall-at-100: 0.00%
2018-05-28 02:33:38,813:INFO: Experiment Progress: 95.0% -- 495/519
2018-05-28 02:34:17,447:INFO: ovarian neoplasm Recall-at-100: 2.11%
2018-05-28 02:34:17,449:INFO: Experiment Progress: 95.0% -- 496/519
2018-05-28 02:34:56,820:INFO: Aortic Aneurysm, Abdominal Recall-at-100: 5.00%
2018-05-28 02:34:56,821:INFO: Experiment Progress: 95.0% -- 497/519
2018-05-28 02:35:36,736:INFO: Venous Thrombosis Recall-at-100: 15.00%
2018-05-28 02:35:36,737:INFO: Experiment Progress: 95.0% -- 498/519
2018-05-28 02:36:15,703:INFO: Amnesia Recall-at-100: 0.00%
2018-05-28 02:36:15,704:INFO: Experiment Progress: 96.0% -- 499/519
2018-05-28 02:36:55,237:INFO: Bladder Neoplasm Recall-at-100: 3.82%
2018-05-28 02:36:55,239:INFO: Experiment Progress: 96.0% -- 500/519
2018-05-28 02:37:33,787:INFO: Hemorrhage Recall-at-100: 5.00%
2018-05-28 02:37:33,788:INFO: Experiment Progress: 96.0% -- 501/519
2018-05-28 02:38:14,287:INFO: Status Epilepticus Recall-at-100: 4.52%
2018-05-28 02:38:14,288:INFO: Experiment Progress: 96.0% -- 502/519
2018-05-28 02:38:52,959:INFO: Chronic Kidney Diseases Recall-at-100: 0.00%
2018-05-28 02:38:52,960:INFO: Experiment Progress: 96.0% -- 503/519
2018-05-28 02:39:33,868:INFO: Myeloid Leukemia, Chronic Recall-at-100: 0.00%
2018-05-28 02:39:33,869:INFO: Experiment Progress: 97.0% -- 504/519
2018-05-28 02:40:12,765:INFO: Myeloid Leukemia Recall-at-100: 0.00%
2018-05-28 02:40:12,766:INFO: Experiment Progress: 97.0% -- 505/519
2018-05-28 02:40:51,613:INFO: Calcinosis Recall-at-100: 2.50%
2018-05-28 02:40:51,614:INFO: Experiment Progress: 97.0% -- 506/519
2018-05-28 02:41:31,547:INFO: Creutzfeldt-Jakob disease Recall-at-100: 0.00%
2018-05-28 02:41:31,548:INFO: Experiment Progress: 97.0% -- 507/519
2018-05-28 02:42:09,921:INFO: Left ventricular noncompaction Recall-at-100: 0.00%
2018-05-28 02:42:09,922:INFO: Experiment Progress: 97.0% -- 508/519
2018-05-28 02:42:49,103:INFO: Parkinson Disease Recall-at-100: 1.00%
2018-05-28 02:42:49,104:INFO: Experiment Progress: 98.0% -- 509/519
2018-05-28 02:43:28,557:INFO: Endometrial Neoplasms Recall-at-100: 0.00%
2018-05-28 02:43:28,558:INFO: Experiment Progress: 98.0% -- 510/519
2018-05-28 02:44:08,945:INFO: Sepsis Recall-at-100: 8.33%
2018-05-28 02:44:08,946:INFO: Experiment Progress: 98.0% -- 511/519
2018-05-28 02:44:48,158:INFO: Endometriosis Recall-at-100: 4.54%
2018-05-28 02:44:48,159:INFO: Experiment Progress: 98.0% -- 512/519
2018-05-28 02:45:27,812:INFO: Esophageal Neoplasms Recall-at-100: 3.10%
2018-05-28 02:45:27,814:INFO: Experiment Progress: 98.0% -- 513/519
2018-05-28 02:46:08,004:INFO: Eosinophilic esophagitis Recall-at-100: 0.00%
2018-05-28 02:46:08,005:INFO: Experiment Progress: 99.0% -- 514/519
2018-05-28 02:46:48,147:INFO: Malignant neoplasm of urinary bladder Recall-at-100: 0.00%
2018-05-28 02:46:48,148:INFO: Experiment Progress: 99.0% -- 515/519
2018-05-28 02:47:27,640:INFO: Lewy Body Disease Recall-at-100: 0.00%
2018-05-28 02:47:27,641:INFO: Experiment Progress: 99.0% -- 516/519
2018-05-28 02:48:06,739:INFO: PARKINSON DISEASE, LATE-ONSET Recall-at-100: 0.00%
2018-05-28 02:48:06,740:INFO: Experiment Progress: 99.0% -- 517/519
2018-05-28 02:48:45,478:INFO: Neoplastic Cell Transformation Recall-at-100: 3.75%
2018-05-28 02:48:45,479:INFO: Experiment Progress: 99.0% -- 518/519
2018-05-28 02:49:26,324:INFO: Arsenic Poisoning Recall-at-100: 1.67%
