2018-06-22 15:40:23,227:INFO: Complementarity Sharing in Disease Pathways
2018-06-22 15:40:23,227:INFO: Sabri Eyuboglu  -- SNAP Group
2018-06-22 15:40:23,227:INFO: ======================================
2018-06-22 15:40:23,227:INFO: Loading PPI Network...
2018-06-22 15:40:38,089:INFO: Loading Disease Associations...
2018-06-22 15:40:38,241:INFO: Loading PPI Matrices...
2018-06-22 15:40:52,159:INFO: Running Experiment...
2018-06-22 15:46:12,814:INFO: Complementarity Sharing in Disease Pathways
2018-06-22 15:46:12,815:INFO: Sabri Eyuboglu  -- SNAP Group
2018-06-22 15:46:12,815:INFO: ======================================
2018-06-22 15:46:12,815:INFO: Loading PPI Network...
2018-06-22 15:46:27,612:INFO: Loading Disease Associations...
2018-06-22 15:46:27,772:INFO: Loading PPI Matrices...
2018-06-22 15:46:40,275:INFO: Running Experiment...
2018-06-22 15:47:37,359:INFO: Complementarity Sharing in Disease Pathways
2018-06-22 15:47:37,359:INFO: Sabri Eyuboglu  -- SNAP Group
2018-06-22 15:47:37,359:INFO: ======================================
2018-06-22 15:47:37,360:INFO: Loading PPI Network...
2018-06-22 15:47:55,663:INFO: Complementarity Sharing in Disease Pathways
2018-06-22 15:47:55,663:INFO: Sabri Eyuboglu  -- SNAP Group
2018-06-22 15:47:55,663:INFO: ======================================
2018-06-22 15:47:55,663:INFO: Loading PPI Network...
2018-06-22 15:48:08,374:INFO: Loading Disease Associations...
2018-06-22 15:48:08,522:INFO: Loading PPI Matrices...
2018-06-22 15:48:19,521:INFO: Running Experiment...
2018-06-22 15:53:16,005:INFO: Complementarity Sharing in Disease Pathways
2018-06-22 15:53:16,005:INFO: Sabri Eyuboglu  -- SNAP Group
2018-06-22 15:53:16,006:INFO: ======================================
2018-06-22 15:53:16,007:INFO: Loading PPI Network...
2018-06-22 15:53:28,416:INFO: Loading Disease Associations...
2018-06-22 15:53:28,555:INFO: Loading PPI Matrices...
2018-06-22 15:53:40,488:INFO: Running Experiment...
2018-06-22 16:01:26,561:INFO: Complementarity Sharing in Disease Pathways
2018-06-22 16:01:26,561:INFO: Sabri Eyuboglu  -- SNAP Group
2018-06-22 16:01:26,562:INFO: ======================================
2018-06-22 16:01:26,562:INFO: Loading PPI Network...
2018-06-22 16:01:38,268:INFO: Loading Disease Associations...
2018-06-22 16:01:38,359:INFO: Loading PPI Matrices...
2018-06-22 16:01:50,595:INFO: Running Experiment...
2018-06-22 16:05:11,660:INFO: Complementarity Sharing in Disease Pathways
2018-06-22 16:05:11,661:INFO: Sabri Eyuboglu  -- SNAP Group
2018-06-22 16:05:11,661:INFO: ======================================
2018-06-22 16:05:11,661:INFO: Loading PPI Network...
2018-06-22 16:05:29,451:INFO: Complementarity Sharing in Disease Pathways
2018-06-22 16:05:29,451:INFO: Sabri Eyuboglu  -- SNAP Group
2018-06-22 16:05:29,451:INFO: ======================================
2018-06-22 16:05:29,451:INFO: Loading PPI Network...
2018-06-22 16:05:42,084:INFO: Loading Disease Associations...
2018-06-22 16:05:42,179:INFO: Loading PPI Matrices...
2018-06-22 16:05:53,931:INFO: Running Experiment...
2018-06-22 16:09:23,425:INFO: Complementarity Sharing in Disease Pathways
2018-06-22 16:09:23,425:INFO: Sabri Eyuboglu  -- SNAP Group
2018-06-22 16:09:23,426:INFO: ======================================
2018-06-22 16:09:23,426:INFO: Loading PPI Network...
2018-06-22 16:09:35,174:INFO: Loading Disease Associations...
2018-06-22 16:09:35,269:INFO: Loading PPI Matrices...
2018-06-22 16:09:46,688:INFO: Running Experiment...
2018-06-22 16:12:41,568:INFO: Complementarity Sharing in Disease Pathways
2018-06-22 16:12:41,568:INFO: Sabri Eyuboglu  -- SNAP Group
2018-06-22 16:12:41,568:INFO: ======================================
2018-06-22 16:12:41,569:INFO: Loading PPI Network...
2018-06-22 16:12:54,862:INFO: Loading Disease Associations...
2018-06-22 16:12:54,986:INFO: Loading PPI Matrices...
2018-06-22 16:13:06,506:INFO: Running Experiment...
2018-06-22 16:17:14,852:INFO: Complementarity Sharing in Disease Pathways
2018-06-22 16:17:14,852:INFO: Sabri Eyuboglu  -- SNAP Group
2018-06-22 16:17:14,852:INFO: ======================================
2018-06-22 16:17:14,852:INFO: Loading PPI Network...
2018-06-22 16:17:25,827:INFO: Loading Disease Associations...
2018-06-22 16:17:25,915:INFO: Loading PPI Matrices...
2018-06-22 16:17:37,233:INFO: Running Experiment...
2018-06-22 16:20:36,892:INFO: Complementarity Sharing in Disease Pathways
2018-06-22 16:20:36,892:INFO: Sabri Eyuboglu  -- SNAP Group
2018-06-22 16:20:36,893:INFO: ======================================
2018-06-22 16:20:36,893:INFO: Loading PPI Network...
2018-06-22 16:20:51,961:INFO: Loading Disease Associations...
2018-06-22 16:20:52,097:INFO: Loading PPI Matrices...
2018-06-22 16:21:05,171:INFO: Running Experiment...
2018-06-22 16:23:17,686:INFO: Complementarity Sharing in Disease Pathways
2018-06-22 16:23:17,686:INFO: Sabri Eyuboglu  -- SNAP Group
2018-06-22 16:23:17,686:INFO: ======================================
2018-06-22 16:23:17,686:INFO: Loading PPI Network...
2018-06-22 16:23:28,972:INFO: Loading Disease Associations...
2018-06-22 16:23:29,064:INFO: Loading PPI Matrices...
2018-06-22 16:23:40,769:INFO: Running Experiment...
2018-06-22 16:24:37,750:INFO: Complementarity Sharing in Disease Pathways
2018-06-22 16:24:37,750:INFO: Sabri Eyuboglu  -- SNAP Group
2018-06-22 16:24:37,750:INFO: ======================================
2018-06-22 16:24:37,750:INFO: Loading PPI Network...
2018-06-22 16:24:49,215:INFO: Loading Disease Associations...
2018-06-22 16:24:49,315:INFO: Loading PPI Matrices...
2018-06-22 16:25:00,964:INFO: Running Experiment...
2018-06-22 16:46:14,563:INFO: Complementarity Sharing in Disease Pathways
2018-06-22 16:46:14,563:INFO: Sabri Eyuboglu  -- SNAP Group
2018-06-22 16:46:14,563:INFO: ======================================
2018-06-22 16:46:14,563:INFO: Loading PPI Network...
2018-06-22 16:46:25,412:INFO: Loading Disease Associations...
2018-06-22 16:46:25,521:INFO: Loading PPI Matrices...
2018-06-22 16:46:40,005:INFO: Running Experiment...
2018-06-22 17:01:44,344:INFO: Complementarity Sharing in Disease Pathways
2018-06-22 17:01:44,345:INFO: Sabri Eyuboglu  -- SNAP Group
2018-06-22 17:01:44,345:INFO: ======================================
2018-06-22 17:01:44,345:INFO: Loading PPI Network...
2018-06-22 17:01:56,308:INFO: Loading Disease Associations...
2018-06-22 17:01:56,396:INFO: Loading PPI Matrices...
2018-06-22 17:02:10,369:INFO: Running Experiment...
2018-06-22 17:10:59,711:INFO: Complementarity Sharing in Disease Pathways
2018-06-22 17:10:59,711:INFO: Sabri Eyuboglu  -- SNAP Group
2018-06-22 17:10:59,711:INFO: ======================================
2018-06-22 17:10:59,712:INFO: Loading PPI Network...
2018-06-22 17:11:12,034:INFO: Loading Disease Associations...
2018-06-22 17:11:12,159:INFO: Loading PPI Matrices...
2018-06-22 17:11:24,682:INFO: Running Experiment...
2018-06-22 17:13:43,651:INFO: Complementarity Sharing in Disease Pathways
2018-06-22 17:13:43,651:INFO: Sabri Eyuboglu  -- SNAP Group
2018-06-22 17:13:43,651:INFO: ======================================
2018-06-22 17:13:43,651:INFO: Loading PPI Network...
2018-06-22 17:13:56,638:INFO: Loading Disease Associations...
2018-06-22 17:13:56,762:INFO: Loading PPI Matrices...
2018-06-22 17:14:08,920:INFO: Running Experiment...
2018-06-22 17:59:24,298:INFO: Complementarity Sharing in Disease Pathways
2018-06-22 17:59:24,298:INFO: Sabri Eyuboglu  -- SNAP Group
2018-06-22 17:59:24,298:INFO: ======================================
2018-06-22 17:59:24,298:INFO: Loading PPI Network...
2018-06-22 17:59:37,696:INFO: Loading Disease Associations...
2018-06-22 17:59:37,790:INFO: Loading PPI Matrices...
2018-06-22 17:59:52,240:INFO: Running Experiment...
2018-09-28 17:15:15,468:INFO: Complementarity Sharing in Disease Pathways
2018-09-28 17:15:15,470:INFO: Sabri Eyuboglu  -- SNAP Group
2018-09-28 17:15:15,470:INFO: ======================================
2018-09-28 17:15:15,470:INFO: Loading PPI Network...
2018-09-28 17:15:23,770:INFO: Loading Disease Associations...
2018-09-28 17:15:23,856:INFO: Loading PPI Matrices...
2018-09-28 17:15:31,069:INFO: Running Experiment...
2018-09-28 17:23:24,087:INFO: Complementarity Sharing in Disease Pathways
2018-09-28 17:23:24,088:INFO: Sabri Eyuboglu  -- SNAP Group
2018-09-28 17:23:24,088:INFO: ======================================
2018-09-28 17:23:24,088:INFO: Loading PPI Network...
2018-09-28 17:23:31,676:INFO: Loading Disease Associations...
2018-09-28 17:23:31,767:INFO: Loading PPI Matrices...
2018-09-28 17:23:34,699:INFO: Running Experiment...
2018-09-28 17:50:28,822:INFO: Complementarity Sharing in Disease Pathways
2018-09-28 17:50:28,823:INFO: Sabri Eyuboglu  -- SNAP Group
2018-09-28 17:50:28,823:INFO: ======================================
2018-09-28 17:50:28,823:INFO: Loading PPI Network...
2018-09-28 17:50:36,363:INFO: Loading Disease Associations...
2018-09-28 17:50:36,457:INFO: Loading PPI Matrices...
2018-09-28 17:50:42,337:INFO: Running Experiment...
