2018-05-23 12:36:02,194:INFO: Disease Protein Prediction in the PPI Network
2018-05-23 12:36:02,194:INFO: Sabri Eyuboglu  -- SNAP Group
2018-05-23 12:36:02,194:INFO: ======================================
2018-05-23 12:36:02,194:INFO: Loading PPI Network...
2018-05-23 12:36:15,823:INFO: Loading Disease Associations...
2018-05-23 12:36:15,857:INFO: Loading PPI Matrix...
2018-05-23 12:36:49,514:INFO: Running Experiment...
2018-05-23 12:36:49,530:INFO: Experiment Progress: 0.0% -- 0/519
2018-05-23 12:36:50,189:INFO: Experiment Progress: 0.2% -- 1/519
2018-05-23 12:36:50,801:INFO: Experiment Progress: 0.4% -- 2/519
2018-05-23 12:36:51,295:INFO: Experiment Progress: 0.6% -- 3/519
2018-05-23 12:36:52,504:INFO: Experiment Progress: 0.8% -- 4/519
2018-05-23 12:36:53,074:INFO: Experiment Progress: 1.0% -- 5/519
2018-05-23 12:36:53,570:INFO: Experiment Progress: 1.2% -- 6/519
2018-05-23 12:36:54,027:INFO: Experiment Progress: 1.3% -- 7/519
2018-05-23 12:36:54,674:INFO: Experiment Progress: 1.5% -- 8/519
2018-05-23 12:36:56,379:INFO: Experiment Progress: 1.7% -- 9/519
2018-05-23 12:36:56,826:INFO: Experiment Progress: 1.9% -- 10/519
2018-05-23 12:36:59,624:INFO: Experiment Progress: 2.1% -- 11/519
2018-05-23 12:37:00,150:INFO: Experiment Progress: 2.3% -- 12/519
2018-05-23 12:37:00,803:INFO: Experiment Progress: 2.5% -- 13/519
2018-05-23 12:37:01,470:INFO: Experiment Progress: 2.7% -- 14/519
2018-05-23 12:37:01,936:INFO: Experiment Progress: 2.9% -- 15/519
2018-05-23 12:37:02,466:INFO: Experiment Progress: 3.1% -- 16/519
2018-05-23 12:37:02,893:INFO: Experiment Progress: 3.3% -- 17/519
2018-05-23 12:37:04,344:INFO: Experiment Progress: 3.5% -- 18/519
2018-05-23 12:37:04,838:INFO: Experiment Progress: 3.7% -- 19/519
2018-05-23 12:37:06,349:INFO: Experiment Progress: 3.9% -- 20/519
2018-05-23 12:37:08,348:INFO: Experiment Progress: 4.0% -- 21/519
2018-05-23 12:37:09,073:INFO: Experiment Progress: 4.2% -- 22/519
2018-05-23 12:37:09,682:INFO: Experiment Progress: 4.4% -- 23/519
2018-05-23 12:37:10,105:INFO: Experiment Progress: 4.6% -- 24/519
2018-05-23 12:37:10,600:INFO: Experiment Progress: 4.8% -- 25/519
2018-05-23 12:37:11,295:INFO: Experiment Progress: 5.0% -- 26/519
2018-05-23 12:37:11,782:INFO: Experiment Progress: 5.2% -- 27/519
2018-05-23 12:37:12,495:INFO: Experiment Progress: 5.4% -- 28/519
2018-05-23 12:37:13,315:INFO: Experiment Progress: 5.6% -- 29/519
2018-05-23 12:37:13,820:INFO: Experiment Progress: 5.8% -- 30/519
2018-05-23 12:37:14,216:INFO: Experiment Progress: 6.0% -- 31/519
2018-05-23 12:37:14,896:INFO: Experiment Progress: 6.2% -- 32/519
2018-05-23 12:37:15,627:INFO: Experiment Progress: 6.4% -- 33/519
2018-05-23 12:37:16,069:INFO: Experiment Progress: 6.6% -- 34/519
2018-05-23 12:37:16,684:INFO: Experiment Progress: 6.7% -- 35/519
2018-05-23 12:37:16,896:INFO: Experiment Progress: 6.9% -- 36/519
2018-05-23 12:37:17,368:INFO: Experiment Progress: 7.1% -- 37/519
2018-05-23 12:37:17,790:INFO: Experiment Progress: 7.3% -- 38/519
2018-05-23 12:37:18,245:INFO: Experiment Progress: 7.5% -- 39/519
2018-05-23 12:37:18,785:INFO: Experiment Progress: 7.7% -- 40/519
2018-05-23 12:37:19,360:INFO: Experiment Progress: 7.9% -- 41/519
2018-05-23 12:37:19,914:INFO: Experiment Progress: 8.1% -- 42/519
2018-05-23 12:37:20,376:INFO: Experiment Progress: 8.3% -- 43/519
2018-05-23 12:37:21,254:INFO: Experiment Progress: 8.5% -- 44/519
2018-05-23 12:37:21,743:INFO: Experiment Progress: 8.7% -- 45/519
2018-05-23 12:37:22,201:INFO: Experiment Progress: 8.9% -- 46/519
2018-05-23 12:37:22,968:INFO: Experiment Progress: 9.1% -- 47/519
2018-05-23 12:37:23,122:INFO: Experiment Progress: 9.2% -- 48/519
2018-05-23 12:37:23,815:INFO: Experiment Progress: 9.4% -- 49/519
2018-05-23 12:37:24,346:INFO: Experiment Progress: 9.6% -- 50/519
2018-05-23 12:37:24,861:INFO: Experiment Progress: 9.8% -- 51/519
2018-05-23 12:37:25,463:INFO: Experiment Progress: 10.0% -- 52/519
2018-05-23 12:37:26,248:INFO: Experiment Progress: 10.2% -- 53/519
2018-05-23 12:37:26,754:INFO: Experiment Progress: 10.4% -- 54/519
2018-05-23 12:37:27,290:INFO: Experiment Progress: 10.6% -- 55/519
2018-05-23 12:37:27,634:INFO: Experiment Progress: 10.8% -- 56/519
2018-05-23 12:37:28,036:INFO: Experiment Progress: 11.0% -- 57/519
2018-05-23 12:37:28,456:INFO: Experiment Progress: 11.2% -- 58/519
2018-05-23 12:37:29,074:INFO: Experiment Progress: 11.4% -- 59/519
2018-05-23 12:37:29,411:INFO: Experiment Progress: 11.6% -- 60/519
2018-05-23 12:37:29,930:INFO: Experiment Progress: 11.8% -- 61/519
2018-05-23 12:37:30,619:INFO: Experiment Progress: 11.9% -- 62/519
2018-05-23 12:37:31,060:INFO: Experiment Progress: 12.1% -- 63/519
2018-05-23 12:37:31,492:INFO: Experiment Progress: 12.3% -- 64/519
2018-05-23 12:37:32,066:INFO: Experiment Progress: 12.5% -- 65/519
2018-05-23 12:37:32,475:INFO: Experiment Progress: 12.7% -- 66/519
2018-05-23 12:37:32,885:INFO: Experiment Progress: 12.9% -- 67/519
2018-05-23 12:37:34,025:INFO: Experiment Progress: 13.1% -- 68/519
2018-05-23 12:37:34,660:INFO: Experiment Progress: 13.3% -- 69/519
2018-05-23 12:37:35,746:INFO: Experiment Progress: 13.5% -- 70/519
2018-05-23 12:37:37,158:INFO: Experiment Progress: 13.7% -- 71/519
2018-05-23 12:37:37,681:INFO: Experiment Progress: 13.9% -- 72/519
2018-05-23 12:37:38,112:INFO: Experiment Progress: 14.1% -- 73/519
2018-05-23 12:37:38,616:INFO: Experiment Progress: 14.3% -- 74/519
2018-05-23 12:37:39,039:INFO: Experiment Progress: 14.5% -- 75/519
2018-05-23 12:37:39,559:INFO: Experiment Progress: 14.6% -- 76/519
2018-05-23 12:37:40,012:INFO: Experiment Progress: 14.8% -- 77/519
2018-05-23 12:37:41,519:INFO: Experiment Progress: 15.0% -- 78/519
2018-05-23 12:37:42,196:INFO: Experiment Progress: 15.2% -- 79/519
2018-05-23 12:37:43,177:INFO: Experiment Progress: 15.4% -- 80/519
2018-05-23 12:37:43,952:INFO: Experiment Progress: 15.6% -- 81/519
2018-05-23 12:37:44,426:INFO: Experiment Progress: 15.8% -- 82/519
2018-05-23 12:37:45,054:INFO: Experiment Progress: 16.0% -- 83/519
2018-05-23 12:37:45,749:INFO: Experiment Progress: 16.2% -- 84/519
2018-05-23 12:37:46,311:INFO: Experiment Progress: 16.4% -- 85/519
2018-05-23 12:37:46,821:INFO: Experiment Progress: 16.6% -- 86/519
2018-05-23 12:37:47,354:INFO: Experiment Progress: 16.8% -- 87/519
2018-05-23 12:37:47,982:INFO: Experiment Progress: 17.0% -- 88/519
2018-05-23 12:37:48,397:INFO: Experiment Progress: 17.1% -- 89/519
2018-05-23 12:37:48,933:INFO: Experiment Progress: 17.3% -- 90/519
2018-05-23 12:37:49,294:INFO: Experiment Progress: 17.5% -- 91/519
2018-05-23 12:37:52,110:INFO: Experiment Progress: 17.7% -- 92/519
2018-05-23 12:37:52,552:INFO: Experiment Progress: 17.9% -- 93/519
2018-05-23 12:37:52,987:INFO: Experiment Progress: 18.1% -- 94/519
2018-05-23 12:37:53,833:INFO: Experiment Progress: 18.3% -- 95/519
2018-05-23 12:37:54,335:INFO: Experiment Progress: 18.5% -- 96/519
2018-05-23 12:37:56,291:INFO: Experiment Progress: 18.7% -- 97/519
2018-05-23 12:37:56,873:INFO: Experiment Progress: 18.9% -- 98/519
2018-05-23 12:37:57,458:INFO: Experiment Progress: 19.1% -- 99/519
2018-05-23 12:37:57,962:INFO: Experiment Progress: 19.3% -- 100/519
2018-05-23 12:37:58,392:INFO: Experiment Progress: 19.5% -- 101/519
2018-05-23 12:37:58,831:INFO: Experiment Progress: 19.7% -- 102/519
2018-05-23 12:37:59,185:INFO: Experiment Progress: 19.8% -- 103/519
2018-05-23 12:38:01,146:INFO: Experiment Progress: 20.0% -- 104/519
2018-05-23 12:38:01,721:INFO: Experiment Progress: 20.2% -- 105/519
2018-05-23 12:38:02,520:INFO: Experiment Progress: 20.4% -- 106/519
2018-05-23 12:38:03,006:INFO: Experiment Progress: 20.6% -- 107/519
2018-05-23 12:38:03,485:INFO: Experiment Progress: 20.8% -- 108/519
2018-05-23 12:38:03,886:INFO: Experiment Progress: 21.0% -- 109/519
2018-05-23 12:38:04,410:INFO: Experiment Progress: 21.2% -- 110/519
2018-05-23 12:38:04,825:INFO: Experiment Progress: 21.4% -- 111/519
2018-05-23 12:38:06,097:INFO: Experiment Progress: 21.6% -- 112/519
2018-05-23 12:38:06,570:INFO: Experiment Progress: 21.8% -- 113/519
2018-05-23 12:38:07,818:INFO: Experiment Progress: 22.0% -- 114/519
2018-05-23 12:38:08,281:INFO: Experiment Progress: 22.2% -- 115/519
2018-05-23 12:38:09,162:INFO: Experiment Progress: 22.4% -- 116/519
2018-05-23 12:38:09,793:INFO: Experiment Progress: 22.5% -- 117/519
2018-05-23 12:38:10,200:INFO: Experiment Progress: 22.7% -- 118/519
2018-05-23 12:38:10,600:INFO: Experiment Progress: 22.9% -- 119/519
2018-05-23 12:38:11,113:INFO: Experiment Progress: 23.1% -- 120/519
2018-05-23 12:38:16,939:INFO: Experiment Progress: 23.3% -- 121/519
2018-05-23 12:38:17,582:INFO: Experiment Progress: 23.5% -- 122/519
2018-05-23 12:38:18,084:INFO: Experiment Progress: 23.7% -- 123/519
2018-05-23 12:38:18,968:INFO: Experiment Progress: 23.9% -- 124/519
2018-05-23 12:38:20,052:INFO: Experiment Progress: 24.1% -- 125/519
2018-05-23 12:38:20,715:INFO: Experiment Progress: 24.3% -- 126/519
2018-05-23 12:38:21,380:INFO: Experiment Progress: 24.5% -- 127/519
2018-05-23 12:38:22,121:INFO: Experiment Progress: 24.7% -- 128/519
2018-05-23 12:38:22,694:INFO: Experiment Progress: 24.9% -- 129/519
2018-05-23 12:38:23,942:INFO: Experiment Progress: 25.0% -- 130/519
2018-05-23 12:38:24,572:INFO: Experiment Progress: 25.2% -- 131/519
2018-05-23 12:38:25,092:INFO: Experiment Progress: 25.4% -- 132/519
2018-05-23 12:38:27,071:INFO: Experiment Progress: 25.6% -- 133/519
2018-05-23 12:38:29,975:INFO: Experiment Progress: 25.8% -- 134/519
2018-05-23 12:38:30,893:INFO: Experiment Progress: 26.0% -- 135/519
2018-05-23 12:38:31,407:INFO: Experiment Progress: 26.2% -- 136/519
2018-05-23 12:38:32,067:INFO: Experiment Progress: 26.4% -- 137/519
2018-05-23 12:38:32,596:INFO: Experiment Progress: 26.6% -- 138/519
2018-05-23 12:38:34,007:INFO: Experiment Progress: 26.8% -- 139/519
2018-05-23 12:38:34,420:INFO: Experiment Progress: 27.0% -- 140/519
2018-05-23 12:38:34,939:INFO: Experiment Progress: 27.2% -- 141/519
2018-05-23 12:38:35,529:INFO: Experiment Progress: 27.4% -- 142/519
2018-05-23 12:38:37,771:INFO: Experiment Progress: 27.6% -- 143/519
2018-05-23 12:38:38,301:INFO: Experiment Progress: 27.7% -- 144/519
2018-05-23 12:38:38,802:INFO: Experiment Progress: 27.9% -- 145/519
2018-05-23 12:38:40,056:INFO: Experiment Progress: 28.1% -- 146/519
2018-05-23 12:38:40,523:INFO: Experiment Progress: 28.3% -- 147/519
2018-05-23 12:38:41,055:INFO: Experiment Progress: 28.5% -- 148/519
2018-05-23 12:38:41,470:INFO: Experiment Progress: 28.7% -- 149/519
2018-05-23 12:38:42,674:INFO: Experiment Progress: 28.9% -- 150/519
2018-05-23 12:38:43,496:INFO: Experiment Progress: 29.1% -- 151/519
2018-05-23 12:38:43,926:INFO: Experiment Progress: 29.3% -- 152/519
2018-05-23 12:38:44,860:INFO: Experiment Progress: 29.5% -- 153/519
2018-05-23 12:38:45,305:INFO: Experiment Progress: 29.7% -- 154/519
2018-05-23 12:38:45,699:INFO: Experiment Progress: 29.9% -- 155/519
2018-05-23 12:38:46,919:INFO: Experiment Progress: 30.1% -- 156/519
2018-05-23 12:38:47,440:INFO: Experiment Progress: 30.3% -- 157/519
2018-05-23 12:38:48,038:INFO: Experiment Progress: 30.4% -- 158/519
2018-05-23 12:38:50,840:INFO: Experiment Progress: 30.6% -- 159/519
2018-05-23 12:38:51,319:INFO: Experiment Progress: 30.8% -- 160/519
2018-05-23 12:38:52,010:INFO: Experiment Progress: 31.0% -- 161/519
2018-05-23 12:38:52,733:INFO: Experiment Progress: 31.2% -- 162/519
2018-05-23 12:38:53,230:INFO: Experiment Progress: 31.4% -- 163/519
2018-05-23 12:38:53,779:INFO: Experiment Progress: 31.6% -- 164/519
2018-05-23 12:38:56,898:INFO: Experiment Progress: 31.8% -- 165/519
2018-05-23 12:38:57,305:INFO: Experiment Progress: 32.0% -- 166/519
2018-05-23 12:38:57,949:INFO: Experiment Progress: 32.2% -- 167/519
2018-05-23 12:38:58,400:INFO: Experiment Progress: 32.4% -- 168/519
2018-05-23 12:38:58,849:INFO: Experiment Progress: 32.6% -- 169/519
2018-05-23 12:38:59,353:INFO: Experiment Progress: 32.8% -- 170/519
2018-05-23 12:38:59,827:INFO: Experiment Progress: 32.9% -- 171/519
2018-05-23 12:39:00,408:INFO: Experiment Progress: 33.1% -- 172/519
2018-05-23 12:39:01,543:INFO: Experiment Progress: 33.3% -- 173/519
2018-05-23 12:39:02,786:INFO: Experiment Progress: 33.5% -- 174/519
2018-05-23 12:39:03,401:INFO: Experiment Progress: 33.7% -- 175/519
2018-05-23 12:39:03,772:INFO: Experiment Progress: 33.9% -- 176/519
2018-05-23 12:39:05,908:INFO: Experiment Progress: 34.1% -- 177/519
2018-05-23 12:39:06,484:INFO: Experiment Progress: 34.3% -- 178/519
2018-05-23 12:39:06,896:INFO: Experiment Progress: 34.5% -- 179/519
2018-05-23 12:39:07,476:INFO: Experiment Progress: 34.7% -- 180/519
2018-05-23 12:39:08,379:INFO: Experiment Progress: 34.9% -- 181/519
2018-05-23 12:39:08,802:INFO: Experiment Progress: 35.1% -- 182/519
2018-05-23 12:39:09,248:INFO: Experiment Progress: 35.3% -- 183/519
2018-05-23 12:39:09,729:INFO: Experiment Progress: 35.5% -- 184/519
2018-05-23 12:39:10,219:INFO: Experiment Progress: 35.6% -- 185/519
2018-05-23 12:39:11,043:INFO: Experiment Progress: 35.8% -- 186/519
2018-05-23 12:39:12,073:INFO: Experiment Progress: 36.0% -- 187/519
2018-05-23 12:39:15,545:INFO: Experiment Progress: 36.2% -- 188/519
2018-05-23 12:39:16,859:INFO: Experiment Progress: 36.4% -- 189/519
2018-05-23 12:39:17,394:INFO: Experiment Progress: 36.6% -- 190/519
2018-05-23 12:39:17,818:INFO: Experiment Progress: 36.8% -- 191/519
2018-05-23 12:39:18,505:INFO: Experiment Progress: 37.0% -- 192/519
2018-05-23 12:39:18,987:INFO: Experiment Progress: 37.2% -- 193/519
2018-05-23 12:39:19,755:INFO: Experiment Progress: 37.4% -- 194/519
2018-05-23 12:39:20,319:INFO: Experiment Progress: 37.6% -- 195/519
2018-05-23 12:39:22,241:INFO: Experiment Progress: 37.8% -- 196/519
2018-05-23 12:39:22,719:INFO: Experiment Progress: 38.0% -- 197/519
2018-05-23 12:39:23,178:INFO: Experiment Progress: 38.2% -- 198/519
2018-05-23 12:39:23,683:INFO: Experiment Progress: 38.3% -- 199/519
2018-05-23 12:39:24,328:INFO: Experiment Progress: 38.5% -- 200/519
2018-05-23 12:39:25,126:INFO: Experiment Progress: 38.7% -- 201/519
2018-05-23 12:39:26,130:INFO: Experiment Progress: 38.9% -- 202/519
2018-05-23 12:39:26,772:INFO: Experiment Progress: 39.1% -- 203/519
2018-05-23 12:39:27,308:INFO: Experiment Progress: 39.3% -- 204/519
2018-05-23 12:39:27,889:INFO: Experiment Progress: 39.5% -- 205/519
2018-05-23 12:39:28,283:INFO: Experiment Progress: 39.7% -- 206/519
2018-05-23 12:39:29,150:INFO: Experiment Progress: 39.9% -- 207/519
2018-05-23 12:39:29,810:INFO: Experiment Progress: 40.1% -- 208/519
2018-05-23 12:39:30,312:INFO: Experiment Progress: 40.3% -- 209/519
2018-05-23 12:39:30,728:INFO: Experiment Progress: 40.5% -- 210/519
2018-05-23 12:39:31,140:INFO: Experiment Progress: 40.7% -- 211/519
2018-05-23 12:39:31,618:INFO: Experiment Progress: 40.8% -- 212/519
2018-05-23 12:39:32,077:INFO: Experiment Progress: 41.0% -- 213/519
2018-05-23 12:39:32,569:INFO: Experiment Progress: 41.2% -- 214/519
2018-05-23 12:39:33,434:INFO: Experiment Progress: 41.4% -- 215/519
2018-05-23 12:39:33,966:INFO: Experiment Progress: 41.6% -- 216/519
2018-05-23 12:39:34,378:INFO: Experiment Progress: 41.8% -- 217/519
2018-05-23 12:39:35,094:INFO: Experiment Progress: 42.0% -- 218/519
2018-05-23 12:39:35,497:INFO: Experiment Progress: 42.2% -- 219/519
2018-05-23 12:39:35,773:INFO: Experiment Progress: 42.4% -- 220/519
2018-05-23 12:39:36,438:INFO: Experiment Progress: 42.6% -- 221/519
2018-05-23 12:39:37,105:INFO: Experiment Progress: 42.8% -- 222/519
2018-05-23 12:39:37,442:INFO: Experiment Progress: 43.0% -- 223/519
2018-05-23 12:39:37,942:INFO: Experiment Progress: 43.2% -- 224/519
2018-05-23 12:39:38,369:INFO: Experiment Progress: 43.4% -- 225/519
2018-05-23 12:39:38,853:INFO: Experiment Progress: 43.5% -- 226/519
2018-05-23 12:39:39,261:INFO: Experiment Progress: 43.7% -- 227/519
2018-05-23 12:39:39,669:INFO: Experiment Progress: 43.9% -- 228/519
2018-05-23 12:39:40,593:INFO: Experiment Progress: 44.1% -- 229/519
2018-05-23 12:39:40,993:INFO: Experiment Progress: 44.3% -- 230/519
2018-05-23 12:39:41,572:INFO: Experiment Progress: 44.5% -- 231/519
2018-05-23 12:39:42,527:INFO: Experiment Progress: 44.7% -- 232/519
2018-05-23 12:39:42,936:INFO: Experiment Progress: 44.9% -- 233/519
2018-05-23 12:39:44,383:INFO: Experiment Progress: 45.1% -- 234/519
2018-05-23 12:39:45,477:INFO: Experiment Progress: 45.3% -- 235/519
2018-05-23 12:39:45,951:INFO: Experiment Progress: 45.5% -- 236/519
2018-05-23 12:39:46,368:INFO: Experiment Progress: 45.7% -- 237/519
2018-05-23 12:39:46,784:INFO: Experiment Progress: 45.9% -- 238/519
2018-05-23 12:39:47,290:INFO: Experiment Progress: 46.1% -- 239/519
2018-05-23 12:39:47,696:INFO: Experiment Progress: 46.2% -- 240/519
2018-05-23 12:39:48,356:INFO: Experiment Progress: 46.4% -- 241/519
2018-05-23 12:39:49,977:INFO: Experiment Progress: 46.6% -- 242/519
2018-05-23 12:39:51,963:INFO: Experiment Progress: 46.8% -- 243/519
2018-05-23 12:39:52,501:INFO: Experiment Progress: 47.0% -- 244/519
2018-05-23 12:39:52,989:INFO: Experiment Progress: 47.2% -- 245/519
2018-05-23 12:39:54,177:INFO: Experiment Progress: 47.4% -- 246/519
2018-05-23 12:39:54,594:INFO: Experiment Progress: 47.6% -- 247/519
2018-05-23 12:39:56,589:INFO: Experiment Progress: 47.8% -- 248/519
2018-05-23 12:39:57,109:INFO: Experiment Progress: 48.0% -- 249/519
2018-05-23 12:39:58,066:INFO: Experiment Progress: 48.2% -- 250/519
2018-05-23 12:39:58,454:INFO: Experiment Progress: 48.4% -- 251/519
2018-05-23 12:39:58,943:INFO: Experiment Progress: 48.6% -- 252/519
2018-05-23 12:40:00,229:INFO: Experiment Progress: 48.7% -- 253/519
2018-05-23 12:40:00,530:INFO: Experiment Progress: 48.9% -- 254/519
2018-05-23 12:40:00,988:INFO: Experiment Progress: 49.1% -- 255/519
2018-05-23 12:40:01,416:INFO: Experiment Progress: 49.3% -- 256/519
2018-05-23 12:40:01,921:INFO: Experiment Progress: 49.5% -- 257/519
2018-05-23 12:40:03,239:INFO: Experiment Progress: 49.7% -- 258/519
2018-05-23 12:40:03,675:INFO: Experiment Progress: 49.9% -- 259/519
2018-05-23 12:40:03,887:INFO: Experiment Progress: 50.1% -- 260/519
2018-05-23 12:40:05,351:INFO: Experiment Progress: 50.3% -- 261/519
2018-05-23 12:40:05,776:INFO: Experiment Progress: 50.5% -- 262/519
2018-05-23 12:40:06,309:INFO: Experiment Progress: 50.7% -- 263/519
2018-05-23 12:40:06,795:INFO: Experiment Progress: 50.9% -- 264/519
2018-05-23 12:40:07,139:INFO: Experiment Progress: 51.1% -- 265/519
2018-05-23 12:40:07,611:INFO: Experiment Progress: 51.3% -- 266/519
2018-05-23 12:40:07,896:INFO: Experiment Progress: 51.4% -- 267/519
2018-05-23 12:40:09,392:INFO: Experiment Progress: 51.6% -- 268/519
2018-05-23 12:40:10,113:INFO: Experiment Progress: 51.8% -- 269/519
2018-05-23 12:40:10,583:INFO: Experiment Progress: 52.0% -- 270/519
2018-05-23 12:40:11,008:INFO: Experiment Progress: 52.2% -- 271/519
2018-05-23 12:40:11,711:INFO: Experiment Progress: 52.4% -- 272/519
2018-05-23 12:40:12,172:INFO: Experiment Progress: 52.6% -- 273/519
2018-05-23 12:40:13,171:INFO: Experiment Progress: 52.8% -- 274/519
2018-05-23 12:40:13,781:INFO: Experiment Progress: 53.0% -- 275/519
2018-05-23 12:40:14,210:INFO: Experiment Progress: 53.2% -- 276/519
2018-05-23 12:40:14,705:INFO: Experiment Progress: 53.4% -- 277/519
2018-05-23 12:40:15,142:INFO: Experiment Progress: 53.6% -- 278/519
2018-05-23 12:40:17,273:INFO: Experiment Progress: 53.8% -- 279/519
2018-05-23 12:40:17,512:INFO: Experiment Progress: 53.9% -- 280/519
2018-05-23 12:40:18,690:INFO: Experiment Progress: 54.1% -- 281/519
2018-05-23 12:40:23,759:INFO: Experiment Progress: 54.3% -- 282/519
2018-05-23 12:40:23,997:INFO: Experiment Progress: 54.5% -- 283/519
2018-05-23 12:40:24,477:INFO: Experiment Progress: 54.7% -- 284/519
2018-05-23 12:40:25,116:INFO: Experiment Progress: 54.9% -- 285/519
2018-05-23 12:40:26,147:INFO: Experiment Progress: 55.1% -- 286/519
2018-05-23 12:40:26,632:INFO: Experiment Progress: 55.3% -- 287/519
2018-05-23 12:40:27,224:INFO: Experiment Progress: 55.5% -- 288/519
2018-05-23 12:40:27,676:INFO: Experiment Progress: 55.7% -- 289/519
2018-05-23 12:40:28,081:INFO: Experiment Progress: 55.9% -- 290/519
2018-05-23 12:40:28,963:INFO: Experiment Progress: 56.1% -- 291/519
2018-05-23 12:40:29,680:INFO: Experiment Progress: 56.3% -- 292/519
2018-05-23 12:40:30,232:INFO: Experiment Progress: 56.5% -- 293/519
2018-05-23 12:40:30,863:INFO: Experiment Progress: 56.6% -- 294/519
2018-05-23 12:40:31,274:INFO: Experiment Progress: 56.8% -- 295/519
2018-05-23 12:40:31,796:INFO: Experiment Progress: 57.0% -- 296/519
2018-05-23 12:40:32,309:INFO: Experiment Progress: 57.2% -- 297/519
2018-05-23 12:40:33,001:INFO: Experiment Progress: 57.4% -- 298/519
2018-05-23 12:40:36,036:INFO: Experiment Progress: 57.6% -- 299/519
2018-05-23 12:40:36,792:INFO: Experiment Progress: 57.8% -- 300/519
2018-05-23 12:40:38,324:INFO: Experiment Progress: 58.0% -- 301/519
2018-05-23 12:40:40,379:INFO: Experiment Progress: 58.2% -- 302/519
2018-05-23 12:40:40,949:INFO: Experiment Progress: 58.4% -- 303/519
2018-05-23 12:40:41,404:INFO: Experiment Progress: 58.6% -- 304/519
2018-05-23 12:40:41,933:INFO: Experiment Progress: 58.8% -- 305/519
2018-05-23 12:40:42,923:INFO: Experiment Progress: 59.0% -- 306/519
2018-05-23 12:40:43,594:INFO: Experiment Progress: 59.2% -- 307/519
2018-05-23 12:40:44,049:INFO: Experiment Progress: 59.3% -- 308/519
2018-05-23 12:40:44,656:INFO: Experiment Progress: 59.5% -- 309/519
2018-05-23 12:40:45,122:INFO: Experiment Progress: 59.7% -- 310/519
2018-05-23 12:40:45,677:INFO: Experiment Progress: 59.9% -- 311/519
2018-05-23 12:40:46,159:INFO: Experiment Progress: 60.1% -- 312/519
2018-05-23 12:40:46,586:INFO: Experiment Progress: 60.3% -- 313/519
2018-05-23 12:40:54,526:INFO: Disease Protein Prediction in the PPI Network
2018-05-23 12:40:54,526:INFO: Sabri Eyuboglu  -- SNAP Group
2018-05-23 12:40:54,526:INFO: ======================================
2018-05-23 12:40:54,526:INFO: Loading PPI Network...
2018-05-23 12:41:06,529:INFO: Loading Disease Associations...
2018-05-23 12:41:06,564:INFO: Loading PPI Matrix...
2018-05-23 12:41:40,401:INFO: Running Experiment...
2018-05-23 12:41:40,403:INFO: Experiment Progress: 0.0% -- 0/519
2018-05-23 12:41:40,983:INFO: Experiment Progress: 0.2% -- 1/519
2018-05-23 12:41:41,597:INFO: Experiment Progress: 0.4% -- 2/519
2018-05-23 12:41:42,141:INFO: Experiment Progress: 0.6% -- 3/519
2018-05-23 12:41:43,631:INFO: Experiment Progress: 0.8% -- 4/519
2018-05-23 12:41:44,435:INFO: Experiment Progress: 1.0% -- 5/519
2018-05-23 12:41:45,130:INFO: Experiment Progress: 1.2% -- 6/519
2018-05-23 12:41:45,707:INFO: Experiment Progress: 1.3% -- 7/519
2018-05-23 12:41:46,493:INFO: Experiment Progress: 1.5% -- 8/519
2018-05-23 12:41:48,365:INFO: Experiment Progress: 1.7% -- 9/519
2018-05-23 12:41:48,798:INFO: Experiment Progress: 1.9% -- 10/519
2018-05-23 12:41:51,572:INFO: Experiment Progress: 2.1% -- 11/519
2018-05-23 12:41:52,115:INFO: Experiment Progress: 2.3% -- 12/519
2018-05-23 12:41:52,768:INFO: Experiment Progress: 2.5% -- 13/519
2018-05-23 12:41:53,461:INFO: Experiment Progress: 2.7% -- 14/519
2018-05-23 12:41:53,891:INFO: Experiment Progress: 2.9% -- 15/519
2018-05-23 12:41:54,419:INFO: Experiment Progress: 3.1% -- 16/519
2018-05-23 12:41:54,851:INFO: Experiment Progress: 3.3% -- 17/519
2018-05-23 12:41:56,321:INFO: Experiment Progress: 3.5% -- 18/519
2018-05-23 12:41:56,814:INFO: Experiment Progress: 3.7% -- 19/519
2018-05-23 12:41:58,286:INFO: Experiment Progress: 3.9% -- 20/519
2018-05-23 12:42:00,239:INFO: Experiment Progress: 4.0% -- 21/519
2018-05-23 12:42:01,199:INFO: Experiment Progress: 4.2% -- 22/519
2018-05-23 12:42:01,874:INFO: Experiment Progress: 4.4% -- 23/519
2018-05-23 12:42:02,522:INFO: Experiment Progress: 4.6% -- 24/519
2018-05-23 12:42:03,259:INFO: Experiment Progress: 4.8% -- 25/519
2018-05-23 12:42:04,087:INFO: Experiment Progress: 5.0% -- 26/519
2018-05-23 12:42:04,692:INFO: Experiment Progress: 5.2% -- 27/519
2018-05-23 12:42:05,343:INFO: Experiment Progress: 5.4% -- 28/519
2018-05-23 12:42:06,070:INFO: Experiment Progress: 5.6% -- 29/519
2018-05-23 12:42:06,675:INFO: Experiment Progress: 5.8% -- 30/519
2018-05-23 12:42:07,125:INFO: Experiment Progress: 6.0% -- 31/519
2018-05-23 12:42:07,935:INFO: Experiment Progress: 6.2% -- 32/519
2018-05-23 12:42:08,782:INFO: Experiment Progress: 6.4% -- 33/519
2018-05-23 12:42:09,228:INFO: Experiment Progress: 6.6% -- 34/519
2018-05-23 12:42:09,857:INFO: Experiment Progress: 6.7% -- 35/519
2018-05-23 12:42:10,117:INFO: Experiment Progress: 6.9% -- 36/519
2018-05-23 12:42:10,678:INFO: Experiment Progress: 7.1% -- 37/519
2018-05-23 12:42:11,198:INFO: Experiment Progress: 7.3% -- 38/519
2018-05-23 12:42:11,744:INFO: Experiment Progress: 7.5% -- 39/519
2018-05-23 12:42:12,409:INFO: Experiment Progress: 7.7% -- 40/519
2018-05-23 12:42:12,998:INFO: Experiment Progress: 7.9% -- 41/519
2018-05-23 12:42:13,531:INFO: Experiment Progress: 8.1% -- 42/519
2018-05-23 12:42:13,990:INFO: Experiment Progress: 8.3% -- 43/519
2018-05-23 12:42:14,862:INFO: Experiment Progress: 8.5% -- 44/519
2018-05-23 12:42:15,346:INFO: Experiment Progress: 8.7% -- 45/519
2018-05-23 12:42:15,786:INFO: Experiment Progress: 8.9% -- 46/519
2018-05-23 12:42:16,638:INFO: Experiment Progress: 9.1% -- 47/519
2018-05-23 12:42:16,830:INFO: Experiment Progress: 9.2% -- 48/519
2018-05-23 12:42:17,655:INFO: Experiment Progress: 9.4% -- 49/519
2018-05-23 12:42:18,238:INFO: Experiment Progress: 9.6% -- 50/519
2018-05-23 12:42:18,782:INFO: Experiment Progress: 9.8% -- 51/519
2018-05-23 12:42:19,394:INFO: Experiment Progress: 10.0% -- 52/519
2018-05-23 12:42:20,155:INFO: Experiment Progress: 10.2% -- 53/519
2018-05-23 12:42:20,687:INFO: Experiment Progress: 10.4% -- 54/519
2018-05-23 12:42:21,228:INFO: Experiment Progress: 10.6% -- 55/519
2018-05-23 12:42:21,597:INFO: Experiment Progress: 10.8% -- 56/519
2018-05-23 12:42:22,006:INFO: Experiment Progress: 11.0% -- 57/519
2018-05-23 12:42:22,420:INFO: Experiment Progress: 11.2% -- 58/519
2018-05-23 12:42:23,054:INFO: Experiment Progress: 11.4% -- 59/519
2018-05-23 12:42:23,395:INFO: Experiment Progress: 11.6% -- 60/519
2018-05-23 12:42:23,932:INFO: Experiment Progress: 11.8% -- 61/519
2018-05-23 12:42:24,660:INFO: Experiment Progress: 11.9% -- 62/519
2018-05-23 12:42:25,120:INFO: Experiment Progress: 12.1% -- 63/519
2018-05-23 12:42:25,575:INFO: Experiment Progress: 12.3% -- 64/519
2018-05-23 12:42:26,190:INFO: Experiment Progress: 12.5% -- 65/519
2018-05-23 12:42:26,629:INFO: Experiment Progress: 12.7% -- 66/519
2018-05-23 12:42:27,064:INFO: Experiment Progress: 12.9% -- 67/519
2018-05-23 12:42:28,259:INFO: Experiment Progress: 13.1% -- 68/519
2018-05-23 12:42:29,004:INFO: Experiment Progress: 13.3% -- 69/519
2018-05-23 12:42:30,095:INFO: Experiment Progress: 13.5% -- 70/519
2018-05-23 12:42:31,576:INFO: Experiment Progress: 13.7% -- 71/519
2018-05-23 12:42:32,222:INFO: Experiment Progress: 13.9% -- 72/519
2018-05-23 12:42:32,705:INFO: Experiment Progress: 14.1% -- 73/519
2018-05-23 12:42:33,190:INFO: Experiment Progress: 14.3% -- 74/519
2018-05-23 12:42:33,648:INFO: Experiment Progress: 14.5% -- 75/519
2018-05-23 12:42:34,159:INFO: Experiment Progress: 14.6% -- 76/519
2018-05-23 12:42:34,654:INFO: Experiment Progress: 14.8% -- 77/519
2018-05-23 12:42:36,402:INFO: Experiment Progress: 15.0% -- 78/519
2018-05-23 12:42:37,061:INFO: Experiment Progress: 15.2% -- 79/519
2018-05-23 12:42:38,239:INFO: Experiment Progress: 15.4% -- 80/519
2018-05-23 12:42:39,128:INFO: Experiment Progress: 15.6% -- 81/519
2018-05-23 12:42:39,670:INFO: Experiment Progress: 15.8% -- 82/519
2018-05-23 12:42:40,366:INFO: Experiment Progress: 16.0% -- 83/519
2018-05-23 12:42:41,109:INFO: Experiment Progress: 16.2% -- 84/519
2018-05-23 12:42:41,674:INFO: Experiment Progress: 16.4% -- 85/519
2018-05-23 12:42:42,180:INFO: Experiment Progress: 16.6% -- 86/519
2018-05-23 12:42:42,717:INFO: Experiment Progress: 16.8% -- 87/519
2018-05-23 12:42:43,342:INFO: Experiment Progress: 17.0% -- 88/519
2018-05-23 12:42:43,727:INFO: Experiment Progress: 17.1% -- 89/519
2018-05-23 12:42:44,205:INFO: Experiment Progress: 17.3% -- 90/519
2018-05-23 12:42:44,511:INFO: Experiment Progress: 17.5% -- 91/519
2018-05-23 12:42:47,459:INFO: Experiment Progress: 17.7% -- 92/519
2018-05-23 12:42:47,957:INFO: Experiment Progress: 17.9% -- 93/519
2018-05-23 12:42:48,383:INFO: Experiment Progress: 18.1% -- 94/519
2018-05-23 12:42:49,297:INFO: Experiment Progress: 18.3% -- 95/519
2018-05-23 12:42:49,814:INFO: Experiment Progress: 18.5% -- 96/519
2018-05-23 12:42:51,715:INFO: Experiment Progress: 18.7% -- 97/519
2018-05-23 12:42:52,192:INFO: Experiment Progress: 18.9% -- 98/519
2018-05-23 12:42:52,804:INFO: Experiment Progress: 19.1% -- 99/519
2018-05-23 12:42:53,323:INFO: Experiment Progress: 19.3% -- 100/519
2018-05-23 12:42:53,942:INFO: Experiment Progress: 19.5% -- 101/519
2018-05-23 12:42:54,470:INFO: Experiment Progress: 19.7% -- 102/519
2018-05-23 12:42:54,833:INFO: Experiment Progress: 19.8% -- 103/519
2018-05-23 12:42:56,808:INFO: Experiment Progress: 20.0% -- 104/519
2018-05-23 12:42:57,364:INFO: Experiment Progress: 20.2% -- 105/519
2018-05-23 12:42:58,067:INFO: Experiment Progress: 20.4% -- 106/519
2018-05-23 12:42:58,579:INFO: Experiment Progress: 20.6% -- 107/519
2018-05-23 12:42:59,187:INFO: Experiment Progress: 20.8% -- 108/519
2018-05-23 12:42:59,984:INFO: Experiment Progress: 21.0% -- 109/519
2018-05-23 12:43:00,569:INFO: Experiment Progress: 21.2% -- 110/519
2018-05-23 12:43:01,005:INFO: Experiment Progress: 21.4% -- 111/519
2018-05-23 12:43:02,479:INFO: Experiment Progress: 21.6% -- 112/519
2018-05-23 12:43:02,910:INFO: Experiment Progress: 21.8% -- 113/519
2018-05-23 12:43:04,008:INFO: Experiment Progress: 22.0% -- 114/519
2018-05-23 12:43:04,409:INFO: Experiment Progress: 22.2% -- 115/519
2018-05-23 12:43:05,225:INFO: Experiment Progress: 22.4% -- 116/519
2018-05-23 12:43:05,811:INFO: Experiment Progress: 22.5% -- 117/519
2018-05-23 12:43:06,302:INFO: Experiment Progress: 22.7% -- 118/519
2018-05-23 12:43:06,769:INFO: Experiment Progress: 22.9% -- 119/519
2018-05-23 12:43:07,291:INFO: Experiment Progress: 23.1% -- 120/519
2018-05-23 12:43:12,951:INFO: Experiment Progress: 23.3% -- 121/519
2018-05-23 12:43:13,539:INFO: Experiment Progress: 23.5% -- 122/519
2018-05-23 12:43:14,104:INFO: Experiment Progress: 23.7% -- 123/519
2018-05-23 12:43:14,909:INFO: Experiment Progress: 23.9% -- 124/519
2018-05-23 12:43:15,801:INFO: Experiment Progress: 24.1% -- 125/519
2018-05-23 12:43:16,211:INFO: Experiment Progress: 24.3% -- 126/519
2018-05-23 12:43:16,757:INFO: Experiment Progress: 24.5% -- 127/519
2018-05-23 12:43:17,292:INFO: Experiment Progress: 24.7% -- 128/519
2018-05-23 12:43:17,768:INFO: Experiment Progress: 24.9% -- 129/519
2018-05-23 12:43:18,794:INFO: Experiment Progress: 25.0% -- 130/519
2018-05-23 12:43:19,246:INFO: Experiment Progress: 25.2% -- 131/519
2018-05-23 12:43:19,697:INFO: Experiment Progress: 25.4% -- 132/519
2018-05-23 12:43:21,392:INFO: Experiment Progress: 25.6% -- 133/519
2018-05-23 12:43:24,281:INFO: Experiment Progress: 25.8% -- 134/519
2018-05-23 12:43:25,241:INFO: Experiment Progress: 26.0% -- 135/519
2018-05-23 12:43:25,822:INFO: Experiment Progress: 26.2% -- 136/519
2018-05-23 12:43:26,292:INFO: Experiment Progress: 26.4% -- 137/519
2018-05-23 12:43:26,800:INFO: Experiment Progress: 26.6% -- 138/519
2018-05-23 12:43:28,248:INFO: Experiment Progress: 26.8% -- 139/519
2018-05-23 12:43:28,661:INFO: Experiment Progress: 27.0% -- 140/519
2018-05-23 12:43:29,167:INFO: Experiment Progress: 27.2% -- 141/519
2018-05-23 12:43:29,721:INFO: Experiment Progress: 27.4% -- 142/519
2018-05-23 12:43:32,045:INFO: Experiment Progress: 27.6% -- 143/519
2018-05-23 12:43:32,557:INFO: Experiment Progress: 27.7% -- 144/519
2018-05-23 12:43:33,035:INFO: Experiment Progress: 27.9% -- 145/519
2018-05-23 12:43:34,273:INFO: Experiment Progress: 28.1% -- 146/519
2018-05-23 12:43:34,743:INFO: Experiment Progress: 28.3% -- 147/519
2018-05-23 12:43:35,248:INFO: Experiment Progress: 28.5% -- 148/519
2018-05-23 12:43:35,658:INFO: Experiment Progress: 28.7% -- 149/519
2018-05-23 12:43:36,820:INFO: Experiment Progress: 28.9% -- 150/519
2018-05-23 12:43:37,643:INFO: Experiment Progress: 29.1% -- 151/519
2018-05-23 12:43:38,058:INFO: Experiment Progress: 29.3% -- 152/519
2018-05-23 12:43:38,851:INFO: Experiment Progress: 29.5% -- 153/519
2018-05-23 12:43:39,260:INFO: Experiment Progress: 29.7% -- 154/519
2018-05-23 12:43:39,645:INFO: Experiment Progress: 29.9% -- 155/519
2018-05-23 12:43:40,870:INFO: Experiment Progress: 30.1% -- 156/519
2018-05-23 12:43:41,338:INFO: Experiment Progress: 30.3% -- 157/519
2018-05-23 12:43:41,908:INFO: Experiment Progress: 30.4% -- 158/519
2018-05-23 12:43:44,728:INFO: Experiment Progress: 30.6% -- 159/519
2018-05-23 12:43:45,196:INFO: Experiment Progress: 30.8% -- 160/519
2018-05-23 12:43:45,878:INFO: Experiment Progress: 31.0% -- 161/519
2018-05-23 12:43:46,503:INFO: Experiment Progress: 31.2% -- 162/519
2018-05-23 12:43:47,000:INFO: Experiment Progress: 31.4% -- 163/519
2018-05-23 12:43:47,602:INFO: Experiment Progress: 31.6% -- 164/519
2018-05-23 12:43:50,565:INFO: Experiment Progress: 31.8% -- 165/519
2018-05-23 12:43:50,980:INFO: Experiment Progress: 32.0% -- 166/519
2018-05-23 12:43:51,454:INFO: Experiment Progress: 32.2% -- 167/519
2018-05-23 12:43:51,894:INFO: Experiment Progress: 32.4% -- 168/519
2018-05-23 12:43:52,337:INFO: Experiment Progress: 32.6% -- 169/519
2018-05-23 12:43:52,817:INFO: Experiment Progress: 32.8% -- 170/519
2018-05-23 12:43:53,335:INFO: Experiment Progress: 32.9% -- 171/519
2018-05-23 12:43:53,784:INFO: Experiment Progress: 33.1% -- 172/519
2018-05-23 12:43:54,861:INFO: Experiment Progress: 33.3% -- 173/519
2018-05-23 12:43:56,220:INFO: Experiment Progress: 33.5% -- 174/519
2018-05-23 12:43:56,896:INFO: Experiment Progress: 33.7% -- 175/519
2018-05-23 12:43:57,327:INFO: Experiment Progress: 33.9% -- 176/519
2018-05-23 12:43:59,534:INFO: Experiment Progress: 34.1% -- 177/519
2018-05-23 12:44:00,011:INFO: Experiment Progress: 34.3% -- 178/519
2018-05-23 12:44:00,476:INFO: Experiment Progress: 34.5% -- 179/519
2018-05-23 12:44:01,167:INFO: Experiment Progress: 34.7% -- 180/519
2018-05-23 12:44:02,111:INFO: Experiment Progress: 34.9% -- 181/519
2018-05-23 12:44:02,542:INFO: Experiment Progress: 35.1% -- 182/519
2018-05-23 12:44:03,005:INFO: Experiment Progress: 35.3% -- 183/519
2018-05-23 12:44:03,488:INFO: Experiment Progress: 35.5% -- 184/519
2018-05-23 12:44:03,966:INFO: Experiment Progress: 35.6% -- 185/519
2018-05-23 12:44:04,837:INFO: Experiment Progress: 35.8% -- 186/519
2018-05-23 12:44:05,674:INFO: Experiment Progress: 36.0% -- 187/519
2018-05-23 12:44:09,032:INFO: Experiment Progress: 36.2% -- 188/519
2018-05-23 12:44:10,240:INFO: Experiment Progress: 36.4% -- 189/519
2018-05-23 12:44:10,707:INFO: Experiment Progress: 36.6% -- 190/519
2018-05-23 12:44:11,107:INFO: Experiment Progress: 36.8% -- 191/519
2018-05-23 12:44:11,767:INFO: Experiment Progress: 37.0% -- 192/519
2018-05-23 12:44:12,206:INFO: Experiment Progress: 37.2% -- 193/519
2018-05-23 12:44:12,917:INFO: Experiment Progress: 37.4% -- 194/519
2018-05-23 12:44:13,361:INFO: Experiment Progress: 37.6% -- 195/519
2018-05-23 12:44:15,227:INFO: Experiment Progress: 37.8% -- 196/519
2018-05-23 12:44:15,710:INFO: Experiment Progress: 38.0% -- 197/519
2018-05-23 12:44:16,183:INFO: Experiment Progress: 38.2% -- 198/519
2018-05-23 12:44:16,666:INFO: Experiment Progress: 38.3% -- 199/519
2018-05-23 12:44:17,310:INFO: Experiment Progress: 38.5% -- 200/519
2018-05-23 12:44:18,049:INFO: Experiment Progress: 38.7% -- 201/519
2018-05-23 12:44:19,045:INFO: Experiment Progress: 38.9% -- 202/519
2018-05-23 12:44:19,565:INFO: Experiment Progress: 39.1% -- 203/519
2018-05-23 12:44:20,047:INFO: Experiment Progress: 39.3% -- 204/519
2018-05-23 12:44:20,605:INFO: Experiment Progress: 39.5% -- 205/519
2018-05-23 12:44:20,993:INFO: Experiment Progress: 39.7% -- 206/519
2018-05-23 12:44:21,774:INFO: Experiment Progress: 39.9% -- 207/519
2018-05-23 12:44:22,397:INFO: Experiment Progress: 40.1% -- 208/519
2018-05-23 12:44:22,882:INFO: Experiment Progress: 40.3% -- 209/519
2018-05-23 12:44:23,269:INFO: Experiment Progress: 40.5% -- 210/519
2018-05-23 12:44:23,678:INFO: Experiment Progress: 40.7% -- 211/519
2018-05-23 12:44:24,133:INFO: Experiment Progress: 40.8% -- 212/519
2018-05-23 12:44:24,597:INFO: Experiment Progress: 41.0% -- 213/519
2018-05-23 12:44:24,984:INFO: Experiment Progress: 41.2% -- 214/519
2018-05-23 12:44:25,805:INFO: Experiment Progress: 41.4% -- 215/519
2018-05-23 12:44:26,347:INFO: Experiment Progress: 41.6% -- 216/519
2018-05-23 12:44:26,759:INFO: Experiment Progress: 41.8% -- 217/519
2018-05-23 12:44:27,518:INFO: Experiment Progress: 42.0% -- 218/519
2018-05-23 12:44:27,927:INFO: Experiment Progress: 42.2% -- 219/519
2018-05-23 12:44:28,205:INFO: Experiment Progress: 42.4% -- 220/519
2018-05-23 12:44:28,890:INFO: Experiment Progress: 42.6% -- 221/519
2018-05-23 12:44:29,543:INFO: Experiment Progress: 42.8% -- 222/519
2018-05-23 12:44:29,882:INFO: Experiment Progress: 43.0% -- 223/519
2018-05-23 12:44:30,396:INFO: Experiment Progress: 43.2% -- 224/519
2018-05-23 12:44:30,837:INFO: Experiment Progress: 43.4% -- 225/519
2018-05-23 12:44:31,337:INFO: Experiment Progress: 43.5% -- 226/519
2018-05-23 12:44:31,758:INFO: Experiment Progress: 43.7% -- 227/519
2018-05-23 12:44:32,179:INFO: Experiment Progress: 43.9% -- 228/519
2018-05-23 12:44:33,140:INFO: Experiment Progress: 44.1% -- 229/519
2018-05-23 12:44:33,568:INFO: Experiment Progress: 44.3% -- 230/519
2018-05-23 12:44:34,101:INFO: Experiment Progress: 44.5% -- 231/519
2018-05-23 12:44:35,114:INFO: Experiment Progress: 44.7% -- 232/519
2018-05-23 12:44:35,544:INFO: Experiment Progress: 44.9% -- 233/519
2018-05-23 12:44:36,993:INFO: Experiment Progress: 45.1% -- 234/519
2018-05-23 12:44:38,143:INFO: Experiment Progress: 45.3% -- 235/519
2018-05-23 12:44:38,691:INFO: Experiment Progress: 45.5% -- 236/519
2018-05-23 12:44:39,118:INFO: Experiment Progress: 45.7% -- 237/519
2018-05-23 12:44:39,548:INFO: Experiment Progress: 45.9% -- 238/519
2018-05-23 12:44:40,385:INFO: Experiment Progress: 46.1% -- 239/519
2018-05-23 12:44:41,062:INFO: Experiment Progress: 46.2% -- 240/519
2018-05-23 12:44:41,735:INFO: Experiment Progress: 46.4% -- 241/519
2018-05-23 12:44:43,406:INFO: Experiment Progress: 46.6% -- 242/519
2018-05-23 12:44:45,251:INFO: Experiment Progress: 46.8% -- 243/519
2018-05-23 12:44:45,744:INFO: Experiment Progress: 47.0% -- 244/519
2018-05-23 12:44:46,278:INFO: Experiment Progress: 47.2% -- 245/519
2018-05-23 12:44:47,406:INFO: Experiment Progress: 47.4% -- 246/519
2018-05-23 12:44:47,892:INFO: Experiment Progress: 47.6% -- 247/519
2018-05-23 12:44:49,862:INFO: Experiment Progress: 47.8% -- 248/519
2018-05-23 12:44:50,309:INFO: Experiment Progress: 48.0% -- 249/519
2018-05-23 12:44:51,333:INFO: Experiment Progress: 48.2% -- 250/519
2018-05-23 12:44:51,879:INFO: Experiment Progress: 48.4% -- 251/519
2018-05-23 12:44:52,535:INFO: Experiment Progress: 48.6% -- 252/519
2018-05-23 12:44:54,713:INFO: Experiment Progress: 48.7% -- 253/519
2018-05-23 12:44:55,023:INFO: Experiment Progress: 48.9% -- 254/519
2018-05-23 12:44:55,415:INFO: Experiment Progress: 49.1% -- 255/519
2018-05-23 12:44:55,820:INFO: Experiment Progress: 49.3% -- 256/519
2018-05-23 12:44:56,264:INFO: Experiment Progress: 49.5% -- 257/519
2018-05-23 12:44:57,454:INFO: Experiment Progress: 49.7% -- 258/519
2018-05-23 12:44:57,843:INFO: Experiment Progress: 49.9% -- 259/519
2018-05-23 12:44:58,063:INFO: Experiment Progress: 50.1% -- 260/519
2018-05-23 12:44:59,288:INFO: Experiment Progress: 50.3% -- 261/519
2018-05-23 12:44:59,811:INFO: Experiment Progress: 50.5% -- 262/519
2018-05-23 12:45:00,903:INFO: Experiment Progress: 50.7% -- 263/519
2018-05-23 12:45:01,535:INFO: Experiment Progress: 50.9% -- 264/519
2018-05-23 12:45:01,991:INFO: Experiment Progress: 51.1% -- 265/519
2018-05-23 12:45:02,533:INFO: Experiment Progress: 51.3% -- 266/519
2018-05-23 12:45:02,857:INFO: Experiment Progress: 51.4% -- 267/519
2018-05-23 12:45:04,403:INFO: Experiment Progress: 51.6% -- 268/519
2018-05-23 12:45:05,051:INFO: Experiment Progress: 51.8% -- 269/519
2018-05-23 12:45:05,491:INFO: Experiment Progress: 52.0% -- 270/519
2018-05-23 12:45:05,901:INFO: Experiment Progress: 52.2% -- 271/519
2018-05-23 12:45:06,524:INFO: Experiment Progress: 52.4% -- 272/519
2018-05-23 12:45:06,932:INFO: Experiment Progress: 52.6% -- 273/519
2018-05-23 12:45:07,782:INFO: Experiment Progress: 52.8% -- 274/519
2018-05-23 12:45:08,382:INFO: Experiment Progress: 53.0% -- 275/519
2018-05-23 12:45:08,794:INFO: Experiment Progress: 53.2% -- 276/519
2018-05-23 12:45:09,187:INFO: Experiment Progress: 53.4% -- 277/519
2018-05-23 12:45:09,609:INFO: Experiment Progress: 53.6% -- 278/519
2018-05-23 12:45:11,674:INFO: Experiment Progress: 53.8% -- 279/519
2018-05-23 12:45:11,912:INFO: Experiment Progress: 53.9% -- 280/519
2018-05-23 12:45:13,204:INFO: Experiment Progress: 54.1% -- 281/519
2018-05-23 12:45:17,793:INFO: Experiment Progress: 54.3% -- 282/519
2018-05-23 12:45:17,994:INFO: Experiment Progress: 54.5% -- 283/519
2018-05-23 12:45:18,408:INFO: Experiment Progress: 54.7% -- 284/519
2018-05-23 12:45:18,996:INFO: Experiment Progress: 54.9% -- 285/519
2018-05-23 12:45:20,034:INFO: Experiment Progress: 55.1% -- 286/519
2018-05-23 12:45:20,478:INFO: Experiment Progress: 55.3% -- 287/519
2018-05-23 12:45:21,085:INFO: Experiment Progress: 55.5% -- 288/519
2018-05-23 12:45:21,571:INFO: Experiment Progress: 55.7% -- 289/519
2018-05-23 12:45:22,069:INFO: Experiment Progress: 55.9% -- 290/519
2018-05-23 12:45:23,013:INFO: Experiment Progress: 56.1% -- 291/519
2018-05-23 12:45:23,794:INFO: Experiment Progress: 56.3% -- 292/519
2018-05-23 12:45:24,511:INFO: Experiment Progress: 56.5% -- 293/519
2018-05-23 12:45:25,154:INFO: Experiment Progress: 56.6% -- 294/519
2018-05-23 12:45:25,606:INFO: Experiment Progress: 56.8% -- 295/519
2018-05-23 12:45:26,232:INFO: Experiment Progress: 57.0% -- 296/519
2018-05-23 12:45:26,754:INFO: Experiment Progress: 57.2% -- 297/519
2018-05-23 12:45:27,442:INFO: Experiment Progress: 57.4% -- 298/519
2018-05-23 12:45:29,994:INFO: Experiment Progress: 57.6% -- 299/519
2018-05-23 12:45:30,535:INFO: Experiment Progress: 57.8% -- 300/519
2018-05-23 12:45:31,379:INFO: Experiment Progress: 58.0% -- 301/519
2018-05-23 12:45:33,253:INFO: Experiment Progress: 58.2% -- 302/519
2018-05-23 12:45:33,724:INFO: Experiment Progress: 58.4% -- 303/519
2018-05-23 12:45:34,154:INFO: Experiment Progress: 58.6% -- 304/519
2018-05-23 12:45:34,720:INFO: Experiment Progress: 58.8% -- 305/519
2018-05-23 12:45:35,374:INFO: Experiment Progress: 59.0% -- 306/519
2018-05-23 12:45:35,898:INFO: Experiment Progress: 59.2% -- 307/519
2018-05-23 12:45:36,303:INFO: Experiment Progress: 59.3% -- 308/519
2018-05-23 12:45:36,823:INFO: Experiment Progress: 59.5% -- 309/519
2018-05-23 12:45:37,270:INFO: Experiment Progress: 59.7% -- 310/519
2018-05-23 12:45:37,739:INFO: Experiment Progress: 59.9% -- 311/519
2018-05-23 12:45:38,138:INFO: Experiment Progress: 60.1% -- 312/519
2018-05-23 12:45:38,643:INFO: Experiment Progress: 60.3% -- 313/519
2018-05-23 12:45:39,237:INFO: Experiment Progress: 60.5% -- 314/519
2018-05-23 12:45:39,898:INFO: Experiment Progress: 60.7% -- 315/519
2018-05-23 12:45:40,952:INFO: Experiment Progress: 60.9% -- 316/519
2018-05-23 12:45:42,601:INFO: Experiment Progress: 61.1% -- 317/519
2018-05-23 12:45:43,158:INFO: Experiment Progress: 61.3% -- 318/519
2018-05-23 12:45:44,084:INFO: Experiment Progress: 61.5% -- 319/519
2018-05-23 12:45:45,593:INFO: Experiment Progress: 61.7% -- 320/519
2018-05-23 12:45:47,503:INFO: Experiment Progress: 61.8% -- 321/519
2018-05-23 12:45:47,979:INFO: Experiment Progress: 62.0% -- 322/519
2018-05-23 12:45:48,796:INFO: Experiment Progress: 62.2% -- 323/519
2018-05-23 12:45:49,212:INFO: Experiment Progress: 62.4% -- 324/519
2018-05-23 12:45:49,650:INFO: Experiment Progress: 62.6% -- 325/519
2018-05-23 12:45:50,100:INFO: Experiment Progress: 62.8% -- 326/519
2018-05-23 12:45:50,670:INFO: Experiment Progress: 63.0% -- 327/519
2018-05-23 12:45:51,048:INFO: Experiment Progress: 63.2% -- 328/519
2018-05-23 12:45:52,374:INFO: Experiment Progress: 63.4% -- 329/519
2018-05-23 12:45:53,061:INFO: Experiment Progress: 63.6% -- 330/519
2018-05-23 12:45:53,966:INFO: Experiment Progress: 63.8% -- 331/519
2018-05-23 12:45:54,867:INFO: Experiment Progress: 64.0% -- 332/519
2018-05-23 12:45:55,798:INFO: Experiment Progress: 64.2% -- 333/519
2018-05-23 12:45:56,941:INFO: Experiment Progress: 64.4% -- 334/519
2018-05-23 12:45:57,384:INFO: Experiment Progress: 64.5% -- 335/519
2018-05-23 12:45:58,007:INFO: Experiment Progress: 64.7% -- 336/519
2018-05-23 12:45:58,963:INFO: Experiment Progress: 64.9% -- 337/519
2018-05-23 12:46:00,436:INFO: Experiment Progress: 65.1% -- 338/519
2018-05-23 12:46:00,858:INFO: Experiment Progress: 65.3% -- 339/519
2018-05-23 12:46:01,778:INFO: Experiment Progress: 65.5% -- 340/519
2018-05-23 12:46:02,262:INFO: Experiment Progress: 65.7% -- 341/519
2018-05-23 12:46:02,830:INFO: Experiment Progress: 65.9% -- 342/519
2018-05-23 12:46:03,509:INFO: Experiment Progress: 66.1% -- 343/519
2018-05-23 12:46:04,850:INFO: Experiment Progress: 66.3% -- 344/519
2018-05-23 12:46:05,800:INFO: Experiment Progress: 66.5% -- 345/519
2018-05-23 12:46:06,209:INFO: Experiment Progress: 66.7% -- 346/519
2018-05-23 12:46:06,668:INFO: Experiment Progress: 66.9% -- 347/519
2018-05-23 12:46:07,077:INFO: Experiment Progress: 67.1% -- 348/519
2018-05-23 12:46:08,118:INFO: Experiment Progress: 67.2% -- 349/519
2018-05-23 12:46:09,019:INFO: Experiment Progress: 67.4% -- 350/519
2018-05-23 12:46:09,427:INFO: Experiment Progress: 67.6% -- 351/519
2018-05-23 12:46:10,444:INFO: Experiment Progress: 67.8% -- 352/519
2018-05-23 12:46:10,950:INFO: Experiment Progress: 68.0% -- 353/519
2018-05-23 12:46:11,408:INFO: Experiment Progress: 68.2% -- 354/519
2018-05-23 12:46:12,163:INFO: Experiment Progress: 68.4% -- 355/519
2018-05-23 12:46:12,771:INFO: Experiment Progress: 68.6% -- 356/519
2018-05-23 12:46:13,459:INFO: Experiment Progress: 68.8% -- 357/519
2018-05-23 12:46:14,322:INFO: Experiment Progress: 69.0% -- 358/519
2018-05-23 12:46:15,092:INFO: Experiment Progress: 69.2% -- 359/519
2018-05-23 12:46:15,496:INFO: Experiment Progress: 69.4% -- 360/519
2018-05-23 12:46:15,954:INFO: Experiment Progress: 69.6% -- 361/519
2018-05-23 12:46:17,463:INFO: Experiment Progress: 69.7% -- 362/519
2018-05-23 12:46:17,864:INFO: Experiment Progress: 69.9% -- 363/519
2018-05-23 12:46:18,339:INFO: Experiment Progress: 70.1% -- 364/519
2018-05-23 12:46:18,826:INFO: Experiment Progress: 70.3% -- 365/519
2018-05-23 12:46:19,303:INFO: Experiment Progress: 70.5% -- 366/519
2018-05-23 12:46:20,139:INFO: Experiment Progress: 70.7% -- 367/519
2018-05-23 12:46:20,667:INFO: Experiment Progress: 70.9% -- 368/519
2018-05-23 12:46:22,180:INFO: Experiment Progress: 71.1% -- 369/519
2018-05-23 12:46:23,211:INFO: Experiment Progress: 71.3% -- 370/519
2018-05-23 12:46:23,887:INFO: Experiment Progress: 71.5% -- 371/519
2018-05-23 12:46:24,229:INFO: Experiment Progress: 71.7% -- 372/519
2018-05-23 12:46:25,973:INFO: Experiment Progress: 71.9% -- 373/519
2018-05-23 12:46:27,361:INFO: Experiment Progress: 72.1% -- 374/519
2018-05-23 12:46:29,043:INFO: Experiment Progress: 72.3% -- 375/519
2018-05-23 12:46:29,477:INFO: Experiment Progress: 72.4% -- 376/519
2018-05-23 12:46:29,976:INFO: Experiment Progress: 72.6% -- 377/519
2018-05-23 12:46:30,653:INFO: Experiment Progress: 72.8% -- 378/519
2018-05-23 12:46:31,100:INFO: Experiment Progress: 73.0% -- 379/519
2018-05-23 12:46:31,573:INFO: Experiment Progress: 73.2% -- 380/519
2018-05-23 12:46:32,319:INFO: Experiment Progress: 73.4% -- 381/519
2018-05-23 12:46:32,984:INFO: Experiment Progress: 73.6% -- 382/519
2018-05-23 12:46:33,391:INFO: Experiment Progress: 73.8% -- 383/519
2018-05-23 12:46:33,880:INFO: Experiment Progress: 74.0% -- 384/519
2018-05-23 12:46:34,541:INFO: Experiment Progress: 74.2% -- 385/519
2018-05-23 12:46:34,985:INFO: Experiment Progress: 74.4% -- 386/519
2018-05-23 12:46:35,429:INFO: Experiment Progress: 74.6% -- 387/519
2018-05-23 12:46:35,897:INFO: Experiment Progress: 74.8% -- 388/519
2018-05-23 12:46:36,738:INFO: Experiment Progress: 75.0% -- 389/519
2018-05-23 12:46:37,222:INFO: Experiment Progress: 75.1% -- 390/519
2018-05-23 12:46:39,314:INFO: Experiment Progress: 75.3% -- 391/519
2018-05-23 12:46:39,813:INFO: Experiment Progress: 75.5% -- 392/519
2018-05-23 12:46:40,401:INFO: Experiment Progress: 75.7% -- 393/519
2018-05-23 12:46:40,825:INFO: Experiment Progress: 75.9% -- 394/519
2018-05-23 12:46:41,275:INFO: Experiment Progress: 76.1% -- 395/519
2018-05-23 12:46:41,966:INFO: Experiment Progress: 76.3% -- 396/519
2018-05-23 12:46:42,452:INFO: Experiment Progress: 76.5% -- 397/519
2018-05-23 12:46:43,147:INFO: Experiment Progress: 76.7% -- 398/519
2018-05-23 12:46:43,695:INFO: Experiment Progress: 76.9% -- 399/519
2018-05-23 12:46:44,137:INFO: Experiment Progress: 77.1% -- 400/519
2018-05-23 12:46:44,768:INFO: Experiment Progress: 77.3% -- 401/519
2018-05-23 12:46:45,294:INFO: Experiment Progress: 77.5% -- 402/519
2018-05-23 12:46:45,721:INFO: Experiment Progress: 77.6% -- 403/519
2018-05-23 12:46:46,069:INFO: Experiment Progress: 77.8% -- 404/519
2018-05-23 12:46:47,029:INFO: Experiment Progress: 78.0% -- 405/519
2018-05-23 12:46:48,226:INFO: Experiment Progress: 78.2% -- 406/519
2018-05-23 12:46:48,705:INFO: Experiment Progress: 78.4% -- 407/519
2018-05-23 12:46:49,177:INFO: Experiment Progress: 78.6% -- 408/519
2018-05-23 12:46:49,882:INFO: Experiment Progress: 78.8% -- 409/519
2018-05-23 12:46:50,314:INFO: Experiment Progress: 79.0% -- 410/519
2018-05-23 12:46:51,102:INFO: Experiment Progress: 79.2% -- 411/519
2018-05-23 12:46:51,653:INFO: Experiment Progress: 79.4% -- 412/519
2018-05-23 12:46:52,386:INFO: Experiment Progress: 79.6% -- 413/519
2018-05-23 12:46:53,818:INFO: Experiment Progress: 79.8% -- 414/519
2018-05-23 12:46:54,300:INFO: Experiment Progress: 80.0% -- 415/519
2018-05-23 12:46:54,959:INFO: Experiment Progress: 80.2% -- 416/519
2018-05-23 12:46:55,453:INFO: Experiment Progress: 80.3% -- 417/519
2018-05-23 12:46:55,903:INFO: Experiment Progress: 80.5% -- 418/519
2018-05-23 12:46:56,439:INFO: Experiment Progress: 80.7% -- 419/519
2018-05-23 12:46:56,823:INFO: Experiment Progress: 80.9% -- 420/519
2018-05-23 12:46:57,228:INFO: Experiment Progress: 81.1% -- 421/519
2018-05-23 12:46:57,747:INFO: Experiment Progress: 81.3% -- 422/519
2018-05-23 12:46:58,250:INFO: Experiment Progress: 81.5% -- 423/519
2018-05-23 12:46:59,344:INFO: Experiment Progress: 81.7% -- 424/519
2018-05-23 12:46:59,768:INFO: Experiment Progress: 81.9% -- 425/519
2018-05-23 12:47:00,224:INFO: Experiment Progress: 82.1% -- 426/519
2018-05-23 12:47:01,993:INFO: Experiment Progress: 82.3% -- 427/519
2018-05-23 12:47:02,463:INFO: Experiment Progress: 82.5% -- 428/519
2018-05-23 12:47:03,043:INFO: Experiment Progress: 82.7% -- 429/519
2018-05-23 12:47:03,461:INFO: Experiment Progress: 82.9% -- 430/519
2018-05-23 12:47:04,094:INFO: Experiment Progress: 83.0% -- 431/519
2018-05-23 12:47:04,639:INFO: Experiment Progress: 83.2% -- 432/519
2018-05-23 12:47:05,180:INFO: Experiment Progress: 83.4% -- 433/519
2018-05-23 12:47:06,474:INFO: Experiment Progress: 83.6% -- 434/519
2018-05-23 12:47:08,028:INFO: Experiment Progress: 83.8% -- 435/519
2018-05-23 12:47:08,576:INFO: Experiment Progress: 84.0% -- 436/519
2018-05-23 12:47:09,471:INFO: Experiment Progress: 84.2% -- 437/519
2018-05-23 12:47:09,904:INFO: Experiment Progress: 84.4% -- 438/519
2018-05-23 12:47:10,372:INFO: Experiment Progress: 84.6% -- 439/519
2018-05-23 12:47:11,463:INFO: Experiment Progress: 84.8% -- 440/519
2018-05-23 12:47:12,114:INFO: Experiment Progress: 85.0% -- 441/519
2018-05-23 12:47:12,630:INFO: Experiment Progress: 85.2% -- 442/519
2018-05-23 12:47:13,078:INFO: Experiment Progress: 85.4% -- 443/519
2018-05-23 12:47:13,747:INFO: Experiment Progress: 85.5% -- 444/519
2018-05-23 12:47:14,289:INFO: Experiment Progress: 85.7% -- 445/519
2018-05-23 12:47:14,743:INFO: Experiment Progress: 85.9% -- 446/519
2018-05-23 12:47:15,291:INFO: Experiment Progress: 86.1% -- 447/519
2018-05-23 12:47:15,778:INFO: Experiment Progress: 86.3% -- 448/519
2018-05-23 12:47:16,206:INFO: Experiment Progress: 86.5% -- 449/519
2018-05-23 12:47:16,855:INFO: Experiment Progress: 86.7% -- 450/519
2018-05-23 12:47:17,318:INFO: Experiment Progress: 86.9% -- 451/519
2018-05-23 12:47:17,742:INFO: Experiment Progress: 87.1% -- 452/519
2018-05-23 12:47:18,291:INFO: Experiment Progress: 87.3% -- 453/519
2018-05-23 12:47:18,686:INFO: Experiment Progress: 87.5% -- 454/519
2018-05-23 12:47:19,510:INFO: Experiment Progress: 87.7% -- 455/519
2018-05-23 12:47:19,972:INFO: Experiment Progress: 87.9% -- 456/519
2018-05-23 12:47:20,566:INFO: Experiment Progress: 88.1% -- 457/519
2018-05-23 12:47:21,040:INFO: Experiment Progress: 88.2% -- 458/519
2018-05-23 12:47:21,898:INFO: Experiment Progress: 88.4% -- 459/519
2018-05-23 12:47:22,862:INFO: Experiment Progress: 88.6% -- 460/519
2018-05-23 12:47:23,525:INFO: Experiment Progress: 88.8% -- 461/519
2018-05-23 12:47:26,880:INFO: Experiment Progress: 89.0% -- 462/519
2018-05-23 12:47:27,503:INFO: Experiment Progress: 89.2% -- 463/519
2018-05-23 12:47:28,280:INFO: Experiment Progress: 89.4% -- 464/519
2018-05-23 12:47:29,648:INFO: Experiment Progress: 89.6% -- 465/519
2018-05-23 12:47:30,075:INFO: Experiment Progress: 89.8% -- 466/519
2018-05-23 12:47:30,549:INFO: Experiment Progress: 90.0% -- 467/519
2018-05-23 12:47:31,040:INFO: Experiment Progress: 90.2% -- 468/519
2018-05-23 12:47:31,840:INFO: Experiment Progress: 90.4% -- 469/519
2018-05-23 12:47:32,599:INFO: Experiment Progress: 90.6% -- 470/519
2018-05-23 12:47:33,546:INFO: Experiment Progress: 90.8% -- 471/519
2018-05-23 12:47:34,177:INFO: Experiment Progress: 90.9% -- 472/519
2018-05-23 12:47:39,639:INFO: Experiment Progress: 91.1% -- 473/519
2018-05-23 12:47:40,214:INFO: Experiment Progress: 91.3% -- 474/519
2018-05-23 12:47:40,623:INFO: Experiment Progress: 91.5% -- 475/519
2018-05-23 12:47:41,151:INFO: Experiment Progress: 91.7% -- 476/519
2018-05-23 12:47:41,600:INFO: Experiment Progress: 91.9% -- 477/519
2018-05-23 12:47:42,069:INFO: Experiment Progress: 92.1% -- 478/519
2018-05-23 12:47:42,510:INFO: Experiment Progress: 92.3% -- 479/519
2018-05-23 12:47:45,884:INFO: Experiment Progress: 92.5% -- 480/519
2018-05-23 12:47:46,573:INFO: Experiment Progress: 92.7% -- 481/519
2018-05-23 12:47:47,212:INFO: Experiment Progress: 92.9% -- 482/519
2018-05-23 12:47:47,705:INFO: Experiment Progress: 93.1% -- 483/519
2018-05-23 12:47:49,173:INFO: Experiment Progress: 93.3% -- 484/519
2018-05-23 12:47:51,504:INFO: Experiment Progress: 93.4% -- 485/519
2018-05-23 12:47:52,161:INFO: Experiment Progress: 93.6% -- 486/519
2018-05-23 12:47:53,095:INFO: Experiment Progress: 93.8% -- 487/519
2018-05-23 12:47:54,367:INFO: Experiment Progress: 94.0% -- 488/519
2018-05-23 12:47:55,558:INFO: Experiment Progress: 94.2% -- 489/519
2018-05-23 12:47:56,043:INFO: Experiment Progress: 94.4% -- 490/519
2018-05-23 12:47:56,642:INFO: Experiment Progress: 94.6% -- 491/519
2018-05-23 12:47:57,084:INFO: Experiment Progress: 94.8% -- 492/519
2018-05-23 12:47:57,518:INFO: Experiment Progress: 95.0% -- 493/519
2018-05-23 12:47:57,905:INFO: Experiment Progress: 95.2% -- 494/519
2018-05-23 12:47:58,404:INFO: Experiment Progress: 95.4% -- 495/519
2018-05-23 12:47:59,772:INFO: Experiment Progress: 95.6% -- 496/519
2018-05-23 12:48:00,209:INFO: Experiment Progress: 95.8% -- 497/519
2018-05-23 12:48:00,711:INFO: Experiment Progress: 96.0% -- 498/519
2018-05-23 12:48:01,210:INFO: Experiment Progress: 96.1% -- 499/519
2018-05-23 12:48:02,891:INFO: Experiment Progress: 96.3% -- 500/519
2018-05-23 12:48:03,462:INFO: Experiment Progress: 96.5% -- 501/519
2018-05-23 12:48:05,146:INFO: Experiment Progress: 96.7% -- 502/519
2018-05-23 12:48:05,711:INFO: Experiment Progress: 96.9% -- 503/519
2018-05-23 12:48:06,287:INFO: Experiment Progress: 97.1% -- 504/519
2018-05-23 12:48:06,829:INFO: Experiment Progress: 97.3% -- 505/519
2018-05-23 12:48:07,664:INFO: Experiment Progress: 97.5% -- 506/519
2018-05-23 12:48:08,195:INFO: Experiment Progress: 97.7% -- 507/519
2018-05-23 12:48:08,639:INFO: Experiment Progress: 97.9% -- 508/519
2018-05-23 12:48:10,093:INFO: Experiment Progress: 98.1% -- 509/519
2018-05-23 12:48:10,980:INFO: Experiment Progress: 98.3% -- 510/519
2018-05-23 12:48:11,507:INFO: Experiment Progress: 98.5% -- 511/519
2018-05-23 12:48:13,479:INFO: Experiment Progress: 98.7% -- 512/519
2018-05-23 12:48:14,472:INFO: Experiment Progress: 98.8% -- 513/519
2018-05-23 12:48:15,039:INFO: Experiment Progress: 99.0% -- 514/519
2018-05-23 12:48:15,503:INFO: Experiment Progress: 99.2% -- 515/519
2018-05-23 12:48:15,993:INFO: Experiment Progress: 99.4% -- 516/519
2018-05-23 12:48:16,437:INFO: Experiment Progress: 99.6% -- 517/519
2018-05-23 12:48:17,577:INFO: Experiment Progress: 99.8% -- 518/519
