2018-11-07 18:30:23,354:INFO: Disease Protein Prediction in the PPI Network
2018-11-07 18:30:23,354:INFO: Sabri Eyuboglu  -- SNAP Group
2018-11-07 18:30:23,354:INFO: ======================================
2018-11-07 18:30:23,354:INFO: Loading PPI Network...
2018-11-07 18:30:30,105:INFO: Loading Disease Associations...
2018-11-07 18:30:39,395:INFO: Starting training for 75 epoch(s)
2018-11-07 18:30:39,395:INFO: Epoch 1/75
2018-11-07 18:30:39,395:INFO: Train
2018-11-07 18:30:43,541:INFO: - Train metrics: recall_at_100: 0.112 ; loss: 1.368
2018-11-07 18:30:43,545:INFO: Evaluate
2018-11-07 18:30:44,649:INFO: - Evaluate metrics: recall_at_100: 0.140 ; loss: 1.350
2018-11-07 18:30:44,846:INFO: - Found new best recall_at_100
2018-11-07 18:30:44,922:INFO: Epoch 2/75
2018-11-07 18:30:44,922:INFO: Train
2018-11-07 18:30:49,192:INFO: - Train metrics: recall_at_100: 0.156 ; loss: 1.335
2018-11-07 18:30:49,198:INFO: Evaluate
2018-11-07 18:30:50,320:INFO: - Evaluate metrics: recall_at_100: 0.133 ; loss: 1.329
2018-11-07 18:30:50,387:INFO: Epoch 3/75
2018-11-07 18:30:50,387:INFO: Train
2018-11-07 18:30:54,609:INFO: - Train metrics: recall_at_100: 0.133 ; loss: 1.305
2018-11-07 18:30:54,613:INFO: Evaluate
2018-11-07 18:30:55,697:INFO: - Evaluate metrics: recall_at_100: 0.140 ; loss: 1.311
2018-11-07 18:30:55,785:INFO: Epoch 4/75
2018-11-07 18:30:55,785:INFO: Train
2018-11-07 18:30:59,964:INFO: - Train metrics: recall_at_100: 0.148 ; loss: 1.308
2018-11-07 18:30:59,970:INFO: Evaluate
2018-11-07 18:31:01,008:INFO: - Evaluate metrics: recall_at_100: 0.154 ; loss: 1.292
2018-11-07 18:31:01,127:INFO: - Found new best recall_at_100
2018-11-07 18:31:01,222:INFO: Epoch 5/75
2018-11-07 18:31:01,223:INFO: Train
2018-11-07 18:31:05,442:INFO: - Train metrics: recall_at_100: 0.153 ; loss: 1.299
2018-11-07 18:31:05,446:INFO: Evaluate
2018-11-07 18:31:06,509:INFO: - Evaluate metrics: recall_at_100: 0.130 ; loss: 1.294
2018-11-07 18:31:06,585:INFO: Epoch 6/75
2018-11-07 18:31:06,586:INFO: Train
2018-11-07 18:31:10,533:INFO: - Train metrics: recall_at_100: 0.148 ; loss: 1.285
2018-11-07 18:31:10,538:INFO: Evaluate
2018-11-07 18:31:11,499:INFO: - Evaluate metrics: recall_at_100: 0.113 ; loss: 1.285
2018-11-07 18:31:11,588:INFO: Epoch 7/75
2018-11-07 18:31:11,588:INFO: Train
2018-11-07 18:31:15,781:INFO: - Train metrics: recall_at_100: 0.170 ; loss: 1.280
2018-11-07 18:31:15,787:INFO: Evaluate
2018-11-07 18:31:16,908:INFO: - Evaluate metrics: recall_at_100: 0.149 ; loss: 1.269
2018-11-07 18:31:16,985:INFO: Epoch 8/75
2018-11-07 18:31:16,985:INFO: Train
2018-11-07 18:31:21,158:INFO: - Train metrics: recall_at_100: 0.164 ; loss: 1.253
2018-11-07 18:31:21,162:INFO: Evaluate
2018-11-07 18:31:22,230:INFO: - Evaluate metrics: recall_at_100: 0.163 ; loss: 1.269
2018-11-07 18:31:22,340:INFO: - Found new best recall_at_100
2018-11-07 18:31:22,452:INFO: Epoch 9/75
2018-11-07 18:31:22,453:INFO: Train
2018-11-07 18:31:26,419:INFO: - Train metrics: recall_at_100: 0.133 ; loss: 1.257
2018-11-07 18:31:26,423:INFO: Evaluate
2018-11-07 18:31:27,466:INFO: - Evaluate metrics: recall_at_100: 0.149 ; loss: 1.256
2018-11-07 18:31:27,560:INFO: Epoch 10/75
2018-11-07 18:31:27,560:INFO: Train
2018-11-07 18:31:31,579:INFO: - Train metrics: recall_at_100: 0.158 ; loss: 1.234
2018-11-07 18:31:31,584:INFO: Evaluate
2018-11-07 18:31:32,610:INFO: - Evaluate metrics: recall_at_100: 0.135 ; loss: 1.255
2018-11-07 18:31:32,705:INFO: Epoch 11/75
2018-11-07 18:31:32,705:INFO: Train
2018-11-07 18:31:36,853:INFO: - Train metrics: recall_at_100: 0.153 ; loss: 1.237
2018-11-07 18:31:36,858:INFO: Evaluate
2018-11-07 18:31:37,951:INFO: - Evaluate metrics: recall_at_100: 0.143 ; loss: 1.240
2018-11-07 18:31:38,041:INFO: Epoch 12/75
2018-11-07 18:31:38,041:INFO: Train
2018-11-07 18:31:42,197:INFO: - Train metrics: recall_at_100: 0.170 ; loss: 1.237
2018-11-07 18:31:42,202:INFO: Evaluate
2018-11-07 18:31:43,041:INFO: - Evaluate metrics: recall_at_100: 0.143 ; loss: 1.247
2018-11-07 18:31:43,129:INFO: Epoch 13/75
2018-11-07 18:31:43,129:INFO: Train
2018-11-07 18:31:47,125:INFO: - Train metrics: recall_at_100: 0.188 ; loss: 1.240
2018-11-07 18:31:47,130:INFO: Evaluate
2018-11-07 18:31:48,009:INFO: - Evaluate metrics: recall_at_100: 0.126 ; loss: 1.244
2018-11-07 18:31:48,107:INFO: Epoch 14/75
2018-11-07 18:31:48,108:INFO: Train
2018-11-07 18:31:52,291:INFO: - Train metrics: recall_at_100: 0.154 ; loss: 1.201
2018-11-07 18:31:52,295:INFO: Evaluate
2018-11-07 18:31:53,305:INFO: - Evaluate metrics: recall_at_100: 0.115 ; loss: 1.244
2018-11-07 18:31:53,386:INFO: Epoch 15/75
2018-11-07 18:31:53,386:INFO: Train
2018-11-07 18:31:57,385:INFO: - Train metrics: recall_at_100: 0.135 ; loss: 1.229
2018-11-07 18:31:57,390:INFO: Evaluate
2018-11-07 18:31:58,437:INFO: - Evaluate metrics: recall_at_100: 0.122 ; loss: 1.241
2018-11-07 18:31:58,532:INFO: Epoch 16/75
2018-11-07 18:31:58,532:INFO: Train
2018-11-07 18:32:02,713:INFO: - Train metrics: recall_at_100: 0.153 ; loss: 1.226
2018-11-07 18:32:02,718:INFO: Evaluate
2018-11-07 18:32:03,784:INFO: - Evaluate metrics: recall_at_100: 0.122 ; loss: 1.236
2018-11-07 18:32:03,868:INFO: Epoch 17/75
2018-11-07 18:32:03,868:INFO: Train
2018-11-07 18:32:08,055:INFO: - Train metrics: recall_at_100: 0.145 ; loss: 1.212
2018-11-07 18:32:08,061:INFO: Evaluate
2018-11-07 18:32:09,115:INFO: - Evaluate metrics: recall_at_100: 0.122 ; loss: 1.227
2018-11-07 18:32:09,179:INFO: Epoch 18/75
2018-11-07 18:32:09,179:INFO: Train
2018-11-07 18:32:13,352:INFO: - Train metrics: recall_at_100: 0.116 ; loss: 1.229
2018-11-07 18:32:13,358:INFO: Evaluate
2018-11-07 18:32:14,446:INFO: - Evaluate metrics: recall_at_100: 0.135 ; loss: 1.224
2018-11-07 18:32:14,534:INFO: Epoch 19/75
2018-11-07 18:32:14,534:INFO: Train
2018-11-07 18:32:18,667:INFO: - Train metrics: recall_at_100: 0.144 ; loss: 1.214
2018-11-07 18:32:18,672:INFO: Evaluate
2018-11-07 18:32:19,745:INFO: - Evaluate metrics: recall_at_100: 0.111 ; loss: 1.225
2018-11-07 18:32:19,833:INFO: Epoch 20/75
2018-11-07 18:32:19,833:INFO: Train
2018-11-07 18:32:24,080:INFO: - Train metrics: recall_at_100: 0.169 ; loss: 1.217
2018-11-07 18:32:24,085:INFO: Evaluate
2018-11-07 18:32:25,184:INFO: - Evaluate metrics: recall_at_100: 0.132 ; loss: 1.221
2018-11-07 18:32:25,292:INFO: Epoch 21/75
2018-11-07 18:32:25,293:INFO: Train
2018-11-07 18:32:29,460:INFO: - Train metrics: recall_at_100: 0.150 ; loss: 1.222
2018-11-07 18:32:29,465:INFO: Evaluate
2018-11-07 18:32:30,482:INFO: - Evaluate metrics: recall_at_100: 0.144 ; loss: 1.226
2018-11-07 18:32:30,572:INFO: Epoch 22/75
2018-11-07 18:32:30,572:INFO: Train
2018-11-07 18:32:34,846:INFO: - Train metrics: recall_at_100: 0.162 ; loss: 1.204
2018-11-07 18:32:34,852:INFO: Evaluate
2018-11-07 18:32:35,991:INFO: - Evaluate metrics: recall_at_100: 0.133 ; loss: 1.224
2018-11-07 18:32:36,084:INFO: Epoch 23/75
2018-11-07 18:32:36,084:INFO: Train
2018-11-07 18:32:40,383:INFO: - Train metrics: recall_at_100: 0.141 ; loss: 1.222
2018-11-07 18:32:40,388:INFO: Evaluate
2018-11-07 18:32:41,435:INFO: - Evaluate metrics: recall_at_100: 0.157 ; loss: 1.202
2018-11-07 18:32:41,538:INFO: Epoch 24/75
2018-11-07 18:32:41,538:INFO: Train
2018-11-07 18:32:45,437:INFO: - Train metrics: recall_at_100: 0.177 ; loss: 1.216
2018-11-07 18:32:45,442:INFO: Evaluate
2018-11-07 18:32:46,546:INFO: - Evaluate metrics: recall_at_100: 0.160 ; loss: 1.209
2018-11-07 18:32:46,633:INFO: Epoch 25/75
2018-11-07 18:32:46,634:INFO: Train
2018-11-07 18:32:50,966:INFO: - Train metrics: recall_at_100: 0.163 ; loss: 1.221
2018-11-07 18:32:50,966:INFO: Evaluate
2018-11-07 18:32:52,101:INFO: - Evaluate metrics: recall_at_100: 0.134 ; loss: 1.219
2018-11-07 18:32:52,204:INFO: Epoch 26/75
2018-11-07 18:32:52,204:INFO: Train
2018-11-07 18:32:56,378:INFO: - Train metrics: recall_at_100: 0.139 ; loss: 1.202
2018-11-07 18:32:56,387:INFO: Evaluate
2018-11-07 18:32:57,443:INFO: - Evaluate metrics: recall_at_100: 0.149 ; loss: 1.205
2018-11-07 18:32:57,533:INFO: Epoch 27/75
2018-11-07 18:32:57,533:INFO: Train
2018-11-07 18:33:01,841:INFO: - Train metrics: recall_at_100: 0.183 ; loss: 1.190
2018-11-07 18:33:01,846:INFO: Evaluate
2018-11-07 18:33:02,974:INFO: - Evaluate metrics: recall_at_100: 0.149 ; loss: 1.212
2018-11-07 18:33:03,123:INFO: Epoch 28/75
2018-11-07 18:33:03,123:INFO: Train
2018-11-07 18:33:07,013:INFO: - Train metrics: recall_at_100: 0.151 ; loss: 1.203
2018-11-07 18:33:07,017:INFO: Evaluate
2018-11-07 18:33:08,115:INFO: - Evaluate metrics: recall_at_100: 0.159 ; loss: 1.199
2018-11-07 18:33:08,206:INFO: Epoch 29/75
2018-11-07 18:33:08,206:INFO: Train
2018-11-07 18:33:12,288:INFO: - Train metrics: recall_at_100: 0.165 ; loss: 1.213
2018-11-07 18:33:12,293:INFO: Evaluate
2018-11-07 18:33:13,362:INFO: - Evaluate metrics: recall_at_100: 0.155 ; loss: 1.204
2018-11-07 18:33:13,463:INFO: Epoch 30/75
2018-11-07 18:33:13,464:INFO: Train
2018-11-07 18:33:17,679:INFO: - Train metrics: recall_at_100: 0.160 ; loss: 1.204
2018-11-07 18:33:17,684:INFO: Evaluate
2018-11-07 18:33:18,763:INFO: - Evaluate metrics: recall_at_100: 0.182 ; loss: 1.182
2018-11-07 18:33:18,865:INFO: - Found new best recall_at_100
2018-11-07 18:33:18,968:INFO: Epoch 31/75
2018-11-07 18:33:18,968:INFO: Train
2018-11-07 18:33:23,276:INFO: - Train metrics: recall_at_100: 0.186 ; loss: 1.204
2018-11-07 18:33:23,281:INFO: Evaluate
2018-11-07 18:33:24,326:INFO: - Evaluate metrics: recall_at_100: 0.118 ; loss: 1.194
2018-11-07 18:33:24,411:INFO: Epoch 32/75
2018-11-07 18:33:24,412:INFO: Train
2018-11-07 18:33:28,590:INFO: - Train metrics: recall_at_100: 0.175 ; loss: 1.173
2018-11-07 18:33:28,594:INFO: Evaluate
2018-11-07 18:33:29,695:INFO: - Evaluate metrics: recall_at_100: 0.133 ; loss: 1.197
2018-11-07 18:33:29,782:INFO: Epoch 33/75
2018-11-07 18:33:29,782:INFO: Train
2018-11-07 18:33:33,923:INFO: - Train metrics: recall_at_100: 0.198 ; loss: 1.183
2018-11-07 18:33:33,925:INFO: Evaluate
2018-11-07 18:33:34,954:INFO: - Evaluate metrics: recall_at_100: 0.137 ; loss: 1.201
2018-11-07 18:33:35,049:INFO: Epoch 34/75
2018-11-07 18:33:35,049:INFO: Train
2018-11-07 18:33:39,222:INFO: - Train metrics: recall_at_100: 0.193 ; loss: 1.196
2018-11-07 18:33:39,227:INFO: Evaluate
2018-11-07 18:33:40,307:INFO: - Evaluate metrics: recall_at_100: 0.159 ; loss: 1.194
2018-11-07 18:33:40,392:INFO: Epoch 35/75
2018-11-07 18:33:40,392:INFO: Train
2018-11-07 18:33:44,414:INFO: - Train metrics: recall_at_100: 0.156 ; loss: 1.199
2018-11-07 18:33:44,419:INFO: Evaluate
2018-11-07 18:33:45,417:INFO: - Evaluate metrics: recall_at_100: 0.184 ; loss: 1.188
2018-11-07 18:33:45,517:INFO: - Found new best recall_at_100
2018-11-07 18:33:45,613:INFO: Epoch 36/75
2018-11-07 18:33:45,614:INFO: Train
2018-11-07 18:33:49,784:INFO: - Train metrics: recall_at_100: 0.174 ; loss: 1.183
2018-11-07 18:33:49,789:INFO: Evaluate
2018-11-07 18:33:50,809:INFO: - Evaluate metrics: recall_at_100: 0.140 ; loss: 1.197
2018-11-07 18:33:50,907:INFO: Epoch 37/75
2018-11-07 18:33:50,907:INFO: Train
2018-11-07 18:33:55,060:INFO: - Train metrics: recall_at_100: 0.175 ; loss: 1.164
2018-11-07 18:33:55,065:INFO: Evaluate
2018-11-07 18:33:56,065:INFO: - Evaluate metrics: recall_at_100: 0.167 ; loss: 1.196
2018-11-07 18:33:56,160:INFO: Epoch 38/75
2018-11-07 18:33:56,160:INFO: Train
2018-11-07 18:34:00,317:INFO: - Train metrics: recall_at_100: 0.177 ; loss: 1.192
2018-11-07 18:34:00,322:INFO: Evaluate
2018-11-07 18:34:01,317:INFO: - Evaluate metrics: recall_at_100: 0.128 ; loss: 1.204
2018-11-07 18:34:01,435:INFO: Epoch 39/75
2018-11-07 18:34:01,435:INFO: Train
2018-11-07 18:34:05,625:INFO: - Train metrics: recall_at_100: 0.171 ; loss: 1.191
2018-11-07 18:34:05,630:INFO: Evaluate
2018-11-07 18:34:06,651:INFO: - Evaluate metrics: recall_at_100: 0.126 ; loss: 1.200
2018-11-07 18:34:06,745:INFO: Epoch 40/75
2018-11-07 18:34:06,746:INFO: Train
2018-11-07 18:34:10,923:INFO: - Train metrics: recall_at_100: 0.179 ; loss: 1.169
2018-11-07 18:34:10,928:INFO: Evaluate
2018-11-07 18:34:11,940:INFO: - Evaluate metrics: recall_at_100: 0.140 ; loss: 1.183
2018-11-07 18:34:12,034:INFO: Epoch 41/75
2018-11-07 18:34:12,034:INFO: Train
2018-11-07 18:34:16,284:INFO: - Train metrics: recall_at_100: 0.177 ; loss: 1.166
2018-11-07 18:34:16,289:INFO: Evaluate
2018-11-07 18:34:17,314:INFO: - Evaluate metrics: recall_at_100: 0.177 ; loss: 1.198
2018-11-07 18:34:17,395:INFO: Epoch 42/75
2018-11-07 18:34:17,395:INFO: Train
2018-11-07 18:34:21,352:INFO: - Train metrics: recall_at_100: 0.164 ; loss: 1.187
2018-11-07 18:34:21,357:INFO: Evaluate
2018-11-07 18:34:22,350:INFO: - Evaluate metrics: recall_at_100: 0.193 ; loss: 1.179
2018-11-07 18:34:22,455:INFO: - Found new best recall_at_100
2018-11-07 18:34:22,548:INFO: Epoch 43/75
2018-11-07 18:34:22,548:INFO: Train
2018-11-07 18:34:26,731:INFO: - Train metrics: recall_at_100: 0.153 ; loss: 1.189
2018-11-07 18:34:26,736:INFO: Evaluate
2018-11-07 18:34:27,738:INFO: - Evaluate metrics: recall_at_100: 0.158 ; loss: 1.198
2018-11-07 18:34:27,831:INFO: Epoch 44/75
2018-11-07 18:34:27,831:INFO: Train
2018-11-07 18:34:31,963:INFO: - Train metrics: recall_at_100: 0.168 ; loss: 1.182
2018-11-07 18:34:31,967:INFO: Evaluate
2018-11-07 18:34:33,049:INFO: - Evaluate metrics: recall_at_100: 0.162 ; loss: 1.187
2018-11-07 18:34:33,141:INFO: Epoch 45/75
2018-11-07 18:34:33,141:INFO: Train
2018-11-07 18:34:37,265:INFO: - Train metrics: recall_at_100: 0.166 ; loss: 1.177
2018-11-07 18:34:37,275:INFO: Evaluate
2018-11-07 18:34:38,323:INFO: - Evaluate metrics: recall_at_100: 0.196 ; loss: 1.183
2018-11-07 18:34:38,437:INFO: - Found new best recall_at_100
2018-11-07 18:34:38,549:INFO: Epoch 46/75
2018-11-07 18:34:38,549:INFO: Train
2018-11-07 18:34:42,521:INFO: - Train metrics: recall_at_100: 0.168 ; loss: 1.187
2018-11-07 18:34:42,526:INFO: Evaluate
2018-11-07 18:34:43,575:INFO: - Evaluate metrics: recall_at_100: 0.166 ; loss: 1.173
2018-11-07 18:34:43,721:INFO: Epoch 47/75
2018-11-07 18:34:43,722:INFO: Train
2018-11-07 18:34:47,885:INFO: - Train metrics: recall_at_100: 0.183 ; loss: 1.169
2018-11-07 18:34:47,890:INFO: Evaluate
2018-11-07 18:34:48,940:INFO: - Evaluate metrics: recall_at_100: 0.149 ; loss: 1.195
2018-11-07 18:34:49,023:INFO: Epoch 48/75
2018-11-07 18:34:49,023:INFO: Train
2018-11-07 18:34:53,125:INFO: - Train metrics: recall_at_100: 0.176 ; loss: 1.140
2018-11-07 18:34:53,130:INFO: Evaluate
2018-11-07 18:34:53,986:INFO: - Evaluate metrics: recall_at_100: 0.150 ; loss: 1.189
2018-11-07 18:34:54,053:INFO: Epoch 49/75
2018-11-07 18:34:54,053:INFO: Train
2018-11-07 18:34:58,193:INFO: - Train metrics: recall_at_100: 0.148 ; loss: 1.187
2018-11-07 18:34:58,198:INFO: Evaluate
2018-11-07 18:34:59,284:INFO: - Evaluate metrics: recall_at_100: 0.125 ; loss: 1.192
2018-11-07 18:34:59,366:INFO: Epoch 50/75
2018-11-07 18:34:59,366:INFO: Train
2018-11-07 18:35:03,559:INFO: - Train metrics: recall_at_100: 0.180 ; loss: 1.169
2018-11-07 18:35:03,564:INFO: Evaluate
2018-11-07 18:35:04,605:INFO: - Evaluate metrics: recall_at_100: 0.164 ; loss: 1.171
2018-11-07 18:35:04,683:INFO: Epoch 51/75
2018-11-07 18:35:04,683:INFO: Train
2018-11-07 18:35:08,774:INFO: - Train metrics: recall_at_100: 0.208 ; loss: 1.157
2018-11-07 18:35:08,779:INFO: Evaluate
2018-11-07 18:35:09,818:INFO: - Evaluate metrics: recall_at_100: 0.164 ; loss: 1.181
2018-11-07 18:35:09,910:INFO: Epoch 52/75
2018-11-07 18:35:09,910:INFO: Train
2018-11-07 18:35:14,021:INFO: - Train metrics: recall_at_100: 0.172 ; loss: 1.168
2018-11-07 18:35:14,025:INFO: Evaluate
2018-11-07 18:35:15,088:INFO: - Evaluate metrics: recall_at_100: 0.153 ; loss: 1.184
2018-11-07 18:35:15,173:INFO: Epoch 53/75
2018-11-07 18:35:15,173:INFO: Train
2018-11-07 18:35:19,345:INFO: - Train metrics: recall_at_100: 0.174 ; loss: 1.169
2018-11-07 18:35:19,349:INFO: Evaluate
2018-11-07 18:35:20,433:INFO: - Evaluate metrics: recall_at_100: 0.161 ; loss: 1.188
2018-11-07 18:35:20,517:INFO: Epoch 54/75
2018-11-07 18:35:20,517:INFO: Train
2018-11-07 18:35:24,488:INFO: - Train metrics: recall_at_100: 0.149 ; loss: 1.162
2018-11-07 18:35:24,492:INFO: Evaluate
2018-11-07 18:35:25,585:INFO: - Evaluate metrics: recall_at_100: 0.204 ; loss: 1.185
2018-11-07 18:35:25,699:INFO: - Found new best recall_at_100
2018-11-07 18:35:25,788:INFO: Epoch 55/75
2018-11-07 18:35:25,789:INFO: Train
2018-11-07 18:35:29,916:INFO: - Train metrics: recall_at_100: 0.172 ; loss: 1.148
2018-11-07 18:35:29,916:INFO: Evaluate
2018-11-07 18:35:30,941:INFO: - Evaluate metrics: recall_at_100: 0.138 ; loss: 1.184
2018-11-07 18:35:31,022:INFO: Epoch 56/75
2018-11-07 18:35:31,022:INFO: Train
2018-11-07 18:35:35,239:INFO: - Train metrics: recall_at_100: 0.142 ; loss: 1.165
2018-11-07 18:35:35,244:INFO: Evaluate
2018-11-07 18:35:36,361:INFO: - Evaluate metrics: recall_at_100: 0.156 ; loss: 1.174
2018-11-07 18:35:36,431:INFO: Epoch 57/75
2018-11-07 18:35:36,431:INFO: Train
2018-11-07 18:35:40,707:INFO: - Train metrics: recall_at_100: 0.155 ; loss: 1.153
2018-11-07 18:35:40,713:INFO: Evaluate
2018-11-07 18:35:41,732:INFO: - Evaluate metrics: recall_at_100: 0.136 ; loss: 1.182
2018-11-07 18:35:41,823:INFO: Epoch 58/75
2018-11-07 18:35:41,823:INFO: Train
2018-11-07 18:35:46,015:INFO: - Train metrics: recall_at_100: 0.211 ; loss: 1.173
2018-11-07 18:35:46,020:INFO: Evaluate
2018-11-07 18:35:47,089:INFO: - Evaluate metrics: recall_at_100: 0.155 ; loss: 1.176
2018-11-07 18:35:47,184:INFO: Epoch 59/75
2018-11-07 18:35:47,184:INFO: Train
2018-11-07 18:35:51,246:INFO: - Train metrics: recall_at_100: 0.195 ; loss: 1.151
2018-11-07 18:35:51,251:INFO: Evaluate
2018-11-07 18:35:52,335:INFO: - Evaluate metrics: recall_at_100: 0.154 ; loss: 1.168
2018-11-07 18:35:52,476:INFO: Epoch 60/75
2018-11-07 18:35:52,477:INFO: Train
2018-11-07 18:35:56,629:INFO: - Train metrics: recall_at_100: 0.169 ; loss: 1.169
2018-11-07 18:35:56,634:INFO: Evaluate
2018-11-07 18:35:57,715:INFO: - Evaluate metrics: recall_at_100: 0.176 ; loss: 1.174
2018-11-07 18:35:57,810:INFO: Epoch 61/75
2018-11-07 18:35:57,810:INFO: Train
2018-11-07 18:36:01,925:INFO: - Train metrics: recall_at_100: 0.177 ; loss: 1.153
2018-11-07 18:36:01,929:INFO: Evaluate
2018-11-07 18:36:02,945:INFO: - Evaluate metrics: recall_at_100: 0.164 ; loss: 1.185
2018-11-07 18:36:03,021:INFO: Epoch 62/75
2018-11-07 18:36:03,022:INFO: Train
2018-11-07 18:36:07,186:INFO: - Train metrics: recall_at_100: 0.199 ; loss: 1.181
2018-11-07 18:36:07,191:INFO: Evaluate
2018-11-07 18:36:08,265:INFO: - Evaluate metrics: recall_at_100: 0.170 ; loss: 1.163
2018-11-07 18:36:08,354:INFO: Epoch 63/75
2018-11-07 18:36:08,354:INFO: Train
2018-11-07 18:36:12,429:INFO: - Train metrics: recall_at_100: 0.170 ; loss: 1.174
2018-11-07 18:36:12,434:INFO: Evaluate
2018-11-07 18:36:13,490:INFO: - Evaluate metrics: recall_at_100: 0.131 ; loss: 1.200
2018-11-07 18:36:13,591:INFO: Epoch 64/75
2018-11-07 18:36:13,591:INFO: Train
2018-11-07 18:36:17,773:INFO: - Train metrics: recall_at_100: 0.179 ; loss: 1.193
2018-11-07 18:36:17,778:INFO: Evaluate
2018-11-07 18:36:18,803:INFO: - Evaluate metrics: recall_at_100: 0.162 ; loss: 1.177
2018-11-07 18:36:18,888:INFO: Epoch 65/75
2018-11-07 18:36:18,889:INFO: Train
2018-11-07 18:36:23,114:INFO: - Train metrics: recall_at_100: 0.187 ; loss: 1.164
2018-11-07 18:36:23,119:INFO: Evaluate
2018-11-07 18:36:24,191:INFO: - Evaluate metrics: recall_at_100: 0.166 ; loss: 1.172
2018-11-07 18:36:24,277:INFO: Epoch 66/75
2018-11-07 18:36:24,278:INFO: Train
2018-11-07 18:36:28,173:INFO: - Train metrics: recall_at_100: 0.187 ; loss: 1.175
2018-11-07 18:36:28,180:INFO: Evaluate
2018-11-07 18:36:29,238:INFO: - Evaluate metrics: recall_at_100: 0.143 ; loss: 1.194
2018-11-07 18:36:29,306:INFO: Epoch 67/75
2018-11-07 18:36:29,307:INFO: Train
2018-11-07 18:36:33,495:INFO: - Train metrics: recall_at_100: 0.183 ; loss: 1.158
2018-11-07 18:36:33,495:INFO: Evaluate
2018-11-07 18:36:34,524:INFO: - Evaluate metrics: recall_at_100: 0.168 ; loss: 1.170
2018-11-07 18:36:34,606:INFO: Epoch 68/75
2018-11-07 18:36:34,606:INFO: Train
2018-11-07 18:36:38,734:INFO: - Train metrics: recall_at_100: 0.192 ; loss: 1.157
2018-11-07 18:36:38,741:INFO: Evaluate
2018-11-07 18:36:39,778:INFO: - Evaluate metrics: recall_at_100: 0.147 ; loss: 1.179
2018-11-07 18:36:39,878:INFO: Epoch 69/75
2018-11-07 18:36:39,878:INFO: Train
2018-11-07 18:36:43,804:INFO: - Train metrics: recall_at_100: 0.201 ; loss: 1.160
2018-11-07 18:36:43,809:INFO: Evaluate
2018-11-07 18:36:44,763:INFO: - Evaluate metrics: recall_at_100: 0.170 ; loss: 1.172
2018-11-07 18:36:44,836:INFO: Epoch 70/75
2018-11-07 18:36:44,837:INFO: Train
2018-11-07 18:36:48,959:INFO: - Train metrics: recall_at_100: 0.190 ; loss: 1.174
2018-11-07 18:36:48,964:INFO: Evaluate
2018-11-07 18:36:49,983:INFO: - Evaluate metrics: recall_at_100: 0.171 ; loss: 1.170
2018-11-07 18:36:50,083:INFO: Epoch 71/75
2018-11-07 18:36:50,084:INFO: Train
2018-11-07 18:36:54,187:INFO: - Train metrics: recall_at_100: 0.214 ; loss: 1.160
2018-11-07 18:36:54,192:INFO: Evaluate
2018-11-07 18:36:55,180:INFO: - Evaluate metrics: recall_at_100: 0.126 ; loss: 1.199
2018-11-07 18:36:55,279:INFO: Epoch 72/75
2018-11-07 18:36:55,280:INFO: Train
2018-11-07 18:36:59,438:INFO: - Train metrics: recall_at_100: 0.190 ; loss: 1.172
2018-11-07 18:36:59,443:INFO: Evaluate
2018-11-07 18:37:00,465:INFO: - Evaluate metrics: recall_at_100: 0.143 ; loss: 1.175
2018-11-07 18:37:00,554:INFO: Epoch 73/75
2018-11-07 18:37:00,554:INFO: Train
2018-11-07 18:37:04,651:INFO: - Train metrics: recall_at_100: 0.196 ; loss: 1.157
2018-11-07 18:37:04,656:INFO: Evaluate
2018-11-07 18:37:05,647:INFO: - Evaluate metrics: recall_at_100: 0.186 ; loss: 1.169
2018-11-07 18:37:05,739:INFO: Epoch 74/75
2018-11-07 18:37:05,740:INFO: Train
2018-11-07 18:37:09,893:INFO: - Train metrics: recall_at_100: 0.195 ; loss: 1.165
2018-11-07 18:37:09,898:INFO: Evaluate
2018-11-07 18:37:10,890:INFO: - Evaluate metrics: recall_at_100: 0.142 ; loss: 1.182
2018-11-07 18:37:10,984:INFO: Epoch 75/75
2018-11-07 18:37:10,985:INFO: Train
2018-11-07 18:37:14,929:INFO: - Train metrics: recall_at_100: 0.197 ; loss: 1.156
2018-11-07 18:37:14,934:INFO: Evaluate
2018-11-07 18:37:15,937:INFO: - Evaluate metrics: recall_at_100: 0.154 ; loss: 1.178
2018-11-07 18:37:16,045:INFO: Running Experiment...
