2018-09-27 15:13:11,728:INFO: Disease Protein Prediction in the PPI Network
2018-09-27 15:13:11,728:INFO: Sabri Eyuboglu  -- SNAP Group
2018-09-27 15:13:11,728:INFO: ======================================
2018-09-27 15:13:11,728:INFO: Loading PPI Network...
2018-09-27 15:13:22,220:INFO: Loading Disease Associations...
2018-09-27 15:13:48,340:INFO: Disease Protein Prediction in the PPI Network
2018-09-27 15:13:48,340:INFO: Sabri Eyuboglu  -- SNAP Group
2018-09-27 15:13:48,340:INFO: ======================================
2018-09-27 15:13:48,340:INFO: Loading PPI Network...
2018-09-27 15:13:56,288:INFO: Loading Disease Associations...
2018-09-27 15:13:56,312:INFO: Loading PPI Matrix...
2018-09-27 15:14:44,409:INFO: Disease Protein Prediction in the PPI Network
2018-09-27 15:14:44,410:INFO: Sabri Eyuboglu  -- SNAP Group
2018-09-27 15:14:44,410:INFO: ======================================
2018-09-27 15:14:44,410:INFO: Loading PPI Network...
2018-09-27 15:14:52,334:INFO: Loading Disease Associations...
2018-09-27 15:14:52,359:INFO: Loading PPI Matrix...
2018-09-27 15:15:19,726:INFO: Running Experiment...
2018-09-27 15:22:16,414:INFO: Disease Protein Prediction in the PPI Network
2018-09-27 15:22:16,414:INFO: Sabri Eyuboglu  -- SNAP Group
2018-09-27 15:22:16,415:INFO: ======================================
2018-09-27 15:22:16,415:INFO: Loading PPI Network...
2018-09-27 15:22:24,603:INFO: Loading Disease Associations...
2018-09-27 15:22:24,625:INFO: Loading PPI Matrix...
2018-09-27 15:22:28,027:INFO: Running Experiment...
