2018-10-15 19:04:08,862:INFO: Aggregating Experiments
2018-10-15 19:04:08,862:INFO: Sabri Eyuboglu  -- SNAP Group
2018-10-15 19:04:08,862:INFO: ======================================
2018-10-15 19:04:08,862:INFO: Loading Disease Associations...
2018-10-15 19:04:27,522:INFO: Aggregating Experiments
2018-10-15 19:04:27,522:INFO: Sabri Eyuboglu  -- SNAP Group
2018-10-15 19:04:27,523:INFO: ======================================
2018-10-15 19:04:27,523:INFO: Loading Disease Associations...
2018-10-15 19:07:04,471:INFO: Aggregating Experiments
2018-10-15 19:07:04,471:INFO: Sabri Eyuboglu  -- SNAP Group
2018-10-15 19:07:04,471:INFO: ======================================
2018-10-15 19:07:04,471:INFO: Loading Disease Associations...
2018-10-15 19:07:30,380:INFO: Aggregating Experiments
2018-10-15 19:07:30,380:INFO: Sabri Eyuboglu  -- SNAP Group
2018-10-15 19:07:30,380:INFO: ======================================
2018-10-15 19:07:30,380:INFO: Loading Disease Associations...
2018-10-15 19:08:27,553:INFO: Aggregating Experiments
2018-10-15 19:08:27,553:INFO: Sabri Eyuboglu  -- SNAP Group
2018-10-15 19:08:27,553:INFO: ======================================
2018-10-15 19:08:27,553:INFO: Loading Disease Associations...
2018-10-15 19:09:44,557:INFO: Aggregating Experiments
2018-10-15 19:09:44,557:INFO: Sabri Eyuboglu  -- SNAP Group
2018-10-15 19:09:44,557:INFO: ======================================
2018-10-15 19:09:44,557:INFO: Loading Disease Associations...
2018-10-15 19:10:00,045:INFO: Aggregating Experiments
2018-10-15 19:10:00,045:INFO: Sabri Eyuboglu  -- SNAP Group
2018-10-15 19:10:00,045:INFO: ======================================
2018-10-15 19:10:00,045:INFO: Loading Disease Associations...
2018-10-15 19:10:53,781:INFO: Aggregating Experiments
2018-10-15 19:10:53,781:INFO: Sabri Eyuboglu  -- SNAP Group
2018-10-15 19:10:53,781:INFO: ======================================
2018-10-15 19:10:53,781:INFO: Loading Disease Associations...
2018-10-15 19:15:05,187:INFO: Aggregating Experiments
2018-10-15 19:15:05,187:INFO: Sabri Eyuboglu  -- SNAP Group
2018-10-15 19:15:05,187:INFO: ======================================
2018-10-15 19:15:05,187:INFO: Loading Disease Associations...
2018-10-15 19:15:12,239:INFO: Aggregating Experiments
2018-10-15 19:15:12,239:INFO: Sabri Eyuboglu  -- SNAP Group
2018-10-15 19:15:12,239:INFO: ======================================
2018-10-15 19:15:12,239:INFO: Loading Disease Associations...
2018-10-15 19:16:40,364:INFO: Aggregating Experiments
2018-10-15 19:16:40,365:INFO: Sabri Eyuboglu  -- SNAP Group
2018-10-15 19:16:40,365:INFO: ======================================
2018-10-15 19:16:40,365:INFO: Loading Disease Associations...
2018-10-15 19:17:40,208:INFO: Aggregating Experiments
2018-10-15 19:17:40,209:INFO: Sabri Eyuboglu  -- SNAP Group
2018-10-15 19:17:40,209:INFO: ======================================
2018-10-15 19:17:40,209:INFO: Loading Disease Associations...
2018-10-15 19:17:49,115:INFO: Aggregating Experiments
2018-10-15 19:17:49,115:INFO: Sabri Eyuboglu  -- SNAP Group
2018-10-15 19:17:49,115:INFO: ======================================
2018-10-15 19:17:49,115:INFO: Loading Disease Associations...
2018-10-15 19:18:12,806:INFO: Aggregating Experiments
2018-10-15 19:18:12,806:INFO: Sabri Eyuboglu  -- SNAP Group
2018-10-15 19:18:12,806:INFO: ======================================
2018-10-15 19:18:12,806:INFO: Loading Disease Associations...
2018-10-15 19:18:45,141:INFO: Aggregating Experiments
2018-10-15 19:18:45,141:INFO: Sabri Eyuboglu  -- SNAP Group
2018-10-15 19:18:45,141:INFO: ======================================
2018-10-15 19:18:45,141:INFO: Loading Disease Associations...
2018-10-15 19:19:53,955:INFO: Aggregating Experiments
2018-10-15 19:19:53,955:INFO: Sabri Eyuboglu  -- SNAP Group
2018-10-15 19:19:53,955:INFO: ======================================
2018-10-15 19:19:53,956:INFO: Loading Disease Associations...
2018-10-15 19:21:10,870:INFO: Aggregating Experiments
2018-10-15 19:21:10,870:INFO: Sabri Eyuboglu  -- SNAP Group
2018-10-15 19:21:10,870:INFO: ======================================
2018-10-15 19:21:10,871:INFO: Loading Disease Associations...
2018-10-15 19:21:20,420:INFO: Aggregating Experiments
2018-10-15 19:21:20,420:INFO: Sabri Eyuboglu  -- SNAP Group
2018-10-15 19:21:20,420:INFO: ======================================
2018-10-15 19:21:20,420:INFO: Loading Disease Associations...
2018-10-15 19:22:56,383:INFO: Aggregating Experiments
2018-10-15 19:22:56,383:INFO: Sabri Eyuboglu  -- SNAP Group
2018-10-15 19:22:56,383:INFO: ======================================
2018-10-15 19:22:56,383:INFO: Loading Disease Associations...
2018-10-15 19:23:53,040:INFO: Aggregating Experiments
2018-10-15 19:23:53,041:INFO: Sabri Eyuboglu  -- SNAP Group
2018-10-15 19:23:53,041:INFO: ======================================
2018-10-15 19:23:53,041:INFO: Loading Disease Associations...
2018-10-15 19:24:18,255:INFO: Aggregating Experiments
2018-10-15 19:24:18,256:INFO: Sabri Eyuboglu  -- SNAP Group
2018-10-15 19:24:18,256:INFO: ======================================
2018-10-15 19:24:18,256:INFO: Loading Disease Associations...
2018-10-15 19:25:13,953:INFO: Aggregating Experiments
2018-10-15 19:25:13,953:INFO: Sabri Eyuboglu  -- SNAP Group
2018-10-15 19:25:13,953:INFO: ======================================
2018-10-15 19:25:13,953:INFO: Loading Disease Associations...
2018-10-15 19:25:33,832:INFO: Aggregating Experiments
2018-10-15 19:25:33,832:INFO: Sabri Eyuboglu  -- SNAP Group
2018-10-15 19:25:33,832:INFO: ======================================
2018-10-15 19:25:33,832:INFO: Loading Disease Associations...
2018-10-16 08:35:15,661:INFO: Aggregating Experiments
2018-10-16 08:35:15,662:INFO: Sabri Eyuboglu  -- SNAP Group
2018-10-16 08:35:15,662:INFO: ======================================
2018-10-16 08:35:15,662:INFO: Loading Disease Associations...
2018-10-16 08:38:06,632:INFO: Aggregating Experiments
2018-10-16 08:38:06,632:INFO: Sabri Eyuboglu  -- SNAP Group
2018-10-16 08:38:06,632:INFO: ======================================
2018-10-16 08:38:06,632:INFO: Loading Disease Associations...
2018-10-16 08:38:48,224:INFO: Aggregating Experiments
2018-10-16 08:38:48,224:INFO: Sabri Eyuboglu  -- SNAP Group
2018-10-16 08:38:48,224:INFO: ======================================
2018-10-16 08:38:48,224:INFO: Loading Disease Associations...
2018-10-16 09:00:07,122:INFO: Aggregating Experiments
2018-10-16 09:00:07,122:INFO: Sabri Eyuboglu  -- SNAP Group
2018-10-16 09:00:07,122:INFO: ======================================
2018-10-16 09:00:07,122:INFO: Loading Disease Associations...
2018-10-16 09:01:10,156:INFO: Aggregating Experiments
2018-10-16 09:01:10,156:INFO: Sabri Eyuboglu  -- SNAP Group
2018-10-16 09:01:10,156:INFO: ======================================
2018-10-16 09:01:10,156:INFO: Loading Disease Associations...
2018-10-16 09:02:01,143:INFO: Aggregating Experiments
2018-10-16 09:02:01,143:INFO: Sabri Eyuboglu  -- SNAP Group
2018-10-16 09:02:01,143:INFO: ======================================
2018-10-16 09:02:01,143:INFO: Loading Disease Associations...
2018-10-16 09:06:08,907:INFO: Aggregating Experiments
2018-10-16 09:06:08,907:INFO: Sabri Eyuboglu  -- SNAP Group
2018-10-16 09:06:08,908:INFO: ======================================
2018-10-16 09:06:08,908:INFO: Loading Disease Associations...
2018-10-16 09:09:13,199:INFO: Aggregating Experiments
2018-10-16 09:09:13,199:INFO: Sabri Eyuboglu  -- SNAP Group
2018-10-16 09:09:13,199:INFO: ======================================
2018-10-16 09:09:13,199:INFO: Loading Disease Associations...
2018-10-16 09:18:52,381:INFO: Aggregating Experiments
2018-10-16 09:18:52,381:INFO: Sabri Eyuboglu  -- SNAP Group
2018-10-16 09:18:52,381:INFO: ======================================
2018-10-16 09:18:52,381:INFO: Loading Disease Associations...
2018-10-16 09:20:48,419:INFO: Aggregating Experiments
2018-10-16 09:20:48,419:INFO: Sabri Eyuboglu  -- SNAP Group
2018-10-16 09:20:48,419:INFO: ======================================
2018-10-16 09:20:48,420:INFO: Loading Disease Associations...
2018-10-16 09:35:47,300:INFO: Aggregating Experiments
2018-10-16 09:35:47,300:INFO: Sabri Eyuboglu  -- SNAP Group
2018-10-16 09:35:47,300:INFO: ======================================
2018-10-16 09:35:47,300:INFO: Loading Disease Associations...
2018-10-16 10:56:51,511:INFO: Aggregating Experiments
2018-10-16 10:56:51,511:INFO: Sabri Eyuboglu  -- SNAP Group
2018-10-16 10:56:51,511:INFO: ======================================
2018-10-16 10:56:51,511:INFO: Loading Disease Associations...
2018-10-16 10:57:20,630:INFO: Aggregating Experiments
2018-10-16 10:57:20,630:INFO: Sabri Eyuboglu  -- SNAP Group
2018-10-16 10:57:20,630:INFO: ======================================
2018-10-16 10:57:20,630:INFO: Loading Disease Associations...
2018-10-16 10:58:35,888:INFO: Aggregating Experiments
2018-10-16 10:58:35,888:INFO: Sabri Eyuboglu  -- SNAP Group
2018-10-16 10:58:35,888:INFO: ======================================
2018-10-16 10:58:35,888:INFO: Loading Disease Associations...
2018-10-16 10:58:44,062:INFO: Aggregating Experiments
2018-10-16 10:58:44,062:INFO: Sabri Eyuboglu  -- SNAP Group
2018-10-16 10:58:44,062:INFO: ======================================
2018-10-16 10:58:44,062:INFO: Loading Disease Associations...
2018-10-16 10:59:26,702:INFO: Aggregating Experiments
2018-10-16 10:59:26,702:INFO: Sabri Eyuboglu  -- SNAP Group
2018-10-16 10:59:26,702:INFO: ======================================
2018-10-16 10:59:26,702:INFO: Loading Disease Associations...
2018-10-16 10:59:34,232:INFO: Aggregating Experiments
2018-10-16 10:59:34,232:INFO: Sabri Eyuboglu  -- SNAP Group
2018-10-16 10:59:34,232:INFO: ======================================
2018-10-16 10:59:34,232:INFO: Loading Disease Associations...
2018-10-16 11:02:03,210:INFO: Aggregating Experiments
2018-10-16 11:02:03,210:INFO: Sabri Eyuboglu  -- SNAP Group
2018-10-16 11:02:03,210:INFO: ======================================
2018-10-16 11:02:03,211:INFO: Loading Disease Associations...
2018-10-16 22:25:49,233:INFO: Aggregating Experiments
2018-10-16 22:25:49,233:INFO: Sabri Eyuboglu  -- SNAP Group
2018-10-16 22:25:49,233:INFO: ======================================
2018-10-16 22:25:49,233:INFO: Loading Disease Associations...
2018-10-16 22:26:30,177:INFO: Aggregating Experiments
2018-10-16 22:26:30,177:INFO: Sabri Eyuboglu  -- SNAP Group
2018-10-16 22:26:30,177:INFO: ======================================
2018-10-16 22:26:30,177:INFO: Loading Disease Associations...
2018-10-16 22:28:58,642:INFO: Aggregating Experiments
2018-10-16 22:28:58,642:INFO: Sabri Eyuboglu  -- SNAP Group
2018-10-16 22:28:58,642:INFO: ======================================
2018-10-16 22:28:58,642:INFO: Loading Disease Associations...
2018-10-16 22:30:25,267:INFO: Aggregating Experiments
2018-10-16 22:30:25,268:INFO: Sabri Eyuboglu  -- SNAP Group
2018-10-16 22:30:25,268:INFO: ======================================
2018-10-16 22:30:25,268:INFO: Loading Disease Associations...
2018-10-16 22:31:42,393:INFO: Aggregating Experiments
2018-10-16 22:31:42,393:INFO: Sabri Eyuboglu  -- SNAP Group
2018-10-16 22:31:42,393:INFO: ======================================
2018-10-16 22:31:42,394:INFO: Loading Disease Associations...
2018-10-16 22:32:55,795:INFO: Aggregating Experiments
2018-10-16 22:32:55,795:INFO: Sabri Eyuboglu  -- SNAP Group
2018-10-16 22:32:55,795:INFO: ======================================
2018-10-16 22:32:55,795:INFO: Loading Disease Associations...
2018-10-16 22:35:35,749:INFO: Aggregating Experiments
2018-10-16 22:35:35,749:INFO: Sabri Eyuboglu  -- SNAP Group
2018-10-16 22:35:35,749:INFO: ======================================
2018-10-16 22:35:35,749:INFO: Loading Disease Associations...
2018-10-16 22:37:20,344:INFO: Aggregating Experiments
2018-10-16 22:37:20,344:INFO: Sabri Eyuboglu  -- SNAP Group
2018-10-16 22:37:20,344:INFO: ======================================
2018-10-16 22:37:20,344:INFO: Loading Disease Associations...
2018-10-16 22:38:25,239:INFO: Aggregating Experiments
2018-10-16 22:38:25,239:INFO: Sabri Eyuboglu  -- SNAP Group
2018-10-16 22:38:25,239:INFO: ======================================
2018-10-16 22:38:25,239:INFO: Loading Disease Associations...
2018-10-16 22:38:31,556:INFO: Aggregating Experiments
2018-10-16 22:38:31,556:INFO: Sabri Eyuboglu  -- SNAP Group
2018-10-16 22:38:31,556:INFO: ======================================
2018-10-16 22:38:31,556:INFO: Loading Disease Associations...
2018-10-16 22:39:43,940:INFO: Aggregating Experiments
2018-10-16 22:39:43,940:INFO: Sabri Eyuboglu  -- SNAP Group
2018-10-16 22:39:43,940:INFO: ======================================
2018-10-16 22:39:43,940:INFO: Loading Disease Associations...
2018-10-16 22:44:35,389:INFO: Aggregating Experiments
2018-10-16 22:44:35,389:INFO: Sabri Eyuboglu  -- SNAP Group
2018-10-16 22:44:35,389:INFO: ======================================
2018-10-16 22:44:35,389:INFO: Loading Disease Associations...
2018-10-17 08:17:49,641:INFO: Aggregating Experiments
2018-10-17 08:17:49,642:INFO: Sabri Eyuboglu  -- SNAP Group
2018-10-17 08:17:49,642:INFO: ======================================
2018-10-17 08:17:49,642:INFO: Loading Disease Associations...
2018-10-17 08:18:17,260:INFO: Aggregating Experiments
2018-10-17 08:18:17,260:INFO: Sabri Eyuboglu  -- SNAP Group
2018-10-17 08:18:17,260:INFO: ======================================
2018-10-17 08:18:17,260:INFO: Loading Disease Associations...
2018-10-17 08:18:42,947:INFO: Aggregating Experiments
2018-10-17 08:18:42,947:INFO: Sabri Eyuboglu  -- SNAP Group
2018-10-17 08:18:42,947:INFO: ======================================
2018-10-17 08:18:42,947:INFO: Loading Disease Associations...
2018-10-17 08:18:51,060:INFO: Aggregating Experiments
2018-10-17 08:18:51,060:INFO: Sabri Eyuboglu  -- SNAP Group
2018-10-17 08:18:51,060:INFO: ======================================
2018-10-17 08:18:51,060:INFO: Loading Disease Associations...
2018-10-17 08:19:03,212:INFO: Aggregating Experiments
2018-10-17 08:19:03,212:INFO: Sabri Eyuboglu  -- SNAP Group
2018-10-17 08:19:03,212:INFO: ======================================
2018-10-17 08:19:03,212:INFO: Loading Disease Associations...
2018-10-17 08:19:09,354:INFO: Aggregating Experiments
2018-10-17 08:19:09,355:INFO: Sabri Eyuboglu  -- SNAP Group
2018-10-17 08:19:09,355:INFO: ======================================
2018-10-17 08:19:09,355:INFO: Loading Disease Associations...
2018-10-17 08:21:53,480:INFO: Aggregating Experiments
2018-10-17 08:21:53,480:INFO: Sabri Eyuboglu  -- SNAP Group
2018-10-17 08:21:53,480:INFO: ======================================
2018-10-17 08:21:53,480:INFO: Loading Disease Associations...
2018-10-17 08:22:11,658:INFO: Aggregating Experiments
2018-10-17 08:22:11,658:INFO: Sabri Eyuboglu  -- SNAP Group
2018-10-17 08:22:11,658:INFO: ======================================
2018-10-17 08:22:11,658:INFO: Loading Disease Associations...
2018-10-17 08:22:17,969:INFO: Aggregating Experiments
2018-10-17 08:22:17,969:INFO: Sabri Eyuboglu  -- SNAP Group
2018-10-17 08:22:17,969:INFO: ======================================
2018-10-17 08:22:17,969:INFO: Loading Disease Associations...
2018-10-17 08:24:19,822:INFO: Aggregating Experiments
2018-10-17 08:24:19,822:INFO: Sabri Eyuboglu  -- SNAP Group
2018-10-17 08:24:19,822:INFO: ======================================
2018-10-17 08:24:19,822:INFO: Loading Disease Associations...
2018-10-17 08:24:32,725:INFO: Aggregating Experiments
2018-10-17 08:24:32,725:INFO: Sabri Eyuboglu  -- SNAP Group
2018-10-17 08:24:32,725:INFO: ======================================
2018-10-17 08:24:32,725:INFO: Loading Disease Associations...
2018-10-17 08:27:32,672:INFO: Aggregating Experiments
2018-10-17 08:27:32,672:INFO: Sabri Eyuboglu  -- SNAP Group
2018-10-17 08:27:32,672:INFO: ======================================
2018-10-17 08:27:32,672:INFO: Loading Disease Associations...
2018-10-17 08:27:32,927:INFO: Plotting results...
2018-10-17 08:30:56,290:INFO: Aggregating Experiments
2018-10-17 08:30:56,290:INFO: Sabri Eyuboglu  -- SNAP Group
2018-10-17 08:30:56,290:INFO: ======================================
2018-10-17 08:30:56,290:INFO: Loading Disease Associations...
2018-10-17 08:30:56,544:INFO: Plotting results...
2018-10-17 08:34:10,988:INFO: Aggregating Experiments
2018-10-17 08:34:10,989:INFO: Sabri Eyuboglu  -- SNAP Group
2018-10-17 08:34:10,989:INFO: ======================================
2018-10-17 08:34:10,989:INFO: Loading Disease Associations...
2018-10-17 08:34:11,240:INFO: Plotting results...
2018-10-17 08:37:12,402:INFO: Aggregating Experiments
2018-10-17 08:37:12,402:INFO: Sabri Eyuboglu  -- SNAP Group
2018-10-17 08:37:12,402:INFO: ======================================
2018-10-17 08:37:12,402:INFO: Loading Disease Associations...
2018-10-17 08:37:12,659:INFO: Plotting results...
2018-10-17 08:37:29,981:INFO: Aggregating Experiments
2018-10-17 08:37:29,981:INFO: Sabri Eyuboglu  -- SNAP Group
2018-10-17 08:37:29,981:INFO: ======================================
2018-10-17 08:37:29,981:INFO: Loading Disease Associations...
2018-10-17 08:37:30,262:INFO: Plotting results...
2018-10-18 10:13:33,952:INFO: Aggregating Experiments
2018-10-18 10:13:33,953:INFO: Sabri Eyuboglu  -- SNAP Group
2018-10-18 10:13:33,953:INFO: ======================================
2018-10-18 10:13:33,953:INFO: Loading Disease Associations...
2018-10-18 10:13:34,237:INFO: Plotting results...
