2018-11-01 16:26:00,939:INFO: Disease Protein Prediction in the PPI Network
2018-11-01 16:26:00,939:INFO: Sabri Eyuboglu  -- SNAP Group
2018-11-01 16:26:00,940:INFO: ======================================
2018-11-01 16:26:00,940:INFO: Loading PPI Network...
2018-11-01 16:26:12,557:INFO: Loading Disease Associations...
2018-11-01 16:26:42,047:INFO: Disease Protein Prediction in the PPI Network
2018-11-01 16:26:42,048:INFO: Sabri Eyuboglu  -- SNAP Group
2018-11-01 16:26:42,048:INFO: ======================================
2018-11-01 16:26:42,048:INFO: Loading PPI Network...
2018-11-01 16:26:53,306:INFO: Loading Disease Associations...
2018-11-01 17:49:37,498:INFO: Disease Protein Prediction in the PPI Network
2018-11-01 17:49:37,498:INFO: Sabri Eyuboglu  -- SNAP Group
2018-11-01 17:49:37,498:INFO: ======================================
2018-11-01 17:49:37,499:INFO: Loading PPI Network...
2018-11-01 17:49:44,847:INFO: Loading Disease Associations...
2018-11-01 17:49:57,618:INFO: Starting training for 50 epoch(s)
2018-11-01 17:49:57,619:INFO: Epoch 1/50
2018-11-01 17:49:57,619:INFO: Train
2018-11-01 17:50:03,027:INFO: - Train metrics: recall_at_100: 0.114 ; loss: 1.375
2018-11-01 17:50:03,027:INFO: Evaluate
2018-11-01 17:50:04,273:INFO: - Evaluate metrics: recall_at_100: 0.151 ; loss: 1.377
2018-11-01 17:50:04,694:INFO: - Found new best recall_at_100
2018-11-01 17:50:04,757:INFO: Epoch 2/50
2018-11-01 17:50:04,757:INFO: Train
2018-11-01 17:50:09,777:INFO: - Train metrics: recall_at_100: 0.143 ; loss: 1.377
2018-11-01 17:50:09,777:INFO: Evaluate
2018-11-01 17:50:10,879:INFO: - Evaluate metrics: recall_at_100: 0.159 ; loss: 1.376
2018-11-01 17:50:10,981:INFO: - Found new best recall_at_100
2018-11-01 17:50:11,065:INFO: Epoch 3/50
2018-11-01 17:50:11,065:INFO: Train
2018-11-01 17:50:15,332:INFO: - Train metrics: recall_at_100: 0.138 ; loss: 1.376
2018-11-01 17:50:15,333:INFO: Evaluate
2018-11-01 17:50:16,273:INFO: - Evaluate metrics: recall_at_100: 0.136 ; loss: 1.377
2018-11-01 17:50:16,390:INFO: Epoch 4/50
2018-11-01 17:50:16,390:INFO: Train
2018-11-01 17:50:20,596:INFO: - Train metrics: recall_at_100: 0.149 ; loss: 1.376
2018-11-01 17:50:20,597:INFO: Evaluate
2018-11-01 17:50:21,631:INFO: - Evaluate metrics: recall_at_100: 0.134 ; loss: 1.377
2018-11-01 17:50:21,764:INFO: Epoch 5/50
2018-11-01 17:50:21,765:INFO: Train
2018-11-01 17:50:25,911:INFO: - Train metrics: recall_at_100: 0.161 ; loss: 1.376
2018-11-01 17:50:25,912:INFO: Evaluate
2018-11-01 17:50:27,067:INFO: - Evaluate metrics: recall_at_100: 0.144 ; loss: 1.378
2018-11-01 17:50:27,169:INFO: Epoch 6/50
2018-11-01 17:50:27,170:INFO: Train
2018-11-01 17:50:31,430:INFO: - Train metrics: recall_at_100: 0.160 ; loss: 1.373
2018-11-01 17:50:31,430:INFO: Evaluate
2018-11-01 17:50:32,682:INFO: - Evaluate metrics: recall_at_100: 0.146 ; loss: 1.377
2018-11-01 17:50:32,775:INFO: Epoch 7/50
2018-11-01 17:50:32,775:INFO: Train
2018-11-01 17:50:37,840:INFO: - Train metrics: recall_at_100: 0.144 ; loss: 1.376
2018-11-01 17:50:37,840:INFO: Evaluate
2018-11-01 17:50:38,884:INFO: - Evaluate metrics: recall_at_100: 0.104 ; loss: 1.376
2018-11-01 17:50:38,973:INFO: Epoch 8/50
2018-11-01 17:50:38,973:INFO: Train
2018-11-01 17:50:44,268:INFO: - Train metrics: recall_at_100: 0.158 ; loss: 1.376
2018-11-01 17:50:44,268:INFO: Evaluate
2018-11-01 17:50:45,304:INFO: - Evaluate metrics: recall_at_100: 0.137 ; loss: 1.376
2018-11-01 17:50:45,378:INFO: Epoch 9/50
2018-11-01 17:50:45,379:INFO: Train
2018-11-01 17:50:49,457:INFO: - Train metrics: recall_at_100: 0.141 ; loss: 1.370
2018-11-01 17:50:49,457:INFO: Evaluate
2018-11-01 17:50:50,603:INFO: - Evaluate metrics: recall_at_100: 0.172 ; loss: 1.375
2018-11-01 17:50:51,035:INFO: - Found new best recall_at_100
2018-11-01 17:50:51,114:INFO: Epoch 10/50
2018-11-01 17:50:51,114:INFO: Train
2018-11-01 17:50:55,414:INFO: - Train metrics: recall_at_100: 0.137 ; loss: 1.375
2018-11-01 17:50:55,414:INFO: Evaluate
2018-11-01 17:50:56,421:INFO: - Evaluate metrics: recall_at_100: 0.136 ; loss: 1.375
2018-11-01 17:50:56,501:INFO: Epoch 11/50
2018-11-01 17:50:56,501:INFO: Train
2018-11-01 17:51:00,616:INFO: - Train metrics: recall_at_100: 0.146 ; loss: 1.375
2018-11-01 17:51:00,616:INFO: Evaluate
2018-11-01 17:51:01,561:INFO: - Evaluate metrics: recall_at_100: 0.142 ; loss: 1.376
2018-11-01 17:51:01,636:INFO: Epoch 12/50
2018-11-01 17:51:01,636:INFO: Train
2018-11-01 17:51:06,761:INFO: - Train metrics: recall_at_100: 0.150 ; loss: 1.374
2018-11-01 17:51:06,761:INFO: Evaluate
2018-11-01 17:51:07,872:INFO: - Evaluate metrics: recall_at_100: 0.143 ; loss: 1.376
2018-11-01 17:51:08,024:INFO: Epoch 13/50
2018-11-01 17:51:08,025:INFO: Train
2018-11-01 17:51:13,166:INFO: - Train metrics: recall_at_100: 0.161 ; loss: 1.373
2018-11-01 17:51:13,166:INFO: Evaluate
2018-11-01 17:51:14,275:INFO: - Evaluate metrics: recall_at_100: 0.143 ; loss: 1.375
2018-11-01 17:51:14,360:INFO: Epoch 14/50
2018-11-01 17:51:14,360:INFO: Train
2018-11-01 17:51:18,971:INFO: - Train metrics: recall_at_100: 0.168 ; loss: 1.374
2018-11-01 17:51:18,972:INFO: Evaluate
2018-11-01 17:51:19,923:INFO: - Evaluate metrics: recall_at_100: 0.166 ; loss: 1.375
2018-11-01 17:51:19,982:INFO: Epoch 15/50
2018-11-01 17:51:19,982:INFO: Train
2018-11-01 17:51:24,178:INFO: - Train metrics: recall_at_100: 0.179 ; loss: 1.374
2018-11-01 17:51:24,178:INFO: Evaluate
2018-11-01 17:51:25,179:INFO: - Evaluate metrics: recall_at_100: 0.176 ; loss: 1.375
2018-11-01 17:51:25,361:INFO: - Found new best recall_at_100
2018-11-01 17:51:25,434:INFO: Epoch 16/50
2018-11-01 17:51:25,434:INFO: Train
2018-11-01 17:51:29,735:INFO: - Train metrics: recall_at_100: 0.166 ; loss: 1.375
2018-11-01 17:51:29,735:INFO: Evaluate
2018-11-01 17:51:30,687:INFO: - Evaluate metrics: recall_at_100: 0.138 ; loss: 1.375
2018-11-01 17:51:30,768:INFO: Epoch 17/50
2018-11-01 17:51:30,768:INFO: Train
2018-11-01 17:51:34,975:INFO: - Train metrics: recall_at_100: 0.147 ; loss: 1.373
2018-11-01 17:51:34,976:INFO: Evaluate
2018-11-01 17:51:35,960:INFO: - Evaluate metrics: recall_at_100: 0.171 ; loss: 1.376
2018-11-01 17:51:36,030:INFO: Epoch 18/50
2018-11-01 17:51:36,030:INFO: Train
2018-11-01 17:51:41,186:INFO: - Train metrics: recall_at_100: 0.183 ; loss: 1.374
2018-11-01 17:51:41,187:INFO: Evaluate
2018-11-01 17:51:42,335:INFO: - Evaluate metrics: recall_at_100: 0.164 ; loss: 1.374
2018-11-01 17:51:42,419:INFO: Epoch 19/50
2018-11-01 17:51:42,419:INFO: Train
2018-11-01 17:51:47,627:INFO: - Train metrics: recall_at_100: 0.160 ; loss: 1.372
2018-11-01 17:51:47,628:INFO: Evaluate
2018-11-01 17:51:48,888:INFO: - Evaluate metrics: recall_at_100: 0.142 ; loss: 1.373
2018-11-01 17:51:48,958:INFO: Epoch 20/50
2018-11-01 17:51:48,958:INFO: Train
2018-11-01 17:51:53,159:INFO: - Train metrics: recall_at_100: 0.169 ; loss: 1.367
2018-11-01 17:51:53,160:INFO: Evaluate
2018-11-01 17:51:54,284:INFO: - Evaluate metrics: recall_at_100: 0.175 ; loss: 1.374
2018-11-01 17:51:54,351:INFO: Epoch 21/50
2018-11-01 17:51:54,351:INFO: Train
2018-11-01 17:51:58,578:INFO: - Train metrics: recall_at_100: 0.221 ; loss: 1.370
2018-11-01 17:51:58,579:INFO: Evaluate
2018-11-01 17:51:59,632:INFO: - Evaluate metrics: recall_at_100: 0.160 ; loss: 1.374
2018-11-01 17:51:59,749:INFO: Epoch 22/50
2018-11-01 17:51:59,749:INFO: Train
2018-11-01 17:52:03,901:INFO: - Train metrics: recall_at_100: 0.216 ; loss: 1.369
2018-11-01 17:52:03,901:INFO: Evaluate
2018-11-01 17:52:05,088:INFO: - Evaluate metrics: recall_at_100: 0.138 ; loss: 1.375
2018-11-01 17:52:05,192:INFO: Epoch 23/50
2018-11-01 17:52:05,192:INFO: Train
2018-11-01 17:52:09,390:INFO: - Train metrics: recall_at_100: 0.174 ; loss: 1.373
2018-11-01 17:52:09,390:INFO: Evaluate
2018-11-01 17:52:10,603:INFO: - Evaluate metrics: recall_at_100: 0.165 ; loss: 1.373
2018-11-01 17:52:10,690:INFO: Epoch 24/50
2018-11-01 17:52:10,690:INFO: Train
2018-11-01 17:52:15,712:INFO: - Train metrics: recall_at_100: 0.159 ; loss: 1.371
2018-11-01 17:52:15,712:INFO: Evaluate
2018-11-01 17:52:16,823:INFO: - Evaluate metrics: recall_at_100: 0.119 ; loss: 1.374
2018-11-01 17:52:16,909:INFO: Epoch 25/50
2018-11-01 17:52:16,910:INFO: Train
2018-11-01 17:52:21,884:INFO: - Train metrics: recall_at_100: 0.204 ; loss: 1.370
2018-11-01 17:52:21,884:INFO: Evaluate
2018-11-01 17:52:23,003:INFO: - Evaluate metrics: recall_at_100: 0.163 ; loss: 1.374
2018-11-01 17:52:23,111:INFO: Epoch 26/50
2018-11-01 17:52:23,111:INFO: Train
2018-11-01 17:52:27,435:INFO: - Train metrics: recall_at_100: 0.195 ; loss: 1.371
2018-11-01 17:52:27,435:INFO: Evaluate
2018-11-01 17:52:28,586:INFO: - Evaluate metrics: recall_at_100: 0.160 ; loss: 1.374
2018-11-01 17:52:28,656:INFO: Epoch 27/50
2018-11-01 17:52:28,656:INFO: Train
2018-11-01 17:52:32,713:INFO: - Train metrics: recall_at_100: 0.193 ; loss: 1.369
2018-11-01 17:52:32,714:INFO: Evaluate
2018-11-01 17:52:33,796:INFO: - Evaluate metrics: recall_at_100: 0.146 ; loss: 1.374
2018-11-01 17:52:34,048:INFO: Epoch 28/50
2018-11-01 17:52:34,048:INFO: Train
2018-11-01 17:52:38,194:INFO: - Train metrics: recall_at_100: 0.220 ; loss: 1.372
2018-11-01 17:52:38,194:INFO: Evaluate
2018-11-01 17:52:39,224:INFO: - Evaluate metrics: recall_at_100: 0.183 ; loss: 1.373
2018-11-01 17:52:39,314:INFO: - Found new best recall_at_100
2018-11-01 17:52:39,421:INFO: Epoch 29/50
2018-11-01 17:52:39,421:INFO: Train
2018-11-01 17:52:43,528:INFO: - Train metrics: recall_at_100: 0.182 ; loss: 1.371
2018-11-01 17:52:43,528:INFO: Evaluate
2018-11-01 17:52:44,518:INFO: - Evaluate metrics: recall_at_100: 0.188 ; loss: 1.373
2018-11-01 17:52:44,649:INFO: - Found new best recall_at_100
2018-11-01 17:52:44,782:INFO: Epoch 30/50
2018-11-01 17:52:44,782:INFO: Train
2018-11-01 17:52:49,803:INFO: - Train metrics: recall_at_100: 0.193 ; loss: 1.372
2018-11-01 17:52:49,803:INFO: Evaluate
2018-11-01 17:52:50,993:INFO: - Evaluate metrics: recall_at_100: 0.150 ; loss: 1.372
2018-11-01 17:52:51,104:INFO: Epoch 31/50
2018-11-01 17:52:51,104:INFO: Train
2018-11-01 17:52:56,319:INFO: - Train metrics: recall_at_100: 0.194 ; loss: 1.372
2018-11-01 17:52:56,320:INFO: Evaluate
2018-11-01 17:52:57,415:INFO: - Evaluate metrics: recall_at_100: 0.159 ; loss: 1.371
2018-11-01 17:52:57,503:INFO: Epoch 32/50
2018-11-01 17:52:57,503:INFO: Train
2018-11-01 17:53:01,870:INFO: - Train metrics: recall_at_100: 0.189 ; loss: 1.369
2018-11-01 17:53:01,870:INFO: Evaluate
2018-11-01 17:53:03,010:INFO: - Evaluate metrics: recall_at_100: 0.155 ; loss: 1.373
2018-11-01 17:53:03,088:INFO: Epoch 33/50
2018-11-01 17:53:03,088:INFO: Train
2018-11-01 17:53:07,216:INFO: - Train metrics: recall_at_100: 0.174 ; loss: 1.371
2018-11-01 17:53:07,216:INFO: Evaluate
2018-11-01 17:53:08,382:INFO: - Evaluate metrics: recall_at_100: 0.175 ; loss: 1.370
2018-11-01 17:53:08,486:INFO: Epoch 34/50
2018-11-01 17:53:08,486:INFO: Train
2018-11-01 17:53:12,717:INFO: - Train metrics: recall_at_100: 0.178 ; loss: 1.370
2018-11-01 17:53:12,717:INFO: Evaluate
2018-11-01 17:53:13,743:INFO: - Evaluate metrics: recall_at_100: 0.177 ; loss: 1.370
2018-11-01 17:53:13,858:INFO: Epoch 35/50
2018-11-01 17:53:13,859:INFO: Train
2018-11-01 17:53:18,069:INFO: - Train metrics: recall_at_100: 0.197 ; loss: 1.370
2018-11-01 17:53:18,069:INFO: Evaluate
2018-11-01 17:53:19,227:INFO: - Evaluate metrics: recall_at_100: 0.159 ; loss: 1.371
2018-11-01 17:53:19,368:INFO: Epoch 36/50
2018-11-01 17:53:19,368:INFO: Train
2018-11-01 17:53:24,474:INFO: - Train metrics: recall_at_100: 0.173 ; loss: 1.371
2018-11-01 17:53:24,474:INFO: Evaluate
2018-11-01 17:53:25,515:INFO: - Evaluate metrics: recall_at_100: 0.151 ; loss: 1.373
2018-11-01 17:53:25,626:INFO: Epoch 37/50
2018-11-01 17:53:25,626:INFO: Train
2018-11-01 17:53:30,764:INFO: - Train metrics: recall_at_100: 0.172 ; loss: 1.371
2018-11-01 17:53:30,764:INFO: Evaluate
2018-11-01 17:53:31,808:INFO: - Evaluate metrics: recall_at_100: 0.131 ; loss: 1.373
2018-11-01 17:53:31,949:INFO: Epoch 38/50
2018-11-01 17:53:31,949:INFO: Train
2018-11-01 17:53:36,263:INFO: - Train metrics: recall_at_100: 0.198 ; loss: 1.363
2018-11-01 17:53:36,264:INFO: Evaluate
2018-11-01 17:53:37,290:INFO: - Evaluate metrics: recall_at_100: 0.182 ; loss: 1.371
2018-11-01 17:53:37,360:INFO: Epoch 39/50
2018-11-01 17:53:37,360:INFO: Train
2018-11-01 17:53:41,475:INFO: - Train metrics: recall_at_100: 0.187 ; loss: 1.370
2018-11-01 17:53:41,476:INFO: Evaluate
2018-11-01 17:53:42,494:INFO: - Evaluate metrics: recall_at_100: 0.188 ; loss: 1.371
2018-11-01 17:53:42,638:INFO: Epoch 40/50
2018-11-01 17:53:42,638:INFO: Train
2018-11-01 17:53:46,772:INFO: - Train metrics: recall_at_100: 0.189 ; loss: 1.368
2018-11-01 17:53:46,772:INFO: Evaluate
2018-11-01 17:53:47,951:INFO: - Evaluate metrics: recall_at_100: 0.167 ; loss: 1.372
2018-11-01 17:53:48,072:INFO: Epoch 41/50
2018-11-01 17:53:48,072:INFO: Train
2018-11-01 17:53:52,246:INFO: - Train metrics: recall_at_100: 0.189 ; loss: 1.371
2018-11-01 17:53:52,247:INFO: Evaluate
2018-11-01 17:53:53,386:INFO: - Evaluate metrics: recall_at_100: 0.139 ; loss: 1.371
2018-11-01 17:53:53,489:INFO: Epoch 42/50
2018-11-01 17:53:53,490:INFO: Train
2018-11-01 17:53:58,614:INFO: - Train metrics: recall_at_100: 0.215 ; loss: 1.361
2018-11-01 17:53:58,615:INFO: Evaluate
2018-11-01 17:53:59,814:INFO: - Evaluate metrics: recall_at_100: 0.155 ; loss: 1.371
2018-11-01 17:53:59,980:INFO: Epoch 43/50
2018-11-01 17:53:59,980:INFO: Train
2018-11-01 17:54:05,135:INFO: - Train metrics: recall_at_100: 0.181 ; loss: 1.365
2018-11-01 17:54:05,135:INFO: Evaluate
2018-11-01 17:54:06,296:INFO: - Evaluate metrics: recall_at_100: 0.156 ; loss: 1.370
2018-11-01 17:54:06,388:INFO: Epoch 44/50
2018-11-01 17:54:06,388:INFO: Train
2018-11-01 17:54:10,863:INFO: - Train metrics: recall_at_100: 0.214 ; loss: 1.370
2018-11-01 17:54:10,863:INFO: Evaluate
2018-11-01 17:54:11,925:INFO: - Evaluate metrics: recall_at_100: 0.199 ; loss: 1.369
2018-11-01 17:54:12,045:INFO: - Found new best recall_at_100
2018-11-01 17:54:12,226:INFO: Epoch 45/50
2018-11-01 17:54:12,227:INFO: Train
2018-11-01 17:54:16,347:INFO: - Train metrics: recall_at_100: 0.201 ; loss: 1.368
2018-11-01 17:54:16,348:INFO: Evaluate
2018-11-01 17:54:17,419:INFO: - Evaluate metrics: recall_at_100: 0.170 ; loss: 1.372
2018-11-01 17:54:17,543:INFO: Epoch 46/50
2018-11-01 17:54:17,543:INFO: Train
2018-11-01 17:54:21,662:INFO: - Train metrics: recall_at_100: 0.168 ; loss: 1.369
2018-11-01 17:54:21,662:INFO: Evaluate
2018-11-01 17:54:22,843:INFO: - Evaluate metrics: recall_at_100: 0.197 ; loss: 1.370
2018-11-01 17:54:22,921:INFO: Epoch 47/50
2018-11-01 17:54:22,922:INFO: Train
2018-11-01 17:54:27,070:INFO: - Train metrics: recall_at_100: 0.198 ; loss: 1.369
2018-11-01 17:54:27,070:INFO: Evaluate
2018-11-01 17:54:28,214:INFO: - Evaluate metrics: recall_at_100: 0.159 ; loss: 1.370
2018-11-01 17:54:28,382:INFO: Epoch 48/50
2018-11-01 17:54:28,382:INFO: Train
2018-11-01 17:54:33,488:INFO: - Train metrics: recall_at_100: 0.188 ; loss: 1.371
2018-11-01 17:54:33,488:INFO: Evaluate
2018-11-01 17:54:34,575:INFO: - Evaluate metrics: recall_at_100: 0.145 ; loss: 1.371
2018-11-01 17:54:34,671:INFO: Epoch 49/50
2018-11-01 17:54:34,671:INFO: Train
2018-11-01 17:54:39,679:INFO: - Train metrics: recall_at_100: 0.217 ; loss: 1.367
2018-11-01 17:54:39,679:INFO: Evaluate
2018-11-01 17:54:40,718:INFO: - Evaluate metrics: recall_at_100: 0.131 ; loss: 1.369
2018-11-01 17:54:40,796:INFO: Epoch 50/50
2018-11-01 17:54:40,796:INFO: Train
2018-11-01 17:54:45,194:INFO: - Train metrics: recall_at_100: 0.194 ; loss: 1.369
2018-11-01 17:54:45,194:INFO: Evaluate
2018-11-01 17:54:46,357:INFO: - Evaluate metrics: recall_at_100: 0.193 ; loss: 1.368
2018-11-01 17:54:46,469:INFO: Running Experiment...
2018-11-01 17:54:46,507:ERROR: No methodlearned_cn
2018-11-01 18:02:26,313:INFO: Disease Protein Prediction in the PPI Network
2018-11-01 18:02:26,313:INFO: Sabri Eyuboglu  -- SNAP Group
2018-11-01 18:02:26,314:INFO: ======================================
2018-11-01 18:02:26,314:INFO: Loading PPI Network...
2018-11-01 18:02:34,448:INFO: Loading Disease Associations...
2018-11-01 18:02:43,164:INFO: Starting training for 3 epoch(s)
2018-11-01 18:02:43,164:INFO: Epoch 1/3
2018-11-01 18:02:43,164:INFO: Train
2018-11-01 18:02:47,454:INFO: - Train metrics: recall_at_100: 0.127 ; loss: 1.375
2018-11-01 18:02:47,455:INFO: Evaluate
2018-11-01 18:02:48,464:INFO: - Evaluate metrics: recall_at_100: 0.100 ; loss: 1.378
2018-11-01 18:02:48,649:INFO: - Found new best recall_at_100
2018-11-01 18:02:48,833:INFO: Epoch 2/3
2018-11-01 18:02:48,833:INFO: Train
2018-11-01 18:02:52,990:INFO: - Train metrics: recall_at_100: 0.125 ; loss: 1.376
2018-11-01 18:02:52,990:INFO: Evaluate
2018-11-01 18:02:53,959:INFO: - Evaluate metrics: recall_at_100: 0.140 ; loss: 1.378
2018-11-01 18:02:54,099:INFO: - Found new best recall_at_100
2018-11-01 18:02:54,203:INFO: Epoch 3/3
2018-11-01 18:02:54,204:INFO: Train
2018-11-01 18:02:58,178:INFO: - Train metrics: recall_at_100: 0.125 ; loss: 1.377
2018-11-01 18:02:58,179:INFO: Evaluate
2018-11-01 18:02:59,260:INFO: - Evaluate metrics: recall_at_100: 0.113 ; loss: 1.377
2018-11-01 18:02:59,345:INFO: Running Experiment...
2018-11-01 18:02:59,349:ERROR: No methodlearned_cn
2018-11-01 18:04:46,052:INFO: Disease Protein Prediction in the PPI Network
2018-11-01 18:04:46,052:INFO: Sabri Eyuboglu  -- SNAP Group
2018-11-01 18:04:46,052:INFO: ======================================
2018-11-01 18:04:46,052:INFO: Loading PPI Network...
2018-11-01 18:04:53,987:INFO: Loading Disease Associations...
2018-11-01 18:05:02,885:INFO: Starting training for 3 epoch(s)
2018-11-01 18:05:02,886:INFO: Epoch 1/3
2018-11-01 18:05:02,886:INFO: Train
2018-11-01 18:05:06,952:INFO: - Train metrics: recall_at_100: 0.112 ; loss: 1.377
2018-11-01 18:05:06,952:INFO: Evaluate
2018-11-01 18:05:08,096:INFO: - Evaluate metrics: recall_at_100: 0.116 ; loss: 1.378
2018-11-01 18:05:08,382:INFO: - Found new best recall_at_100
2018-11-01 18:05:08,549:INFO: Epoch 2/3
2018-11-01 18:05:08,549:INFO: Train
2018-11-01 18:05:12,584:INFO: - Train metrics: recall_at_100: 0.112 ; loss: 1.376
2018-11-01 18:05:12,585:INFO: Evaluate
2018-11-01 18:05:13,623:INFO: - Evaluate metrics: recall_at_100: 0.126 ; loss: 1.377
2018-11-01 18:05:13,768:INFO: - Found new best recall_at_100
2018-11-01 18:05:13,903:INFO: Epoch 3/3
2018-11-01 18:05:13,904:INFO: Train
2018-11-01 18:05:17,865:INFO: - Train metrics: recall_at_100: 0.118 ; loss: 1.376
2018-11-01 18:05:17,866:INFO: Evaluate
2018-11-01 18:05:19,033:INFO: - Evaluate metrics: recall_at_100: 0.111 ; loss: 1.379
2018-11-01 18:05:19,165:INFO: Running Experiment...
2018-11-01 18:05:36,029:INFO: Disease Protein Prediction in the PPI Network
2018-11-01 18:05:36,029:INFO: Sabri Eyuboglu  -- SNAP Group
2018-11-01 18:05:36,029:INFO: ======================================
2018-11-01 18:05:36,029:INFO: Loading PPI Network...
2018-11-01 18:05:43,166:INFO: Loading Disease Associations...
2018-11-01 18:05:52,917:INFO: Starting training for 3 epoch(s)
2018-11-01 18:05:52,918:INFO: Epoch 1/3
2018-11-01 18:05:52,919:INFO: Train
2018-11-01 18:05:57,053:INFO: - Train metrics: recall_at_100: 0.114 ; loss: 1.376
2018-11-01 18:05:57,053:INFO: Evaluate
2018-11-01 18:05:58,005:INFO: - Evaluate metrics: recall_at_100: 0.121 ; loss: 1.378
2018-11-01 18:05:58,176:INFO: - Found new best recall_at_100
2018-11-01 18:05:58,272:INFO: Epoch 2/3
2018-11-01 18:05:58,272:INFO: Train
2018-11-01 18:06:02,318:INFO: - Train metrics: recall_at_100: 0.140 ; loss: 1.376
2018-11-01 18:06:02,318:INFO: Evaluate
2018-11-01 18:06:03,456:INFO: - Evaluate metrics: recall_at_100: 0.133 ; loss: 1.378
2018-11-01 18:06:03,559:INFO: - Found new best recall_at_100
2018-11-01 18:06:03,665:INFO: Epoch 3/3
2018-11-01 18:06:03,666:INFO: Train
2018-11-01 18:06:07,827:INFO: - Train metrics: recall_at_100: 0.153 ; loss: 1.377
2018-11-01 18:06:07,828:INFO: Evaluate
2018-11-01 18:06:08,954:INFO: - Evaluate metrics: recall_at_100: 0.106 ; loss: 1.377
2018-11-01 18:06:09,040:INFO: Running Experiment...
2018-11-01 18:08:35,841:INFO: Disease Protein Prediction in the PPI Network
2018-11-01 18:08:35,841:INFO: Sabri Eyuboglu  -- SNAP Group
2018-11-01 18:08:35,841:INFO: ======================================
2018-11-01 18:08:35,841:INFO: Loading PPI Network...
2018-11-01 18:08:43,224:INFO: Loading Disease Associations...
2018-11-01 18:08:53,025:INFO: Starting training for 3 epoch(s)
2018-11-01 18:08:53,025:INFO: Epoch 1/3
2018-11-01 18:08:53,025:INFO: Train
2018-11-01 18:08:57,044:INFO: - Train metrics: recall_at_100: 0.132 ; loss: 1.376
2018-11-01 18:08:57,044:INFO: Evaluate
2018-11-01 18:08:58,178:INFO: - Evaluate metrics: recall_at_100: 0.138 ; loss: 1.377
2018-11-01 18:08:58,459:INFO: - Found new best recall_at_100
2018-11-01 18:08:58,734:INFO: Epoch 2/3
2018-11-01 18:08:58,734:INFO: Train
2018-11-01 18:09:02,612:INFO: - Train metrics: recall_at_100: 0.136 ; loss: 1.377
2018-11-01 18:09:02,613:INFO: Evaluate
2018-11-01 18:09:03,579:INFO: - Evaluate metrics: recall_at_100: 0.136 ; loss: 1.378
2018-11-01 18:09:03,651:INFO: Epoch 3/3
2018-11-01 18:09:03,651:INFO: Train
2018-11-01 18:09:07,669:INFO: - Train metrics: recall_at_100: 0.127 ; loss: 1.376
2018-11-01 18:09:07,669:INFO: Evaluate
2018-11-01 18:09:08,868:INFO: - Evaluate metrics: recall_at_100: 0.140 ; loss: 1.378
2018-11-01 18:09:09,009:INFO: - Found new best recall_at_100
2018-11-01 18:09:09,080:INFO: Running Experiment...
2018-11-01 18:09:20,233:INFO: Disease Protein Prediction in the PPI Network
2018-11-01 18:09:20,233:INFO: Sabri Eyuboglu  -- SNAP Group
2018-11-01 18:09:20,233:INFO: ======================================
2018-11-01 18:09:20,233:INFO: Loading PPI Network...
2018-11-01 18:09:27,317:INFO: Loading Disease Associations...
2018-11-01 18:09:35,966:INFO: Starting training for 3 epoch(s)
2018-11-01 18:09:35,966:INFO: Epoch 1/3
2018-11-01 18:09:35,966:INFO: Train
2018-11-01 18:09:40,003:INFO: - Train metrics: recall_at_100: 0.121 ; loss: 1.377
2018-11-01 18:09:40,003:INFO: Evaluate
2018-11-01 18:09:40,954:INFO: - Evaluate metrics: recall_at_100: 0.126 ; loss: 1.378
2018-11-01 18:09:41,150:INFO: - Found new best recall_at_100
2018-11-01 18:09:41,321:INFO: Epoch 2/3
2018-11-01 18:09:41,321:INFO: Train
2018-11-01 18:09:45,347:INFO: - Train metrics: recall_at_100: 0.133 ; loss: 1.376
2018-11-01 18:09:45,347:INFO: Evaluate
2018-11-01 18:09:46,367:INFO: - Evaluate metrics: recall_at_100: 0.140 ; loss: 1.377
2018-11-01 18:09:46,472:INFO: - Found new best recall_at_100
2018-11-01 18:09:46,593:INFO: Epoch 3/3
2018-11-01 18:09:46,593:INFO: Train
2018-11-01 18:09:50,466:INFO: - Train metrics: recall_at_100: 0.130 ; loss: 1.377
2018-11-01 18:09:50,467:INFO: Evaluate
2018-11-01 18:09:51,640:INFO: - Evaluate metrics: recall_at_100: 0.124 ; loss: 1.378
2018-11-01 18:09:51,733:INFO: Running Experiment...
2018-11-01 18:10:14,967:INFO: Disease Protein Prediction in the PPI Network
2018-11-01 18:10:14,967:INFO: Sabri Eyuboglu  -- SNAP Group
2018-11-01 18:10:14,967:INFO: ======================================
2018-11-01 18:10:14,968:INFO: Loading PPI Network...
2018-11-01 18:10:23,066:INFO: Loading Disease Associations...
2018-11-01 18:10:32,140:INFO: Starting training for 3 epoch(s)
2018-11-01 18:10:32,141:INFO: Epoch 1/3
2018-11-01 18:10:32,141:INFO: Train
2018-11-01 18:10:36,092:INFO: - Train metrics: recall_at_100: 0.140 ; loss: 1.378
2018-11-01 18:10:36,093:INFO: Evaluate
2018-11-01 18:10:37,114:INFO: - Evaluate metrics: recall_at_100: 0.118 ; loss: 1.377
2018-11-01 18:10:37,282:INFO: - Found new best recall_at_100
2018-11-01 18:10:37,353:INFO: Epoch 2/3
2018-11-01 18:10:37,353:INFO: Train
2018-11-01 18:10:41,391:INFO: - Train metrics: recall_at_100: 0.102 ; loss: 1.376
2018-11-01 18:10:41,391:INFO: Evaluate
2018-11-01 18:10:42,501:INFO: - Evaluate metrics: recall_at_100: 0.096 ; loss: 1.378
2018-11-01 18:10:42,593:INFO: Epoch 3/3
2018-11-01 18:10:42,593:INFO: Train
2018-11-01 18:10:46,575:INFO: - Train metrics: recall_at_100: 0.126 ; loss: 1.377
2018-11-01 18:10:46,575:INFO: Evaluate
2018-11-01 18:10:47,644:INFO: - Evaluate metrics: recall_at_100: 0.145 ; loss: 1.377
2018-11-01 18:10:47,754:INFO: - Found new best recall_at_100
2018-11-01 18:10:47,848:INFO: Running Experiment...
2018-11-01 18:11:23,839:INFO: Disease Protein Prediction in the PPI Network
2018-11-01 18:11:23,839:INFO: Sabri Eyuboglu  -- SNAP Group
2018-11-01 18:11:23,839:INFO: ======================================
2018-11-01 18:11:23,839:INFO: Loading PPI Network...
2018-11-01 18:11:31,707:INFO: Loading Disease Associations...
2018-11-01 18:11:41,716:INFO: Starting training for 3 epoch(s)
2018-11-01 18:11:41,716:INFO: Epoch 1/3
2018-11-01 18:11:41,716:INFO: Train
2018-11-01 18:11:45,708:INFO: - Train metrics: recall_at_100: 0.128 ; loss: 1.376
2018-11-01 18:11:45,709:INFO: Evaluate
2018-11-01 18:11:46,958:INFO: - Evaluate metrics: recall_at_100: 0.126 ; loss: 1.378
2018-11-01 18:11:47,156:INFO: - Found new best recall_at_100
2018-11-01 18:11:47,231:INFO: Epoch 2/3
2018-11-01 18:11:47,232:INFO: Train
2018-11-01 18:11:51,185:INFO: - Train metrics: recall_at_100: 0.121 ; loss: 1.376
2018-11-01 18:11:51,186:INFO: Evaluate
2018-11-01 18:11:52,399:INFO: - Evaluate metrics: recall_at_100: 0.119 ; loss: 1.378
2018-11-01 18:11:52,545:INFO: Epoch 3/3
2018-11-01 18:11:52,545:INFO: Train
2018-11-01 18:11:56,788:INFO: - Train metrics: recall_at_100: 0.127 ; loss: 1.376
2018-11-01 18:11:56,788:INFO: Evaluate
2018-11-01 18:11:58,000:INFO: - Evaluate metrics: recall_at_100: 0.121 ; loss: 1.376
2018-11-01 18:11:58,085:INFO: Running Experiment...
2018-11-01 18:21:20,058:INFO: Disease Protein Prediction in the PPI Network
2018-11-01 18:21:20,058:INFO: Sabri Eyuboglu  -- SNAP Group
2018-11-01 18:21:20,058:INFO: ======================================
2018-11-01 18:21:20,058:INFO: Loading PPI Network...
2018-11-01 18:21:27,970:INFO: Loading Disease Associations...
2018-11-01 18:21:38,061:INFO: Starting training for 3 epoch(s)
2018-11-01 18:21:38,062:INFO: Epoch 1/3
2018-11-01 18:21:38,062:INFO: Train
2018-11-01 18:22:12,602:INFO: Disease Protein Prediction in the PPI Network
2018-11-01 18:22:12,602:INFO: Sabri Eyuboglu  -- SNAP Group
2018-11-01 18:22:12,602:INFO: ======================================
2018-11-01 18:22:12,602:INFO: Loading PPI Network...
2018-11-01 18:22:20,144:INFO: Loading Disease Associations...
2018-11-01 18:22:28,905:INFO: Starting training for 3 epoch(s)
2018-11-01 18:22:28,905:INFO: Epoch 1/3
2018-11-01 18:22:28,905:INFO: Train
2018-11-01 18:26:12,170:INFO: Disease Protein Prediction in the PPI Network
2018-11-01 18:26:12,170:INFO: Sabri Eyuboglu  -- SNAP Group
2018-11-01 18:26:12,170:INFO: ======================================
2018-11-01 18:26:12,170:INFO: Loading PPI Network...
2018-11-01 18:26:20,225:INFO: Loading Disease Associations...
2018-11-01 18:26:29,510:INFO: Starting training for 3 epoch(s)
2018-11-01 18:26:29,510:INFO: Epoch 1/3
2018-11-01 18:26:29,511:INFO: Train
2018-11-01 18:31:55,975:INFO: Disease Protein Prediction in the PPI Network
2018-11-01 18:31:55,976:INFO: Sabri Eyuboglu  -- SNAP Group
2018-11-01 18:31:55,976:INFO: ======================================
2018-11-01 18:31:55,976:INFO: Loading PPI Network...
2018-11-01 18:32:03,525:INFO: Loading Disease Associations...
2018-11-01 18:32:12,429:INFO: Starting training for 3 epoch(s)
2018-11-01 18:32:12,429:INFO: Epoch 1/3
2018-11-01 18:32:12,429:INFO: Train
2018-11-01 18:32:27,679:INFO: Disease Protein Prediction in the PPI Network
2018-11-01 18:32:27,680:INFO: Sabri Eyuboglu  -- SNAP Group
2018-11-01 18:32:27,680:INFO: ======================================
2018-11-01 18:32:27,680:INFO: Loading PPI Network...
2018-11-01 18:32:35,003:INFO: Loading Disease Associations...
2018-11-01 18:32:43,478:INFO: Starting training for 1 epoch(s)
2018-11-01 18:32:43,479:INFO: Epoch 1/1
2018-11-01 18:32:43,479:INFO: Train
2018-11-01 18:32:47,568:INFO: - Train metrics: recall_at_100: 0.145 ; loss: 1.377
2018-11-01 18:32:47,568:INFO: Evaluate
2018-11-01 18:33:55,343:INFO: Disease Protein Prediction in the PPI Network
2018-11-01 18:33:55,343:INFO: Sabri Eyuboglu  -- SNAP Group
2018-11-01 18:33:55,343:INFO: ======================================
2018-11-01 18:33:55,344:INFO: Loading PPI Network...
2018-11-01 18:34:03,235:INFO: Loading Disease Associations...
2018-11-01 18:34:12,452:INFO: Starting training for 1 epoch(s)
2018-11-01 18:35:06,364:INFO: Disease Protein Prediction in the PPI Network
2018-11-01 18:35:06,364:INFO: Sabri Eyuboglu  -- SNAP Group
2018-11-01 18:35:06,364:INFO: ======================================
2018-11-01 18:35:06,364:INFO: Loading PPI Network...
2018-11-01 18:35:14,513:INFO: Loading Disease Associations...
2018-11-01 18:35:23,955:INFO: Starting training for 1 epoch(s)
2018-11-01 18:35:23,956:INFO: Epoch 1/1
2018-11-01 18:35:23,956:INFO: Train
2018-11-01 18:41:42,552:INFO: Disease Protein Prediction in the PPI Network
2018-11-01 18:41:42,552:INFO: Sabri Eyuboglu  -- SNAP Group
2018-11-01 18:41:42,552:INFO: ======================================
2018-11-01 18:41:42,552:INFO: Loading PPI Network...
2018-11-01 18:41:49,730:INFO: Loading Disease Associations...
2018-11-01 18:41:59,636:INFO: Starting training for 1 epoch(s)
2018-11-01 18:41:59,636:INFO: Epoch 1/1
2018-11-01 18:41:59,637:INFO: Train
2018-11-01 18:42:38,582:INFO: Disease Protein Prediction in the PPI Network
2018-11-01 18:42:38,582:INFO: Sabri Eyuboglu  -- SNAP Group
2018-11-01 18:42:38,582:INFO: ======================================
2018-11-01 18:42:38,582:INFO: Loading PPI Network...
2018-11-01 18:42:45,715:INFO: Loading Disease Associations...
2018-11-01 18:42:55,190:INFO: Starting training for 1 epoch(s)
2018-11-01 18:42:55,190:INFO: Epoch 1/1
2018-11-01 18:42:55,190:INFO: Train
2018-11-01 18:42:59,435:INFO: - Train metrics: recall_at_100: 0.150 ; loss: 1.375
2018-11-01 18:42:59,435:INFO: Evaluate
2018-11-01 18:43:34,723:INFO: Disease Protein Prediction in the PPI Network
2018-11-01 18:43:34,723:INFO: Sabri Eyuboglu  -- SNAP Group
2018-11-01 18:43:34,723:INFO: ======================================
2018-11-01 18:43:34,723:INFO: Loading PPI Network...
2018-11-01 18:43:41,893:INFO: Loading Disease Associations...
2018-11-01 18:43:51,777:INFO: Starting training for 1 epoch(s)
2018-11-01 18:43:51,777:INFO: Epoch 1/1
2018-11-01 18:43:51,777:INFO: Train
2018-11-01 18:43:55,785:INFO: - Train metrics: recall_at_100: 0.131 ; loss: 1.377
2018-11-01 18:43:55,785:INFO: Evaluate
2018-11-01 18:43:56,793:INFO: - Evaluate metrics: recall_at_100: 0.140 ; loss: 1.378
2018-11-01 18:43:56,996:INFO: - Found new best recall_at_100
2018-11-01 18:43:57,149:INFO: Running Experiment...
