2018-05-25 12:48:40,306:INFO: Disease Protein Prediction in the PPI Network
2018-05-25 12:48:40,306:INFO: Sabri Eyuboglu  -- SNAP Group
2018-05-25 12:48:40,307:INFO: ======================================
2018-05-25 12:48:40,307:INFO: Loading PPI Network...
2018-05-25 12:48:54,421:INFO: Loading Disease Associations...
2018-05-25 12:48:54,459:INFO: Loading Feature Matrices...
2018-05-25 12:48:55,414:INFO: Running Experiment...
2018-05-25 12:48:55,414:INFO: Experiment Progress: 0.0% -- 0/519
2018-05-25 12:48:55,957:INFO: Experiment Progress: 0.2% -- 1/519
2018-05-25 12:48:56,436:INFO: Experiment Progress: 0.4% -- 2/519
2018-05-25 12:48:56,911:INFO: Experiment Progress: 0.6% -- 3/519
2018-05-25 12:48:57,409:INFO: Experiment Progress: 0.8% -- 4/519
2018-05-25 12:48:57,895:INFO: Experiment Progress: 1.0% -- 5/519
2018-05-25 12:48:58,368:INFO: Experiment Progress: 1.2% -- 6/519
2018-05-25 12:48:58,845:INFO: Experiment Progress: 1.3% -- 7/519
2018-05-25 12:48:59,324:INFO: Experiment Progress: 1.5% -- 8/519
2018-05-25 12:48:59,824:INFO: Experiment Progress: 1.7% -- 9/519
2018-05-25 12:49:00,293:INFO: Experiment Progress: 1.9% -- 10/519
2018-05-25 12:49:00,999:INFO: Experiment Progress: 2.1% -- 11/519
2018-05-25 12:49:01,571:INFO: Experiment Progress: 2.3% -- 12/519
2018-05-25 12:49:02,059:INFO: Experiment Progress: 2.5% -- 13/519
2018-05-25 12:49:02,537:INFO: Experiment Progress: 2.7% -- 14/519
2018-05-25 12:49:03,032:INFO: Experiment Progress: 2.9% -- 15/519
2018-05-25 12:49:03,709:INFO: Experiment Progress: 3.1% -- 16/519
2018-05-25 12:49:04,185:INFO: Experiment Progress: 3.3% -- 17/519
2018-05-25 12:49:05,152:INFO: Experiment Progress: 3.5% -- 18/519
2018-05-25 12:49:05,775:INFO: Experiment Progress: 3.7% -- 19/519
2018-05-25 12:49:06,291:INFO: Experiment Progress: 3.9% -- 20/519
2018-05-25 12:49:06,859:INFO: Experiment Progress: 4.0% -- 21/519
2018-05-25 12:49:07,526:INFO: Experiment Progress: 4.2% -- 22/519
2018-05-25 12:49:08,050:INFO: Experiment Progress: 4.4% -- 23/519
2018-05-25 12:49:08,483:INFO: Experiment Progress: 4.6% -- 24/519
2018-05-25 12:49:09,251:INFO: Experiment Progress: 4.8% -- 25/519
2018-05-25 12:49:10,212:INFO: Experiment Progress: 5.0% -- 26/519
2018-05-25 12:49:10,744:INFO: Experiment Progress: 5.2% -- 27/519
2018-05-25 12:49:11,335:INFO: Experiment Progress: 5.4% -- 28/519
2018-05-25 12:49:12,267:INFO: Experiment Progress: 5.6% -- 29/519
2018-05-25 12:49:13,146:INFO: Experiment Progress: 5.8% -- 30/519
2018-05-25 12:49:14,162:INFO: Experiment Progress: 6.0% -- 31/519
2018-05-25 12:49:14,881:INFO: Experiment Progress: 6.2% -- 32/519
2018-05-25 12:49:15,532:INFO: Experiment Progress: 6.4% -- 33/519
2018-05-25 12:49:16,277:INFO: Experiment Progress: 6.6% -- 34/519
2018-05-25 12:49:16,822:INFO: Experiment Progress: 6.7% -- 35/519
2018-05-25 12:49:17,104:INFO: Experiment Progress: 6.9% -- 36/519
2018-05-25 12:49:17,649:INFO: Experiment Progress: 7.1% -- 37/519
2018-05-25 12:49:18,181:INFO: Experiment Progress: 7.3% -- 38/519
2018-05-25 12:49:18,671:INFO: Experiment Progress: 7.5% -- 39/519
2018-05-25 12:49:19,240:INFO: Experiment Progress: 7.7% -- 40/519
2018-05-25 12:49:19,720:INFO: Experiment Progress: 7.9% -- 41/519
2018-05-25 12:49:20,211:INFO: Experiment Progress: 8.1% -- 42/519
2018-05-25 12:49:20,688:INFO: Experiment Progress: 8.3% -- 43/519
2018-05-25 12:49:21,183:INFO: Experiment Progress: 8.5% -- 44/519
2018-05-25 12:49:21,673:INFO: Experiment Progress: 8.7% -- 45/519
2018-05-25 12:49:22,143:INFO: Experiment Progress: 8.9% -- 46/519
2018-05-25 12:49:22,632:INFO: Experiment Progress: 9.1% -- 47/519
2018-05-25 12:49:22,906:INFO: Experiment Progress: 9.2% -- 48/519
2018-05-25 12:49:23,435:INFO: Experiment Progress: 9.4% -- 49/519
2018-05-25 12:49:23,936:INFO: Experiment Progress: 9.6% -- 50/519
2018-05-25 12:49:24,430:INFO: Experiment Progress: 9.8% -- 51/519
2018-05-25 12:49:24,947:INFO: Experiment Progress: 10.0% -- 52/519
2018-05-25 12:49:25,519:INFO: Experiment Progress: 10.2% -- 53/519
2018-05-25 12:49:26,046:INFO: Experiment Progress: 10.4% -- 54/519
2018-05-25 12:49:26,549:INFO: Experiment Progress: 10.6% -- 55/519
2018-05-25 12:49:27,002:INFO: Experiment Progress: 10.8% -- 56/519
2018-05-25 12:49:27,506:INFO: Experiment Progress: 11.0% -- 57/519
2018-05-25 12:49:28,009:INFO: Experiment Progress: 11.2% -- 58/519
2018-05-25 12:49:28,492:INFO: Experiment Progress: 11.4% -- 59/519
2018-05-25 12:49:28,930:INFO: Experiment Progress: 11.6% -- 60/519
2018-05-25 12:49:29,482:INFO: Experiment Progress: 11.8% -- 61/519
2018-05-25 12:49:30,140:INFO: Experiment Progress: 11.9% -- 62/519
2018-05-25 12:49:30,612:INFO: Experiment Progress: 12.1% -- 63/519
2018-05-25 12:49:31,165:INFO: Experiment Progress: 12.3% -- 64/519
2018-05-25 12:49:31,856:INFO: Experiment Progress: 12.5% -- 65/519
2018-05-25 12:49:32,524:INFO: Experiment Progress: 12.7% -- 66/519
2018-05-25 12:49:33,042:INFO: Experiment Progress: 12.9% -- 67/519
2018-05-25 12:49:33,708:INFO: Experiment Progress: 13.1% -- 68/519
2018-05-25 12:49:34,286:INFO: Experiment Progress: 13.3% -- 69/519
2018-05-25 12:49:35,191:INFO: Experiment Progress: 13.5% -- 70/519
2018-05-25 12:49:35,709:INFO: Experiment Progress: 13.7% -- 71/519
2018-05-25 12:49:36,185:INFO: Experiment Progress: 13.9% -- 72/519
2018-05-25 12:49:36,661:INFO: Experiment Progress: 14.1% -- 73/519
2018-05-25 12:49:37,143:INFO: Experiment Progress: 14.3% -- 74/519
2018-05-25 12:49:37,618:INFO: Experiment Progress: 14.5% -- 75/519
2018-05-25 12:49:38,090:INFO: Experiment Progress: 14.6% -- 76/519
2018-05-25 12:49:38,566:INFO: Experiment Progress: 14.8% -- 77/519
2018-05-25 12:49:39,075:INFO: Experiment Progress: 15.0% -- 78/519
2018-05-25 12:49:39,562:INFO: Experiment Progress: 15.2% -- 79/519
2018-05-25 12:49:40,059:INFO: Experiment Progress: 15.4% -- 80/519
2018-05-25 12:49:40,521:INFO: Experiment Progress: 15.6% -- 81/519
2018-05-25 12:49:41,001:INFO: Experiment Progress: 15.8% -- 82/519
2018-05-25 12:49:41,478:INFO: Experiment Progress: 16.0% -- 83/519
2018-05-25 12:49:41,967:INFO: Experiment Progress: 16.2% -- 84/519
2018-05-25 12:49:42,451:INFO: Experiment Progress: 16.4% -- 85/519
2018-05-25 12:49:42,932:INFO: Experiment Progress: 16.6% -- 86/519
2018-05-25 12:49:43,412:INFO: Experiment Progress: 16.8% -- 87/519
2018-05-25 12:49:43,903:INFO: Experiment Progress: 17.0% -- 88/519
2018-05-25 12:49:44,343:INFO: Experiment Progress: 17.1% -- 89/519
2018-05-25 12:49:44,820:INFO: Experiment Progress: 17.3% -- 90/519
2018-05-25 12:49:45,203:INFO: Experiment Progress: 17.5% -- 91/519
2018-05-25 12:49:45,736:INFO: Experiment Progress: 17.7% -- 92/519
2018-05-25 12:49:46,224:INFO: Experiment Progress: 17.9% -- 93/519
2018-05-25 12:49:46,701:INFO: Experiment Progress: 18.1% -- 94/519
2018-05-25 12:49:47,181:INFO: Experiment Progress: 18.3% -- 95/519
2018-05-25 12:49:47,664:INFO: Experiment Progress: 18.5% -- 96/519
2018-05-25 12:49:48,168:INFO: Experiment Progress: 18.7% -- 97/519
2018-05-25 12:49:48,644:INFO: Experiment Progress: 18.9% -- 98/519
2018-05-25 12:49:49,120:INFO: Experiment Progress: 19.1% -- 99/519
2018-05-25 12:49:49,598:INFO: Experiment Progress: 19.3% -- 100/519
2018-05-25 12:49:50,071:INFO: Experiment Progress: 19.5% -- 101/519
2018-05-25 12:49:50,549:INFO: Experiment Progress: 19.7% -- 102/519
2018-05-25 12:49:50,988:INFO: Experiment Progress: 19.8% -- 103/519
2018-05-25 12:49:51,509:INFO: Experiment Progress: 20.0% -- 104/519
2018-05-25 12:49:51,992:INFO: Experiment Progress: 20.2% -- 105/519
2018-05-25 12:49:52,478:INFO: Experiment Progress: 20.4% -- 106/519
2018-05-25 12:49:52,959:INFO: Experiment Progress: 20.6% -- 107/519
2018-05-25 12:49:53,453:INFO: Experiment Progress: 20.8% -- 108/519
2018-05-25 12:49:53,931:INFO: Experiment Progress: 21.0% -- 109/519
2018-05-25 12:49:54,404:INFO: Experiment Progress: 21.2% -- 110/519
2018-05-25 12:49:54,899:INFO: Experiment Progress: 21.4% -- 111/519
2018-05-25 12:49:55,410:INFO: Experiment Progress: 21.6% -- 112/519
2018-05-25 12:49:55,864:INFO: Experiment Progress: 21.8% -- 113/519
2018-05-25 12:49:56,338:INFO: Experiment Progress: 22.0% -- 114/519
2018-05-25 12:49:56,879:INFO: Experiment Progress: 22.2% -- 115/519
2018-05-25 12:49:57,426:INFO: Experiment Progress: 22.4% -- 116/519
2018-05-25 12:49:57,929:INFO: Experiment Progress: 22.5% -- 117/519
2018-05-25 12:49:58,411:INFO: Experiment Progress: 22.7% -- 118/519
2018-05-25 12:49:58,913:INFO: Experiment Progress: 22.9% -- 119/519
2018-05-25 12:49:59,403:INFO: Experiment Progress: 23.1% -- 120/519
2018-05-25 12:50:00,183:INFO: Experiment Progress: 23.3% -- 121/519
2018-05-25 12:50:00,682:INFO: Experiment Progress: 23.5% -- 122/519
2018-05-25 12:50:01,155:INFO: Experiment Progress: 23.7% -- 123/519
2018-05-25 12:50:01,693:INFO: Experiment Progress: 23.9% -- 124/519
2018-05-25 12:50:02,235:INFO: Experiment Progress: 24.1% -- 125/519
2018-05-25 12:50:02,898:INFO: Experiment Progress: 24.3% -- 126/519
2018-05-25 12:50:03,420:INFO: Experiment Progress: 24.5% -- 127/519
2018-05-25 12:50:03,927:INFO: Experiment Progress: 24.7% -- 128/519
2018-05-25 12:50:04,423:INFO: Experiment Progress: 24.9% -- 129/519
2018-05-25 12:50:04,917:INFO: Experiment Progress: 25.0% -- 130/519
2018-05-25 12:50:05,388:INFO: Experiment Progress: 25.2% -- 131/519
2018-05-25 12:50:05,900:INFO: Experiment Progress: 25.4% -- 132/519
2018-05-25 12:50:06,407:INFO: Experiment Progress: 25.6% -- 133/519
2018-05-25 12:50:06,952:INFO: Experiment Progress: 25.8% -- 134/519
2018-05-25 12:50:07,438:INFO: Experiment Progress: 26.0% -- 135/519
2018-05-25 12:50:07,935:INFO: Experiment Progress: 26.2% -- 136/519
2018-05-25 12:50:08,419:INFO: Experiment Progress: 26.4% -- 137/519
2018-05-25 12:50:08,903:INFO: Experiment Progress: 26.6% -- 138/519
2018-05-25 12:50:09,402:INFO: Experiment Progress: 26.8% -- 139/519
2018-05-25 12:50:09,870:INFO: Experiment Progress: 27.0% -- 140/519
2018-05-25 12:50:10,333:INFO: Experiment Progress: 27.2% -- 141/519
2018-05-25 12:50:10,792:INFO: Experiment Progress: 27.4% -- 142/519
2018-05-25 12:50:11,302:INFO: Experiment Progress: 27.6% -- 143/519
2018-05-25 12:50:11,776:INFO: Experiment Progress: 27.7% -- 144/519
2018-05-25 12:50:12,257:INFO: Experiment Progress: 27.9% -- 145/519
2018-05-25 12:50:12,742:INFO: Experiment Progress: 28.1% -- 146/519
2018-05-25 12:50:13,206:INFO: Experiment Progress: 28.3% -- 147/519
2018-05-25 12:50:13,662:INFO: Experiment Progress: 28.5% -- 148/519
2018-05-25 12:50:14,128:INFO: Experiment Progress: 28.7% -- 149/519
2018-05-25 12:50:14,614:INFO: Experiment Progress: 28.9% -- 150/519
2018-05-25 12:50:15,083:INFO: Experiment Progress: 29.1% -- 151/519
2018-05-25 12:50:15,543:INFO: Experiment Progress: 29.3% -- 152/519
2018-05-25 12:50:16,012:INFO: Experiment Progress: 29.5% -- 153/519
2018-05-25 12:50:16,488:INFO: Experiment Progress: 29.7% -- 154/519
2018-05-25 12:50:16,969:INFO: Experiment Progress: 29.9% -- 155/519
2018-05-25 12:50:17,453:INFO: Experiment Progress: 30.1% -- 156/519
2018-05-25 12:50:17,927:INFO: Experiment Progress: 30.3% -- 157/519
2018-05-25 12:50:18,393:INFO: Experiment Progress: 30.4% -- 158/519
2018-05-25 12:50:18,915:INFO: Experiment Progress: 30.6% -- 159/519
2018-05-25 12:50:19,401:INFO: Experiment Progress: 30.8% -- 160/519
2018-05-25 12:50:19,894:INFO: Experiment Progress: 31.0% -- 161/519
2018-05-25 12:50:20,367:INFO: Experiment Progress: 31.2% -- 162/519
2018-05-25 12:50:20,882:INFO: Experiment Progress: 31.4% -- 163/519
2018-05-25 12:50:21,421:INFO: Experiment Progress: 31.6% -- 164/519
2018-05-25 12:50:22,076:INFO: Experiment Progress: 31.8% -- 165/519
2018-05-25 12:50:22,634:INFO: Experiment Progress: 32.0% -- 166/519
2018-05-25 12:50:23,170:INFO: Experiment Progress: 32.2% -- 167/519
2018-05-25 12:50:24,003:INFO: Experiment Progress: 32.4% -- 168/519
2018-05-25 12:50:24,506:INFO: Experiment Progress: 32.6% -- 169/519
2018-05-25 12:50:25,003:INFO: Experiment Progress: 32.8% -- 170/519
2018-05-25 12:50:25,639:INFO: Experiment Progress: 32.9% -- 171/519
2018-05-25 12:50:26,321:INFO: Experiment Progress: 33.1% -- 172/519
2018-05-25 12:50:27,108:INFO: Experiment Progress: 33.3% -- 173/519
2018-05-25 12:50:27,646:INFO: Experiment Progress: 33.5% -- 174/519
2018-05-25 12:50:28,163:INFO: Experiment Progress: 33.7% -- 175/519
2018-05-25 12:50:28,676:INFO: Experiment Progress: 33.9% -- 176/519
2018-05-25 12:50:29,337:INFO: Experiment Progress: 34.1% -- 177/519
2018-05-25 12:50:29,855:INFO: Experiment Progress: 34.3% -- 178/519
2018-05-25 12:50:30,327:INFO: Experiment Progress: 34.5% -- 179/519
2018-05-25 12:50:30,857:INFO: Experiment Progress: 34.7% -- 180/519
2018-05-25 12:50:31,360:INFO: Experiment Progress: 34.9% -- 181/519
2018-05-25 12:50:31,874:INFO: Experiment Progress: 35.1% -- 182/519
2018-05-25 12:50:32,368:INFO: Experiment Progress: 35.3% -- 183/519
2018-05-25 12:50:32,932:INFO: Experiment Progress: 35.5% -- 184/519
2018-05-25 12:50:33,521:INFO: Experiment Progress: 35.6% -- 185/519
2018-05-25 12:50:34,145:INFO: Experiment Progress: 35.8% -- 186/519
2018-05-25 12:50:34,694:INFO: Experiment Progress: 36.0% -- 187/519
2018-05-25 12:50:35,382:INFO: Experiment Progress: 36.2% -- 188/519
2018-05-25 12:50:35,939:INFO: Experiment Progress: 36.4% -- 189/519
2018-05-25 12:50:36,490:INFO: Experiment Progress: 36.6% -- 190/519
2018-05-25 12:50:37,049:INFO: Experiment Progress: 36.8% -- 191/519
2018-05-25 12:50:37,574:INFO: Experiment Progress: 37.0% -- 192/519
2018-05-25 12:50:38,053:INFO: Experiment Progress: 37.2% -- 193/519
2018-05-25 12:50:38,533:INFO: Experiment Progress: 37.4% -- 194/519
2018-05-25 12:50:39,017:INFO: Experiment Progress: 37.6% -- 195/519
2018-05-25 12:50:39,546:INFO: Experiment Progress: 37.8% -- 196/519
2018-05-25 12:50:40,017:INFO: Experiment Progress: 38.0% -- 197/519
2018-05-25 12:50:40,568:INFO: Experiment Progress: 38.2% -- 198/519
2018-05-25 12:50:41,168:INFO: Experiment Progress: 38.3% -- 199/519
2018-05-25 12:50:41,719:INFO: Experiment Progress: 38.5% -- 200/519
2018-05-25 12:50:42,198:INFO: Experiment Progress: 38.7% -- 201/519
2018-05-25 12:50:42,675:INFO: Experiment Progress: 38.9% -- 202/519
2018-05-25 12:50:43,146:INFO: Experiment Progress: 39.1% -- 203/519
2018-05-25 12:50:43,611:INFO: Experiment Progress: 39.3% -- 204/519
2018-05-25 12:50:44,071:INFO: Experiment Progress: 39.5% -- 205/519
2018-05-25 12:50:44,528:INFO: Experiment Progress: 39.7% -- 206/519
2018-05-25 12:50:45,054:INFO: Experiment Progress: 39.9% -- 207/519
2018-05-25 12:50:45,653:INFO: Experiment Progress: 40.1% -- 208/519
2018-05-25 12:50:46,240:INFO: Experiment Progress: 40.3% -- 209/519
2018-05-25 12:50:46,820:INFO: Experiment Progress: 40.5% -- 210/519
2018-05-25 12:50:47,330:INFO: Experiment Progress: 40.7% -- 211/519
2018-05-25 12:50:47,848:INFO: Experiment Progress: 40.8% -- 212/519
2018-05-25 12:50:48,351:INFO: Experiment Progress: 41.0% -- 213/519
2018-05-25 12:50:48,833:INFO: Experiment Progress: 41.2% -- 214/519
2018-05-25 12:50:49,372:INFO: Experiment Progress: 41.4% -- 215/519
2018-05-25 12:50:49,859:INFO: Experiment Progress: 41.6% -- 216/519
2018-05-25 12:50:50,389:INFO: Experiment Progress: 41.8% -- 217/519
2018-05-25 12:50:50,898:INFO: Experiment Progress: 42.0% -- 218/519
2018-05-25 12:50:51,418:INFO: Experiment Progress: 42.2% -- 219/519
2018-05-25 12:50:51,803:INFO: Experiment Progress: 42.4% -- 220/519
2018-05-25 12:50:52,324:INFO: Experiment Progress: 42.6% -- 221/519
2018-05-25 12:50:52,823:INFO: Experiment Progress: 42.8% -- 222/519
2018-05-25 12:50:53,318:INFO: Experiment Progress: 43.0% -- 223/519
2018-05-25 12:50:54,044:INFO: Experiment Progress: 43.2% -- 224/519
2018-05-25 12:50:54,743:INFO: Experiment Progress: 43.4% -- 225/519
2018-05-25 12:50:55,471:INFO: Experiment Progress: 43.5% -- 226/519
2018-05-25 12:50:56,190:INFO: Experiment Progress: 43.7% -- 227/519
2018-05-25 12:50:56,877:INFO: Experiment Progress: 43.9% -- 228/519
2018-05-25 12:50:57,510:INFO: Experiment Progress: 44.1% -- 229/519
2018-05-25 12:50:58,006:INFO: Experiment Progress: 44.3% -- 230/519
2018-05-25 12:50:58,488:INFO: Experiment Progress: 44.5% -- 231/519
2018-05-25 12:50:58,973:INFO: Experiment Progress: 44.7% -- 232/519
2018-05-25 12:50:59,443:INFO: Experiment Progress: 44.9% -- 233/519
2018-05-25 12:50:59,972:INFO: Experiment Progress: 45.1% -- 234/519
2018-05-25 12:51:00,542:INFO: Experiment Progress: 45.3% -- 235/519
2018-05-25 12:51:01,468:INFO: Experiment Progress: 45.5% -- 236/519
2018-05-25 12:51:02,066:INFO: Experiment Progress: 45.7% -- 237/519
2018-05-25 12:51:02,532:INFO: Experiment Progress: 45.9% -- 238/519
2018-05-25 12:51:03,020:INFO: Experiment Progress: 46.1% -- 239/519
2018-05-25 12:51:03,495:INFO: Experiment Progress: 46.2% -- 240/519
2018-05-25 12:51:03,996:INFO: Experiment Progress: 46.4% -- 241/519
2018-05-25 12:51:04,506:INFO: Experiment Progress: 46.6% -- 242/519
2018-05-25 12:51:05,018:INFO: Experiment Progress: 46.8% -- 243/519
2018-05-25 12:51:05,554:INFO: Experiment Progress: 47.0% -- 244/519
2018-05-25 12:51:06,112:INFO: Experiment Progress: 47.2% -- 245/519
2018-05-25 12:51:06,580:INFO: Experiment Progress: 47.4% -- 246/519
2018-05-25 12:51:07,047:INFO: Experiment Progress: 47.6% -- 247/519
2018-05-25 12:51:07,553:INFO: Experiment Progress: 47.8% -- 248/519
2018-05-25 12:51:08,015:INFO: Experiment Progress: 48.0% -- 249/519
2018-05-25 12:51:08,476:INFO: Experiment Progress: 48.2% -- 250/519
2018-05-25 12:51:08,938:INFO: Experiment Progress: 48.4% -- 251/519
2018-05-25 12:51:09,555:INFO: Experiment Progress: 48.6% -- 252/519
2018-05-25 12:51:10,076:INFO: Experiment Progress: 48.7% -- 253/519
2018-05-25 12:51:10,456:INFO: Experiment Progress: 48.9% -- 254/519
2018-05-25 12:51:10,943:INFO: Experiment Progress: 49.1% -- 255/519
2018-05-25 12:51:11,419:INFO: Experiment Progress: 49.3% -- 256/519
2018-05-25 12:51:11,904:INFO: Experiment Progress: 49.5% -- 257/519
2018-05-25 12:51:12,400:INFO: Experiment Progress: 49.7% -- 258/519
2018-05-25 12:51:12,904:INFO: Experiment Progress: 49.9% -- 259/519
2018-05-25 12:51:13,252:INFO: Experiment Progress: 50.1% -- 260/519
2018-05-25 12:51:13,797:INFO: Experiment Progress: 50.3% -- 261/519
2018-05-25 12:51:14,341:INFO: Experiment Progress: 50.5% -- 262/519
2018-05-25 12:51:14,901:INFO: Experiment Progress: 50.7% -- 263/519
2018-05-25 12:51:15,368:INFO: Experiment Progress: 50.9% -- 264/519
2018-05-25 12:51:15,775:INFO: Experiment Progress: 51.1% -- 265/519
2018-05-25 12:51:16,252:INFO: Experiment Progress: 51.3% -- 266/519
2018-05-25 12:51:16,628:INFO: Experiment Progress: 51.4% -- 267/519
2018-05-25 12:51:17,127:INFO: Experiment Progress: 51.6% -- 268/519
2018-05-25 12:51:17,589:INFO: Experiment Progress: 51.8% -- 269/519
2018-05-25 12:51:18,058:INFO: Experiment Progress: 52.0% -- 270/519
2018-05-25 12:51:18,518:INFO: Experiment Progress: 52.2% -- 271/519
2018-05-25 12:51:19,000:INFO: Experiment Progress: 52.4% -- 272/519
2018-05-25 12:51:19,464:INFO: Experiment Progress: 52.6% -- 273/519
2018-05-25 12:51:19,946:INFO: Experiment Progress: 52.8% -- 274/519
2018-05-25 12:51:20,419:INFO: Experiment Progress: 53.0% -- 275/519
2018-05-25 12:51:20,913:INFO: Experiment Progress: 53.2% -- 276/519
2018-05-25 12:51:21,376:INFO: Experiment Progress: 53.4% -- 277/519
2018-05-25 12:51:21,834:INFO: Experiment Progress: 53.6% -- 278/519
2018-05-25 12:51:22,332:INFO: Experiment Progress: 53.8% -- 279/519
2018-05-25 12:51:22,652:INFO: Experiment Progress: 53.9% -- 280/519
2018-05-25 12:51:23,123:INFO: Experiment Progress: 54.1% -- 281/519
2018-05-25 12:51:23,693:INFO: Experiment Progress: 54.3% -- 282/519
2018-05-25 12:51:23,979:INFO: Experiment Progress: 54.5% -- 283/519
2018-05-25 12:51:24,442:INFO: Experiment Progress: 54.7% -- 284/519
2018-05-25 12:51:24,912:INFO: Experiment Progress: 54.9% -- 285/519
2018-05-25 12:51:25,388:INFO: Experiment Progress: 55.1% -- 286/519
2018-05-25 12:51:25,862:INFO: Experiment Progress: 55.3% -- 287/519
2018-05-25 12:51:26,338:INFO: Experiment Progress: 55.5% -- 288/519
2018-05-25 12:51:26,805:INFO: Experiment Progress: 55.7% -- 289/519
2018-05-25 12:51:27,273:INFO: Experiment Progress: 55.9% -- 290/519
2018-05-25 12:51:27,744:INFO: Experiment Progress: 56.1% -- 291/519
2018-05-25 12:51:28,218:INFO: Experiment Progress: 56.3% -- 292/519
2018-05-25 12:51:28,685:INFO: Experiment Progress: 56.5% -- 293/519
2018-05-25 12:51:29,155:INFO: Experiment Progress: 56.6% -- 294/519
2018-05-25 12:51:29,608:INFO: Experiment Progress: 56.8% -- 295/519
2018-05-25 12:51:30,078:INFO: Experiment Progress: 57.0% -- 296/519
2018-05-25 12:51:30,548:INFO: Experiment Progress: 57.2% -- 297/519
2018-05-25 12:51:31,023:INFO: Experiment Progress: 57.4% -- 298/519
2018-05-25 12:51:31,536:INFO: Experiment Progress: 57.6% -- 299/519
2018-05-25 12:51:31,999:INFO: Experiment Progress: 57.8% -- 300/519
2018-05-25 12:51:32,484:INFO: Experiment Progress: 58.0% -- 301/519
2018-05-25 12:51:32,982:INFO: Experiment Progress: 58.2% -- 302/519
2018-05-25 12:51:33,456:INFO: Experiment Progress: 58.4% -- 303/519
2018-05-25 12:51:33,928:INFO: Experiment Progress: 58.6% -- 304/519
2018-05-25 12:51:34,392:INFO: Experiment Progress: 58.8% -- 305/519
2018-05-25 12:51:34,855:INFO: Experiment Progress: 59.0% -- 306/519
2018-05-25 12:51:35,321:INFO: Experiment Progress: 59.2% -- 307/519
2018-05-25 12:51:35,788:INFO: Experiment Progress: 59.3% -- 308/519
2018-05-25 12:51:36,263:INFO: Experiment Progress: 59.5% -- 309/519
2018-05-25 12:51:36,723:INFO: Experiment Progress: 59.7% -- 310/519
2018-05-25 12:51:37,191:INFO: Experiment Progress: 59.9% -- 311/519
2018-05-25 12:51:37,665:INFO: Experiment Progress: 60.1% -- 312/519
2018-05-25 12:51:38,137:INFO: Experiment Progress: 60.3% -- 313/519
2018-05-25 12:51:38,604:INFO: Experiment Progress: 60.5% -- 314/519
2018-05-25 12:51:39,081:INFO: Experiment Progress: 60.7% -- 315/519
2018-05-25 12:51:39,565:INFO: Experiment Progress: 60.9% -- 316/519
2018-05-25 12:51:40,055:INFO: Experiment Progress: 61.1% -- 317/519
2018-05-25 12:51:40,518:INFO: Experiment Progress: 61.3% -- 318/519
2018-05-25 12:51:40,998:INFO: Experiment Progress: 61.5% -- 319/519
2018-05-25 12:51:41,481:INFO: Experiment Progress: 61.7% -- 320/519
2018-05-25 12:51:41,986:INFO: Experiment Progress: 61.8% -- 321/519
2018-05-25 12:51:42,461:INFO: Experiment Progress: 62.0% -- 322/519
2018-05-25 12:51:42,934:INFO: Experiment Progress: 62.2% -- 323/519
2018-05-25 12:51:43,401:INFO: Experiment Progress: 62.4% -- 324/519
2018-05-25 12:51:43,866:INFO: Experiment Progress: 62.6% -- 325/519
2018-05-25 12:51:44,326:INFO: Experiment Progress: 62.8% -- 326/519
2018-05-25 12:51:44,810:INFO: Experiment Progress: 63.0% -- 327/519
2018-05-25 12:51:45,275:INFO: Experiment Progress: 63.2% -- 328/519
2018-05-25 12:51:45,764:INFO: Experiment Progress: 63.4% -- 329/519
2018-05-25 12:51:46,235:INFO: Experiment Progress: 63.6% -- 330/519
2018-05-25 12:51:46,704:INFO: Experiment Progress: 63.8% -- 331/519
2018-05-25 12:51:47,207:INFO: Experiment Progress: 64.0% -- 332/519
2018-05-25 12:51:47,678:INFO: Experiment Progress: 64.2% -- 333/519
2018-05-25 12:51:48,157:INFO: Experiment Progress: 64.4% -- 334/519
2018-05-25 12:51:48,630:INFO: Experiment Progress: 64.5% -- 335/519
2018-05-25 12:51:49,102:INFO: Experiment Progress: 64.7% -- 336/519
2018-05-25 12:51:49,577:INFO: Experiment Progress: 64.9% -- 337/519
2018-05-25 12:51:50,063:INFO: Experiment Progress: 65.1% -- 338/519
2018-05-25 12:51:50,526:INFO: Experiment Progress: 65.3% -- 339/519
2018-05-25 12:51:51,020:INFO: Experiment Progress: 65.5% -- 340/519
2018-05-25 12:51:51,492:INFO: Experiment Progress: 65.7% -- 341/519
2018-05-25 12:51:51,965:INFO: Experiment Progress: 65.9% -- 342/519
2018-05-25 12:51:52,439:INFO: Experiment Progress: 66.1% -- 343/519
2018-05-25 12:51:52,918:INFO: Experiment Progress: 66.3% -- 344/519
2018-05-25 12:51:53,396:INFO: Experiment Progress: 66.5% -- 345/519
2018-05-25 12:51:53,857:INFO: Experiment Progress: 66.7% -- 346/519
2018-05-25 12:51:54,328:INFO: Experiment Progress: 66.9% -- 347/519
2018-05-25 12:51:54,798:INFO: Experiment Progress: 67.1% -- 348/519
2018-05-25 12:51:55,270:INFO: Experiment Progress: 67.2% -- 349/519
2018-05-25 12:51:55,754:INFO: Experiment Progress: 67.4% -- 350/519
2018-05-25 12:51:56,225:INFO: Experiment Progress: 67.6% -- 351/519
2018-05-25 12:51:56,695:INFO: Experiment Progress: 67.8% -- 352/519
2018-05-25 12:51:57,160:INFO: Experiment Progress: 68.0% -- 353/519
2018-05-25 12:51:57,633:INFO: Experiment Progress: 68.2% -- 354/519
2018-05-25 12:51:58,110:INFO: Experiment Progress: 68.4% -- 355/519
2018-05-25 12:51:58,589:INFO: Experiment Progress: 68.6% -- 356/519
2018-05-25 12:51:59,061:INFO: Experiment Progress: 68.8% -- 357/519
2018-05-25 12:51:59,527:INFO: Experiment Progress: 69.0% -- 358/519
2018-05-25 12:52:00,001:INFO: Experiment Progress: 69.2% -- 359/519
2018-05-25 12:52:00,465:INFO: Experiment Progress: 69.4% -- 360/519
2018-05-25 12:52:00,933:INFO: Experiment Progress: 69.6% -- 361/519
2018-05-25 12:52:01,418:INFO: Experiment Progress: 69.7% -- 362/519
2018-05-25 12:52:01,879:INFO: Experiment Progress: 69.9% -- 363/519
2018-05-25 12:52:02,350:INFO: Experiment Progress: 70.1% -- 364/519
2018-05-25 12:52:02,817:INFO: Experiment Progress: 70.3% -- 365/519
2018-05-25 12:52:03,230:INFO: Experiment Progress: 70.5% -- 366/519
2018-05-25 12:52:03,704:INFO: Experiment Progress: 70.7% -- 367/519
2018-05-25 12:52:04,167:INFO: Experiment Progress: 70.9% -- 368/519
2018-05-25 12:52:04,661:INFO: Experiment Progress: 71.1% -- 369/519
2018-05-25 12:52:05,137:INFO: Experiment Progress: 71.3% -- 370/519
2018-05-25 12:52:05,596:INFO: Experiment Progress: 71.5% -- 371/519
2018-05-25 12:52:06,022:INFO: Experiment Progress: 71.7% -- 372/519
2018-05-25 12:52:06,515:INFO: Experiment Progress: 71.9% -- 373/519
2018-05-25 12:52:07,000:INFO: Experiment Progress: 72.1% -- 374/519
2018-05-25 12:52:07,495:INFO: Experiment Progress: 72.3% -- 375/519
2018-05-25 12:52:07,965:INFO: Experiment Progress: 72.4% -- 376/519
2018-05-25 12:52:08,429:INFO: Experiment Progress: 72.6% -- 377/519
2018-05-25 12:52:08,904:INFO: Experiment Progress: 72.8% -- 378/519
2018-05-25 12:52:09,368:INFO: Experiment Progress: 73.0% -- 379/519
2018-05-25 12:52:09,831:INFO: Experiment Progress: 73.2% -- 380/519
2018-05-25 12:52:10,300:INFO: Experiment Progress: 73.4% -- 381/519
2018-05-25 12:52:10,773:INFO: Experiment Progress: 73.6% -- 382/519
2018-05-25 12:52:11,243:INFO: Experiment Progress: 73.8% -- 383/519
2018-05-25 12:52:11,701:INFO: Experiment Progress: 74.0% -- 384/519
2018-05-25 12:52:12,171:INFO: Experiment Progress: 74.2% -- 385/519
2018-05-25 12:52:12,634:INFO: Experiment Progress: 74.4% -- 386/519
2018-05-25 12:52:13,107:INFO: Experiment Progress: 74.6% -- 387/519
2018-05-25 12:52:13,571:INFO: Experiment Progress: 74.8% -- 388/519
2018-05-25 12:52:14,053:INFO: Experiment Progress: 75.0% -- 389/519
2018-05-25 12:52:14,520:INFO: Experiment Progress: 75.1% -- 390/519
2018-05-25 12:52:15,025:INFO: Experiment Progress: 75.3% -- 391/519
2018-05-25 12:52:15,496:INFO: Experiment Progress: 75.5% -- 392/519
2018-05-25 12:52:15,968:INFO: Experiment Progress: 75.7% -- 393/519
2018-05-25 12:52:16,428:INFO: Experiment Progress: 75.9% -- 394/519
2018-05-25 12:52:16,896:INFO: Experiment Progress: 76.1% -- 395/519
2018-05-25 12:52:17,372:INFO: Experiment Progress: 76.3% -- 396/519
2018-05-25 12:52:17,851:INFO: Experiment Progress: 76.5% -- 397/519
2018-05-25 12:52:18,327:INFO: Experiment Progress: 76.7% -- 398/519
2018-05-25 12:52:18,797:INFO: Experiment Progress: 76.9% -- 399/519
2018-05-25 12:52:19,263:INFO: Experiment Progress: 77.1% -- 400/519
2018-05-25 12:52:19,729:INFO: Experiment Progress: 77.3% -- 401/519
2018-05-25 12:52:20,199:INFO: Experiment Progress: 77.5% -- 402/519
2018-05-25 12:52:20,681:INFO: Experiment Progress: 77.6% -- 403/519
2018-05-25 12:52:21,108:INFO: Experiment Progress: 77.8% -- 404/519
2018-05-25 12:52:21,587:INFO: Experiment Progress: 78.0% -- 405/519
2018-05-25 12:52:22,073:INFO: Experiment Progress: 78.2% -- 406/519
2018-05-25 12:52:22,546:INFO: Experiment Progress: 78.4% -- 407/519
2018-05-25 12:52:23,016:INFO: Experiment Progress: 78.6% -- 408/519
2018-05-25 12:52:23,487:INFO: Experiment Progress: 78.8% -- 409/519
2018-05-25 12:52:23,953:INFO: Experiment Progress: 79.0% -- 410/519
2018-05-25 12:52:24,427:INFO: Experiment Progress: 79.2% -- 411/519
2018-05-25 12:52:24,898:INFO: Experiment Progress: 79.4% -- 412/519
2018-05-25 12:52:25,370:INFO: Experiment Progress: 79.6% -- 413/519
2018-05-25 12:52:25,848:INFO: Experiment Progress: 79.8% -- 414/519
2018-05-25 12:52:26,314:INFO: Experiment Progress: 80.0% -- 415/519
2018-05-25 12:52:26,777:INFO: Experiment Progress: 80.2% -- 416/519
2018-05-25 12:52:27,250:INFO: Experiment Progress: 80.3% -- 417/519
2018-05-25 12:52:27,717:INFO: Experiment Progress: 80.5% -- 418/519
2018-05-25 12:52:28,196:INFO: Experiment Progress: 80.7% -- 419/519
2018-05-25 12:52:28,657:INFO: Experiment Progress: 80.9% -- 420/519
2018-05-25 12:52:29,135:INFO: Experiment Progress: 81.1% -- 421/519
2018-05-25 12:52:29,599:INFO: Experiment Progress: 81.3% -- 422/519
2018-05-25 12:52:30,065:INFO: Experiment Progress: 81.5% -- 423/519
2018-05-25 12:52:30,539:INFO: Experiment Progress: 81.7% -- 424/519
2018-05-25 12:52:31,017:INFO: Experiment Progress: 81.9% -- 425/519
2018-05-25 12:52:31,499:INFO: Experiment Progress: 82.1% -- 426/519
2018-05-25 12:52:32,010:INFO: Experiment Progress: 82.3% -- 427/519
2018-05-25 12:52:32,490:INFO: Experiment Progress: 82.5% -- 428/519
2018-05-25 12:52:32,974:INFO: Experiment Progress: 82.7% -- 429/519
2018-05-25 12:52:33,447:INFO: Experiment Progress: 82.9% -- 430/519
2018-05-25 12:52:33,922:INFO: Experiment Progress: 83.0% -- 431/519
2018-05-25 12:52:34,398:INFO: Experiment Progress: 83.2% -- 432/519
2018-05-25 12:52:34,863:INFO: Experiment Progress: 83.4% -- 433/519
2018-05-25 12:52:35,348:INFO: Experiment Progress: 83.6% -- 434/519
2018-05-25 12:52:35,835:INFO: Experiment Progress: 83.8% -- 435/519
2018-05-25 12:52:36,307:INFO: Experiment Progress: 84.0% -- 436/519
2018-05-25 12:52:36,773:INFO: Experiment Progress: 84.2% -- 437/519
2018-05-25 12:52:37,245:INFO: Experiment Progress: 84.4% -- 438/519
2018-05-25 12:52:37,715:INFO: Experiment Progress: 84.6% -- 439/519
2018-05-25 12:52:38,202:INFO: Experiment Progress: 84.8% -- 440/519
2018-05-25 12:52:38,662:INFO: Experiment Progress: 85.0% -- 441/519
2018-05-25 12:52:39,129:INFO: Experiment Progress: 85.2% -- 442/519
2018-05-25 12:52:39,597:INFO: Experiment Progress: 85.4% -- 443/519
2018-05-25 12:52:40,063:INFO: Experiment Progress: 85.5% -- 444/519
2018-05-25 12:52:40,526:INFO: Experiment Progress: 85.7% -- 445/519
2018-05-25 12:52:40,995:INFO: Experiment Progress: 85.9% -- 446/519
2018-05-25 12:52:41,472:INFO: Experiment Progress: 86.1% -- 447/519
2018-05-25 12:52:41,953:INFO: Experiment Progress: 86.3% -- 448/519
2018-05-25 12:52:42,431:INFO: Experiment Progress: 86.5% -- 449/519
2018-05-25 12:52:42,898:INFO: Experiment Progress: 86.7% -- 450/519
2018-05-25 12:52:43,359:INFO: Experiment Progress: 86.9% -- 451/519
2018-05-25 12:52:43,827:INFO: Experiment Progress: 87.1% -- 452/519
2018-05-25 12:52:44,287:INFO: Experiment Progress: 87.3% -- 453/519
2018-05-25 12:52:44,750:INFO: Experiment Progress: 87.5% -- 454/519
2018-05-25 12:52:45,223:INFO: Experiment Progress: 87.7% -- 455/519
2018-05-25 12:52:45,697:INFO: Experiment Progress: 87.9% -- 456/519
2018-05-25 12:52:46,166:INFO: Experiment Progress: 88.1% -- 457/519
2018-05-25 12:52:46,628:INFO: Experiment Progress: 88.2% -- 458/519
2018-05-25 12:52:47,100:INFO: Experiment Progress: 88.4% -- 459/519
2018-05-25 12:52:47,580:INFO: Experiment Progress: 88.6% -- 460/519
2018-05-25 12:52:48,045:INFO: Experiment Progress: 88.8% -- 461/519
2018-05-25 12:52:48,584:INFO: Experiment Progress: 89.0% -- 462/519
2018-05-25 12:52:49,058:INFO: Experiment Progress: 89.2% -- 463/519
2018-05-25 12:52:49,529:INFO: Experiment Progress: 89.4% -- 464/519
2018-05-25 12:52:50,009:INFO: Experiment Progress: 89.6% -- 465/519
2018-05-25 12:52:50,474:INFO: Experiment Progress: 89.8% -- 466/519
2018-05-25 12:52:50,965:INFO: Experiment Progress: 90.0% -- 467/519
2018-05-25 12:52:51,504:INFO: Experiment Progress: 90.2% -- 468/519
2018-05-25 12:52:52,078:INFO: Experiment Progress: 90.4% -- 469/519
2018-05-25 12:52:52,544:INFO: Experiment Progress: 90.6% -- 470/519
2018-05-25 12:52:53,015:INFO: Experiment Progress: 90.8% -- 471/519
2018-05-25 12:52:53,481:INFO: Experiment Progress: 90.9% -- 472/519
2018-05-25 12:52:54,066:INFO: Experiment Progress: 91.1% -- 473/519
2018-05-25 12:52:54,533:INFO: Experiment Progress: 91.3% -- 474/519
2018-05-25 12:52:54,984:INFO: Experiment Progress: 91.5% -- 475/519
2018-05-25 12:52:55,447:INFO: Experiment Progress: 91.7% -- 476/519
2018-05-25 12:52:55,902:INFO: Experiment Progress: 91.9% -- 477/519
2018-05-25 12:52:56,355:INFO: Experiment Progress: 92.1% -- 478/519
2018-05-25 12:52:56,811:INFO: Experiment Progress: 92.3% -- 479/519
2018-05-25 12:52:57,346:INFO: Experiment Progress: 92.5% -- 480/519
2018-05-25 12:52:57,807:INFO: Experiment Progress: 92.7% -- 481/519
2018-05-25 12:52:58,273:INFO: Experiment Progress: 92.9% -- 482/519
2018-05-25 12:52:58,729:INFO: Experiment Progress: 93.1% -- 483/519
2018-05-25 12:52:59,187:INFO: Experiment Progress: 93.3% -- 484/519
2018-05-25 12:52:59,669:INFO: Experiment Progress: 93.4% -- 485/519
2018-05-25 12:53:00,122:INFO: Experiment Progress: 93.6% -- 486/519
2018-05-25 12:53:00,583:INFO: Experiment Progress: 93.8% -- 487/519
2018-05-25 12:53:01,052:INFO: Experiment Progress: 94.0% -- 488/519
2018-05-25 12:53:01,511:INFO: Experiment Progress: 94.2% -- 489/519
2018-05-25 12:53:01,979:INFO: Experiment Progress: 94.4% -- 490/519
2018-05-25 12:53:02,445:INFO: Experiment Progress: 94.6% -- 491/519
2018-05-25 12:53:02,909:INFO: Experiment Progress: 94.8% -- 492/519
2018-05-25 12:53:03,360:INFO: Experiment Progress: 95.0% -- 493/519
2018-05-25 12:53:03,820:INFO: Experiment Progress: 95.2% -- 494/519
2018-05-25 12:53:04,284:INFO: Experiment Progress: 95.4% -- 495/519
2018-05-25 12:53:04,770:INFO: Experiment Progress: 95.6% -- 496/519
2018-05-25 12:53:05,232:INFO: Experiment Progress: 95.8% -- 497/519
2018-05-25 12:53:05,695:INFO: Experiment Progress: 96.0% -- 498/519
2018-05-25 12:53:06,154:INFO: Experiment Progress: 96.1% -- 499/519
2018-05-25 12:53:06,641:INFO: Experiment Progress: 96.3% -- 500/519
2018-05-25 12:53:07,110:INFO: Experiment Progress: 96.5% -- 501/519
2018-05-25 12:53:07,595:INFO: Experiment Progress: 96.7% -- 502/519
2018-05-25 12:53:08,057:INFO: Experiment Progress: 96.9% -- 503/519
2018-05-25 12:53:08,516:INFO: Experiment Progress: 97.1% -- 504/519
2018-05-25 12:53:08,972:INFO: Experiment Progress: 97.3% -- 505/519
2018-05-25 12:53:09,429:INFO: Experiment Progress: 97.5% -- 506/519
2018-05-25 12:53:09,903:INFO: Experiment Progress: 97.7% -- 507/519
2018-05-25 12:53:10,354:INFO: Experiment Progress: 97.9% -- 508/519
2018-05-25 12:53:10,833:INFO: Experiment Progress: 98.1% -- 509/519
2018-05-25 12:53:11,299:INFO: Experiment Progress: 98.3% -- 510/519
2018-05-25 12:53:11,765:INFO: Experiment Progress: 98.5% -- 511/519
2018-05-25 12:53:12,256:INFO: Experiment Progress: 98.7% -- 512/519
2018-05-25 12:53:12,726:INFO: Experiment Progress: 98.8% -- 513/519
2018-05-25 12:53:13,182:INFO: Experiment Progress: 99.0% -- 514/519
2018-05-25 12:53:13,646:INFO: Experiment Progress: 99.2% -- 515/519
2018-05-25 12:53:14,100:INFO: Experiment Progress: 99.4% -- 516/519
2018-05-25 12:53:14,548:INFO: Experiment Progress: 99.6% -- 517/519
2018-05-25 12:53:15,017:INFO: Experiment Progress: 99.8% -- 518/519
