2018-10-30 11:34:40,892:INFO: Disease Protein Prediction in the PPI Network
2018-10-30 11:34:40,892:INFO: Sabri Eyuboglu  -- SNAP Group
2018-10-30 11:34:40,892:INFO: ======================================
2018-10-30 11:34:40,893:INFO: Loading PPI Network...
2018-10-30 11:34:50,019:INFO: Loading Disease Associations...
2018-10-30 11:35:13,916:INFO: Disease Protein Prediction in the PPI Network
2018-10-30 11:35:13,916:INFO: Sabri Eyuboglu  -- SNAP Group
2018-10-30 11:35:13,916:INFO: ======================================
2018-10-30 11:35:13,916:INFO: Loading PPI Network...
2018-10-30 11:35:21,848:INFO: Loading Disease Associations...
2018-10-30 11:35:26,404:INFO: Running Experiment...
2018-10-30 11:35:58,596:INFO: Disease Protein Prediction in the PPI Network
2018-10-30 11:35:58,596:INFO: Sabri Eyuboglu  -- SNAP Group
2018-10-30 11:35:58,596:INFO: ======================================
2018-10-30 11:35:58,597:INFO: Loading PPI Network...
2018-10-30 11:36:06,642:INFO: Loading Disease Associations...
2018-10-30 11:36:09,356:INFO: Running Experiment...
2018-10-30 11:36:48,643:INFO: Disease Protein Prediction in the PPI Network
2018-10-30 11:36:48,643:INFO: Sabri Eyuboglu  -- SNAP Group
2018-10-30 11:36:48,643:INFO: ======================================
2018-10-30 11:36:48,643:INFO: Loading PPI Network...
2018-10-30 11:36:56,132:INFO: Loading Disease Associations...
2018-10-30 11:36:59,154:INFO: Running Experiment...
2018-10-30 11:37:20,697:INFO: Disease Protein Prediction in the PPI Network
2018-10-30 11:37:20,698:INFO: Sabri Eyuboglu  -- SNAP Group
2018-10-30 11:37:20,698:INFO: ======================================
2018-10-30 11:37:20,698:INFO: Loading PPI Network...
2018-10-30 11:37:28,282:INFO: Loading Disease Associations...
2018-10-30 11:37:31,398:INFO: Running Experiment...
