2018-05-09 09:58:18,387:INFO: Disease Protein Prediction in the PPI Network
2018-05-09 09:58:18,388:INFO: Sabri Eyuboglu  -- SNAP Group
2018-05-09 09:58:18,388:INFO: ======================================
2018-05-09 09:58:18,388:INFO: Loading PPI Network...
2018-05-09 09:58:31,906:INFO: Loading Disease Associations...
2018-05-09 09:58:31,994:INFO: Running Experiment...
2018-05-09 10:04:24,199:INFO: Experiment Progress: 0.2% -- 1/519
2018-05-09 10:04:30,437:INFO: Experiment Progress: 0.4% -- 2/519
2018-05-09 10:04:34,852:INFO: Experiment Progress: 0.6% -- 3/519
2018-05-09 10:04:48,997:INFO: Experiment Progress: 0.8% -- 4/519
2018-05-09 10:05:03,524:INFO: Experiment Progress: 1.0% -- 5/519
2018-05-09 10:05:03,525:INFO: Experiment Progress: 1.2% -- 6/519
2018-05-09 10:05:03,525:INFO: Experiment Progress: 1.3% -- 7/519
2018-05-09 10:05:03,525:INFO: Experiment Progress: 1.5% -- 8/519
2018-05-09 10:06:30,927:INFO: Experiment Progress: 1.7% -- 9/519
2018-05-09 10:06:30,928:INFO: Experiment Progress: 1.9% -- 10/519
2018-05-09 10:06:30,928:INFO: Experiment Progress: 2.1% -- 11/519
2018-05-09 10:06:30,928:INFO: Experiment Progress: 2.3% -- 12/519
2018-05-09 10:06:30,928:INFO: Experiment Progress: 2.5% -- 13/519
2018-05-09 10:06:30,928:INFO: Experiment Progress: 2.7% -- 14/519
2018-05-09 10:06:30,928:INFO: Experiment Progress: 2.9% -- 15/519
2018-05-09 10:06:30,928:INFO: Experiment Progress: 3.1% -- 16/519
2018-05-09 10:06:30,929:INFO: Experiment Progress: 3.3% -- 17/519
2018-05-09 10:06:30,929:INFO: Experiment Progress: 3.5% -- 18/519
2018-05-09 10:06:30,929:INFO: Experiment Progress: 3.7% -- 19/519
2018-05-09 10:06:30,929:INFO: Experiment Progress: 3.9% -- 20/519
2018-05-09 10:06:30,929:INFO: Experiment Progress: 4.0% -- 21/519
2018-05-09 10:06:30,929:INFO: Experiment Progress: 4.2% -- 22/519
2018-05-09 10:06:30,929:INFO: Experiment Progress: 4.4% -- 23/519
2018-05-09 10:06:30,929:INFO: Experiment Progress: 4.6% -- 24/519
2018-05-09 10:06:30,930:INFO: Experiment Progress: 4.8% -- 25/519
2018-05-09 10:06:30,930:INFO: Experiment Progress: 5.0% -- 26/519
2018-05-09 10:06:30,930:INFO: Experiment Progress: 5.2% -- 27/519
2018-05-09 10:06:30,930:INFO: Experiment Progress: 5.4% -- 28/519
2018-05-09 10:06:30,930:INFO: Experiment Progress: 5.6% -- 29/519
2018-05-09 10:06:30,930:INFO: Experiment Progress: 5.8% -- 30/519
2018-05-09 10:08:41,110:INFO: Experiment Progress: 6.0% -- 31/519
2018-05-09 10:09:27,677:INFO: Experiment Progress: 6.2% -- 32/519
2018-05-09 10:10:28,502:INFO: Experiment Progress: 6.4% -- 33/519
2018-05-09 10:10:28,506:INFO: Experiment Progress: 6.6% -- 34/519
2018-05-09 10:10:28,506:INFO: Experiment Progress: 6.7% -- 35/519
2018-05-09 10:10:28,506:INFO: Experiment Progress: 6.9% -- 36/519
2018-05-09 10:10:28,507:INFO: Experiment Progress: 7.1% -- 37/519
2018-05-09 10:10:28,507:INFO: Experiment Progress: 7.3% -- 38/519
2018-05-09 10:10:28,507:INFO: Experiment Progress: 7.5% -- 39/519
2018-05-09 10:10:28,507:INFO: Experiment Progress: 7.7% -- 40/519
2018-05-09 10:11:14,079:INFO: Experiment Progress: 7.9% -- 41/519
2018-05-09 10:11:14,090:INFO: Experiment Progress: 8.1% -- 42/519
2018-05-09 10:11:14,090:INFO: Experiment Progress: 8.3% -- 43/519
2018-05-09 10:11:34,737:INFO: Experiment Progress: 8.5% -- 44/519
2018-05-09 10:11:34,742:INFO: Experiment Progress: 8.7% -- 45/519
2018-05-09 10:11:34,742:INFO: Experiment Progress: 8.9% -- 46/519
2018-05-09 10:11:34,742:INFO: Experiment Progress: 9.1% -- 47/519
2018-05-09 10:11:34,742:INFO: Experiment Progress: 9.2% -- 48/519
2018-05-09 10:11:34,742:INFO: Experiment Progress: 9.4% -- 49/519
2018-05-09 10:11:34,742:INFO: Experiment Progress: 9.6% -- 50/519
2018-05-09 10:11:34,742:INFO: Experiment Progress: 9.8% -- 51/519
2018-05-09 10:11:46,135:INFO: Experiment Progress: 10.0% -- 52/519
2018-05-09 10:12:12,158:INFO: Experiment Progress: 10.2% -- 53/519
2018-05-09 10:12:12,158:INFO: Experiment Progress: 10.4% -- 54/519
2018-05-09 10:12:12,158:INFO: Experiment Progress: 10.6% -- 55/519
2018-05-09 10:12:12,158:INFO: Experiment Progress: 10.8% -- 56/519
2018-05-09 10:12:12,159:INFO: Experiment Progress: 11.0% -- 57/519
2018-05-09 10:12:12,159:INFO: Experiment Progress: 11.2% -- 58/519
2018-05-09 10:13:42,425:INFO: Experiment Progress: 11.4% -- 59/519
2018-05-09 10:13:42,425:INFO: Experiment Progress: 11.6% -- 60/519
2018-05-09 10:13:42,426:INFO: Experiment Progress: 11.8% -- 61/519
2018-05-09 10:14:26,006:INFO: Experiment Progress: 11.9% -- 62/519
2018-05-09 10:14:26,012:INFO: Experiment Progress: 12.1% -- 63/519
2018-05-09 10:15:09,000:INFO: Experiment Progress: 12.3% -- 64/519
2018-05-09 10:15:09,006:INFO: Experiment Progress: 12.5% -- 65/519
2018-05-09 10:15:09,006:INFO: Experiment Progress: 12.7% -- 66/519
2018-05-09 10:15:09,006:INFO: Experiment Progress: 12.9% -- 67/519
2018-05-09 10:15:57,662:INFO: Experiment Progress: 13.1% -- 68/519
2018-05-09 10:16:28,147:INFO: Experiment Progress: 13.3% -- 69/519
2018-05-09 10:16:46,189:INFO: Experiment Progress: 13.5% -- 70/519
2018-05-09 10:16:46,203:INFO: Experiment Progress: 13.7% -- 71/519
2018-05-09 10:16:46,203:INFO: Experiment Progress: 13.9% -- 72/519
2018-05-09 10:16:46,203:INFO: Experiment Progress: 14.1% -- 73/519
2018-05-09 10:17:30,573:INFO: Experiment Progress: 14.3% -- 74/519
2018-05-09 10:17:30,584:INFO: Experiment Progress: 14.5% -- 75/519
2018-05-09 10:17:30,584:INFO: Experiment Progress: 14.6% -- 76/519
2018-05-09 10:17:30,584:INFO: Experiment Progress: 14.8% -- 77/519
2018-05-09 10:19:01,152:INFO: Experiment Progress: 15.0% -- 78/519
2018-05-09 10:19:01,154:INFO: Experiment Progress: 15.2% -- 79/519
2018-05-09 10:19:01,154:INFO: Experiment Progress: 15.4% -- 80/519
2018-05-09 10:19:01,154:INFO: Experiment Progress: 15.6% -- 81/519
2018-05-09 10:19:01,154:INFO: Experiment Progress: 15.8% -- 82/519
2018-05-09 10:19:01,154:INFO: Experiment Progress: 16.0% -- 83/519
2018-05-09 10:19:01,154:INFO: Experiment Progress: 16.2% -- 84/519
2018-05-09 10:19:01,154:INFO: Experiment Progress: 16.4% -- 85/519
2018-05-09 10:19:01,154:INFO: Experiment Progress: 16.6% -- 86/519
2018-05-09 10:19:01,155:INFO: Experiment Progress: 16.8% -- 87/519
2018-05-09 10:19:01,155:INFO: Experiment Progress: 17.0% -- 88/519
2018-05-09 10:19:01,155:INFO: Experiment Progress: 17.1% -- 89/519
2018-05-09 10:19:01,155:INFO: Experiment Progress: 17.3% -- 90/519
2018-05-09 10:19:01,155:INFO: Experiment Progress: 17.5% -- 91/519
2018-05-09 10:22:39,683:INFO: Experiment Progress: 17.7% -- 92/519
2018-05-09 10:22:39,685:INFO: Experiment Progress: 17.9% -- 93/519
2018-05-09 10:22:39,685:INFO: Experiment Progress: 18.1% -- 94/519
2018-05-09 10:22:39,686:INFO: Experiment Progress: 18.3% -- 95/519
2018-05-09 10:22:39,686:INFO: Experiment Progress: 18.5% -- 96/519
2018-05-09 10:22:56,464:INFO: Experiment Progress: 18.7% -- 97/519
2018-05-09 10:22:56,465:INFO: Experiment Progress: 18.9% -- 98/519
2018-05-09 10:22:56,465:INFO: Experiment Progress: 19.1% -- 99/519
2018-05-09 10:22:56,465:INFO: Experiment Progress: 19.3% -- 100/519
2018-05-09 10:22:56,465:INFO: Experiment Progress: 19.5% -- 101/519
2018-05-09 10:22:56,465:INFO: Experiment Progress: 19.7% -- 102/519
2018-05-09 10:22:56,465:INFO: Experiment Progress: 19.8% -- 103/519
2018-05-09 10:24:17,861:INFO: Experiment Progress: 20.0% -- 104/519
2018-05-09 10:24:17,866:INFO: Experiment Progress: 20.2% -- 105/519
2018-05-09 10:24:17,866:INFO: Experiment Progress: 20.4% -- 106/519
2018-05-09 10:24:17,866:INFO: Experiment Progress: 20.6% -- 107/519
2018-05-09 10:24:17,867:INFO: Experiment Progress: 20.8% -- 108/519
2018-05-09 10:24:17,867:INFO: Experiment Progress: 21.0% -- 109/519
2018-05-09 10:24:17,867:INFO: Experiment Progress: 21.2% -- 110/519
2018-05-09 10:24:17,867:INFO: Experiment Progress: 21.4% -- 111/519
2018-05-09 10:25:20,330:INFO: Experiment Progress: 21.6% -- 112/519
2018-05-09 10:25:20,331:INFO: Experiment Progress: 21.8% -- 113/519
2018-05-09 10:25:20,331:INFO: Experiment Progress: 22.0% -- 114/519
2018-05-09 10:25:20,331:INFO: Experiment Progress: 22.2% -- 115/519
2018-05-09 10:25:31,165:INFO: Experiment Progress: 22.4% -- 116/519
2018-05-09 10:25:31,168:INFO: Experiment Progress: 22.5% -- 117/519
2018-05-09 10:25:31,168:INFO: Experiment Progress: 22.7% -- 118/519
2018-05-09 10:25:31,168:INFO: Experiment Progress: 22.9% -- 119/519
2018-05-09 10:25:31,168:INFO: Experiment Progress: 23.1% -- 120/519
2018-05-09 10:30:52,029:INFO: Experiment Progress: 23.3% -- 121/519
2018-05-09 10:30:52,033:INFO: Experiment Progress: 23.5% -- 122/519
2018-05-09 10:30:52,034:INFO: Experiment Progress: 23.7% -- 123/519
2018-05-09 10:30:52,034:INFO: Experiment Progress: 23.9% -- 124/519
2018-05-09 10:30:52,034:INFO: Experiment Progress: 24.1% -- 125/519
2018-05-09 10:30:52,034:INFO: Experiment Progress: 24.3% -- 126/519
2018-05-09 10:30:52,034:INFO: Experiment Progress: 24.5% -- 127/519
2018-05-09 10:30:52,034:INFO: Experiment Progress: 24.7% -- 128/519
2018-05-09 10:30:52,034:INFO: Experiment Progress: 24.9% -- 129/519
2018-05-09 10:30:52,034:INFO: Experiment Progress: 25.0% -- 130/519
2018-05-09 10:30:52,035:INFO: Experiment Progress: 25.2% -- 131/519
2018-05-09 10:30:52,035:INFO: Experiment Progress: 25.4% -- 132/519
2018-05-09 10:30:52,812:INFO: Experiment Progress: 25.6% -- 133/519
2018-05-09 10:31:44,069:INFO: Experiment Progress: 25.8% -- 134/519
2018-05-09 10:31:44,078:INFO: Experiment Progress: 26.0% -- 135/519
2018-05-09 10:31:44,078:INFO: Experiment Progress: 26.2% -- 136/519
2018-05-09 10:31:44,079:INFO: Experiment Progress: 26.4% -- 137/519
2018-05-09 10:31:44,079:INFO: Experiment Progress: 26.6% -- 138/519
2018-05-09 10:31:44,079:INFO: Experiment Progress: 26.8% -- 139/519
2018-05-09 10:31:44,079:INFO: Experiment Progress: 27.0% -- 140/519
2018-05-09 10:31:44,079:INFO: Experiment Progress: 27.2% -- 141/519
2018-05-09 10:31:44,079:INFO: Experiment Progress: 27.4% -- 142/519
2018-05-09 10:32:48,495:INFO: Experiment Progress: 27.6% -- 143/519
2018-05-09 10:32:48,505:INFO: Experiment Progress: 27.7% -- 144/519
2018-05-09 10:32:48,505:INFO: Experiment Progress: 27.9% -- 145/519
2018-05-09 10:32:48,505:INFO: Experiment Progress: 28.1% -- 146/519
2018-05-09 10:32:48,505:INFO: Experiment Progress: 28.3% -- 147/519
2018-05-09 10:32:48,506:INFO: Experiment Progress: 28.5% -- 148/519
2018-05-09 10:32:48,506:INFO: Experiment Progress: 28.7% -- 149/519
2018-05-09 10:33:11,582:INFO: Experiment Progress: 28.9% -- 150/519
2018-05-09 10:33:11,582:INFO: Experiment Progress: 29.1% -- 151/519
2018-05-09 10:33:11,582:INFO: Experiment Progress: 29.3% -- 152/519
2018-05-09 10:33:11,583:INFO: Experiment Progress: 29.5% -- 153/519
2018-05-09 10:33:11,583:INFO: Experiment Progress: 29.7% -- 154/519
2018-05-09 10:33:26,468:INFO: Experiment Progress: 29.9% -- 155/519
2018-05-09 10:35:14,927:INFO: Experiment Progress: 30.1% -- 156/519
2018-05-09 10:35:14,928:INFO: Experiment Progress: 30.3% -- 157/519
2018-05-09 10:35:14,928:INFO: Experiment Progress: 30.4% -- 158/519
2018-05-09 10:37:20,779:INFO: Experiment Progress: 30.6% -- 159/519
2018-05-09 10:37:20,780:INFO: Experiment Progress: 30.8% -- 160/519
2018-05-09 10:37:20,780:INFO: Experiment Progress: 31.0% -- 161/519
2018-05-09 10:37:20,780:INFO: Experiment Progress: 31.2% -- 162/519
2018-05-09 10:37:20,780:INFO: Experiment Progress: 31.4% -- 163/519
2018-05-09 10:37:20,780:INFO: Experiment Progress: 31.6% -- 164/519
2018-05-09 10:38:46,004:INFO: Experiment Progress: 31.8% -- 165/519
2018-05-09 10:38:46,005:INFO: Experiment Progress: 32.0% -- 166/519
2018-05-09 10:38:46,005:INFO: Experiment Progress: 32.2% -- 167/519
2018-05-09 10:38:46,005:INFO: Experiment Progress: 32.4% -- 168/519
2018-05-09 10:38:46,005:INFO: Experiment Progress: 32.6% -- 169/519
2018-05-09 10:38:46,005:INFO: Experiment Progress: 32.8% -- 170/519
2018-05-09 10:38:46,005:INFO: Experiment Progress: 32.9% -- 171/519
2018-05-09 10:38:46,005:INFO: Experiment Progress: 33.1% -- 172/519
2018-05-09 10:38:46,005:INFO: Experiment Progress: 33.3% -- 173/519
2018-05-09 10:38:46,006:INFO: Experiment Progress: 33.5% -- 174/519
2018-05-09 10:38:46,006:INFO: Experiment Progress: 33.7% -- 175/519
2018-05-09 10:38:46,006:INFO: Experiment Progress: 33.9% -- 176/519
2018-05-09 10:40:14,619:INFO: Experiment Progress: 34.1% -- 177/519
2018-05-09 10:40:14,620:INFO: Experiment Progress: 34.3% -- 178/519
2018-05-09 10:40:14,620:INFO: Experiment Progress: 34.5% -- 179/519
2018-05-09 10:40:14,620:INFO: Experiment Progress: 34.7% -- 180/519
2018-05-09 10:40:14,620:INFO: Experiment Progress: 34.9% -- 181/519
2018-05-09 10:40:14,620:INFO: Experiment Progress: 35.1% -- 182/519
2018-05-09 10:40:14,621:INFO: Experiment Progress: 35.3% -- 183/519
2018-05-09 10:40:14,621:INFO: Experiment Progress: 35.5% -- 184/519
2018-05-09 10:40:14,621:INFO: Experiment Progress: 35.6% -- 185/519
2018-05-09 10:41:20,277:INFO: Experiment Progress: 35.8% -- 186/519
2018-05-09 10:41:59,139:INFO: Experiment Progress: 36.0% -- 187/519
2018-05-09 10:44:26,849:INFO: Experiment Progress: 36.2% -- 188/519
2018-05-09 10:44:26,849:INFO: Experiment Progress: 36.4% -- 189/519
2018-05-09 10:44:26,850:INFO: Experiment Progress: 36.6% -- 190/519
2018-05-09 10:44:26,850:INFO: Experiment Progress: 36.8% -- 191/519
2018-05-09 10:44:26,850:INFO: Experiment Progress: 37.0% -- 192/519
2018-05-09 10:44:26,850:INFO: Experiment Progress: 37.2% -- 193/519
2018-05-09 10:44:26,850:INFO: Experiment Progress: 37.4% -- 194/519
2018-05-09 10:44:26,850:INFO: Experiment Progress: 37.6% -- 195/519
2018-05-09 10:44:28,328:INFO: Experiment Progress: 37.8% -- 196/519
2018-05-09 10:44:28,328:INFO: Experiment Progress: 38.0% -- 197/519
2018-05-09 10:44:28,328:INFO: Experiment Progress: 38.2% -- 198/519
2018-05-09 10:44:28,329:INFO: Experiment Progress: 38.3% -- 199/519
2018-05-09 10:44:28,329:INFO: Experiment Progress: 38.5% -- 200/519
2018-05-09 10:44:41,248:INFO: Experiment Progress: 38.7% -- 201/519
2018-05-09 10:44:41,249:INFO: Experiment Progress: 38.9% -- 202/519
2018-05-09 10:44:41,249:INFO: Experiment Progress: 39.1% -- 203/519
2018-05-09 10:44:41,250:INFO: Experiment Progress: 39.3% -- 204/519
2018-05-09 10:44:41,250:INFO: Experiment Progress: 39.5% -- 205/519
2018-05-09 10:44:41,250:INFO: Experiment Progress: 39.7% -- 206/519
2018-05-09 10:45:38,206:INFO: Experiment Progress: 39.9% -- 207/519
2018-05-09 10:45:38,207:INFO: Experiment Progress: 40.1% -- 208/519
2018-05-09 10:45:38,207:INFO: Experiment Progress: 40.3% -- 209/519
2018-05-09 10:45:38,207:INFO: Experiment Progress: 40.5% -- 210/519
2018-05-09 10:45:38,207:INFO: Experiment Progress: 40.7% -- 211/519
2018-05-09 10:45:38,207:INFO: Experiment Progress: 40.8% -- 212/519
2018-05-09 10:45:47,305:INFO: Experiment Progress: 41.0% -- 213/519
2018-05-09 10:46:08,490:INFO: Experiment Progress: 41.2% -- 214/519
2018-05-09 10:47:32,354:INFO: Experiment Progress: 41.4% -- 215/519
2018-05-09 10:47:51,874:INFO: Experiment Progress: 41.6% -- 216/519
2018-05-09 10:47:51,875:INFO: Experiment Progress: 41.8% -- 217/519
2018-05-09 10:47:51,875:INFO: Experiment Progress: 42.0% -- 218/519
2018-05-09 10:47:51,875:INFO: Experiment Progress: 42.2% -- 219/519
2018-05-09 10:47:51,875:INFO: Experiment Progress: 42.4% -- 220/519
2018-05-09 10:49:00,577:INFO: Experiment Progress: 42.6% -- 221/519
2018-05-09 10:49:00,578:INFO: Experiment Progress: 42.8% -- 222/519
2018-05-09 10:49:00,578:INFO: Experiment Progress: 43.0% -- 223/519
2018-05-09 10:49:40,548:INFO: Experiment Progress: 43.2% -- 224/519
2018-05-09 10:50:05,752:INFO: Experiment Progress: 43.4% -- 225/519
2018-05-09 10:50:05,753:INFO: Experiment Progress: 43.5% -- 226/519
2018-05-09 10:50:05,753:INFO: Experiment Progress: 43.7% -- 227/519
2018-05-09 10:50:05,753:INFO: Experiment Progress: 43.9% -- 228/519
2018-05-09 10:50:45,857:INFO: Experiment Progress: 44.1% -- 229/519
2018-05-09 10:50:45,858:INFO: Experiment Progress: 44.3% -- 230/519
2018-05-09 10:50:45,858:INFO: Experiment Progress: 44.5% -- 231/519
2018-05-09 10:51:02,107:INFO: Experiment Progress: 44.7% -- 232/519
2018-05-09 10:51:06,416:INFO: Experiment Progress: 44.9% -- 233/519
2018-05-09 10:52:06,466:INFO: Experiment Progress: 45.1% -- 234/519
2018-05-09 10:52:06,467:INFO: Experiment Progress: 45.3% -- 235/519
2018-05-09 10:52:06,467:INFO: Experiment Progress: 45.5% -- 236/519
2018-05-09 10:52:06,467:INFO: Experiment Progress: 45.7% -- 237/519
2018-05-09 10:52:06,467:INFO: Experiment Progress: 45.9% -- 238/519
2018-05-09 10:52:06,467:INFO: Experiment Progress: 46.1% -- 239/519
2018-05-09 10:52:06,467:INFO: Experiment Progress: 46.2% -- 240/519
2018-05-09 10:52:06,467:INFO: Experiment Progress: 46.4% -- 241/519
2018-05-09 10:53:23,794:INFO: Experiment Progress: 46.6% -- 242/519
2018-05-09 10:53:58,429:INFO: Experiment Progress: 46.8% -- 243/519
2018-05-09 10:53:58,429:INFO: Experiment Progress: 47.0% -- 244/519
2018-05-09 10:53:58,430:INFO: Experiment Progress: 47.2% -- 245/519
2018-05-09 10:54:04,256:INFO: Experiment Progress: 47.4% -- 246/519
2018-05-09 10:54:04,256:INFO: Experiment Progress: 47.6% -- 247/519
2018-05-09 10:54:57,262:INFO: Experiment Progress: 47.8% -- 248/519
2018-05-09 10:54:57,262:INFO: Experiment Progress: 48.0% -- 249/519
2018-05-09 10:55:02,329:INFO: Experiment Progress: 48.2% -- 250/519
2018-05-09 10:55:02,330:INFO: Experiment Progress: 48.4% -- 251/519
2018-05-09 10:55:28,420:INFO: Experiment Progress: 48.6% -- 252/519
2018-05-09 10:55:52,333:INFO: Experiment Progress: 48.7% -- 253/519
2018-05-09 10:55:52,334:INFO: Experiment Progress: 48.9% -- 254/519
2018-05-09 10:55:52,334:INFO: Experiment Progress: 49.1% -- 255/519
2018-05-09 10:55:52,334:INFO: Experiment Progress: 49.3% -- 256/519
2018-05-09 10:56:08,658:INFO: Experiment Progress: 49.5% -- 257/519
2018-05-09 10:56:30,448:INFO: Experiment Progress: 49.7% -- 258/519
2018-05-09 10:56:30,449:INFO: Experiment Progress: 49.9% -- 259/519
2018-05-09 10:56:30,449:INFO: Experiment Progress: 50.1% -- 260/519
2018-05-09 10:57:06,330:INFO: Experiment Progress: 50.3% -- 261/519
2018-05-09 10:57:06,331:INFO: Experiment Progress: 50.5% -- 262/519
2018-05-09 10:57:24,070:INFO: Experiment Progress: 50.7% -- 263/519
2018-05-09 10:57:24,071:INFO: Experiment Progress: 50.9% -- 264/519
2018-05-09 10:57:24,071:INFO: Experiment Progress: 51.1% -- 265/519
2018-05-09 10:57:24,071:INFO: Experiment Progress: 51.3% -- 266/519
2018-05-09 10:57:24,072:INFO: Experiment Progress: 51.4% -- 267/519
2018-05-09 10:58:56,079:INFO: Experiment Progress: 51.6% -- 268/519
2018-05-09 10:58:56,080:INFO: Experiment Progress: 51.8% -- 269/519
2018-05-09 10:58:56,080:INFO: Experiment Progress: 52.0% -- 270/519
2018-05-09 10:58:56,080:INFO: Experiment Progress: 52.2% -- 271/519
2018-05-09 10:59:13,529:INFO: Experiment Progress: 52.4% -- 272/519
2018-05-09 10:59:13,530:INFO: Experiment Progress: 52.6% -- 273/519
2018-05-09 11:00:10,767:INFO: Experiment Progress: 52.8% -- 274/519
2018-05-09 11:00:16,674:INFO: Experiment Progress: 53.0% -- 275/519
2018-05-09 11:00:16,674:INFO: Experiment Progress: 53.2% -- 276/519
2018-05-09 11:00:16,674:INFO: Experiment Progress: 53.4% -- 277/519
2018-05-09 11:00:24,768:INFO: Experiment Progress: 53.6% -- 278/519
2018-05-09 11:01:54,820:INFO: Experiment Progress: 53.8% -- 279/519
2018-05-09 11:01:54,820:INFO: Experiment Progress: 53.9% -- 280/519
2018-05-09 11:01:54,821:INFO: Experiment Progress: 54.1% -- 281/519
2018-05-09 11:04:13,529:INFO: Experiment Progress: 54.3% -- 282/519
2018-05-09 11:04:13,530:INFO: Experiment Progress: 54.5% -- 283/519
2018-05-09 11:04:13,530:INFO: Experiment Progress: 54.7% -- 284/519
2018-05-09 11:04:13,530:INFO: Experiment Progress: 54.9% -- 285/519
2018-05-09 11:04:13,530:INFO: Experiment Progress: 55.1% -- 286/519
2018-05-09 11:04:13,530:INFO: Experiment Progress: 55.3% -- 287/519
2018-05-09 11:04:13,530:INFO: Experiment Progress: 55.5% -- 288/519
2018-05-09 11:04:13,531:INFO: Experiment Progress: 55.7% -- 289/519
2018-05-09 11:04:13,531:INFO: Experiment Progress: 55.9% -- 290/519
2018-05-09 11:04:13,531:INFO: Experiment Progress: 56.1% -- 291/519
2018-05-09 11:04:13,531:INFO: Experiment Progress: 56.3% -- 292/519
2018-05-09 11:04:13,531:INFO: Experiment Progress: 56.5% -- 293/519
2018-05-09 11:04:13,531:INFO: Experiment Progress: 56.6% -- 294/519
2018-05-09 11:04:13,531:INFO: Experiment Progress: 56.8% -- 295/519
2018-05-09 11:04:13,531:INFO: Experiment Progress: 57.0% -- 296/519
2018-05-09 11:04:13,532:INFO: Experiment Progress: 57.2% -- 297/519
2018-05-09 11:04:13,532:INFO: Experiment Progress: 57.4% -- 298/519
2018-05-09 11:06:12,908:INFO: Experiment Progress: 57.6% -- 299/519
2018-05-09 11:06:12,909:INFO: Experiment Progress: 57.8% -- 300/519
2018-05-09 11:06:12,909:INFO: Experiment Progress: 58.0% -- 301/519
2018-05-09 11:06:23,194:INFO: Experiment Progress: 58.2% -- 302/519
2018-05-09 11:06:23,195:INFO: Experiment Progress: 58.4% -- 303/519
2018-05-09 11:06:23,195:INFO: Experiment Progress: 58.6% -- 304/519
2018-05-09 11:06:23,195:INFO: Experiment Progress: 58.8% -- 305/519
2018-05-09 11:06:23,195:INFO: Experiment Progress: 59.0% -- 306/519
2018-05-09 11:06:23,195:INFO: Experiment Progress: 59.2% -- 307/519
2018-05-09 11:06:23,195:INFO: Experiment Progress: 59.3% -- 308/519
2018-05-09 11:06:23,195:INFO: Experiment Progress: 59.5% -- 309/519
2018-05-09 11:06:34,994:INFO: Experiment Progress: 59.7% -- 310/519
2018-05-09 11:06:34,994:INFO: Experiment Progress: 59.9% -- 311/519
2018-05-09 11:07:07,748:INFO: Experiment Progress: 60.1% -- 312/519
2018-05-09 11:07:37,047:INFO: Experiment Progress: 60.3% -- 313/519
2018-05-09 11:07:37,048:INFO: Experiment Progress: 60.5% -- 314/519
2018-05-09 11:08:12,297:INFO: Experiment Progress: 60.7% -- 315/519
2018-05-09 11:09:14,050:INFO: Experiment Progress: 60.9% -- 316/519
2018-05-09 11:09:14,051:INFO: Experiment Progress: 61.1% -- 317/519
2018-05-09 11:09:14,051:INFO: Experiment Progress: 61.3% -- 318/519
2018-05-09 11:10:08,833:INFO: Experiment Progress: 61.5% -- 319/519
2018-05-09 11:10:57,434:INFO: Experiment Progress: 61.7% -- 320/519
2018-05-09 11:10:57,435:INFO: Experiment Progress: 61.8% -- 321/519
2018-05-09 11:10:57,435:INFO: Experiment Progress: 62.0% -- 322/519
2018-05-09 11:10:57,435:INFO: Experiment Progress: 62.2% -- 323/519
2018-05-09 11:10:57,435:INFO: Experiment Progress: 62.4% -- 324/519
2018-05-09 11:10:57,435:INFO: Experiment Progress: 62.6% -- 325/519
2018-05-09 11:10:57,436:INFO: Experiment Progress: 62.8% -- 326/519
2018-05-09 11:10:57,436:INFO: Experiment Progress: 63.0% -- 327/519
2018-05-09 11:10:57,436:INFO: Experiment Progress: 63.2% -- 328/519
2018-05-09 11:10:57,436:INFO: Experiment Progress: 63.4% -- 329/519
2018-05-09 11:11:23,090:INFO: Experiment Progress: 63.6% -- 330/519
2018-05-09 11:11:47,551:INFO: Experiment Progress: 63.8% -- 331/519
2018-05-09 11:11:47,552:INFO: Experiment Progress: 64.0% -- 332/519
2018-05-09 11:13:23,945:INFO: Experiment Progress: 64.2% -- 333/519
2018-05-09 11:13:23,946:INFO: Experiment Progress: 64.4% -- 334/519
2018-05-09 11:13:23,946:INFO: Experiment Progress: 64.5% -- 335/519
2018-05-09 11:13:23,946:INFO: Experiment Progress: 64.7% -- 336/519
2018-05-09 11:13:23,946:INFO: Experiment Progress: 64.9% -- 337/519
2018-05-09 11:13:57,296:INFO: Experiment Progress: 65.1% -- 338/519
2018-05-09 11:13:57,296:INFO: Experiment Progress: 65.3% -- 339/519
2018-05-09 11:13:57,296:INFO: Experiment Progress: 65.5% -- 340/519
2018-05-09 11:13:57,296:INFO: Experiment Progress: 65.7% -- 341/519
2018-05-09 11:13:57,297:INFO: Experiment Progress: 65.9% -- 342/519
2018-05-09 11:13:57,297:INFO: Experiment Progress: 66.1% -- 343/519
2018-05-09 11:14:55,046:INFO: Experiment Progress: 66.3% -- 344/519
2018-05-09 11:14:55,046:INFO: Experiment Progress: 66.5% -- 345/519
2018-05-09 11:14:55,047:INFO: Experiment Progress: 66.7% -- 346/519
2018-05-09 11:14:55,047:INFO: Experiment Progress: 66.9% -- 347/519
2018-05-09 11:14:55,047:INFO: Experiment Progress: 67.1% -- 348/519
2018-05-09 11:15:41,176:INFO: Experiment Progress: 67.2% -- 349/519
2018-05-09 11:15:41,570:INFO: Experiment Progress: 67.4% -- 350/519
2018-05-09 11:16:27,456:INFO: Experiment Progress: 67.6% -- 351/519
2018-05-09 11:17:18,650:INFO: Experiment Progress: 67.8% -- 352/519
2018-05-09 11:17:18,651:INFO: Experiment Progress: 68.0% -- 353/519
2018-05-09 11:17:18,651:INFO: Experiment Progress: 68.2% -- 354/519
2018-05-09 11:17:18,651:INFO: Experiment Progress: 68.4% -- 355/519
2018-05-09 11:17:18,651:INFO: Experiment Progress: 68.6% -- 356/519
2018-05-09 11:17:18,651:INFO: Experiment Progress: 68.8% -- 357/519
2018-05-09 11:17:27,380:INFO: Experiment Progress: 69.0% -- 358/519
2018-05-09 11:17:52,942:INFO: Experiment Progress: 69.2% -- 359/519
2018-05-09 11:17:52,942:INFO: Experiment Progress: 69.4% -- 360/519
2018-05-09 11:17:52,942:INFO: Experiment Progress: 69.6% -- 361/519
2018-05-09 11:19:25,379:INFO: Experiment Progress: 69.7% -- 362/519
2018-05-09 11:19:25,380:INFO: Experiment Progress: 69.9% -- 363/519
2018-05-09 11:19:25,380:INFO: Experiment Progress: 70.1% -- 364/519
2018-05-09 11:19:25,381:INFO: Experiment Progress: 70.3% -- 365/519
2018-05-09 11:19:25,381:INFO: Experiment Progress: 70.5% -- 366/519
2018-05-09 11:19:52,687:INFO: Experiment Progress: 70.7% -- 367/519
2018-05-09 11:19:52,688:INFO: Experiment Progress: 70.9% -- 368/519
2018-05-09 11:20:43,860:INFO: Experiment Progress: 71.1% -- 369/519
2018-05-09 11:21:00,912:INFO: Experiment Progress: 71.3% -- 370/519
2018-05-09 11:21:00,912:INFO: Experiment Progress: 71.5% -- 371/519
2018-05-09 11:21:00,912:INFO: Experiment Progress: 71.7% -- 372/519
2018-05-09 11:21:36,905:INFO: Experiment Progress: 71.9% -- 373/519
2018-05-09 11:21:36,906:INFO: Experiment Progress: 72.1% -- 374/519
2018-05-09 11:22:25,835:INFO: Experiment Progress: 72.3% -- 375/519
2018-05-09 11:22:25,836:INFO: Experiment Progress: 72.4% -- 376/519
2018-05-09 11:22:25,836:INFO: Experiment Progress: 72.6% -- 377/519
2018-05-09 11:22:25,836:INFO: Experiment Progress: 72.8% -- 378/519
2018-05-09 11:22:25,836:INFO: Experiment Progress: 73.0% -- 379/519
2018-05-09 11:22:27,632:INFO: Experiment Progress: 73.2% -- 380/519
2018-05-09 11:22:27,633:INFO: Experiment Progress: 73.4% -- 381/519
2018-05-09 11:22:27,633:INFO: Experiment Progress: 73.6% -- 382/519
2018-05-09 11:22:27,633:INFO: Experiment Progress: 73.8% -- 383/519
2018-05-09 11:23:13,447:INFO: Experiment Progress: 74.0% -- 384/519
2018-05-09 11:23:13,448:INFO: Experiment Progress: 74.2% -- 385/519
2018-05-09 11:23:13,448:INFO: Experiment Progress: 74.4% -- 386/519
2018-05-09 11:23:13,448:INFO: Experiment Progress: 74.6% -- 387/519
2018-05-09 11:23:44,495:INFO: Experiment Progress: 74.8% -- 388/519
2018-05-09 11:24:29,940:INFO: Experiment Progress: 75.0% -- 389/519
2018-05-09 11:24:29,941:INFO: Experiment Progress: 75.1% -- 390/519
2018-05-09 11:25:18,807:INFO: Experiment Progress: 75.3% -- 391/519
2018-05-09 11:25:18,808:INFO: Experiment Progress: 75.5% -- 392/519
2018-05-09 11:25:18,808:INFO: Experiment Progress: 75.7% -- 393/519
2018-05-09 11:25:18,809:INFO: Experiment Progress: 75.9% -- 394/519
2018-05-09 11:25:18,809:INFO: Experiment Progress: 76.1% -- 395/519
2018-05-09 11:25:20,966:INFO: Experiment Progress: 76.3% -- 396/519
2018-05-09 11:25:20,967:INFO: Experiment Progress: 76.5% -- 397/519
2018-05-09 11:26:27,304:INFO: Experiment Progress: 76.7% -- 398/519
2018-05-09 11:26:27,305:INFO: Experiment Progress: 76.9% -- 399/519
2018-05-09 11:26:27,305:INFO: Experiment Progress: 77.1% -- 400/519
2018-05-09 11:26:27,305:INFO: Experiment Progress: 77.3% -- 401/519
2018-05-09 11:27:11,591:INFO: Experiment Progress: 77.5% -- 402/519
2018-05-09 11:27:11,591:INFO: Experiment Progress: 77.6% -- 403/519
2018-05-09 11:27:11,592:INFO: Experiment Progress: 77.8% -- 404/519
2018-05-09 11:27:53,170:INFO: Experiment Progress: 78.0% -- 405/519
2018-05-09 11:28:28,014:INFO: Experiment Progress: 78.2% -- 406/519
2018-05-09 11:28:28,014:INFO: Experiment Progress: 78.4% -- 407/519
2018-05-09 11:28:28,015:INFO: Experiment Progress: 78.6% -- 408/519
2018-05-09 11:28:28,015:INFO: Experiment Progress: 78.8% -- 409/519
2018-05-09 11:28:28,015:INFO: Experiment Progress: 79.0% -- 410/519
2018-05-09 11:29:10,199:INFO: Experiment Progress: 79.2% -- 411/519
2018-05-09 11:29:10,200:INFO: Experiment Progress: 79.4% -- 412/519
2018-05-09 11:29:10,200:INFO: Experiment Progress: 79.6% -- 413/519
2018-05-09 11:30:26,857:INFO: Experiment Progress: 79.8% -- 414/519
2018-05-09 11:30:26,858:INFO: Experiment Progress: 80.0% -- 415/519
2018-05-09 11:30:26,858:INFO: Experiment Progress: 80.2% -- 416/519
2018-05-09 11:30:26,858:INFO: Experiment Progress: 80.3% -- 417/519
2018-05-09 11:30:26,858:INFO: Experiment Progress: 80.5% -- 418/519
2018-05-09 11:30:26,858:INFO: Experiment Progress: 80.7% -- 419/519
2018-05-09 11:30:26,859:INFO: Experiment Progress: 80.9% -- 420/519
2018-05-09 11:30:26,859:INFO: Experiment Progress: 81.1% -- 421/519
2018-05-09 11:31:04,561:INFO: Experiment Progress: 81.3% -- 422/519
2018-05-09 11:31:09,413:INFO: Experiment Progress: 81.5% -- 423/519
2018-05-09 11:31:43,765:INFO: Experiment Progress: 81.7% -- 424/519
2018-05-09 11:31:43,765:INFO: Experiment Progress: 81.9% -- 425/519
2018-05-09 11:31:43,765:INFO: Experiment Progress: 82.1% -- 426/519
2018-05-09 11:32:55,055:INFO: Experiment Progress: 82.3% -- 427/519
2018-05-09 11:32:55,055:INFO: Experiment Progress: 82.5% -- 428/519
2018-05-09 11:32:55,055:INFO: Experiment Progress: 82.7% -- 429/519
2018-05-09 11:32:55,056:INFO: Experiment Progress: 82.9% -- 430/519
2018-05-09 11:33:00,368:INFO: Experiment Progress: 83.0% -- 431/519
2018-05-09 11:33:58,215:INFO: Experiment Progress: 83.2% -- 432/519
2018-05-09 11:33:58,216:INFO: Experiment Progress: 83.4% -- 433/519
2018-05-09 11:33:58,216:INFO: Experiment Progress: 83.6% -- 434/519
2018-05-09 11:34:31,072:INFO: Experiment Progress: 83.8% -- 435/519
2018-05-09 11:34:31,072:INFO: Experiment Progress: 84.0% -- 436/519
2018-05-09 11:34:55,505:INFO: Experiment Progress: 84.2% -- 437/519
2018-05-09 11:34:55,505:INFO: Experiment Progress: 84.4% -- 438/519
2018-05-09 11:34:55,505:INFO: Experiment Progress: 84.6% -- 439/519
2018-05-09 11:35:31,460:INFO: Experiment Progress: 84.8% -- 440/519
2018-05-09 11:35:31,461:INFO: Experiment Progress: 85.0% -- 441/519
2018-05-09 11:35:31,461:INFO: Experiment Progress: 85.2% -- 442/519
2018-05-09 11:35:31,461:INFO: Experiment Progress: 85.4% -- 443/519
2018-05-09 11:35:39,591:INFO: Experiment Progress: 85.5% -- 444/519
2018-05-09 11:35:39,592:INFO: Experiment Progress: 85.7% -- 445/519
2018-05-09 11:35:39,592:INFO: Experiment Progress: 85.9% -- 446/519
2018-05-09 11:36:05,407:INFO: Experiment Progress: 86.1% -- 447/519
2018-05-09 11:36:05,408:INFO: Experiment Progress: 86.3% -- 448/519
2018-05-09 11:36:08,884:INFO: Experiment Progress: 86.5% -- 449/519
2018-05-09 11:36:59,351:INFO: Experiment Progress: 86.7% -- 450/519
2018-05-09 11:36:59,352:INFO: Experiment Progress: 86.9% -- 451/519
2018-05-09 11:37:44,439:INFO: Experiment Progress: 87.1% -- 452/519
2018-05-09 11:37:50,148:INFO: Experiment Progress: 87.3% -- 453/519
2018-05-09 11:37:50,149:INFO: Experiment Progress: 87.5% -- 454/519
2018-05-09 11:37:54,793:INFO: Experiment Progress: 87.7% -- 455/519
2018-05-09 11:37:54,793:INFO: Experiment Progress: 87.9% -- 456/519
2018-05-09 11:38:18,471:INFO: Experiment Progress: 88.1% -- 457/519
2018-05-09 11:38:42,016:INFO: Experiment Progress: 88.2% -- 458/519
2018-05-09 11:39:37,768:INFO: Experiment Progress: 88.4% -- 459/519
2018-05-09 11:40:19,587:INFO: Experiment Progress: 88.6% -- 460/519
2018-05-09 11:40:19,587:INFO: Experiment Progress: 88.8% -- 461/519
2018-05-09 11:41:30,046:INFO: Experiment Progress: 89.0% -- 462/519
2018-05-09 11:41:30,047:INFO: Experiment Progress: 89.2% -- 463/519
2018-05-09 11:41:30,047:INFO: Experiment Progress: 89.4% -- 464/519
2018-05-09 11:41:41,924:INFO: Experiment Progress: 89.6% -- 465/519
2018-05-09 11:41:41,925:INFO: Experiment Progress: 89.8% -- 466/519
2018-05-09 11:41:41,925:INFO: Experiment Progress: 90.0% -- 467/519
2018-05-09 11:41:41,925:INFO: Experiment Progress: 90.2% -- 468/519
2018-05-09 11:41:41,926:INFO: Experiment Progress: 90.4% -- 469/519
2018-05-09 11:41:41,926:INFO: Experiment Progress: 90.6% -- 470/519
2018-05-09 11:41:41,926:INFO: Experiment Progress: 90.8% -- 471/519
2018-05-09 11:41:41,926:INFO: Experiment Progress: 90.9% -- 472/519
2018-05-09 11:46:21,646:INFO: Experiment Progress: 91.1% -- 473/519
2018-05-09 11:46:21,647:INFO: Experiment Progress: 91.3% -- 474/519
2018-05-09 11:46:21,647:INFO: Experiment Progress: 91.5% -- 475/519
2018-05-09 11:46:21,647:INFO: Experiment Progress: 91.7% -- 476/519
2018-05-09 11:46:21,647:INFO: Experiment Progress: 91.9% -- 477/519
2018-05-09 11:46:21,647:INFO: Experiment Progress: 92.1% -- 478/519
2018-05-09 11:46:21,647:INFO: Experiment Progress: 92.3% -- 479/519
2018-05-09 11:46:21,647:INFO: Experiment Progress: 92.5% -- 480/519
2018-05-09 11:46:21,648:INFO: Experiment Progress: 92.7% -- 481/519
2018-05-09 11:46:21,648:INFO: Experiment Progress: 92.9% -- 482/519
2018-05-09 11:46:21,648:INFO: Experiment Progress: 93.1% -- 483/519
2018-05-09 11:46:21,648:INFO: Experiment Progress: 93.3% -- 484/519
2018-05-09 11:46:21,648:INFO: Experiment Progress: 93.4% -- 485/519
2018-05-09 11:46:21,648:INFO: Experiment Progress: 93.6% -- 486/519
2018-05-09 11:46:21,648:INFO: Experiment Progress: 93.8% -- 487/519
2018-05-09 11:46:21,648:INFO: Experiment Progress: 94.0% -- 488/519
2018-05-09 11:46:21,648:INFO: Experiment Progress: 94.2% -- 489/519
2018-05-09 11:46:21,649:INFO: Experiment Progress: 94.4% -- 490/519
2018-05-09 11:46:21,649:INFO: Experiment Progress: 94.6% -- 491/519
2018-05-09 11:46:57,210:INFO: Experiment Progress: 94.8% -- 492/519
2018-05-09 11:47:04,512:INFO: Experiment Progress: 95.0% -- 493/519
2018-05-09 11:47:04,512:INFO: Experiment Progress: 95.2% -- 494/519
2018-05-09 11:47:04,512:INFO: Experiment Progress: 95.4% -- 495/519
2018-05-09 11:48:11,679:INFO: Experiment Progress: 95.6% -- 496/519
2018-05-09 11:48:11,680:INFO: Experiment Progress: 95.8% -- 497/519
2018-05-09 11:48:11,680:INFO: Experiment Progress: 96.0% -- 498/519
2018-05-09 11:48:11,680:INFO: Experiment Progress: 96.1% -- 499/519
2018-05-09 11:48:32,780:INFO: Experiment Progress: 96.3% -- 500/519
2018-05-09 11:48:32,781:INFO: Experiment Progress: 96.5% -- 501/519
2018-05-09 11:49:00,228:INFO: Experiment Progress: 96.7% -- 502/519
2018-05-09 11:49:00,229:INFO: Experiment Progress: 96.9% -- 503/519
2018-05-09 11:49:00,229:INFO: Experiment Progress: 97.1% -- 504/519
2018-05-09 11:49:00,229:INFO: Experiment Progress: 97.3% -- 505/519
2018-05-09 11:49:00,229:INFO: Experiment Progress: 97.5% -- 506/519
2018-05-09 11:49:00,790:INFO: Experiment Progress: 97.7% -- 507/519
2018-05-09 11:49:00,790:INFO: Experiment Progress: 97.9% -- 508/519
2018-05-09 11:50:42,881:INFO: Experiment Progress: 98.1% -- 509/519
2018-05-09 11:50:42,882:INFO: Experiment Progress: 98.3% -- 510/519
2018-05-09 11:50:42,882:INFO: Experiment Progress: 98.5% -- 511/519
2018-05-09 11:51:40,359:INFO: Experiment Progress: 98.7% -- 512/519
2018-05-09 11:51:41,307:INFO: Experiment Progress: 98.8% -- 513/519
2018-05-09 11:51:41,308:INFO: Experiment Progress: 99.0% -- 514/519
2018-05-09 11:51:41,308:INFO: Experiment Progress: 99.2% -- 515/519
2018-05-09 11:51:41,308:INFO: Experiment Progress: 99.4% -- 516/519
2018-05-09 11:51:41,309:INFO: Experiment Progress: 99.6% -- 517/519
2018-05-09 11:52:24,626:INFO: Experiment Progress: 99.8% -- 518/519
2018-05-09 11:52:24,627:INFO: Experiment Progress: 100.0% -- 519/519
