2018-05-13 21:08:11,743:INFO: Disease Protein Prediction in the PPI Network
2018-05-13 21:08:11,743:INFO: Sabri Eyuboglu  -- SNAP Group
2018-05-13 21:08:11,743:INFO: ======================================
2018-05-13 21:08:11,743:INFO: Loading PPI Network...
2018-05-13 21:08:26,345:INFO: Loading Disease Associations...
2018-05-13 21:08:26,388:INFO: Loading PPI Matrix...
2018-05-13 21:08:59,207:INFO: Running Experiment...
2018-05-13 21:09:00,458:INFO: Experiment Progress: 0.2% -- 1/519
2018-05-13 21:09:00,646:INFO: Experiment Progress: 0.4% -- 2/519
2018-05-13 21:09:00,646:INFO: Experiment Progress: 0.6% -- 3/519
2018-05-13 21:09:03,274:INFO: Experiment Progress: 0.8% -- 4/519
2018-05-13 21:09:03,274:INFO: Experiment Progress: 1.0% -- 5/519
2018-05-13 21:09:03,274:INFO: Experiment Progress: 1.2% -- 6/519
2018-05-13 21:09:03,274:INFO: Experiment Progress: 1.3% -- 7/519
2018-05-13 21:09:03,274:INFO: Experiment Progress: 1.5% -- 8/519
2018-05-13 21:09:05,852:INFO: Experiment Progress: 1.7% -- 9/519
2018-05-13 21:09:05,853:INFO: Experiment Progress: 1.9% -- 10/519
2018-05-13 21:09:07,791:INFO: Experiment Progress: 2.1% -- 11/519
2018-05-13 21:09:07,792:INFO: Experiment Progress: 2.3% -- 12/519
2018-05-13 21:09:07,792:INFO: Experiment Progress: 2.5% -- 13/519
2018-05-13 21:09:07,792:INFO: Experiment Progress: 2.7% -- 14/519
2018-05-13 21:09:07,792:INFO: Experiment Progress: 2.9% -- 15/519
2018-05-13 21:09:07,794:INFO: Experiment Progress: 3.1% -- 16/519
2018-05-13 21:09:07,795:INFO: Experiment Progress: 3.3% -- 17/519
2018-05-13 21:09:10,092:INFO: Experiment Progress: 3.5% -- 18/519
2018-05-13 21:09:10,092:INFO: Experiment Progress: 3.7% -- 19/519
2018-05-13 21:09:10,266:INFO: Experiment Progress: 3.9% -- 20/519
2018-05-13 21:09:11,367:INFO: Experiment Progress: 4.0% -- 21/519
2018-05-13 21:09:11,368:INFO: Experiment Progress: 4.2% -- 22/519
2018-05-13 21:09:11,368:INFO: Experiment Progress: 4.4% -- 23/519
2018-05-13 21:09:11,668:INFO: Experiment Progress: 4.6% -- 24/519
2018-05-13 21:09:12,078:INFO: Experiment Progress: 4.8% -- 25/519
2018-05-13 21:09:12,322:INFO: Experiment Progress: 5.0% -- 26/519
2018-05-13 21:09:12,486:INFO: Experiment Progress: 5.2% -- 27/519
2018-05-13 21:09:13,102:INFO: Experiment Progress: 5.4% -- 28/519
2018-05-13 21:09:13,547:INFO: Experiment Progress: 5.6% -- 29/519
2018-05-13 21:09:13,547:INFO: Experiment Progress: 5.8% -- 30/519
2018-05-13 21:09:13,820:INFO: Experiment Progress: 6.0% -- 31/519
2018-05-13 21:09:14,714:INFO: Experiment Progress: 6.2% -- 32/519
2018-05-13 21:09:14,887:INFO: Experiment Progress: 6.4% -- 33/519
2018-05-13 21:09:14,887:INFO: Experiment Progress: 6.6% -- 34/519
2018-05-13 21:09:15,806:INFO: Experiment Progress: 6.7% -- 35/519
2018-05-13 21:09:15,806:INFO: Experiment Progress: 6.9% -- 36/519
2018-05-13 21:09:15,806:INFO: Experiment Progress: 7.1% -- 37/519
2018-05-13 21:09:15,823:INFO: Experiment Progress: 7.3% -- 38/519
2018-05-13 21:09:16,490:INFO: Experiment Progress: 7.5% -- 39/519
2018-05-13 21:09:16,786:INFO: Experiment Progress: 7.7% -- 40/519
2018-05-13 21:09:16,866:INFO: Experiment Progress: 7.9% -- 41/519
2018-05-13 21:09:17,427:INFO: Experiment Progress: 8.1% -- 42/519
2018-05-13 21:09:17,617:INFO: Experiment Progress: 8.3% -- 43/519
2018-05-13 21:09:18,417:INFO: Experiment Progress: 8.5% -- 44/519
2018-05-13 21:09:18,417:INFO: Experiment Progress: 8.7% -- 45/519
2018-05-13 21:09:18,545:INFO: Experiment Progress: 8.9% -- 46/519
2018-05-13 21:09:19,673:INFO: Experiment Progress: 9.1% -- 47/519
2018-05-13 21:09:19,674:INFO: Experiment Progress: 9.2% -- 48/519
2018-05-13 21:09:19,779:INFO: Experiment Progress: 9.4% -- 49/519
2018-05-13 21:09:19,780:INFO: Experiment Progress: 9.6% -- 50/519
2018-05-13 21:09:20,648:INFO: Experiment Progress: 9.8% -- 51/519
2018-05-13 21:09:20,789:INFO: Experiment Progress: 10.0% -- 52/519
2018-05-13 21:09:21,128:INFO: Experiment Progress: 10.2% -- 53/519
2018-05-13 21:09:21,605:INFO: Experiment Progress: 10.4% -- 54/519
2018-05-13 21:09:21,789:INFO: Experiment Progress: 10.6% -- 55/519
2018-05-13 21:09:21,844:INFO: Experiment Progress: 10.8% -- 56/519
2018-05-13 21:09:22,328:INFO: Experiment Progress: 11.0% -- 57/519
2018-05-13 21:09:22,598:INFO: Experiment Progress: 11.2% -- 58/519
2018-05-13 21:09:23,017:INFO: Experiment Progress: 11.4% -- 59/519
2018-05-13 21:09:23,017:INFO: Experiment Progress: 11.6% -- 60/519
2018-05-13 21:09:23,521:INFO: Experiment Progress: 11.8% -- 61/519
2018-05-13 21:09:24,089:INFO: Experiment Progress: 11.9% -- 62/519
2018-05-13 21:09:24,090:INFO: Experiment Progress: 12.1% -- 63/519
2018-05-13 21:09:24,362:INFO: Experiment Progress: 12.3% -- 64/519
2018-05-13 21:09:24,936:INFO: Experiment Progress: 12.5% -- 65/519
2018-05-13 21:09:24,936:INFO: Experiment Progress: 12.7% -- 66/519
2018-05-13 21:09:25,125:INFO: Experiment Progress: 12.9% -- 67/519
2018-05-13 21:09:26,519:INFO: Experiment Progress: 13.1% -- 68/519
2018-05-13 21:09:26,519:INFO: Experiment Progress: 13.3% -- 69/519
2018-05-13 21:09:26,815:INFO: Experiment Progress: 13.5% -- 70/519
2018-05-13 21:09:28,128:INFO: Experiment Progress: 13.7% -- 71/519
2018-05-13 21:09:28,128:INFO: Experiment Progress: 13.9% -- 72/519
2018-05-13 21:09:28,128:INFO: Experiment Progress: 14.1% -- 73/519
2018-05-13 21:09:28,283:INFO: Experiment Progress: 14.3% -- 74/519
2018-05-13 21:09:28,382:INFO: Experiment Progress: 14.5% -- 75/519
2018-05-13 21:09:28,972:INFO: Experiment Progress: 14.6% -- 76/519
2018-05-13 21:09:29,097:INFO: Experiment Progress: 14.8% -- 77/519
2018-05-13 21:09:30,747:INFO: Experiment Progress: 15.0% -- 78/519
2018-05-13 21:09:30,747:INFO: Experiment Progress: 15.2% -- 79/519
2018-05-13 21:09:30,793:INFO: Experiment Progress: 15.4% -- 80/519
2018-05-13 21:09:31,331:INFO: Experiment Progress: 15.6% -- 81/519
2018-05-13 21:09:31,627:INFO: Experiment Progress: 15.8% -- 82/519
2018-05-13 21:09:31,918:INFO: Experiment Progress: 16.0% -- 83/519
2018-05-13 21:09:32,534:INFO: Experiment Progress: 16.2% -- 84/519
2018-05-13 21:09:32,571:INFO: Experiment Progress: 16.4% -- 85/519
2018-05-13 21:09:32,781:INFO: Experiment Progress: 16.6% -- 86/519
2018-05-13 21:09:33,321:INFO: Experiment Progress: 16.8% -- 87/519
2018-05-13 21:09:33,661:INFO: Experiment Progress: 17.0% -- 88/519
2018-05-13 21:09:33,661:INFO: Experiment Progress: 17.1% -- 89/519
2018-05-13 21:09:34,095:INFO: Experiment Progress: 17.3% -- 90/519
2018-05-13 21:09:34,095:INFO: Experiment Progress: 17.5% -- 91/519
2018-05-13 21:09:37,773:INFO: Experiment Progress: 17.7% -- 92/519
2018-05-13 21:09:37,773:INFO: Experiment Progress: 17.9% -- 93/519
2018-05-13 21:09:37,773:INFO: Experiment Progress: 18.1% -- 94/519
2018-05-13 21:09:37,774:INFO: Experiment Progress: 18.3% -- 95/519
2018-05-13 21:09:37,774:INFO: Experiment Progress: 18.5% -- 96/519
2018-05-13 21:09:38,568:INFO: Experiment Progress: 18.7% -- 97/519
2018-05-13 21:09:38,569:INFO: Experiment Progress: 18.9% -- 98/519
2018-05-13 21:09:38,569:INFO: Experiment Progress: 19.1% -- 99/519
2018-05-13 21:09:38,699:INFO: Experiment Progress: 19.3% -- 100/519
2018-05-13 21:09:38,701:INFO: Experiment Progress: 19.5% -- 101/519
2018-05-13 21:09:39,433:INFO: Experiment Progress: 19.7% -- 102/519
2018-05-13 21:09:39,433:INFO: Experiment Progress: 19.8% -- 103/519
2018-05-13 21:09:41,795:INFO: Experiment Progress: 20.0% -- 104/519
2018-05-13 21:09:41,795:INFO: Experiment Progress: 20.2% -- 105/519
2018-05-13 21:09:41,796:INFO: Experiment Progress: 20.4% -- 106/519
2018-05-13 21:09:41,796:INFO: Experiment Progress: 20.6% -- 107/519
2018-05-13 21:09:41,796:INFO: Experiment Progress: 20.8% -- 108/519
2018-05-13 21:09:41,950:INFO: Experiment Progress: 21.0% -- 109/519
2018-05-13 21:09:42,455:INFO: Experiment Progress: 21.2% -- 110/519
2018-05-13 21:09:42,647:INFO: Experiment Progress: 21.4% -- 111/519
2018-05-13 21:09:44,030:INFO: Experiment Progress: 21.6% -- 112/519
2018-05-13 21:09:44,030:INFO: Experiment Progress: 21.8% -- 113/519
2018-05-13 21:09:44,454:INFO: Experiment Progress: 22.0% -- 114/519
2018-05-13 21:09:44,454:INFO: Experiment Progress: 22.2% -- 115/519
2018-05-13 21:09:45,270:INFO: Experiment Progress: 22.4% -- 116/519
2018-05-13 21:09:45,270:INFO: Experiment Progress: 22.5% -- 117/519
2018-05-13 21:09:45,270:INFO: Experiment Progress: 22.7% -- 118/519
2018-05-13 21:09:45,824:INFO: Experiment Progress: 22.9% -- 119/519
2018-05-13 21:09:46,105:INFO: Experiment Progress: 23.1% -- 120/519
2018-05-13 21:09:53,457:INFO: Experiment Progress: 23.3% -- 121/519
2018-05-13 21:09:53,457:INFO: Experiment Progress: 23.5% -- 122/519
2018-05-13 21:09:53,458:INFO: Experiment Progress: 23.7% -- 123/519
2018-05-13 21:09:53,458:INFO: Experiment Progress: 23.9% -- 124/519
2018-05-13 21:09:53,458:INFO: Experiment Progress: 24.1% -- 125/519
2018-05-13 21:09:53,458:INFO: Experiment Progress: 24.3% -- 126/519
2018-05-13 21:09:53,458:INFO: Experiment Progress: 24.5% -- 127/519
2018-05-13 21:09:53,458:INFO: Experiment Progress: 24.7% -- 128/519
2018-05-13 21:09:53,459:INFO: Experiment Progress: 24.9% -- 129/519
2018-05-13 21:09:53,459:INFO: Experiment Progress: 25.0% -- 130/519
2018-05-13 21:09:53,459:INFO: Experiment Progress: 25.2% -- 131/519
2018-05-13 21:09:53,459:INFO: Experiment Progress: 25.4% -- 132/519
2018-05-13 21:09:53,865:INFO: Experiment Progress: 25.6% -- 133/519
2018-05-13 21:09:55,821:INFO: Experiment Progress: 25.8% -- 134/519
2018-05-13 21:09:55,822:INFO: Experiment Progress: 26.0% -- 135/519
2018-05-13 21:09:55,822:INFO: Experiment Progress: 26.2% -- 136/519
2018-05-13 21:09:55,822:INFO: Experiment Progress: 26.4% -- 137/519
2018-05-13 21:09:55,859:INFO: Experiment Progress: 26.6% -- 138/519
2018-05-13 21:09:57,753:INFO: Experiment Progress: 26.8% -- 139/519
2018-05-13 21:09:57,754:INFO: Experiment Progress: 27.0% -- 140/519
2018-05-13 21:09:57,755:INFO: Experiment Progress: 27.2% -- 141/519
2018-05-13 21:09:57,755:INFO: Experiment Progress: 27.4% -- 142/519
2018-05-13 21:10:00,310:INFO: Experiment Progress: 27.6% -- 143/519
2018-05-13 21:10:00,310:INFO: Experiment Progress: 27.7% -- 144/519
2018-05-13 21:10:00,310:INFO: Experiment Progress: 27.9% -- 145/519
2018-05-13 21:10:00,311:INFO: Experiment Progress: 28.1% -- 146/519
2018-05-13 21:10:00,311:INFO: Experiment Progress: 28.3% -- 147/519
2018-05-13 21:10:00,311:INFO: Experiment Progress: 28.5% -- 148/519
2018-05-13 21:10:00,966:INFO: Experiment Progress: 28.7% -- 149/519
2018-05-13 21:10:02,124:INFO: Experiment Progress: 28.9% -- 150/519
2018-05-13 21:10:02,125:INFO: Experiment Progress: 29.1% -- 151/519
2018-05-13 21:10:02,125:INFO: Experiment Progress: 29.3% -- 152/519
2018-05-13 21:10:02,942:INFO: Experiment Progress: 29.5% -- 153/519
2018-05-13 21:10:02,943:INFO: Experiment Progress: 29.7% -- 154/519
2018-05-13 21:10:02,943:INFO: Experiment Progress: 29.9% -- 155/519
2018-05-13 21:10:04,390:INFO: Experiment Progress: 30.1% -- 156/519
2018-05-13 21:10:04,391:INFO: Experiment Progress: 30.3% -- 157/519
2018-05-13 21:10:04,391:INFO: Experiment Progress: 30.4% -- 158/519
2018-05-13 21:10:07,658:INFO: Experiment Progress: 30.6% -- 159/519
2018-05-13 21:10:07,658:INFO: Experiment Progress: 30.8% -- 160/519
2018-05-13 21:10:07,658:INFO: Experiment Progress: 31.0% -- 161/519
2018-05-13 21:10:07,658:INFO: Experiment Progress: 31.2% -- 162/519
2018-05-13 21:10:07,658:INFO: Experiment Progress: 31.4% -- 163/519
2018-05-13 21:10:07,659:INFO: Experiment Progress: 31.6% -- 164/519
2018-05-13 21:10:10,770:INFO: Experiment Progress: 31.8% -- 165/519
2018-05-13 21:10:10,770:INFO: Experiment Progress: 32.0% -- 166/519
2018-05-13 21:10:10,770:INFO: Experiment Progress: 32.2% -- 167/519
2018-05-13 21:10:10,770:INFO: Experiment Progress: 32.4% -- 168/519
2018-05-13 21:10:10,770:INFO: Experiment Progress: 32.6% -- 169/519
2018-05-13 21:10:10,771:INFO: Experiment Progress: 32.8% -- 170/519
2018-05-13 21:10:10,771:INFO: Experiment Progress: 32.9% -- 171/519
2018-05-13 21:10:10,771:INFO: Experiment Progress: 33.1% -- 172/519
2018-05-13 21:10:11,336:INFO: Experiment Progress: 33.3% -- 173/519
2018-05-13 21:10:11,989:INFO: Experiment Progress: 33.5% -- 174/519
2018-05-13 21:10:11,990:INFO: Experiment Progress: 33.7% -- 175/519
2018-05-13 21:10:12,004:INFO: Experiment Progress: 33.9% -- 176/519
2018-05-13 21:10:15,133:INFO: Experiment Progress: 34.1% -- 177/519
2018-05-13 21:10:15,134:INFO: Experiment Progress: 34.3% -- 178/519
2018-05-13 21:10:15,134:INFO: Experiment Progress: 34.5% -- 179/519
2018-05-13 21:10:15,134:INFO: Experiment Progress: 34.7% -- 180/519
2018-05-13 21:10:15,134:INFO: Experiment Progress: 34.9% -- 181/519
2018-05-13 21:10:15,134:INFO: Experiment Progress: 35.1% -- 182/519
2018-05-13 21:10:15,134:INFO: Experiment Progress: 35.3% -- 183/519
2018-05-13 21:10:15,135:INFO: Experiment Progress: 35.5% -- 184/519
2018-05-13 21:10:15,731:INFO: Experiment Progress: 35.6% -- 185/519
2018-05-13 21:10:16,327:INFO: Experiment Progress: 35.8% -- 186/519
2018-05-13 21:10:16,419:INFO: Experiment Progress: 36.0% -- 187/519
2018-05-13 21:10:21,147:INFO: Experiment Progress: 36.2% -- 188/519
2018-05-13 21:10:21,148:INFO: Experiment Progress: 36.4% -- 189/519
2018-05-13 21:10:21,148:INFO: Experiment Progress: 36.6% -- 190/519
2018-05-13 21:10:21,148:INFO: Experiment Progress: 36.8% -- 191/519
2018-05-13 21:10:21,148:INFO: Experiment Progress: 37.0% -- 192/519
2018-05-13 21:10:21,148:INFO: Experiment Progress: 37.2% -- 193/519
2018-05-13 21:10:21,149:INFO: Experiment Progress: 37.4% -- 194/519
2018-05-13 21:10:21,149:INFO: Experiment Progress: 37.6% -- 195/519
2018-05-13 21:10:23,166:INFO: Experiment Progress: 37.8% -- 196/519
2018-05-13 21:10:23,167:INFO: Experiment Progress: 38.0% -- 197/519
2018-05-13 21:10:23,167:INFO: Experiment Progress: 38.2% -- 198/519
2018-05-13 21:10:23,167:INFO: Experiment Progress: 38.3% -- 199/519
2018-05-13 21:10:23,168:INFO: Experiment Progress: 38.5% -- 200/519
2018-05-13 21:10:23,386:INFO: Experiment Progress: 38.7% -- 201/519
2018-05-13 21:10:24,768:INFO: Experiment Progress: 38.9% -- 202/519
2018-05-13 21:10:24,768:INFO: Experiment Progress: 39.1% -- 203/519
2018-05-13 21:10:24,769:INFO: Experiment Progress: 39.3% -- 204/519
2018-05-13 21:10:24,968:INFO: Experiment Progress: 39.5% -- 205/519
2018-05-13 21:10:24,968:INFO: Experiment Progress: 39.7% -- 206/519
2018-05-13 21:10:25,993:INFO: Experiment Progress: 39.9% -- 207/519
2018-05-13 21:10:25,994:INFO: Experiment Progress: 40.1% -- 208/519
2018-05-13 21:10:25,994:INFO: Experiment Progress: 40.3% -- 209/519
2018-05-13 21:10:26,579:INFO: Experiment Progress: 40.5% -- 210/519
2018-05-13 21:10:26,719:INFO: Experiment Progress: 40.7% -- 211/519
2018-05-13 21:10:26,906:INFO: Experiment Progress: 40.8% -- 212/519
2018-05-13 21:10:27,388:INFO: Experiment Progress: 41.0% -- 213/519
2018-05-13 21:10:27,400:INFO: Experiment Progress: 41.2% -- 214/519
2018-05-13 21:10:28,243:INFO: Experiment Progress: 41.4% -- 215/519
2018-05-13 21:10:28,376:INFO: Experiment Progress: 41.6% -- 216/519
2018-05-13 21:10:28,376:INFO: Experiment Progress: 41.8% -- 217/519
2018-05-13 21:10:29,605:INFO: Experiment Progress: 42.0% -- 218/519
2018-05-13 21:10:29,605:INFO: Experiment Progress: 42.2% -- 219/519
2018-05-13 21:10:29,605:INFO: Experiment Progress: 42.4% -- 220/519
2018-05-13 21:10:30,246:INFO: Experiment Progress: 42.6% -- 221/519
2018-05-13 21:10:30,247:INFO: Experiment Progress: 42.8% -- 222/519
2018-05-13 21:10:30,247:INFO: Experiment Progress: 43.0% -- 223/519
2018-05-13 21:10:31,194:INFO: Experiment Progress: 43.2% -- 224/519
2018-05-13 21:10:31,194:INFO: Experiment Progress: 43.4% -- 225/519
2018-05-13 21:10:31,195:INFO: Experiment Progress: 43.5% -- 226/519
2018-05-13 21:10:31,967:INFO: Experiment Progress: 43.7% -- 227/519
2018-05-13 21:10:32,009:INFO: Experiment Progress: 43.9% -- 228/519
2018-05-13 21:10:32,849:INFO: Experiment Progress: 44.1% -- 229/519
2018-05-13 21:10:32,850:INFO: Experiment Progress: 44.3% -- 230/519
2018-05-13 21:10:32,996:INFO: Experiment Progress: 44.5% -- 231/519
2018-05-13 21:10:34,381:INFO: Experiment Progress: 44.7% -- 232/519
2018-05-13 21:10:34,381:INFO: Experiment Progress: 44.9% -- 233/519
2018-05-13 21:10:35,302:INFO: Experiment Progress: 45.1% -- 234/519
2018-05-13 21:10:35,303:INFO: Experiment Progress: 45.3% -- 235/519
2018-05-13 21:10:35,303:INFO: Experiment Progress: 45.5% -- 236/519
2018-05-13 21:10:36,073:INFO: Experiment Progress: 45.7% -- 237/519
2018-05-13 21:10:36,074:INFO: Experiment Progress: 45.9% -- 238/519
2018-05-13 21:10:36,213:INFO: Experiment Progress: 46.1% -- 239/519
2018-05-13 21:10:36,847:INFO: Experiment Progress: 46.2% -- 240/519
2018-05-13 21:10:37,229:INFO: Experiment Progress: 46.4% -- 241/519
2018-05-13 21:10:38,845:INFO: Experiment Progress: 46.6% -- 242/519
2018-05-13 21:10:39,675:INFO: Experiment Progress: 46.8% -- 243/519
2018-05-13 21:10:39,675:INFO: Experiment Progress: 47.0% -- 244/519
2018-05-13 21:10:39,675:INFO: Experiment Progress: 47.2% -- 245/519
2018-05-13 21:10:40,593:INFO: Experiment Progress: 47.4% -- 246/519
2018-05-13 21:10:40,593:INFO: Experiment Progress: 47.6% -- 247/519
2018-05-13 21:10:42,555:INFO: Experiment Progress: 47.8% -- 248/519
2018-05-13 21:10:42,555:INFO: Experiment Progress: 48.0% -- 249/519
2018-05-13 21:10:42,555:INFO: Experiment Progress: 48.2% -- 250/519
2018-05-13 21:10:42,555:INFO: Experiment Progress: 48.4% -- 251/519
2018-05-13 21:10:42,555:INFO: Experiment Progress: 48.6% -- 252/519
2018-05-13 21:10:43,965:INFO: Experiment Progress: 48.7% -- 253/519
2018-05-13 21:10:43,966:INFO: Experiment Progress: 48.9% -- 254/519
2018-05-13 21:10:43,966:INFO: Experiment Progress: 49.1% -- 255/519
2018-05-13 21:10:43,966:INFO: Experiment Progress: 49.3% -- 256/519
2018-05-13 21:10:44,022:INFO: Experiment Progress: 49.5% -- 257/519
2018-05-13 21:10:45,317:INFO: Experiment Progress: 49.7% -- 258/519
2018-05-13 21:10:45,317:INFO: Experiment Progress: 49.9% -- 259/519
2018-05-13 21:10:45,318:INFO: Experiment Progress: 50.1% -- 260/519
2018-05-13 21:10:46,152:INFO: Experiment Progress: 50.3% -- 261/519
2018-05-13 21:10:46,153:INFO: Experiment Progress: 50.5% -- 262/519
2018-05-13 21:10:46,225:INFO: Experiment Progress: 50.7% -- 263/519
2018-05-13 21:10:46,226:INFO: Experiment Progress: 50.9% -- 264/519
2018-05-13 21:10:46,769:INFO: Experiment Progress: 51.1% -- 265/519
2018-05-13 21:10:47,046:INFO: Experiment Progress: 51.3% -- 266/519
2018-05-13 21:10:47,046:INFO: Experiment Progress: 51.4% -- 267/519
2018-05-13 21:10:49,066:INFO: Experiment Progress: 51.6% -- 268/519
2018-05-13 21:10:49,066:INFO: Experiment Progress: 51.8% -- 269/519
2018-05-13 21:10:49,066:INFO: Experiment Progress: 52.0% -- 270/519
2018-05-13 21:10:49,066:INFO: Experiment Progress: 52.2% -- 271/519
2018-05-13 21:10:49,066:INFO: Experiment Progress: 52.4% -- 272/519
2018-05-13 21:10:49,215:INFO: Experiment Progress: 52.6% -- 273/519
2018-05-13 21:10:50,435:INFO: Experiment Progress: 52.8% -- 274/519
2018-05-13 21:10:50,435:INFO: Experiment Progress: 53.0% -- 275/519
2018-05-13 21:10:50,435:INFO: Experiment Progress: 53.2% -- 276/519
2018-05-13 21:10:50,622:INFO: Experiment Progress: 53.4% -- 277/519
2018-05-13 21:10:50,960:INFO: Experiment Progress: 53.6% -- 278/519
2018-05-13 21:10:53,864:INFO: Experiment Progress: 53.8% -- 279/519
2018-05-13 21:10:53,865:INFO: Experiment Progress: 53.9% -- 280/519
2018-05-13 21:10:53,865:INFO: Experiment Progress: 54.1% -- 281/519
2018-05-13 21:10:58,183:INFO: Experiment Progress: 54.3% -- 282/519
2018-05-13 21:10:58,183:INFO: Experiment Progress: 54.5% -- 283/519
2018-05-13 21:10:58,184:INFO: Experiment Progress: 54.7% -- 284/519
2018-05-13 21:10:58,184:INFO: Experiment Progress: 54.9% -- 285/519
2018-05-13 21:10:58,184:INFO: Experiment Progress: 55.1% -- 286/519
2018-05-13 21:10:58,184:INFO: Experiment Progress: 55.3% -- 287/519
2018-05-13 21:10:58,184:INFO: Experiment Progress: 55.5% -- 288/519
2018-05-13 21:10:58,184:INFO: Experiment Progress: 55.7% -- 289/519
2018-05-13 21:10:58,185:INFO: Experiment Progress: 55.9% -- 290/519
2018-05-13 21:10:58,185:INFO: Experiment Progress: 56.1% -- 291/519
2018-05-13 21:10:58,185:INFO: Experiment Progress: 56.3% -- 292/519
2018-05-13 21:10:58,826:INFO: Experiment Progress: 56.5% -- 293/519
2018-05-13 21:10:59,180:INFO: Experiment Progress: 56.6% -- 294/519
2018-05-13 21:10:59,180:INFO: Experiment Progress: 56.8% -- 295/519
2018-05-13 21:10:59,692:INFO: Experiment Progress: 57.0% -- 296/519
2018-05-13 21:10:59,800:INFO: Experiment Progress: 57.2% -- 297/519
2018-05-13 21:11:00,221:INFO: Experiment Progress: 57.4% -- 298/519
2018-05-13 21:11:03,468:INFO: Experiment Progress: 57.6% -- 299/519
2018-05-13 21:11:03,468:INFO: Experiment Progress: 57.8% -- 300/519
2018-05-13 21:11:03,469:INFO: Experiment Progress: 58.0% -- 301/519
2018-05-13 21:11:03,469:INFO: Experiment Progress: 58.2% -- 302/519
2018-05-13 21:11:03,469:INFO: Experiment Progress: 58.4% -- 303/519
2018-05-13 21:11:03,469:INFO: Experiment Progress: 58.6% -- 304/519
2018-05-13 21:11:03,912:INFO: Experiment Progress: 58.8% -- 305/519
2018-05-13 21:11:04,227:INFO: Experiment Progress: 59.0% -- 306/519
2018-05-13 21:11:04,421:INFO: Experiment Progress: 59.2% -- 307/519
2018-05-13 21:11:04,649:INFO: Experiment Progress: 59.3% -- 308/519
2018-05-13 21:11:05,135:INFO: Experiment Progress: 59.5% -- 309/519
2018-05-13 21:11:05,224:INFO: Experiment Progress: 59.7% -- 310/519
2018-05-13 21:11:05,439:INFO: Experiment Progress: 59.9% -- 311/519
2018-05-13 21:11:05,907:INFO: Experiment Progress: 60.1% -- 312/519
2018-05-13 21:11:05,953:INFO: Experiment Progress: 60.3% -- 313/519
2018-05-13 21:11:06,161:INFO: Experiment Progress: 60.5% -- 314/519
2018-05-13 21:11:06,916:INFO: Experiment Progress: 60.7% -- 315/519
2018-05-13 21:11:07,434:INFO: Experiment Progress: 60.9% -- 316/519
2018-05-13 21:11:08,420:INFO: Experiment Progress: 61.1% -- 317/519
2018-05-13 21:11:08,421:INFO: Experiment Progress: 61.3% -- 318/519
2018-05-13 21:11:08,720:INFO: Experiment Progress: 61.5% -- 319/519
2018-05-13 21:11:09,890:INFO: Experiment Progress: 61.7% -- 320/519
2018-05-13 21:11:11,308:INFO: Experiment Progress: 61.8% -- 321/519
2018-05-13 21:11:11,309:INFO: Experiment Progress: 62.0% -- 322/519
2018-05-13 21:11:11,309:INFO: Experiment Progress: 62.2% -- 323/519
2018-05-13 21:11:11,310:INFO: Experiment Progress: 62.4% -- 324/519
2018-05-13 21:11:11,361:INFO: Experiment Progress: 62.6% -- 325/519
2018-05-13 21:11:11,615:INFO: Experiment Progress: 62.8% -- 326/519
2018-05-13 21:11:12,231:INFO: Experiment Progress: 63.0% -- 327/519
2018-05-13 21:11:12,231:INFO: Experiment Progress: 63.2% -- 328/519
2018-05-13 21:11:13,319:INFO: Experiment Progress: 63.4% -- 329/519
2018-05-13 21:11:13,319:INFO: Experiment Progress: 63.6% -- 330/519
2018-05-13 21:11:13,726:INFO: Experiment Progress: 63.8% -- 331/519
2018-05-13 21:11:14,770:INFO: Experiment Progress: 64.0% -- 332/519
2018-05-13 21:11:14,874:INFO: Experiment Progress: 64.2% -- 333/519
2018-05-13 21:11:15,550:INFO: Experiment Progress: 64.4% -- 334/519
2018-05-13 21:11:15,585:INFO: Experiment Progress: 64.5% -- 335/519
2018-05-13 21:11:15,934:INFO: Experiment Progress: 64.7% -- 336/519
2018-05-13 21:11:17,140:INFO: Experiment Progress: 64.9% -- 337/519
2018-05-13 21:11:17,917:INFO: Experiment Progress: 65.1% -- 338/519
2018-05-13 21:11:17,918:INFO: Experiment Progress: 65.3% -- 339/519
2018-05-13 21:11:17,918:INFO: Experiment Progress: 65.5% -- 340/519
2018-05-13 21:11:17,948:INFO: Experiment Progress: 65.7% -- 341/519
2018-05-13 21:11:18,901:INFO: Experiment Progress: 65.9% -- 342/519
2018-05-13 21:11:19,008:INFO: Experiment Progress: 66.1% -- 343/519
2018-05-13 21:11:19,849:INFO: Experiment Progress: 66.3% -- 344/519
2018-05-13 21:11:20,343:INFO: Experiment Progress: 66.5% -- 345/519
2018-05-13 21:11:20,343:INFO: Experiment Progress: 66.7% -- 346/519
2018-05-13 21:11:20,521:INFO: Experiment Progress: 66.9% -- 347/519
2018-05-13 21:11:20,622:INFO: Experiment Progress: 67.1% -- 348/519
2018-05-13 21:11:21,840:INFO: Experiment Progress: 67.2% -- 349/519
2018-05-13 21:11:21,974:INFO: Experiment Progress: 67.4% -- 350/519
2018-05-13 21:11:21,974:INFO: Experiment Progress: 67.6% -- 351/519
2018-05-13 21:11:22,907:INFO: Experiment Progress: 67.8% -- 352/519
2018-05-13 21:11:22,908:INFO: Experiment Progress: 68.0% -- 353/519
2018-05-13 21:11:22,908:INFO: Experiment Progress: 68.2% -- 354/519
2018-05-13 21:11:23,890:INFO: Experiment Progress: 68.4% -- 355/519
2018-05-13 21:11:23,890:INFO: Experiment Progress: 68.6% -- 356/519
2018-05-13 21:11:23,891:INFO: Experiment Progress: 68.8% -- 357/519
2018-05-13 21:11:25,054:INFO: Experiment Progress: 69.0% -- 358/519
2018-05-13 21:11:25,081:INFO: Experiment Progress: 69.2% -- 359/519
2018-05-13 21:11:25,082:INFO: Experiment Progress: 69.4% -- 360/519
2018-05-13 21:11:25,409:INFO: Experiment Progress: 69.6% -- 361/519
2018-05-13 21:11:27,163:INFO: Experiment Progress: 69.7% -- 362/519
2018-05-13 21:11:27,164:INFO: Experiment Progress: 69.9% -- 363/519
2018-05-13 21:11:27,164:INFO: Experiment Progress: 70.1% -- 364/519
2018-05-13 21:11:27,164:INFO: Experiment Progress: 70.3% -- 365/519
2018-05-13 21:11:27,165:INFO: Experiment Progress: 70.5% -- 366/519
2018-05-13 21:11:27,759:INFO: Experiment Progress: 70.7% -- 367/519
2018-05-13 21:11:27,759:INFO: Experiment Progress: 70.9% -- 368/519
2018-05-13 21:11:29,539:INFO: Experiment Progress: 71.1% -- 369/519
2018-05-13 21:11:29,539:INFO: Experiment Progress: 71.3% -- 370/519
2018-05-13 21:11:29,539:INFO: Experiment Progress: 71.5% -- 371/519
2018-05-13 21:11:29,539:INFO: Experiment Progress: 71.7% -- 372/519
2018-05-13 21:11:31,556:INFO: Experiment Progress: 71.9% -- 373/519
2018-05-13 21:11:31,556:INFO: Experiment Progress: 72.1% -- 374/519
2018-05-13 21:11:31,885:INFO: Experiment Progress: 72.3% -- 375/519
2018-05-13 21:11:31,886:INFO: Experiment Progress: 72.4% -- 376/519
2018-05-13 21:11:32,313:INFO: Experiment Progress: 72.6% -- 377/519
2018-05-13 21:11:32,865:INFO: Experiment Progress: 72.8% -- 378/519
2018-05-13 21:11:32,866:INFO: Experiment Progress: 73.0% -- 379/519
2018-05-13 21:11:33,051:INFO: Experiment Progress: 73.2% -- 380/519
2018-05-13 21:11:33,728:INFO: Experiment Progress: 73.4% -- 381/519
2018-05-13 21:11:34,064:INFO: Experiment Progress: 73.6% -- 382/519
2018-05-13 21:11:34,064:INFO: Experiment Progress: 73.8% -- 383/519
2018-05-13 21:11:34,492:INFO: Experiment Progress: 74.0% -- 384/519
2018-05-13 21:11:34,855:INFO: Experiment Progress: 74.2% -- 385/519
2018-05-13 21:11:34,856:INFO: Experiment Progress: 74.4% -- 386/519
2018-05-13 21:11:35,265:INFO: Experiment Progress: 74.6% -- 387/519
2018-05-13 21:11:35,595:INFO: Experiment Progress: 74.8% -- 388/519
2018-05-13 21:11:36,243:INFO: Experiment Progress: 75.0% -- 389/519
2018-05-13 21:11:36,243:INFO: Experiment Progress: 75.1% -- 390/519
2018-05-13 21:11:38,703:INFO: Experiment Progress: 75.3% -- 391/519
2018-05-13 21:11:38,704:INFO: Experiment Progress: 75.5% -- 392/519
2018-05-13 21:11:38,704:INFO: Experiment Progress: 75.7% -- 393/519
2018-05-13 21:11:38,704:INFO: Experiment Progress: 75.9% -- 394/519
2018-05-13 21:11:38,704:INFO: Experiment Progress: 76.1% -- 395/519
2018-05-13 21:11:38,760:INFO: Experiment Progress: 76.3% -- 396/519
2018-05-13 21:11:38,819:INFO: Experiment Progress: 76.5% -- 397/519
2018-05-13 21:11:39,827:INFO: Experiment Progress: 76.7% -- 398/519
2018-05-13 21:11:39,827:INFO: Experiment Progress: 76.9% -- 399/519
2018-05-13 21:11:39,828:INFO: Experiment Progress: 77.1% -- 400/519
2018-05-13 21:11:40,422:INFO: Experiment Progress: 77.3% -- 401/519
2018-05-13 21:11:40,547:INFO: Experiment Progress: 77.5% -- 402/519
2018-05-13 21:11:40,629:INFO: Experiment Progress: 77.6% -- 403/519
2018-05-13 21:11:41,016:INFO: Experiment Progress: 77.8% -- 404/519
2018-05-13 21:11:41,969:INFO: Experiment Progress: 78.0% -- 405/519
2018-05-13 21:11:42,559:INFO: Experiment Progress: 78.2% -- 406/519
2018-05-13 21:11:42,559:INFO: Experiment Progress: 78.4% -- 407/519
2018-05-13 21:11:42,595:INFO: Experiment Progress: 78.6% -- 408/519
2018-05-13 21:11:43,109:INFO: Experiment Progress: 78.8% -- 409/519
2018-05-13 21:11:43,327:INFO: Experiment Progress: 79.0% -- 410/519
2018-05-13 21:11:43,868:INFO: Experiment Progress: 79.2% -- 411/519
2018-05-13 21:11:44,068:INFO: Experiment Progress: 79.4% -- 412/519
2018-05-13 21:11:44,480:INFO: Experiment Progress: 79.6% -- 413/519
2018-05-13 21:11:45,837:INFO: Experiment Progress: 79.8% -- 414/519
2018-05-13 21:11:45,838:INFO: Experiment Progress: 80.0% -- 415/519
2018-05-13 21:11:45,838:INFO: Experiment Progress: 80.2% -- 416/519
2018-05-13 21:11:45,838:INFO: Experiment Progress: 80.3% -- 417/519
2018-05-13 21:11:46,180:INFO: Experiment Progress: 80.5% -- 418/519
2018-05-13 21:11:46,413:INFO: Experiment Progress: 80.7% -- 419/519
2018-05-13 21:11:46,587:INFO: Experiment Progress: 80.9% -- 420/519
2018-05-13 21:11:46,967:INFO: Experiment Progress: 81.1% -- 421/519
2018-05-13 21:11:47,241:INFO: Experiment Progress: 81.3% -- 422/519
2018-05-13 21:11:47,448:INFO: Experiment Progress: 81.5% -- 423/519
2018-05-13 21:11:49,020:INFO: Experiment Progress: 81.7% -- 424/519
2018-05-13 21:11:49,020:INFO: Experiment Progress: 81.9% -- 425/519
2018-05-13 21:11:49,021:INFO: Experiment Progress: 82.1% -- 426/519
2018-05-13 21:11:51,211:INFO: Experiment Progress: 82.3% -- 427/519
2018-05-13 21:11:51,211:INFO: Experiment Progress: 82.5% -- 428/519
2018-05-13 21:11:51,211:INFO: Experiment Progress: 82.7% -- 429/519
2018-05-13 21:11:51,211:INFO: Experiment Progress: 82.9% -- 430/519
2018-05-13 21:11:51,239:INFO: Experiment Progress: 83.0% -- 431/519
2018-05-13 21:11:51,240:INFO: Experiment Progress: 83.2% -- 432/519
2018-05-13 21:11:52,336:INFO: Experiment Progress: 83.4% -- 433/519
2018-05-13 21:11:53,216:INFO: Experiment Progress: 83.6% -- 434/519
2018-05-13 21:11:53,899:INFO: Experiment Progress: 83.8% -- 435/519
2018-05-13 21:11:53,899:INFO: Experiment Progress: 84.0% -- 436/519
2018-05-13 21:11:54,806:INFO: Experiment Progress: 84.2% -- 437/519
2018-05-13 21:11:54,806:INFO: Experiment Progress: 84.4% -- 438/519
2018-05-13 21:11:54,809:INFO: Experiment Progress: 84.6% -- 439/519
2018-05-13 21:11:56,144:INFO: Experiment Progress: 84.8% -- 440/519
2018-05-13 21:11:56,144:INFO: Experiment Progress: 85.0% -- 441/519
2018-05-13 21:11:56,144:INFO: Experiment Progress: 85.2% -- 442/519
2018-05-13 21:11:56,388:INFO: Experiment Progress: 85.4% -- 443/519
2018-05-13 21:11:56,824:INFO: Experiment Progress: 85.5% -- 444/519
2018-05-13 21:11:56,891:INFO: Experiment Progress: 85.7% -- 445/519
2018-05-13 21:11:57,173:INFO: Experiment Progress: 85.9% -- 446/519
2018-05-13 21:11:57,677:INFO: Experiment Progress: 86.1% -- 447/519
2018-05-13 21:11:57,677:INFO: Experiment Progress: 86.3% -- 448/519
2018-05-13 21:11:57,802:INFO: Experiment Progress: 86.5% -- 449/519
2018-05-13 21:11:58,497:INFO: Experiment Progress: 86.7% -- 450/519
2018-05-13 21:11:58,498:INFO: Experiment Progress: 86.9% -- 451/519
2018-05-13 21:11:58,604:INFO: Experiment Progress: 87.1% -- 452/519
2018-05-13 21:11:59,536:INFO: Experiment Progress: 87.3% -- 453/519
2018-05-13 21:11:59,536:INFO: Experiment Progress: 87.5% -- 454/519
2018-05-13 21:12:00,066:INFO: Experiment Progress: 87.7% -- 455/519
2018-05-13 21:12:00,244:INFO: Experiment Progress: 87.9% -- 456/519
2018-05-13 21:12:00,769:INFO: Experiment Progress: 88.1% -- 457/519
2018-05-13 21:12:01,268:INFO: Experiment Progress: 88.2% -- 458/519
2018-05-13 21:12:02,295:INFO: Experiment Progress: 88.4% -- 459/519
2018-05-13 21:12:02,894:INFO: Experiment Progress: 88.6% -- 460/519
2018-05-13 21:12:02,894:INFO: Experiment Progress: 88.8% -- 461/519
2018-05-13 21:12:07,878:INFO: Experiment Progress: 89.0% -- 462/519
2018-05-13 21:12:07,879:INFO: Experiment Progress: 89.2% -- 463/519
2018-05-13 21:12:07,879:INFO: Experiment Progress: 89.4% -- 464/519
2018-05-13 21:12:07,879:INFO: Experiment Progress: 89.6% -- 465/519
2018-05-13 21:12:07,879:INFO: Experiment Progress: 89.8% -- 466/519
2018-05-13 21:12:07,879:INFO: Experiment Progress: 90.0% -- 467/519
2018-05-13 21:12:07,880:INFO: Experiment Progress: 90.2% -- 468/519
2018-05-13 21:12:07,880:INFO: Experiment Progress: 90.4% -- 469/519
2018-05-13 21:12:08,722:INFO: Experiment Progress: 90.6% -- 470/519
2018-05-13 21:12:09,306:INFO: Experiment Progress: 90.8% -- 471/519
2018-05-13 21:12:09,306:INFO: Experiment Progress: 90.9% -- 472/519
2018-05-13 21:12:18,301:INFO: Experiment Progress: 91.1% -- 473/519
2018-05-13 21:12:18,302:INFO: Experiment Progress: 91.3% -- 474/519
2018-05-13 21:12:18,302:INFO: Experiment Progress: 91.5% -- 475/519
2018-05-13 21:12:18,302:INFO: Experiment Progress: 91.7% -- 476/519
2018-05-13 21:12:18,302:INFO: Experiment Progress: 91.9% -- 477/519
2018-05-13 21:12:18,302:INFO: Experiment Progress: 92.1% -- 478/519
2018-05-13 21:12:18,302:INFO: Experiment Progress: 92.3% -- 479/519
2018-05-13 21:12:18,882:INFO: Experiment Progress: 92.5% -- 480/519
2018-05-13 21:12:18,882:INFO: Experiment Progress: 92.7% -- 481/519
2018-05-13 21:12:18,883:INFO: Experiment Progress: 92.9% -- 482/519
2018-05-13 21:12:18,883:INFO: Experiment Progress: 93.1% -- 483/519
2018-05-13 21:12:18,883:INFO: Experiment Progress: 93.3% -- 484/519
2018-05-13 21:12:20,674:INFO: Experiment Progress: 93.4% -- 485/519
2018-05-13 21:12:20,675:INFO: Experiment Progress: 93.6% -- 486/519
2018-05-13 21:12:20,675:INFO: Experiment Progress: 93.8% -- 487/519
2018-05-13 21:12:20,675:INFO: Experiment Progress: 94.0% -- 488/519
2018-05-13 21:12:20,726:INFO: Experiment Progress: 94.2% -- 489/519
2018-05-13 21:12:21,016:INFO: Experiment Progress: 94.4% -- 490/519
2018-05-13 21:12:21,592:INFO: Experiment Progress: 94.6% -- 491/519
2018-05-13 21:12:21,593:INFO: Experiment Progress: 94.8% -- 492/519
2018-05-13 21:12:22,270:INFO: Experiment Progress: 95.0% -- 493/519
2018-05-13 21:12:23,116:INFO: Experiment Progress: 95.2% -- 494/519
2018-05-13 21:12:23,340:INFO: Experiment Progress: 95.4% -- 495/519
2018-05-13 21:12:24,724:INFO: Experiment Progress: 95.6% -- 496/519
2018-05-13 21:12:24,725:INFO: Experiment Progress: 95.8% -- 497/519
2018-05-13 21:12:24,725:INFO: Experiment Progress: 96.0% -- 498/519
2018-05-13 21:12:24,725:INFO: Experiment Progress: 96.1% -- 499/519
2018-05-13 21:12:26,382:INFO: Experiment Progress: 96.3% -- 500/519
2018-05-13 21:12:26,382:INFO: Experiment Progress: 96.5% -- 501/519
2018-05-13 21:12:26,382:INFO: Experiment Progress: 96.7% -- 502/519
2018-05-13 21:12:26,386:INFO: Experiment Progress: 96.9% -- 503/519
2018-05-13 21:12:27,235:INFO: Experiment Progress: 97.1% -- 504/519
2018-05-13 21:12:27,238:INFO: Experiment Progress: 97.3% -- 505/519
2018-05-13 21:12:27,490:INFO: Experiment Progress: 97.5% -- 506/519
2018-05-13 21:12:27,914:INFO: Experiment Progress: 97.7% -- 507/519
2018-05-13 21:12:27,987:INFO: Experiment Progress: 97.9% -- 508/519
2018-05-13 21:12:29,657:INFO: Experiment Progress: 98.1% -- 509/519
2018-05-13 21:12:29,657:INFO: Experiment Progress: 98.3% -- 510/519
2018-05-13 21:12:29,657:INFO: Experiment Progress: 98.5% -- 511/519
2018-05-13 21:12:32,034:INFO: Experiment Progress: 98.7% -- 512/519
2018-05-13 21:12:32,034:INFO: Experiment Progress: 98.8% -- 513/519
2018-05-13 21:12:32,034:INFO: Experiment Progress: 99.0% -- 514/519
2018-05-13 21:12:32,034:INFO: Experiment Progress: 99.2% -- 515/519
2018-05-13 21:12:32,034:INFO: Experiment Progress: 99.4% -- 516/519
2018-05-13 21:12:32,500:INFO: Experiment Progress: 99.6% -- 517/519
2018-05-13 21:12:33,805:INFO: Experiment Progress: 99.8% -- 518/519
2018-05-13 21:12:33,805:INFO: Experiment Progress: 100.0% -- 519/519
