2018-10-30 17:33:55,090:INFO: Disease Protein Prediction in the PPI Network
2018-10-30 17:33:55,090:INFO: Sabri Eyuboglu  -- SNAP Group
2018-10-30 17:33:55,091:INFO: ======================================
2018-10-30 17:33:55,091:INFO: Loading PPI Network...
2018-10-30 17:34:05,189:INFO: Loading Disease Associations...
2018-10-30 17:34:51,987:INFO: Disease Protein Prediction in the PPI Network
2018-10-30 17:34:51,987:INFO: Sabri Eyuboglu  -- SNAP Group
2018-10-30 17:34:51,987:INFO: ======================================
2018-10-30 17:34:51,987:INFO: Loading PPI Network...
2018-10-30 17:34:59,935:INFO: Loading Disease Associations...
2018-10-30 17:35:27,333:INFO: Disease Protein Prediction in the PPI Network
2018-10-30 17:35:27,333:INFO: Sabri Eyuboglu  -- SNAP Group
2018-10-30 17:35:27,333:INFO: ======================================
2018-10-30 17:35:27,333:INFO: Loading PPI Network...
2018-10-30 17:35:35,403:INFO: Loading Disease Associations...
2018-10-30 17:35:46,796:INFO: Disease Protein Prediction in the PPI Network
2018-10-30 17:35:46,796:INFO: Sabri Eyuboglu  -- SNAP Group
2018-10-30 17:35:46,796:INFO: ======================================
2018-10-30 17:35:46,796:INFO: Loading PPI Network...
2018-10-30 17:35:54,802:INFO: Loading Disease Associations...
2018-10-30 17:37:31,529:INFO: Disease Protein Prediction in the PPI Network
2018-10-30 17:37:31,532:INFO: Sabri Eyuboglu  -- SNAP Group
2018-10-30 17:37:31,532:INFO: ======================================
2018-10-30 17:37:31,532:INFO: Loading PPI Network...
2018-10-30 17:37:39,816:INFO: Loading Disease Associations...
2018-10-30 17:40:13,246:INFO: Disease Protein Prediction in the PPI Network
2018-10-30 17:40:13,246:INFO: Sabri Eyuboglu  -- SNAP Group
2018-10-30 17:40:13,246:INFO: ======================================
2018-10-30 17:40:13,246:INFO: Loading PPI Network...
2018-10-30 17:40:21,139:INFO: Loading Disease Associations...
2018-10-30 17:41:03,872:INFO: Disease Protein Prediction in the PPI Network
2018-10-30 17:41:03,872:INFO: Sabri Eyuboglu  -- SNAP Group
2018-10-30 17:41:03,872:INFO: ======================================
2018-10-30 17:41:03,872:INFO: Loading PPI Network...
2018-10-30 17:41:11,685:INFO: Loading Disease Associations...
2018-10-30 17:41:41,949:INFO: Disease Protein Prediction in the PPI Network
2018-10-30 17:41:41,949:INFO: Sabri Eyuboglu  -- SNAP Group
2018-10-30 17:41:41,949:INFO: ======================================
2018-10-30 17:41:41,949:INFO: Loading PPI Network...
2018-10-30 17:41:49,390:INFO: Loading Disease Associations...
2018-10-30 17:42:19,505:INFO: Disease Protein Prediction in the PPI Network
2018-10-30 17:42:19,505:INFO: Sabri Eyuboglu  -- SNAP Group
2018-10-30 17:42:19,505:INFO: ======================================
2018-10-30 17:42:19,505:INFO: Loading PPI Network...
2018-10-30 17:42:27,096:INFO: Loading Disease Associations...
2018-10-30 17:44:18,534:INFO: Disease Protein Prediction in the PPI Network
2018-10-30 17:44:18,535:INFO: Sabri Eyuboglu  -- SNAP Group
2018-10-30 17:44:18,535:INFO: ======================================
2018-10-30 17:44:18,535:INFO: Loading PPI Network...
2018-10-30 17:44:27,627:INFO: Loading Disease Associations...
2018-10-30 17:44:31,111:INFO: Disease Protein Prediction in the PPI Network
2018-10-30 17:44:31,111:INFO: Sabri Eyuboglu  -- SNAP Group
2018-10-30 17:44:31,111:INFO: ======================================
2018-10-30 17:44:31,111:INFO: Loading PPI Network...
2018-10-30 17:44:40,083:INFO: Loading Disease Associations...
2018-10-30 17:58:02,060:INFO: Disease Protein Prediction in the PPI Network
2018-10-30 17:58:02,060:INFO: Sabri Eyuboglu  -- SNAP Group
2018-10-30 17:58:02,060:INFO: ======================================
2018-10-30 17:58:02,060:INFO: Loading PPI Network...
2018-10-30 17:58:10,533:INFO: Loading Disease Associations...
2018-10-30 18:00:03,220:INFO: Disease Protein Prediction in the PPI Network
2018-10-30 18:00:03,220:INFO: Sabri Eyuboglu  -- SNAP Group
2018-10-30 18:00:03,220:INFO: ======================================
2018-10-30 18:00:03,220:INFO: Loading PPI Network...
2018-10-30 18:00:11,173:INFO: Loading Disease Associations...
2018-10-30 18:04:01,801:INFO: Disease Protein Prediction in the PPI Network
2018-10-30 18:04:01,801:INFO: Sabri Eyuboglu  -- SNAP Group
2018-10-30 18:04:01,801:INFO: ======================================
2018-10-30 18:04:01,801:INFO: Loading PPI Network...
2018-10-30 18:04:10,109:INFO: Loading Disease Associations...
2018-10-30 18:06:09,277:INFO: Disease Protein Prediction in the PPI Network
2018-10-30 18:06:09,277:INFO: Sabri Eyuboglu  -- SNAP Group
2018-10-30 18:06:09,277:INFO: ======================================
2018-10-30 18:06:09,277:INFO: Loading PPI Network...
2018-10-30 18:06:17,287:INFO: Loading Disease Associations...
2018-10-30 18:06:41,855:INFO: Disease Protein Prediction in the PPI Network
2018-10-30 18:06:41,856:INFO: Sabri Eyuboglu  -- SNAP Group
2018-10-30 18:06:41,856:INFO: ======================================
2018-10-30 18:06:41,856:INFO: Loading PPI Network...
2018-10-30 18:06:50,117:INFO: Loading Disease Associations...
2018-10-30 18:09:42,566:INFO: Disease Protein Prediction in the PPI Network
2018-10-30 18:09:42,566:INFO: Sabri Eyuboglu  -- SNAP Group
2018-10-30 18:09:42,566:INFO: ======================================
2018-10-30 18:09:42,566:INFO: Loading PPI Network...
2018-10-30 18:09:50,522:INFO: Loading Disease Associations...
2018-10-30 18:28:03,766:INFO: Disease Protein Prediction in the PPI Network
2018-10-30 18:28:03,766:INFO: Sabri Eyuboglu  -- SNAP Group
2018-10-30 18:28:03,767:INFO: ======================================
2018-10-30 18:28:03,767:INFO: Loading PPI Network...
2018-10-30 18:28:12,429:INFO: Loading Disease Associations...
2018-10-30 18:28:48,689:INFO: Disease Protein Prediction in the PPI Network
2018-10-30 18:28:48,689:INFO: Sabri Eyuboglu  -- SNAP Group
2018-10-30 18:28:48,689:INFO: ======================================
2018-10-30 18:28:48,689:INFO: Loading PPI Network...
2018-10-30 18:28:56,972:INFO: Loading Disease Associations...
2018-10-30 18:30:12,977:INFO: Disease Protein Prediction in the PPI Network
2018-10-30 18:30:12,977:INFO: Sabri Eyuboglu  -- SNAP Group
2018-10-30 18:30:12,977:INFO: ======================================
2018-10-30 18:30:12,977:INFO: Loading PPI Network...
2018-10-30 18:30:21,414:INFO: Loading Disease Associations...
2018-10-30 18:31:09,479:INFO: Disease Protein Prediction in the PPI Network
2018-10-30 18:31:09,479:INFO: Sabri Eyuboglu  -- SNAP Group
2018-10-30 18:31:09,479:INFO: ======================================
2018-10-30 18:31:09,479:INFO: Loading PPI Network...
2018-10-30 18:31:17,444:INFO: Loading Disease Associations...
2018-10-30 18:31:52,158:INFO: Disease Protein Prediction in the PPI Network
2018-10-30 18:31:52,158:INFO: Sabri Eyuboglu  -- SNAP Group
2018-10-30 18:31:52,158:INFO: ======================================
2018-10-30 18:31:52,158:INFO: Loading PPI Network...
2018-10-30 18:32:00,192:INFO: Loading Disease Associations...
2018-10-30 18:34:37,893:INFO: Disease Protein Prediction in the PPI Network
2018-10-30 18:34:37,893:INFO: Sabri Eyuboglu  -- SNAP Group
2018-10-30 18:34:37,894:INFO: ======================================
2018-10-30 18:34:37,894:INFO: Loading PPI Network...
2018-10-30 18:34:45,795:INFO: Loading Disease Associations...
2018-10-30 18:35:38,903:INFO: Disease Protein Prediction in the PPI Network
2018-10-30 18:35:38,903:INFO: Sabri Eyuboglu  -- SNAP Group
2018-10-30 18:35:38,903:INFO: ======================================
2018-10-30 18:35:38,903:INFO: Loading PPI Network...
2018-10-30 18:35:46,745:INFO: Loading Disease Associations...
2018-10-30 18:36:49,709:INFO: Disease Protein Prediction in the PPI Network
2018-10-30 18:36:49,709:INFO: Sabri Eyuboglu  -- SNAP Group
2018-10-30 18:36:49,709:INFO: ======================================
2018-10-30 18:36:49,709:INFO: Loading PPI Network...
2018-10-30 18:36:57,604:INFO: Loading Disease Associations...
2018-10-30 18:40:01,716:INFO: Disease Protein Prediction in the PPI Network
2018-10-30 18:40:01,716:INFO: Sabri Eyuboglu  -- SNAP Group
2018-10-30 18:40:01,716:INFO: ======================================
2018-10-30 18:40:01,716:INFO: Loading PPI Network...
2018-10-30 18:40:09,923:INFO: Loading Disease Associations...
2018-10-30 18:40:28,935:INFO: Starting training for 50 epoch(s)
2018-10-30 18:40:28,938:INFO: Epoch 1/50
2018-10-30 18:40:28,938:INFO: Train
2018-10-30 18:41:11,353:INFO: Disease Protein Prediction in the PPI Network
2018-10-30 18:41:11,353:INFO: Sabri Eyuboglu  -- SNAP Group
2018-10-30 18:41:11,353:INFO: ======================================
2018-10-30 18:41:11,353:INFO: Loading PPI Network...
2018-10-30 18:41:19,444:INFO: Loading Disease Associations...
2018-10-30 18:41:38,246:INFO: Starting training for 50 epoch(s)
2018-10-30 18:41:38,247:INFO: Epoch 1/50
2018-10-30 18:41:38,248:INFO: Train
2018-10-30 18:42:06,981:INFO: Disease Protein Prediction in the PPI Network
2018-10-30 18:42:06,981:INFO: Sabri Eyuboglu  -- SNAP Group
2018-10-30 18:42:06,981:INFO: ======================================
2018-10-30 18:42:06,981:INFO: Loading PPI Network...
2018-10-30 18:42:15,084:INFO: Loading Disease Associations...
2018-10-30 18:42:31,855:INFO: Starting training for 50 epoch(s)
2018-10-30 18:42:31,856:INFO: Epoch 1/50
2018-10-30 18:42:31,857:INFO: Train
2018-10-30 18:45:46,635:INFO: Disease Protein Prediction in the PPI Network
2018-10-30 18:45:46,635:INFO: Sabri Eyuboglu  -- SNAP Group
2018-10-30 18:45:46,635:INFO: ======================================
2018-10-30 18:45:46,635:INFO: Loading PPI Network...
2018-10-30 18:45:54,584:INFO: Loading Disease Associations...
2018-10-30 18:46:16,104:INFO: Starting training for 50 epoch(s)
2018-10-30 18:46:16,105:INFO: Epoch 1/50
2018-10-30 18:46:16,106:INFO: Train
2018-10-30 18:46:27,618:INFO: Disease Protein Prediction in the PPI Network
2018-10-30 18:46:27,618:INFO: Sabri Eyuboglu  -- SNAP Group
2018-10-30 18:46:27,618:INFO: ======================================
2018-10-30 18:46:27,618:INFO: Loading PPI Network...
2018-10-30 18:46:36,081:INFO: Loading Disease Associations...
2018-10-30 18:46:55,289:INFO: Starting training for 50 epoch(s)
2018-10-30 18:46:55,292:INFO: Epoch 1/50
2018-10-30 18:46:55,292:INFO: Train
2018-10-30 18:48:00,189:INFO: Disease Protein Prediction in the PPI Network
2018-10-30 18:48:00,189:INFO: Sabri Eyuboglu  -- SNAP Group
2018-10-30 18:48:00,190:INFO: ======================================
2018-10-30 18:48:00,190:INFO: Loading PPI Network...
2018-10-30 18:48:08,105:INFO: Loading Disease Associations...
2018-10-30 18:48:24,518:INFO: Starting training for 50 epoch(s)
2018-10-30 18:48:24,522:INFO: Epoch 1/50
2018-10-30 18:48:24,522:INFO: Train
2018-10-30 18:49:17,986:INFO: Disease Protein Prediction in the PPI Network
2018-10-30 18:49:17,986:INFO: Sabri Eyuboglu  -- SNAP Group
2018-10-30 18:49:17,986:INFO: ======================================
2018-10-30 18:49:17,986:INFO: Loading PPI Network...
2018-10-30 18:49:25,786:INFO: Loading Disease Associations...
2018-10-30 18:49:42,328:INFO: Starting training for 50 epoch(s)
2018-10-30 18:49:42,329:INFO: Epoch 1/50
2018-10-30 18:49:42,329:INFO: Train
2018-10-30 18:51:27,142:INFO: Disease Protein Prediction in the PPI Network
2018-10-30 18:51:27,142:INFO: Sabri Eyuboglu  -- SNAP Group
2018-10-30 18:51:27,142:INFO: ======================================
2018-10-30 18:51:27,142:INFO: Loading PPI Network...
2018-10-30 18:51:35,211:INFO: Loading Disease Associations...
2018-10-30 18:51:52,542:INFO: Starting training for 50 epoch(s)
2018-10-30 18:51:52,543:INFO: Epoch 1/50
2018-10-30 18:51:52,543:INFO: Train
2018-10-30 18:53:57,716:INFO: Disease Protein Prediction in the PPI Network
2018-10-30 18:53:57,716:INFO: Sabri Eyuboglu  -- SNAP Group
2018-10-30 18:53:57,716:INFO: ======================================
2018-10-30 18:53:57,716:INFO: Loading PPI Network...
2018-10-30 18:54:06,337:INFO: Loading Disease Associations...
2018-10-30 18:55:32,103:INFO: Disease Protein Prediction in the PPI Network
2018-10-30 18:55:32,103:INFO: Sabri Eyuboglu  -- SNAP Group
2018-10-30 18:55:32,103:INFO: ======================================
2018-10-30 18:55:32,103:INFO: Loading PPI Network...
2018-10-30 18:55:40,242:INFO: Loading Disease Associations...
2018-10-30 18:55:58,424:INFO: Starting training for 50 epoch(s)
2018-10-30 18:55:58,427:INFO: Epoch 1/50
2018-10-30 18:55:58,427:INFO: Train
2018-10-30 18:56:32,997:INFO: Disease Protein Prediction in the PPI Network
2018-10-30 18:56:32,997:INFO: Sabri Eyuboglu  -- SNAP Group
2018-10-30 18:56:32,997:INFO: ======================================
2018-10-30 18:56:32,997:INFO: Loading PPI Network...
2018-10-30 18:56:40,927:INFO: Loading Disease Associations...
2018-10-30 18:56:57,679:INFO: Starting training for 50 epoch(s)
2018-10-30 18:56:57,681:INFO: Epoch 1/50
2018-10-30 18:56:57,681:INFO: Train
2018-10-31 09:11:44,092:INFO: Disease Protein Prediction in the PPI Network
2018-10-31 09:11:44,092:INFO: Sabri Eyuboglu  -- SNAP Group
2018-10-31 09:11:44,092:INFO: ======================================
2018-10-31 09:11:44,092:INFO: Loading PPI Network...
2018-10-31 09:11:52,450:INFO: Loading Disease Associations...
2018-10-31 09:12:11,291:INFO: Starting training for 50 epoch(s)
2018-10-31 09:12:11,293:INFO: Epoch 1/50
2018-10-31 09:12:11,293:INFO: Train
2018-10-31 09:19:38,100:INFO: Disease Protein Prediction in the PPI Network
2018-10-31 09:19:38,100:INFO: Sabri Eyuboglu  -- SNAP Group
2018-10-31 09:19:38,100:INFO: ======================================
2018-10-31 09:19:38,100:INFO: Loading PPI Network...
2018-10-31 09:19:45,761:INFO: Loading Disease Associations...
2018-10-31 09:20:03,389:INFO: Starting training for 50 epoch(s)
2018-10-31 09:20:17,683:INFO: Disease Protein Prediction in the PPI Network
2018-10-31 09:20:17,683:INFO: Sabri Eyuboglu  -- SNAP Group
2018-10-31 09:20:17,683:INFO: ======================================
2018-10-31 09:20:17,683:INFO: Loading PPI Network...
2018-10-31 09:20:25,573:INFO: Loading Disease Associations...
2018-10-31 09:20:38,737:INFO: Starting training for 50 epoch(s)
2018-10-31 09:20:38,737:INFO: Epoch 1/50
2018-10-31 09:20:38,738:INFO: Train
2018-10-31 09:32:09,486:INFO: Disease Protein Prediction in the PPI Network
2018-10-31 09:32:09,486:INFO: Sabri Eyuboglu  -- SNAP Group
2018-10-31 09:32:09,486:INFO: ======================================
2018-10-31 09:32:09,486:INFO: Loading PPI Network...
2018-10-31 09:32:17,420:INFO: Loading Disease Associations...
2018-10-31 09:32:35,503:INFO: Starting training for 50 epoch(s)
2018-10-31 09:32:35,505:INFO: Epoch 1/50
2018-10-31 09:32:35,506:INFO: Train
2018-10-31 09:59:02,670:INFO: Disease Protein Prediction in the PPI Network
2018-10-31 09:59:02,671:INFO: Sabri Eyuboglu  -- SNAP Group
2018-10-31 09:59:02,671:INFO: ======================================
2018-10-31 09:59:02,671:INFO: Loading PPI Network...
2018-10-31 09:59:10,020:INFO: Loading Disease Associations...
2018-10-31 09:59:23,306:INFO: Starting training for 50 epoch(s)
2018-10-31 09:59:23,306:INFO: Epoch 1/50
2018-10-31 09:59:23,306:INFO: Train
2018-10-31 10:17:18,891:INFO: Disease Protein Prediction in the PPI Network
2018-10-31 10:17:18,891:INFO: Sabri Eyuboglu  -- SNAP Group
2018-10-31 10:17:18,891:INFO: ======================================
2018-10-31 10:17:18,891:INFO: Loading PPI Network...
2018-10-31 10:17:26,694:INFO: Loading Disease Associations...
2018-10-31 10:17:46,248:INFO: Starting training for 50 epoch(s)
2018-10-31 10:17:46,251:INFO: Epoch 1/50
2018-10-31 10:17:46,251:INFO: Train
2018-10-31 13:43:23,237:INFO: Disease Protein Prediction in the PPI Network
2018-10-31 13:43:23,238:INFO: Sabri Eyuboglu  -- SNAP Group
2018-10-31 13:43:23,238:INFO: ======================================
2018-10-31 13:43:23,238:INFO: Loading PPI Network...
2018-10-31 13:43:31,853:INFO: Loading Disease Associations...
2018-10-31 13:43:51,970:INFO: Starting training for 50 epoch(s)
2018-10-31 13:43:51,974:INFO: Epoch 1/50
2018-10-31 13:43:51,974:INFO: Train
2018-10-31 13:46:39,162:INFO: Disease Protein Prediction in the PPI Network
2018-10-31 13:46:39,162:INFO: Sabri Eyuboglu  -- SNAP Group
2018-10-31 13:46:39,162:INFO: ======================================
2018-10-31 13:46:39,162:INFO: Loading PPI Network...
2018-10-31 13:46:46,759:INFO: Loading Disease Associations...
2018-10-31 13:47:03,400:INFO: Starting training for 50 epoch(s)
2018-10-31 13:47:03,401:INFO: Epoch 1/50
2018-10-31 13:47:03,402:INFO: Train
2018-10-31 13:48:06,370:INFO: - Train metrics: recall_at_100: 0.000 ; loss: 0.889
2018-10-31 13:48:06,418:INFO: Evaluate
2018-10-31 14:16:44,883:INFO: Disease Protein Prediction in the PPI Network
2018-10-31 14:16:44,883:INFO: Sabri Eyuboglu  -- SNAP Group
2018-10-31 14:16:44,883:INFO: ======================================
2018-10-31 14:16:44,883:INFO: Loading PPI Network...
2018-10-31 14:16:53,277:INFO: Loading Disease Associations...
2018-10-31 14:17:09,340:INFO: Starting training for 50 epoch(s)
2018-10-31 14:17:09,342:INFO: Epoch 1/50
2018-10-31 14:17:09,342:INFO: Train
2018-10-31 14:18:14,552:INFO: - Train metrics: recall_at_100: 0.000 ; loss: 0.887
2018-10-31 14:18:14,592:INFO: Evaluate
2018-10-31 14:18:36,360:INFO: Disease Protein Prediction in the PPI Network
2018-10-31 14:18:36,360:INFO: Sabri Eyuboglu  -- SNAP Group
2018-10-31 14:18:36,360:INFO: ======================================
2018-10-31 14:18:36,360:INFO: Loading PPI Network...
2018-10-31 14:18:44,128:INFO: Loading Disease Associations...
2018-10-31 14:18:59,161:INFO: Starting training for 50 epoch(s)
2018-10-31 14:18:59,164:INFO: Epoch 1/50
2018-10-31 14:18:59,164:INFO: Train
2018-10-31 14:20:00,879:INFO: - Train metrics: recall_at_100: 0.011 ; loss: 0.890
2018-10-31 14:20:00,932:INFO: Evaluate
2018-10-31 14:21:27,447:INFO: Disease Protein Prediction in the PPI Network
2018-10-31 14:21:27,448:INFO: Sabri Eyuboglu  -- SNAP Group
2018-10-31 14:21:27,448:INFO: ======================================
2018-10-31 14:21:27,448:INFO: Loading PPI Network...
2018-10-31 14:21:35,225:INFO: Loading Disease Associations...
2018-10-31 14:21:51,590:INFO: Starting training for 50 epoch(s)
2018-10-31 14:21:51,591:INFO: Epoch 1/50
2018-10-31 14:21:51,591:INFO: Train
2018-10-31 14:24:24,687:INFO: Disease Protein Prediction in the PPI Network
2018-10-31 14:24:24,687:INFO: Sabri Eyuboglu  -- SNAP Group
2018-10-31 14:24:24,687:INFO: ======================================
2018-10-31 14:24:24,687:INFO: Loading PPI Network...
2018-10-31 14:24:32,143:INFO: Loading Disease Associations...
2018-10-31 14:24:46,602:INFO: Starting training for 50 epoch(s)
2018-10-31 14:24:46,605:INFO: Epoch 1/50
2018-10-31 14:24:46,605:INFO: Train
2018-10-31 14:26:06,016:INFO: - Train metrics: recall_at_100: 0.015 ; loss: 1.376
2018-10-31 14:26:06,091:INFO: Evaluate
2018-10-31 14:31:37,599:INFO: Disease Protein Prediction in the PPI Network
2018-10-31 14:31:37,599:INFO: Sabri Eyuboglu  -- SNAP Group
2018-10-31 14:31:37,599:INFO: ======================================
2018-10-31 14:31:37,599:INFO: Loading PPI Network...
2018-10-31 14:31:45,448:INFO: Loading Disease Associations...
2018-10-31 14:32:01,306:INFO: Starting training for 50 epoch(s)
2018-10-31 14:32:01,309:INFO: Epoch 1/50
2018-10-31 14:32:01,309:INFO: Train
2018-10-31 14:32:35,037:INFO: Disease Protein Prediction in the PPI Network
2018-10-31 14:32:35,037:INFO: Sabri Eyuboglu  -- SNAP Group
2018-10-31 14:32:35,037:INFO: ======================================
2018-10-31 14:32:35,037:INFO: Loading PPI Network...
2018-10-31 14:32:43,187:INFO: Loading Disease Associations...
2018-10-31 14:33:00,233:INFO: Starting training for 50 epoch(s)
2018-10-31 14:33:00,235:INFO: Epoch 1/50
2018-10-31 14:33:00,235:INFO: Train
2018-10-31 14:33:54,985:INFO: - Train metrics: recall_at_100: 0.080 ; loss: 0.695
2018-10-31 14:33:55,026:INFO: Evaluate
2018-10-31 14:38:57,151:INFO: Disease Protein Prediction in the PPI Network
2018-10-31 14:38:57,151:INFO: Sabri Eyuboglu  -- SNAP Group
2018-10-31 14:38:57,151:INFO: ======================================
2018-10-31 14:38:57,152:INFO: Loading PPI Network...
2018-10-31 14:39:04,974:INFO: Loading Disease Associations...
2018-10-31 14:39:37,259:INFO: Disease Protein Prediction in the PPI Network
2018-10-31 14:39:37,259:INFO: Sabri Eyuboglu  -- SNAP Group
2018-10-31 14:39:37,259:INFO: ======================================
2018-10-31 14:39:37,259:INFO: Loading PPI Network...
2018-10-31 14:39:45,337:INFO: Loading Disease Associations...
2018-10-31 14:40:02,000:INFO: Starting training for 50 epoch(s)
2018-10-31 14:40:02,005:INFO: Epoch 1/50
2018-10-31 14:40:02,006:INFO: Train
2018-10-31 14:40:56,029:INFO: - Train metrics: recall_at_100: 0.084 ; loss: 0.695
2018-10-31 14:40:56,080:INFO: Evaluate
2018-10-31 14:46:34,562:INFO: Disease Protein Prediction in the PPI Network
2018-10-31 14:46:34,562:INFO: Sabri Eyuboglu  -- SNAP Group
2018-10-31 14:46:34,562:INFO: ======================================
2018-10-31 14:46:34,562:INFO: Loading PPI Network...
2018-10-31 14:46:42,012:INFO: Loading Disease Associations...
2018-10-31 14:46:57,704:INFO: Starting training for 50 epoch(s)
2018-10-31 14:46:57,707:INFO: Epoch 1/50
2018-10-31 14:46:57,707:INFO: Train
2018-10-31 14:47:56,923:INFO: - Train metrics: recall_at_100: 0.149 ; loss: 0.694
2018-10-31 14:47:56,963:INFO: Evaluate
2018-10-31 14:55:01,288:INFO: Disease Protein Prediction in the PPI Network
2018-10-31 14:55:01,288:INFO: Sabri Eyuboglu  -- SNAP Group
2018-10-31 14:55:01,288:INFO: ======================================
2018-10-31 14:55:01,288:INFO: Loading PPI Network...
2018-10-31 14:55:09,057:INFO: Loading Disease Associations...
2018-10-31 14:55:26,557:INFO: Starting training for 50 epoch(s)
2018-10-31 14:55:26,561:INFO: Epoch 1/50
2018-10-31 14:55:26,561:INFO: Train
2018-10-31 14:56:26,665:INFO: - Train metrics: recall_at_100: 0.161 ; loss: 0.694
2018-10-31 14:56:26,703:INFO: Evaluate
2018-10-31 14:58:03,472:INFO: Disease Protein Prediction in the PPI Network
2018-10-31 14:58:03,472:INFO: Sabri Eyuboglu  -- SNAP Group
2018-10-31 14:58:03,472:INFO: ======================================
2018-10-31 14:58:03,472:INFO: Loading PPI Network...
2018-10-31 14:58:11,098:INFO: Loading Disease Associations...
2018-10-31 14:58:25,449:INFO: Starting training for 50 epoch(s)
2018-10-31 14:58:25,449:INFO: Epoch 1/50
2018-10-31 14:58:25,449:INFO: Train
2018-10-31 14:59:19,660:INFO: - Train metrics: recall_at_100: 0.152 ; loss: 0.694
2018-10-31 14:59:19,708:INFO: Evaluate
2018-10-31 14:59:37,263:INFO: - Evaluate metrics: recall_at_100: 0.154 ; loss: 0.694
2018-10-31 15:00:31,612:INFO: Disease Protein Prediction in the PPI Network
2018-10-31 15:00:31,612:INFO: Sabri Eyuboglu  -- SNAP Group
2018-10-31 15:00:31,612:INFO: ======================================
2018-10-31 15:00:31,612:INFO: Loading PPI Network...
2018-10-31 15:00:39,128:INFO: Loading Disease Associations...
2018-10-31 15:00:54,429:INFO: Starting training for 50 epoch(s)
2018-10-31 15:00:54,430:INFO: Epoch 1/50
2018-10-31 15:00:54,430:INFO: Train
2018-10-31 15:01:50,271:INFO: - Train metrics: recall_at_100: 0.160 ; loss: 0.694
2018-10-31 15:01:50,322:INFO: Evaluate
2018-10-31 15:02:09,169:INFO: - Evaluate metrics: recall_at_100: 0.122 ; loss: 0.694
2018-10-31 15:05:34,821:INFO: Disease Protein Prediction in the PPI Network
2018-10-31 15:05:34,821:INFO: Sabri Eyuboglu  -- SNAP Group
2018-10-31 15:05:34,821:INFO: ======================================
2018-10-31 15:05:34,821:INFO: Loading PPI Network...
2018-10-31 15:05:43,011:INFO: Loading Disease Associations...
2018-10-31 15:06:00,724:INFO: Starting training for 50 epoch(s)
2018-10-31 15:06:50,901:INFO: Disease Protein Prediction in the PPI Network
2018-10-31 15:06:50,901:INFO: Sabri Eyuboglu  -- SNAP Group
2018-10-31 15:06:50,902:INFO: ======================================
2018-10-31 15:06:50,902:INFO: Loading PPI Network...
2018-10-31 15:06:58,826:INFO: Loading Disease Associations...
2018-10-31 15:07:14,043:INFO: Starting training for 50 epoch(s)
2018-10-31 15:07:14,045:INFO: Epoch 1/50
2018-10-31 15:07:14,045:INFO: Train
2018-10-31 15:08:09,834:INFO: - Train metrics: recall_at_100: 0.155 ; loss: 0.694
2018-10-31 15:08:09,880:INFO: Evaluate
2018-10-31 15:08:28,002:INFO: - Evaluate metrics: recall_at_100: 0.139 ; loss: 0.694
2018-10-31 15:08:28,442:INFO: - Found new best recall_at_100
2018-10-31 15:12:37,358:INFO: Disease Protein Prediction in the PPI Network
2018-10-31 15:12:37,358:INFO: Sabri Eyuboglu  -- SNAP Group
2018-10-31 15:12:37,358:INFO: ======================================
2018-10-31 15:12:37,358:INFO: Loading PPI Network...
2018-10-31 15:12:45,172:INFO: Loading Disease Associations...
2018-10-31 15:13:01,253:INFO: Starting training for 50 epoch(s)
2018-10-31 15:13:01,256:INFO: Epoch 1/50
2018-10-31 15:13:01,256:INFO: Train
2018-10-31 15:13:55,101:INFO: - Train metrics: recall_at_100: 0.154 ; loss: 0.694
2018-10-31 15:13:55,147:INFO: Evaluate
2018-10-31 15:14:13,238:INFO: - Evaluate metrics: recall_at_100: 0.137 ; loss: 0.694
2018-10-31 15:14:13,660:INFO: - Found new best recall_at_100
2018-10-31 15:14:13,667:INFO: Epoch 2/50
2018-10-31 15:14:13,667:INFO: Train
2018-10-31 15:15:09,733:INFO: - Train metrics: recall_at_100: 0.160 ; loss: 0.694
2018-10-31 15:15:09,790:INFO: Evaluate
2018-10-31 15:15:40,046:INFO: Disease Protein Prediction in the PPI Network
2018-10-31 15:15:40,046:INFO: Sabri Eyuboglu  -- SNAP Group
2018-10-31 15:15:40,046:INFO: ======================================
2018-10-31 15:15:40,046:INFO: Loading PPI Network...
2018-10-31 15:15:47,496:INFO: Loading Disease Associations...
2018-10-31 15:16:04,167:INFO: Starting training for 50 epoch(s)
2018-10-31 15:16:04,171:INFO: Epoch 1/50
2018-10-31 15:16:04,171:INFO: Train
2018-10-31 15:16:59,430:INFO: - Train metrics: recall_at_100: 0.158 ; loss: 0.694
2018-10-31 15:16:59,477:INFO: Evaluate
2018-10-31 15:17:17,100:INFO: - Evaluate metrics: recall_at_100: 0.166 ; loss: 0.694
2018-10-31 15:17:17,523:INFO: - Found new best recall_at_100
2018-10-31 15:17:17,534:INFO: Epoch 2/50
2018-10-31 15:17:17,534:INFO: Train
2018-10-31 15:18:11,936:INFO: - Train metrics: recall_at_100: 0.149 ; loss: 0.694
2018-10-31 15:18:11,986:INFO: Evaluate
2018-10-31 15:18:29,624:INFO: - Evaluate metrics: recall_at_100: 0.164 ; loss: 0.694
2018-10-31 15:18:30,032:INFO: Epoch 3/50
2018-10-31 15:18:30,032:INFO: Train
2018-10-31 15:19:24,540:INFO: - Train metrics: recall_at_100: 0.150 ; loss: 0.694
2018-10-31 15:19:24,593:INFO: Evaluate
2018-10-31 15:19:43,748:INFO: - Evaluate metrics: recall_at_100: 0.153 ; loss: 0.694
2018-10-31 15:19:44,206:INFO: Epoch 4/50
2018-10-31 15:19:44,206:INFO: Train
2018-10-31 15:20:20,991:INFO: Disease Protein Prediction in the PPI Network
2018-10-31 15:20:20,991:INFO: Sabri Eyuboglu  -- SNAP Group
2018-10-31 15:20:20,991:INFO: ======================================
2018-10-31 15:20:20,991:INFO: Loading PPI Network...
2018-10-31 15:20:28,773:INFO: Loading Disease Associations...
2018-10-31 15:20:45,105:INFO: Starting training for 50 epoch(s)
2018-10-31 15:20:45,107:INFO: Epoch 1/50
2018-10-31 15:20:45,107:INFO: Train
2018-10-31 15:21:39,240:INFO: - Train metrics: recall_at_100: 0.163 ; loss: 0.694
2018-10-31 15:21:39,287:INFO: Evaluate
2018-10-31 15:21:57,320:INFO: - Evaluate metrics: recall_at_100: 0.137 ; loss: 0.694
2018-10-31 15:21:57,743:INFO: - Found new best recall_at_100
2018-10-31 15:21:57,758:INFO: Epoch 2/50
2018-10-31 15:21:57,759:INFO: Train
2018-10-31 15:23:00,428:INFO: - Train metrics: recall_at_100: 0.150 ; loss: 0.694
2018-10-31 15:23:00,462:INFO: Evaluate
2018-10-31 15:23:20,465:INFO: - Evaluate metrics: recall_at_100: 0.132 ; loss: 0.694
2018-10-31 15:23:20,942:INFO: Epoch 3/50
2018-10-31 15:23:20,942:INFO: Train
2018-10-31 15:24:21,485:INFO: - Train metrics: recall_at_100: 0.158 ; loss: 0.694
2018-10-31 15:24:21,539:INFO: Evaluate
2018-10-31 15:24:42,464:INFO: - Evaluate metrics: recall_at_100: 0.137 ; loss: 0.694
2018-10-31 15:24:42,975:INFO: Epoch 4/50
2018-10-31 15:24:42,976:INFO: Train
2018-10-31 15:25:42,040:INFO: - Train metrics: recall_at_100: 0.157 ; loss: 0.694
2018-10-31 15:25:42,098:INFO: Evaluate
2018-10-31 15:26:00,559:INFO: - Evaluate metrics: recall_at_100: 0.184 ; loss: 0.694
2018-10-31 15:26:00,992:INFO: - Found new best recall_at_100
2018-10-31 15:26:00,997:INFO: Epoch 5/50
2018-10-31 15:26:00,997:INFO: Train
2018-10-31 15:26:56,302:INFO: - Train metrics: recall_at_100: 0.173 ; loss: 0.694
2018-10-31 15:26:56,364:INFO: Evaluate
2018-10-31 15:27:15,644:INFO: - Evaluate metrics: recall_at_100: 0.142 ; loss: 0.694
2018-10-31 15:27:16,099:INFO: Epoch 6/50
2018-10-31 15:27:16,100:INFO: Train
2018-10-31 15:28:15,081:INFO: - Train metrics: recall_at_100: 0.170 ; loss: 0.694
2018-10-31 15:28:15,134:INFO: Evaluate
2018-10-31 15:28:34,375:INFO: - Evaluate metrics: recall_at_100: 0.141 ; loss: 0.694
2018-10-31 15:28:34,836:INFO: Epoch 7/50
2018-10-31 15:28:34,836:INFO: Train
2018-10-31 15:29:30,267:INFO: - Train metrics: recall_at_100: 0.168 ; loss: 0.694
2018-10-31 15:29:30,330:INFO: Evaluate
2018-10-31 15:29:54,658:INFO: Disease Protein Prediction in the PPI Network
2018-10-31 15:29:54,659:INFO: Sabri Eyuboglu  -- SNAP Group
2018-10-31 15:29:54,659:INFO: ======================================
2018-10-31 15:29:54,659:INFO: Loading PPI Network...
2018-10-31 15:30:02,164:INFO: Loading Disease Associations...
2018-10-31 15:30:16,086:INFO: Starting training for 50 epoch(s)
2018-10-31 15:30:16,086:INFO: Epoch 1/50
2018-10-31 15:30:16,086:INFO: Train
2018-10-31 15:31:13,465:INFO: - Train metrics: recall_at_100: 0.148 ; loss: 0.694
2018-10-31 15:31:13,518:INFO: Evaluate
2018-10-31 15:31:31,148:INFO: - Evaluate metrics: recall_at_100: 0.158 ; loss: 0.694
2018-10-31 15:31:31,576:INFO: - Found new best recall_at_100
2018-10-31 15:31:31,586:INFO: Epoch 2/50
2018-10-31 15:31:31,586:INFO: Train
2018-10-31 15:32:25,659:INFO: - Train metrics: recall_at_100: 0.162 ; loss: 0.694
2018-10-31 15:32:25,709:INFO: Evaluate
2018-10-31 15:32:43,850:INFO: - Evaluate metrics: recall_at_100: 0.138 ; loss: 0.694
2018-10-31 15:32:44,264:INFO: Epoch 3/50
2018-10-31 15:32:44,264:INFO: Train
2018-10-31 15:33:38,513:INFO: - Train metrics: recall_at_100: 0.165 ; loss: 0.694
2018-10-31 15:33:38,567:INFO: Evaluate
2018-10-31 15:33:56,448:INFO: - Evaluate metrics: recall_at_100: 0.140 ; loss: 0.694
2018-10-31 15:33:56,874:INFO: Epoch 4/50
2018-10-31 15:33:56,875:INFO: Train
2018-10-31 15:34:27,932:INFO: Disease Protein Prediction in the PPI Network
2018-10-31 15:34:27,932:INFO: Sabri Eyuboglu  -- SNAP Group
2018-10-31 15:34:27,932:INFO: ======================================
2018-10-31 15:34:27,932:INFO: Loading PPI Network...
2018-10-31 15:34:35,388:INFO: Loading Disease Associations...
2018-10-31 15:34:48,907:INFO: Starting training for 50 epoch(s)
2018-10-31 15:34:48,907:INFO: Epoch 1/50
2018-10-31 15:34:48,907:INFO: Train
2018-10-31 15:35:45,372:INFO: - Train metrics: recall_at_100: 0.154 ; loss: 0.694
2018-10-31 15:35:45,422:INFO: Evaluate
2018-10-31 15:36:03,423:INFO: - Evaluate metrics: recall_at_100: 0.135 ; loss: 0.694
2018-10-31 15:36:03,861:INFO: - Found new best recall_at_100
2018-10-31 15:36:03,871:INFO: Epoch 2/50
2018-10-31 15:36:03,871:INFO: Train
2018-10-31 15:36:58,150:INFO: - Train metrics: recall_at_100: 0.157 ; loss: 0.694
2018-10-31 15:36:58,198:INFO: Evaluate
2018-10-31 15:37:15,668:INFO: - Evaluate metrics: recall_at_100: 0.149 ; loss: 0.694
2018-10-31 15:37:16,072:INFO: - Found new best recall_at_100
2018-10-31 15:37:16,078:INFO: Epoch 3/50
2018-10-31 15:37:16,078:INFO: Train
2018-10-31 15:38:12,983:INFO: - Train metrics: recall_at_100: 0.163 ; loss: 0.694
2018-10-31 15:38:13,040:INFO: Evaluate
2018-10-31 15:38:31,398:INFO: - Evaluate metrics: recall_at_100: 0.141 ; loss: 0.694
2018-10-31 15:38:31,814:INFO: Epoch 4/50
2018-10-31 15:38:31,814:INFO: Train
2018-10-31 15:39:27,796:INFO: - Train metrics: recall_at_100: 0.164 ; loss: 0.694
2018-10-31 15:39:27,854:INFO: Evaluate
2018-10-31 15:39:45,277:INFO: - Evaluate metrics: recall_at_100: 0.152 ; loss: 0.694
2018-10-31 15:39:45,715:INFO: - Found new best recall_at_100
2018-10-31 15:39:45,720:INFO: Epoch 5/50
2018-10-31 15:39:45,720:INFO: Train
2018-10-31 15:40:40,461:INFO: - Train metrics: recall_at_100: 0.153 ; loss: 0.694
2018-10-31 15:40:40,512:INFO: Evaluate
2018-10-31 15:40:58,311:INFO: - Evaluate metrics: recall_at_100: 0.129 ; loss: 0.694
2018-10-31 15:40:58,727:INFO: Epoch 6/50
2018-10-31 15:40:58,727:INFO: Train
2018-10-31 15:41:51,884:INFO: - Train metrics: recall_at_100: 0.154 ; loss: 0.694
2018-10-31 15:41:51,944:INFO: Evaluate
2018-10-31 15:42:09,385:INFO: - Evaluate metrics: recall_at_100: 0.143 ; loss: 0.694
2018-10-31 15:42:09,782:INFO: Epoch 7/50
2018-10-31 15:42:09,782:INFO: Train
2018-10-31 15:43:04,858:INFO: - Train metrics: recall_at_100: 0.140 ; loss: 0.694
2018-10-31 15:43:04,893:INFO: Evaluate
2018-10-31 15:43:26,065:INFO: - Evaluate metrics: recall_at_100: 0.148 ; loss: 0.694
2018-10-31 15:43:26,654:INFO: Epoch 8/50
2018-10-31 15:43:26,654:INFO: Train
2018-10-31 15:44:25,181:INFO: - Train metrics: recall_at_100: 0.150 ; loss: 0.694
2018-10-31 15:44:25,234:INFO: Evaluate
2018-10-31 15:44:43,397:INFO: - Evaluate metrics: recall_at_100: 0.142 ; loss: 0.694
2018-10-31 15:44:43,804:INFO: Epoch 9/50
2018-10-31 15:44:43,804:INFO: Train
2018-10-31 15:45:41,973:INFO: Disease Protein Prediction in the PPI Network
2018-10-31 15:45:41,973:INFO: Sabri Eyuboglu  -- SNAP Group
2018-10-31 15:45:41,973:INFO: ======================================
2018-10-31 15:45:41,973:INFO: Loading PPI Network...
2018-10-31 15:45:49,729:INFO: Loading Disease Associations...
2018-10-31 15:46:04,668:INFO: Starting training for 50 epoch(s)
2018-10-31 15:46:04,668:INFO: Epoch 1/50
2018-10-31 15:46:04,668:INFO: Train
2018-10-31 15:47:00,433:INFO: - Train metrics: recall_at_100: 0.003 ; loss: 0.693
2018-10-31 15:47:00,473:INFO: Evaluate
2018-10-31 15:47:19,231:INFO: - Evaluate metrics: recall_at_100: 0.003 ; loss: 0.693
2018-10-31 15:47:19,675:INFO: - Found new best recall_at_100
2018-10-31 15:47:19,686:INFO: Epoch 2/50
2018-10-31 15:47:19,686:INFO: Train
2018-10-31 15:53:20,177:INFO: Disease Protein Prediction in the PPI Network
2018-10-31 15:53:20,177:INFO: Sabri Eyuboglu  -- SNAP Group
2018-10-31 15:53:20,177:INFO: ======================================
2018-10-31 15:53:20,177:INFO: Loading PPI Network...
2018-10-31 15:53:27,869:INFO: Loading Disease Associations...
2018-10-31 15:53:46,577:INFO: Starting training for 50 epoch(s)
2018-10-31 15:53:46,581:INFO: Epoch 1/50
2018-10-31 15:53:46,582:INFO: Train
2018-10-31 16:05:17,190:INFO: Disease Protein Prediction in the PPI Network
2018-10-31 16:05:17,190:INFO: Sabri Eyuboglu  -- SNAP Group
2018-10-31 16:05:17,190:INFO: ======================================
2018-10-31 16:05:17,190:INFO: Loading PPI Network...
2018-10-31 16:05:26,774:INFO: Loading Disease Associations...
2018-10-31 16:05:46,323:INFO: Starting training for 50 epoch(s)
2018-10-31 16:05:46,326:INFO: Epoch 1/50
2018-10-31 16:05:46,326:INFO: Train
2018-10-31 16:09:39,948:INFO: Disease Protein Prediction in the PPI Network
2018-10-31 16:09:39,948:INFO: Sabri Eyuboglu  -- SNAP Group
2018-10-31 16:09:39,948:INFO: ======================================
2018-10-31 16:09:39,948:INFO: Loading PPI Network...
2018-10-31 16:09:47,923:INFO: Loading Disease Associations...
2018-10-31 16:10:06,446:INFO: Starting training for 50 epoch(s)
2018-10-31 16:10:06,449:INFO: Epoch 1/50
2018-10-31 16:10:06,449:INFO: Train
2018-10-31 16:10:50,169:INFO: Disease Protein Prediction in the PPI Network
2018-10-31 16:10:50,170:INFO: Sabri Eyuboglu  -- SNAP Group
2018-10-31 16:10:50,170:INFO: ======================================
2018-10-31 16:10:50,170:INFO: Loading PPI Network...
2018-10-31 16:10:57,768:INFO: Loading Disease Associations...
2018-10-31 16:11:12,229:INFO: Starting training for 50 epoch(s)
2018-10-31 16:11:12,231:INFO: Epoch 1/50
2018-10-31 16:11:12,231:INFO: Train
2018-10-31 16:11:45,944:INFO: Disease Protein Prediction in the PPI Network
2018-10-31 16:11:45,944:INFO: Sabri Eyuboglu  -- SNAP Group
2018-10-31 16:11:45,944:INFO: ======================================
2018-10-31 16:11:45,944:INFO: Loading PPI Network...
2018-10-31 16:11:53,892:INFO: Loading Disease Associations...
2018-10-31 16:12:10,706:INFO: Starting training for 50 epoch(s)
2018-10-31 16:12:10,709:INFO: Epoch 1/50
2018-10-31 16:12:10,709:INFO: Train
2018-10-31 16:13:04,815:INFO: - Train metrics: recall_at_100: 0.003 ; loss: 1.386
2018-10-31 16:13:04,863:INFO: Evaluate
2018-10-31 16:13:23,980:INFO: - Evaluate metrics: recall_at_100: 0.072 ; loss: 1.342
2018-10-31 16:13:24,478:INFO: - Found new best recall_at_100
2018-10-31 16:13:24,490:INFO: Epoch 2/50
2018-10-31 16:13:24,490:INFO: Train
2018-10-31 16:14:22,971:INFO: - Train metrics: recall_at_100: 0.061 ; loss: 1.338
2018-10-31 16:14:23,023:INFO: Evaluate
2018-10-31 16:14:42,567:INFO: - Evaluate metrics: recall_at_100: 0.057 ; loss: 1.290
2018-10-31 16:14:43,002:INFO: Epoch 3/50
2018-10-31 16:14:43,002:INFO: Train
2018-10-31 16:15:38,436:INFO: - Train metrics: recall_at_100: 0.068 ; loss: 1.289
2018-10-31 16:15:38,488:INFO: Evaluate
2018-10-31 16:15:58,904:INFO: - Evaluate metrics: recall_at_100: 0.069 ; loss: 1.244
2018-10-31 16:15:59,373:INFO: Epoch 4/50
2018-10-31 16:15:59,373:INFO: Train
2018-10-31 16:17:08,234:INFO: - Train metrics: recall_at_100: 0.054 ; loss: 1.244
2018-10-31 16:17:08,274:INFO: Evaluate
2018-10-31 16:17:28,100:INFO: - Evaluate metrics: recall_at_100: 0.071 ; loss: 1.209
2018-10-31 16:17:28,563:INFO: Epoch 5/50
2018-10-31 16:17:28,564:INFO: Train
2018-10-31 16:18:26,984:INFO: - Train metrics: recall_at_100: 0.065 ; loss: 1.199
2018-10-31 16:18:27,040:INFO: Evaluate
2018-10-31 16:18:45,816:INFO: - Evaluate metrics: recall_at_100: 0.058 ; loss: 1.165
2018-10-31 16:18:46,252:INFO: Epoch 6/50
2018-10-31 16:18:46,252:INFO: Train
2018-10-31 16:19:48,678:INFO: - Train metrics: recall_at_100: 0.071 ; loss: 1.162
2018-10-31 16:19:48,724:INFO: Evaluate
2018-10-31 16:20:10,115:INFO: - Evaluate metrics: recall_at_100: 0.056 ; loss: 1.132
2018-10-31 16:20:10,597:INFO: Epoch 7/50
2018-10-31 16:20:10,597:INFO: Train
2018-10-31 16:21:11,878:INFO: - Train metrics: recall_at_100: 0.075 ; loss: 1.123
2018-10-31 16:21:11,928:INFO: Evaluate
2018-10-31 16:21:32,338:INFO: - Evaluate metrics: recall_at_100: 0.080 ; loss: 1.082
2018-10-31 16:21:32,801:INFO: - Found new best recall_at_100
2018-10-31 16:21:32,806:INFO: Epoch 8/50
2018-10-31 16:21:32,806:INFO: Train
2018-10-31 16:22:33,262:INFO: - Train metrics: recall_at_100: 0.068 ; loss: 1.094
2018-10-31 16:22:33,309:INFO: Evaluate
2018-11-01 11:30:35,110:INFO: Disease Protein Prediction in the PPI Network
2018-11-01 11:30:35,110:INFO: Sabri Eyuboglu  -- SNAP Group
2018-11-01 11:30:35,110:INFO: ======================================
2018-11-01 11:30:35,110:INFO: Loading PPI Network...
2018-11-01 11:30:43,651:INFO: Loading Disease Associations...
2018-11-01 11:31:31,514:INFO: Disease Protein Prediction in the PPI Network
2018-11-01 11:31:31,514:INFO: Sabri Eyuboglu  -- SNAP Group
2018-11-01 11:31:31,515:INFO: ======================================
2018-11-01 11:31:31,515:INFO: Loading PPI Network...
2018-11-01 11:31:38,921:INFO: Loading Disease Associations...
2018-11-01 11:31:53,003:INFO: Starting training for 50 epoch(s)
2018-11-01 11:31:53,004:INFO: Epoch 1/50
2018-11-01 11:31:53,004:INFO: Train
2018-11-01 11:32:47,939:INFO: - Train metrics: recall_at_100: 0.027 ; loss: 1.435
2018-11-01 11:32:47,985:INFO: Evaluate
2018-11-01 11:33:04,828:INFO: - Evaluate metrics: recall_at_100: 0.020 ; loss: 1.433
2018-11-01 11:33:05,248:INFO: - Found new best recall_at_100
2018-11-01 11:33:05,259:INFO: Epoch 2/50
2018-11-01 11:33:05,260:INFO: Train
2018-11-01 13:21:44,598:INFO: Disease Protein Prediction in the PPI Network
2018-11-01 13:21:44,598:INFO: Sabri Eyuboglu  -- SNAP Group
2018-11-01 13:21:44,598:INFO: ======================================
2018-11-01 13:21:44,598:INFO: Loading PPI Network...
2018-11-01 13:21:53,568:INFO: Loading Disease Associations...
2018-11-01 13:22:22,350:INFO: Starting training for 50 epoch(s)
2018-11-01 13:22:22,362:INFO: Epoch 1/50
2018-11-01 13:22:22,362:INFO: Train
2018-11-01 13:22:47,479:INFO: Disease Protein Prediction in the PPI Network
2018-11-01 13:22:47,479:INFO: Sabri Eyuboglu  -- SNAP Group
2018-11-01 13:22:47,479:INFO: ======================================
2018-11-01 13:22:47,479:INFO: Loading PPI Network...
2018-11-01 13:22:58,075:INFO: Loading Disease Associations...
2018-11-01 13:23:26,569:INFO: Starting training for 50 epoch(s)
2018-11-01 13:23:26,600:INFO: Epoch 1/50
2018-11-01 13:23:26,603:INFO: Train
2018-11-01 13:23:45,475:INFO: - Train metrics: recall_at_100: 0.012 ; loss: 7.981
2018-11-01 13:23:45,527:INFO: Evaluate
2018-11-01 13:23:47,158:INFO: - Evaluate metrics: recall_at_100: 0.012 ; loss: 7.979
2018-11-01 13:23:47,178:INFO: - Found new best recall_at_100
2018-11-01 13:23:47,183:INFO: Epoch 2/50
2018-11-01 13:23:47,183:INFO: Train
2018-11-01 13:26:06,042:INFO: Disease Protein Prediction in the PPI Network
2018-11-01 13:26:06,042:INFO: Sabri Eyuboglu  -- SNAP Group
2018-11-01 13:26:06,042:INFO: ======================================
2018-11-01 13:26:06,042:INFO: Loading PPI Network...
2018-11-01 13:26:13,856:INFO: Loading Disease Associations...
2018-11-01 13:26:48,765:INFO: Disease Protein Prediction in the PPI Network
2018-11-01 13:26:48,765:INFO: Sabri Eyuboglu  -- SNAP Group
2018-11-01 13:26:48,765:INFO: ======================================
2018-11-01 13:26:48,765:INFO: Loading PPI Network...
2018-11-01 13:26:56,636:INFO: Loading Disease Associations...
2018-11-01 13:27:17,554:INFO: Starting training for 50 epoch(s)
2018-11-01 13:27:17,558:INFO: Epoch 1/50
2018-11-01 13:27:17,558:INFO: Train
2018-11-01 13:27:31,993:INFO: - Train metrics: recall_at_100: 0.017 ; loss: 1.806
2018-11-01 13:27:32,043:INFO: Evaluate
2018-11-01 13:27:33,468:INFO: - Evaluate metrics: recall_at_100: 0.015 ; loss: 1.799
2018-11-01 13:27:33,482:INFO: - Found new best recall_at_100
2018-11-01 13:27:33,484:INFO: Epoch 2/50
2018-11-01 13:27:33,484:INFO: Train
2018-11-01 13:27:46,360:INFO: - Train metrics: recall_at_100: 0.017 ; loss: 1.801
2018-11-01 13:27:46,408:INFO: Evaluate
2018-11-01 13:27:47,870:INFO: - Evaluate metrics: recall_at_100: 0.013 ; loss: 1.801
2018-11-01 13:27:47,882:INFO: Epoch 3/50
2018-11-01 13:27:47,882:INFO: Train
2018-11-01 13:28:00,675:INFO: - Train metrics: recall_at_100: 0.017 ; loss: 1.806
2018-11-01 13:28:00,716:INFO: Evaluate
2018-11-01 13:28:02,146:INFO: - Evaluate metrics: recall_at_100: 0.013 ; loss: 1.802
2018-11-01 13:28:02,162:INFO: Epoch 4/50
2018-11-01 13:28:02,162:INFO: Train
2018-11-01 13:28:14,855:INFO: - Train metrics: recall_at_100: 0.018 ; loss: 1.807
2018-11-01 13:28:14,897:INFO: Evaluate
2018-11-01 13:28:16,415:INFO: - Evaluate metrics: recall_at_100: 0.025 ; loss: 1.794
2018-11-01 13:28:16,431:INFO: - Found new best recall_at_100
2018-11-01 13:28:16,431:INFO: Epoch 5/50
2018-11-01 13:28:16,431:INFO: Train
2018-11-01 13:29:36,911:INFO: Disease Protein Prediction in the PPI Network
2018-11-01 13:29:36,912:INFO: Sabri Eyuboglu  -- SNAP Group
2018-11-01 13:29:36,912:INFO: ======================================
2018-11-01 13:29:36,912:INFO: Loading PPI Network...
2018-11-01 13:29:45,412:INFO: Loading Disease Associations...
2018-11-01 13:30:10,036:INFO: Starting training for 50 epoch(s)
2018-11-01 13:30:10,040:INFO: Epoch 1/50
2018-11-01 13:30:10,040:INFO: Train
2018-11-01 13:30:24,828:INFO: - Train metrics: recall_at_100: 0.017 ; loss: 7.979
2018-11-01 13:30:24,879:INFO: Evaluate
2018-11-01 13:30:26,360:INFO: - Evaluate metrics: recall_at_100: 0.013 ; loss: 7.979
2018-11-01 13:30:26,378:INFO: - Found new best recall_at_100
2018-11-01 13:30:26,380:INFO: Epoch 2/50
2018-11-01 13:30:26,380:INFO: Train
2018-11-01 13:30:39,406:INFO: - Train metrics: recall_at_100: 0.023 ; loss: 7.978
2018-11-01 13:30:39,454:INFO: Evaluate
2018-11-01 13:30:40,926:INFO: - Evaluate metrics: recall_at_100: 0.002 ; loss: 7.978
2018-11-01 13:30:40,940:INFO: Epoch 3/50
2018-11-01 13:30:40,940:INFO: Train
2018-11-01 13:31:06,372:INFO: Disease Protein Prediction in the PPI Network
2018-11-01 13:31:06,373:INFO: Sabri Eyuboglu  -- SNAP Group
2018-11-01 13:31:06,373:INFO: ======================================
2018-11-01 13:31:06,373:INFO: Loading PPI Network...
2018-11-01 13:31:14,196:INFO: Loading Disease Associations...
2018-11-01 13:31:36,304:INFO: Starting training for 50 epoch(s)
2018-11-01 13:31:36,315:INFO: Epoch 1/50
2018-11-01 13:31:36,315:INFO: Train
2018-11-01 13:31:50,784:INFO: - Train metrics: recall_at_100: 0.018 ; loss: 7.978
2018-11-01 13:31:50,836:INFO: Evaluate
2018-11-01 13:31:52,390:INFO: - Evaluate metrics: recall_at_100: 0.018 ; loss: 7.978
2018-11-01 13:31:52,407:INFO: - Found new best recall_at_100
2018-11-01 13:31:52,409:INFO: Epoch 2/50
2018-11-01 13:31:52,409:INFO: Train
2018-11-01 13:32:26,138:INFO: Disease Protein Prediction in the PPI Network
2018-11-01 13:32:26,138:INFO: Sabri Eyuboglu  -- SNAP Group
2018-11-01 13:32:26,138:INFO: ======================================
2018-11-01 13:32:26,138:INFO: Loading PPI Network...
2018-11-01 13:32:33,976:INFO: Loading Disease Associations...
2018-11-01 13:32:56,689:INFO: Starting training for 50 epoch(s)
2018-11-01 13:32:56,699:INFO: Epoch 1/50
2018-11-01 13:32:56,699:INFO: Train
2018-11-01 13:33:11,882:INFO: - Train metrics: recall_at_100: 0.156 ; loss: 1.326
2018-11-01 13:33:11,934:INFO: Evaluate
2018-11-01 13:33:13,385:INFO: - Evaluate metrics: recall_at_100: 0.135 ; loss: 1.340
2018-11-01 13:33:13,401:INFO: - Found new best recall_at_100
2018-11-01 13:33:13,403:INFO: Epoch 2/50
2018-11-01 13:33:13,403:INFO: Train
2018-11-01 13:34:31,708:INFO: Disease Protein Prediction in the PPI Network
2018-11-01 13:34:31,708:INFO: Sabri Eyuboglu  -- SNAP Group
2018-11-01 13:34:31,708:INFO: ======================================
2018-11-01 13:34:31,708:INFO: Loading PPI Network...
2018-11-01 13:34:39,622:INFO: Loading Disease Associations...
2018-11-01 13:34:56,259:INFO: Starting training for 50 epoch(s)
2018-11-01 13:34:56,263:INFO: Epoch 1/50
2018-11-01 13:34:56,263:INFO: Train
2018-11-01 13:35:55,803:INFO: - Train metrics: recall_at_100: 0.175 ; loss: 1.377
2018-11-01 13:35:55,837:INFO: Evaluate
2018-11-01 20:00:21,456:INFO: Disease Protein Prediction in the PPI Network
2018-11-01 20:00:21,456:INFO: Sabri Eyuboglu  -- SNAP Group
2018-11-01 20:00:21,456:INFO: ======================================
2018-11-01 20:00:21,456:INFO: Loading PPI Network...
2018-11-01 20:00:30,464:INFO: Loading Disease Associations...
2018-11-01 20:01:03,757:INFO: Disease Protein Prediction in the PPI Network
2018-11-01 20:01:03,757:INFO: Sabri Eyuboglu  -- SNAP Group
2018-11-01 20:01:03,757:INFO: ======================================
2018-11-01 20:01:03,757:INFO: Loading PPI Network...
2018-11-01 20:01:11,229:INFO: Loading Disease Associations...
2018-11-01 20:01:18,876:INFO: Starting training for 50 epoch(s)
2018-11-01 20:01:18,876:INFO: Epoch 1/50
2018-11-01 20:01:18,877:INFO: Train
2018-11-02 12:18:29,085:INFO: Disease Protein Prediction in the PPI Network
2018-11-02 12:18:29,085:INFO: Sabri Eyuboglu  -- SNAP Group
2018-11-02 12:18:29,086:INFO: ======================================
2018-11-02 12:18:29,086:INFO: Loading PPI Network...
2018-11-02 12:18:38,469:INFO: Loading Disease Associations...
2018-11-02 12:20:44,826:INFO: Disease Protein Prediction in the PPI Network
2018-11-02 12:20:44,826:INFO: Sabri Eyuboglu  -- SNAP Group
2018-11-02 12:20:44,826:INFO: ======================================
2018-11-02 12:20:44,826:INFO: Loading PPI Network...
2018-11-02 12:20:52,953:INFO: Loading Disease Associations...
2018-11-02 12:52:00,956:INFO: Disease Protein Prediction in the PPI Network
2018-11-02 12:52:00,956:INFO: Sabri Eyuboglu  -- SNAP Group
2018-11-02 12:52:00,956:INFO: ======================================
2018-11-02 12:52:00,956:INFO: Loading PPI Network...
2018-11-02 12:52:10,056:INFO: Loading Disease Associations...
2018-11-02 12:52:26,141:INFO: Disease Protein Prediction in the PPI Network
2018-11-02 12:52:26,141:INFO: Sabri Eyuboglu  -- SNAP Group
2018-11-02 12:52:26,141:INFO: ======================================
2018-11-02 12:52:26,141:INFO: Loading PPI Network...
2018-11-02 12:52:34,474:INFO: Loading Disease Associations...
2018-11-02 12:57:09,393:INFO: Disease Protein Prediction in the PPI Network
2018-11-02 12:57:09,393:INFO: Sabri Eyuboglu  -- SNAP Group
2018-11-02 12:57:09,393:INFO: ======================================
2018-11-02 12:57:09,393:INFO: Loading PPI Network...
2018-11-02 12:57:17,454:INFO: Loading Disease Associations...
2018-11-02 12:57:27,030:INFO: Starting training for 50 epoch(s)
2018-11-02 12:57:27,032:INFO: Epoch 1/50
2018-11-02 12:57:27,032:INFO: Train
2018-11-02 12:58:43,863:INFO: Disease Protein Prediction in the PPI Network
2018-11-02 12:58:43,864:INFO: Sabri Eyuboglu  -- SNAP Group
2018-11-02 12:58:43,864:INFO: ======================================
2018-11-02 12:58:43,864:INFO: Loading PPI Network...
2018-11-02 12:58:51,971:INFO: Loading Disease Associations...
2018-11-02 12:59:01,136:INFO: Starting training for 50 epoch(s)
2018-11-02 12:59:01,137:INFO: Epoch 1/50
2018-11-02 12:59:01,137:INFO: Train
2018-11-02 12:59:27,357:INFO: Disease Protein Prediction in the PPI Network
2018-11-02 12:59:27,358:INFO: Sabri Eyuboglu  -- SNAP Group
2018-11-02 12:59:27,358:INFO: ======================================
2018-11-02 12:59:27,358:INFO: Loading PPI Network...
2018-11-02 12:59:35,288:INFO: Loading Disease Associations...
2018-11-02 12:59:43,313:INFO: Starting training for 50 epoch(s)
2018-11-02 12:59:43,313:INFO: Epoch 1/50
2018-11-02 12:59:43,313:INFO: Train
