2018-06-11 15:08:34,645:INFO: Co-disease probability in the PPI Network
2018-06-11 15:08:34,645:INFO: Sabri Eyuboglu  -- SNAP Group
2018-06-11 15:08:34,645:INFO: ======================================
2018-06-11 15:09:22,053:INFO: Co-disease probability in the PPI Network
2018-06-11 15:09:22,053:INFO: Sabri Eyuboglu  -- SNAP Group
2018-06-11 15:09:22,053:INFO: ======================================
2018-06-11 15:14:31,315:INFO: Co-disease probability in the PPI Network
2018-06-11 15:14:31,315:INFO: Sabri Eyuboglu  -- SNAP Group
2018-06-11 15:14:31,315:INFO: ======================================
2018-06-11 15:16:11,559:INFO: Co-disease probability in the PPI Network
2018-06-11 15:16:11,559:INFO: Sabri Eyuboglu  -- SNAP Group
2018-06-11 15:16:11,559:INFO: ======================================
2018-06-11 15:16:11,559:INFO: Loading Network...
2018-06-11 15:16:23,999:INFO: Loading Disease Associations...
2018-06-11 15:16:40,833:INFO: Building Codisease Matrix...
2018-06-11 15:16:53,631:INFO: Running Experiment...
2018-06-11 15:29:14,804:INFO: Co-disease probability in the PPI Network
2018-06-11 15:29:14,805:INFO: Sabri Eyuboglu  -- SNAP Group
2018-06-11 15:29:14,805:INFO: ======================================
2018-06-11 15:29:14,805:INFO: Loading Network...
2018-06-11 15:29:28,433:INFO: Co-disease probability in the PPI Network
2018-06-11 15:29:28,433:INFO: Sabri Eyuboglu  -- SNAP Group
2018-06-11 15:29:28,434:INFO: ======================================
2018-06-11 15:29:28,434:INFO: Loading Network...
2018-06-11 15:29:40,180:INFO: Loading Disease Associations...
2018-06-11 15:29:56,489:INFO: Building Codisease Matrix...
2018-06-11 15:30:12,285:INFO: Running Experiment...
2018-06-11 15:31:06,698:INFO: Co-disease probability in the PPI Network
2018-06-11 15:31:06,699:INFO: Sabri Eyuboglu  -- SNAP Group
2018-06-11 15:31:06,699:INFO: ======================================
2018-06-11 15:31:06,699:INFO: Loading Network...
2018-06-11 15:31:23,404:INFO: Loading Disease Associations...
2018-06-11 15:31:42,724:INFO: Building Codisease Matrix...
2018-06-11 15:31:54,802:INFO: Running Experiment...
2018-06-11 15:32:27,986:INFO: Co-disease probability in the PPI Network
2018-06-11 15:32:27,986:INFO: Sabri Eyuboglu  -- SNAP Group
2018-06-11 15:32:27,986:INFO: ======================================
2018-06-11 15:32:27,986:INFO: Loading Network...
2018-06-11 15:32:54,763:INFO: Loading Disease Associations...
2018-06-11 15:33:14,710:INFO: Building Codisease Matrix...
2018-06-11 15:33:26,490:INFO: Running Experiment...
2018-06-11 15:50:17,664:INFO: Co-disease probability in the PPI Network
2018-06-11 15:50:17,665:INFO: Sabri Eyuboglu  -- SNAP Group
2018-06-11 15:50:17,665:INFO: ======================================
2018-06-11 15:50:17,665:INFO: Loading Network...
2018-06-11 15:50:29,536:INFO: Loading Disease Associations...
2018-06-11 15:50:46,829:INFO: Building Codisease Matrix...
2018-06-11 15:51:02,057:INFO: Running Experiment...
2018-06-11 16:02:31,146:INFO: Co-disease probability in the PPI Network
2018-06-11 16:02:31,146:INFO: Sabri Eyuboglu  -- SNAP Group
2018-06-11 16:02:31,147:INFO: ======================================
2018-06-11 16:02:31,148:INFO: Loading Network...
2018-06-11 16:02:43,425:INFO: Loading Disease Associations...
2018-06-11 16:03:01,480:INFO: Building Codisease Matrix...
2018-06-11 16:03:14,087:INFO: Running Experiment...
2018-06-11 16:05:22,551:INFO: Co-disease probability in the PPI Network
2018-06-11 16:05:22,552:INFO: Sabri Eyuboglu  -- SNAP Group
2018-06-11 16:05:22,552:INFO: ======================================
2018-06-11 16:05:22,552:INFO: Loading Network...
2018-06-11 16:05:34,399:INFO: Loading Disease Associations...
2018-06-11 16:05:51,552:INFO: Building Codisease Matrix...
2018-06-11 16:06:05,426:INFO: Running Experiment...
2018-06-11 16:22:00,160:INFO: Co-disease probability in the PPI Network
2018-06-11 16:22:00,161:INFO: Sabri Eyuboglu  -- SNAP Group
2018-06-11 16:22:00,161:INFO: ======================================
2018-06-11 16:22:00,161:INFO: Loading Network...
2018-06-11 16:22:13,159:INFO: Loading Disease Associations...
2018-06-11 16:22:19,870:INFO: Building Codisease Matrix...
2018-06-11 16:22:31,111:INFO: Running Experiment...
2018-06-11 16:35:41,480:INFO: Co-disease probability in the PPI Network
2018-06-11 16:35:41,481:INFO: Sabri Eyuboglu  -- SNAP Group
2018-06-11 16:35:41,481:INFO: ======================================
2018-06-11 16:35:41,481:INFO: Loading Network...
2018-06-11 16:35:54,793:INFO: Loading Disease Associations...
2018-06-11 16:36:00,718:INFO: Building Codisease Matrix...
2018-06-11 16:40:06,992:INFO: Co-disease probability in the PPI Network
2018-06-11 16:40:06,992:INFO: Sabri Eyuboglu  -- SNAP Group
2018-06-11 16:40:06,992:INFO: ======================================
2018-06-11 16:40:06,992:INFO: Loading Network...
2018-06-11 16:40:19,578:INFO: Loading Disease Associations...
2018-06-11 16:40:25,110:INFO: Building Codisease Matrix...
2018-06-11 16:42:51,676:INFO: Co-disease probability in the PPI Network
2018-06-11 16:42:51,676:INFO: Sabri Eyuboglu  -- SNAP Group
2018-06-11 16:42:51,676:INFO: ======================================
2018-06-11 16:42:51,676:INFO: Loading Network...
2018-06-11 16:43:05,077:INFO: Loading Disease Associations...
2018-06-11 16:43:10,951:INFO: Building Codisease Matrix...
2018-06-11 16:44:01,016:INFO: Co-disease probability in the PPI Network
2018-06-11 16:44:01,016:INFO: Sabri Eyuboglu  -- SNAP Group
2018-06-11 16:44:01,016:INFO: ======================================
2018-06-11 16:44:01,016:INFO: Loading Network...
2018-06-11 16:44:16,786:INFO: Loading Disease Associations...
2018-06-11 16:44:22,662:INFO: Building Codisease Matrix...
2018-06-11 16:45:41,138:INFO: Co-disease probability in the PPI Network
2018-06-11 16:45:41,138:INFO: Sabri Eyuboglu  -- SNAP Group
2018-06-11 16:45:41,138:INFO: ======================================
2018-06-11 16:45:41,138:INFO: Loading Network...
2018-06-11 16:45:55,891:INFO: Loading Disease Associations...
2018-06-11 16:46:02,061:INFO: Building Codisease Matrix...
2018-06-11 16:48:12,105:INFO: Co-disease probability in the PPI Network
2018-06-11 16:48:12,105:INFO: Sabri Eyuboglu  -- SNAP Group
2018-06-11 16:48:12,107:INFO: ======================================
2018-06-11 16:48:12,108:INFO: Loading Network...
2018-06-11 16:48:24,371:INFO: Loading Disease Associations...
2018-06-11 16:48:29,341:INFO: Building Codisease Matrix...
2018-06-11 17:07:46,582:INFO: Co-disease probability in the PPI Network
2018-06-11 17:07:46,582:INFO: Sabri Eyuboglu  -- SNAP Group
2018-06-11 17:07:46,582:INFO: ======================================
2018-06-11 17:07:46,582:INFO: Loading Network...
2018-06-11 17:08:00,165:INFO: Loading Disease Associations...
2018-06-11 17:08:21,090:INFO: Building Codisease Matrix...
2018-06-11 17:08:31,975:INFO: Running Experiment...
2018-06-11 17:40:40,811:INFO: Co-disease probability in the PPI Network
2018-06-11 17:40:40,811:INFO: Sabri Eyuboglu  -- SNAP Group
2018-06-11 17:40:40,811:INFO: ======================================
2018-06-11 17:40:40,811:INFO: Loading Network...
2018-06-11 17:40:54,457:INFO: Loading Disease Associations...
2018-06-11 17:41:13,775:INFO: Building Codisease Matrix...
2018-06-11 17:41:24,974:INFO: Running Experiment...
2018-06-11 18:23:21,127:INFO: Co-disease probability in the PPI Network
2018-06-11 18:23:21,127:INFO: Sabri Eyuboglu  -- SNAP Group
2018-06-11 18:23:21,127:INFO: ======================================
2018-06-11 18:23:21,128:INFO: Loading Network...
2018-06-11 18:23:37,672:INFO: Loading Disease Associations...
2018-06-11 18:23:57,283:INFO: Building Codisease Matrix...
2018-06-11 18:24:09,380:INFO: Running Experiment...
2018-06-11 18:32:40,190:INFO: Co-disease probability in the PPI Network
2018-06-11 18:32:40,190:INFO: Sabri Eyuboglu  -- SNAP Group
2018-06-11 18:32:40,190:INFO: ======================================
2018-06-11 18:32:40,190:INFO: Loading Network...
2018-06-11 18:32:54,114:INFO: Loading Disease Associations...
2018-06-11 18:33:12,747:INFO: Building Codisease Matrix...
2018-06-11 18:33:24,897:INFO: Running Experiment...
2018-06-11 18:47:27,702:INFO: Co-disease probability in the PPI Network
2018-06-11 18:47:27,702:INFO: Sabri Eyuboglu  -- SNAP Group
2018-06-11 18:47:27,702:INFO: ======================================
2018-06-11 18:47:27,702:INFO: Loading Network...
2018-06-11 18:47:39,638:INFO: Loading Disease Associations...
2018-06-11 18:47:56,786:INFO: Building Codisease Matrix...
2018-06-11 18:50:07,893:INFO: Co-disease probability in the PPI Network
2018-06-11 18:50:07,893:INFO: Sabri Eyuboglu  -- SNAP Group
2018-06-11 18:50:07,894:INFO: ======================================
2018-06-11 18:50:07,895:INFO: Loading Network...
2018-06-11 18:50:21,901:INFO: Co-disease probability in the PPI Network
2018-06-11 18:50:21,901:INFO: Sabri Eyuboglu  -- SNAP Group
2018-06-11 18:50:21,901:INFO: ======================================
2018-06-11 18:50:21,902:INFO: Loading Network...
2018-06-11 18:50:34,568:INFO: Loading Disease Associations...
2018-06-11 18:50:53,325:INFO: Building Codisease Matrix...
2018-06-11 18:54:13,390:INFO: Co-disease probability in the PPI Network
2018-06-11 18:54:13,390:INFO: Sabri Eyuboglu  -- SNAP Group
2018-06-11 18:54:13,391:INFO: ======================================
2018-06-11 18:54:13,391:INFO: Loading Network...
2018-06-11 18:54:27,528:INFO: Loading Disease Associations...
2018-06-11 18:54:45,984:INFO: Building Codisease Matrix...
2018-06-11 18:59:24,345:INFO: Co-disease probability in the PPI Network
2018-06-11 18:59:24,346:INFO: Sabri Eyuboglu  -- SNAP Group
2018-06-11 18:59:24,346:INFO: ======================================
2018-06-11 18:59:24,346:INFO: Loading Network...
2018-06-11 18:59:37,116:INFO: Loading Disease Associations...
2018-06-11 18:59:56,395:INFO: Building Codisease Matrix...
2018-06-11 19:01:55,061:INFO: Co-disease probability in the PPI Network
2018-06-11 19:01:55,062:INFO: Sabri Eyuboglu  -- SNAP Group
2018-06-11 19:01:55,062:INFO: ======================================
2018-06-11 19:01:55,062:INFO: Loading Network...
2018-06-11 19:02:08,241:INFO: Loading Disease Associations...
2018-06-11 19:02:27,720:INFO: Building Codisease Matrix...
2018-06-11 19:04:12,257:INFO: Co-disease probability in the PPI Network
2018-06-11 19:04:12,258:INFO: Sabri Eyuboglu  -- SNAP Group
2018-06-11 19:04:12,258:INFO: ======================================
2018-06-11 19:04:12,258:INFO: Loading Network...
2018-06-11 19:04:23,082:INFO: Loading Disease Associations...
2018-06-11 19:04:40,816:INFO: Building Codisease Matrix...
2018-06-11 19:08:49,402:INFO: Co-disease probability in the PPI Network
2018-06-11 19:08:49,402:INFO: Sabri Eyuboglu  -- SNAP Group
2018-06-11 19:08:49,402:INFO: ======================================
2018-06-11 19:08:49,403:INFO: Loading Network...
2018-06-11 19:09:07,239:INFO: Loading Disease Associations...
2018-06-11 19:09:27,376:INFO: Building Codisease Matrix...
2018-06-11 19:11:20,148:INFO: Co-disease probability in the PPI Network
2018-06-11 19:11:20,149:INFO: Sabri Eyuboglu  -- SNAP Group
2018-06-11 19:11:20,149:INFO: ======================================
2018-06-11 19:11:20,149:INFO: Loading Network...
2018-06-11 19:11:34,602:INFO: Loading Disease Associations...
2018-06-11 19:11:54,108:INFO: Building Codisease Matrix...
2018-06-11 19:13:29,239:INFO: Co-disease probability in the PPI Network
2018-06-11 19:13:29,239:INFO: Sabri Eyuboglu  -- SNAP Group
2018-06-11 19:13:29,239:INFO: ======================================
2018-06-11 19:13:29,239:INFO: Loading Network...
2018-06-11 19:13:42,789:INFO: Loading Disease Associations...
2018-06-11 19:14:01,455:INFO: Building Codisease Matrix...
2018-06-11 19:27:05,853:INFO: Co-disease probability in the PPI Network
2018-06-11 19:27:05,853:INFO: Sabri Eyuboglu  -- SNAP Group
2018-06-11 19:27:05,853:INFO: ======================================
2018-06-11 19:27:05,853:INFO: Loading Network...
2018-06-11 19:27:18,018:INFO: Loading Disease Associations...
2018-06-11 19:27:39,109:INFO: Building Codisease Matrix...
2018-06-11 19:29:32,787:INFO: Co-disease probability in the PPI Network
2018-06-11 19:29:32,787:INFO: Sabri Eyuboglu  -- SNAP Group
2018-06-11 19:29:32,787:INFO: ======================================
2018-06-11 19:29:32,787:INFO: Loading Network...
2018-06-11 19:29:48,036:INFO: Loading Disease Associations...
2018-06-11 19:30:07,642:INFO: Building Codisease Matrix...
2018-06-11 19:46:23,766:INFO: Co-disease probability in the PPI Network
2018-06-11 19:46:23,766:INFO: Sabri Eyuboglu  -- SNAP Group
2018-06-11 19:46:23,766:INFO: ======================================
2018-06-11 19:46:23,766:INFO: Loading Network...
2018-06-11 19:46:36,626:INFO: Loading Disease Associations...
2018-06-11 19:46:58,189:INFO: Building Codisease Matrix...
2018-06-11 19:57:29,232:INFO: Co-disease probability in the PPI Network
2018-06-11 19:57:29,232:INFO: Sabri Eyuboglu  -- SNAP Group
2018-06-11 19:57:29,232:INFO: ======================================
2018-06-11 19:57:29,233:INFO: Loading Network...
2018-06-11 19:57:43,894:INFO: Loading Disease Associations...
2018-06-11 19:58:05,097:INFO: Building Codisease Matrix...
2018-06-11 19:58:49,401:INFO: Co-disease probability in the PPI Network
2018-06-11 19:58:49,401:INFO: Sabri Eyuboglu  -- SNAP Group
2018-06-11 19:58:49,401:INFO: ======================================
2018-06-11 19:58:49,402:INFO: Loading Network...
2018-06-11 19:59:06,124:INFO: Loading Disease Associations...
2018-06-11 19:59:23,652:INFO: Building Codisease Matrix...
2018-06-11 20:41:44,272:INFO: Co-disease probability in the PPI Network
2018-06-11 20:41:44,274:INFO: Sabri Eyuboglu  -- SNAP Group
2018-06-11 20:41:44,275:INFO: ======================================
2018-06-11 20:41:44,276:INFO: Loading Network...
2018-06-11 20:41:59,628:INFO: Loading Disease Associations...
2018-06-11 20:42:21,613:INFO: Building Codisease Matrix...
2018-06-11 20:43:13,294:INFO: Co-disease probability in the PPI Network
2018-06-11 20:43:13,295:INFO: Sabri Eyuboglu  -- SNAP Group
2018-06-11 20:43:13,295:INFO: ======================================
2018-06-11 20:43:13,295:INFO: Loading Network...
2018-06-11 20:43:29,159:INFO: Loading Disease Associations...
2018-06-11 20:43:46,303:INFO: Building Codisease Matrix...
2018-06-11 20:57:06,168:INFO: Co-disease probability in the PPI Network
2018-06-11 20:57:06,169:INFO: Sabri Eyuboglu  -- SNAP Group
2018-06-11 20:57:06,169:INFO: ======================================
2018-06-11 20:57:06,169:INFO: Loading Network...
2018-06-11 20:57:06,169:INFO: Loading Disease Associations...
2018-06-11 20:57:22,874:INFO: Building Codisease Matrix...
2018-06-11 20:57:41,873:INFO: Co-disease probability in the PPI Network
2018-06-11 20:57:41,873:INFO: Sabri Eyuboglu  -- SNAP Group
2018-06-11 20:57:41,873:INFO: ======================================
2018-06-11 20:57:41,874:INFO: Loading Network...
2018-06-11 20:57:55,127:INFO: Loading Disease Associations...
2018-06-11 20:58:15,796:INFO: Building Codisease Matrix...
2018-06-11 20:59:04,983:INFO: Co-disease probability in the PPI Network
2018-06-11 20:59:04,983:INFO: Sabri Eyuboglu  -- SNAP Group
2018-06-11 20:59:04,983:INFO: ======================================
2018-06-11 20:59:04,983:INFO: Loading Network...
2018-06-11 20:59:20,130:INFO: Loading Disease Associations...
2018-06-11 20:59:37,178:INFO: Building Codisease Matrix...
2018-06-11 21:04:31,482:INFO: Co-disease probability in the PPI Network
2018-06-11 21:04:31,482:INFO: Sabri Eyuboglu  -- SNAP Group
2018-06-11 21:04:31,482:INFO: ======================================
2018-06-11 21:04:31,483:INFO: Loading Network...
2018-06-11 21:04:44,770:INFO: Loading Disease Associations...
2018-06-11 21:05:04,033:INFO: Building Codisease Matrix...
2018-06-11 21:05:25,537:INFO: Co-disease probability in the PPI Network
2018-06-11 21:05:25,537:INFO: Sabri Eyuboglu  -- SNAP Group
2018-06-11 21:05:25,538:INFO: ======================================
2018-06-11 21:05:25,538:INFO: Loading Network...
2018-06-11 21:05:39,026:INFO: Loading Disease Associations...
2018-06-11 21:05:56,543:INFO: Building Codisease Matrix...
2018-06-11 21:07:50,680:INFO: Co-disease probability in the PPI Network
2018-06-11 21:07:50,680:INFO: Sabri Eyuboglu  -- SNAP Group
2018-06-11 21:07:50,680:INFO: ======================================
2018-06-11 21:07:50,681:INFO: Loading Network...
2018-06-11 21:08:03,850:INFO: Loading Disease Associations...
2018-06-11 21:08:21,488:INFO: Building Codisease Matrix...
2018-06-11 21:18:01,886:INFO: Co-disease probability in the PPI Network
2018-06-11 21:18:01,886:INFO: Sabri Eyuboglu  -- SNAP Group
2018-06-11 21:18:01,886:INFO: ======================================
2018-06-11 21:18:01,886:INFO: Loading Network...
2018-06-11 21:18:16,853:INFO: Loading Disease Associations...
2018-06-11 21:20:28,944:INFO: Co-disease probability in the PPI Network
2018-06-11 21:20:28,944:INFO: Sabri Eyuboglu  -- SNAP Group
2018-06-11 21:20:28,946:INFO: ======================================
2018-06-11 21:20:28,946:INFO: Loading Network...
2018-06-11 21:20:42,311:INFO: Loading Disease Associations...
2018-06-11 21:20:59,911:INFO: Building Codisease Matrix...
2018-06-11 21:22:17,951:INFO: Co-disease probability in the PPI Network
2018-06-11 21:22:17,951:INFO: Sabri Eyuboglu  -- SNAP Group
2018-06-11 21:22:17,951:INFO: ======================================
2018-06-11 21:22:17,951:INFO: Loading Network...
2018-06-11 21:22:30,281:INFO: Loading Disease Associations...
2018-06-11 21:22:48,649:INFO: Building Codisease Matrix...
2018-06-11 21:32:50,469:INFO: Co-disease probability in the PPI Network
2018-06-11 21:32:50,469:INFO: Sabri Eyuboglu  -- SNAP Group
2018-06-11 21:32:50,469:INFO: ======================================
2018-06-11 21:32:50,470:INFO: Loading Network...
2018-06-11 21:33:04,449:INFO: Loading Disease Associations...
2018-06-11 21:33:23,897:INFO: Building Codisease Matrix...
2018-06-11 21:36:20,617:INFO: Co-disease probability in the PPI Network
2018-06-11 21:36:20,617:INFO: Sabri Eyuboglu  -- SNAP Group
2018-06-11 21:36:20,617:INFO: ======================================
2018-06-11 21:36:20,617:INFO: Loading Network...
2018-06-11 21:36:34,671:INFO: Loading Disease Associations...
2018-06-11 21:36:53,566:INFO: Building Codisease Matrix...
2018-06-11 21:38:06,437:INFO: Co-disease probability in the PPI Network
2018-06-11 21:38:06,438:INFO: Sabri Eyuboglu  -- SNAP Group
2018-06-11 21:38:06,439:INFO: ======================================
2018-06-11 21:38:06,439:INFO: Loading Network...
2018-06-11 21:38:23,270:INFO: Loading Disease Associations...
2018-06-11 21:38:46,048:INFO: Building Codisease Matrix...
2018-06-11 21:42:46,266:INFO: Co-disease probability in the PPI Network
2018-06-11 21:42:46,266:INFO: Sabri Eyuboglu  -- SNAP Group
2018-06-11 21:42:46,266:INFO: ======================================
2018-06-11 21:42:46,267:INFO: Loading Network...
2018-06-11 21:42:59,755:INFO: Loading Disease Associations...
2018-06-11 21:43:18,444:INFO: Building Codisease Matrix...
2018-06-11 21:45:50,281:INFO: Co-disease probability in the PPI Network
2018-06-11 21:45:50,282:INFO: Sabri Eyuboglu  -- SNAP Group
2018-06-11 21:45:50,283:INFO: ======================================
2018-06-11 21:45:50,283:INFO: Loading Network...
2018-06-11 21:46:04,870:INFO: Loading Disease Associations...
2018-06-11 21:46:25,308:INFO: Building Codisease Matrix...
2018-06-11 21:46:42,468:INFO: Co-disease probability in the PPI Network
2018-06-11 21:46:42,468:INFO: Sabri Eyuboglu  -- SNAP Group
2018-06-11 21:46:42,469:INFO: ======================================
2018-06-11 21:46:42,469:INFO: Loading Network...
2018-06-11 21:46:56,272:INFO: Loading Disease Associations...
2018-06-11 21:47:13,315:INFO: Building Codisease Matrix...
2018-06-11 21:50:37,482:INFO: Co-disease probability in the PPI Network
2018-06-11 21:50:37,482:INFO: Sabri Eyuboglu  -- SNAP Group
2018-06-11 21:50:37,483:INFO: ======================================
2018-06-11 21:50:37,483:INFO: Loading Network...
2018-06-11 21:50:50,958:INFO: Loading Disease Associations...
2018-06-11 21:51:10,538:INFO: Building Codisease Matrix...
2018-06-11 21:52:06,470:INFO: Co-disease probability in the PPI Network
2018-06-11 21:52:06,470:INFO: Sabri Eyuboglu  -- SNAP Group
2018-06-11 21:52:06,471:INFO: ======================================
2018-06-11 21:52:06,471:INFO: Loading Network...
2018-06-11 21:52:18,673:INFO: Loading Disease Associations...
2018-06-11 21:52:37,221:INFO: Building Codisease Matrix...
2018-06-11 21:58:09,253:INFO: Co-disease probability in the PPI Network
2018-06-11 21:58:09,254:INFO: Sabri Eyuboglu  -- SNAP Group
2018-06-11 21:58:09,254:INFO: ======================================
2018-06-11 21:58:09,254:INFO: Loading Network...
2018-06-11 21:58:21,428:INFO: Loading Disease Associations...
2018-06-11 21:58:41,539:INFO: Building Codisease Matrix...
2018-06-11 21:59:09,794:INFO: Co-disease probability in the PPI Network
2018-06-11 21:59:09,794:INFO: Sabri Eyuboglu  -- SNAP Group
2018-06-11 21:59:09,795:INFO: ======================================
2018-06-11 21:59:09,795:INFO: Loading Network...
2018-06-11 21:59:24,956:INFO: Loading Disease Associations...
2018-06-11 21:59:45,387:INFO: Building Codisease Matrix...
2018-06-11 22:02:17,603:INFO: Co-disease probability in the PPI Network
2018-06-11 22:02:17,603:INFO: Sabri Eyuboglu  -- SNAP Group
2018-06-11 22:02:17,603:INFO: ======================================
2018-06-11 22:02:17,603:INFO: Loading Network...
2018-06-11 22:02:30,901:INFO: Loading Disease Associations...
2018-06-11 22:02:50,836:INFO: Building Codisease Matrix...
2018-06-12 01:33:49,341:INFO: Co-disease probability in the PPI Network
2018-06-12 01:33:49,341:INFO: Sabri Eyuboglu  -- SNAP Group
2018-06-12 01:33:49,341:INFO: ======================================
2018-06-12 01:33:49,341:INFO: Loading Network...
2018-06-12 01:34:07,756:INFO: Loading Disease Associations...
2018-06-12 01:34:29,516:INFO: Building Codisease Matrix...
2018-06-12 01:35:19,730:INFO: Co-disease probability in the PPI Network
2018-06-12 01:35:19,730:INFO: Sabri Eyuboglu  -- SNAP Group
2018-06-12 01:35:19,730:INFO: ======================================
2018-06-12 01:35:19,731:INFO: Loading Network...
2018-06-12 01:35:34,277:INFO: Loading Disease Associations...
2018-06-12 01:35:51,786:INFO: Building Codisease Matrix...
2018-06-12 01:47:23,168:INFO: Co-disease probability in the PPI Network
2018-06-12 01:47:23,168:INFO: Sabri Eyuboglu  -- SNAP Group
2018-06-12 01:47:23,168:INFO: ======================================
2018-06-12 01:47:23,168:INFO: Loading Network...
2018-06-12 01:47:38,141:INFO: Loading Disease Associations...
2018-06-12 01:47:57,740:INFO: Building Codisease Matrix...
2018-06-12 01:48:30,377:INFO: Co-disease probability in the PPI Network
2018-06-12 01:48:30,378:INFO: Sabri Eyuboglu  -- SNAP Group
2018-06-12 01:48:30,378:INFO: ======================================
2018-06-12 01:48:30,378:INFO: Loading Network...
2018-06-12 01:48:44,709:INFO: Loading Disease Associations...
2018-06-12 01:49:02,494:INFO: Building Codisease Matrix...
2018-06-12 01:54:24,715:INFO: Co-disease probability in the PPI Network
2018-06-12 01:54:24,716:INFO: Sabri Eyuboglu  -- SNAP Group
2018-06-12 01:54:24,716:INFO: ======================================
2018-06-12 01:54:24,716:INFO: Loading Network...
2018-06-12 01:54:36,651:INFO: Loading Disease Associations...
2018-06-12 01:54:53,436:INFO: Building Codisease Matrix...
2018-06-12 01:55:47,843:INFO: Co-disease probability in the PPI Network
2018-06-12 01:55:47,843:INFO: Sabri Eyuboglu  -- SNAP Group
2018-06-12 01:55:47,843:INFO: ======================================
2018-06-12 01:55:47,844:INFO: Loading Network...
2018-06-12 01:56:00,151:INFO: Loading Disease Associations...
2018-06-12 01:56:19,998:INFO: Building Codisease Matrix...
2018-06-13 13:39:49,594:INFO: Co-disease probability in the PPI Network
2018-06-13 13:39:49,595:INFO: Sabri Eyuboglu  -- SNAP Group
2018-06-13 13:39:49,595:INFO: ======================================
2018-06-13 13:39:49,595:INFO: Loading Network...
2018-06-13 13:40:06,150:INFO: Loading Disease Associations...
2018-06-13 13:40:28,903:INFO: Building Codisease Matrix...
2018-06-13 13:55:41,954:INFO: Co-disease probability in the PPI Network
2018-06-13 13:55:41,955:INFO: Sabri Eyuboglu  -- SNAP Group
2018-06-13 13:55:41,956:INFO: ======================================
2018-06-13 13:55:41,956:INFO: Loading Network...
2018-06-13 13:55:56,731:INFO: Loading Disease Associations...
2018-06-13 13:56:16,375:INFO: Building Codisease Matrix...
2018-06-19 16:17:25,458:INFO: Co-disease probability in the PPI Network
2018-06-19 16:17:25,459:INFO: Sabri Eyuboglu  -- SNAP Group
2018-06-19 16:17:25,459:INFO: ======================================
2018-06-19 16:17:25,459:INFO: Loading Network...
2018-06-19 18:21:00,950:INFO: Co-disease probability in the PPI Network
2018-06-19 18:21:00,950:INFO: Sabri Eyuboglu  -- SNAP Group
2018-06-19 18:21:00,950:INFO: ======================================
2018-06-19 18:21:00,950:INFO: Loading Network...
2018-06-19 18:21:17,409:INFO: Loading Disease Associations...
2018-06-19 18:21:38,205:INFO: Building Codisease Matrix...
2018-06-19 18:24:03,796:INFO: Co-disease probability in the PPI Network
2018-06-19 18:24:03,796:INFO: Sabri Eyuboglu  -- SNAP Group
2018-06-19 18:24:03,796:INFO: ======================================
2018-06-19 18:24:03,796:INFO: Loading Network...
2018-06-19 18:24:17,652:INFO: Loading Disease Associations...
2018-06-19 18:24:34,874:INFO: Building Codisease Matrix...
2018-06-19 18:38:38,248:INFO: Co-disease probability in the PPI Network
2018-06-19 18:38:38,248:INFO: Sabri Eyuboglu  -- SNAP Group
2018-06-19 18:38:38,248:INFO: ======================================
2018-06-19 18:38:38,248:INFO: Loading Network...
2018-06-19 18:38:51,548:INFO: Loading Disease Associations...
2018-06-19 18:39:11,712:INFO: Building Codisease Matrix...
2018-06-19 18:41:48,957:INFO: Co-disease probability in the PPI Network
2018-06-19 18:41:48,957:INFO: Sabri Eyuboglu  -- SNAP Group
2018-06-19 18:41:48,957:INFO: ======================================
2018-06-19 18:41:48,958:INFO: Loading Network...
2018-06-19 18:42:02,546:INFO: Loading Disease Associations...
2018-06-19 18:42:22,839:INFO: Building Codisease Matrix...
2018-06-19 18:43:01,403:INFO: Co-disease probability in the PPI Network
2018-06-19 18:43:01,404:INFO: Sabri Eyuboglu  -- SNAP Group
2018-06-19 18:43:01,404:INFO: ======================================
2018-06-19 18:43:01,404:INFO: Loading Network...
2018-06-19 18:43:13,529:INFO: Loading Disease Associations...
2018-06-19 18:43:30,125:INFO: Building Codisease Matrix...
2018-06-19 18:44:10,353:INFO: Co-disease probability in the PPI Network
2018-06-19 18:44:10,353:INFO: Sabri Eyuboglu  -- SNAP Group
2018-06-19 18:44:10,353:INFO: ======================================
2018-06-19 18:44:10,353:INFO: Loading Network...
2018-06-19 18:44:24,647:INFO: Loading Disease Associations...
2018-06-19 18:44:42,907:INFO: Building Codisease Matrix...
2018-06-19 18:45:16,690:INFO: Co-disease probability in the PPI Network
2018-06-19 18:45:16,690:INFO: Sabri Eyuboglu  -- SNAP Group
2018-06-19 18:45:16,690:INFO: ======================================
2018-06-19 18:45:16,690:INFO: Loading Network...
2018-06-19 18:45:31,609:INFO: Loading Disease Associations...
2018-06-19 18:45:53,018:INFO: Building Codisease Matrix...
2018-06-22 13:08:18,563:INFO: Co-disease probability in the PPI Network
2018-06-22 13:08:18,564:INFO: Sabri Eyuboglu  -- SNAP Group
2018-06-22 13:08:18,565:INFO: ======================================
2018-06-22 13:08:18,565:INFO: Loading Network...
2018-06-22 13:08:31,041:INFO: Loading Disease Associations...
2018-06-22 13:08:51,674:INFO: Building Codisease Matrix...
2018-06-22 13:10:08,184:INFO: Co-disease probability in the PPI Network
2018-06-22 13:10:08,184:INFO: Sabri Eyuboglu  -- SNAP Group
2018-06-22 13:10:08,184:INFO: ======================================
2018-06-22 13:10:08,184:INFO: Loading Network...
2018-06-22 13:10:20,870:INFO: Loading Disease Associations...
2018-06-22 13:10:38,884:INFO: Building Codisease Matrix...
2018-06-22 13:12:41,486:INFO: Co-disease probability in the PPI Network
2018-06-22 13:12:41,487:INFO: Sabri Eyuboglu  -- SNAP Group
2018-06-22 13:12:41,487:INFO: ======================================
2018-06-22 13:12:41,487:INFO: Loading Network...
2018-06-22 13:12:57,203:INFO: Loading Disease Associations...
2018-06-22 13:13:15,968:INFO: Building Codisease Matrix...
2018-06-22 13:15:39,992:INFO: Co-disease probability in the PPI Network
2018-06-22 13:15:39,992:INFO: Sabri Eyuboglu  -- SNAP Group
2018-06-22 13:15:39,992:INFO: ======================================
2018-06-22 13:15:39,992:INFO: Loading Network...
2018-06-22 13:15:54,114:INFO: Loading Disease Associations...
2018-06-22 13:16:12,099:INFO: Building Codisease Matrix...
2018-06-22 13:16:12,100:INFO: Running Experiment...
2018-06-22 13:17:01,184:INFO: Co-disease probability in the PPI Network
2018-06-22 13:17:01,184:INFO: Sabri Eyuboglu  -- SNAP Group
2018-06-22 13:17:01,184:INFO: ======================================
2018-06-22 13:17:01,184:INFO: Loading Network...
2018-06-22 13:17:14,429:INFO: Loading Disease Associations...
2018-06-22 13:17:32,112:INFO: Building Codisease Matrix...
2018-06-22 13:17:53,779:INFO: Running Experiment...
2018-06-22 13:28:09,978:INFO: Co-disease probability in the PPI Network
2018-06-22 13:28:09,978:INFO: Sabri Eyuboglu  -- SNAP Group
2018-06-22 13:28:09,978:INFO: ======================================
2018-06-22 13:28:09,979:INFO: Loading Network...
2018-06-22 13:28:27,445:INFO: Loading Disease Associations...
2018-06-22 13:28:46,471:INFO: Building Codisease Matrix...
2018-06-22 13:30:04,887:INFO: Co-disease probability in the PPI Network
2018-06-22 13:30:04,888:INFO: Sabri Eyuboglu  -- SNAP Group
2018-06-22 13:30:04,888:INFO: ======================================
2018-06-22 13:30:04,888:INFO: Loading Network...
2018-06-22 13:30:24,553:INFO: Loading Disease Associations...
2018-06-22 13:30:43,682:INFO: Building Codisease Matrix...
2018-06-22 13:31:50,010:INFO: Co-disease probability in the PPI Network
2018-06-22 13:31:50,010:INFO: Sabri Eyuboglu  -- SNAP Group
2018-06-22 13:31:50,011:INFO: ======================================
2018-06-22 13:31:50,011:INFO: Loading Network...
2018-06-22 13:32:04,870:INFO: Loading Disease Associations...
2018-06-22 13:32:23,054:INFO: Building Codisease Matrix...
2018-06-22 13:34:39,012:INFO: Co-disease probability in the PPI Network
2018-06-22 13:34:39,012:INFO: Sabri Eyuboglu  -- SNAP Group
2018-06-22 13:34:39,013:INFO: ======================================
2018-06-22 13:34:39,013:INFO: Loading Network...
2018-06-22 13:34:53,170:INFO: Loading Disease Associations...
2018-06-22 13:35:11,222:INFO: Building Codisease Matrix...
2018-06-22 13:36:14,288:INFO: Co-disease probability in the PPI Network
2018-06-22 13:36:14,288:INFO: Sabri Eyuboglu  -- SNAP Group
2018-06-22 13:36:14,288:INFO: ======================================
2018-06-22 13:36:14,289:INFO: Loading Network...
2018-06-22 13:36:28,848:INFO: Loading Disease Associations...
2018-06-22 13:36:48,715:INFO: Building Codisease Matrix...
2018-06-22 14:06:49,941:INFO: Co-disease probability in the PPI Network
2018-06-22 14:06:49,942:INFO: Sabri Eyuboglu  -- SNAP Group
2018-06-22 14:06:49,942:INFO: ======================================
2018-06-22 14:06:49,942:INFO: Loading Network...
2018-06-22 14:07:08,388:INFO: Loading Disease Associations...
2018-06-22 14:07:31,568:INFO: Building Codisease Matrix...
2018-06-22 14:08:40,199:INFO: Co-disease probability in the PPI Network
2018-06-22 14:08:40,199:INFO: Sabri Eyuboglu  -- SNAP Group
2018-06-22 14:08:40,199:INFO: ======================================
2018-06-22 14:08:40,199:INFO: Loading Network...
2018-06-22 14:08:57,937:INFO: Loading Disease Associations...
2018-06-22 14:09:17,161:INFO: Building Codisease Matrix...
2018-06-22 14:12:07,924:INFO: Co-disease probability in the PPI Network
2018-06-22 14:12:07,924:INFO: Sabri Eyuboglu  -- SNAP Group
2018-06-22 14:12:07,924:INFO: ======================================
2018-06-22 14:12:07,924:INFO: Loading Network...
2018-06-22 14:12:22,375:INFO: Loading Disease Associations...
2018-06-22 14:12:43,243:INFO: Building Codisease Matrix...
