2019-01-08 13:42:39,863:INFO: Metric Significance of Diseases in the PPI Network
2019-01-08 13:42:39,864:INFO: Sabri Eyuboglu  -- SNAP Group
2019-01-08 13:42:39,864:INFO: ======================================
2019-01-08 13:42:39,864:INFO: Loading Disease Associations...
2019-01-08 13:43:25,483:INFO: Metric Significance of Diseases in the PPI Network
2019-01-08 13:43:25,484:INFO: Sabri Eyuboglu  -- SNAP Group
2019-01-08 13:43:25,484:INFO: ======================================
2019-01-08 13:43:25,484:INFO: Loading Disease Associations...
2019-01-08 13:43:25,576:INFO: Loading Network...
2019-01-08 13:43:35,870:INFO: Loading PPI Matrices...
2019-01-08 13:43:43,602:INFO: Building Degree Buckets...
2019-01-08 13:43:43,707:INFO: Running Experiment...
2019-01-08 13:44:33,473:INFO: Metric Significance of Diseases in the PPI Network
2019-01-08 13:44:33,473:INFO: Sabri Eyuboglu  -- SNAP Group
2019-01-08 13:44:33,473:INFO: ======================================
2019-01-08 13:44:33,473:INFO: Loading Disease Associations...
2019-01-08 13:44:33,560:INFO: Loading Network...
2019-01-08 13:44:44,234:INFO: Loading PPI Matrices...
2019-01-08 13:44:50,706:INFO: Building Degree Buckets...
2019-01-08 13:44:50,741:INFO: Running Experiment...
2019-01-08 13:45:27,340:INFO: Metric Significance of Diseases in the PPI Network
2019-01-08 13:45:27,340:INFO: Sabri Eyuboglu  -- SNAP Group
2019-01-08 13:45:27,340:INFO: ======================================
2019-01-08 13:45:27,341:INFO: Loading Disease Associations...
2019-01-08 13:45:27,429:INFO: Loading Network...
2019-01-08 13:45:37,746:INFO: Loading PPI Matrices...
2019-01-08 13:45:43,914:INFO: Building Degree Buckets...
2019-01-08 13:45:43,953:INFO: Running Experiment...
2019-01-08 13:46:49,276:INFO: Metric Significance of Diseases in the PPI Network
2019-01-08 13:46:49,277:INFO: Sabri Eyuboglu  -- SNAP Group
2019-01-08 13:46:49,277:INFO: ======================================
2019-01-08 13:46:49,277:INFO: Loading Disease Associations...
2019-01-08 13:46:49,390:INFO: Loading Network...
2019-01-08 13:46:59,682:INFO: Loading PPI Matrices...
2019-01-08 13:47:05,789:INFO: Building Degree Buckets...
2019-01-08 13:47:05,833:INFO: Running Experiment...
2019-01-08 13:48:07,684:INFO: Metric Significance of Diseases in the PPI Network
2019-01-08 13:48:07,684:INFO: Sabri Eyuboglu  -- SNAP Group
2019-01-08 13:48:07,684:INFO: ======================================
2019-01-08 13:48:07,684:INFO: Loading Disease Associations...
2019-01-08 13:48:07,774:INFO: Loading Network...
2019-01-08 13:48:18,669:INFO: Loading PPI Matrices...
2019-01-08 13:48:25,314:INFO: Building Degree Buckets...
2019-01-08 13:48:25,363:INFO: Running Experiment...
2019-01-08 13:50:57,881:INFO: Metric Significance of Diseases in the PPI Network
2019-01-08 13:50:57,882:INFO: Sabri Eyuboglu  -- SNAP Group
2019-01-08 13:50:57,882:INFO: ======================================
2019-01-08 13:50:57,882:INFO: Loading Disease Associations...
2019-01-08 13:50:57,970:INFO: Loading Network...
2019-01-08 13:51:08,225:INFO: Loading PPI Matrices...
2019-01-08 13:51:14,469:INFO: Building Degree Buckets...
2019-01-08 13:51:14,512:INFO: Running Experiment...
2019-01-08 13:51:51,566:INFO: Metric Significance of Diseases in the PPI Network
2019-01-08 13:51:51,567:INFO: Sabri Eyuboglu  -- SNAP Group
2019-01-08 13:51:51,567:INFO: ======================================
2019-01-08 13:51:51,567:INFO: Loading Disease Associations...
2019-01-08 13:51:51,654:INFO: Loading Network...
2019-01-08 13:52:02,135:INFO: Loading PPI Matrices...
2019-01-08 13:52:08,158:INFO: Building Degree Buckets...
2019-01-08 13:52:08,196:INFO: Running Experiment...
2019-01-08 13:52:27,032:INFO: Metric Significance of Diseases in the PPI Network
2019-01-08 13:52:27,032:INFO: Sabri Eyuboglu  -- SNAP Group
2019-01-08 13:52:27,032:INFO: ======================================
2019-01-08 13:52:27,032:INFO: Loading Disease Associations...
2019-01-08 13:52:27,122:INFO: Loading Network...
2019-01-08 13:52:37,651:INFO: Loading PPI Matrices...
2019-01-08 13:52:43,680:INFO: Building Degree Buckets...
2019-01-08 13:52:43,736:INFO: Running Experiment...
2019-01-08 13:53:53,981:INFO: Metric Significance of Diseases in the PPI Network
2019-01-08 13:53:53,982:INFO: Sabri Eyuboglu  -- SNAP Group
2019-01-08 13:53:53,982:INFO: ======================================
2019-01-08 13:53:53,982:INFO: Loading Disease Associations...
2019-01-08 13:53:54,071:INFO: Loading Network...
2019-01-08 13:54:03,547:INFO: Loading PPI Matrices...
2019-01-08 13:54:09,672:INFO: Building Degree Buckets...
2019-01-08 13:54:09,724:INFO: Running Experiment...
2019-01-08 13:54:39,460:INFO: Metric Significance of Diseases in the PPI Network
2019-01-08 13:54:39,460:INFO: Sabri Eyuboglu  -- SNAP Group
2019-01-08 13:54:39,460:INFO: ======================================
2019-01-08 13:54:39,460:INFO: Loading Disease Associations...
2019-01-08 13:54:39,548:INFO: Loading Network...
2019-01-08 13:54:50,966:INFO: Loading PPI Matrices...
2019-01-08 13:54:57,766:INFO: Building Degree Buckets...
2019-01-08 13:54:57,814:INFO: Running Experiment...
2019-01-08 13:56:03,620:INFO: Metric Significance of Diseases in the PPI Network
2019-01-08 13:56:03,621:INFO: Sabri Eyuboglu  -- SNAP Group
2019-01-08 13:56:03,621:INFO: ======================================
2019-01-08 13:56:03,621:INFO: Loading Disease Associations...
2019-01-08 13:56:03,710:INFO: Loading Network...
2019-01-08 13:56:14,207:INFO: Loading PPI Matrices...
2019-01-08 13:56:20,147:INFO: Building Degree Buckets...
2019-01-08 13:56:20,205:INFO: Running Experiment...
2019-01-08 13:57:11,312:INFO: Metric Significance of Diseases in the PPI Network
2019-01-08 13:57:11,312:INFO: Sabri Eyuboglu  -- SNAP Group
2019-01-08 13:57:11,312:INFO: ======================================
2019-01-08 13:57:11,312:INFO: Loading Disease Associations...
2019-01-08 13:57:11,399:INFO: Loading Network...
2019-01-08 13:57:21,637:INFO: Loading PPI Matrices...
2019-01-08 13:57:28,199:INFO: Building Degree Buckets...
2019-01-08 13:57:28,268:INFO: Running Experiment...
2019-01-08 13:58:35,451:INFO: Metric Significance of Diseases in the PPI Network
2019-01-08 13:58:35,452:INFO: Sabri Eyuboglu  -- SNAP Group
2019-01-08 13:58:35,453:INFO: ======================================
2019-01-08 13:58:35,453:INFO: Loading Disease Associations...
2019-01-08 13:58:35,540:INFO: Loading Network...
2019-01-08 13:58:46,097:INFO: Loading PPI Matrices...
2019-01-08 13:58:52,106:INFO: Building Degree Buckets...
2019-01-08 13:58:52,149:INFO: Running Experiment...
2019-01-08 13:59:11,580:INFO: Metric Significance of Diseases in the PPI Network
2019-01-08 13:59:11,580:INFO: Sabri Eyuboglu  -- SNAP Group
2019-01-08 13:59:11,580:INFO: ======================================
2019-01-08 13:59:11,581:INFO: Loading Disease Associations...
2019-01-08 13:59:11,684:INFO: Loading Network...
2019-01-08 13:59:22,320:INFO: Loading PPI Matrices...
2019-01-08 13:59:28,608:INFO: Building Degree Buckets...
2019-01-08 13:59:28,660:INFO: Running Experiment...
2019-01-08 14:03:45,644:INFO: Metric Significance of Diseases in the PPI Network
2019-01-08 14:03:45,645:INFO: Sabri Eyuboglu  -- SNAP Group
2019-01-08 14:03:45,645:INFO: ======================================
2019-01-08 14:03:45,645:INFO: Loading Disease Associations...
2019-01-08 14:03:45,740:INFO: Loading Network...
2019-01-08 14:03:55,458:INFO: Loading PPI Matrices...
2019-01-08 14:04:03,096:INFO: Building Degree Buckets...
2019-01-08 14:04:03,182:INFO: Running Experiment...
2019-01-08 14:04:18,352:INFO: Metric Significance of Diseases in the PPI Network
2019-01-08 14:04:18,353:INFO: Sabri Eyuboglu  -- SNAP Group
2019-01-08 14:04:18,353:INFO: ======================================
2019-01-08 14:04:18,353:INFO: Loading Disease Associations...
2019-01-08 14:04:18,446:INFO: Loading Network...
2019-01-08 14:04:29,060:INFO: Loading PPI Matrices...
2019-01-08 14:04:35,215:INFO: Building Degree Buckets...
2019-01-08 14:04:35,257:INFO: Running Experiment...
2019-01-08 14:20:48,265:INFO: Metric Significance of Diseases in the PPI Network
2019-01-08 14:20:48,265:INFO: Sabri Eyuboglu  -- SNAP Group
2019-01-08 14:20:48,265:INFO: ======================================
2019-01-08 14:20:48,265:INFO: Loading Disease Associations...
2019-01-08 14:21:19,356:INFO: Metric Significance of Diseases in the PPI Network
2019-01-08 14:21:19,357:INFO: Sabri Eyuboglu  -- SNAP Group
2019-01-08 14:21:19,357:INFO: ======================================
2019-01-08 14:21:19,357:INFO: Loading Disease Associations...
2019-01-08 14:21:19,445:INFO: Loading Network...
2019-01-08 14:21:30,295:INFO: Loading PPI Matrices...
2019-01-08 14:21:37,510:INFO: Building Degree Buckets...
2019-01-08 14:21:37,571:INFO: Running Experiment...
2019-01-08 14:23:57,863:INFO: Metric Significance of Diseases in the PPI Network
2019-01-08 14:23:57,864:INFO: Sabri Eyuboglu  -- SNAP Group
2019-01-08 14:23:57,864:INFO: ======================================
2019-01-08 14:23:57,864:INFO: Loading Disease Associations...
2019-01-08 14:24:12,752:INFO: Metric Significance of Diseases in the PPI Network
2019-01-08 14:24:12,753:INFO: Sabri Eyuboglu  -- SNAP Group
2019-01-08 14:24:12,753:INFO: ======================================
2019-01-08 14:24:12,753:INFO: Loading Disease Associations...
2019-01-08 14:24:12,842:INFO: Loading Network...
2019-01-08 14:24:23,325:INFO: Loading PPI Matrices...
2019-01-08 14:24:29,953:INFO: Building Degree Buckets...
2019-01-08 14:24:30,010:INFO: Running Experiment...
2019-01-08 14:26:20,224:INFO: Metric Significance of Diseases in the PPI Network
2019-01-08 14:26:20,226:INFO: Sabri Eyuboglu  -- SNAP Group
2019-01-08 14:26:20,227:INFO: ======================================
2019-01-08 14:26:20,227:INFO: Loading Disease Associations...
2019-01-08 14:26:34,415:INFO: Metric Significance of Diseases in the PPI Network
2019-01-08 14:26:34,415:INFO: Sabri Eyuboglu  -- SNAP Group
2019-01-08 14:26:34,416:INFO: ======================================
2019-01-08 14:26:34,416:INFO: Loading Disease Associations...
2019-01-08 14:26:34,508:INFO: Loading Network...
2019-01-08 14:26:46,123:INFO: Loading PPI Matrices...
2019-01-08 14:26:52,830:INFO: Building Degree Buckets...
2019-01-08 14:26:52,901:INFO: Running Experiment...
2019-01-08 14:29:59,594:INFO: Metric Significance of Diseases in the PPI Network
2019-01-08 14:29:59,594:INFO: Sabri Eyuboglu  -- SNAP Group
2019-01-08 14:29:59,594:INFO: ======================================
2019-01-08 14:29:59,594:INFO: Loading Disease Associations...
2019-01-08 14:29:59,683:INFO: Loading Network...
2019-01-08 14:30:10,029:INFO: Loading PPI Matrices...
2019-01-08 14:30:16,688:INFO: Building Degree Buckets...
2019-01-08 14:30:16,740:INFO: Running Experiment...
2019-01-08 14:34:06,493:INFO: Metric Significance of Diseases in the PPI Network
2019-01-08 14:34:06,493:INFO: Sabri Eyuboglu  -- SNAP Group
2019-01-08 14:34:06,493:INFO: ======================================
2019-01-08 14:34:06,494:INFO: Loading Disease Associations...
2019-01-08 14:34:20,918:INFO: Metric Significance of Diseases in the PPI Network
2019-01-08 14:34:20,919:INFO: Sabri Eyuboglu  -- SNAP Group
2019-01-08 14:34:20,919:INFO: ======================================
2019-01-08 14:34:20,919:INFO: Loading Disease Associations...
2019-01-08 14:34:21,011:INFO: Loading Network...
2019-01-08 14:34:32,402:INFO: Loading PPI Matrices...
2019-01-08 14:34:38,679:INFO: Building Degree Buckets...
2019-01-08 14:35:07,034:INFO: Metric Significance of Diseases in the PPI Network
2019-01-08 14:35:07,035:INFO: Sabri Eyuboglu  -- SNAP Group
2019-01-08 14:35:07,035:INFO: ======================================
2019-01-08 14:35:07,035:INFO: Loading Disease Associations...
2019-01-08 14:35:07,129:INFO: Loading Network...
2019-01-08 14:35:19,401:INFO: Loading PPI Matrices...
2019-01-08 14:35:27,843:INFO: Building Degree Buckets...
2019-01-08 14:35:27,990:INFO: Running Experiment...
2019-01-08 14:52:09,412:INFO: Metric Significance of Diseases in the PPI Network
2019-01-08 14:52:09,413:INFO: Sabri Eyuboglu  -- SNAP Group
2019-01-08 14:52:09,414:INFO: ======================================
2019-01-08 14:52:09,414:INFO: Loading Disease Associations...
2019-01-08 14:52:09,512:INFO: Loading Network...
2019-01-08 14:52:19,119:INFO: Loading PPI Matrices...
2019-01-08 14:52:26,365:INFO: Building Degree Buckets...
2019-01-08 14:52:26,513:INFO: Running Experiment...
