2018-11-01 16:26:00,939:INFO: Disease Protein Prediction in the PPI Network
2018-11-01 16:26:00,939:INFO: Sabri Eyuboglu  -- SNAP Group
2018-11-01 16:26:00,940:INFO: ======================================
2018-11-01 16:26:00,940:INFO: Loading PPI Network...
2018-11-01 16:26:12,557:INFO: Loading Disease Associations...
2018-11-01 16:26:42,047:INFO: Disease Protein Prediction in the PPI Network
2018-11-01 16:26:42,048:INFO: Sabri Eyuboglu  -- SNAP Group
2018-11-01 16:26:42,048:INFO: ======================================
2018-11-01 16:26:42,048:INFO: Loading PPI Network...
2018-11-01 16:26:53,306:INFO: Loading Disease Associations...
2018-11-01 17:49:37,498:INFO: Disease Protein Prediction in the PPI Network
2018-11-01 17:49:37,498:INFO: Sabri Eyuboglu  -- SNAP Group
2018-11-01 17:49:37,498:INFO: ======================================
2018-11-01 17:49:37,499:INFO: Loading PPI Network...
2018-11-01 17:49:44,847:INFO: Loading Disease Associations...
2018-11-01 17:49:57,618:INFO: Starting training for 50 epoch(s)
2018-11-01 17:49:57,619:INFO: Epoch 1/50
2018-11-01 17:49:57,619:INFO: Train
2018-11-01 17:50:03,027:INFO: - Train metrics: recall_at_100: 0.114 ; loss: 1.375
2018-11-01 17:50:03,027:INFO: Evaluate
2018-11-01 17:50:04,273:INFO: - Evaluate metrics: recall_at_100: 0.151 ; loss: 1.377
2018-11-01 17:50:04,694:INFO: - Found new best recall_at_100
2018-11-01 17:50:04,757:INFO: Epoch 2/50
2018-11-01 17:50:04,757:INFO: Train
2018-11-01 17:50:09,777:INFO: - Train metrics: recall_at_100: 0.143 ; loss: 1.377
2018-11-01 17:50:09,777:INFO: Evaluate
2018-11-01 17:50:10,879:INFO: - Evaluate metrics: recall_at_100: 0.159 ; loss: 1.376
2018-11-01 17:50:10,981:INFO: - Found new best recall_at_100
2018-11-01 17:50:11,065:INFO: Epoch 3/50
2018-11-01 17:50:11,065:INFO: Train
2018-11-01 17:50:15,332:INFO: - Train metrics: recall_at_100: 0.138 ; loss: 1.376
2018-11-01 17:50:15,333:INFO: Evaluate
2018-11-01 17:50:16,273:INFO: - Evaluate metrics: recall_at_100: 0.136 ; loss: 1.377
2018-11-01 17:50:16,390:INFO: Epoch 4/50
2018-11-01 17:50:16,390:INFO: Train
2018-11-01 17:50:20,596:INFO: - Train metrics: recall_at_100: 0.149 ; loss: 1.376
2018-11-01 17:50:20,597:INFO: Evaluate
2018-11-01 17:50:21,631:INFO: - Evaluate metrics: recall_at_100: 0.134 ; loss: 1.377
2018-11-01 17:50:21,764:INFO: Epoch 5/50
2018-11-01 17:50:21,765:INFO: Train
2018-11-01 17:50:25,911:INFO: - Train metrics: recall_at_100: 0.161 ; loss: 1.376
2018-11-01 17:50:25,912:INFO: Evaluate
2018-11-01 17:50:27,067:INFO: - Evaluate metrics: recall_at_100: 0.144 ; loss: 1.378
2018-11-01 17:50:27,169:INFO: Epoch 6/50
2018-11-01 17:50:27,170:INFO: Train
2018-11-01 17:50:31,430:INFO: - Train metrics: recall_at_100: 0.160 ; loss: 1.373
2018-11-01 17:50:31,430:INFO: Evaluate
2018-11-01 17:50:32,682:INFO: - Evaluate metrics: recall_at_100: 0.146 ; loss: 1.377
2018-11-01 17:50:32,775:INFO: Epoch 7/50
2018-11-01 17:50:32,775:INFO: Train
2018-11-01 17:50:37,840:INFO: - Train metrics: recall_at_100: 0.144 ; loss: 1.376
2018-11-01 17:50:37,840:INFO: Evaluate
2018-11-01 17:50:38,884:INFO: - Evaluate metrics: recall_at_100: 0.104 ; loss: 1.376
2018-11-01 17:50:38,973:INFO: Epoch 8/50
2018-11-01 17:50:38,973:INFO: Train
2018-11-01 17:50:44,268:INFO: - Train metrics: recall_at_100: 0.158 ; loss: 1.376
2018-11-01 17:50:44,268:INFO: Evaluate
2018-11-01 17:50:45,304:INFO: - Evaluate metrics: recall_at_100: 0.137 ; loss: 1.376
2018-11-01 17:50:45,378:INFO: Epoch 9/50
2018-11-01 17:50:45,379:INFO: Train
2018-11-01 17:50:49,457:INFO: - Train metrics: recall_at_100: 0.141 ; loss: 1.370
2018-11-01 17:50:49,457:INFO: Evaluate
2018-11-01 17:50:50,603:INFO: - Evaluate metrics: recall_at_100: 0.172 ; loss: 1.375
2018-11-01 17:50:51,035:INFO: - Found new best recall_at_100
2018-11-01 17:50:51,114:INFO: Epoch 10/50
2018-11-01 17:50:51,114:INFO: Train
2018-11-01 17:50:55,414:INFO: - Train metrics: recall_at_100: 0.137 ; loss: 1.375
2018-11-01 17:50:55,414:INFO: Evaluate
2018-11-01 17:50:56,421:INFO: - Evaluate metrics: recall_at_100: 0.136 ; loss: 1.375
2018-11-01 17:50:56,501:INFO: Epoch 11/50
2018-11-01 17:50:56,501:INFO: Train
2018-11-01 17:51:00,616:INFO: - Train metrics: recall_at_100: 0.146 ; loss: 1.375
2018-11-01 17:51:00,616:INFO: Evaluate
2018-11-01 17:51:01,561:INFO: - Evaluate metrics: recall_at_100: 0.142 ; loss: 1.376
2018-11-01 17:51:01,636:INFO: Epoch 12/50
2018-11-01 17:51:01,636:INFO: Train
2018-11-01 17:51:06,761:INFO: - Train metrics: recall_at_100: 0.150 ; loss: 1.374
2018-11-01 17:51:06,761:INFO: Evaluate
2018-11-01 17:51:07,872:INFO: - Evaluate metrics: recall_at_100: 0.143 ; loss: 1.376
2018-11-01 17:51:08,024:INFO: Epoch 13/50
2018-11-01 17:51:08,025:INFO: Train
2018-11-01 17:51:13,166:INFO: - Train metrics: recall_at_100: 0.161 ; loss: 1.373
2018-11-01 17:51:13,166:INFO: Evaluate
2018-11-01 17:51:14,275:INFO: - Evaluate metrics: recall_at_100: 0.143 ; loss: 1.375
2018-11-01 17:51:14,360:INFO: Epoch 14/50
2018-11-01 17:51:14,360:INFO: Train
2018-11-01 17:51:18,971:INFO: - Train metrics: recall_at_100: 0.168 ; loss: 1.374
2018-11-01 17:51:18,972:INFO: Evaluate
2018-11-01 17:51:19,923:INFO: - Evaluate metrics: recall_at_100: 0.166 ; loss: 1.375
2018-11-01 17:51:19,982:INFO: Epoch 15/50
2018-11-01 17:51:19,982:INFO: Train
2018-11-01 17:51:24,178:INFO: - Train metrics: recall_at_100: 0.179 ; loss: 1.374
2018-11-01 17:51:24,178:INFO: Evaluate
2018-11-01 17:51:25,179:INFO: - Evaluate metrics: recall_at_100: 0.176 ; loss: 1.375
2018-11-01 17:51:25,361:INFO: - Found new best recall_at_100
2018-11-01 17:51:25,434:INFO: Epoch 16/50
2018-11-01 17:51:25,434:INFO: Train
2018-11-01 17:51:29,735:INFO: - Train metrics: recall_at_100: 0.166 ; loss: 1.375
2018-11-01 17:51:29,735:INFO: Evaluate
2018-11-01 17:51:30,687:INFO: - Evaluate metrics: recall_at_100: 0.138 ; loss: 1.375
2018-11-01 17:51:30,768:INFO: Epoch 17/50
2018-11-01 17:51:30,768:INFO: Train
2018-11-01 17:51:34,975:INFO: - Train metrics: recall_at_100: 0.147 ; loss: 1.373
2018-11-01 17:51:34,976:INFO: Evaluate
2018-11-01 17:51:35,960:INFO: - Evaluate metrics: recall_at_100: 0.171 ; loss: 1.376
2018-11-01 17:51:36,030:INFO: Epoch 18/50
2018-11-01 17:51:36,030:INFO: Train
2018-11-01 17:51:41,186:INFO: - Train metrics: recall_at_100: 0.183 ; loss: 1.374
2018-11-01 17:51:41,187:INFO: Evaluate
2018-11-01 17:51:42,335:INFO: - Evaluate metrics: recall_at_100: 0.164 ; loss: 1.374
2018-11-01 17:51:42,419:INFO: Epoch 19/50
2018-11-01 17:51:42,419:INFO: Train
2018-11-01 17:51:47,627:INFO: - Train metrics: recall_at_100: 0.160 ; loss: 1.372
2018-11-01 17:51:47,628:INFO: Evaluate
2018-11-01 17:51:48,888:INFO: - Evaluate metrics: recall_at_100: 0.142 ; loss: 1.373
2018-11-01 17:51:48,958:INFO: Epoch 20/50
2018-11-01 17:51:48,958:INFO: Train
2018-11-01 17:51:53,159:INFO: - Train metrics: recall_at_100: 0.169 ; loss: 1.367
2018-11-01 17:51:53,160:INFO: Evaluate
2018-11-01 17:51:54,284:INFO: - Evaluate metrics: recall_at_100: 0.175 ; loss: 1.374
2018-11-01 17:51:54,351:INFO: Epoch 21/50
2018-11-01 17:51:54,351:INFO: Train
2018-11-01 17:51:58,578:INFO: - Train metrics: recall_at_100: 0.221 ; loss: 1.370
2018-11-01 17:51:58,579:INFO: Evaluate
2018-11-01 17:51:59,632:INFO: - Evaluate metrics: recall_at_100: 0.160 ; loss: 1.374
2018-11-01 17:51:59,749:INFO: Epoch 22/50
2018-11-01 17:51:59,749:INFO: Train
2018-11-01 17:52:03,901:INFO: - Train metrics: recall_at_100: 0.216 ; loss: 1.369
2018-11-01 17:52:03,901:INFO: Evaluate
2018-11-01 17:52:05,088:INFO: - Evaluate metrics: recall_at_100: 0.138 ; loss: 1.375
2018-11-01 17:52:05,192:INFO: Epoch 23/50
2018-11-01 17:52:05,192:INFO: Train
2018-11-01 17:52:09,390:INFO: - Train metrics: recall_at_100: 0.174 ; loss: 1.373
2018-11-01 17:52:09,390:INFO: Evaluate
2018-11-01 17:52:10,603:INFO: - Evaluate metrics: recall_at_100: 0.165 ; loss: 1.373
2018-11-01 17:52:10,690:INFO: Epoch 24/50
2018-11-01 17:52:10,690:INFO: Train
2018-11-01 17:52:15,712:INFO: - Train metrics: recall_at_100: 0.159 ; loss: 1.371
2018-11-01 17:52:15,712:INFO: Evaluate
2018-11-01 17:52:16,823:INFO: - Evaluate metrics: recall_at_100: 0.119 ; loss: 1.374
2018-11-01 17:52:16,909:INFO: Epoch 25/50
2018-11-01 17:52:16,910:INFO: Train
2018-11-01 17:52:21,884:INFO: - Train metrics: recall_at_100: 0.204 ; loss: 1.370
2018-11-01 17:52:21,884:INFO: Evaluate
2018-11-01 17:52:23,003:INFO: - Evaluate metrics: recall_at_100: 0.163 ; loss: 1.374
2018-11-01 17:52:23,111:INFO: Epoch 26/50
2018-11-01 17:52:23,111:INFO: Train
2018-11-01 17:52:27,435:INFO: - Train metrics: recall_at_100: 0.195 ; loss: 1.371
2018-11-01 17:52:27,435:INFO: Evaluate
2018-11-01 17:52:28,586:INFO: - Evaluate metrics: recall_at_100: 0.160 ; loss: 1.374
2018-11-01 17:52:28,656:INFO: Epoch 27/50
2018-11-01 17:52:28,656:INFO: Train
2018-11-01 17:52:32,713:INFO: - Train metrics: recall_at_100: 0.193 ; loss: 1.369
2018-11-01 17:52:32,714:INFO: Evaluate
2018-11-01 17:52:33,796:INFO: - Evaluate metrics: recall_at_100: 0.146 ; loss: 1.374
2018-11-01 17:52:34,048:INFO: Epoch 28/50
2018-11-01 17:52:34,048:INFO: Train
2018-11-01 17:52:38,194:INFO: - Train metrics: recall_at_100: 0.220 ; loss: 1.372
2018-11-01 17:52:38,194:INFO: Evaluate
2018-11-01 17:52:39,224:INFO: - Evaluate metrics: recall_at_100: 0.183 ; loss: 1.373
2018-11-01 17:52:39,314:INFO: - Found new best recall_at_100
2018-11-01 17:52:39,421:INFO: Epoch 29/50
2018-11-01 17:52:39,421:INFO: Train
2018-11-01 17:52:43,528:INFO: - Train metrics: recall_at_100: 0.182 ; loss: 1.371
2018-11-01 17:52:43,528:INFO: Evaluate
2018-11-01 17:52:44,518:INFO: - Evaluate metrics: recall_at_100: 0.188 ; loss: 1.373
2018-11-01 17:52:44,649:INFO: - Found new best recall_at_100
2018-11-01 17:52:44,782:INFO: Epoch 30/50
2018-11-01 17:52:44,782:INFO: Train
2018-11-01 17:52:49,803:INFO: - Train metrics: recall_at_100: 0.193 ; loss: 1.372
2018-11-01 17:52:49,803:INFO: Evaluate
2018-11-01 17:52:50,993:INFO: - Evaluate metrics: recall_at_100: 0.150 ; loss: 1.372
2018-11-01 17:52:51,104:INFO: Epoch 31/50
2018-11-01 17:52:51,104:INFO: Train
2018-11-01 17:52:56,319:INFO: - Train metrics: recall_at_100: 0.194 ; loss: 1.372
2018-11-01 17:52:56,320:INFO: Evaluate
2018-11-01 17:52:57,415:INFO: - Evaluate metrics: recall_at_100: 0.159 ; loss: 1.371
2018-11-01 17:52:57,503:INFO: Epoch 32/50
2018-11-01 17:52:57,503:INFO: Train
2018-11-01 17:53:01,870:INFO: - Train metrics: recall_at_100: 0.189 ; loss: 1.369
2018-11-01 17:53:01,870:INFO: Evaluate
2018-11-01 17:53:03,010:INFO: - Evaluate metrics: recall_at_100: 0.155 ; loss: 1.373
2018-11-01 17:53:03,088:INFO: Epoch 33/50
2018-11-01 17:53:03,088:INFO: Train
2018-11-01 17:53:07,216:INFO: - Train metrics: recall_at_100: 0.174 ; loss: 1.371
2018-11-01 17:53:07,216:INFO: Evaluate
2018-11-01 17:53:08,382:INFO: - Evaluate metrics: recall_at_100: 0.175 ; loss: 1.370
2018-11-01 17:53:08,486:INFO: Epoch 34/50
2018-11-01 17:53:08,486:INFO: Train
2018-11-01 17:53:12,717:INFO: - Train metrics: recall_at_100: 0.178 ; loss: 1.370
2018-11-01 17:53:12,717:INFO: Evaluate
2018-11-01 17:53:13,743:INFO: - Evaluate metrics: recall_at_100: 0.177 ; loss: 1.370
2018-11-01 17:53:13,858:INFO: Epoch 35/50
2018-11-01 17:53:13,859:INFO: Train
2018-11-01 17:53:18,069:INFO: - Train metrics: recall_at_100: 0.197 ; loss: 1.370
2018-11-01 17:53:18,069:INFO: Evaluate
2018-11-01 17:53:19,227:INFO: - Evaluate metrics: recall_at_100: 0.159 ; loss: 1.371
2018-11-01 17:53:19,368:INFO: Epoch 36/50
2018-11-01 17:53:19,368:INFO: Train
2018-11-01 17:53:24,474:INFO: - Train metrics: recall_at_100: 0.173 ; loss: 1.371
2018-11-01 17:53:24,474:INFO: Evaluate
2018-11-01 17:53:25,515:INFO: - Evaluate metrics: recall_at_100: 0.151 ; loss: 1.373
2018-11-01 17:53:25,626:INFO: Epoch 37/50
2018-11-01 17:53:25,626:INFO: Train
2018-11-01 17:53:30,764:INFO: - Train metrics: recall_at_100: 0.172 ; loss: 1.371
2018-11-01 17:53:30,764:INFO: Evaluate
2018-11-01 17:53:31,808:INFO: - Evaluate metrics: recall_at_100: 0.131 ; loss: 1.373
2018-11-01 17:53:31,949:INFO: Epoch 38/50
2018-11-01 17:53:31,949:INFO: Train
2018-11-01 17:53:36,263:INFO: - Train metrics: recall_at_100: 0.198 ; loss: 1.363
2018-11-01 17:53:36,264:INFO: Evaluate
2018-11-01 17:53:37,290:INFO: - Evaluate metrics: recall_at_100: 0.182 ; loss: 1.371
2018-11-01 17:53:37,360:INFO: Epoch 39/50
2018-11-01 17:53:37,360:INFO: Train
2018-11-01 17:53:41,475:INFO: - Train metrics: recall_at_100: 0.187 ; loss: 1.370
2018-11-01 17:53:41,476:INFO: Evaluate
2018-11-01 17:53:42,494:INFO: - Evaluate metrics: recall_at_100: 0.188 ; loss: 1.371
2018-11-01 17:53:42,638:INFO: Epoch 40/50
2018-11-01 17:53:42,638:INFO: Train
2018-11-01 17:53:46,772:INFO: - Train metrics: recall_at_100: 0.189 ; loss: 1.368
2018-11-01 17:53:46,772:INFO: Evaluate
2018-11-01 17:53:47,951:INFO: - Evaluate metrics: recall_at_100: 0.167 ; loss: 1.372
2018-11-01 17:53:48,072:INFO: Epoch 41/50
2018-11-01 17:53:48,072:INFO: Train
2018-11-01 17:53:52,246:INFO: - Train metrics: recall_at_100: 0.189 ; loss: 1.371
2018-11-01 17:53:52,247:INFO: Evaluate
2018-11-01 17:53:53,386:INFO: - Evaluate metrics: recall_at_100: 0.139 ; loss: 1.371
2018-11-01 17:53:53,489:INFO: Epoch 42/50
2018-11-01 17:53:53,490:INFO: Train
2018-11-01 17:53:58,614:INFO: - Train metrics: recall_at_100: 0.215 ; loss: 1.361
2018-11-01 17:53:58,615:INFO: Evaluate
2018-11-01 17:53:59,814:INFO: - Evaluate metrics: recall_at_100: 0.155 ; loss: 1.371
2018-11-01 17:53:59,980:INFO: Epoch 43/50
2018-11-01 17:53:59,980:INFO: Train
2018-11-01 17:54:05,135:INFO: - Train metrics: recall_at_100: 0.181 ; loss: 1.365
2018-11-01 17:54:05,135:INFO: Evaluate
2018-11-01 17:54:06,296:INFO: - Evaluate metrics: recall_at_100: 0.156 ; loss: 1.370
2018-11-01 17:54:06,388:INFO: Epoch 44/50
2018-11-01 17:54:06,388:INFO: Train
2018-11-01 17:54:10,863:INFO: - Train metrics: recall_at_100: 0.214 ; loss: 1.370
2018-11-01 17:54:10,863:INFO: Evaluate
2018-11-01 17:54:11,925:INFO: - Evaluate metrics: recall_at_100: 0.199 ; loss: 1.369
2018-11-01 17:54:12,045:INFO: - Found new best recall_at_100
2018-11-01 17:54:12,226:INFO: Epoch 45/50
2018-11-01 17:54:12,227:INFO: Train
2018-11-01 17:54:16,347:INFO: - Train metrics: recall_at_100: 0.201 ; loss: 1.368
2018-11-01 17:54:16,348:INFO: Evaluate
2018-11-01 17:54:17,419:INFO: - Evaluate metrics: recall_at_100: 0.170 ; loss: 1.372
2018-11-01 17:54:17,543:INFO: Epoch 46/50
2018-11-01 17:54:17,543:INFO: Train
2018-11-01 17:54:21,662:INFO: - Train metrics: recall_at_100: 0.168 ; loss: 1.369
2018-11-01 17:54:21,662:INFO: Evaluate
2018-11-01 17:54:22,843:INFO: - Evaluate metrics: recall_at_100: 0.197 ; loss: 1.370
2018-11-01 17:54:22,921:INFO: Epoch 47/50
2018-11-01 17:54:22,922:INFO: Train
2018-11-01 17:54:27,070:INFO: - Train metrics: recall_at_100: 0.198 ; loss: 1.369
2018-11-01 17:54:27,070:INFO: Evaluate
2018-11-01 17:54:28,214:INFO: - Evaluate metrics: recall_at_100: 0.159 ; loss: 1.370
2018-11-01 17:54:28,382:INFO: Epoch 48/50
2018-11-01 17:54:28,382:INFO: Train
2018-11-01 17:54:33,488:INFO: - Train metrics: recall_at_100: 0.188 ; loss: 1.371
2018-11-01 17:54:33,488:INFO: Evaluate
2018-11-01 17:54:34,575:INFO: - Evaluate metrics: recall_at_100: 0.145 ; loss: 1.371
2018-11-01 17:54:34,671:INFO: Epoch 49/50
2018-11-01 17:54:34,671:INFO: Train
2018-11-01 17:54:39,679:INFO: - Train metrics: recall_at_100: 0.217 ; loss: 1.367
2018-11-01 17:54:39,679:INFO: Evaluate
2018-11-01 17:54:40,718:INFO: - Evaluate metrics: recall_at_100: 0.131 ; loss: 1.369
2018-11-01 17:54:40,796:INFO: Epoch 50/50
2018-11-01 17:54:40,796:INFO: Train
2018-11-01 17:54:45,194:INFO: - Train metrics: recall_at_100: 0.194 ; loss: 1.369
2018-11-01 17:54:45,194:INFO: Evaluate
2018-11-01 17:54:46,357:INFO: - Evaluate metrics: recall_at_100: 0.193 ; loss: 1.368
2018-11-01 17:54:46,469:INFO: Running Experiment...
2018-11-01 17:54:46,507:ERROR: No methodlearned_cn
2018-11-01 18:02:26,313:INFO: Disease Protein Prediction in the PPI Network
2018-11-01 18:02:26,313:INFO: Sabri Eyuboglu  -- SNAP Group
2018-11-01 18:02:26,314:INFO: ======================================
2018-11-01 18:02:26,314:INFO: Loading PPI Network...
2018-11-01 18:02:34,448:INFO: Loading Disease Associations...
2018-11-01 18:02:43,164:INFO: Starting training for 3 epoch(s)
2018-11-01 18:02:43,164:INFO: Epoch 1/3
2018-11-01 18:02:43,164:INFO: Train
2018-11-01 18:02:47,454:INFO: - Train metrics: recall_at_100: 0.127 ; loss: 1.375
2018-11-01 18:02:47,455:INFO: Evaluate
2018-11-01 18:02:48,464:INFO: - Evaluate metrics: recall_at_100: 0.100 ; loss: 1.378
2018-11-01 18:02:48,649:INFO: - Found new best recall_at_100
2018-11-01 18:02:48,833:INFO: Epoch 2/3
2018-11-01 18:02:48,833:INFO: Train
2018-11-01 18:02:52,990:INFO: - Train metrics: recall_at_100: 0.125 ; loss: 1.376
2018-11-01 18:02:52,990:INFO: Evaluate
2018-11-01 18:02:53,959:INFO: - Evaluate metrics: recall_at_100: 0.140 ; loss: 1.378
2018-11-01 18:02:54,099:INFO: - Found new best recall_at_100
2018-11-01 18:02:54,203:INFO: Epoch 3/3
2018-11-01 18:02:54,204:INFO: Train
2018-11-01 18:02:58,178:INFO: - Train metrics: recall_at_100: 0.125 ; loss: 1.377
2018-11-01 18:02:58,179:INFO: Evaluate
2018-11-01 18:02:59,260:INFO: - Evaluate metrics: recall_at_100: 0.113 ; loss: 1.377
2018-11-01 18:02:59,345:INFO: Running Experiment...
2018-11-01 18:02:59,349:ERROR: No methodlearned_cn
2018-11-01 18:04:46,052:INFO: Disease Protein Prediction in the PPI Network
2018-11-01 18:04:46,052:INFO: Sabri Eyuboglu  -- SNAP Group
2018-11-01 18:04:46,052:INFO: ======================================
2018-11-01 18:04:46,052:INFO: Loading PPI Network...
2018-11-01 18:04:53,987:INFO: Loading Disease Associations...
2018-11-01 18:05:02,885:INFO: Starting training for 3 epoch(s)
2018-11-01 18:05:02,886:INFO: Epoch 1/3
2018-11-01 18:05:02,886:INFO: Train
2018-11-01 18:05:06,952:INFO: - Train metrics: recall_at_100: 0.112 ; loss: 1.377
2018-11-01 18:05:06,952:INFO: Evaluate
2018-11-01 18:05:08,096:INFO: - Evaluate metrics: recall_at_100: 0.116 ; loss: 1.378
2018-11-01 18:05:08,382:INFO: - Found new best recall_at_100
2018-11-01 18:05:08,549:INFO: Epoch 2/3
2018-11-01 18:05:08,549:INFO: Train
2018-11-01 18:05:12,584:INFO: - Train metrics: recall_at_100: 0.112 ; loss: 1.376
2018-11-01 18:05:12,585:INFO: Evaluate
2018-11-01 18:05:13,623:INFO: - Evaluate metrics: recall_at_100: 0.126 ; loss: 1.377
2018-11-01 18:05:13,768:INFO: - Found new best recall_at_100
2018-11-01 18:05:13,903:INFO: Epoch 3/3
2018-11-01 18:05:13,904:INFO: Train
2018-11-01 18:05:17,865:INFO: - Train metrics: recall_at_100: 0.118 ; loss: 1.376
2018-11-01 18:05:17,866:INFO: Evaluate
2018-11-01 18:05:19,033:INFO: - Evaluate metrics: recall_at_100: 0.111 ; loss: 1.379
2018-11-01 18:05:19,165:INFO: Running Experiment...
2018-11-01 18:05:36,029:INFO: Disease Protein Prediction in the PPI Network
2018-11-01 18:05:36,029:INFO: Sabri Eyuboglu  -- SNAP Group
2018-11-01 18:05:36,029:INFO: ======================================
2018-11-01 18:05:36,029:INFO: Loading PPI Network...
2018-11-01 18:05:43,166:INFO: Loading Disease Associations...
2018-11-01 18:05:52,917:INFO: Starting training for 3 epoch(s)
2018-11-01 18:05:52,918:INFO: Epoch 1/3
2018-11-01 18:05:52,919:INFO: Train
2018-11-01 18:05:57,053:INFO: - Train metrics: recall_at_100: 0.114 ; loss: 1.376
2018-11-01 18:05:57,053:INFO: Evaluate
2018-11-01 18:05:58,005:INFO: - Evaluate metrics: recall_at_100: 0.121 ; loss: 1.378
2018-11-01 18:05:58,176:INFO: - Found new best recall_at_100
2018-11-01 18:05:58,272:INFO: Epoch 2/3
2018-11-01 18:05:58,272:INFO: Train
2018-11-01 18:06:02,318:INFO: - Train metrics: recall_at_100: 0.140 ; loss: 1.376
2018-11-01 18:06:02,318:INFO: Evaluate
2018-11-01 18:06:03,456:INFO: - Evaluate metrics: recall_at_100: 0.133 ; loss: 1.378
2018-11-01 18:06:03,559:INFO: - Found new best recall_at_100
2018-11-01 18:06:03,665:INFO: Epoch 3/3
2018-11-01 18:06:03,666:INFO: Train
2018-11-01 18:06:07,827:INFO: - Train metrics: recall_at_100: 0.153 ; loss: 1.377
2018-11-01 18:06:07,828:INFO: Evaluate
2018-11-01 18:06:08,954:INFO: - Evaluate metrics: recall_at_100: 0.106 ; loss: 1.377
2018-11-01 18:06:09,040:INFO: Running Experiment...
2018-11-01 18:08:35,841:INFO: Disease Protein Prediction in the PPI Network
2018-11-01 18:08:35,841:INFO: Sabri Eyuboglu  -- SNAP Group
2018-11-01 18:08:35,841:INFO: ======================================
2018-11-01 18:08:35,841:INFO: Loading PPI Network...
2018-11-01 18:08:43,224:INFO: Loading Disease Associations...
2018-11-01 18:08:53,025:INFO: Starting training for 3 epoch(s)
2018-11-01 18:08:53,025:INFO: Epoch 1/3
2018-11-01 18:08:53,025:INFO: Train
2018-11-01 18:08:57,044:INFO: - Train metrics: recall_at_100: 0.132 ; loss: 1.376
2018-11-01 18:08:57,044:INFO: Evaluate
2018-11-01 18:08:58,178:INFO: - Evaluate metrics: recall_at_100: 0.138 ; loss: 1.377
2018-11-01 18:08:58,459:INFO: - Found new best recall_at_100
2018-11-01 18:08:58,734:INFO: Epoch 2/3
2018-11-01 18:08:58,734:INFO: Train
2018-11-01 18:09:02,612:INFO: - Train metrics: recall_at_100: 0.136 ; loss: 1.377
2018-11-01 18:09:02,613:INFO: Evaluate
2018-11-01 18:09:03,579:INFO: - Evaluate metrics: recall_at_100: 0.136 ; loss: 1.378
2018-11-01 18:09:03,651:INFO: Epoch 3/3
2018-11-01 18:09:03,651:INFO: Train
2018-11-01 18:09:07,669:INFO: - Train metrics: recall_at_100: 0.127 ; loss: 1.376
2018-11-01 18:09:07,669:INFO: Evaluate
2018-11-01 18:09:08,868:INFO: - Evaluate metrics: recall_at_100: 0.140 ; loss: 1.378
2018-11-01 18:09:09,009:INFO: - Found new best recall_at_100
2018-11-01 18:09:09,080:INFO: Running Experiment...
2018-11-01 18:09:20,233:INFO: Disease Protein Prediction in the PPI Network
2018-11-01 18:09:20,233:INFO: Sabri Eyuboglu  -- SNAP Group
2018-11-01 18:09:20,233:INFO: ======================================
2018-11-01 18:09:20,233:INFO: Loading PPI Network...
2018-11-01 18:09:27,317:INFO: Loading Disease Associations...
2018-11-01 18:09:35,966:INFO: Starting training for 3 epoch(s)
2018-11-01 18:09:35,966:INFO: Epoch 1/3
2018-11-01 18:09:35,966:INFO: Train
2018-11-01 18:09:40,003:INFO: - Train metrics: recall_at_100: 0.121 ; loss: 1.377
2018-11-01 18:09:40,003:INFO: Evaluate
2018-11-01 18:09:40,954:INFO: - Evaluate metrics: recall_at_100: 0.126 ; loss: 1.378
2018-11-01 18:09:41,150:INFO: - Found new best recall_at_100
2018-11-01 18:09:41,321:INFO: Epoch 2/3
2018-11-01 18:09:41,321:INFO: Train
2018-11-01 18:09:45,347:INFO: - Train metrics: recall_at_100: 0.133 ; loss: 1.376
2018-11-01 18:09:45,347:INFO: Evaluate
2018-11-01 18:09:46,367:INFO: - Evaluate metrics: recall_at_100: 0.140 ; loss: 1.377
2018-11-01 18:09:46,472:INFO: - Found new best recall_at_100
2018-11-01 18:09:46,593:INFO: Epoch 3/3
2018-11-01 18:09:46,593:INFO: Train
2018-11-01 18:09:50,466:INFO: - Train metrics: recall_at_100: 0.130 ; loss: 1.377
2018-11-01 18:09:50,467:INFO: Evaluate
2018-11-01 18:09:51,640:INFO: - Evaluate metrics: recall_at_100: 0.124 ; loss: 1.378
2018-11-01 18:09:51,733:INFO: Running Experiment...
2018-11-01 18:10:14,967:INFO: Disease Protein Prediction in the PPI Network
2018-11-01 18:10:14,967:INFO: Sabri Eyuboglu  -- SNAP Group
2018-11-01 18:10:14,967:INFO: ======================================
2018-11-01 18:10:14,968:INFO: Loading PPI Network...
2018-11-01 18:10:23,066:INFO: Loading Disease Associations...
2018-11-01 18:10:32,140:INFO: Starting training for 3 epoch(s)
2018-11-01 18:10:32,141:INFO: Epoch 1/3
2018-11-01 18:10:32,141:INFO: Train
2018-11-01 18:10:36,092:INFO: - Train metrics: recall_at_100: 0.140 ; loss: 1.378
2018-11-01 18:10:36,093:INFO: Evaluate
2018-11-01 18:10:37,114:INFO: - Evaluate metrics: recall_at_100: 0.118 ; loss: 1.377
2018-11-01 18:10:37,282:INFO: - Found new best recall_at_100
2018-11-01 18:10:37,353:INFO: Epoch 2/3
2018-11-01 18:10:37,353:INFO: Train
2018-11-01 18:10:41,391:INFO: - Train metrics: recall_at_100: 0.102 ; loss: 1.376
2018-11-01 18:10:41,391:INFO: Evaluate
2018-11-01 18:10:42,501:INFO: - Evaluate metrics: recall_at_100: 0.096 ; loss: 1.378
2018-11-01 18:10:42,593:INFO: Epoch 3/3
2018-11-01 18:10:42,593:INFO: Train
2018-11-01 18:10:46,575:INFO: - Train metrics: recall_at_100: 0.126 ; loss: 1.377
2018-11-01 18:10:46,575:INFO: Evaluate
2018-11-01 18:10:47,644:INFO: - Evaluate metrics: recall_at_100: 0.145 ; loss: 1.377
2018-11-01 18:10:47,754:INFO: - Found new best recall_at_100
2018-11-01 18:10:47,848:INFO: Running Experiment...
2018-11-01 18:11:23,839:INFO: Disease Protein Prediction in the PPI Network
2018-11-01 18:11:23,839:INFO: Sabri Eyuboglu  -- SNAP Group
2018-11-01 18:11:23,839:INFO: ======================================
2018-11-01 18:11:23,839:INFO: Loading PPI Network...
2018-11-01 18:11:31,707:INFO: Loading Disease Associations...
2018-11-01 18:11:41,716:INFO: Starting training for 3 epoch(s)
2018-11-01 18:11:41,716:INFO: Epoch 1/3
2018-11-01 18:11:41,716:INFO: Train
2018-11-01 18:11:45,708:INFO: - Train metrics: recall_at_100: 0.128 ; loss: 1.376
2018-11-01 18:11:45,709:INFO: Evaluate
2018-11-01 18:11:46,958:INFO: - Evaluate metrics: recall_at_100: 0.126 ; loss: 1.378
2018-11-01 18:11:47,156:INFO: - Found new best recall_at_100
2018-11-01 18:11:47,231:INFO: Epoch 2/3
2018-11-01 18:11:47,232:INFO: Train
2018-11-01 18:11:51,185:INFO: - Train metrics: recall_at_100: 0.121 ; loss: 1.376
2018-11-01 18:11:51,186:INFO: Evaluate
2018-11-01 18:11:52,399:INFO: - Evaluate metrics: recall_at_100: 0.119 ; loss: 1.378
2018-11-01 18:11:52,545:INFO: Epoch 3/3
2018-11-01 18:11:52,545:INFO: Train
2018-11-01 18:11:56,788:INFO: - Train metrics: recall_at_100: 0.127 ; loss: 1.376
2018-11-01 18:11:56,788:INFO: Evaluate
2018-11-01 18:11:58,000:INFO: - Evaluate metrics: recall_at_100: 0.121 ; loss: 1.376
2018-11-01 18:11:58,085:INFO: Running Experiment...
2018-11-01 18:21:20,058:INFO: Disease Protein Prediction in the PPI Network
2018-11-01 18:21:20,058:INFO: Sabri Eyuboglu  -- SNAP Group
2018-11-01 18:21:20,058:INFO: ======================================
2018-11-01 18:21:20,058:INFO: Loading PPI Network...
2018-11-01 18:21:27,970:INFO: Loading Disease Associations...
2018-11-01 18:21:38,061:INFO: Starting training for 3 epoch(s)
2018-11-01 18:21:38,062:INFO: Epoch 1/3
2018-11-01 18:21:38,062:INFO: Train
2018-11-01 18:22:12,602:INFO: Disease Protein Prediction in the PPI Network
2018-11-01 18:22:12,602:INFO: Sabri Eyuboglu  -- SNAP Group
2018-11-01 18:22:12,602:INFO: ======================================
2018-11-01 18:22:12,602:INFO: Loading PPI Network...
2018-11-01 18:22:20,144:INFO: Loading Disease Associations...
2018-11-01 18:22:28,905:INFO: Starting training for 3 epoch(s)
2018-11-01 18:22:28,905:INFO: Epoch 1/3
2018-11-01 18:22:28,905:INFO: Train
2018-11-01 18:26:12,170:INFO: Disease Protein Prediction in the PPI Network
2018-11-01 18:26:12,170:INFO: Sabri Eyuboglu  -- SNAP Group
2018-11-01 18:26:12,170:INFO: ======================================
2018-11-01 18:26:12,170:INFO: Loading PPI Network...
2018-11-01 18:26:20,225:INFO: Loading Disease Associations...
2018-11-01 18:26:29,510:INFO: Starting training for 3 epoch(s)
2018-11-01 18:26:29,510:INFO: Epoch 1/3
2018-11-01 18:26:29,511:INFO: Train
2018-11-01 18:31:55,975:INFO: Disease Protein Prediction in the PPI Network
2018-11-01 18:31:55,976:INFO: Sabri Eyuboglu  -- SNAP Group
2018-11-01 18:31:55,976:INFO: ======================================
2018-11-01 18:31:55,976:INFO: Loading PPI Network...
2018-11-01 18:32:03,525:INFO: Loading Disease Associations...
2018-11-01 18:32:12,429:INFO: Starting training for 3 epoch(s)
2018-11-01 18:32:12,429:INFO: Epoch 1/3
2018-11-01 18:32:12,429:INFO: Train
2018-11-01 18:32:27,679:INFO: Disease Protein Prediction in the PPI Network
2018-11-01 18:32:27,680:INFO: Sabri Eyuboglu  -- SNAP Group
2018-11-01 18:32:27,680:INFO: ======================================
2018-11-01 18:32:27,680:INFO: Loading PPI Network...
2018-11-01 18:32:35,003:INFO: Loading Disease Associations...
2018-11-01 18:32:43,478:INFO: Starting training for 1 epoch(s)
2018-11-01 18:32:43,479:INFO: Epoch 1/1
2018-11-01 18:32:43,479:INFO: Train
2018-11-01 18:32:47,568:INFO: - Train metrics: recall_at_100: 0.145 ; loss: 1.377
2018-11-01 18:32:47,568:INFO: Evaluate
2018-11-01 18:33:55,343:INFO: Disease Protein Prediction in the PPI Network
2018-11-01 18:33:55,343:INFO: Sabri Eyuboglu  -- SNAP Group
2018-11-01 18:33:55,343:INFO: ======================================
2018-11-01 18:33:55,344:INFO: Loading PPI Network...
2018-11-01 18:34:03,235:INFO: Loading Disease Associations...
2018-11-01 18:34:12,452:INFO: Starting training for 1 epoch(s)
2018-11-01 18:35:06,364:INFO: Disease Protein Prediction in the PPI Network
2018-11-01 18:35:06,364:INFO: Sabri Eyuboglu  -- SNAP Group
2018-11-01 18:35:06,364:INFO: ======================================
2018-11-01 18:35:06,364:INFO: Loading PPI Network...
2018-11-01 18:35:14,513:INFO: Loading Disease Associations...
2018-11-01 18:35:23,955:INFO: Starting training for 1 epoch(s)
2018-11-01 18:35:23,956:INFO: Epoch 1/1
2018-11-01 18:35:23,956:INFO: Train
2018-11-01 18:41:42,552:INFO: Disease Protein Prediction in the PPI Network
2018-11-01 18:41:42,552:INFO: Sabri Eyuboglu  -- SNAP Group
2018-11-01 18:41:42,552:INFO: ======================================
2018-11-01 18:41:42,552:INFO: Loading PPI Network...
2018-11-01 18:41:49,730:INFO: Loading Disease Associations...
2018-11-01 18:41:59,636:INFO: Starting training for 1 epoch(s)
2018-11-01 18:41:59,636:INFO: Epoch 1/1
2018-11-01 18:41:59,637:INFO: Train
2018-11-01 18:42:38,582:INFO: Disease Protein Prediction in the PPI Network
2018-11-01 18:42:38,582:INFO: Sabri Eyuboglu  -- SNAP Group
2018-11-01 18:42:38,582:INFO: ======================================
2018-11-01 18:42:38,582:INFO: Loading PPI Network...
2018-11-01 18:42:45,715:INFO: Loading Disease Associations...
2018-11-01 18:42:55,190:INFO: Starting training for 1 epoch(s)
2018-11-01 18:42:55,190:INFO: Epoch 1/1
2018-11-01 18:42:55,190:INFO: Train
2018-11-01 18:42:59,435:INFO: - Train metrics: recall_at_100: 0.150 ; loss: 1.375
2018-11-01 18:42:59,435:INFO: Evaluate
2018-11-01 18:43:34,723:INFO: Disease Protein Prediction in the PPI Network
2018-11-01 18:43:34,723:INFO: Sabri Eyuboglu  -- SNAP Group
2018-11-01 18:43:34,723:INFO: ======================================
2018-11-01 18:43:34,723:INFO: Loading PPI Network...
2018-11-01 18:43:41,893:INFO: Loading Disease Associations...
2018-11-01 18:43:51,777:INFO: Starting training for 1 epoch(s)
2018-11-01 18:43:51,777:INFO: Epoch 1/1
2018-11-01 18:43:51,777:INFO: Train
2018-11-01 18:43:55,785:INFO: - Train metrics: recall_at_100: 0.131 ; loss: 1.377
2018-11-01 18:43:55,785:INFO: Evaluate
2018-11-01 18:43:56,793:INFO: - Evaluate metrics: recall_at_100: 0.140 ; loss: 1.378
2018-11-01 18:43:56,996:INFO: - Found new best recall_at_100
2018-11-01 18:43:57,149:INFO: Running Experiment...
2018-11-01 18:49:04,542:INFO: Disease Protein Prediction in the PPI Network
2018-11-01 18:49:04,542:INFO: Sabri Eyuboglu  -- SNAP Group
2018-11-01 18:49:04,542:INFO: ======================================
2018-11-01 18:49:04,542:INFO: Loading PPI Network...
2018-11-01 18:49:23,843:INFO: Disease Protein Prediction in the PPI Network
2018-11-01 18:49:23,843:INFO: Sabri Eyuboglu  -- SNAP Group
2018-11-01 18:49:23,843:INFO: ======================================
2018-11-01 18:49:23,843:INFO: Loading PPI Network...
2018-11-01 18:49:32,231:INFO: Loading Disease Associations...
2018-11-01 18:49:42,891:INFO: Starting training for 75 epoch(s)
2018-11-01 18:49:42,892:INFO: Epoch 1/75
2018-11-01 18:49:42,892:INFO: Train
2018-11-01 18:49:46,857:INFO: - Train metrics: recall_at_100: 0.119 ; loss: 1.377
2018-11-01 18:49:46,858:INFO: Evaluate
2018-11-01 18:49:47,961:INFO: - Evaluate metrics: recall_at_100: 0.132 ; loss: 1.377
2018-11-01 18:49:48,334:INFO: - Found new best recall_at_100
2018-11-01 18:49:48,452:INFO: Epoch 2/75
2018-11-01 18:49:48,452:INFO: Train
2018-11-01 18:49:52,645:INFO: - Train metrics: recall_at_100: 0.120 ; loss: 1.376
2018-11-01 18:49:52,645:INFO: Evaluate
2018-11-01 18:49:53,688:INFO: - Evaluate metrics: recall_at_100: 0.153 ; loss: 1.377
2018-11-01 18:49:53,796:INFO: - Found new best recall_at_100
2018-11-01 18:49:53,978:INFO: Epoch 3/75
2018-11-01 18:49:53,979:INFO: Train
2018-11-01 18:49:58,204:INFO: - Train metrics: recall_at_100: 0.105 ; loss: 1.373
2018-11-01 18:49:58,204:INFO: Evaluate
2018-11-01 18:49:59,235:INFO: - Evaluate metrics: recall_at_100: 0.169 ; loss: 1.375
2018-11-01 18:49:59,554:INFO: - Found new best recall_at_100
2018-11-01 18:49:59,678:INFO: Epoch 4/75
2018-11-01 18:49:59,679:INFO: Train
2018-11-01 18:50:03,849:INFO: - Train metrics: recall_at_100: 0.143 ; loss: 1.376
2018-11-01 18:50:03,849:INFO: Evaluate
2018-11-01 18:50:04,854:INFO: - Evaluate metrics: recall_at_100: 0.144 ; loss: 1.377
2018-11-01 18:50:04,999:INFO: Epoch 5/75
2018-11-01 18:50:04,999:INFO: Train
2018-11-01 18:50:09,226:INFO: - Train metrics: recall_at_100: 0.118 ; loss: 1.375
2018-11-01 18:50:09,227:INFO: Evaluate
2018-11-01 18:50:10,179:INFO: - Evaluate metrics: recall_at_100: 0.157 ; loss: 1.377
2018-11-01 18:50:10,309:INFO: Epoch 6/75
2018-11-01 18:50:10,309:INFO: Train
2018-11-01 18:50:14,258:INFO: - Train metrics: recall_at_100: 0.129 ; loss: 1.376
2018-11-01 18:50:14,259:INFO: Evaluate
2018-11-01 18:50:15,261:INFO: - Evaluate metrics: recall_at_100: 0.133 ; loss: 1.376
2018-11-01 18:50:15,360:INFO: Epoch 7/75
2018-11-01 18:50:15,361:INFO: Train
2018-11-01 18:50:19,469:INFO: - Train metrics: recall_at_100: 0.140 ; loss: 1.376
2018-11-01 18:50:19,469:INFO: Evaluate
2018-11-01 18:50:20,452:INFO: - Evaluate metrics: recall_at_100: 0.133 ; loss: 1.376
2018-11-01 18:50:20,570:INFO: Epoch 8/75
2018-11-01 18:50:20,570:INFO: Train
2018-11-01 18:50:24,753:INFO: - Train metrics: recall_at_100: 0.128 ; loss: 1.373
2018-11-01 18:50:24,753:INFO: Evaluate
2018-11-01 18:50:25,739:INFO: - Evaluate metrics: recall_at_100: 0.111 ; loss: 1.377
2018-11-01 18:50:25,867:INFO: Epoch 9/75
2018-11-01 18:50:25,868:INFO: Train
2018-11-01 18:50:29,766:INFO: - Train metrics: recall_at_100: 0.185 ; loss: 1.373
2018-11-01 18:50:29,766:INFO: Evaluate
2018-11-01 18:50:30,798:INFO: - Evaluate metrics: recall_at_100: 0.143 ; loss: 1.375
2018-11-01 18:50:30,890:INFO: Epoch 10/75
2018-11-01 18:50:30,890:INFO: Train
2018-11-01 18:50:34,760:INFO: - Train metrics: recall_at_100: 0.147 ; loss: 1.374
2018-11-01 18:50:34,761:INFO: Evaluate
2018-11-01 18:50:35,789:INFO: - Evaluate metrics: recall_at_100: 0.128 ; loss: 1.376
2018-11-01 18:50:35,871:INFO: Epoch 11/75
2018-11-01 18:50:35,871:INFO: Train
2018-11-01 18:50:39,847:INFO: - Train metrics: recall_at_100: 0.148 ; loss: 1.373
2018-11-01 18:50:39,847:INFO: Evaluate
2018-11-01 18:50:40,916:INFO: - Evaluate metrics: recall_at_100: 0.144 ; loss: 1.377
2018-11-01 18:50:41,050:INFO: Epoch 12/75
2018-11-01 18:50:41,050:INFO: Train
2018-11-01 18:50:45,178:INFO: - Train metrics: recall_at_100: 0.174 ; loss: 1.375
2018-11-01 18:50:45,179:INFO: Evaluate
2018-11-01 18:50:46,150:INFO: - Evaluate metrics: recall_at_100: 0.150 ; loss: 1.376
2018-11-01 18:50:46,318:INFO: Epoch 13/75
2018-11-01 18:50:46,318:INFO: Train
2018-11-01 18:50:50,445:INFO: - Train metrics: recall_at_100: 0.186 ; loss: 1.374
2018-11-01 18:50:50,445:INFO: Evaluate
2018-11-01 18:50:51,526:INFO: - Evaluate metrics: recall_at_100: 0.162 ; loss: 1.375
2018-11-01 18:50:51,597:INFO: Epoch 14/75
2018-11-01 18:50:51,597:INFO: Train
2018-11-01 18:50:55,709:INFO: - Train metrics: recall_at_100: 0.174 ; loss: 1.367
2018-11-01 18:50:55,709:INFO: Evaluate
2018-11-01 18:50:56,768:INFO: - Evaluate metrics: recall_at_100: 0.164 ; loss: 1.375
2018-11-01 18:50:56,840:INFO: Epoch 15/75
2018-11-01 18:50:56,840:INFO: Train
2018-11-01 18:51:00,961:INFO: - Train metrics: recall_at_100: 0.194 ; loss: 1.370
2018-11-01 18:51:00,962:INFO: Evaluate
2018-11-01 18:51:02,037:INFO: - Evaluate metrics: recall_at_100: 0.144 ; loss: 1.376
2018-11-01 18:51:02,172:INFO: Epoch 16/75
2018-11-01 18:51:02,172:INFO: Train
2018-11-01 18:51:06,305:INFO: - Train metrics: recall_at_100: 0.189 ; loss: 1.373
2018-11-01 18:51:06,305:INFO: Evaluate
2018-11-01 18:51:07,386:INFO: - Evaluate metrics: recall_at_100: 0.161 ; loss: 1.374
2018-11-01 18:51:07,508:INFO: Epoch 17/75
2018-11-01 18:51:07,508:INFO: Train
2018-11-01 18:51:11,441:INFO: - Train metrics: recall_at_100: 0.171 ; loss: 1.372
2018-11-01 18:51:11,442:INFO: Evaluate
2018-11-01 18:51:12,406:INFO: - Evaluate metrics: recall_at_100: 0.171 ; loss: 1.376
2018-11-01 18:51:12,533:INFO: - Found new best recall_at_100
2018-11-01 18:51:12,669:INFO: Epoch 18/75
2018-11-01 18:51:12,669:INFO: Train
2018-11-01 18:51:16,783:INFO: - Train metrics: recall_at_100: 0.155 ; loss: 1.373
2018-11-01 18:51:16,783:INFO: Evaluate
2018-11-01 18:51:17,823:INFO: - Evaluate metrics: recall_at_100: 0.148 ; loss: 1.374
2018-11-01 18:51:18,074:INFO: Epoch 19/75
2018-11-01 18:51:18,074:INFO: Train
2018-11-01 18:51:21,966:INFO: - Train metrics: recall_at_100: 0.164 ; loss: 1.370
2018-11-01 18:51:21,966:INFO: Evaluate
2018-11-01 18:51:23,045:INFO: - Evaluate metrics: recall_at_100: 0.143 ; loss: 1.375
2018-11-01 18:51:23,160:INFO: Epoch 20/75
2018-11-01 18:51:23,160:INFO: Train
2018-11-01 18:51:27,276:INFO: - Train metrics: recall_at_100: 0.183 ; loss: 1.373
2018-11-01 18:51:27,277:INFO: Evaluate
2018-11-01 18:51:28,382:INFO: - Evaluate metrics: recall_at_100: 0.170 ; loss: 1.373
2018-11-01 18:51:28,477:INFO: Epoch 21/75
2018-11-01 18:51:28,477:INFO: Train
2018-11-01 18:51:32,452:INFO: - Train metrics: recall_at_100: 0.200 ; loss: 1.374
2018-11-01 18:51:32,453:INFO: Evaluate
2018-11-01 18:51:33,460:INFO: - Evaluate metrics: recall_at_100: 0.144 ; loss: 1.373
2018-11-01 18:51:33,563:INFO: Epoch 22/75
2018-11-01 18:51:33,563:INFO: Train
2018-11-01 18:51:37,396:INFO: - Train metrics: recall_at_100: 0.168 ; loss: 1.374
2018-11-01 18:51:37,397:INFO: Evaluate
2018-11-01 18:51:38,422:INFO: - Evaluate metrics: recall_at_100: 0.151 ; loss: 1.374
2018-11-01 18:51:38,584:INFO: Epoch 23/75
2018-11-01 18:51:38,584:INFO: Train
2018-11-01 18:51:42,515:INFO: - Train metrics: recall_at_100: 0.189 ; loss: 1.372
2018-11-01 18:51:42,516:INFO: Evaluate
2018-11-01 18:51:43,471:INFO: - Evaluate metrics: recall_at_100: 0.200 ; loss: 1.373
2018-11-01 18:51:43,585:INFO: - Found new best recall_at_100
2018-11-01 18:51:43,658:INFO: Epoch 24/75
2018-11-01 18:51:43,659:INFO: Train
2018-11-01 18:51:47,764:INFO: - Train metrics: recall_at_100: 0.187 ; loss: 1.373
2018-11-01 18:51:47,765:INFO: Evaluate
2018-11-01 18:51:48,754:INFO: - Evaluate metrics: recall_at_100: 0.139 ; loss: 1.373
2018-11-01 18:51:48,848:INFO: Epoch 25/75
2018-11-01 18:51:48,848:INFO: Train
2018-11-01 18:51:52,838:INFO: - Train metrics: recall_at_100: 0.161 ; loss: 1.372
2018-11-01 18:51:52,838:INFO: Evaluate
2018-11-01 18:51:53,813:INFO: - Evaluate metrics: recall_at_100: 0.154 ; loss: 1.373
2018-11-01 18:51:53,895:INFO: Epoch 26/75
2018-11-01 18:51:53,896:INFO: Train
2018-11-01 18:51:57,821:INFO: - Train metrics: recall_at_100: 0.168 ; loss: 1.371
2018-11-01 18:51:57,821:INFO: Evaluate
2018-11-01 18:51:58,901:INFO: - Evaluate metrics: recall_at_100: 0.142 ; loss: 1.372
2018-11-01 18:51:59,007:INFO: Epoch 27/75
2018-11-01 18:51:59,007:INFO: Train
2018-11-01 18:52:03,061:INFO: - Train metrics: recall_at_100: 0.214 ; loss: 1.371
2018-11-01 18:52:03,062:INFO: Evaluate
2018-11-01 18:52:04,038:INFO: - Evaluate metrics: recall_at_100: 0.202 ; loss: 1.372
2018-11-01 18:52:04,213:INFO: - Found new best recall_at_100
2018-11-01 18:52:04,294:INFO: Epoch 28/75
2018-11-01 18:52:04,294:INFO: Train
2018-11-01 18:52:08,424:INFO: - Train metrics: recall_at_100: 0.185 ; loss: 1.369
2018-11-01 18:52:08,425:INFO: Evaluate
2018-11-01 18:52:09,427:INFO: - Evaluate metrics: recall_at_100: 0.128 ; loss: 1.372
2018-11-01 18:52:09,540:INFO: Epoch 29/75
2018-11-01 18:52:09,540:INFO: Train
2018-11-01 18:52:13,615:INFO: - Train metrics: recall_at_100: 0.179 ; loss: 1.371
2018-11-01 18:52:13,615:INFO: Evaluate
2018-11-01 18:52:14,702:INFO: - Evaluate metrics: recall_at_100: 0.162 ; loss: 1.373
2018-11-01 18:52:15,117:INFO: Epoch 30/75
2018-11-01 18:52:15,117:INFO: Train
2018-11-01 18:52:19,001:INFO: - Train metrics: recall_at_100: 0.183 ; loss: 1.371
2018-11-01 18:52:19,001:INFO: Evaluate
2018-11-01 18:52:20,001:INFO: - Evaluate metrics: recall_at_100: 0.172 ; loss: 1.372
2018-11-01 18:52:20,111:INFO: Epoch 31/75
2018-11-01 18:52:20,111:INFO: Train
2018-11-01 18:52:24,269:INFO: - Train metrics: recall_at_100: 0.177 ; loss: 1.371
2018-11-01 18:52:24,269:INFO: Evaluate
2018-11-01 18:52:25,295:INFO: - Evaluate metrics: recall_at_100: 0.200 ; loss: 1.372
2018-11-01 18:52:25,361:INFO: Epoch 32/75
2018-11-01 18:52:25,361:INFO: Train
2018-11-01 18:52:29,479:INFO: - Train metrics: recall_at_100: 0.203 ; loss: 1.372
2018-11-01 18:52:29,479:INFO: Evaluate
2018-11-01 18:52:30,534:INFO: - Evaluate metrics: recall_at_100: 0.160 ; loss: 1.372
2018-11-01 18:52:30,623:INFO: Epoch 33/75
2018-11-01 18:52:30,623:INFO: Train
2018-11-01 18:52:34,568:INFO: - Train metrics: recall_at_100: 0.173 ; loss: 1.371
2018-11-01 18:52:34,569:INFO: Evaluate
2018-11-01 18:52:35,631:INFO: - Evaluate metrics: recall_at_100: 0.146 ; loss: 1.373
2018-11-01 18:52:35,742:INFO: Epoch 34/75
2018-11-01 18:52:35,742:INFO: Train
2018-11-01 18:52:39,856:INFO: - Train metrics: recall_at_100: 0.195 ; loss: 1.372
2018-11-01 18:52:39,857:INFO: Evaluate
2018-11-01 18:52:40,759:INFO: - Evaluate metrics: recall_at_100: 0.190 ; loss: 1.371
2018-11-01 18:52:40,835:INFO: Epoch 35/75
2018-11-01 18:52:40,835:INFO: Train
2018-11-01 18:52:44,990:INFO: - Train metrics: recall_at_100: 0.180 ; loss: 1.370
2018-11-01 18:52:44,991:INFO: Evaluate
2018-11-01 18:52:46,073:INFO: - Evaluate metrics: recall_at_100: 0.145 ; loss: 1.373
2018-11-01 18:52:46,170:INFO: Epoch 36/75
2018-11-01 18:52:46,171:INFO: Train
2018-11-01 18:52:50,327:INFO: - Train metrics: recall_at_100: 0.193 ; loss: 1.368
2018-11-01 18:52:50,328:INFO: Evaluate
2018-11-01 18:52:51,288:INFO: - Evaluate metrics: recall_at_100: 0.170 ; loss: 1.371
2018-11-01 18:52:51,431:INFO: Epoch 37/75
2018-11-01 18:52:51,431:INFO: Train
2018-11-01 18:52:55,513:INFO: - Train metrics: recall_at_100: 0.196 ; loss: 1.369
2018-11-01 18:52:55,513:INFO: Evaluate
2018-11-01 18:52:56,480:INFO: - Evaluate metrics: recall_at_100: 0.153 ; loss: 1.371
2018-11-01 18:52:56,561:INFO: Epoch 38/75
2018-11-01 18:52:56,561:INFO: Train
2018-11-01 18:53:00,694:INFO: - Train metrics: recall_at_100: 0.185 ; loss: 1.371
2018-11-01 18:53:00,694:INFO: Evaluate
2018-11-01 18:53:01,708:INFO: - Evaluate metrics: recall_at_100: 0.192 ; loss: 1.371
2018-11-01 18:53:01,827:INFO: Epoch 39/75
2018-11-01 18:53:01,827:INFO: Train
2018-11-01 18:53:05,895:INFO: - Train metrics: recall_at_100: 0.172 ; loss: 1.370
2018-11-01 18:53:05,895:INFO: Evaluate
2018-11-01 18:53:06,914:INFO: - Evaluate metrics: recall_at_100: 0.171 ; loss: 1.371
2018-11-01 18:53:07,174:INFO: Epoch 40/75
2018-11-01 18:53:07,175:INFO: Train
2018-11-01 18:53:11,283:INFO: - Train metrics: recall_at_100: 0.160 ; loss: 1.370
2018-11-01 18:53:11,283:INFO: Evaluate
2018-11-01 18:53:12,276:INFO: - Evaluate metrics: recall_at_100: 0.165 ; loss: 1.370
2018-11-01 18:53:12,371:INFO: Epoch 41/75
2018-11-01 18:53:12,372:INFO: Train
2018-11-01 18:53:16,482:INFO: - Train metrics: recall_at_100: 0.165 ; loss: 1.367
2018-11-01 18:53:16,482:INFO: Evaluate
2018-11-01 18:53:17,501:INFO: - Evaluate metrics: recall_at_100: 0.170 ; loss: 1.371
2018-11-01 18:53:17,570:INFO: Epoch 42/75
2018-11-01 18:53:17,570:INFO: Train
2018-11-01 18:53:21,656:INFO: - Train metrics: recall_at_100: 0.200 ; loss: 1.370
2018-11-01 18:53:21,656:INFO: Evaluate
2018-11-01 18:53:22,732:INFO: - Evaluate metrics: recall_at_100: 0.151 ; loss: 1.371
2018-11-01 18:53:22,870:INFO: Epoch 43/75
2018-11-01 18:53:22,870:INFO: Train
2018-11-01 18:53:26,824:INFO: - Train metrics: recall_at_100: 0.213 ; loss: 1.371
2018-11-01 18:53:26,825:INFO: Evaluate
2018-11-01 18:53:27,885:INFO: - Evaluate metrics: recall_at_100: 0.165 ; loss: 1.370
2018-11-01 18:53:27,971:INFO: Epoch 44/75
2018-11-01 18:53:27,972:INFO: Train
2018-11-01 18:53:32,177:INFO: - Train metrics: recall_at_100: 0.176 ; loss: 1.369
2018-11-01 18:53:32,178:INFO: Evaluate
2018-11-01 18:53:33,210:INFO: - Evaluate metrics: recall_at_100: 0.157 ; loss: 1.372
2018-11-01 18:53:33,291:INFO: Epoch 45/75
2018-11-01 18:53:33,292:INFO: Train
2018-11-01 18:53:37,206:INFO: - Train metrics: recall_at_100: 0.188 ; loss: 1.370
2018-11-01 18:53:37,206:INFO: Evaluate
2018-11-01 18:53:38,268:INFO: - Evaluate metrics: recall_at_100: 0.178 ; loss: 1.370
2018-11-01 18:53:38,395:INFO: Epoch 46/75
2018-11-01 18:53:38,395:INFO: Train
2018-11-01 18:53:42,471:INFO: - Train metrics: recall_at_100: 0.165 ; loss: 1.368
2018-11-01 18:53:42,471:INFO: Evaluate
2018-11-01 18:53:43,501:INFO: - Evaluate metrics: recall_at_100: 0.159 ; loss: 1.371
2018-11-01 18:53:43,608:INFO: Epoch 47/75
2018-11-01 18:53:43,608:INFO: Train
2018-11-01 18:53:47,752:INFO: - Train metrics: recall_at_100: 0.194 ; loss: 1.369
2018-11-01 18:53:47,752:INFO: Evaluate
2018-11-01 18:53:48,809:INFO: - Evaluate metrics: recall_at_100: 0.163 ; loss: 1.370
2018-11-01 18:53:48,896:INFO: Epoch 48/75
2018-11-01 18:53:48,896:INFO: Train
2018-11-01 18:53:52,764:INFO: - Train metrics: recall_at_100: 0.168 ; loss: 1.370
2018-11-01 18:53:52,765:INFO: Evaluate
2018-11-01 18:53:53,846:INFO: - Evaluate metrics: recall_at_100: 0.167 ; loss: 1.368
2018-11-01 18:53:53,936:INFO: Epoch 49/75
2018-11-01 18:53:53,937:INFO: Train
2018-11-01 18:53:58,194:INFO: - Train metrics: recall_at_100: 0.224 ; loss: 1.369
2018-11-01 18:53:58,194:INFO: Evaluate
2018-11-01 18:53:59,280:INFO: - Evaluate metrics: recall_at_100: 0.164 ; loss: 1.370
2018-11-01 18:53:59,361:INFO: Epoch 50/75
2018-11-01 18:53:59,362:INFO: Train
2018-11-01 18:54:03,580:INFO: - Train metrics: recall_at_100: 0.178 ; loss: 1.365
2018-11-01 18:54:03,581:INFO: Evaluate
2018-11-01 18:54:04,592:INFO: - Evaluate metrics: recall_at_100: 0.155 ; loss: 1.370
2018-11-01 18:54:04,687:INFO: Epoch 51/75
2018-11-01 18:54:04,687:INFO: Train
2018-11-01 18:54:08,797:INFO: - Train metrics: recall_at_100: 0.202 ; loss: 1.368
2018-11-01 18:54:08,797:INFO: Evaluate
2018-11-01 18:54:09,790:INFO: - Evaluate metrics: recall_at_100: 0.187 ; loss: 1.368
2018-11-01 18:54:09,907:INFO: Epoch 52/75
2018-11-01 18:54:09,907:INFO: Train
2018-11-01 18:54:14,062:INFO: - Train metrics: recall_at_100: 0.176 ; loss: 1.367
2018-11-01 18:54:14,062:INFO: Evaluate
2018-11-01 18:54:15,070:INFO: - Evaluate metrics: recall_at_100: 0.183 ; loss: 1.370
2018-11-01 18:54:15,166:INFO: Epoch 53/75
2018-11-01 18:54:15,166:INFO: Train
2018-11-01 18:54:19,338:INFO: - Train metrics: recall_at_100: 0.199 ; loss: 1.368
2018-11-01 18:54:19,338:INFO: Evaluate
2018-11-01 18:54:20,245:INFO: - Evaluate metrics: recall_at_100: 0.160 ; loss: 1.372
2018-11-01 18:54:20,333:INFO: Epoch 54/75
2018-11-01 18:54:20,333:INFO: Train
2018-11-01 18:54:24,517:INFO: - Train metrics: recall_at_100: 0.197 ; loss: 1.361
2018-11-01 18:54:24,517:INFO: Evaluate
2018-11-01 18:54:25,486:INFO: - Evaluate metrics: recall_at_100: 0.179 ; loss: 1.367
2018-11-01 18:54:25,576:INFO: Epoch 55/75
2018-11-01 18:54:25,576:INFO: Train
2018-11-01 18:54:29,631:INFO: - Train metrics: recall_at_100: 0.179 ; loss: 1.368
2018-11-01 18:54:29,632:INFO: Evaluate
2018-11-01 18:54:30,641:INFO: - Evaluate metrics: recall_at_100: 0.178 ; loss: 1.369
2018-11-01 18:54:30,764:INFO: Epoch 56/75
2018-11-01 18:54:30,764:INFO: Train
2018-11-01 18:54:34,873:INFO: - Train metrics: recall_at_100: 0.228 ; loss: 1.366
2018-11-01 18:54:34,873:INFO: Evaluate
2018-11-01 18:54:35,766:INFO: - Evaluate metrics: recall_at_100: 0.143 ; loss: 1.369
2018-11-01 18:54:35,835:INFO: Epoch 57/75
2018-11-01 18:54:35,835:INFO: Train
2018-11-01 18:54:40,028:INFO: - Train metrics: recall_at_100: 0.202 ; loss: 1.367
2018-11-01 18:54:40,028:INFO: Evaluate
2018-11-01 18:54:41,099:INFO: - Evaluate metrics: recall_at_100: 0.198 ; loss: 1.368
2018-11-01 18:54:41,184:INFO: Epoch 58/75
2018-11-01 18:54:41,185:INFO: Train
2018-11-01 18:54:45,370:INFO: - Train metrics: recall_at_100: 0.180 ; loss: 1.367
2018-11-01 18:54:45,370:INFO: Evaluate
2018-11-01 18:54:46,411:INFO: - Evaluate metrics: recall_at_100: 0.182 ; loss: 1.370
2018-11-01 18:54:46,512:INFO: Epoch 59/75
2018-11-01 18:54:46,512:INFO: Train
2018-11-01 18:54:50,638:INFO: - Train metrics: recall_at_100: 0.190 ; loss: 1.365
2018-11-01 18:54:50,639:INFO: Evaluate
2018-11-01 18:54:51,687:INFO: - Evaluate metrics: recall_at_100: 0.194 ; loss: 1.369
2018-11-01 18:54:51,769:INFO: Epoch 60/75
2018-11-01 18:54:51,769:INFO: Train
2018-11-01 18:54:56,019:INFO: - Train metrics: recall_at_100: 0.213 ; loss: 1.366
2018-11-01 18:54:56,019:INFO: Evaluate
2018-11-01 18:54:57,094:INFO: - Evaluate metrics: recall_at_100: 0.160 ; loss: 1.369
2018-11-01 18:54:57,187:INFO: Epoch 61/75
2018-11-01 18:54:57,187:INFO: Train
2018-11-01 18:55:01,318:INFO: - Train metrics: recall_at_100: 0.217 ; loss: 1.368
2018-11-01 18:55:01,318:INFO: Evaluate
2018-11-01 18:55:02,274:INFO: - Evaluate metrics: recall_at_100: 0.199 ; loss: 1.365
2018-11-01 18:55:02,467:INFO: Epoch 62/75
2018-11-01 18:55:02,467:INFO: Train
2018-11-01 18:55:06,329:INFO: - Train metrics: recall_at_100: 0.186 ; loss: 1.366
2018-11-01 18:55:06,330:INFO: Evaluate
2018-11-01 18:55:07,259:INFO: - Evaluate metrics: recall_at_100: 0.209 ; loss: 1.368
2018-11-01 18:55:07,391:INFO: - Found new best recall_at_100
2018-11-01 18:55:07,488:INFO: Epoch 63/75
2018-11-01 18:55:07,488:INFO: Train
2018-11-01 18:55:11,547:INFO: - Train metrics: recall_at_100: 0.230 ; loss: 1.362
2018-11-01 18:55:11,548:INFO: Evaluate
2018-11-01 18:55:12,540:INFO: - Evaluate metrics: recall_at_100: 0.173 ; loss: 1.366
2018-11-01 18:55:12,606:INFO: Epoch 64/75
2018-11-01 18:55:12,607:INFO: Train
2018-11-01 18:55:16,623:INFO: - Train metrics: recall_at_100: 0.195 ; loss: 1.365
2018-11-01 18:55:16,623:INFO: Evaluate
2018-11-01 18:55:17,462:INFO: - Evaluate metrics: recall_at_100: 0.175 ; loss: 1.367
2018-11-01 18:55:17,545:INFO: Epoch 65/75
2018-11-01 18:55:17,545:INFO: Train
2018-11-01 18:55:21,565:INFO: - Train metrics: recall_at_100: 0.200 ; loss: 1.367
2018-11-01 18:55:21,565:INFO: Evaluate
2018-11-01 18:55:22,556:INFO: - Evaluate metrics: recall_at_100: 0.168 ; loss: 1.368
2018-11-01 18:55:22,647:INFO: Epoch 66/75
2018-11-01 18:55:22,647:INFO: Train
2018-11-01 18:55:26,859:INFO: - Train metrics: recall_at_100: 0.154 ; loss: 1.362
2018-11-01 18:55:26,859:INFO: Evaluate
2018-11-01 18:55:27,780:INFO: - Evaluate metrics: recall_at_100: 0.192 ; loss: 1.369
2018-11-01 18:55:28,580:INFO: Epoch 67/75
2018-11-01 18:55:28,580:INFO: Train
2018-11-01 18:55:32,697:INFO: - Train metrics: recall_at_100: 0.189 ; loss: 1.365
2018-11-01 18:55:32,697:INFO: Evaluate
2018-11-01 18:55:33,728:INFO: - Evaluate metrics: recall_at_100: 0.154 ; loss: 1.368
2018-11-01 18:55:33,824:INFO: Epoch 68/75
2018-11-01 18:55:33,824:INFO: Train
2018-11-01 18:55:37,768:INFO: - Train metrics: recall_at_100: 0.172 ; loss: 1.363
2018-11-01 18:55:37,768:INFO: Evaluate
2018-11-01 18:55:38,834:INFO: - Evaluate metrics: recall_at_100: 0.205 ; loss: 1.368
2018-11-01 18:55:38,926:INFO: Epoch 69/75
2018-11-01 18:55:38,926:INFO: Train
2018-11-01 18:55:43,050:INFO: - Train metrics: recall_at_100: 0.196 ; loss: 1.361
2018-11-01 18:55:43,050:INFO: Evaluate
2018-11-01 18:55:44,128:INFO: - Evaluate metrics: recall_at_100: 0.192 ; loss: 1.366
2018-11-01 18:55:44,212:INFO: Epoch 70/75
2018-11-01 18:55:44,212:INFO: Train
2018-11-01 18:55:48,162:INFO: - Train metrics: recall_at_100: 0.189 ; loss: 1.356
2018-11-01 18:55:48,162:INFO: Evaluate
2018-11-01 18:55:49,179:INFO: - Evaluate metrics: recall_at_100: 0.198 ; loss: 1.366
2018-11-01 18:55:49,271:INFO: Epoch 71/75
2018-11-01 18:55:49,272:INFO: Train
2018-11-01 18:55:53,151:INFO: - Train metrics: recall_at_100: 0.224 ; loss: 1.365
2018-11-01 18:55:53,152:INFO: Evaluate
2018-11-01 18:55:54,147:INFO: - Evaluate metrics: recall_at_100: 0.180 ; loss: 1.368
2018-11-01 18:55:54,223:INFO: Epoch 72/75
2018-11-01 18:55:54,224:INFO: Train
2018-11-01 18:55:58,343:INFO: - Train metrics: recall_at_100: 0.177 ; loss: 1.365
2018-11-01 18:55:58,343:INFO: Evaluate
2018-11-01 18:55:59,384:INFO: - Evaluate metrics: recall_at_100: 0.161 ; loss: 1.367
2018-11-01 18:55:59,456:INFO: Epoch 73/75
2018-11-01 18:55:59,457:INFO: Train
2018-11-01 18:56:03,711:INFO: - Train metrics: recall_at_100: 0.221 ; loss: 1.364
2018-11-01 18:56:03,712:INFO: Evaluate
2018-11-01 18:56:04,672:INFO: - Evaluate metrics: recall_at_100: 0.207 ; loss: 1.366
2018-11-01 18:56:04,768:INFO: Epoch 74/75
2018-11-01 18:56:04,768:INFO: Train
2018-11-01 18:56:08,912:INFO: - Train metrics: recall_at_100: 0.182 ; loss: 1.365
2018-11-01 18:56:08,912:INFO: Evaluate
2018-11-01 18:56:09,993:INFO: - Evaluate metrics: recall_at_100: 0.184 ; loss: 1.365
2018-11-01 18:56:10,079:INFO: Epoch 75/75
2018-11-01 18:56:10,079:INFO: Train
2018-11-01 18:56:14,324:INFO: - Train metrics: recall_at_100: 0.193 ; loss: 1.361
2018-11-01 18:56:14,324:INFO: Evaluate
2018-11-01 18:56:15,399:INFO: - Evaluate metrics: recall_at_100: 0.176 ; loss: 1.364
2018-11-01 18:56:15,500:INFO: Running Experiment...
