2018-05-23 10:16:11,134:INFO: Disease Protein Prediction in the PPI Network
2018-05-23 10:16:11,134:INFO: Sabri Eyuboglu  -- SNAP Group
2018-05-23 10:16:11,134:INFO: ======================================
2018-05-23 10:16:11,135:INFO: Loading PPI Network...
2018-05-23 10:17:35,528:INFO: Disease Protein Prediction in the PPI Network
2018-05-23 10:17:35,528:INFO: Sabri Eyuboglu  -- SNAP Group
2018-05-23 10:17:35,528:INFO: ======================================
2018-05-23 10:17:35,528:INFO: Loading PPI Network...
2018-05-23 10:17:49,147:INFO: Loading Disease Associations...
2018-05-23 10:17:49,154:INFO: Loading PPI Matrix...
2018-05-23 10:20:17,733:INFO: Disease Protein Prediction in the PPI Network
2018-05-23 10:20:17,734:INFO: Sabri Eyuboglu  -- SNAP Group
2018-05-23 10:20:17,734:INFO: ======================================
2018-05-23 10:20:17,734:INFO: Loading PPI Network...
2018-05-23 10:20:28,249:INFO: Loading Disease Associations...
2018-05-23 10:20:28,257:INFO: Loading PPI Matrix...
2018-05-23 10:21:01,843:INFO: Running Experiment...
2018-05-23 10:21:01,845:INFO: Experiment Progress: 0.0% -- 0/1
2018-05-23 10:21:55,451:INFO: Disease Protein Prediction in the PPI Network
2018-05-23 10:21:55,451:INFO: Sabri Eyuboglu  -- SNAP Group
2018-05-23 10:21:55,452:INFO: ======================================
2018-05-23 10:21:55,452:INFO: Loading PPI Network...
2018-05-23 10:22:05,416:INFO: Loading Disease Associations...
2018-05-23 10:22:05,425:INFO: Loading PPI Matrix...
2018-05-23 10:22:28,669:INFO: Running Experiment...
2018-05-23 10:22:28,670:INFO: Experiment Progress: 0.0% -- 0/1
2018-05-23 10:23:28,665:INFO: Disease Protein Prediction in the PPI Network
2018-05-23 10:23:28,666:INFO: Sabri Eyuboglu  -- SNAP Group
2018-05-23 10:23:28,666:INFO: ======================================
2018-05-23 10:23:28,666:INFO: Loading PPI Network...
2018-05-23 10:23:42,142:INFO: Disease Protein Prediction in the PPI Network
2018-05-23 10:23:42,142:INFO: Sabri Eyuboglu  -- SNAP Group
2018-05-23 10:23:42,142:INFO: ======================================
2018-05-23 10:23:42,143:INFO: Loading PPI Network...
2018-05-23 10:23:52,735:INFO: Loading Disease Associations...
2018-05-23 10:23:52,744:INFO: Loading PPI Matrix...
2018-05-23 10:24:17,836:INFO: Running Experiment...
2018-05-23 10:24:17,837:INFO: Experiment Progress: 0.0% -- 0/1
2018-05-23 10:30:02,169:INFO: Disease Protein Prediction in the PPI Network
2018-05-23 10:30:02,169:INFO: Sabri Eyuboglu  -- SNAP Group
2018-05-23 10:30:02,169:INFO: ======================================
2018-05-23 10:30:02,169:INFO: Loading PPI Network...
2018-05-23 10:30:14,308:INFO: Loading Disease Associations...
2018-05-23 10:30:14,323:INFO: Loading PPI Matrix...
2018-05-23 10:30:43,205:INFO: Running Experiment...
2018-05-23 10:30:43,206:INFO: Experiment Progress: 0.0% -- 0/1
2018-05-23 10:33:10,375:INFO: Disease Protein Prediction in the PPI Network
2018-05-23 10:33:10,375:INFO: Sabri Eyuboglu  -- SNAP Group
2018-05-23 10:33:10,375:INFO: ======================================
2018-05-23 10:33:10,375:INFO: Loading PPI Network...
2018-05-23 10:33:20,522:INFO: Loading Disease Associations...
2018-05-23 10:33:20,531:INFO: Loading PPI Matrix...
2018-05-23 10:33:45,370:INFO: Running Experiment...
2018-05-23 10:33:45,372:INFO: Experiment Progress: 0.0% -- 0/1
2018-05-23 10:34:35,230:INFO: Disease Protein Prediction in the PPI Network
2018-05-23 10:34:35,230:INFO: Sabri Eyuboglu  -- SNAP Group
2018-05-23 10:34:35,230:INFO: ======================================
2018-05-23 10:34:35,230:INFO: Loading PPI Network...
2018-05-23 10:34:47,118:INFO: Loading Disease Associations...
2018-05-23 10:34:47,124:INFO: Loading PPI Matrix...
2018-05-23 10:35:12,950:INFO: Running Experiment...
2018-05-23 10:35:12,952:INFO: Experiment Progress: 0.0% -- 0/1
2018-05-23 10:38:15,215:INFO: Disease Protein Prediction in the PPI Network
2018-05-23 10:38:15,216:INFO: Sabri Eyuboglu  -- SNAP Group
2018-05-23 10:38:15,216:INFO: ======================================
2018-05-23 10:38:15,216:INFO: Loading PPI Network...
2018-05-23 10:38:26,855:INFO: Loading Disease Associations...
2018-05-23 10:38:26,862:INFO: Loading PPI Matrix...
2018-05-23 10:38:53,068:INFO: Running Experiment...
2018-05-23 10:38:53,070:INFO: Experiment Progress: 0.0% -- 0/1
2018-05-23 10:39:33,344:INFO: Disease Protein Prediction in the PPI Network
2018-05-23 10:39:33,344:INFO: Sabri Eyuboglu  -- SNAP Group
2018-05-23 10:39:33,344:INFO: ======================================
2018-05-23 10:39:33,344:INFO: Loading PPI Network...
2018-05-23 10:39:43,418:INFO: Loading Disease Associations...
2018-05-23 10:39:43,428:INFO: Loading PPI Matrix...
2018-05-23 10:40:08,062:INFO: Running Experiment...
2018-05-23 10:40:08,065:INFO: Experiment Progress: 0.0% -- 0/1
2018-05-23 10:43:22,065:INFO: Disease Protein Prediction in the PPI Network
2018-05-23 10:43:22,065:INFO: Sabri Eyuboglu  -- SNAP Group
2018-05-23 10:43:22,065:INFO: ======================================
2018-05-23 10:43:22,066:INFO: Loading PPI Network...
2018-05-23 10:43:32,780:INFO: Loading Disease Associations...
2018-05-23 10:43:32,793:INFO: Loading PPI Matrix...
2018-05-23 10:44:03,748:INFO: Running Experiment...
2018-05-23 10:44:03,760:INFO: Experiment Progress: 0.0% -- 0/1
2018-05-23 10:47:08,454:INFO: Disease Protein Prediction in the PPI Network
2018-05-23 10:47:08,455:INFO: Sabri Eyuboglu  -- SNAP Group
2018-05-23 10:47:08,455:INFO: ======================================
2018-05-23 10:47:08,455:INFO: Loading PPI Network...
2018-05-23 10:47:18,838:INFO: Loading Disease Associations...
2018-05-23 10:47:18,844:INFO: Loading PPI Matrix...
2018-05-23 10:47:56,373:INFO: Running Experiment...
2018-05-23 10:47:56,375:INFO: Experiment Progress: 0.0% -- 0/1
2018-05-23 10:48:39,393:INFO: Disease Protein Prediction in the PPI Network
2018-05-23 10:48:39,394:INFO: Sabri Eyuboglu  -- SNAP Group
2018-05-23 10:48:39,394:INFO: ======================================
2018-05-23 10:48:39,394:INFO: Loading PPI Network...
2018-05-23 10:48:49,687:INFO: Loading Disease Associations...
2018-05-23 10:48:49,697:INFO: Loading PPI Matrix...
2018-05-23 10:49:13,776:INFO: Running Experiment...
2018-05-23 10:49:13,778:INFO: Experiment Progress: 0.0% -- 0/1
2018-05-23 10:50:32,169:INFO: Disease Protein Prediction in the PPI Network
2018-05-23 10:50:32,169:INFO: Sabri Eyuboglu  -- SNAP Group
2018-05-23 10:50:32,170:INFO: ======================================
2018-05-23 10:50:32,170:INFO: Loading PPI Network...
2018-05-23 10:50:47,294:INFO: Loading Disease Associations...
2018-05-23 10:50:47,300:INFO: Loading PPI Matrix...
2018-05-23 10:51:23,681:INFO: Running Experiment...
2018-05-23 10:51:23,683:INFO: Experiment Progress: 0.0% -- 0/1
2018-05-23 10:51:48,175:INFO: Disease Protein Prediction in the PPI Network
2018-05-23 10:51:48,175:INFO: Sabri Eyuboglu  -- SNAP Group
2018-05-23 10:51:48,175:INFO: ======================================
2018-05-23 10:51:48,175:INFO: Loading PPI Network...
2018-05-23 10:52:00,336:INFO: Loading Disease Associations...
2018-05-23 10:52:00,343:INFO: Loading PPI Matrix...
2018-05-23 10:52:31,042:INFO: Running Experiment...
2018-05-23 10:52:31,044:INFO: Experiment Progress: 0.0% -- 0/1
2018-05-23 10:53:26,115:INFO: Disease Protein Prediction in the PPI Network
2018-05-23 10:53:26,115:INFO: Sabri Eyuboglu  -- SNAP Group
2018-05-23 10:53:26,115:INFO: ======================================
2018-05-23 10:53:26,115:INFO: Loading PPI Network...
2018-05-23 10:53:38,028:INFO: Loading Disease Associations...
2018-05-23 10:53:38,037:INFO: Loading PPI Matrix...
2018-05-23 10:54:11,355:INFO: Running Experiment...
2018-05-23 10:54:11,369:INFO: Experiment Progress: 0.0% -- 0/1
2018-05-23 10:54:52,010:INFO: Disease Protein Prediction in the PPI Network
2018-05-23 10:54:52,011:INFO: Sabri Eyuboglu  -- SNAP Group
2018-05-23 10:54:52,011:INFO: ======================================
2018-05-23 10:54:52,011:INFO: Loading PPI Network...
2018-05-23 10:55:04,699:INFO: Loading Disease Associations...
2018-05-23 10:55:04,707:INFO: Loading PPI Matrix...
2018-05-23 10:55:33,489:INFO: Running Experiment...
2018-05-23 10:55:33,511:INFO: Experiment Progress: 0.0% -- 0/1
2018-05-23 10:56:23,039:INFO: Disease Protein Prediction in the PPI Network
2018-05-23 10:56:23,039:INFO: Sabri Eyuboglu  -- SNAP Group
2018-05-23 10:56:23,039:INFO: ======================================
2018-05-23 10:56:23,040:INFO: Loading PPI Network...
2018-05-23 10:56:35,185:INFO: Loading Disease Associations...
2018-05-23 10:56:35,193:INFO: Loading PPI Matrix...
2018-05-23 10:57:11,231:INFO: Running Experiment...
2018-05-23 10:57:11,236:INFO: Experiment Progress: 0.0% -- 0/1
2018-05-23 11:00:39,427:INFO: Disease Protein Prediction in the PPI Network
2018-05-23 11:00:39,427:INFO: Sabri Eyuboglu  -- SNAP Group
2018-05-23 11:00:39,427:INFO: ======================================
2018-05-23 11:00:39,427:INFO: Loading PPI Network...
2018-05-23 11:00:52,940:INFO: Loading Disease Associations...
2018-05-23 11:00:52,946:INFO: Loading PPI Matrix...
2018-05-23 11:01:19,021:INFO: Running Experiment...
2018-05-23 11:01:19,023:INFO: Experiment Progress: 0.0% -- 0/1
2018-05-23 11:01:33,708:INFO: Disease Protein Prediction in the PPI Network
2018-05-23 11:01:33,708:INFO: Sabri Eyuboglu  -- SNAP Group
2018-05-23 11:01:33,708:INFO: ======================================
2018-05-23 11:01:33,708:INFO: Loading PPI Network...
2018-05-23 11:01:45,362:INFO: Loading Disease Associations...
2018-05-23 11:01:45,372:INFO: Loading PPI Matrix...
2018-05-23 11:02:08,951:INFO: Running Experiment...
2018-05-23 11:02:08,952:INFO: Experiment Progress: 0.0% -- 0/1
2018-05-23 11:02:32,529:INFO: Disease Protein Prediction in the PPI Network
2018-05-23 11:02:32,530:INFO: Sabri Eyuboglu  -- SNAP Group
2018-05-23 11:02:32,531:INFO: ======================================
2018-05-23 11:02:32,532:INFO: Loading PPI Network...
2018-05-23 11:02:44,210:INFO: Loading Disease Associations...
2018-05-23 11:02:44,218:INFO: Loading PPI Matrix...
2018-05-23 11:03:09,881:INFO: Running Experiment...
2018-05-23 11:03:09,883:INFO: Experiment Progress: 0.0% -- 0/1
2018-05-23 11:04:37,997:INFO: Disease Protein Prediction in the PPI Network
2018-05-23 11:04:37,998:INFO: Sabri Eyuboglu  -- SNAP Group
2018-05-23 11:04:37,998:INFO: ======================================
2018-05-23 11:04:37,998:INFO: Loading PPI Network...
2018-05-23 11:04:49,979:INFO: Loading Disease Associations...
2018-05-23 11:04:49,988:INFO: Loading PPI Matrix...
2018-05-23 11:05:13,521:INFO: Running Experiment...
2018-05-23 11:05:13,523:INFO: Experiment Progress: 0.0% -- 0/1
2018-05-23 11:09:13,905:INFO: Disease Protein Prediction in the PPI Network
2018-05-23 11:09:13,905:INFO: Sabri Eyuboglu  -- SNAP Group
2018-05-23 11:09:13,905:INFO: ======================================
2018-05-23 11:09:13,906:INFO: Loading PPI Network...
2018-05-23 11:09:25,527:INFO: Loading Disease Associations...
2018-05-23 11:09:25,535:INFO: Loading PPI Matrix...
2018-05-23 11:09:51,131:INFO: Running Experiment...
2018-05-23 11:09:51,132:INFO: Experiment Progress: 0.0% -- 0/1
2018-05-23 11:11:01,267:INFO: Disease Protein Prediction in the PPI Network
2018-05-23 11:11:01,268:INFO: Sabri Eyuboglu  -- SNAP Group
2018-05-23 11:11:01,268:INFO: ======================================
2018-05-23 11:11:01,269:INFO: Loading PPI Network...
2018-05-23 11:11:46,716:INFO: Disease Protein Prediction in the PPI Network
2018-05-23 11:11:46,716:INFO: Sabri Eyuboglu  -- SNAP Group
2018-05-23 11:11:46,717:INFO: ======================================
2018-05-23 11:11:46,718:INFO: Loading PPI Network...
2018-05-23 11:11:59,691:INFO: Loading Disease Associations...
2018-05-23 11:11:59,747:INFO: Loading PPI Matrix...
2018-05-23 11:12:30,506:INFO: Running Experiment...
2018-05-23 12:25:50,873:INFO: Disease Protein Prediction in the PPI Network
2018-05-23 12:25:50,873:INFO: Sabri Eyuboglu  -- SNAP Group
2018-05-23 12:25:50,874:INFO: ======================================
2018-05-23 12:25:50,874:INFO: Loading PPI Network...
2018-05-23 12:26:08,396:INFO: Loading Disease Associations...
2018-05-23 12:26:08,430:INFO: Loading PPI Matrix...
2018-05-23 12:26:55,706:INFO: Running Experiment...
2018-05-23 12:26:55,716:INFO: Experiment Progress: 0.0% -- 0/519
2018-05-23 12:26:57,094:INFO: Experiment Progress: 0.2% -- 1/519
2018-05-23 12:26:58,959:INFO: Experiment Progress: 0.4% -- 2/519
2018-05-23 12:26:59,762:INFO: Experiment Progress: 0.6% -- 3/519
2018-05-23 12:27:01,964:INFO: Experiment Progress: 0.8% -- 4/519
2018-05-23 12:27:02,515:INFO: Experiment Progress: 1.0% -- 5/519
2018-05-23 12:27:03,068:INFO: Experiment Progress: 1.2% -- 6/519
2018-05-23 12:27:03,602:INFO: Experiment Progress: 1.3% -- 7/519
2018-05-23 12:27:04,395:INFO: Experiment Progress: 1.5% -- 8/519
2018-05-23 12:27:06,209:INFO: Experiment Progress: 1.7% -- 9/519
2018-05-23 12:27:06,689:INFO: Experiment Progress: 1.9% -- 10/519
2018-05-23 12:27:09,358:INFO: Experiment Progress: 2.1% -- 11/519
2018-05-23 12:27:09,876:INFO: Experiment Progress: 2.3% -- 12/519
2018-05-23 12:27:10,521:INFO: Experiment Progress: 2.5% -- 13/519
2018-05-23 12:27:11,115:INFO: Experiment Progress: 2.7% -- 14/519
2018-05-23 12:27:11,526:INFO: Experiment Progress: 2.9% -- 15/519
2018-05-23 12:27:12,031:INFO: Experiment Progress: 3.1% -- 16/519
2018-05-23 12:27:12,461:INFO: Experiment Progress: 3.3% -- 17/519
2018-05-23 12:27:13,816:INFO: Experiment Progress: 3.5% -- 18/519
2018-05-23 12:27:14,283:INFO: Experiment Progress: 3.7% -- 19/519
2018-05-23 12:27:15,913:INFO: Experiment Progress: 3.9% -- 20/519
2018-05-23 12:27:17,934:INFO: Experiment Progress: 4.0% -- 21/519
2018-05-23 12:27:18,592:INFO: Experiment Progress: 4.2% -- 22/519
2018-05-23 12:27:19,044:INFO: Experiment Progress: 4.4% -- 23/519
2018-05-23 12:27:19,386:INFO: Experiment Progress: 4.6% -- 24/519
2018-05-23 12:27:19,865:INFO: Experiment Progress: 4.8% -- 25/519
2018-05-23 12:27:20,412:INFO: Experiment Progress: 5.0% -- 26/519
2018-05-23 12:27:20,856:INFO: Experiment Progress: 5.2% -- 27/519
2018-05-23 12:27:21,448:INFO: Experiment Progress: 5.4% -- 28/519
2018-05-23 12:27:23,031:INFO: Experiment Progress: 5.6% -- 29/519
2018-05-23 12:27:23,593:INFO: Experiment Progress: 5.8% -- 30/519
2018-05-23 12:27:24,009:INFO: Experiment Progress: 6.0% -- 31/519
2018-05-23 12:27:24,696:INFO: Experiment Progress: 6.2% -- 32/519
2018-05-23 12:27:25,427:INFO: Experiment Progress: 6.4% -- 33/519
2018-05-23 12:27:25,886:INFO: Experiment Progress: 6.6% -- 34/519
2018-05-23 12:27:26,464:INFO: Experiment Progress: 6.7% -- 35/519
2018-05-23 12:27:26,671:INFO: Experiment Progress: 6.9% -- 36/519
2018-05-23 12:27:27,143:INFO: Experiment Progress: 7.1% -- 37/519
2018-05-23 12:27:27,559:INFO: Experiment Progress: 7.3% -- 38/519
2018-05-23 12:27:27,983:INFO: Experiment Progress: 7.5% -- 39/519
2018-05-23 12:27:28,557:INFO: Experiment Progress: 7.7% -- 40/519
2018-05-23 12:27:29,099:INFO: Experiment Progress: 7.9% -- 41/519
2018-05-23 12:27:29,633:INFO: Experiment Progress: 8.1% -- 42/519
2018-05-23 12:27:30,119:INFO: Experiment Progress: 8.3% -- 43/519
2018-05-23 12:27:30,983:INFO: Experiment Progress: 8.5% -- 44/519
2018-05-23 12:27:31,473:INFO: Experiment Progress: 8.7% -- 45/519
2018-05-23 12:27:31,937:INFO: Experiment Progress: 8.9% -- 46/519
2018-05-23 12:27:32,704:INFO: Experiment Progress: 9.1% -- 47/519
2018-05-23 12:27:32,864:INFO: Experiment Progress: 9.2% -- 48/519
2018-05-23 12:27:33,575:INFO: Experiment Progress: 9.4% -- 49/519
2018-05-23 12:27:34,098:INFO: Experiment Progress: 9.6% -- 50/519
2018-05-23 12:27:34,606:INFO: Experiment Progress: 9.8% -- 51/519
2018-05-23 12:27:35,217:INFO: Experiment Progress: 10.0% -- 52/519
2018-05-23 12:27:35,972:INFO: Experiment Progress: 10.2% -- 53/519
2018-05-23 12:27:36,521:INFO: Experiment Progress: 10.4% -- 54/519
2018-05-23 12:27:37,083:INFO: Experiment Progress: 10.6% -- 55/519
2018-05-23 12:27:37,533:INFO: Experiment Progress: 10.8% -- 56/519
2018-05-23 12:27:38,155:INFO: Experiment Progress: 11.0% -- 57/519
2018-05-23 12:27:38,787:INFO: Experiment Progress: 11.2% -- 58/519
2018-05-23 12:27:39,870:INFO: Experiment Progress: 11.4% -- 59/519
2018-05-23 12:27:40,323:INFO: Experiment Progress: 11.6% -- 60/519
2018-05-23 12:27:40,995:INFO: Experiment Progress: 11.8% -- 61/519
2018-05-23 12:27:41,748:INFO: Experiment Progress: 11.9% -- 62/519
2018-05-23 12:27:42,280:INFO: Experiment Progress: 12.1% -- 63/519
2018-05-23 12:27:42,880:INFO: Experiment Progress: 12.3% -- 64/519
2018-05-23 12:27:43,709:INFO: Experiment Progress: 12.5% -- 65/519
2018-05-23 12:27:44,326:INFO: Experiment Progress: 12.7% -- 66/519
2018-05-23 12:27:44,864:INFO: Experiment Progress: 12.9% -- 67/519
2018-05-23 12:27:45,963:INFO: Experiment Progress: 13.1% -- 68/519
2018-05-23 12:27:46,667:INFO: Experiment Progress: 13.3% -- 69/519
2018-05-23 12:27:47,782:INFO: Experiment Progress: 13.5% -- 70/519
2018-05-23 12:27:49,148:INFO: Experiment Progress: 13.7% -- 71/519
2018-05-23 12:27:49,693:INFO: Experiment Progress: 13.9% -- 72/519
2018-05-23 12:27:50,183:INFO: Experiment Progress: 14.1% -- 73/519
2018-05-23 12:27:50,701:INFO: Experiment Progress: 14.3% -- 74/519
2018-05-23 12:27:51,193:INFO: Experiment Progress: 14.5% -- 75/519
2018-05-23 12:27:51,715:INFO: Experiment Progress: 14.6% -- 76/519
2018-05-23 12:27:52,260:INFO: Experiment Progress: 14.8% -- 77/519
2018-05-23 12:27:53,918:INFO: Experiment Progress: 15.0% -- 78/519
2018-05-23 12:27:54,815:INFO: Experiment Progress: 15.2% -- 79/519
2018-05-23 12:27:56,195:INFO: Experiment Progress: 15.4% -- 80/519
2018-05-23 12:27:57,146:INFO: Experiment Progress: 15.6% -- 81/519
2018-05-23 12:27:57,724:INFO: Experiment Progress: 15.8% -- 82/519
2018-05-23 12:27:58,414:INFO: Experiment Progress: 16.0% -- 83/519
2018-05-23 12:27:59,121:INFO: Experiment Progress: 16.2% -- 84/519
2018-05-23 12:27:59,676:INFO: Experiment Progress: 16.4% -- 85/519
2018-05-23 12:28:00,169:INFO: Experiment Progress: 16.6% -- 86/519
2018-05-23 12:28:00,630:INFO: Experiment Progress: 16.8% -- 87/519
2018-05-23 12:28:01,254:INFO: Experiment Progress: 17.0% -- 88/519
2018-05-23 12:28:01,632:INFO: Experiment Progress: 17.1% -- 89/519
2018-05-23 12:28:02,078:INFO: Experiment Progress: 17.3% -- 90/519
2018-05-23 12:28:02,394:INFO: Experiment Progress: 17.5% -- 91/519
2018-05-23 12:28:05,171:INFO: Experiment Progress: 17.7% -- 92/519
2018-05-23 12:28:05,634:INFO: Experiment Progress: 17.9% -- 93/519
2018-05-23 12:28:06,066:INFO: Experiment Progress: 18.1% -- 94/519
2018-05-23 12:28:07,023:INFO: Experiment Progress: 18.3% -- 95/519
2018-05-23 12:28:07,537:INFO: Experiment Progress: 18.5% -- 96/519
2018-05-23 12:28:09,609:INFO: Experiment Progress: 18.7% -- 97/519
2018-05-23 12:28:10,282:INFO: Experiment Progress: 18.9% -- 98/519
2018-05-23 12:28:10,894:INFO: Experiment Progress: 19.1% -- 99/519
2018-05-23 12:28:11,404:INFO: Experiment Progress: 19.3% -- 100/519
2018-05-23 12:28:11,903:INFO: Experiment Progress: 19.5% -- 101/519
2018-05-23 12:28:12,443:INFO: Experiment Progress: 19.7% -- 102/519
2018-05-23 12:28:12,874:INFO: Experiment Progress: 19.8% -- 103/519
2018-05-23 12:28:15,180:INFO: Experiment Progress: 20.0% -- 104/519
2018-05-23 12:28:15,738:INFO: Experiment Progress: 20.2% -- 105/519
2018-05-23 12:28:16,538:INFO: Experiment Progress: 20.4% -- 106/519
2018-05-23 12:28:17,117:INFO: Experiment Progress: 20.6% -- 107/519
2018-05-23 12:28:17,642:INFO: Experiment Progress: 20.8% -- 108/519
2018-05-23 12:28:18,123:INFO: Experiment Progress: 21.0% -- 109/519
2018-05-23 12:28:18,778:INFO: Experiment Progress: 21.2% -- 110/519
2018-05-23 12:28:19,298:INFO: Experiment Progress: 21.4% -- 111/519
2018-05-23 12:28:20,804:INFO: Experiment Progress: 21.6% -- 112/519
2018-05-23 12:28:21,391:INFO: Experiment Progress: 21.8% -- 113/519
2018-05-23 12:28:22,808:INFO: Experiment Progress: 22.0% -- 114/519
2018-05-23 12:28:23,351:INFO: Experiment Progress: 22.2% -- 115/519
2018-05-23 12:28:24,376:INFO: Experiment Progress: 22.4% -- 116/519
2018-05-23 12:28:25,250:INFO: Experiment Progress: 22.5% -- 117/519
2018-05-23 12:28:25,848:INFO: Experiment Progress: 22.7% -- 118/519
2018-05-23 12:28:26,336:INFO: Experiment Progress: 22.9% -- 119/519
2018-05-23 12:28:26,948:INFO: Experiment Progress: 23.1% -- 120/519
2018-05-23 12:28:33,433:INFO: Experiment Progress: 23.3% -- 121/519
2018-05-23 12:28:33,952:INFO: Experiment Progress: 23.5% -- 122/519
2018-05-23 12:28:34,518:INFO: Experiment Progress: 23.7% -- 123/519
2018-05-23 12:28:35,434:INFO: Experiment Progress: 23.9% -- 124/519
2018-05-23 12:28:36,326:INFO: Experiment Progress: 24.1% -- 125/519
2018-05-23 12:28:36,775:INFO: Experiment Progress: 24.3% -- 126/519
2018-05-23 12:28:37,283:INFO: Experiment Progress: 24.5% -- 127/519
2018-05-23 12:28:37,872:INFO: Experiment Progress: 24.7% -- 128/519
2018-05-23 12:28:38,345:INFO: Experiment Progress: 24.9% -- 129/519
2018-05-23 12:28:39,462:INFO: Experiment Progress: 25.0% -- 130/519
2018-05-23 12:28:39,943:INFO: Experiment Progress: 25.2% -- 131/519
2018-05-23 12:28:40,398:INFO: Experiment Progress: 25.4% -- 132/519
2018-05-23 12:28:42,198:INFO: Experiment Progress: 25.6% -- 133/519
2018-05-23 12:28:45,028:INFO: Experiment Progress: 25.8% -- 134/519
2018-05-23 12:28:45,917:INFO: Experiment Progress: 26.0% -- 135/519
2018-05-23 12:28:46,436:INFO: Experiment Progress: 26.2% -- 136/519
2018-05-23 12:28:46,954:INFO: Experiment Progress: 26.4% -- 137/519
2018-05-23 12:28:47,469:INFO: Experiment Progress: 26.6% -- 138/519
2018-05-23 12:28:48,960:INFO: Experiment Progress: 26.8% -- 139/519
2018-05-23 12:28:49,379:INFO: Experiment Progress: 27.0% -- 140/519
2018-05-23 12:28:49,932:INFO: Experiment Progress: 27.2% -- 141/519
2018-05-23 12:28:50,608:INFO: Experiment Progress: 27.4% -- 142/519
2018-05-23 12:28:53,138:INFO: Experiment Progress: 27.6% -- 143/519
2018-05-23 12:28:53,681:INFO: Experiment Progress: 27.7% -- 144/519
2018-05-23 12:28:54,238:INFO: Experiment Progress: 27.9% -- 145/519
2018-05-23 12:28:55,572:INFO: Experiment Progress: 28.1% -- 146/519
2018-05-23 12:28:56,083:INFO: Experiment Progress: 28.3% -- 147/519
2018-05-23 12:28:56,618:INFO: Experiment Progress: 28.5% -- 148/519
2018-05-23 12:28:57,081:INFO: Experiment Progress: 28.7% -- 149/519
2018-05-23 12:28:58,465:INFO: Experiment Progress: 28.9% -- 150/519
2018-05-23 12:28:59,415:INFO: Experiment Progress: 29.1% -- 151/519
2018-05-23 12:28:59,900:INFO: Experiment Progress: 29.3% -- 152/519
2018-05-23 12:29:00,966:INFO: Experiment Progress: 29.5% -- 153/519
2018-05-23 12:29:01,478:INFO: Experiment Progress: 29.7% -- 154/519
2018-05-23 12:29:01,974:INFO: Experiment Progress: 29.9% -- 155/519
2018-05-23 12:29:03,620:INFO: Experiment Progress: 30.1% -- 156/519
2018-05-23 12:29:04,114:INFO: Experiment Progress: 30.3% -- 157/519
2018-05-23 12:29:04,675:INFO: Experiment Progress: 30.4% -- 158/519
2018-05-23 12:29:07,848:INFO: Experiment Progress: 30.6% -- 159/519
2018-05-23 12:29:08,610:INFO: Experiment Progress: 30.8% -- 160/519
2018-05-23 12:29:09,832:INFO: Experiment Progress: 31.0% -- 161/519
2018-05-23 12:29:10,717:INFO: Experiment Progress: 31.2% -- 162/519
2018-05-23 12:29:11,249:INFO: Experiment Progress: 31.4% -- 163/519
2018-05-23 12:29:11,769:INFO: Experiment Progress: 31.6% -- 164/519
2018-05-23 12:29:15,268:INFO: Experiment Progress: 31.8% -- 165/519
2018-05-23 12:29:15,861:INFO: Experiment Progress: 32.0% -- 166/519
2018-05-23 12:29:16,445:INFO: Experiment Progress: 32.2% -- 167/519
2018-05-23 12:29:16,930:INFO: Experiment Progress: 32.4% -- 168/519
2018-05-23 12:29:17,463:INFO: Experiment Progress: 32.6% -- 169/519
2018-05-23 12:29:18,552:INFO: Experiment Progress: 32.8% -- 170/519
2018-05-23 12:29:19,097:INFO: Experiment Progress: 32.9% -- 171/519
2018-05-23 12:29:19,627:INFO: Experiment Progress: 33.1% -- 172/519
2018-05-23 12:29:20,701:INFO: Experiment Progress: 33.3% -- 173/519
2018-05-23 12:29:22,209:INFO: Experiment Progress: 33.5% -- 174/519
2018-05-23 12:29:23,177:INFO: Experiment Progress: 33.7% -- 175/519
2018-05-23 12:29:23,647:INFO: Experiment Progress: 33.9% -- 176/519
2018-05-23 12:29:26,641:INFO: Experiment Progress: 34.1% -- 177/519
2018-05-23 12:29:27,263:INFO: Experiment Progress: 34.3% -- 178/519
2018-05-23 12:29:27,716:INFO: Experiment Progress: 34.5% -- 179/519
2018-05-23 12:29:28,465:INFO: Experiment Progress: 34.7% -- 180/519
2018-05-23 12:29:29,467:INFO: Experiment Progress: 34.9% -- 181/519
2018-05-23 12:29:29,908:INFO: Experiment Progress: 35.1% -- 182/519
2018-05-23 12:29:30,348:INFO: Experiment Progress: 35.3% -- 183/519
2018-05-23 12:29:30,756:INFO: Experiment Progress: 35.5% -- 184/519
2018-05-23 12:29:31,200:INFO: Experiment Progress: 35.6% -- 185/519
2018-05-23 12:29:31,990:INFO: Experiment Progress: 35.8% -- 186/519
2018-05-23 12:29:32,801:INFO: Experiment Progress: 36.0% -- 187/519
2018-05-23 12:29:36,096:INFO: Experiment Progress: 36.2% -- 188/519
2018-05-23 12:29:37,283:INFO: Experiment Progress: 36.4% -- 189/519
2018-05-23 12:29:37,747:INFO: Experiment Progress: 36.6% -- 190/519
2018-05-23 12:29:38,161:INFO: Experiment Progress: 36.8% -- 191/519
2018-05-23 12:29:38,850:INFO: Experiment Progress: 37.0% -- 192/519
2018-05-23 12:29:39,306:INFO: Experiment Progress: 37.2% -- 193/519
2018-05-23 12:29:40,025:INFO: Experiment Progress: 37.4% -- 194/519
2018-05-23 12:29:40,470:INFO: Experiment Progress: 37.6% -- 195/519
2018-05-23 12:29:42,474:INFO: Experiment Progress: 37.8% -- 196/519
2018-05-23 12:29:43,030:INFO: Experiment Progress: 38.0% -- 197/519
2018-05-23 12:29:43,522:INFO: Experiment Progress: 38.2% -- 198/519
2018-05-23 12:29:44,014:INFO: Experiment Progress: 38.3% -- 199/519
2018-05-23 12:29:44,663:INFO: Experiment Progress: 38.5% -- 200/519
2018-05-23 12:29:45,411:INFO: Experiment Progress: 38.7% -- 201/519
2018-05-23 12:29:46,387:INFO: Experiment Progress: 38.9% -- 202/519
2018-05-23 12:29:46,934:INFO: Experiment Progress: 39.1% -- 203/519
2018-05-23 12:29:47,418:INFO: Experiment Progress: 39.3% -- 204/519
2018-05-23 12:29:47,964:INFO: Experiment Progress: 39.5% -- 205/519
2018-05-23 12:29:48,353:INFO: Experiment Progress: 39.7% -- 206/519
2018-05-23 12:29:49,106:INFO: Experiment Progress: 39.9% -- 207/519
2018-05-23 12:29:49,713:INFO: Experiment Progress: 40.1% -- 208/519
2018-05-23 12:29:50,247:INFO: Experiment Progress: 40.3% -- 209/519
2018-05-23 12:29:50,647:INFO: Experiment Progress: 40.5% -- 210/519
2018-05-23 12:29:51,098:INFO: Experiment Progress: 40.7% -- 211/519
2018-05-23 12:29:51,569:INFO: Experiment Progress: 40.8% -- 212/519
2018-05-23 12:29:52,038:INFO: Experiment Progress: 41.0% -- 213/519
2018-05-23 12:29:52,418:INFO: Experiment Progress: 41.2% -- 214/519
2018-05-23 12:29:53,223:INFO: Experiment Progress: 41.4% -- 215/519
2018-05-23 12:29:53,772:INFO: Experiment Progress: 41.6% -- 216/519
2018-05-23 12:29:54,189:INFO: Experiment Progress: 41.8% -- 217/519
2018-05-23 12:29:54,963:INFO: Experiment Progress: 42.0% -- 218/519
2018-05-23 12:29:55,379:INFO: Experiment Progress: 42.2% -- 219/519
2018-05-23 12:29:55,669:INFO: Experiment Progress: 42.4% -- 220/519
2018-05-23 12:29:56,334:INFO: Experiment Progress: 42.6% -- 221/519
2018-05-23 12:29:57,103:INFO: Experiment Progress: 42.8% -- 222/519
2018-05-23 12:29:57,490:INFO: Experiment Progress: 43.0% -- 223/519
2018-05-23 12:29:58,014:INFO: Experiment Progress: 43.2% -- 224/519
2018-05-23 12:29:58,480:INFO: Experiment Progress: 43.4% -- 225/519
2018-05-23 12:29:59,047:INFO: Experiment Progress: 43.5% -- 226/519
2018-05-23 12:29:59,511:INFO: Experiment Progress: 43.7% -- 227/519
2018-05-23 12:29:59,946:INFO: Experiment Progress: 43.9% -- 228/519
2018-05-23 12:30:00,936:INFO: Experiment Progress: 44.1% -- 229/519
2018-05-23 12:30:01,349:INFO: Experiment Progress: 44.3% -- 230/519
2018-05-23 12:30:01,885:INFO: Experiment Progress: 44.5% -- 231/519
2018-05-23 12:30:02,874:INFO: Experiment Progress: 44.7% -- 232/519
2018-05-23 12:30:03,382:INFO: Experiment Progress: 44.9% -- 233/519
2018-05-23 12:30:04,800:INFO: Experiment Progress: 45.1% -- 234/519
2018-05-23 12:30:05,819:INFO: Experiment Progress: 45.3% -- 235/519
2018-05-23 12:30:06,272:INFO: Experiment Progress: 45.5% -- 236/519
2018-05-23 12:30:06,701:INFO: Experiment Progress: 45.7% -- 237/519
2018-05-23 12:30:07,111:INFO: Experiment Progress: 45.9% -- 238/519
2018-05-23 12:30:07,639:INFO: Experiment Progress: 46.1% -- 239/519
2018-05-23 12:30:08,057:INFO: Experiment Progress: 46.2% -- 240/519
2018-05-23 12:30:08,714:INFO: Experiment Progress: 46.4% -- 241/519
2018-05-23 12:30:10,348:INFO: Experiment Progress: 46.6% -- 242/519
2018-05-23 12:30:12,094:INFO: Experiment Progress: 46.8% -- 243/519
2018-05-23 12:30:12,600:INFO: Experiment Progress: 47.0% -- 244/519
2018-05-23 12:30:13,078:INFO: Experiment Progress: 47.2% -- 245/519
2018-05-23 12:30:14,303:INFO: Experiment Progress: 47.4% -- 246/519
2018-05-23 12:30:14,753:INFO: Experiment Progress: 47.6% -- 247/519
2018-05-23 12:30:16,705:INFO: Experiment Progress: 47.8% -- 248/519
2018-05-23 12:30:17,122:INFO: Experiment Progress: 48.0% -- 249/519
2018-05-23 12:30:18,283:INFO: Experiment Progress: 48.2% -- 250/519
2018-05-23 12:30:18,688:INFO: Experiment Progress: 48.4% -- 251/519
2018-05-23 12:30:19,182:INFO: Experiment Progress: 48.6% -- 252/519
2018-05-23 12:30:20,749:INFO: Experiment Progress: 48.7% -- 253/519
2018-05-23 12:30:21,063:INFO: Experiment Progress: 48.9% -- 254/519
2018-05-23 12:30:21,511:INFO: Experiment Progress: 49.1% -- 255/519
2018-05-23 12:30:21,950:INFO: Experiment Progress: 49.3% -- 256/519
2018-05-23 12:30:22,417:INFO: Experiment Progress: 49.5% -- 257/519
2018-05-23 12:30:23,645:INFO: Experiment Progress: 49.7% -- 258/519
2018-05-23 12:30:24,032:INFO: Experiment Progress: 49.9% -- 259/519
2018-05-23 12:30:24,245:INFO: Experiment Progress: 50.1% -- 260/519
2018-05-23 12:30:25,339:INFO: Experiment Progress: 50.3% -- 261/519
2018-05-23 12:30:25,738:INFO: Experiment Progress: 50.5% -- 262/519
2018-05-23 12:30:26,268:INFO: Experiment Progress: 50.7% -- 263/519
2018-05-23 12:30:26,736:INFO: Experiment Progress: 50.9% -- 264/519
2018-05-23 12:30:27,084:INFO: Experiment Progress: 51.1% -- 265/519
2018-05-23 12:30:27,601:INFO: Experiment Progress: 51.3% -- 266/519
2018-05-23 12:30:27,900:INFO: Experiment Progress: 51.4% -- 267/519
2018-05-23 12:30:29,360:INFO: Experiment Progress: 51.6% -- 268/519
2018-05-23 12:30:30,016:INFO: Experiment Progress: 51.8% -- 269/519
2018-05-23 12:30:30,446:INFO: Experiment Progress: 52.0% -- 270/519
2018-05-23 12:30:30,830:INFO: Experiment Progress: 52.2% -- 271/519
2018-05-23 12:30:31,443:INFO: Experiment Progress: 52.4% -- 272/519
2018-05-23 12:30:31,854:INFO: Experiment Progress: 52.6% -- 273/519
2018-05-23 12:30:32,698:INFO: Experiment Progress: 52.8% -- 274/519
2018-05-23 12:30:33,271:INFO: Experiment Progress: 53.0% -- 275/519
2018-05-23 12:30:33,693:INFO: Experiment Progress: 53.2% -- 276/519
2018-05-23 12:30:34,091:INFO: Experiment Progress: 53.4% -- 277/519
2018-05-23 12:30:34,522:INFO: Experiment Progress: 53.6% -- 278/519
2018-05-23 12:30:36,627:INFO: Experiment Progress: 53.8% -- 279/519
2018-05-23 12:30:36,867:INFO: Experiment Progress: 53.9% -- 280/519
2018-05-23 12:30:37,960:INFO: Experiment Progress: 54.1% -- 281/519
2018-05-23 12:30:42,471:INFO: Experiment Progress: 54.3% -- 282/519
2018-05-23 12:30:42,673:INFO: Experiment Progress: 54.5% -- 283/519
2018-05-23 12:30:43,086:INFO: Experiment Progress: 54.7% -- 284/519
2018-05-23 12:30:43,675:INFO: Experiment Progress: 54.9% -- 285/519
2018-05-23 12:30:44,856:INFO: Experiment Progress: 55.1% -- 286/519
2018-05-23 12:30:45,666:INFO: Experiment Progress: 55.3% -- 287/519
2018-05-23 12:30:46,409:INFO: Experiment Progress: 55.5% -- 288/519
2018-05-23 12:30:46,932:INFO: Experiment Progress: 55.7% -- 289/519
2018-05-23 12:30:47,338:INFO: Experiment Progress: 55.9% -- 290/519
2018-05-23 12:30:48,196:INFO: Experiment Progress: 56.1% -- 291/519
2018-05-23 12:30:48,907:INFO: Experiment Progress: 56.3% -- 292/519
2018-05-23 12:30:49,470:INFO: Experiment Progress: 56.5% -- 293/519
2018-05-23 12:30:50,104:INFO: Experiment Progress: 56.6% -- 294/519
2018-05-23 12:30:50,563:INFO: Experiment Progress: 56.8% -- 295/519
2018-05-23 12:30:51,091:INFO: Experiment Progress: 57.0% -- 296/519
2018-05-23 12:30:51,665:INFO: Experiment Progress: 57.2% -- 297/519
2018-05-23 12:30:52,363:INFO: Experiment Progress: 57.4% -- 298/519
2018-05-23 12:30:54,757:INFO: Experiment Progress: 57.6% -- 299/519
2018-05-23 12:30:55,284:INFO: Experiment Progress: 57.8% -- 300/519
2018-05-23 12:30:56,157:INFO: Experiment Progress: 58.0% -- 301/519
2018-05-23 12:30:58,252:INFO: Experiment Progress: 58.2% -- 302/519
2018-05-23 12:30:58,740:INFO: Experiment Progress: 58.4% -- 303/519
2018-05-23 12:30:59,150:INFO: Experiment Progress: 58.6% -- 304/519
2018-05-23 12:30:59,642:INFO: Experiment Progress: 58.8% -- 305/519
2018-05-23 12:31:00,181:INFO: Experiment Progress: 59.0% -- 306/519
2018-05-23 12:31:00,822:INFO: Experiment Progress: 59.2% -- 307/519
2018-05-23 12:31:01,387:INFO: Experiment Progress: 59.3% -- 308/519
2018-05-23 12:31:02,185:INFO: Experiment Progress: 59.5% -- 309/519
2018-05-23 12:31:02,866:INFO: Experiment Progress: 59.7% -- 310/519
2018-05-23 12:31:03,458:INFO: Experiment Progress: 59.9% -- 311/519
2018-05-23 12:31:03,924:INFO: Experiment Progress: 60.1% -- 312/519
2018-05-23 12:31:04,366:INFO: Experiment Progress: 60.3% -- 313/519
2018-05-23 12:31:04,909:INFO: Experiment Progress: 60.5% -- 314/519
2018-05-23 12:31:05,704:INFO: Experiment Progress: 60.7% -- 315/519
2018-05-23 12:31:06,844:INFO: Experiment Progress: 60.9% -- 316/519
2018-05-23 12:31:08,355:INFO: Experiment Progress: 61.1% -- 317/519
2018-05-23 12:31:08,898:INFO: Experiment Progress: 61.3% -- 318/519
2018-05-23 12:31:09,713:INFO: Experiment Progress: 61.5% -- 319/519
2018-05-23 12:31:11,020:INFO: Experiment Progress: 61.7% -- 320/519
2018-05-23 12:31:12,953:INFO: Experiment Progress: 61.8% -- 321/519
2018-05-23 12:31:13,465:INFO: Experiment Progress: 62.0% -- 322/519
2018-05-23 12:31:14,395:INFO: Experiment Progress: 62.2% -- 323/519
2018-05-23 12:31:14,875:INFO: Experiment Progress: 62.4% -- 324/519
2018-05-23 12:31:15,318:INFO: Experiment Progress: 62.6% -- 325/519
2018-05-23 12:31:15,783:INFO: Experiment Progress: 62.8% -- 326/519
2018-05-23 12:31:16,601:INFO: Experiment Progress: 63.0% -- 327/519
2018-05-23 12:31:17,031:INFO: Experiment Progress: 63.2% -- 328/519
2018-05-23 12:31:18,195:INFO: Experiment Progress: 63.4% -- 329/519
2018-05-23 12:31:18,985:INFO: Experiment Progress: 63.6% -- 330/519
2018-05-23 12:31:19,904:INFO: Experiment Progress: 63.8% -- 331/519
2018-05-23 12:31:20,845:INFO: Experiment Progress: 64.0% -- 332/519
2018-05-23 12:31:21,829:INFO: Experiment Progress: 64.2% -- 333/519
2018-05-23 12:31:23,093:INFO: Experiment Progress: 64.4% -- 334/519
2018-05-23 12:31:23,606:INFO: Experiment Progress: 64.5% -- 335/519
2018-05-23 12:31:24,313:INFO: Experiment Progress: 64.7% -- 336/519
2018-05-23 12:31:25,412:INFO: Experiment Progress: 64.9% -- 337/519
2018-05-23 12:31:27,161:INFO: Experiment Progress: 65.1% -- 338/519
2018-05-23 12:31:27,642:INFO: Experiment Progress: 65.3% -- 339/519
2018-05-23 12:31:28,562:INFO: Experiment Progress: 65.5% -- 340/519
2018-05-23 12:31:29,077:INFO: Experiment Progress: 65.7% -- 341/519
2018-05-23 12:31:29,732:INFO: Experiment Progress: 65.9% -- 342/519
2018-05-23 12:31:30,555:INFO: Experiment Progress: 66.1% -- 343/519
2018-05-23 12:31:31,793:INFO: Experiment Progress: 66.3% -- 344/519
2018-05-23 12:31:32,618:INFO: Experiment Progress: 66.5% -- 345/519
2018-05-23 12:31:33,032:INFO: Experiment Progress: 66.7% -- 346/519
2018-05-23 12:31:33,503:INFO: Experiment Progress: 66.9% -- 347/519
2018-05-23 12:31:33,968:INFO: Experiment Progress: 67.1% -- 348/519
2018-05-23 12:31:34,943:INFO: Experiment Progress: 67.2% -- 349/519
2018-05-23 12:31:35,855:INFO: Experiment Progress: 67.4% -- 350/519
2018-05-23 12:31:36,278:INFO: Experiment Progress: 67.6% -- 351/519
2018-05-23 12:31:37,424:INFO: Experiment Progress: 67.8% -- 352/519
2018-05-23 12:31:37,970:INFO: Experiment Progress: 68.0% -- 353/519
2018-05-23 12:31:38,381:INFO: Experiment Progress: 68.2% -- 354/519
2018-05-23 12:31:39,159:INFO: Experiment Progress: 68.4% -- 355/519
2018-05-23 12:31:39,819:INFO: Experiment Progress: 68.6% -- 356/519
2018-05-23 12:31:40,412:INFO: Experiment Progress: 68.8% -- 357/519
2018-05-23 12:31:41,269:INFO: Experiment Progress: 69.0% -- 358/519
2018-05-23 12:31:42,039:INFO: Experiment Progress: 69.2% -- 359/519
2018-05-23 12:31:42,448:INFO: Experiment Progress: 69.4% -- 360/519
2018-05-23 12:31:42,955:INFO: Experiment Progress: 69.6% -- 361/519
2018-05-23 12:31:44,700:INFO: Experiment Progress: 69.7% -- 362/519
2018-05-23 12:31:45,141:INFO: Experiment Progress: 69.9% -- 363/519
2018-05-23 12:31:45,690:INFO: Experiment Progress: 70.1% -- 364/519
2018-05-23 12:31:46,556:INFO: Experiment Progress: 70.3% -- 365/519
2018-05-23 12:31:47,285:INFO: Experiment Progress: 70.5% -- 366/519
2018-05-23 12:31:48,212:INFO: Experiment Progress: 70.7% -- 367/519
2018-05-23 12:31:48,739:INFO: Experiment Progress: 70.9% -- 368/519
2018-05-23 12:31:50,356:INFO: Experiment Progress: 71.1% -- 369/519
2018-05-23 12:31:51,438:INFO: Experiment Progress: 71.3% -- 370/519
2018-05-23 12:31:51,959:INFO: Experiment Progress: 71.5% -- 371/519
2018-05-23 12:31:52,417:INFO: Experiment Progress: 71.7% -- 372/519
2018-05-23 12:31:54,038:INFO: Experiment Progress: 71.9% -- 373/519
2018-05-23 12:31:55,180:INFO: Experiment Progress: 72.1% -- 374/519
2018-05-23 12:31:56,812:INFO: Experiment Progress: 72.3% -- 375/519
2018-05-23 12:31:57,242:INFO: Experiment Progress: 72.4% -- 376/519
2018-05-23 12:31:57,786:INFO: Experiment Progress: 72.6% -- 377/519
2018-05-23 12:31:58,803:INFO: Experiment Progress: 72.8% -- 378/519
2018-05-23 12:31:59,235:INFO: Experiment Progress: 73.0% -- 379/519
2018-05-23 12:31:59,659:INFO: Experiment Progress: 73.2% -- 380/519
2018-05-23 12:32:00,353:INFO: Experiment Progress: 73.4% -- 381/519
2018-05-23 12:32:01,053:INFO: Experiment Progress: 73.6% -- 382/519
2018-05-23 12:32:01,446:INFO: Experiment Progress: 73.8% -- 383/519
2018-05-23 12:32:02,008:INFO: Experiment Progress: 74.0% -- 384/519
2018-05-23 12:32:02,743:INFO: Experiment Progress: 74.2% -- 385/519
2018-05-23 12:32:03,195:INFO: Experiment Progress: 74.4% -- 386/519
2018-05-23 12:32:03,628:INFO: Experiment Progress: 74.6% -- 387/519
2018-05-23 12:32:04,061:INFO: Experiment Progress: 74.8% -- 388/519
2018-05-23 12:32:04,932:INFO: Experiment Progress: 75.0% -- 389/519
2018-05-23 12:32:05,466:INFO: Experiment Progress: 75.1% -- 390/519
2018-05-23 12:32:07,284:INFO: Experiment Progress: 75.3% -- 391/519
2018-05-23 12:32:07,820:INFO: Experiment Progress: 75.5% -- 392/519
2018-05-23 12:32:08,387:INFO: Experiment Progress: 75.7% -- 393/519
2018-05-23 12:32:08,774:INFO: Experiment Progress: 75.9% -- 394/519
2018-05-23 12:32:09,233:INFO: Experiment Progress: 76.1% -- 395/519
2018-05-23 12:32:09,907:INFO: Experiment Progress: 76.3% -- 396/519
2018-05-23 12:32:10,378:INFO: Experiment Progress: 76.5% -- 397/519
2018-05-23 12:32:10,995:INFO: Experiment Progress: 76.7% -- 398/519
2018-05-23 12:32:11,446:INFO: Experiment Progress: 76.9% -- 399/519
2018-05-23 12:32:11,891:INFO: Experiment Progress: 77.1% -- 400/519
2018-05-23 12:32:12,508:INFO: Experiment Progress: 77.3% -- 401/519
2018-05-23 12:32:13,097:INFO: Experiment Progress: 77.5% -- 402/519
2018-05-23 12:32:13,526:INFO: Experiment Progress: 77.6% -- 403/519
2018-05-23 12:32:13,872:INFO: Experiment Progress: 77.8% -- 404/519
2018-05-23 12:32:14,792:INFO: Experiment Progress: 78.0% -- 405/519
2018-05-23 12:32:16,188:INFO: Experiment Progress: 78.2% -- 406/519
2018-05-23 12:32:16,686:INFO: Experiment Progress: 78.4% -- 407/519
2018-05-23 12:32:17,165:INFO: Experiment Progress: 78.6% -- 408/519
2018-05-23 12:32:17,910:INFO: Experiment Progress: 78.8% -- 409/519
2018-05-23 12:32:18,578:INFO: Experiment Progress: 79.0% -- 410/519
2018-05-23 12:32:19,966:INFO: Experiment Progress: 79.2% -- 411/519
2018-05-23 12:32:20,539:INFO: Experiment Progress: 79.4% -- 412/519
2018-05-23 12:32:21,415:INFO: Experiment Progress: 79.6% -- 413/519
2018-05-23 12:32:22,844:INFO: Experiment Progress: 79.8% -- 414/519
2018-05-23 12:32:23,279:INFO: Experiment Progress: 80.0% -- 415/519
2018-05-23 12:32:23,904:INFO: Experiment Progress: 80.2% -- 416/519
2018-05-23 12:32:24,402:INFO: Experiment Progress: 80.3% -- 417/519
2018-05-23 12:32:24,936:INFO: Experiment Progress: 80.5% -- 418/519
2018-05-23 12:32:25,520:INFO: Experiment Progress: 80.7% -- 419/519
2018-05-23 12:32:25,937:INFO: Experiment Progress: 80.9% -- 420/519
2018-05-23 12:32:26,357:INFO: Experiment Progress: 81.1% -- 421/519
2018-05-23 12:32:26,860:INFO: Experiment Progress: 81.3% -- 422/519
2018-05-23 12:32:27,416:INFO: Experiment Progress: 81.5% -- 423/519
2018-05-23 12:32:28,552:INFO: Experiment Progress: 81.7% -- 424/519
2018-05-23 12:32:29,042:INFO: Experiment Progress: 81.9% -- 425/519
2018-05-23 12:32:29,563:INFO: Experiment Progress: 82.1% -- 426/519
2018-05-23 12:32:31,684:INFO: Experiment Progress: 82.3% -- 427/519
2018-05-23 12:32:32,230:INFO: Experiment Progress: 82.5% -- 428/519
2018-05-23 12:32:32,939:INFO: Experiment Progress: 82.7% -- 429/519
2018-05-23 12:32:33,355:INFO: Experiment Progress: 82.9% -- 430/519
2018-05-23 12:32:33,929:INFO: Experiment Progress: 83.0% -- 431/519
2018-05-23 12:32:34,495:INFO: Experiment Progress: 83.2% -- 432/519
2018-05-23 12:32:35,064:INFO: Experiment Progress: 83.4% -- 433/519
2018-05-23 12:32:36,357:INFO: Experiment Progress: 83.6% -- 434/519
2018-05-23 12:32:37,925:INFO: Experiment Progress: 83.8% -- 435/519
2018-05-23 12:32:38,529:INFO: Experiment Progress: 84.0% -- 436/519
2018-05-23 12:32:39,476:INFO: Experiment Progress: 84.2% -- 437/519
2018-05-23 12:32:39,897:INFO: Experiment Progress: 84.4% -- 438/519
2018-05-23 12:32:40,453:INFO: Experiment Progress: 84.6% -- 439/519
2018-05-23 12:32:41,574:INFO: Experiment Progress: 84.8% -- 440/519
2018-05-23 12:32:42,317:INFO: Experiment Progress: 85.0% -- 441/519
2018-05-23 12:32:42,747:INFO: Experiment Progress: 85.2% -- 442/519
2018-05-23 12:32:43,227:INFO: Experiment Progress: 85.4% -- 443/519
2018-05-23 12:32:43,935:INFO: Experiment Progress: 85.5% -- 444/519
2018-05-23 12:32:44,418:INFO: Experiment Progress: 85.7% -- 445/519
2018-05-23 12:32:44,939:INFO: Experiment Progress: 85.9% -- 446/519
2018-05-23 12:32:45,685:INFO: Experiment Progress: 86.1% -- 447/519
2018-05-23 12:32:46,256:INFO: Experiment Progress: 86.3% -- 448/519
2018-05-23 12:32:46,704:INFO: Experiment Progress: 86.5% -- 449/519
2018-05-23 12:32:47,248:INFO: Experiment Progress: 86.7% -- 450/519
2018-05-23 12:32:47,654:INFO: Experiment Progress: 86.9% -- 451/519
2018-05-23 12:32:48,095:INFO: Experiment Progress: 87.1% -- 452/519
2018-05-23 12:32:48,635:INFO: Experiment Progress: 87.3% -- 453/519
2018-05-23 12:32:49,037:INFO: Experiment Progress: 87.5% -- 454/519
2018-05-23 12:32:49,837:INFO: Experiment Progress: 87.7% -- 455/519
2018-05-23 12:32:50,283:INFO: Experiment Progress: 87.9% -- 456/519
2018-05-23 12:32:50,865:INFO: Experiment Progress: 88.1% -- 457/519
2018-05-23 12:32:51,308:INFO: Experiment Progress: 88.2% -- 458/519
2018-05-23 12:32:52,064:INFO: Experiment Progress: 88.4% -- 459/519
2018-05-23 12:32:52,909:INFO: Experiment Progress: 88.6% -- 460/519
2018-05-23 12:32:53,459:INFO: Experiment Progress: 88.8% -- 461/519
2018-05-23 12:32:56,639:INFO: Experiment Progress: 89.0% -- 462/519
2018-05-23 12:32:57,260:INFO: Experiment Progress: 89.2% -- 463/519
2018-05-23 12:32:58,185:INFO: Experiment Progress: 89.4% -- 464/519
2018-05-23 12:32:59,416:INFO: Experiment Progress: 89.6% -- 465/519
2018-05-23 12:32:59,808:INFO: Experiment Progress: 89.8% -- 466/519
2018-05-23 12:33:00,234:INFO: Experiment Progress: 90.0% -- 467/519
2018-05-23 12:33:00,788:INFO: Experiment Progress: 90.2% -- 468/519
2018-05-23 12:33:01,629:INFO: Experiment Progress: 90.4% -- 469/519
2018-05-23 12:33:02,344:INFO: Experiment Progress: 90.6% -- 470/519
2018-05-23 12:33:03,176:INFO: Experiment Progress: 90.8% -- 471/519
2018-05-23 12:33:03,669:INFO: Experiment Progress: 90.9% -- 472/519
2018-05-23 12:33:08,594:INFO: Experiment Progress: 91.1% -- 473/519
2018-05-23 12:33:09,174:INFO: Experiment Progress: 91.3% -- 474/519
2018-05-23 12:33:09,643:INFO: Experiment Progress: 91.5% -- 475/519
2018-05-23 12:33:10,239:INFO: Experiment Progress: 91.7% -- 476/519
2018-05-23 12:33:10,695:INFO: Experiment Progress: 91.9% -- 477/519
2018-05-23 12:33:11,148:INFO: Experiment Progress: 92.1% -- 478/519
2018-05-23 12:33:11,580:INFO: Experiment Progress: 92.3% -- 479/519
2018-05-23 12:33:14,810:INFO: Experiment Progress: 92.5% -- 480/519
2018-05-23 12:33:15,449:INFO: Experiment Progress: 92.7% -- 481/519
2018-05-23 12:33:16,089:INFO: Experiment Progress: 92.9% -- 482/519
2018-05-23 12:33:16,577:INFO: Experiment Progress: 93.1% -- 483/519
2018-05-23 12:33:17,565:INFO: Experiment Progress: 93.3% -- 484/519
2018-05-23 12:33:19,330:INFO: Experiment Progress: 93.4% -- 485/519
2018-05-23 12:33:19,970:INFO: Experiment Progress: 93.6% -- 486/519
2018-05-23 12:33:20,547:INFO: Experiment Progress: 93.8% -- 487/519
2018-05-23 12:33:20,995:INFO: Experiment Progress: 94.0% -- 488/519
2018-05-23 12:33:21,659:INFO: Experiment Progress: 94.2% -- 489/519
2018-05-23 12:33:22,125:INFO: Experiment Progress: 94.4% -- 490/519
2018-05-23 12:33:22,685:INFO: Experiment Progress: 94.6% -- 491/519
2018-05-23 12:33:23,128:INFO: Experiment Progress: 94.8% -- 492/519
2018-05-23 12:33:23,736:INFO: Experiment Progress: 95.0% -- 493/519
2018-05-23 12:33:24,134:INFO: Experiment Progress: 95.2% -- 494/519
2018-05-23 12:33:24,610:INFO: Experiment Progress: 95.4% -- 495/519
2018-05-23 12:33:25,954:INFO: Experiment Progress: 95.6% -- 496/519
2018-05-23 12:33:26,441:INFO: Experiment Progress: 95.8% -- 497/519
2018-05-23 12:33:26,954:INFO: Experiment Progress: 96.0% -- 498/519
2018-05-23 12:33:27,484:INFO: Experiment Progress: 96.1% -- 499/519
2018-05-23 12:33:29,097:INFO: Experiment Progress: 96.3% -- 500/519
2018-05-23 12:33:29,557:INFO: Experiment Progress: 96.5% -- 501/519
2018-05-23 12:33:30,539:INFO: Experiment Progress: 96.7% -- 502/519
2018-05-23 12:33:31,124:INFO: Experiment Progress: 96.9% -- 503/519
2018-05-23 12:33:31,830:INFO: Experiment Progress: 97.1% -- 504/519
2018-05-23 12:33:32,330:INFO: Experiment Progress: 97.3% -- 505/519
2018-05-23 12:33:33,028:INFO: Experiment Progress: 97.5% -- 506/519
2018-05-23 12:33:33,465:INFO: Experiment Progress: 97.7% -- 507/519
2018-05-23 12:33:33,894:INFO: Experiment Progress: 97.9% -- 508/519
2018-05-23 12:33:35,213:INFO: Experiment Progress: 98.1% -- 509/519
2018-05-23 12:33:36,064:INFO: Experiment Progress: 98.3% -- 510/519
2018-05-23 12:33:36,568:INFO: Experiment Progress: 98.5% -- 511/519
2018-05-23 12:33:38,714:INFO: Experiment Progress: 98.7% -- 512/519
2018-05-23 12:33:39,861:INFO: Experiment Progress: 98.8% -- 513/519
2018-05-23 12:33:40,376:INFO: Experiment Progress: 99.0% -- 514/519
2018-05-23 12:33:40,845:INFO: Experiment Progress: 99.2% -- 515/519
2018-05-23 12:33:41,359:INFO: Experiment Progress: 99.4% -- 516/519
2018-05-23 12:33:41,841:INFO: Experiment Progress: 99.6% -- 517/519
2018-05-23 12:33:43,144:INFO: Experiment Progress: 99.8% -- 518/519
