2018-10-28 11:59:23,228:INFO: Disease Protein Prediction in the PPI Network
2018-10-28 11:59:23,228:INFO: Sabri Eyuboglu  -- SNAP Group
2018-10-28 11:59:23,228:INFO: ======================================
2018-10-28 11:59:23,228:INFO: Loading PPI Network...
2018-10-28 11:59:31,974:INFO: Loading Disease Associations...
2018-10-28 12:04:26,598:INFO: Running Experiment...
2018-10-28 12:07:22,838:INFO: Disease Protein Prediction in the PPI Network
2018-10-28 12:07:22,838:INFO: Sabri Eyuboglu  -- SNAP Group
2018-10-28 12:07:22,839:INFO: ======================================
2018-10-28 12:07:22,839:INFO: Loading PPI Network...
2018-10-28 12:07:30,772:INFO: Loading Disease Associations...
2018-10-28 12:12:15,299:INFO: Running Experiment...
2018-10-28 13:19:28,975:INFO: Disease Protein Prediction in the PPI Network
2018-10-28 13:19:28,976:INFO: Sabri Eyuboglu  -- SNAP Group
2018-10-28 13:19:28,976:INFO: ======================================
2018-10-28 13:19:28,976:INFO: Loading PPI Network...
2018-10-28 13:19:37,115:INFO: Loading Disease Associations...
2018-10-28 13:19:41,576:INFO: Running Experiment...
2018-10-28 13:20:52,523:INFO: Disease Protein Prediction in the PPI Network
2018-10-28 13:20:52,523:INFO: Sabri Eyuboglu  -- SNAP Group
2018-10-28 13:20:52,523:INFO: ======================================
2018-10-28 13:20:52,523:INFO: Loading PPI Network...
2018-10-28 13:21:00,251:INFO: Loading Disease Associations...
2018-10-28 13:21:02,627:INFO: Running Experiment...
2018-10-28 13:21:30,563:INFO: Disease Protein Prediction in the PPI Network
2018-10-28 13:21:30,564:INFO: Sabri Eyuboglu  -- SNAP Group
2018-10-28 13:21:30,564:INFO: ======================================
2018-10-28 13:21:30,564:INFO: Loading PPI Network...
2018-10-28 13:21:38,101:INFO: Loading Disease Associations...
2018-10-28 13:21:40,292:INFO: Running Experiment...
2018-10-28 14:03:06,452:INFO: Disease Protein Prediction in the PPI Network
2018-10-28 14:03:06,452:INFO: Sabri Eyuboglu  -- SNAP Group
2018-10-28 14:03:06,452:INFO: ======================================
2018-10-28 14:03:06,452:INFO: Loading PPI Network...
2018-10-28 14:03:14,130:INFO: Loading Disease Associations...
2018-10-28 14:03:18,113:INFO: Running Experiment...
2018-10-28 14:04:13,677:INFO: Disease Protein Prediction in the PPI Network
2018-10-28 14:04:13,678:INFO: Sabri Eyuboglu  -- SNAP Group
2018-10-28 14:04:13,678:INFO: ======================================
2018-10-28 14:04:13,678:INFO: Loading PPI Network...
2018-10-28 14:04:21,160:INFO: Loading Disease Associations...
2018-10-28 14:04:23,200:INFO: Running Experiment...
2018-10-28 14:04:48,385:INFO: Disease Protein Prediction in the PPI Network
2018-10-28 14:04:48,385:INFO: Sabri Eyuboglu  -- SNAP Group
2018-10-28 14:04:48,385:INFO: ======================================
2018-10-28 14:04:48,385:INFO: Loading PPI Network...
2018-10-28 14:04:55,920:INFO: Loading Disease Associations...
2018-10-28 14:04:57,904:INFO: Running Experiment...
2018-10-28 14:12:15,681:INFO: Disease Protein Prediction in the PPI Network
2018-10-28 14:12:15,681:INFO: Sabri Eyuboglu  -- SNAP Group
2018-10-28 14:12:15,681:INFO: ======================================
2018-10-28 14:12:15,681:INFO: Loading PPI Network...
2018-10-28 14:12:23,689:INFO: Loading Disease Associations...
2018-10-28 14:12:26,204:INFO: Running Experiment...
2018-10-28 14:12:57,334:INFO: Disease Protein Prediction in the PPI Network
2018-10-28 14:12:57,335:INFO: Sabri Eyuboglu  -- SNAP Group
2018-10-28 14:12:57,335:INFO: ======================================
2018-10-28 14:12:57,335:INFO: Loading PPI Network...
2018-10-28 14:13:05,087:INFO: Loading Disease Associations...
2018-10-28 14:13:07,567:INFO: Running Experiment...
2018-10-28 14:14:47,106:INFO: Disease Protein Prediction in the PPI Network
2018-10-28 14:14:47,106:INFO: Sabri Eyuboglu  -- SNAP Group
2018-10-28 14:14:47,106:INFO: ======================================
2018-10-28 14:14:47,106:INFO: Loading PPI Network...
2018-10-28 14:14:54,647:INFO: Loading Disease Associations...
2018-10-28 14:14:57,070:INFO: Running Experiment...
2018-10-28 14:15:21,235:INFO: Disease Protein Prediction in the PPI Network
2018-10-28 14:15:21,235:INFO: Sabri Eyuboglu  -- SNAP Group
2018-10-28 14:15:21,235:INFO: ======================================
2018-10-28 14:15:21,235:INFO: Loading PPI Network...
2018-10-28 14:15:28,857:INFO: Loading Disease Associations...
2018-10-28 14:15:31,303:INFO: Running Experiment...
2018-10-28 14:15:47,912:INFO: Disease Protein Prediction in the PPI Network
2018-10-28 14:15:47,912:INFO: Sabri Eyuboglu  -- SNAP Group
2018-10-28 14:15:47,912:INFO: ======================================
2018-10-28 14:15:47,912:INFO: Loading PPI Network...
2018-10-28 14:15:55,539:INFO: Loading Disease Associations...
2018-10-28 14:15:58,017:INFO: Running Experiment...
2018-10-28 14:21:39,449:INFO: Disease Protein Prediction in the PPI Network
2018-10-28 14:21:39,449:INFO: Sabri Eyuboglu  -- SNAP Group
2018-10-28 14:21:39,449:INFO: ======================================
2018-10-28 14:21:39,449:INFO: Loading PPI Network...
2018-10-28 14:21:47,519:INFO: Loading Disease Associations...
2018-10-28 14:21:50,793:INFO: Running Experiment...
2018-10-28 14:23:06,933:INFO: Disease Protein Prediction in the PPI Network
2018-10-28 14:23:06,933:INFO: Sabri Eyuboglu  -- SNAP Group
2018-10-28 14:23:06,933:INFO: ======================================
2018-10-28 14:23:06,933:INFO: Loading PPI Network...
2018-10-28 14:23:14,452:INFO: Loading Disease Associations...
2018-10-28 14:23:17,169:INFO: Running Experiment...
2018-10-28 14:23:27,600:INFO: Disease Protein Prediction in the PPI Network
2018-10-28 14:23:27,600:INFO: Sabri Eyuboglu  -- SNAP Group
2018-10-28 14:23:27,600:INFO: ======================================
2018-10-28 14:23:27,600:INFO: Loading PPI Network...
2018-10-28 14:23:35,354:INFO: Loading Disease Associations...
2018-10-28 14:23:37,465:INFO: Running Experiment...
2018-10-28 16:40:43,463:INFO: Disease Protein Prediction in the PPI Network
2018-10-28 16:40:43,463:INFO: Sabri Eyuboglu  -- SNAP Group
2018-10-28 16:40:43,463:INFO: ======================================
2018-10-28 16:40:43,463:INFO: Loading PPI Network...
2018-10-28 16:40:51,287:INFO: Loading Disease Associations...
2018-10-28 16:40:54,594:INFO: Running Experiment...
2018-10-28 16:41:07,248:INFO: Disease Protein Prediction in the PPI Network
2018-10-28 16:41:07,248:INFO: Sabri Eyuboglu  -- SNAP Group
2018-10-28 16:41:07,248:INFO: ======================================
2018-10-28 16:41:07,248:INFO: Loading PPI Network...
2018-10-28 16:41:14,821:INFO: Loading Disease Associations...
2018-10-28 16:41:17,471:INFO: Running Experiment...
2018-10-28 16:48:58,899:INFO: Disease Protein Prediction in the PPI Network
2018-10-28 16:48:58,899:INFO: Sabri Eyuboglu  -- SNAP Group
2018-10-28 16:48:58,899:INFO: ======================================
2018-10-28 16:48:58,899:INFO: Loading PPI Network...
2018-10-28 16:49:06,604:INFO: Loading Disease Associations...
2018-10-28 16:49:10,537:INFO: Running Experiment...
