2018-10-11 17:38:40,790:INFO: Metric Significance of Diseases in the PPI Network
2018-10-11 17:38:40,790:INFO: Sabri Eyuboglu  -- SNAP Group
2018-10-11 17:38:40,790:INFO: ======================================
2018-10-11 17:38:40,791:INFO: Loading Disease Associations...
2018-10-11 17:38:40,912:INFO: Loading Network...
2018-10-11 17:38:50,022:INFO: Loading PPI Matrices...
2018-10-11 17:38:56,736:INFO: Sorting Nodes by Degree...
2018-10-11 17:38:56,828:INFO: Running Experiment...
2018-10-11 17:51:30,600:INFO: Metric Significance of Diseases in the PPI Network
2018-10-11 17:51:30,601:INFO: Sabri Eyuboglu  -- SNAP Group
2018-10-11 17:51:30,601:INFO: ======================================
2018-10-11 17:51:30,601:INFO: Loading Disease Associations...
2018-10-11 17:54:26,563:INFO: Metric Significance of Diseases in the PPI Network
2018-10-11 17:54:26,564:INFO: Sabri Eyuboglu  -- SNAP Group
2018-10-11 17:54:26,564:INFO: ======================================
2018-10-11 17:54:26,564:INFO: Loading Disease Associations...
2018-10-11 17:57:02,286:INFO: Metric Significance of Diseases in the PPI Network
2018-10-11 17:57:02,287:INFO: Sabri Eyuboglu  -- SNAP Group
2018-10-11 17:57:02,287:INFO: ======================================
2018-10-11 17:57:02,287:INFO: Loading Disease Associations...
2018-10-11 17:57:51,165:INFO: Metric Significance of Diseases in the PPI Network
2018-10-11 17:57:51,165:INFO: Sabri Eyuboglu  -- SNAP Group
2018-10-11 17:57:51,165:INFO: ======================================
2018-10-11 17:57:51,165:INFO: Loading Disease Associations...
2018-10-11 17:58:22,057:INFO: Metric Significance of Diseases in the PPI Network
2018-10-11 17:58:22,057:INFO: Sabri Eyuboglu  -- SNAP Group
2018-10-11 17:58:22,057:INFO: ======================================
2018-10-11 17:58:22,058:INFO: Loading Disease Associations...
2018-10-11 17:58:47,571:INFO: Metric Significance of Diseases in the PPI Network
2018-10-11 17:58:47,571:INFO: Sabri Eyuboglu  -- SNAP Group
2018-10-11 17:58:47,571:INFO: ======================================
2018-10-11 17:58:47,571:INFO: Loading Disease Associations...
2018-10-11 17:59:26,861:INFO: Metric Significance of Diseases in the PPI Network
2018-10-11 17:59:26,861:INFO: Sabri Eyuboglu  -- SNAP Group
2018-10-11 17:59:26,861:INFO: ======================================
2018-10-11 17:59:26,861:INFO: Loading Disease Associations...
2018-10-11 18:00:00,529:INFO: Metric Significance of Diseases in the PPI Network
2018-10-11 18:00:00,529:INFO: Sabri Eyuboglu  -- SNAP Group
2018-10-11 18:00:00,530:INFO: ======================================
2018-10-11 18:00:00,530:INFO: Loading Disease Associations...
2018-10-11 18:00:25,855:INFO: Metric Significance of Diseases in the PPI Network
2018-10-11 18:00:25,855:INFO: Sabri Eyuboglu  -- SNAP Group
2018-10-11 18:00:25,855:INFO: ======================================
2018-10-11 18:00:25,855:INFO: Loading Disease Associations...
2018-10-11 18:00:59,697:INFO: Metric Significance of Diseases in the PPI Network
2018-10-11 18:00:59,697:INFO: Sabri Eyuboglu  -- SNAP Group
2018-10-11 18:00:59,698:INFO: ======================================
2018-10-11 18:00:59,698:INFO: Loading Disease Associations...
2018-10-11 18:02:08,535:INFO: Metric Significance of Diseases in the PPI Network
2018-10-11 18:02:08,535:INFO: Sabri Eyuboglu  -- SNAP Group
2018-10-11 18:02:08,535:INFO: ======================================
2018-10-11 18:02:08,535:INFO: Loading Disease Associations...
2018-10-11 18:05:15,070:INFO: Metric Significance of Diseases in the PPI Network
2018-10-11 18:05:15,071:INFO: Sabri Eyuboglu  -- SNAP Group
2018-10-11 18:05:15,071:INFO: ======================================
2018-10-11 18:05:15,071:INFO: Loading Disease Associations...
2018-10-11 18:06:19,926:INFO: Metric Significance of Diseases in the PPI Network
2018-10-11 18:06:19,926:INFO: Sabri Eyuboglu  -- SNAP Group
2018-10-11 18:06:19,927:INFO: ======================================
2018-10-11 18:06:19,927:INFO: Loading Disease Associations...
2018-10-11 18:09:26,666:INFO: Metric Significance of Diseases in the PPI Network
2018-10-11 18:09:26,666:INFO: Sabri Eyuboglu  -- SNAP Group
2018-10-11 18:09:26,666:INFO: ======================================
2018-10-11 18:09:26,666:INFO: Loading Disease Associations...
2018-10-11 18:09:54,102:INFO: Metric Significance of Diseases in the PPI Network
2018-10-11 18:09:54,102:INFO: Sabri Eyuboglu  -- SNAP Group
2018-10-11 18:09:54,103:INFO: ======================================
2018-10-11 18:09:54,103:INFO: Loading Disease Associations...
