2018-05-23 17:25:02,191:INFO: Disease Protein Prediction in the PPI Network
2018-05-23 17:25:02,192:INFO: Sabri Eyuboglu  -- SNAP Group
2018-05-23 17:25:02,192:INFO: ======================================
2018-05-23 17:25:02,192:INFO: Loading PPI Network...
2018-05-23 17:25:15,216:INFO: Loading Disease Associations...
2018-05-23 17:25:15,249:INFO: Loading PPI Matrix...
2018-05-23 17:25:39,102:INFO: Running Experiment...
2018-05-23 17:25:39,134:INFO: Experiment Progress: 0.0% -- 0/519
2018-05-23 17:25:39,821:INFO: Experiment Progress: 0.2% -- 1/519
2018-05-23 17:25:40,384:INFO: Experiment Progress: 0.4% -- 2/519
2018-05-23 17:25:40,848:INFO: Experiment Progress: 0.6% -- 3/519
2018-05-23 17:25:41,904:INFO: Experiment Progress: 0.8% -- 4/519
2018-05-23 17:25:42,431:INFO: Experiment Progress: 1.0% -- 5/519
2018-05-23 17:25:43,109:INFO: Experiment Progress: 1.2% -- 6/519
2018-05-23 17:25:43,643:INFO: Experiment Progress: 1.3% -- 7/519
2018-05-23 17:25:44,303:INFO: Experiment Progress: 1.5% -- 8/519
2018-05-23 17:25:46,222:INFO: Experiment Progress: 1.7% -- 9/519
2018-05-23 17:25:46,690:INFO: Experiment Progress: 1.9% -- 10/519
2018-05-23 17:25:49,484:INFO: Experiment Progress: 2.1% -- 11/519
2018-05-23 17:25:49,978:INFO: Experiment Progress: 2.3% -- 12/519
2018-05-23 17:25:50,663:INFO: Experiment Progress: 2.5% -- 13/519
2018-05-23 17:25:51,237:INFO: Experiment Progress: 2.7% -- 14/519
2018-05-23 17:25:51,642:INFO: Experiment Progress: 2.9% -- 15/519
2018-05-23 17:25:52,215:INFO: Experiment Progress: 3.1% -- 16/519
2018-05-23 17:25:52,641:INFO: Experiment Progress: 3.3% -- 17/519
2018-05-23 17:25:53,978:INFO: Experiment Progress: 3.5% -- 18/519
2018-05-23 17:25:54,435:INFO: Experiment Progress: 3.7% -- 19/519
2018-05-23 17:25:55,804:INFO: Experiment Progress: 3.9% -- 20/519
2018-05-23 17:25:57,412:INFO: Experiment Progress: 4.0% -- 21/519
2018-05-23 17:25:58,056:INFO: Experiment Progress: 4.2% -- 22/519
2018-05-23 17:25:58,483:INFO: Experiment Progress: 4.4% -- 23/519
2018-05-23 17:25:58,884:INFO: Experiment Progress: 4.6% -- 24/519
2018-05-23 17:25:59,427:INFO: Experiment Progress: 4.8% -- 25/519
2018-05-23 17:25:59,967:INFO: Experiment Progress: 5.0% -- 26/519
2018-05-23 17:26:00,392:INFO: Experiment Progress: 5.2% -- 27/519
2018-05-23 17:26:01,010:INFO: Experiment Progress: 5.4% -- 28/519
2018-05-23 17:26:01,872:INFO: Experiment Progress: 5.6% -- 29/519
2018-05-23 17:26:02,608:INFO: Experiment Progress: 5.8% -- 30/519
2018-05-23 17:26:03,002:INFO: Experiment Progress: 6.0% -- 31/519
2018-05-23 17:26:03,709:INFO: Experiment Progress: 6.2% -- 32/519
2018-05-23 17:26:04,651:INFO: Experiment Progress: 6.4% -- 33/519
2018-05-23 17:26:05,093:INFO: Experiment Progress: 6.6% -- 34/519
2018-05-23 17:26:05,729:INFO: Experiment Progress: 6.7% -- 35/519
2018-05-23 17:26:05,945:INFO: Experiment Progress: 6.9% -- 36/519
2018-05-23 17:26:06,405:INFO: Experiment Progress: 7.1% -- 37/519
2018-05-23 17:26:06,883:INFO: Experiment Progress: 7.3% -- 38/519
2018-05-23 17:26:07,377:INFO: Experiment Progress: 7.5% -- 39/519
2018-05-23 17:26:07,996:INFO: Experiment Progress: 7.7% -- 40/519
2018-05-23 17:26:08,585:INFO: Experiment Progress: 7.9% -- 41/519
2018-05-23 17:26:09,317:INFO: Experiment Progress: 8.1% -- 42/519
2018-05-23 17:26:09,833:INFO: Experiment Progress: 8.3% -- 43/519
2018-05-23 17:26:10,770:INFO: Experiment Progress: 8.5% -- 44/519
2018-05-23 17:26:11,310:INFO: Experiment Progress: 8.7% -- 45/519
2018-05-23 17:26:11,806:INFO: Experiment Progress: 8.9% -- 46/519
2018-05-23 17:26:12,516:INFO: Experiment Progress: 9.1% -- 47/519
2018-05-23 17:26:12,666:INFO: Experiment Progress: 9.2% -- 48/519
2018-05-23 17:26:13,289:INFO: Experiment Progress: 9.4% -- 49/519
2018-05-23 17:26:13,750:INFO: Experiment Progress: 9.6% -- 50/519
2018-05-23 17:26:14,204:INFO: Experiment Progress: 9.8% -- 51/519
2018-05-23 17:26:14,760:INFO: Experiment Progress: 10.0% -- 52/519
2018-05-23 17:26:15,444:INFO: Experiment Progress: 10.2% -- 53/519
2018-05-23 17:26:15,933:INFO: Experiment Progress: 10.4% -- 54/519
2018-05-23 17:26:16,438:INFO: Experiment Progress: 10.6% -- 55/519
2018-05-23 17:26:16,777:INFO: Experiment Progress: 10.8% -- 56/519
2018-05-23 17:26:17,157:INFO: Experiment Progress: 11.0% -- 57/519
2018-05-23 17:26:17,546:INFO: Experiment Progress: 11.2% -- 58/519
2018-05-23 17:26:18,153:INFO: Experiment Progress: 11.4% -- 59/519
2018-05-23 17:26:18,461:INFO: Experiment Progress: 11.6% -- 60/519
2018-05-23 17:26:18,944:INFO: Experiment Progress: 11.8% -- 61/519
2018-05-23 17:26:19,570:INFO: Experiment Progress: 11.9% -- 62/519
2018-05-23 17:26:19,985:INFO: Experiment Progress: 12.1% -- 63/519
2018-05-23 17:26:20,380:INFO: Experiment Progress: 12.3% -- 64/519
2018-05-23 17:26:20,952:INFO: Experiment Progress: 12.5% -- 65/519
2018-05-23 17:26:21,344:INFO: Experiment Progress: 12.7% -- 66/519
2018-05-23 17:26:21,714:INFO: Experiment Progress: 12.9% -- 67/519
2018-05-23 17:26:22,625:INFO: Experiment Progress: 13.1% -- 68/519
2018-05-23 17:26:23,199:INFO: Experiment Progress: 13.3% -- 69/519
2018-05-23 17:26:24,169:INFO: Experiment Progress: 13.5% -- 70/519
2018-05-23 17:26:25,327:INFO: Experiment Progress: 13.7% -- 71/519
2018-05-23 17:26:25,812:INFO: Experiment Progress: 13.9% -- 72/519
2018-05-23 17:26:26,221:INFO: Experiment Progress: 14.1% -- 73/519
2018-05-23 17:26:26,651:INFO: Experiment Progress: 14.3% -- 74/519
2018-05-23 17:26:27,069:INFO: Experiment Progress: 14.5% -- 75/519
2018-05-23 17:26:27,527:INFO: Experiment Progress: 14.6% -- 76/519
2018-05-23 17:26:27,955:INFO: Experiment Progress: 14.8% -- 77/519
2018-05-23 17:26:29,357:INFO: Experiment Progress: 15.0% -- 78/519
2018-05-23 17:26:30,138:INFO: Experiment Progress: 15.2% -- 79/519
2018-05-23 17:26:31,321:INFO: Experiment Progress: 15.4% -- 80/519
2018-05-23 17:26:32,161:INFO: Experiment Progress: 15.6% -- 81/519
2018-05-23 17:26:32,708:INFO: Experiment Progress: 15.8% -- 82/519
2018-05-23 17:26:33,449:INFO: Experiment Progress: 16.0% -- 83/519
2018-05-23 17:26:34,450:INFO: Experiment Progress: 16.2% -- 84/519
2018-05-23 17:26:34,961:INFO: Experiment Progress: 16.4% -- 85/519
2018-05-23 17:26:35,407:INFO: Experiment Progress: 16.6% -- 86/519
2018-05-23 17:26:35,818:INFO: Experiment Progress: 16.8% -- 87/519
2018-05-23 17:26:36,363:INFO: Experiment Progress: 17.0% -- 88/519
2018-05-23 17:26:36,823:INFO: Experiment Progress: 17.1% -- 89/519
2018-05-23 17:26:37,456:INFO: Experiment Progress: 17.3% -- 90/519
2018-05-23 17:26:37,995:INFO: Experiment Progress: 17.5% -- 91/519
2018-05-23 17:26:40,691:INFO: Experiment Progress: 17.7% -- 92/519
2018-05-23 17:26:41,115:INFO: Experiment Progress: 17.9% -- 93/519
2018-05-23 17:26:41,567:INFO: Experiment Progress: 18.1% -- 94/519
2018-05-23 17:26:42,303:INFO: Experiment Progress: 18.3% -- 95/519
2018-05-23 17:26:42,735:INFO: Experiment Progress: 18.5% -- 96/519
2018-05-23 17:26:44,287:INFO: Experiment Progress: 18.7% -- 97/519
2018-05-23 17:26:44,720:INFO: Experiment Progress: 18.9% -- 98/519
2018-05-23 17:26:45,235:INFO: Experiment Progress: 19.1% -- 99/519
2018-05-23 17:26:45,810:INFO: Experiment Progress: 19.3% -- 100/519
2018-05-23 17:26:46,462:INFO: Experiment Progress: 19.5% -- 101/519
2018-05-23 17:26:46,946:INFO: Experiment Progress: 19.7% -- 102/519
2018-05-23 17:26:47,279:INFO: Experiment Progress: 19.8% -- 103/519
2018-05-23 17:26:48,916:INFO: Experiment Progress: 20.0% -- 104/519
2018-05-23 17:26:49,428:INFO: Experiment Progress: 20.2% -- 105/519
2018-05-23 17:26:50,069:INFO: Experiment Progress: 20.4% -- 106/519
2018-05-23 17:26:50,539:INFO: Experiment Progress: 20.6% -- 107/519
2018-05-23 17:26:50,937:INFO: Experiment Progress: 20.8% -- 108/519
2018-05-23 17:26:51,321:INFO: Experiment Progress: 21.0% -- 109/519
2018-05-23 17:26:51,841:INFO: Experiment Progress: 21.2% -- 110/519
2018-05-23 17:26:52,247:INFO: Experiment Progress: 21.4% -- 111/519
2018-05-23 17:26:53,392:INFO: Experiment Progress: 21.6% -- 112/519
2018-05-23 17:26:53,794:INFO: Experiment Progress: 21.8% -- 113/519
2018-05-23 17:26:54,804:INFO: Experiment Progress: 22.0% -- 114/519
2018-05-23 17:26:55,188:INFO: Experiment Progress: 22.2% -- 115/519
2018-05-23 17:26:55,923:INFO: Experiment Progress: 22.4% -- 116/519
2018-05-23 17:26:56,489:INFO: Experiment Progress: 22.5% -- 117/519
2018-05-23 17:26:56,876:INFO: Experiment Progress: 22.7% -- 118/519
2018-05-23 17:26:57,243:INFO: Experiment Progress: 22.9% -- 119/519
2018-05-23 17:26:57,671:INFO: Experiment Progress: 23.1% -- 120/519
2018-05-23 17:27:02,124:INFO: Experiment Progress: 23.3% -- 121/519
2018-05-23 17:27:02,590:INFO: Experiment Progress: 23.5% -- 122/519
2018-05-23 17:27:03,005:INFO: Experiment Progress: 23.7% -- 123/519
2018-05-23 17:27:03,669:INFO: Experiment Progress: 23.9% -- 124/519
2018-05-23 17:27:04,425:INFO: Experiment Progress: 24.1% -- 125/519
2018-05-23 17:27:04,800:INFO: Experiment Progress: 24.3% -- 126/519
2018-05-23 17:27:05,261:INFO: Experiment Progress: 24.5% -- 127/519
2018-05-23 17:27:05,764:INFO: Experiment Progress: 24.7% -- 128/519
2018-05-23 17:27:06,165:INFO: Experiment Progress: 24.9% -- 129/519
2018-05-23 17:27:07,104:INFO: Experiment Progress: 25.0% -- 130/519
2018-05-23 17:27:07,482:INFO: Experiment Progress: 25.2% -- 131/519
2018-05-23 17:27:07,904:INFO: Experiment Progress: 25.4% -- 132/519
2018-05-23 17:27:09,307:INFO: Experiment Progress: 25.6% -- 133/519
2018-05-23 17:27:12,225:INFO: Experiment Progress: 25.8% -- 134/519
2018-05-23 17:27:13,047:INFO: Experiment Progress: 26.0% -- 135/519
2018-05-23 17:27:13,522:INFO: Experiment Progress: 26.2% -- 136/519
2018-05-23 17:27:13,952:INFO: Experiment Progress: 26.4% -- 137/519
2018-05-23 17:27:14,424:INFO: Experiment Progress: 26.6% -- 138/519
2018-05-23 17:27:15,704:INFO: Experiment Progress: 26.8% -- 139/519
2018-05-23 17:27:16,101:INFO: Experiment Progress: 27.0% -- 140/519
2018-05-23 17:27:16,597:INFO: Experiment Progress: 27.2% -- 141/519
2018-05-23 17:27:17,140:INFO: Experiment Progress: 27.4% -- 142/519
2018-05-23 17:27:19,178:INFO: Experiment Progress: 27.6% -- 143/519
2018-05-23 17:27:19,669:INFO: Experiment Progress: 27.7% -- 144/519
2018-05-23 17:27:20,143:INFO: Experiment Progress: 27.9% -- 145/519
2018-05-23 17:27:21,242:INFO: Experiment Progress: 28.1% -- 146/519
2018-05-23 17:27:21,689:INFO: Experiment Progress: 28.3% -- 147/519
2018-05-23 17:27:22,186:INFO: Experiment Progress: 28.5% -- 148/519
2018-05-23 17:27:22,579:INFO: Experiment Progress: 28.7% -- 149/519
2018-05-23 17:27:23,615:INFO: Experiment Progress: 28.9% -- 150/519
2018-05-23 17:27:24,390:INFO: Experiment Progress: 29.1% -- 151/519
2018-05-23 17:27:24,797:INFO: Experiment Progress: 29.3% -- 152/519
2018-05-23 17:27:25,540:INFO: Experiment Progress: 29.5% -- 153/519
2018-05-23 17:27:25,937:INFO: Experiment Progress: 29.7% -- 154/519
2018-05-23 17:27:26,319:INFO: Experiment Progress: 29.9% -- 155/519
2018-05-23 17:27:27,449:INFO: Experiment Progress: 30.1% -- 156/519
2018-05-23 17:27:27,880:INFO: Experiment Progress: 30.3% -- 157/519
2018-05-23 17:27:28,378:INFO: Experiment Progress: 30.4% -- 158/519
2018-05-23 17:27:30,644:INFO: Experiment Progress: 30.6% -- 159/519
2018-05-23 17:27:31,120:INFO: Experiment Progress: 30.8% -- 160/519
2018-05-23 17:27:31,716:INFO: Experiment Progress: 31.0% -- 161/519
2018-05-23 17:27:32,341:INFO: Experiment Progress: 31.2% -- 162/519
2018-05-23 17:27:32,783:INFO: Experiment Progress: 31.4% -- 163/519
2018-05-23 17:27:33,256:INFO: Experiment Progress: 31.6% -- 164/519
2018-05-23 17:27:36,310:INFO: Experiment Progress: 31.8% -- 165/519
2018-05-23 17:27:36,700:INFO: Experiment Progress: 32.0% -- 166/519
2018-05-23 17:27:37,223:INFO: Experiment Progress: 32.2% -- 167/519
2018-05-23 17:27:37,659:INFO: Experiment Progress: 32.4% -- 168/519
2018-05-23 17:27:38,134:INFO: Experiment Progress: 32.6% -- 169/519
2018-05-23 17:27:38,608:INFO: Experiment Progress: 32.8% -- 170/519
2018-05-23 17:27:39,036:INFO: Experiment Progress: 32.9% -- 171/519
2018-05-23 17:27:39,472:INFO: Experiment Progress: 33.1% -- 172/519
2018-05-23 17:27:40,486:INFO: Experiment Progress: 33.3% -- 173/519
2018-05-23 17:27:41,562:INFO: Experiment Progress: 33.5% -- 174/519
2018-05-23 17:27:42,195:INFO: Experiment Progress: 33.7% -- 175/519
2018-05-23 17:27:42,561:INFO: Experiment Progress: 33.9% -- 176/519
2018-05-23 17:27:44,764:INFO: Experiment Progress: 34.1% -- 177/519
2018-05-23 17:27:45,379:INFO: Experiment Progress: 34.3% -- 178/519
2018-05-23 17:27:45,828:INFO: Experiment Progress: 34.5% -- 179/519
2018-05-23 17:27:46,624:INFO: Experiment Progress: 34.7% -- 180/519
2018-05-23 17:27:47,456:INFO: Experiment Progress: 34.9% -- 181/519
2018-05-23 17:27:47,859:INFO: Experiment Progress: 35.1% -- 182/519
2018-05-23 17:27:48,273:INFO: Experiment Progress: 35.3% -- 183/519
2018-05-23 17:27:48,658:INFO: Experiment Progress: 35.5% -- 184/519
2018-05-23 17:27:49,077:INFO: Experiment Progress: 35.6% -- 185/519
2018-05-23 17:27:49,864:INFO: Experiment Progress: 35.8% -- 186/519
2018-05-23 17:27:50,714:INFO: Experiment Progress: 36.0% -- 187/519
2018-05-23 17:27:53,987:INFO: Experiment Progress: 36.2% -- 188/519
2018-05-23 17:27:55,185:INFO: Experiment Progress: 36.4% -- 189/519
2018-05-23 17:27:55,699:INFO: Experiment Progress: 36.6% -- 190/519
2018-05-23 17:27:56,110:INFO: Experiment Progress: 36.8% -- 191/519
2018-05-23 17:27:56,733:INFO: Experiment Progress: 37.0% -- 192/519
2018-05-23 17:27:57,161:INFO: Experiment Progress: 37.2% -- 193/519
2018-05-23 17:27:57,853:INFO: Experiment Progress: 37.4% -- 194/519
2018-05-23 17:27:58,285:INFO: Experiment Progress: 37.6% -- 195/519
2018-05-23 17:28:00,074:INFO: Experiment Progress: 37.8% -- 196/519
2018-05-23 17:28:00,557:INFO: Experiment Progress: 38.0% -- 197/519
2018-05-23 17:28:01,037:INFO: Experiment Progress: 38.2% -- 198/519
2018-05-23 17:28:01,526:INFO: Experiment Progress: 38.3% -- 199/519
2018-05-23 17:28:02,162:INFO: Experiment Progress: 38.5% -- 200/519
2018-05-23 17:28:02,882:INFO: Experiment Progress: 38.7% -- 201/519
2018-05-23 17:28:03,853:INFO: Experiment Progress: 38.9% -- 202/519
2018-05-23 17:28:04,389:INFO: Experiment Progress: 39.1% -- 203/519
2018-05-23 17:28:04,864:INFO: Experiment Progress: 39.3% -- 204/519
2018-05-23 17:28:05,413:INFO: Experiment Progress: 39.5% -- 205/519
2018-05-23 17:28:05,795:INFO: Experiment Progress: 39.7% -- 206/519
2018-05-23 17:28:06,558:INFO: Experiment Progress: 39.9% -- 207/519
2018-05-23 17:28:07,226:INFO: Experiment Progress: 40.1% -- 208/519
2018-05-23 17:28:07,738:INFO: Experiment Progress: 40.3% -- 209/519
2018-05-23 17:28:08,118:INFO: Experiment Progress: 40.5% -- 210/519
2018-05-23 17:28:08,522:INFO: Experiment Progress: 40.7% -- 211/519
2018-05-23 17:28:08,992:INFO: Experiment Progress: 40.8% -- 212/519
2018-05-23 17:28:09,482:INFO: Experiment Progress: 41.0% -- 213/519
2018-05-23 17:28:09,889:INFO: Experiment Progress: 41.2% -- 214/519
2018-05-23 17:28:10,694:INFO: Experiment Progress: 41.4% -- 215/519
2018-05-23 17:28:11,252:INFO: Experiment Progress: 41.6% -- 216/519
2018-05-23 17:28:11,700:INFO: Experiment Progress: 41.8% -- 217/519
2018-05-23 17:28:12,569:INFO: Experiment Progress: 42.0% -- 218/519
2018-05-23 17:28:12,950:INFO: Experiment Progress: 42.2% -- 219/519
2018-05-23 17:28:13,218:INFO: Experiment Progress: 42.4% -- 220/519
2018-05-23 17:28:13,950:INFO: Experiment Progress: 42.6% -- 221/519
2018-05-23 17:28:14,708:INFO: Experiment Progress: 42.8% -- 222/519
2018-05-23 17:28:15,104:INFO: Experiment Progress: 43.0% -- 223/519
2018-05-23 17:28:15,882:INFO: Experiment Progress: 43.2% -- 224/519
2018-05-23 17:28:16,634:INFO: Experiment Progress: 43.4% -- 225/519
2018-05-23 17:28:17,327:INFO: Experiment Progress: 43.5% -- 226/519
2018-05-23 17:28:17,849:INFO: Experiment Progress: 43.7% -- 227/519
2018-05-23 17:28:18,307:INFO: Experiment Progress: 43.9% -- 228/519
2018-05-23 17:28:19,406:INFO: Experiment Progress: 44.1% -- 229/519
2018-05-23 17:28:19,934:INFO: Experiment Progress: 44.3% -- 230/519
2018-05-23 17:28:20,743:INFO: Experiment Progress: 44.5% -- 231/519
2018-05-23 17:28:22,070:INFO: Experiment Progress: 44.7% -- 232/519
2018-05-23 17:28:22,494:INFO: Experiment Progress: 44.9% -- 233/519
2018-05-23 17:28:23,993:INFO: Experiment Progress: 45.1% -- 234/519
2018-05-23 17:28:25,073:INFO: Experiment Progress: 45.3% -- 235/519
2018-05-23 17:28:25,653:INFO: Experiment Progress: 45.5% -- 236/519
2018-05-23 17:28:26,182:INFO: Experiment Progress: 45.7% -- 237/519
2018-05-23 17:28:26,592:INFO: Experiment Progress: 45.9% -- 238/519
2018-05-23 17:28:27,072:INFO: Experiment Progress: 46.1% -- 239/519
2018-05-23 17:28:27,487:INFO: Experiment Progress: 46.2% -- 240/519
2018-05-23 17:28:28,084:INFO: Experiment Progress: 46.4% -- 241/519
2018-05-23 17:28:29,980:INFO: Experiment Progress: 46.6% -- 242/519
2018-05-23 17:28:31,879:INFO: Experiment Progress: 46.8% -- 243/519
2018-05-23 17:28:32,361:INFO: Experiment Progress: 47.0% -- 244/519
2018-05-23 17:28:32,828:INFO: Experiment Progress: 47.2% -- 245/519
2018-05-23 17:28:33,876:INFO: Experiment Progress: 47.4% -- 246/519
2018-05-23 17:28:34,251:INFO: Experiment Progress: 47.6% -- 247/519
2018-05-23 17:28:36,003:INFO: Experiment Progress: 47.8% -- 248/519
2018-05-23 17:28:36,402:INFO: Experiment Progress: 48.0% -- 249/519
2018-05-23 17:28:37,234:INFO: Experiment Progress: 48.2% -- 250/519
2018-05-23 17:28:37,590:INFO: Experiment Progress: 48.4% -- 251/519
2018-05-23 17:28:38,049:INFO: Experiment Progress: 48.6% -- 252/519
2018-05-23 17:28:39,260:INFO: Experiment Progress: 48.7% -- 253/519
2018-05-23 17:28:39,556:INFO: Experiment Progress: 48.9% -- 254/519
2018-05-23 17:28:39,935:INFO: Experiment Progress: 49.1% -- 255/519
2018-05-23 17:28:40,308:INFO: Experiment Progress: 49.3% -- 256/519
2018-05-23 17:28:40,730:INFO: Experiment Progress: 49.5% -- 257/519
2018-05-23 17:28:41,894:INFO: Experiment Progress: 49.7% -- 258/519
2018-05-23 17:28:42,259:INFO: Experiment Progress: 49.9% -- 259/519
2018-05-23 17:28:42,458:INFO: Experiment Progress: 50.1% -- 260/519
2018-05-23 17:28:43,437:INFO: Experiment Progress: 50.3% -- 261/519
2018-05-23 17:28:43,812:INFO: Experiment Progress: 50.5% -- 262/519
2018-05-23 17:28:44,311:INFO: Experiment Progress: 50.7% -- 263/519
2018-05-23 17:28:44,877:INFO: Experiment Progress: 50.9% -- 264/519
2018-05-23 17:28:45,346:INFO: Experiment Progress: 51.1% -- 265/519
2018-05-23 17:28:45,823:INFO: Experiment Progress: 51.3% -- 266/519
2018-05-23 17:28:46,101:INFO: Experiment Progress: 51.4% -- 267/519
2018-05-23 17:28:47,412:INFO: Experiment Progress: 51.6% -- 268/519
2018-05-23 17:28:48,031:INFO: Experiment Progress: 51.8% -- 269/519
2018-05-23 17:28:48,435:INFO: Experiment Progress: 52.0% -- 270/519
2018-05-23 17:28:48,790:INFO: Experiment Progress: 52.2% -- 271/519
2018-05-23 17:28:49,362:INFO: Experiment Progress: 52.4% -- 272/519
2018-05-23 17:28:49,759:INFO: Experiment Progress: 52.6% -- 273/519
2018-05-23 17:28:50,532:INFO: Experiment Progress: 52.8% -- 274/519
2018-05-23 17:28:51,069:INFO: Experiment Progress: 53.0% -- 275/519
2018-05-23 17:28:51,456:INFO: Experiment Progress: 53.2% -- 276/519
2018-05-23 17:28:51,835:INFO: Experiment Progress: 53.4% -- 277/519
2018-05-23 17:28:52,244:INFO: Experiment Progress: 53.6% -- 278/519
2018-05-23 17:28:54,377:INFO: Experiment Progress: 53.8% -- 279/519
2018-05-23 17:28:54,647:INFO: Experiment Progress: 53.9% -- 280/519
2018-05-23 17:28:55,903:INFO: Experiment Progress: 54.1% -- 281/519
2018-05-23 17:29:00,747:INFO: Experiment Progress: 54.3% -- 282/519
2018-05-23 17:29:00,978:INFO: Experiment Progress: 54.5% -- 283/519
2018-05-23 17:29:01,412:INFO: Experiment Progress: 54.7% -- 284/519
2018-05-23 17:29:01,985:INFO: Experiment Progress: 54.9% -- 285/519
2018-05-23 17:29:02,940:INFO: Experiment Progress: 55.1% -- 286/519
2018-05-23 17:29:03,364:INFO: Experiment Progress: 55.3% -- 287/519
2018-05-23 17:29:03,927:INFO: Experiment Progress: 55.5% -- 288/519
2018-05-23 17:29:04,327:INFO: Experiment Progress: 55.7% -- 289/519
2018-05-23 17:29:04,704:INFO: Experiment Progress: 55.9% -- 290/519
2018-05-23 17:29:05,474:INFO: Experiment Progress: 56.1% -- 291/519
2018-05-23 17:29:06,124:INFO: Experiment Progress: 56.3% -- 292/519
2018-05-23 17:29:06,656:INFO: Experiment Progress: 56.5% -- 293/519
2018-05-23 17:29:07,236:INFO: Experiment Progress: 56.6% -- 294/519
2018-05-23 17:29:07,627:INFO: Experiment Progress: 56.8% -- 295/519
2018-05-23 17:29:08,117:INFO: Experiment Progress: 57.0% -- 296/519
2018-05-23 17:29:08,583:INFO: Experiment Progress: 57.2% -- 297/519
2018-05-23 17:29:09,231:INFO: Experiment Progress: 57.4% -- 298/519
2018-05-23 17:29:11,320:INFO: Experiment Progress: 57.6% -- 299/519
2018-05-23 17:29:11,841:INFO: Experiment Progress: 57.8% -- 300/519
2018-05-23 17:29:12,573:INFO: Experiment Progress: 58.0% -- 301/519
2018-05-23 17:29:14,056:INFO: Experiment Progress: 58.2% -- 302/519
2018-05-23 17:29:14,503:INFO: Experiment Progress: 58.4% -- 303/519
2018-05-23 17:29:14,885:INFO: Experiment Progress: 58.6% -- 304/519
2018-05-23 17:29:15,287:INFO: Experiment Progress: 58.8% -- 305/519
2018-05-23 17:29:15,730:INFO: Experiment Progress: 59.0% -- 306/519
2018-05-23 17:29:16,269:INFO: Experiment Progress: 59.2% -- 307/519
2018-05-23 17:29:16,683:INFO: Experiment Progress: 59.3% -- 308/519
2018-05-23 17:29:17,187:INFO: Experiment Progress: 59.5% -- 309/519
2018-05-23 17:29:17,618:INFO: Experiment Progress: 59.7% -- 310/519
2018-05-23 17:29:18,053:INFO: Experiment Progress: 59.9% -- 311/519
2018-05-23 17:29:18,443:INFO: Experiment Progress: 60.1% -- 312/519
2018-05-23 17:29:18,838:INFO: Experiment Progress: 60.3% -- 313/519
2018-05-23 17:29:19,255:INFO: Experiment Progress: 60.5% -- 314/519
2018-05-23 17:29:19,843:INFO: Experiment Progress: 60.7% -- 315/519
2018-05-23 17:29:20,699:INFO: Experiment Progress: 60.9% -- 316/519
2018-05-23 17:29:22,141:INFO: Experiment Progress: 61.1% -- 317/519
2018-05-23 17:29:22,863:INFO: Experiment Progress: 61.3% -- 318/519
2018-05-23 17:29:23,791:INFO: Experiment Progress: 61.5% -- 319/519
2018-05-23 17:29:25,528:INFO: Experiment Progress: 61.7% -- 320/519
2018-05-23 17:29:27,861:INFO: Experiment Progress: 61.8% -- 321/519
2018-05-23 17:29:28,388:INFO: Experiment Progress: 62.0% -- 322/519
2018-05-23 17:29:29,273:INFO: Experiment Progress: 62.2% -- 323/519
2018-05-23 17:29:29,709:INFO: Experiment Progress: 62.4% -- 324/519
2018-05-23 17:29:30,189:INFO: Experiment Progress: 62.6% -- 325/519
2018-05-23 17:29:30,799:INFO: Experiment Progress: 62.8% -- 326/519
2018-05-23 17:29:31,433:INFO: Experiment Progress: 63.0% -- 327/519
2018-05-23 17:29:31,837:INFO: Experiment Progress: 63.2% -- 328/519
2018-05-23 17:29:33,000:INFO: Experiment Progress: 63.4% -- 329/519
2018-05-23 17:29:33,833:INFO: Experiment Progress: 63.6% -- 330/519
2018-05-23 17:29:34,740:INFO: Experiment Progress: 63.8% -- 331/519
2018-05-23 17:29:35,779:INFO: Experiment Progress: 64.0% -- 332/519
2018-05-23 17:29:36,970:INFO: Experiment Progress: 64.2% -- 333/519
2018-05-23 17:29:38,253:INFO: Experiment Progress: 64.4% -- 334/519
2018-05-23 17:29:38,768:INFO: Experiment Progress: 64.5% -- 335/519
2018-05-23 17:29:39,490:INFO: Experiment Progress: 64.7% -- 336/519
2018-05-23 17:29:40,680:INFO: Experiment Progress: 64.9% -- 337/519
2018-05-23 17:29:42,259:INFO: Experiment Progress: 65.1% -- 338/519
2018-05-23 17:29:42,748:INFO: Experiment Progress: 65.3% -- 339/519
2018-05-23 17:29:43,446:INFO: Experiment Progress: 65.5% -- 340/519
2018-05-23 17:29:43,869:INFO: Experiment Progress: 65.7% -- 341/519
2018-05-23 17:29:44,403:INFO: Experiment Progress: 65.9% -- 342/519
2018-05-23 17:29:44,983:INFO: Experiment Progress: 66.1% -- 343/519
2018-05-23 17:29:46,057:INFO: Experiment Progress: 66.3% -- 344/519
2018-05-23 17:29:46,837:INFO: Experiment Progress: 66.5% -- 345/519
2018-05-23 17:29:47,194:INFO: Experiment Progress: 66.7% -- 346/519
2018-05-23 17:29:47,590:INFO: Experiment Progress: 66.9% -- 347/519
2018-05-23 17:29:47,969:INFO: Experiment Progress: 67.1% -- 348/519
2018-05-23 17:29:48,766:INFO: Experiment Progress: 67.2% -- 349/519
2018-05-23 17:29:49,524:INFO: Experiment Progress: 67.4% -- 350/519
2018-05-23 17:29:49,908:INFO: Experiment Progress: 67.6% -- 351/519
2018-05-23 17:29:50,808:INFO: Experiment Progress: 67.8% -- 352/519
2018-05-23 17:29:51,274:INFO: Experiment Progress: 68.0% -- 353/519
2018-05-23 17:29:51,656:INFO: Experiment Progress: 68.2% -- 354/519
2018-05-23 17:29:52,317:INFO: Experiment Progress: 68.4% -- 355/519
2018-05-23 17:29:52,920:INFO: Experiment Progress: 68.6% -- 356/519
2018-05-23 17:29:53,444:INFO: Experiment Progress: 68.8% -- 357/519
2018-05-23 17:29:54,163:INFO: Experiment Progress: 69.0% -- 358/519
2018-05-23 17:29:54,828:INFO: Experiment Progress: 69.2% -- 359/519
2018-05-23 17:29:55,201:INFO: Experiment Progress: 69.4% -- 360/519
2018-05-23 17:29:55,622:INFO: Experiment Progress: 69.6% -- 361/519
2018-05-23 17:29:56,840:INFO: Experiment Progress: 69.7% -- 362/519
2018-05-23 17:29:57,225:INFO: Experiment Progress: 69.9% -- 363/519
2018-05-23 17:29:57,643:INFO: Experiment Progress: 70.1% -- 364/519
2018-05-23 17:29:58,059:INFO: Experiment Progress: 70.3% -- 365/519
2018-05-23 17:29:58,392:INFO: Experiment Progress: 70.5% -- 366/519
2018-05-23 17:29:59,094:INFO: Experiment Progress: 70.7% -- 367/519
2018-05-23 17:29:59,526:INFO: Experiment Progress: 70.9% -- 368/519
2018-05-23 17:30:00,848:INFO: Experiment Progress: 71.1% -- 369/519
2018-05-23 17:30:01,749:INFO: Experiment Progress: 71.3% -- 370/519
2018-05-23 17:30:02,106:INFO: Experiment Progress: 71.5% -- 371/519
2018-05-23 17:30:02,433:INFO: Experiment Progress: 71.7% -- 372/519
2018-05-23 17:30:04,084:INFO: Experiment Progress: 71.9% -- 373/519
2018-05-23 17:30:05,571:INFO: Experiment Progress: 72.1% -- 374/519
2018-05-23 17:30:07,263:INFO: Experiment Progress: 72.3% -- 375/519
2018-05-23 17:30:07,670:INFO: Experiment Progress: 72.4% -- 376/519
2018-05-23 17:30:08,228:INFO: Experiment Progress: 72.6% -- 377/519
2018-05-23 17:30:08,941:INFO: Experiment Progress: 72.8% -- 378/519
2018-05-23 17:30:09,416:INFO: Experiment Progress: 73.0% -- 379/519
2018-05-23 17:30:09,841:INFO: Experiment Progress: 73.2% -- 380/519
2018-05-23 17:30:10,610:INFO: Experiment Progress: 73.4% -- 381/519
2018-05-23 17:30:11,421:INFO: Experiment Progress: 73.6% -- 382/519
2018-05-23 17:30:11,899:INFO: Experiment Progress: 73.8% -- 383/519
2018-05-23 17:30:12,478:INFO: Experiment Progress: 74.0% -- 384/519
2018-05-23 17:30:13,285:INFO: Experiment Progress: 74.2% -- 385/519
2018-05-23 17:30:13,769:INFO: Experiment Progress: 74.4% -- 386/519
2018-05-23 17:30:14,321:INFO: Experiment Progress: 74.6% -- 387/519
2018-05-23 17:30:15,002:INFO: Experiment Progress: 74.8% -- 388/519
2018-05-23 17:30:16,020:INFO: Experiment Progress: 75.0% -- 389/519
2018-05-23 17:30:16,497:INFO: Experiment Progress: 75.1% -- 390/519
2018-05-23 17:30:18,832:INFO: Experiment Progress: 75.3% -- 391/519
2018-05-23 17:30:19,503:INFO: Experiment Progress: 75.5% -- 392/519
2018-05-23 17:30:20,265:INFO: Experiment Progress: 75.7% -- 393/519
2018-05-23 17:30:20,669:INFO: Experiment Progress: 75.9% -- 394/519
2018-05-23 17:30:21,232:INFO: Experiment Progress: 76.1% -- 395/519
2018-05-23 17:30:22,081:INFO: Experiment Progress: 76.3% -- 396/519
2018-05-23 17:30:22,690:INFO: Experiment Progress: 76.5% -- 397/519
2018-05-23 17:30:23,434:INFO: Experiment Progress: 76.7% -- 398/519
2018-05-23 17:30:23,871:INFO: Experiment Progress: 76.9% -- 399/519
2018-05-23 17:30:24,294:INFO: Experiment Progress: 77.1% -- 400/519
2018-05-23 17:30:24,812:INFO: Experiment Progress: 77.3% -- 401/519
2018-05-23 17:30:25,317:INFO: Experiment Progress: 77.5% -- 402/519
2018-05-23 17:30:25,865:INFO: Experiment Progress: 77.6% -- 403/519
2018-05-23 17:30:26,354:INFO: Experiment Progress: 77.8% -- 404/519
2018-05-23 17:30:27,330:INFO: Experiment Progress: 78.0% -- 405/519
2018-05-23 17:30:28,560:INFO: Experiment Progress: 78.2% -- 406/519
2018-05-23 17:30:28,987:INFO: Experiment Progress: 78.4% -- 407/519
2018-05-23 17:30:29,479:INFO: Experiment Progress: 78.6% -- 408/519
2018-05-23 17:30:30,305:INFO: Experiment Progress: 78.8% -- 409/519
2018-05-23 17:30:30,758:INFO: Experiment Progress: 79.0% -- 410/519
2018-05-23 17:30:31,527:INFO: Experiment Progress: 79.2% -- 411/519
2018-05-23 17:30:32,067:INFO: Experiment Progress: 79.4% -- 412/519
2018-05-23 17:30:32,756:INFO: Experiment Progress: 79.6% -- 413/519
2018-05-23 17:30:33,996:INFO: Experiment Progress: 79.8% -- 414/519
2018-05-23 17:30:34,404:INFO: Experiment Progress: 80.0% -- 415/519
2018-05-23 17:30:34,963:INFO: Experiment Progress: 80.2% -- 416/519
2018-05-23 17:30:35,387:INFO: Experiment Progress: 80.3% -- 417/519
2018-05-23 17:30:35,803:INFO: Experiment Progress: 80.5% -- 418/519
2018-05-23 17:30:36,321:INFO: Experiment Progress: 80.7% -- 419/519
2018-05-23 17:30:36,717:INFO: Experiment Progress: 80.9% -- 420/519
2018-05-23 17:30:37,130:INFO: Experiment Progress: 81.1% -- 421/519
2018-05-23 17:30:37,614:INFO: Experiment Progress: 81.3% -- 422/519
2018-05-23 17:30:38,116:INFO: Experiment Progress: 81.5% -- 423/519
2018-05-23 17:30:39,105:INFO: Experiment Progress: 81.7% -- 424/519
2018-05-23 17:30:39,538:INFO: Experiment Progress: 81.9% -- 425/519
2018-05-23 17:30:39,986:INFO: Experiment Progress: 82.1% -- 426/519
2018-05-23 17:30:41,612:INFO: Experiment Progress: 82.3% -- 427/519
2018-05-23 17:30:42,036:INFO: Experiment Progress: 82.5% -- 428/519
2018-05-23 17:30:42,586:INFO: Experiment Progress: 82.7% -- 429/519
2018-05-23 17:30:42,979:INFO: Experiment Progress: 82.9% -- 430/519
2018-05-23 17:30:43,648:INFO: Experiment Progress: 83.0% -- 431/519
2018-05-23 17:30:44,360:INFO: Experiment Progress: 83.2% -- 432/519
2018-05-23 17:30:45,042:INFO: Experiment Progress: 83.4% -- 433/519
2018-05-23 17:30:46,388:INFO: Experiment Progress: 83.6% -- 434/519
2018-05-23 17:30:47,991:INFO: Experiment Progress: 83.8% -- 435/519
2018-05-23 17:30:48,528:INFO: Experiment Progress: 84.0% -- 436/519
2018-05-23 17:30:49,356:INFO: Experiment Progress: 84.2% -- 437/519
2018-05-23 17:30:49,780:INFO: Experiment Progress: 84.4% -- 438/519
2018-05-23 17:30:50,248:INFO: Experiment Progress: 84.6% -- 439/519
2018-05-23 17:30:51,177:INFO: Experiment Progress: 84.8% -- 440/519
2018-05-23 17:30:51,770:INFO: Experiment Progress: 85.0% -- 441/519
2018-05-23 17:30:52,189:INFO: Experiment Progress: 85.2% -- 442/519
2018-05-23 17:30:52,587:INFO: Experiment Progress: 85.4% -- 443/519
2018-05-23 17:30:53,083:INFO: Experiment Progress: 85.5% -- 444/519
2018-05-23 17:30:53,542:INFO: Experiment Progress: 85.7% -- 445/519
2018-05-23 17:30:53,971:INFO: Experiment Progress: 85.9% -- 446/519
2018-05-23 17:30:54,497:INFO: Experiment Progress: 86.1% -- 447/519
2018-05-23 17:30:54,932:INFO: Experiment Progress: 86.3% -- 448/519
2018-05-23 17:30:55,325:INFO: Experiment Progress: 86.5% -- 449/519
2018-05-23 17:30:55,846:INFO: Experiment Progress: 86.7% -- 450/519
2018-05-23 17:30:56,225:INFO: Experiment Progress: 86.9% -- 451/519
2018-05-23 17:30:56,637:INFO: Experiment Progress: 87.1% -- 452/519
2018-05-23 17:30:57,158:INFO: Experiment Progress: 87.3% -- 453/519
2018-05-23 17:30:57,564:INFO: Experiment Progress: 87.5% -- 454/519
2018-05-23 17:30:58,327:INFO: Experiment Progress: 87.7% -- 455/519
2018-05-23 17:30:58,760:INFO: Experiment Progress: 87.9% -- 456/519
2018-05-23 17:30:59,315:INFO: Experiment Progress: 88.1% -- 457/519
2018-05-23 17:30:59,722:INFO: Experiment Progress: 88.2% -- 458/519
2018-05-23 17:31:00,426:INFO: Experiment Progress: 88.4% -- 459/519
2018-05-23 17:31:01,226:INFO: Experiment Progress: 88.6% -- 460/519
2018-05-23 17:31:01,770:INFO: Experiment Progress: 88.8% -- 461/519
2018-05-23 17:31:04,521:INFO: Experiment Progress: 89.0% -- 462/519
2018-05-23 17:31:05,135:INFO: Experiment Progress: 89.2% -- 463/519
2018-05-23 17:31:05,875:INFO: Experiment Progress: 89.4% -- 464/519
2018-05-23 17:31:07,020:INFO: Experiment Progress: 89.6% -- 465/519
2018-05-23 17:31:07,399:INFO: Experiment Progress: 89.8% -- 466/519
2018-05-23 17:31:07,799:INFO: Experiment Progress: 90.0% -- 467/519
2018-05-23 17:31:08,247:INFO: Experiment Progress: 90.2% -- 468/519
2018-05-23 17:31:08,879:INFO: Experiment Progress: 90.4% -- 469/519
2018-05-23 17:31:09,539:INFO: Experiment Progress: 90.6% -- 470/519
2018-05-23 17:31:10,359:INFO: Experiment Progress: 90.8% -- 471/519
2018-05-23 17:31:10,841:INFO: Experiment Progress: 90.9% -- 472/519
2018-05-23 17:31:15,614:INFO: Experiment Progress: 91.1% -- 473/519
2018-05-23 17:31:16,360:INFO: Experiment Progress: 91.3% -- 474/519
2018-05-23 17:31:16,834:INFO: Experiment Progress: 91.5% -- 475/519
2018-05-23 17:31:17,632:INFO: Experiment Progress: 91.7% -- 476/519
2018-05-23 17:31:18,114:INFO: Experiment Progress: 91.9% -- 477/519
2018-05-23 17:31:18,900:INFO: Experiment Progress: 92.1% -- 478/519
2018-05-23 17:31:19,471:INFO: Experiment Progress: 92.3% -- 479/519
2018-05-23 17:31:23,222:INFO: Experiment Progress: 92.5% -- 480/519
2018-05-23 17:31:24,039:INFO: Experiment Progress: 92.7% -- 481/519
2018-05-23 17:31:24,739:INFO: Experiment Progress: 92.9% -- 482/519
2018-05-23 17:31:25,205:INFO: Experiment Progress: 93.1% -- 483/519
2018-05-23 17:31:26,158:INFO: Experiment Progress: 93.3% -- 484/519
2018-05-23 17:31:27,680:INFO: Experiment Progress: 93.4% -- 485/519
2018-05-23 17:31:28,214:INFO: Experiment Progress: 93.6% -- 486/519
2018-05-23 17:31:28,779:INFO: Experiment Progress: 93.8% -- 487/519
2018-05-23 17:31:29,270:INFO: Experiment Progress: 94.0% -- 488/519
2018-05-23 17:31:29,921:INFO: Experiment Progress: 94.2% -- 489/519
2018-05-23 17:31:30,364:INFO: Experiment Progress: 94.4% -- 490/519
2018-05-23 17:31:30,953:INFO: Experiment Progress: 94.6% -- 491/519
2018-05-23 17:31:31,342:INFO: Experiment Progress: 94.8% -- 492/519
2018-05-23 17:31:31,735:INFO: Experiment Progress: 95.0% -- 493/519
2018-05-23 17:31:32,107:INFO: Experiment Progress: 95.2% -- 494/519
2018-05-23 17:31:32,566:INFO: Experiment Progress: 95.4% -- 495/519
2018-05-23 17:31:33,799:INFO: Experiment Progress: 95.6% -- 496/519
2018-05-23 17:31:34,195:INFO: Experiment Progress: 95.8% -- 497/519
2018-05-23 17:31:34,671:INFO: Experiment Progress: 96.0% -- 498/519
2018-05-23 17:31:35,129:INFO: Experiment Progress: 96.1% -- 499/519
2018-05-23 17:31:36,428:INFO: Experiment Progress: 96.3% -- 500/519
2018-05-23 17:31:36,859:INFO: Experiment Progress: 96.5% -- 501/519
2018-05-23 17:31:37,782:INFO: Experiment Progress: 96.7% -- 502/519
2018-05-23 17:31:38,266:INFO: Experiment Progress: 96.9% -- 503/519
2018-05-23 17:31:38,765:INFO: Experiment Progress: 97.1% -- 504/519
2018-05-23 17:31:39,212:INFO: Experiment Progress: 97.3% -- 505/519
2018-05-23 17:31:39,865:INFO: Experiment Progress: 97.5% -- 506/519
2018-05-23 17:31:40,272:INFO: Experiment Progress: 97.7% -- 507/519
2018-05-23 17:31:40,677:INFO: Experiment Progress: 97.9% -- 508/519
2018-05-23 17:31:41,899:INFO: Experiment Progress: 98.1% -- 509/519
2018-05-23 17:31:42,700:INFO: Experiment Progress: 98.3% -- 510/519
2018-05-23 17:31:43,191:INFO: Experiment Progress: 98.5% -- 511/519
2018-05-23 17:31:44,959:INFO: Experiment Progress: 98.7% -- 512/519
2018-05-23 17:31:45,876:INFO: Experiment Progress: 98.8% -- 513/519
2018-05-23 17:31:46,314:INFO: Experiment Progress: 99.0% -- 514/519
2018-05-23 17:31:46,777:INFO: Experiment Progress: 99.2% -- 515/519
2018-05-23 17:31:47,252:INFO: Experiment Progress: 99.4% -- 516/519
2018-05-23 17:31:47,703:INFO: Experiment Progress: 99.6% -- 517/519
2018-05-23 17:31:48,770:INFO: Experiment Progress: 99.8% -- 518/519
2018-05-27 21:16:12,921:INFO: Disease Protein Prediction in the PPI Network
2018-05-27 21:16:12,922:INFO: Sabri Eyuboglu  -- SNAP Group
2018-05-27 21:16:12,923:INFO: ======================================
2018-05-27 21:16:12,923:INFO: Loading PPI Network...
