2018-05-28 14:35:26,410:INFO: Subgraphs in Disease Pathways
2018-05-28 14:35:26,411:INFO: Sabri Eyuboglu  -- SNAP Group
2018-05-28 14:35:26,411:INFO: ======================================
2018-05-28 14:35:26,411:INFO: Loading PPI Network...
2018-05-28 14:35:41,048:INFO: Subgraphs in Disease Pathways
2018-05-28 14:35:41,048:INFO: Sabri Eyuboglu  -- SNAP Group
2018-05-28 14:35:41,048:INFO: ======================================
2018-05-28 14:35:41,048:INFO: Loading PPI Network...
2018-05-28 14:36:01,065:INFO: Loading Disease Associations...
2018-05-28 14:36:01,101:INFO: Loading Protein Names...
2018-05-28 14:36:50,468:INFO: Subgraphs in Disease Pathways
2018-05-28 14:36:50,468:INFO: Sabri Eyuboglu  -- SNAP Group
2018-05-28 14:36:50,468:INFO: ======================================
2018-05-28 14:36:50,468:INFO: Loading PPI Network...
2018-05-28 14:37:10,122:INFO: Loading Disease Associations...
2018-05-28 14:37:10,162:INFO: Loading Protein Names...
2018-05-28 14:37:10,268:INFO: Loading PPI Matrix...
2018-05-28 14:37:17,009:INFO: Loading Protein Ranks
2018-05-28 14:38:32,453:INFO: Subgraphs in Disease Pathways
2018-05-28 14:38:32,453:INFO: Sabri Eyuboglu  -- SNAP Group
2018-05-28 14:38:32,453:INFO: ======================================
2018-05-28 14:38:32,453:INFO: Loading PPI Network...
2018-05-28 14:38:54,399:INFO: Loading Disease Associations...
2018-05-28 14:38:54,432:INFO: Loading Protein Names...
2018-05-28 14:38:54,520:INFO: Loading PPI Matrix...
2018-05-28 14:39:01,388:INFO: Loading Protein Ranks
2018-05-28 14:39:34,950:INFO: Subgraphs in Disease Pathways
2018-05-28 14:39:34,950:INFO: Sabri Eyuboglu  -- SNAP Group
2018-05-28 14:39:34,950:INFO: ======================================
2018-05-28 14:39:34,950:INFO: Loading PPI Network...
2018-05-28 14:39:59,311:INFO: Loading Disease Associations...
2018-05-28 14:39:59,341:INFO: Loading Protein Names...
2018-05-28 14:39:59,435:INFO: Loading PPI Matrix...
2018-05-28 14:40:04,815:INFO: Loading Protein Ranks
2018-05-28 14:41:04,494:INFO: Subgraphs in Disease Pathways
2018-05-28 14:41:04,494:INFO: Sabri Eyuboglu  -- SNAP Group
2018-05-28 14:41:04,494:INFO: ======================================
2018-05-28 14:41:04,495:INFO: Loading PPI Network...
2018-05-28 14:41:26,573:INFO: Loading Disease Associations...
2018-05-28 14:41:26,604:INFO: Loading Protein Names...
2018-05-28 14:41:26,690:INFO: Loading PPI Matrix...
2018-05-28 14:41:31,537:INFO: Loading Protein Ranks
2018-05-28 14:41:31,592:INFO: Running Experiment...
2018-05-28 14:41:31,593:INFO: 1: Hydrops Fetalis, Non-Immune
2018-05-28 14:43:46,820:INFO: Subgraphs in Disease Pathways
2018-05-28 14:43:46,820:INFO: Sabri Eyuboglu  -- SNAP Group
2018-05-28 14:43:46,820:INFO: ======================================
2018-05-28 14:43:46,820:INFO: Loading PPI Network...
2018-05-28 14:44:06,253:INFO: Loading Disease Associations...
2018-05-28 14:44:06,289:INFO: Loading Protein Names...
2018-05-28 14:44:06,384:INFO: Loading PPI Matrix...
2018-05-28 14:44:10,656:INFO: Loading Protein Ranks
2018-05-28 14:44:10,798:INFO: Running Experiment...
2018-05-28 14:44:10,800:INFO: 1: Hydrops Fetalis, Non-Immune
2018-05-28 14:44:37,136:INFO: Subgraphs in Disease Pathways
2018-05-28 14:44:37,137:INFO: Sabri Eyuboglu  -- SNAP Group
2018-05-28 14:44:37,137:INFO: ======================================
2018-05-28 14:44:37,137:INFO: Loading PPI Network...
2018-05-28 14:44:57,494:INFO: Loading Disease Associations...
2018-05-28 14:44:57,526:INFO: Loading Protein Names...
2018-05-28 14:44:57,623:INFO: Loading PPI Matrix...
2018-05-28 14:45:03,996:INFO: Loading Protein Ranks
2018-05-28 14:45:04,046:INFO: Running Experiment...
2018-05-28 14:45:04,047:INFO: 1: Hydrops Fetalis, Non-Immune
2018-05-28 14:45:54,229:INFO: Subgraphs in Disease Pathways
2018-05-28 14:45:54,229:INFO: Sabri Eyuboglu  -- SNAP Group
2018-05-28 14:45:54,229:INFO: ======================================
2018-05-28 14:45:54,229:INFO: Loading PPI Network...
2018-05-28 14:46:14,726:INFO: Loading Disease Associations...
2018-05-28 14:46:14,762:INFO: Loading Protein Names...
2018-05-28 14:46:14,856:INFO: Loading PPI Matrix...
2018-05-28 14:46:20,981:INFO: Loading Protein Ranks
2018-05-28 14:46:21,039:INFO: Running Experiment...
2018-05-28 14:46:21,040:INFO: 1: Hydrops Fetalis, Non-Immune
2018-05-28 14:46:21,499:INFO: 2: Psychoses, Substance-Induced
2018-05-28 14:46:22,858:INFO: 3: Zellweger Syndrome
2018-05-28 14:46:23,263:INFO: 4: Psoriasis
2018-05-28 14:46:26,190:INFO: 5: Nephrotic Syndrome
2018-05-28 14:46:26,998:INFO: 6: Nephrosis
2018-05-28 14:46:27,690:INFO: 7: Mouth Diseases
2018-05-28 14:46:28,351:INFO: 8: MITOCHONDRIAL COMPLEX I DEFICIENCY
2018-05-28 14:46:29,074:INFO: 9: Substance-Related Disorders
2018-05-28 14:46:30,628:INFO: 10: Anemia, Hemolytic
2018-05-28 14:46:31,046:INFO: 11: Rheumatoid Arthritis
2018-05-28 14:46:35,720:INFO: 12: Arthritis, Psoriatic
2018-05-28 14:46:36,268:INFO: 13: Anemia
2018-05-28 14:46:36,911:INFO: 14: Cholangiocarcinoma
2018-05-28 14:46:38,887:INFO: 15: Neuroendocrine Tumors
2018-05-28 14:46:39,334:INFO: 16: Malaria
2018-05-28 14:46:39,912:INFO: 17: Hyperhomocysteinemia
2018-05-28 14:46:40,579:INFO: 18: HIV Infections
2018-05-28 14:46:45,962:INFO: 19: Ankylosing spondylitis
2018-05-28 14:46:46,323:INFO: 20: Adenoid Cystic Carcinoma
2018-05-28 14:46:49,631:INFO: 21: Juvenile arthritis
2018-05-28 14:46:52,221:INFO: 22: Neoplasms, Experimental
2018-05-28 14:46:54,169:INFO: 23: Neoplasms, Germ Cell and Embryonal
2018-05-28 14:46:54,586:INFO: 24: Alopecia Areata
2018-05-28 14:46:54,941:INFO: 25: Alopecia
2018-05-28 14:46:55,700:INFO: 26: Bradycardia
2018-05-28 14:46:56,204:INFO: 27: Common Variable Immunodeficiency
2018-05-28 14:46:57,200:INFO: 28: Glomerulonephritis
2018-05-28 14:46:58,147:INFO: 29: Alcoholic Intoxication, Chronic
2018-05-28 14:46:58,717:INFO: 30: Lung Injury
2018-05-28 14:47:00,021:INFO: 31: Hypercalcemia
2018-05-28 14:47:00,347:INFO: 32: Cerebrovascular accident
2018-05-28 14:47:01,453:INFO: 33: Diaphragmatic Hernia
2018-05-28 14:47:02,783:INFO: 34: Prostatic Intraepithelial Neoplasias
2018-05-28 14:47:04,367:INFO: 35: Migraine Disorders
2018-05-28 14:47:05,400:INFO: 36: Restless Legs Syndrome
2018-05-28 14:47:05,649:INFO: 37: Brugada Syndrome (disorder)
2018-05-28 14:47:06,065:INFO: 38: Pathological accumulation of air in tissues
2018-05-28 14:47:07,629:INFO: 39: Craniosynostosis
2018-05-28 14:47:08,076:INFO: 40: Head and Neck Neoplasms
2018-05-28 14:47:09,381:INFO: 41: Brain Neoplasms
2018-05-28 14:47:10,796:INFO: 42: Hearing Loss, Partial
2018-05-28 14:47:11,155:INFO: 43: Chromosome Aberrations
2018-05-28 14:47:11,916:INFO: 44: Chronic Lymphocytic Leukemia
2018-05-28 14:47:14,748:INFO: 45: Refractive Errors
2018-05-28 14:47:15,068:INFO: 46: Hepatitis C
2018-05-28 14:47:15,543:INFO: 47: Mesothelioma
2018-05-28 14:47:18,101:INFO: 48: Noise-induced hearing loss
2018-05-28 14:47:18,357:INFO: 49: Inflammatory dermatosis
2018-05-28 14:47:19,409:INFO: 50: Kallmann Syndrome
2018-05-28 14:47:19,749:INFO: 51: Lipoidosis
2018-05-28 14:47:20,394:INFO: 52: Diabetes Mellitus
2018-05-28 14:47:21,753:INFO: 53: Fibrosis
2018-05-28 14:47:23,138:INFO: 54: Hypercholesterolemia
2018-05-28 14:47:24,097:INFO: 55: Microcephaly
2018-05-28 14:47:25,255:INFO: 56: Tongue Neoplasms
2018-05-28 14:47:25,783:INFO: 57: Common Migraine
2018-05-28 14:47:26,269:INFO: 58: Carotid Artery Diseases
2018-05-28 14:47:26,874:INFO: 59: Growth Disorders
2018-05-28 14:47:27,857:INFO: 60: Absence Epilepsy
2018-05-28 14:47:28,150:INFO: 61: Epilepsy, Temporal Lobe
2018-05-28 14:47:28,695:INFO: 62: Memory Disorders
2018-05-28 14:47:30,226:INFO: 63: Catalepsy
2018-05-28 14:47:30,554:INFO: 64: Hereditary Nonpolyposis Colorectal Cancer
2018-05-28 14:47:31,546:INFO: 65: Acute Promyelocytic Leukemia
2018-05-28 14:47:32,965:INFO: 66: Precursor B-Cell Lymphoblastic Leukemia-Lymphoma
2018-05-28 14:47:33,520:INFO: 67: Gout
2018-05-28 14:47:34,044:INFO: 68: Coronary Artery Disease
2018-05-28 14:47:35,819:INFO: 69: Venous Thromboembolism
2018-05-28 14:47:36,311:INFO: 70: Precancerous Conditions
2018-05-28 14:47:38,615:INFO: 71: Crohn Disease
2018-05-28 14:47:40,510:INFO: 72: Uterine Cervical Neoplasm
2018-05-28 14:47:41,799:INFO: 73: Dyskinesia, Drug-Induced
2018-05-28 14:47:42,127:INFO: 74: Ataxia, Spinocerebellar
2018-05-28 14:47:43,029:INFO: 75: Optic Atrophy, Hereditary, Leber
2018-05-28 14:47:43,441:INFO: 76: Liver Cirrhosis, Alcoholic
2018-05-28 14:47:44,279:INFO: 77: Acute Lung Injury
2018-05-28 14:47:44,918:INFO: 78: Liver Cirrhosis, Experimental
2018-05-28 14:47:48,762:INFO: 79: Chloracne
2018-05-28 14:47:50,149:INFO: 80: Liver diseases
2018-05-28 14:47:52,139:INFO: 81: Kidney Failure, Chronic
2018-05-28 14:47:54,092:INFO: 82: Weight decreased
2018-05-28 14:47:54,458:INFO: 83: Leigh Disease
2018-05-28 14:47:55,271:INFO: 84: Celiac Disease
2018-05-28 14:47:55,880:INFO: 85: Glaucoma
2018-05-28 14:47:56,403:INFO: 86: Tachycardia
2018-05-28 14:47:56,802:INFO: 87: Breast Cancer, Familial
2018-05-28 14:47:58,232:INFO: 88: Ischemia
2018-05-28 14:47:59,959:INFO: 89: Adenomatous Polyposis Coli
2018-05-28 14:48:00,663:INFO: 90: Thyroid Diseases
2018-05-28 14:48:01,200:INFO: 91: Panic Disorder
2018-05-28 14:48:01,745:INFO: 92: Colorectal Neoplasms
2018-05-28 14:48:06,492:INFO: 93: Adrenal Gland Neoplasms
2018-05-28 14:48:07,807:INFO: 94: Sudden infant death syndrome
2018-05-28 14:48:08,106:INFO: 95: Neuroblastoma
2018-05-28 14:48:10,571:INFO: 96: Prostate cancer, familial
2018-05-28 14:48:11,206:INFO: 97: Animal Mammary Neoplasms
2018-05-28 14:48:16,496:INFO: 98: Osteochondrodysplasias
2018-05-28 14:48:17,146:INFO: 99: Hepatolenticular Degeneration
2018-05-28 14:48:18,085:INFO: 100: Fanconi Anemia
2018-05-28 14:48:18,817:INFO: 101: Eye Abnormalities
2018-05-28 14:48:19,395:INFO: 102: Limb Deformities, Congenital
2018-05-28 14:48:20,272:INFO: 103: Electrocardiogram: P-R interval
2018-05-28 14:48:20,919:INFO: 104: Mammary Neoplasms, Experimental
2018-05-28 14:48:27,653:INFO: 105: Heart valve disease
2018-05-28 14:48:28,337:INFO: 106: Diffuse Large B-Cell Lymphoma
2018-05-28 14:48:30,484:INFO: 107: Hepatitis
2018-05-28 14:48:31,022:INFO: 108: Impaired glucose tolerance
2018-05-28 14:48:31,891:INFO: 109: Mitochondrial Encephalomyopathies
2018-05-28 14:48:32,350:INFO: 110: Colon Carcinoma
2018-05-28 14:48:33,812:INFO: 111: Hepatic Encephalopathy
2018-05-28 14:48:34,311:INFO: 112: Multiple Sclerosis
2018-05-28 14:48:36,491:INFO: 113: Neurogenic Inflammation
2018-05-28 14:48:38,010:INFO: 114: Lupus Erythematosus, Systemic
2018-05-28 14:48:39,845:INFO: 115: Ceroid lipofuscinosis, neuronal 1, infantile
2018-05-28 14:48:40,823:INFO: 116: Adenocarcinoma of lung (disorder)
2018-05-28 14:48:44,213:INFO: 117: Charcot-Marie-Tooth Disease
2018-05-28 14:48:45,758:INFO: 118: Osteogenesis imperfecta type III (disorder)
2018-05-28 14:48:46,215:INFO: 119: Osteogenesis imperfecta type IV (disorder)
2018-05-28 14:48:46,778:INFO: 120: Hepatitis, Autoimmune
2018-05-28 14:48:47,177:INFO: 121: Prostatic Neoplasms
2018-05-28 14:48:56,020:INFO: 122: NADH:Q(1) Oxidoreductase deficiency
2018-05-28 14:48:57,309:INFO: 123: Hypospadias
2018-05-28 14:48:58,383:INFO: 124: Multiple Myeloma
2018-05-28 14:49:00,595:INFO: 125: Fatty Liver
2018-05-28 14:49:03,355:INFO: 126: Leishmaniasis, Visceral
2018-05-28 14:49:03,960:INFO: 127: Early infantile epileptic encephalopathy with suppression bursts
2018-05-28 14:49:04,621:INFO: 128: Kartagener Syndrome
2018-05-28 14:49:05,015:INFO: 129: Malignant lymphoma, lymphocytic, intermediate differentiation, diffuse
2018-05-28 14:49:06,290:INFO: 130: Bipolar Disorder
2018-05-28 14:49:08,436:INFO: 131: Erectile dysfunction
2018-05-28 14:49:08,908:INFO: 132: Meckel-Gruber syndrome
2018-05-28 14:49:09,642:INFO: 133: Colonic Neoplasms
2018-05-28 14:49:14,448:INFO: 134: Autistic Disorder
2018-05-28 14:49:19,579:INFO: 135: Liver Neoplasms, Experimental
2018-05-28 14:49:21,795:INFO: 136: Precursor T-Cell Lymphoblastic Leukemia-Lymphoma
2018-05-28 14:49:23,411:INFO: 137: Narcolepsy
2018-05-28 14:49:23,784:INFO: 138: Fever
2018-05-28 14:49:24,349:INFO: 139: Adenocarcinoma
2018-05-28 14:49:28,839:INFO: 140: Aortic Valve Insufficiency
2018-05-28 14:49:29,211:INFO: 141: Carcinoma, Pancreatic Ductal
2018-05-28 14:49:30,324:INFO: 142: Infarction, Middle Cerebral Artery
2018-05-28 14:49:31,390:INFO: 143: Hypertensive disease
2018-05-28 14:49:36,362:INFO: 144: Juvenile Myelomonocytic Leukemia
2018-05-28 14:49:37,074:INFO: 145: Leprosy
2018-05-28 14:49:37,613:INFO: 146: Myocardial Infarction
2018-05-28 14:49:40,722:INFO: 147: Urticaria
2018-05-28 14:49:41,634:INFO: 148: Cardiac Arrhythmia
2018-05-28 14:49:42,288:INFO: 149: Hemochromatosis
2018-05-28 14:49:42,832:INFO: 150: Pancreatic Neoplasm
2018-05-28 14:49:45,775:INFO: 151: Cardiomyopathy, Dilated
2018-05-28 14:49:47,651:INFO: 152: Papilloma
2018-05-28 14:49:48,547:INFO: 153: Pain
2018-05-28 14:49:49,339:INFO: 154: Congenital Abnormality
2018-05-28 14:49:49,784:INFO: 155: MYCOBACTERIUM TUBERCULOSIS, SUSCEPTIBILITY TO (finding)
2018-05-28 14:49:50,431:INFO: 156: Kidney Diseases
2018-05-28 14:49:52,386:INFO: 157: Lung Diseases, Interstitial
2018-05-28 14:49:52,986:INFO: 158: Basal cell carcinoma
2018-05-28 14:49:53,907:INFO: 159: Liver carcinoma
2018-05-28 14:49:59,798:INFO: 160: gliosarcoma
2018-05-28 14:50:00,968:INFO: 161: Acute Coronary Syndrome
2018-05-28 14:50:03,770:INFO: 162: Ovarian Cysts
2018-05-28 14:50:05,670:INFO: 163: Schizophrenia, Childhood
2018-05-28 14:50:06,594:INFO: 164: Adrenocortical carcinoma
2018-05-28 14:50:08,292:INFO: 165: Schizophrenia
2018-05-28 14:50:13,734:INFO: 166: Atrophic
2018-05-28 14:50:14,342:INFO: 167: Idiopathic Pulmonary Fibrosis
2018-05-28 14:50:14,737:INFO: 168: Lobar Holoprosencephaly
2018-05-28 14:50:15,048:INFO: 169: Alobar Holoprosencephaly
2018-05-28 14:50:15,389:INFO: 170: Immunologic Deficiency Syndromes
2018-05-28 14:50:16,024:INFO: 171: Ataxia
2018-05-28 14:50:16,393:INFO: 172: Adenocarcinoma Of Esophagus
2018-05-28 14:50:17,418:INFO: 173: Retinitis Pigmentosa
2018-05-28 14:50:19,157:INFO: 174: Squamous cell carcinoma of esophagus
2018-05-28 14:50:22,757:INFO: 175: Autoimmune Diseases
2018-05-28 14:50:24,594:INFO: 176: Diarrhea
2018-05-28 14:50:24,867:INFO: 177: Myocardial Ischemia
2018-05-28 14:50:29,332:INFO: 178: Essential Hypertension
2018-05-28 14:50:29,760:INFO: 179: Hepatomegaly
2018-05-28 14:50:30,232:INFO: 180: Myopathy
2018-05-28 14:50:30,800:INFO: 181: Adverse reaction to drug
2018-05-28 14:50:32,170:INFO: 182: Myoclonic Epilepsies, Progressive
2018-05-28 14:50:32,485:INFO: 183: Muscular Atrophy
2018-05-28 14:50:33,462:INFO: 184: Basal Ganglia Diseases
2018-05-28 14:50:33,779:INFO: 185: Hepatitis B
2018-05-28 14:50:34,193:INFO: 186: Lung diseases
2018-05-28 14:50:35,531:INFO: 187: Chronic Obstructive Airway Disease
2018-05-28 14:50:36,930:INFO: 188: Peripheral Neuropathy
2018-05-28 14:50:42,172:INFO: 189: Weight Gain
2018-05-28 14:50:45,213:INFO: 190: Deafness
2018-05-28 14:50:45,579:INFO: 191: Renal dysplasia and retinal aplasia (disorder)
2018-05-28 14:50:46,244:INFO: 192: Attention deficit hyperactivity disorder
2018-05-28 14:50:46,766:INFO: 193: Tetralogy of Fallot
2018-05-28 14:50:47,242:INFO: 194: Neurodegenerative Disorders
2018-05-28 14:50:48,963:INFO: 195: Barrett Esophagus
2018-05-28 14:50:49,509:INFO: 196: Craniofacial Abnormalities
2018-05-28 14:50:53,023:INFO: 197: Necrotizing Enterocolitis
2018-05-28 14:50:53,910:INFO: 198: Hyperlipidemia
2018-05-28 14:50:54,543:INFO: 199: MYELODYSPLASTIC SYNDROME
2018-05-28 14:50:55,745:INFO: 200: Anoxia
2018-05-28 14:50:58,141:INFO: 201: Small cell carcinoma of lung
2018-05-28 14:51:00,681:INFO: 202: Epilepsy
2018-05-28 14:51:02,517:INFO: 203: Liver Failure, Acute
2018-05-28 14:51:03,312:INFO: 204: Micronuclei, Chromosome-Defective
2018-05-28 14:51:04,324:INFO: 205: Cognition Disorders
2018-05-28 14:51:05,228:INFO: 206: Tonic-Clonic Epilepsy
2018-05-28 14:51:05,561:INFO: 207: Heart Diseases
2018-05-28 14:51:07,175:INFO: 208: Adult T-Cell Lymphoma/Leukemia
2018-05-28 14:51:08,736:INFO: 209: Primary biliary cirrhosis
2018-05-28 14:51:09,191:INFO: 210: beta Thalassemia
2018-05-28 14:51:09,634:INFO: 211: Marijuana Abuse
2018-05-28 14:51:10,495:INFO: 212: Long QT Syndrome
2018-05-28 14:51:11,361:INFO: 213: Burkitt Lymphoma
2018-05-28 14:51:12,412:INFO: 214: TOBACCO ADDICTION, SUSCEPTIBILITY TO (finding)
2018-05-28 14:51:12,703:INFO: 215: Insulin Resistance
2018-05-28 14:51:14,701:INFO: 216: Left Ventricular Hypertrophy
2018-05-28 14:51:15,900:INFO: 217: Bronchial Hyperreactivity
2018-05-28 14:51:16,171:INFO: 218: AMYOTROPHIC LATERAL SCLEROSIS 1
2018-05-28 14:51:17,889:INFO: 219: Fetal Growth Retardation
2018-05-28 14:51:18,268:INFO: 220: Holoprosencephaly
2018-05-28 14:51:18,531:INFO: 221: Arthritis, Experimental
2018-05-28 14:51:20,080:INFO: 222: Congenital Heart Defects
2018-05-28 14:51:21,034:INFO: 223: Pseudohypoaldosteronism
2018-05-28 14:51:21,560:INFO: 224: Cataract
2018-05-28 14:51:22,337:INFO: 225: Giant Cell Glioblastoma
2018-05-28 14:51:23,871:INFO: 226: Seizure Adverse Event
2018-05-28 14:51:24,304:INFO: 227: Body Weight
2018-05-28 14:51:24,668:INFO: 228: Huntington Disease
2018-05-28 14:51:25,182:INFO: 229: Glioblastoma
2018-05-28 14:51:28,234:INFO: 230: Congenital diaphragmatic hernia
2018-05-28 14:51:28,729:INFO: 231: Systemic Scleroderma
2018-05-28 14:51:29,465:INFO: 232: Acute kidney injury
2018-05-28 14:51:31,651:INFO: 233: Copper-Overload Cirrhosis
2018-05-28 14:51:32,544:INFO: 234: Spontaneous abortion
2018-05-28 14:51:34,154:INFO: 235: Glioma
2018-05-28 14:51:37,952:INFO: 236: Gliosis
2018-05-28 14:51:39,172:INFO: 237: LEIGH SYNDROME DUE TO MITOCHONDRIAL COMPLEX I DEFICIENCY
2018-05-28 14:51:39,600:INFO: 238: Dementia
2018-05-28 14:51:40,305:INFO: 239: Pancreatitis
2018-05-28 14:51:40,790:INFO: 240: Amino Acid Metabolism, Inborn Errors
2018-05-28 14:51:41,192:INFO: 241: Thyroid Neoplasm
2018-05-28 14:51:42,616:INFO: 242: Neoplasm Invasiveness
2018-05-28 14:51:47,242:INFO: 243: Neoplasm Metastasis
2018-05-28 14:51:52,563:INFO: 244: Albuminuria
2018-05-28 14:51:53,026:INFO: 245: Pre-Eclampsia
2018-05-28 14:51:53,455:INFO: 246: Nerve Degeneration
2018-05-28 14:51:56,227:INFO: 247: Thromboembolism
2018-05-28 14:51:56,535:INFO: 248: Polycystic Ovary Syndrome
2018-05-28 14:51:59,466:INFO: 249: Transient Ischemic Attack
2018-05-28 14:51:59,950:INFO: 250: Brain Ischemia
2018-05-28 14:52:02,839:INFO: 251: Cerebral Infarction
2018-05-28 14:52:03,169:INFO: 252: Malignant neoplasm of esophagus
2018-05-28 14:52:04,069:INFO: 253: Degenerative polyarthritis
2018-05-28 14:52:08,393:INFO: 254: Osteitis Deformans
2018-05-28 14:52:08,813:INFO: 255: Diabetic Cardiomyopathies
2018-05-28 14:52:09,167:INFO: 256: Nuclear cataract
2018-05-28 14:52:09,488:INFO: 257: Anorexia
2018-05-28 14:52:09,963:INFO: 258: Cocaine-Related Disorders
2018-05-28 14:52:12,418:INFO: 259: MELAS Syndrome
2018-05-28 14:52:12,943:INFO: 260: Mitochondrial Myopathies
2018-05-28 14:52:13,434:INFO: 261: Amphetamine-Related Disorders
2018-05-28 14:52:15,240:INFO: 262: Birth Weight
2018-05-28 14:52:15,474:INFO: 263: Brain Diseases
2018-05-28 14:52:16,126:INFO: 264: Dyslipidemias
2018-05-28 14:52:16,772:INFO: 265: Berylliosis
2018-05-28 14:52:17,166:INFO: 266: Mental Retardation, X-Linked
2018-05-28 14:52:17,647:INFO: 267: Sarcoidosis
2018-05-28 14:52:18,008:INFO: 268: Liver neoplasms
2018-05-28 14:52:21,270:INFO: 269: Myocardial Reperfusion Injury
2018-05-28 14:52:22,904:INFO: 270: Microsatellite Instability
2018-05-28 14:52:23,605:INFO: 271: Night blindness, congenital stationary
2018-05-28 14:52:24,046:INFO: 272: Stevens-Johnson Syndrome
2018-05-28 14:52:27,563:INFO: 273: Leukemia, Lymphocytic, Acute, L1
2018-05-28 14:52:27,896:INFO: 274: Systemic arterial pressure
2018-05-28 14:52:28,811:INFO: 275: Learning Disorders
2018-05-28 14:52:29,916:INFO: 276: Walker-Warburg congenital muscular dystrophy
2018-05-28 14:52:30,247:INFO: 277: Marfan Syndrome
2018-05-28 14:52:30,693:INFO: 278: Congenital ocular coloboma (disorder)
2018-05-28 14:52:31,466:INFO: 279: Lung Neoplasms
2018-05-28 14:52:36,875:INFO: 280: Myoclonic Epilepsy, Juvenile
2018-05-28 14:52:37,110:INFO: 281: Inflammatory Bowel Diseases
2018-05-28 14:52:39,385:INFO: 282: Mammary Neoplasms
2018-05-28 14:52:47,677:INFO: 283: Idiopathic generalized epilepsy
2018-05-28 14:52:47,948:INFO: 284: Neuralgia
2018-05-28 14:52:48,502:INFO: 285: Neural Tube Defects
2018-05-28 14:52:49,146:INFO: 286: Dermatitis, Allergic Contact
2018-05-28 14:52:50,326:INFO: 287: Inborn Errors of Metabolism
2018-05-28 14:52:50,833:INFO: 288: Platelet mean volume finding
2018-05-28 14:52:51,612:INFO: 289: Intestinal Neoplasms
2018-05-28 14:52:52,822:INFO: 290: Allergic rhinitis (disorder)
2018-05-28 14:52:53,083:INFO: 291: Blood pressure finding
2018-05-28 14:52:54,149:INFO: 292: Age related macular degeneration
2018-05-28 14:52:54,884:INFO: 293: Hyperplasia
2018-05-28 14:52:56,050:INFO: 294: Pulmonary function (finding)
2018-05-28 14:52:56,512:INFO: 295: Spina Bifida
2018-05-28 14:52:57,081:INFO: 296: Hypertrophic Cardiomyopathy
2018-05-28 14:52:58,752:INFO: 297: Bardet-Biedl Syndrome
2018-05-28 14:52:59,178:INFO: 298: Keloid
2018-05-28 14:53:00,691:INFO: 299: melanoma
2018-05-28 14:53:06,464:INFO: 300: LEUKEMIA, ACUTE LYMPHOBLASTIC, SUSCEPTIBILITY TO, 3
2018-05-28 14:53:07,723:INFO: 301: Pneumonia
2018-05-28 14:53:08,694:INFO: 302: Disease Progression
2018-05-28 14:53:13,598:INFO: 303: Nephroblastoma
2018-05-28 14:53:14,528:INFO: 304: Severe Combined Immunodeficiency
2018-05-28 14:53:15,138:INFO: 305: Malignant neoplasm of ovary
2018-05-28 14:53:16,116:INFO: 306: Pheochromocytoma
2018-05-28 14:53:16,717:INFO: 307: Testicular Germ Cell Tumor
2018-05-28 14:53:17,576:INFO: 308: Hypogonadism
2018-05-28 14:53:17,883:INFO: 309: Movement Disorders
2018-05-28 14:53:18,329:INFO: 310: Sarcoma
2018-05-28 14:53:19,635:INFO: 311: Lymphatic Metastasis
2018-05-28 14:53:20,489:INFO: 312: Hypoglycemia
2018-05-28 14:53:20,994:INFO: 313: Anemia, Sickle Cell
2018-05-28 14:53:21,727:INFO: 314: Muscular Dystrophy, Facioscapulohumeral
2018-05-28 14:53:22,488:INFO: 315: Colorectal Cancer
2018-05-28 14:53:23,658:INFO: 316: Atherosclerosis
2018-05-28 14:53:25,807:INFO: 317: Asthma
2018-05-28 14:53:28,868:INFO: 318: Cardiomyopathy, Hypertrophic, Familial
2018-05-28 14:53:29,326:INFO: 319: Skin Neoplasms
2018-05-28 14:53:32,160:INFO: 320: Seizures
2018-05-28 14:53:33,681:INFO: 321: Alzheimer's Disease
2018-05-28 14:53:37,357:INFO: 322: Menopause present (finding)
2018-05-28 14:53:37,838:INFO: 323: Neoplastic Syndromes, Hereditary
2018-05-28 14:53:40,394:INFO: 324: Gastrointestinal Diseases
2018-05-28 14:53:40,741:INFO: 325: Cytochrome-c Oxidase Deficiency
2018-05-28 14:53:41,067:INFO: 326: Retinal Degeneration
2018-05-28 14:53:41,569:INFO: 327: Retinal Diseases
2018-05-28 14:53:42,509:INFO: 328: Methylmalonic acidemia
2018-05-28 14:53:42,913:INFO: 329: Contact Dermatitis
2018-05-28 14:53:44,743:INFO: 330: Dermatitis, Atopic
2018-05-28 14:53:45,348:INFO: 331: Coronary heart disease
2018-05-28 14:53:46,449:INFO: 332: Osteoporosis
2018-05-28 14:53:48,431:INFO: 333: Cardiomegaly
2018-05-28 14:53:50,461:INFO: 334: Heart failure
2018-05-28 14:53:52,152:INFO: 335: Hereditary Breast and Ovarian Cancer Syndrome
2018-05-28 14:53:53,551:INFO: 336: Major Depressive Disorder
2018-05-28 14:53:53,980:INFO: 337: Dermatologic disorders
2018-05-28 14:53:55,619:INFO: 338: Inflammation
2018-05-28 14:53:57,777:INFO: 339: Diabetic Neuropathies
2018-05-28 14:53:58,281:INFO: 340: Male infertility
2018-05-28 14:54:00,215:INFO: 341: Vascular Diseases
2018-05-28 14:54:00,581:INFO: 342: Female infertility
2018-05-28 14:54:02,944:INFO: 343: leukemia
2018-05-28 14:54:05,041:INFO: 344: Ulcerative Colitis
2018-05-28 14:54:07,591:INFO: 345: Influenza
2018-05-28 14:54:08,860:INFO: 346: Nephritis, Interstitial
2018-05-28 14:54:09,160:INFO: 347: Sjogren's Syndrome
2018-05-28 14:54:09,855:INFO: 348: Infant length
2018-05-28 14:54:10,342:INFO: 349: Child Development Disorders, Pervasive
2018-05-28 14:54:11,678:INFO: 350: Substance Withdrawal Syndrome
2018-05-28 14:54:12,834:INFO: 351: Malformations of Cortical Development
2018-05-28 14:54:13,506:INFO: 352: Amyotrophic Lateral Sclerosis
2018-05-28 14:54:16,667:INFO: 353: Developmental Disabilities
2018-05-28 14:54:17,739:INFO: 354: Febrile Convulsions
2018-05-28 14:54:18,031:INFO: 355: Cholestasis
2018-05-28 14:54:19,778:INFO: 356: Pulmonary Hypertension
2018-05-28 14:54:20,419:INFO: 357: Papillary thyroid carcinoma
2018-05-28 14:54:22,108:INFO: 358: Salivary Gland Neoplasms
2018-05-28 14:54:23,305:INFO: 359: Non-alcoholic Fatty Liver Disease
2018-05-28 14:54:24,910:INFO: 360: Hay fever
2018-05-28 14:54:25,565:INFO: 361: Hypercholesterolemia, Familial
2018-05-28 14:54:26,310:INFO: 362: Down Syndrome
2018-05-28 14:54:29,088:INFO: 363: Arrhythmogenic Right Ventricular Dysplasia
2018-05-28 14:54:30,211:INFO: 364: Semilobar Holoprosencephaly
2018-05-28 14:54:30,638:INFO: 365: Hypertriglyceridemia
2018-05-28 14:54:31,161:INFO: 366: Sensorineural Hearing Loss (disorder)
2018-05-28 14:54:31,513:INFO: 367: Metabolic Syndrome X
2018-05-28 14:54:32,848:INFO: 368: Malignant neoplasm of lung
2018-05-28 14:54:33,419:INFO: 369: Leukemia, Myelocytic, Acute
2018-05-28 14:54:37,094:INFO: 370: Malignant neoplasm of prostate
2018-05-28 14:54:39,287:INFO: 371: Renal Insufficiency
2018-05-28 14:54:39,655:INFO: 372: Jeune thoracic dystrophy
2018-05-28 14:54:40,039:INFO: 373: Renal Cell Carcinoma
2018-05-28 14:54:44,428:INFO: 374: Squamous cell carcinoma
2018-05-28 14:54:48,991:INFO: 375: Non-Small Cell Lung Carcinoma
2018-05-28 14:54:53,064:INFO: 376: Manganese Poisoning
2018-05-28 14:54:53,808:INFO: 377: Ventricular Dysfunction, Left
2018-05-28 14:54:54,416:INFO: 378: Carcinoma, Transitional Cell
2018-05-28 14:54:56,666:INFO: 379: Mucocutaneous Lymph Node Syndrome
2018-05-28 14:54:56,970:INFO: 380: Tobacco Use Disorder
2018-05-28 14:54:57,293:INFO: 381: Proteinuria
2018-05-28 14:54:58,282:INFO: 382: Diabetic Nephropathy
2018-05-28 14:54:59,510:INFO: 383: Williams Syndrome
2018-05-28 14:54:59,991:INFO: 384: Oral Submucous Fibrosis
2018-05-28 14:55:00,481:INFO: 385: Adenoma
2018-05-28 14:55:02,250:INFO: 386: Neutropenia
2018-05-28 14:55:02,533:INFO: 387: Poor school performance
2018-05-28 14:55:02,906:INFO: 388: Pneumoconiosis
2018-05-28 14:55:03,449:INFO: 389: Cardiovascular Diseases
2018-05-28 14:55:04,568:INFO: 390: Fibrinogen Adverse Event
2018-05-28 14:55:04,854:INFO: 391: Diabetes Mellitus, Non-Insulin-Dependent
2018-05-28 14:55:08,372:INFO: 392: Thrombocytopenia
2018-05-28 14:55:08,922:INFO: 393: Sezary Syndrome
2018-05-28 14:55:10,785:INFO: 394: Nuclear non-senile cataract
2018-05-28 14:55:11,054:INFO: 395: Diabetic Retinopathy
2018-05-28 14:55:11,661:INFO: 396: hearing impairment
2018-05-28 14:55:12,442:INFO: 397: Psychotic Disorders
2018-05-28 14:55:13,230:INFO: 398: Anxiety Disorders
2018-05-28 14:55:15,104:INFO: 399: Finding of Mean Corpuscular Hemoglobin
2018-05-28 14:55:15,462:INFO: 400: Motion Sickness
2018-05-28 14:55:15,788:INFO: 401: Lymphoma, Non-Hodgkin
2018-05-28 14:55:16,938:INFO: 402: Lymphoma, Follicular
2018-05-28 14:55:17,800:INFO: 403: Thrombocythemia, Essential
2018-05-28 14:55:18,518:INFO: 404: Arthritis
2018-05-28 14:55:18,989:INFO: 405: Hypotension
2018-05-28 14:55:19,969:INFO: 406: Reperfusion Injury
2018-05-28 14:55:23,141:INFO: 407: Heat Stroke
2018-05-28 14:55:24,270:INFO: 408: Hemangiosarcoma
2018-05-28 14:55:25,959:INFO: 409: Drug Allergy
2018-05-28 14:55:26,940:INFO: 410: SOLITARY MEDIAN MAXILLARY CENTRAL INCISOR
2018-05-28 14:55:27,271:INFO: 411: Medulloblastoma
2018-05-28 14:55:29,238:INFO: 412: Cleft Lip
2018-05-28 14:55:29,891:INFO: 413: Cleft Palate
2018-05-28 14:55:31,172:INFO: 414: Muscle Weakness
2018-05-28 14:55:32,962:INFO: 415: Mental disorders
2018-05-28 14:55:33,300:INFO: 416: Astrocytoma
2018-05-28 14:55:35,449:INFO: 417: Anemia, Diamond-Blackfan
2018-05-28 14:55:37,122:INFO: 418: Asthma, Aspirin-Induced
2018-05-28 14:55:37,419:INFO: 419: Leber Congenital Amaurosis
2018-05-28 14:55:38,072:INFO: 420: Cachexia
2018-05-28 14:55:38,500:INFO: 421: Respiratory Insufficiency
2018-05-28 14:55:38,994:INFO: 422: Respiratory Hypersensitivity
2018-05-28 14:55:39,566:INFO: 423: Nasopharyngeal carcinoma
2018-05-28 14:55:41,176:INFO: 424: Hyperalgesia
2018-05-28 14:55:42,549:INFO: 425: Meningioma
2018-05-28 14:55:43,177:INFO: 426: Sudden Cardiac Arrest
2018-05-28 14:55:43,864:INFO: 427: Intellectual Disability
2018-05-28 14:55:46,678:INFO: 428: Graves Disease
2018-05-28 14:55:46,988:INFO: 429: Neurotoxicity Syndromes
2018-05-28 14:55:47,989:INFO: 430: Cardiomyopathy, Familial Hypertrophic, 1 (disorder)
2018-05-28 14:55:48,334:INFO: 431: Atrial Fibrillation
2018-05-28 14:55:49,123:INFO: 432: Hepatitis, Chronic
2018-05-28 14:55:50,155:INFO: 433: Behcet Syndrome
2018-05-28 14:55:50,692:INFO: 434: Diabetes Mellitus, Insulin-Dependent
2018-05-28 14:55:52,128:INFO: 435: Diabetes Mellitus, Experimental
2018-05-28 14:55:55,474:INFO: 436: Parkinsonian Disorders
2018-05-28 14:55:56,563:INFO: 437: Necrosis
2018-05-28 14:55:58,665:INFO: 438: Gestational Diabetes
2018-05-28 14:55:59,111:INFO: 439: Idiopathic Membranous Glomerulonephritis
2018-05-28 14:55:59,803:INFO: 440: Hypersensitivity
2018-05-28 14:56:01,004:INFO: 441: Myopia
2018-05-28 14:56:01,971:INFO: 442: Hyperemia
2018-05-28 14:56:02,457:INFO: 443: Tooth Abnormalities
2018-05-28 14:56:02,909:INFO: 444: Hyperglycemia
2018-05-28 14:56:03,889:INFO: 445: Noonan Syndrome
2018-05-28 14:56:04,625:INFO: 446: Hyperinsulinism
2018-05-28 14:56:05,295:INFO: 447: Edema
2018-05-28 14:56:05,925:INFO: 448: Hodgkin Disease
2018-05-28 14:56:06,844:INFO: 449: Metabolic Bone Disorder
2018-05-28 14:56:07,339:INFO: 450: Bone Diseases, Developmental
2018-05-28 14:56:08,163:INFO: 451: Tachycardia, Ventricular
2018-05-28 14:56:08,583:INFO: 452: Dystonia
2018-05-28 14:56:09,358:INFO: 453: Squamous cell carcinoma of the head and neck
2018-05-28 14:56:11,224:INFO: 454: Pulmonary Embolism
2018-05-28 14:56:11,555:INFO: 455: Pulmonary Fibrosis
2018-05-28 14:56:12,509:INFO: 456: West Syndrome
2018-05-28 14:56:13,027:INFO: 457: Cerebral Hemorrhage
2018-05-28 14:56:14,024:INFO: 458: Romano-Ward Syndrome
2018-05-28 14:56:14,754:INFO: 459: Mouth Neoplasms
2018-05-28 14:56:17,199:INFO: 460: Liver Cirrhosis
2018-05-28 14:56:18,839:INFO: 461: Neoplasm Recurrence, Local
2018-05-28 14:56:21,139:INFO: 462: Obesity
2018-05-28 14:56:26,243:INFO: 463: Biliary cirrhosis
2018-05-28 14:56:27,074:INFO: 464: Precursor Cell Lymphoblastic Leukemia Lymphoma
2018-05-28 14:56:28,823:INFO: 465: Cardiomyopathies
2018-05-28 14:56:31,609:INFO: 466: Peroxisome biogenesis disorders
2018-05-28 14:56:31,854:INFO: 467: Dyskeratosis Congenita
2018-05-28 14:56:32,269:INFO: 468: Uremia
2018-05-28 14:56:33,350:INFO: 469: Depressive disorder
2018-05-28 14:56:34,243:INFO: 470: Thrombosis
2018-05-28 14:56:34,757:INFO: 471: nervous system disorder
2018-05-28 14:56:35,840:INFO: 472: Lymphoma
2018-05-28 14:56:36,483:INFO: 473: IGA Glomerulonephritis
2018-05-28 14:56:43,275:INFO: 474: Kidney Neoplasm
2018-05-28 14:56:44,794:INFO: 475: Hypothermia, natural
2018-05-28 14:56:45,113:INFO: 476: Focal glomerulosclerosis
2018-05-28 14:56:46,563:INFO: 477: Hepatitis B, Chronic
2018-05-28 14:56:46,905:INFO: 478: Drug Eruptions
2018-05-28 14:56:47,276:INFO: 479: Malignant neoplasm of pancreas
2018-05-28 14:56:47,796:INFO: 480: Stomach Neoplasms
2018-05-28 14:56:54,741:INFO: 481: Osteosarcoma
2018-05-28 14:56:57,082:INFO: 482: Vitiligo
2018-05-28 14:56:57,792:INFO: 483: Gastric ulcer
2018-05-28 14:56:58,484:INFO: 484: Malignant neoplasm of breast
2018-05-28 14:57:00,222:INFO: 485: Drug-Induced Liver Injury
2018-05-28 14:57:02,871:INFO: 486: Colitis
2018-05-28 14:57:03,956:INFO: 487: Lymphoma, T-Cell, Cutaneous
2018-05-28 14:57:05,539:INFO: 488: T-Cell Lymphoma
2018-05-28 14:57:06,983:INFO: 489: Hyperactive behavior
2018-05-28 14:57:07,426:INFO: 490: Skin Abnormalities
2018-05-28 14:57:07,952:INFO: 491: Epithelial ovarian cancer
2018-05-28 14:57:08,729:INFO: 492: Infantile Refsum Disease (disorder)
2018-05-28 14:57:09,105:INFO: 493: Adrenoleukodystrophy, Neonatal
2018-05-28 14:57:09,452:INFO: 494: Hirschsprung Disease
2018-05-28 14:57:09,822:INFO: 495: Female Urogenital Diseases
2018-05-28 14:57:10,316:INFO: 496: ovarian neoplasm
2018-05-28 14:57:13,836:INFO: 497: Aortic Aneurysm, Abdominal
2018-05-28 14:57:14,186:INFO: 498: Venous Thrombosis
2018-05-28 14:57:14,652:INFO: 499: Amnesia
2018-05-28 14:57:15,207:INFO: 500: Bladder Neoplasm
2018-05-28 14:57:19,093:INFO: 501: Hemorrhage
2018-05-28 14:57:19,399:INFO: 502: Status Epilepticus
2018-05-28 14:57:21,035:INFO: 503: Chronic Kidney Diseases
2018-05-28 14:57:21,418:INFO: 504: Myeloid Leukemia, Chronic
2018-05-28 14:57:22,762:INFO: 505: Myeloid Leukemia
2018-05-28 14:57:23,937:INFO: 506: Calcinosis
2018-05-28 14:57:24,818:INFO: 507: Creutzfeldt-Jakob disease
2018-05-28 14:57:25,157:INFO: 508: Left ventricular noncompaction
2018-05-28 14:57:25,674:INFO: 509: Parkinson Disease
2018-05-28 14:57:28,371:INFO: 510: Endometrial Neoplasms
2018-05-28 14:57:30,689:INFO: 511: Sepsis
2018-05-28 14:57:31,687:INFO: 512: Endometriosis
2018-05-28 14:57:35,500:INFO: 513: Esophageal Neoplasms
2018-05-28 14:57:38,546:INFO: 514: Eosinophilic esophagitis
2018-05-28 14:57:38,871:INFO: 515: Malignant neoplasm of urinary bladder
2018-05-28 14:57:39,506:INFO: 516: Lewy Body Disease
2018-05-28 14:57:40,507:INFO: 517: PARKINSON DISEASE, LATE-ONSET
2018-05-28 14:57:41,301:INFO: 518: Neoplastic Cell Transformation
2018-05-28 14:57:45,390:INFO: 519: Arsenic Poisoning
