2018-10-11 17:11:02,056:INFO: Metric Significance of Diseases in the PPI Network
2018-10-11 17:11:02,056:INFO: Sabri Eyuboglu  -- SNAP Group
2018-10-11 17:11:02,056:INFO: ======================================
2018-10-11 17:11:02,056:INFO: Loading Disease Associations...
2018-10-11 17:11:02,147:INFO: Loading Network...
2018-10-11 17:11:11,889:INFO: Loading PPI Matrices...
2018-10-11 17:11:19,277:INFO: Sorting Nodes by Degree...
2018-10-11 17:11:19,318:INFO: Running Experiment...
2018-10-11 17:12:48,755:INFO: Metric Significance of Diseases in the PPI Network
2018-10-11 17:12:48,755:INFO: Sabri Eyuboglu  -- SNAP Group
2018-10-11 17:12:48,755:INFO: ======================================
2018-10-11 17:12:48,755:INFO: Loading Disease Associations...
2018-10-11 17:12:48,849:INFO: Loading Network...
2018-10-11 17:12:59,853:INFO: Loading PPI Matrices...
2018-10-11 17:13:06,815:INFO: Sorting Nodes by Degree...
2018-10-11 17:13:06,878:INFO: Running Experiment...
2018-10-11 17:13:30,536:INFO: Metric Significance of Diseases in the PPI Network
2018-10-11 17:13:30,537:INFO: Sabri Eyuboglu  -- SNAP Group
2018-10-11 17:13:30,537:INFO: ======================================
2018-10-11 17:13:30,537:INFO: Loading Disease Associations...
2018-10-11 17:13:30,667:INFO: Loading Network...
2018-10-11 17:13:42,737:INFO: Loading PPI Matrices...
2018-10-11 17:13:49,931:INFO: Sorting Nodes by Degree...
2018-10-11 17:13:49,995:INFO: Running Experiment...
2018-10-11 17:26:36,374:INFO: Metric Significance of Diseases in the PPI Network
2018-10-11 17:26:36,374:INFO: Sabri Eyuboglu  -- SNAP Group
2018-10-11 17:26:36,374:INFO: ======================================
2018-10-11 17:26:36,374:INFO: Loading Disease Associations...
2018-10-11 17:26:57,135:INFO: Metric Significance of Diseases in the PPI Network
2018-10-11 17:26:57,135:INFO: Sabri Eyuboglu  -- SNAP Group
2018-10-11 17:26:57,136:INFO: ======================================
2018-10-11 17:26:57,136:INFO: Loading Disease Associations...
2018-10-11 17:27:54,619:INFO: Metric Significance of Diseases in the PPI Network
2018-10-11 17:27:54,619:INFO: Sabri Eyuboglu  -- SNAP Group
2018-10-11 17:27:54,619:INFO: ======================================
2018-10-11 17:27:54,619:INFO: Loading Disease Associations...
