2018-10-10 13:16:46,644:INFO: Metric Significance of Diseases in the PPI Network
2018-10-10 13:16:46,644:INFO: Sabri Eyuboglu  -- SNAP Group
2018-10-10 13:16:46,644:INFO: ======================================
2018-10-10 13:16:46,644:INFO: Loading Network...
2018-10-10 13:16:56,557:INFO: Loading Disease Associations...
2018-10-10 13:16:56,651:INFO: Loading PPI Matrices...
2018-10-10 13:17:03,135:INFO: Sorting Nodes by Degree...
2018-10-10 13:17:03,179:INFO: Running Experiment...
2018-10-10 13:48:22,717:INFO: Metric Significance of Diseases in the PPI Network
2018-10-10 13:48:22,717:INFO: Sabri Eyuboglu  -- SNAP Group
2018-10-10 13:48:22,718:INFO: ======================================
2018-10-10 13:48:22,718:INFO: Loading Network...
2018-10-10 13:49:09,794:INFO: Metric Significance of Diseases in the PPI Network
2018-10-10 13:49:09,794:INFO: Sabri Eyuboglu  -- SNAP Group
2018-10-10 13:49:09,795:INFO: ======================================
2018-10-10 13:49:09,795:INFO: Loading Network...
2018-10-10 13:49:17,667:INFO: Loading Disease Associations...
2018-10-10 13:49:17,755:INFO: Loading PPI Matrices...
2018-10-10 13:49:24,286:INFO: Sorting Nodes by Degree...
2018-10-10 13:50:12,481:INFO: Metric Significance of Diseases in the PPI Network
2018-10-10 13:50:12,481:INFO: Sabri Eyuboglu  -- SNAP Group
2018-10-10 13:50:12,481:INFO: ======================================
2018-10-10 13:50:12,481:INFO: Loading Network...
2018-10-10 13:50:23,012:INFO: Loading Disease Associations...
2018-10-10 13:50:23,100:INFO: Loading PPI Matrices...
2018-10-10 13:50:29,598:INFO: Sorting Nodes by Degree...
2018-10-10 13:50:58,908:INFO: Metric Significance of Diseases in the PPI Network
2018-10-10 13:50:58,908:INFO: Sabri Eyuboglu  -- SNAP Group
2018-10-10 13:50:58,908:INFO: ======================================
2018-10-10 13:50:58,908:INFO: Loading Network...
2018-10-10 13:51:09,463:INFO: Loading Disease Associations...
2018-10-10 13:51:09,555:INFO: Loading PPI Matrices...
2018-10-10 13:51:16,452:INFO: Sorting Nodes by Degree...
2018-10-10 13:55:12,062:INFO: Metric Significance of Diseases in the PPI Network
2018-10-10 13:55:12,063:INFO: Sabri Eyuboglu  -- SNAP Group
2018-10-10 13:55:12,063:INFO: ======================================
2018-10-10 13:57:10,818:INFO: Metric Significance of Diseases in the PPI Network
2018-10-10 13:57:10,818:INFO: Sabri Eyuboglu  -- SNAP Group
2018-10-10 13:57:10,819:INFO: ======================================
2018-10-10 13:59:20,044:INFO: Metric Significance of Diseases in the PPI Network
2018-10-10 13:59:20,044:INFO: Sabri Eyuboglu  -- SNAP Group
2018-10-10 13:59:20,044:INFO: ======================================
2018-10-10 13:59:47,370:INFO: Metric Significance of Diseases in the PPI Network
2018-10-10 13:59:47,371:INFO: Sabri Eyuboglu  -- SNAP Group
2018-10-10 13:59:47,371:INFO: ======================================
2018-10-10 14:00:17,525:INFO: Metric Significance of Diseases in the PPI Network
2018-10-10 14:00:17,526:INFO: Sabri Eyuboglu  -- SNAP Group
2018-10-10 14:00:17,526:INFO: ======================================
2018-10-10 14:01:28,179:INFO: Metric Significance of Diseases in the PPI Network
2018-10-10 14:01:28,179:INFO: Sabri Eyuboglu  -- SNAP Group
2018-10-10 14:01:28,179:INFO: ======================================
2018-10-10 14:01:28,400:WARNING: No handles with labels found to put in legend.
2018-10-10 14:01:58,380:INFO: Metric Significance of Diseases in the PPI Network
2018-10-10 14:01:58,380:INFO: Sabri Eyuboglu  -- SNAP Group
2018-10-10 14:01:58,380:INFO: ======================================
2018-10-10 14:03:02,384:INFO: Metric Significance of Diseases in the PPI Network
2018-10-10 14:03:02,385:INFO: Sabri Eyuboglu  -- SNAP Group
2018-10-10 14:03:02,385:INFO: ======================================
2018-10-10 14:03:37,122:INFO: Metric Significance of Diseases in the PPI Network
2018-10-10 14:03:37,123:INFO: Sabri Eyuboglu  -- SNAP Group
2018-10-10 14:03:37,123:INFO: ======================================
2018-10-10 14:03:50,958:INFO: Metric Significance of Diseases in the PPI Network
2018-10-10 14:03:50,958:INFO: Sabri Eyuboglu  -- SNAP Group
2018-10-10 14:03:50,958:INFO: ======================================
2018-10-10 14:04:19,929:INFO: Metric Significance of Diseases in the PPI Network
2018-10-10 14:04:19,929:INFO: Sabri Eyuboglu  -- SNAP Group
2018-10-10 14:04:19,929:INFO: ======================================
2018-10-10 14:05:12,568:INFO: Metric Significance of Diseases in the PPI Network
2018-10-10 14:05:12,569:INFO: Sabri Eyuboglu  -- SNAP Group
2018-10-10 14:05:12,569:INFO: ======================================
2018-10-10 14:05:32,655:INFO: Metric Significance of Diseases in the PPI Network
2018-10-10 14:05:32,656:INFO: Sabri Eyuboglu  -- SNAP Group
2018-10-10 14:05:32,656:INFO: ======================================
2018-10-10 14:08:18,183:INFO: Metric Significance of Diseases in the PPI Network
2018-10-10 14:08:18,183:INFO: Sabri Eyuboglu  -- SNAP Group
2018-10-10 14:08:18,183:INFO: ======================================
2018-10-10 14:09:09,594:INFO: Metric Significance of Diseases in the PPI Network
2018-10-10 14:09:09,595:INFO: Sabri Eyuboglu  -- SNAP Group
2018-10-10 14:09:09,595:INFO: ======================================
2018-10-10 14:09:22,809:INFO: Metric Significance of Diseases in the PPI Network
2018-10-10 14:09:22,810:INFO: Sabri Eyuboglu  -- SNAP Group
2018-10-10 14:09:22,810:INFO: ======================================
2018-10-10 14:17:48,569:INFO: Metric Significance of Diseases in the PPI Network
2018-10-10 14:17:48,569:INFO: Sabri Eyuboglu  -- SNAP Group
2018-10-10 14:17:48,569:INFO: ======================================
2018-10-10 14:18:17,258:INFO: Metric Significance of Diseases in the PPI Network
2018-10-10 14:18:17,259:INFO: Sabri Eyuboglu  -- SNAP Group
2018-10-10 14:18:17,259:INFO: ======================================
2018-10-10 14:20:08,100:INFO: Metric Significance of Diseases in the PPI Network
2018-10-10 14:20:08,100:INFO: Sabri Eyuboglu  -- SNAP Group
2018-10-10 14:20:08,101:INFO: ======================================
2018-10-10 14:22:46,144:INFO: Metric Significance of Diseases in the PPI Network
2018-10-10 14:22:46,144:INFO: Sabri Eyuboglu  -- SNAP Group
2018-10-10 14:22:46,144:INFO: ======================================
2018-10-10 14:22:46,377:WARNING: No handles with labels found to put in legend.
2018-10-10 14:23:12,641:INFO: Metric Significance of Diseases in the PPI Network
2018-10-10 14:23:12,641:INFO: Sabri Eyuboglu  -- SNAP Group
2018-10-10 14:23:12,641:INFO: ======================================
2018-10-10 14:23:40,023:INFO: Metric Significance of Diseases in the PPI Network
2018-10-10 14:23:40,024:INFO: Sabri Eyuboglu  -- SNAP Group
2018-10-10 14:23:40,024:INFO: ======================================
2018-10-10 14:24:00,047:INFO: Metric Significance of Diseases in the PPI Network
2018-10-10 14:24:00,049:INFO: Sabri Eyuboglu  -- SNAP Group
2018-10-10 14:24:00,049:INFO: ======================================
2018-10-10 14:24:32,344:INFO: Metric Significance of Diseases in the PPI Network
2018-10-10 14:24:32,344:INFO: Sabri Eyuboglu  -- SNAP Group
2018-10-10 14:24:32,344:INFO: ======================================
2018-10-10 14:24:32,688:WARNING: No handles with labels found to put in legend.
2018-10-10 14:25:57,327:INFO: Metric Significance of Diseases in the PPI Network
2018-10-10 14:25:57,328:INFO: Sabri Eyuboglu  -- SNAP Group
2018-10-10 14:25:57,328:INFO: ======================================
2018-10-10 14:39:45,195:INFO: Metric Significance of Diseases in the PPI Network
2018-10-10 14:39:45,197:INFO: Sabri Eyuboglu  -- SNAP Group
2018-10-10 14:39:45,197:INFO: ======================================
2018-10-10 14:40:57,770:INFO: Metric Significance of Diseases in the PPI Network
2018-10-10 14:40:57,770:INFO: Sabri Eyuboglu  -- SNAP Group
2018-10-10 14:40:57,771:INFO: ======================================
2018-10-10 17:07:32,155:INFO: Metric Significance of Diseases in the PPI Network
2018-10-10 17:07:32,186:INFO: Sabri Eyuboglu  -- SNAP Group
2018-10-10 17:07:32,186:INFO: ======================================
2018-10-10 17:10:37,216:INFO: Metric Significance of Diseases in the PPI Network
2018-10-10 17:10:37,217:INFO: Sabri Eyuboglu  -- SNAP Group
2018-10-10 17:10:37,217:INFO: ======================================
2018-10-10 17:11:18,467:INFO: Metric Significance of Diseases in the PPI Network
2018-10-10 17:11:18,467:INFO: Sabri Eyuboglu  -- SNAP Group
2018-10-10 17:11:18,467:INFO: ======================================
2018-10-10 17:16:02,495:INFO: Metric Significance of Diseases in the PPI Network
2018-10-10 17:16:02,497:INFO: Sabri Eyuboglu  -- SNAP Group
2018-10-10 17:16:02,497:INFO: ======================================
2018-10-10 17:17:22,399:INFO: Metric Significance of Diseases in the PPI Network
2018-10-10 17:17:22,400:INFO: Sabri Eyuboglu  -- SNAP Group
2018-10-10 17:17:22,400:INFO: ======================================
2018-10-10 17:17:52,379:INFO: Metric Significance of Diseases in the PPI Network
2018-10-10 17:17:52,379:INFO: Sabri Eyuboglu  -- SNAP Group
2018-10-10 17:17:52,379:INFO: ======================================
2018-10-10 17:21:20,219:INFO: Metric Significance of Diseases in the PPI Network
2018-10-10 17:21:20,222:INFO: Sabri Eyuboglu  -- SNAP Group
2018-10-10 17:21:20,222:INFO: ======================================
2018-10-10 17:27:55,846:INFO: Metric Significance of Diseases in the PPI Network
2018-10-10 17:27:55,848:INFO: Sabri Eyuboglu  -- SNAP Group
2018-10-10 17:27:55,848:INFO: ======================================
2018-10-10 17:29:57,685:INFO: Metric Significance of Diseases in the PPI Network
2018-10-10 17:29:57,685:INFO: Sabri Eyuboglu  -- SNAP Group
2018-10-10 17:29:57,685:INFO: ======================================
