2018-05-23 17:34:02,318:INFO: Disease Protein Prediction in the PPI Network
2018-05-23 17:34:02,319:INFO: Sabri Eyuboglu  -- SNAP Group
2018-05-23 17:34:02,319:INFO: ======================================
2018-05-23 17:34:02,319:INFO: Loading PPI Network...
2018-05-23 17:34:15,425:INFO: Loading Disease Associations...
2018-05-23 17:34:15,458:INFO: Loading PPI Matrix...
2018-05-23 17:34:21,525:INFO: Running Experiment...
2018-05-23 17:34:21,526:INFO: Experiment Progress: 0.0% -- 0/519
2018-05-23 17:34:22,332:INFO: Experiment Progress: 0.2% -- 1/519
2018-05-23 17:34:23,036:INFO: Experiment Progress: 0.4% -- 2/519
2018-05-23 17:34:23,569:INFO: Experiment Progress: 0.6% -- 3/519
2018-05-23 17:34:25,549:INFO: Experiment Progress: 0.8% -- 4/519
2018-05-23 17:34:26,079:INFO: Experiment Progress: 1.0% -- 5/519
2018-05-23 17:34:26,561:INFO: Experiment Progress: 1.2% -- 6/519
2018-05-23 17:34:27,028:INFO: Experiment Progress: 1.3% -- 7/519
2018-05-23 17:34:27,751:INFO: Experiment Progress: 1.5% -- 8/519
2018-05-23 17:34:29,387:INFO: Experiment Progress: 1.7% -- 9/519
2018-05-23 17:34:29,809:INFO: Experiment Progress: 1.9% -- 10/519
2018-05-23 17:34:32,308:INFO: Experiment Progress: 2.1% -- 11/519
2018-05-23 17:34:32,763:INFO: Experiment Progress: 2.3% -- 12/519
2018-05-23 17:34:33,318:INFO: Experiment Progress: 2.5% -- 13/519
2018-05-23 17:34:33,859:INFO: Experiment Progress: 2.7% -- 14/519
2018-05-23 17:34:34,280:INFO: Experiment Progress: 2.9% -- 15/519
2018-05-23 17:34:34,776:INFO: Experiment Progress: 3.1% -- 16/519
2018-05-23 17:34:35,177:INFO: Experiment Progress: 3.3% -- 17/519
2018-05-23 17:34:36,462:INFO: Experiment Progress: 3.5% -- 18/519
2018-05-23 17:34:36,914:INFO: Experiment Progress: 3.7% -- 19/519
2018-05-23 17:34:38,305:INFO: Experiment Progress: 3.9% -- 20/519
2018-05-23 17:34:39,923:INFO: Experiment Progress: 4.0% -- 21/519
2018-05-23 17:34:40,595:INFO: Experiment Progress: 4.2% -- 22/519
2018-05-23 17:34:41,028:INFO: Experiment Progress: 4.4% -- 23/519
2018-05-23 17:34:41,358:INFO: Experiment Progress: 4.6% -- 24/519
2018-05-23 17:34:41,780:INFO: Experiment Progress: 4.8% -- 25/519
2018-05-23 17:34:42,277:INFO: Experiment Progress: 5.0% -- 26/519
2018-05-23 17:34:42,746:INFO: Experiment Progress: 5.2% -- 27/519
2018-05-23 17:34:43,272:INFO: Experiment Progress: 5.4% -- 28/519
2018-05-23 17:34:43,928:INFO: Experiment Progress: 5.6% -- 29/519
2018-05-23 17:34:44,401:INFO: Experiment Progress: 5.8% -- 30/519
2018-05-23 17:34:44,766:INFO: Experiment Progress: 6.0% -- 31/519
2018-05-23 17:34:45,404:INFO: Experiment Progress: 6.2% -- 32/519
2018-05-23 17:34:46,079:INFO: Experiment Progress: 6.4% -- 33/519
2018-05-23 17:34:46,467:INFO: Experiment Progress: 6.6% -- 34/519
2018-05-23 17:34:46,998:INFO: Experiment Progress: 6.7% -- 35/519
2018-05-23 17:34:47,191:INFO: Experiment Progress: 6.9% -- 36/519
2018-05-23 17:34:47,608:INFO: Experiment Progress: 7.1% -- 37/519
2018-05-23 17:34:48,010:INFO: Experiment Progress: 7.3% -- 38/519
2018-05-23 17:34:48,394:INFO: Experiment Progress: 7.5% -- 39/519
2018-05-23 17:34:48,900:INFO: Experiment Progress: 7.7% -- 40/519
2018-05-23 17:34:49,400:INFO: Experiment Progress: 7.9% -- 41/519
2018-05-23 17:34:49,881:INFO: Experiment Progress: 8.1% -- 42/519
2018-05-23 17:34:50,306:INFO: Experiment Progress: 8.3% -- 43/519
2018-05-23 17:34:51,073:INFO: Experiment Progress: 8.5% -- 44/519
2018-05-23 17:34:51,523:INFO: Experiment Progress: 8.7% -- 45/519
2018-05-23 17:34:51,938:INFO: Experiment Progress: 8.9% -- 46/519
2018-05-23 17:34:52,625:INFO: Experiment Progress: 9.1% -- 47/519
2018-05-23 17:34:52,770:INFO: Experiment Progress: 9.2% -- 48/519
2018-05-23 17:34:53,398:INFO: Experiment Progress: 9.4% -- 49/519
2018-05-23 17:34:53,868:INFO: Experiment Progress: 9.6% -- 50/519
2018-05-23 17:34:54,326:INFO: Experiment Progress: 9.8% -- 51/519
2018-05-23 17:34:54,877:INFO: Experiment Progress: 10.0% -- 52/519
2018-05-23 17:34:55,547:INFO: Experiment Progress: 10.2% -- 53/519
2018-05-23 17:34:56,019:INFO: Experiment Progress: 10.4% -- 54/519
2018-05-23 17:34:56,526:INFO: Experiment Progress: 10.6% -- 55/519
2018-05-23 17:34:56,867:INFO: Experiment Progress: 10.8% -- 56/519
2018-05-23 17:34:57,239:INFO: Experiment Progress: 11.0% -- 57/519
2018-05-23 17:34:57,645:INFO: Experiment Progress: 11.2% -- 58/519
2018-05-23 17:34:58,236:INFO: Experiment Progress: 11.4% -- 59/519
2018-05-23 17:34:58,547:INFO: Experiment Progress: 11.6% -- 60/519
2018-05-23 17:34:59,032:INFO: Experiment Progress: 11.8% -- 61/519
2018-05-23 17:34:59,662:INFO: Experiment Progress: 11.9% -- 62/519
2018-05-23 17:35:00,089:INFO: Experiment Progress: 12.1% -- 63/519
2018-05-23 17:35:00,491:INFO: Experiment Progress: 12.3% -- 64/519
2018-05-23 17:35:01,049:INFO: Experiment Progress: 12.5% -- 65/519
2018-05-23 17:35:01,438:INFO: Experiment Progress: 12.7% -- 66/519
2018-05-23 17:35:01,809:INFO: Experiment Progress: 12.9% -- 67/519
2018-05-23 17:35:02,709:INFO: Experiment Progress: 13.1% -- 68/519
2018-05-23 17:35:03,300:INFO: Experiment Progress: 13.3% -- 69/519
2018-05-23 17:35:04,251:INFO: Experiment Progress: 13.5% -- 70/519
2018-05-23 17:35:05,362:INFO: Experiment Progress: 13.7% -- 71/519
2018-05-23 17:35:05,849:INFO: Experiment Progress: 13.9% -- 72/519
2018-05-23 17:35:06,285:INFO: Experiment Progress: 14.1% -- 73/519
2018-05-23 17:35:06,718:INFO: Experiment Progress: 14.3% -- 74/519
2018-05-23 17:35:07,089:INFO: Experiment Progress: 14.5% -- 75/519
2018-05-23 17:35:07,533:INFO: Experiment Progress: 14.6% -- 76/519
2018-05-23 17:35:07,964:INFO: Experiment Progress: 14.8% -- 77/519
2018-05-23 17:35:09,169:INFO: Experiment Progress: 15.0% -- 78/519
2018-05-23 17:35:09,763:INFO: Experiment Progress: 15.2% -- 79/519
2018-05-23 17:35:10,640:INFO: Experiment Progress: 15.4% -- 80/519
2018-05-23 17:35:11,352:INFO: Experiment Progress: 15.6% -- 81/519
2018-05-23 17:35:11,802:INFO: Experiment Progress: 15.8% -- 82/519
2018-05-23 17:35:12,364:INFO: Experiment Progress: 16.0% -- 83/519
2018-05-23 17:35:13,002:INFO: Experiment Progress: 16.2% -- 84/519
2018-05-23 17:35:13,503:INFO: Experiment Progress: 16.4% -- 85/519
2018-05-23 17:35:13,950:INFO: Experiment Progress: 16.6% -- 86/519
2018-05-23 17:35:14,368:INFO: Experiment Progress: 16.8% -- 87/519
2018-05-23 17:35:14,934:INFO: Experiment Progress: 17.0% -- 88/519
2018-05-23 17:35:15,265:INFO: Experiment Progress: 17.1% -- 89/519
2018-05-23 17:35:15,639:INFO: Experiment Progress: 17.3% -- 90/519
2018-05-23 17:35:15,935:INFO: Experiment Progress: 17.5% -- 91/519
2018-05-23 17:35:18,225:INFO: Experiment Progress: 17.7% -- 92/519
2018-05-23 17:35:18,669:INFO: Experiment Progress: 17.9% -- 93/519
2018-05-23 17:35:19,057:INFO: Experiment Progress: 18.1% -- 94/519
2018-05-23 17:35:19,771:INFO: Experiment Progress: 18.3% -- 95/519
2018-05-23 17:35:20,179:INFO: Experiment Progress: 18.5% -- 96/519
2018-05-23 17:35:21,685:INFO: Experiment Progress: 18.7% -- 97/519
2018-05-23 17:35:22,113:INFO: Experiment Progress: 18.9% -- 98/519
2018-05-23 17:35:22,628:INFO: Experiment Progress: 19.1% -- 99/519
2018-05-23 17:35:23,076:INFO: Experiment Progress: 19.3% -- 100/519
2018-05-23 17:35:23,483:INFO: Experiment Progress: 19.5% -- 101/519
2018-05-23 17:35:23,900:INFO: Experiment Progress: 19.7% -- 102/519
2018-05-23 17:35:24,222:INFO: Experiment Progress: 19.8% -- 103/519
2018-05-23 17:35:25,857:INFO: Experiment Progress: 20.0% -- 104/519
2018-05-23 17:35:26,367:INFO: Experiment Progress: 20.2% -- 105/519
2018-05-23 17:35:27,004:INFO: Experiment Progress: 20.4% -- 106/519
2018-05-23 17:35:27,471:INFO: Experiment Progress: 20.6% -- 107/519
2018-05-23 17:35:27,866:INFO: Experiment Progress: 20.8% -- 108/519
2018-05-23 17:35:28,241:INFO: Experiment Progress: 21.0% -- 109/519
2018-05-23 17:35:28,748:INFO: Experiment Progress: 21.2% -- 110/519
2018-05-23 17:35:29,137:INFO: Experiment Progress: 21.4% -- 111/519
2018-05-23 17:35:30,265:INFO: Experiment Progress: 21.6% -- 112/519
2018-05-23 17:35:30,674:INFO: Experiment Progress: 21.8% -- 113/519
2018-05-23 17:35:31,653:INFO: Experiment Progress: 22.0% -- 114/519
2018-05-23 17:35:32,040:INFO: Experiment Progress: 22.2% -- 115/519
2018-05-23 17:35:32,762:INFO: Experiment Progress: 22.4% -- 116/519
2018-05-23 17:35:33,325:INFO: Experiment Progress: 22.5% -- 117/519
2018-05-23 17:35:33,714:INFO: Experiment Progress: 22.7% -- 118/519
2018-05-23 17:35:34,094:INFO: Experiment Progress: 22.9% -- 119/519
2018-05-23 17:35:34,526:INFO: Experiment Progress: 23.1% -- 120/519
2018-05-23 17:35:39,181:INFO: Experiment Progress: 23.3% -- 121/519
2018-05-23 17:35:39,666:INFO: Experiment Progress: 23.5% -- 122/519
2018-05-23 17:35:40,081:INFO: Experiment Progress: 23.7% -- 123/519
2018-05-23 17:35:40,733:INFO: Experiment Progress: 23.9% -- 124/519
2018-05-23 17:35:41,477:INFO: Experiment Progress: 24.1% -- 125/519
2018-05-23 17:35:41,852:INFO: Experiment Progress: 24.3% -- 126/519
2018-05-23 17:35:42,300:INFO: Experiment Progress: 24.5% -- 127/519
2018-05-23 17:35:42,787:INFO: Experiment Progress: 24.7% -- 128/519
2018-05-23 17:35:43,186:INFO: Experiment Progress: 24.9% -- 129/519
2018-05-23 17:35:44,069:INFO: Experiment Progress: 25.0% -- 130/519
2018-05-23 17:35:44,435:INFO: Experiment Progress: 25.2% -- 131/519
2018-05-23 17:35:44,857:INFO: Experiment Progress: 25.4% -- 132/519
2018-05-23 17:35:46,217:INFO: Experiment Progress: 25.6% -- 133/519
2018-05-23 17:35:48,608:INFO: Experiment Progress: 25.8% -- 134/519
2018-05-23 17:35:49,413:INFO: Experiment Progress: 26.0% -- 135/519
2018-05-23 17:35:49,881:INFO: Experiment Progress: 26.2% -- 136/519
2018-05-23 17:35:50,297:INFO: Experiment Progress: 26.4% -- 137/519
2018-05-23 17:35:50,749:INFO: Experiment Progress: 26.6% -- 138/519
2018-05-23 17:35:51,959:INFO: Experiment Progress: 26.8% -- 139/519
2018-05-23 17:35:52,351:INFO: Experiment Progress: 27.0% -- 140/519
2018-05-23 17:35:52,825:INFO: Experiment Progress: 27.2% -- 141/519
2018-05-23 17:35:53,338:INFO: Experiment Progress: 27.4% -- 142/519
2018-05-23 17:35:55,362:INFO: Experiment Progress: 27.6% -- 143/519
2018-05-23 17:35:55,834:INFO: Experiment Progress: 27.7% -- 144/519
2018-05-23 17:35:56,284:INFO: Experiment Progress: 27.9% -- 145/519
2018-05-23 17:35:57,489:INFO: Experiment Progress: 28.1% -- 146/519
2018-05-23 17:35:57,948:INFO: Experiment Progress: 28.3% -- 147/519
2018-05-23 17:35:58,511:INFO: Experiment Progress: 28.5% -- 148/519
2018-05-23 17:35:59,041:INFO: Experiment Progress: 28.7% -- 149/519
2018-05-23 17:36:00,425:INFO: Experiment Progress: 28.9% -- 150/519
2018-05-23 17:36:01,337:INFO: Experiment Progress: 29.1% -- 151/519
2018-05-23 17:36:01,948:INFO: Experiment Progress: 29.3% -- 152/519
2018-05-23 17:36:02,731:INFO: Experiment Progress: 29.5% -- 153/519
2018-05-23 17:36:03,133:INFO: Experiment Progress: 29.7% -- 154/519
2018-05-23 17:36:03,510:INFO: Experiment Progress: 29.9% -- 155/519
2018-05-23 17:36:04,629:INFO: Experiment Progress: 30.1% -- 156/519
2018-05-23 17:36:05,083:INFO: Experiment Progress: 30.3% -- 157/519
2018-05-23 17:36:05,612:INFO: Experiment Progress: 30.4% -- 158/519
2018-05-23 17:36:07,871:INFO: Experiment Progress: 30.6% -- 159/519
2018-05-23 17:36:08,331:INFO: Experiment Progress: 30.8% -- 160/519
2018-05-23 17:36:09,061:INFO: Experiment Progress: 31.0% -- 161/519
2018-05-23 17:36:09,689:INFO: Experiment Progress: 31.2% -- 162/519
2018-05-23 17:36:10,132:INFO: Experiment Progress: 31.4% -- 163/519
2018-05-23 17:36:10,619:INFO: Experiment Progress: 31.6% -- 164/519
2018-05-23 17:36:13,329:INFO: Experiment Progress: 31.8% -- 165/519
2018-05-23 17:36:13,714:INFO: Experiment Progress: 32.0% -- 166/519
2018-05-23 17:36:14,162:INFO: Experiment Progress: 32.2% -- 167/519
2018-05-23 17:36:14,567:INFO: Experiment Progress: 32.4% -- 168/519
2018-05-23 17:36:14,959:INFO: Experiment Progress: 32.6% -- 169/519
2018-05-23 17:36:15,391:INFO: Experiment Progress: 32.8% -- 170/519
2018-05-23 17:36:15,793:INFO: Experiment Progress: 32.9% -- 171/519
2018-05-23 17:36:16,210:INFO: Experiment Progress: 33.1% -- 172/519
2018-05-23 17:36:17,166:INFO: Experiment Progress: 33.3% -- 173/519
2018-05-23 17:36:18,205:INFO: Experiment Progress: 33.5% -- 174/519
2018-05-23 17:36:18,789:INFO: Experiment Progress: 33.7% -- 175/519
2018-05-23 17:36:19,131:INFO: Experiment Progress: 33.9% -- 176/519
2018-05-23 17:36:20,883:INFO: Experiment Progress: 34.1% -- 177/519
2018-05-23 17:36:21,283:INFO: Experiment Progress: 34.3% -- 178/519
2018-05-23 17:36:21,608:INFO: Experiment Progress: 34.5% -- 179/519
2018-05-23 17:36:22,131:INFO: Experiment Progress: 34.7% -- 180/519
2018-05-23 17:36:22,907:INFO: Experiment Progress: 34.9% -- 181/519
2018-05-23 17:36:23,298:INFO: Experiment Progress: 35.1% -- 182/519
2018-05-23 17:36:23,708:INFO: Experiment Progress: 35.3% -- 183/519
2018-05-23 17:36:24,083:INFO: Experiment Progress: 35.5% -- 184/519
2018-05-23 17:36:24,492:INFO: Experiment Progress: 35.6% -- 185/519
2018-05-23 17:36:25,206:INFO: Experiment Progress: 35.8% -- 186/519
2018-05-23 17:36:25,939:INFO: Experiment Progress: 36.0% -- 187/519
2018-05-23 17:36:28,783:INFO: Experiment Progress: 36.2% -- 188/519
2018-05-23 17:36:29,894:INFO: Experiment Progress: 36.4% -- 189/519
2018-05-23 17:36:30,326:INFO: Experiment Progress: 36.6% -- 190/519
2018-05-23 17:36:30,699:INFO: Experiment Progress: 36.8% -- 191/519
2018-05-23 17:36:31,293:INFO: Experiment Progress: 37.0% -- 192/519
2018-05-23 17:36:31,698:INFO: Experiment Progress: 37.2% -- 193/519
2018-05-23 17:36:32,342:INFO: Experiment Progress: 37.4% -- 194/519
2018-05-23 17:36:32,759:INFO: Experiment Progress: 37.6% -- 195/519
2018-05-23 17:36:34,348:INFO: Experiment Progress: 37.8% -- 196/519
2018-05-23 17:36:34,798:INFO: Experiment Progress: 38.0% -- 197/519
2018-05-23 17:36:35,257:INFO: Experiment Progress: 38.2% -- 198/519
2018-05-23 17:36:35,830:INFO: Experiment Progress: 38.3% -- 199/519
2018-05-23 17:36:36,885:INFO: Experiment Progress: 38.5% -- 200/519
2018-05-23 17:36:37,849:INFO: Experiment Progress: 38.7% -- 201/519
2018-05-23 17:36:39,118:INFO: Experiment Progress: 38.9% -- 202/519
2018-05-23 17:36:39,753:INFO: Experiment Progress: 39.1% -- 203/519
2018-05-23 17:36:40,387:INFO: Experiment Progress: 39.3% -- 204/519
2018-05-23 17:36:41,151:INFO: Experiment Progress: 39.5% -- 205/519
2018-05-23 17:36:41,677:INFO: Experiment Progress: 39.7% -- 206/519
2018-05-23 17:36:42,616:INFO: Experiment Progress: 39.9% -- 207/519
2018-05-23 17:36:43,298:INFO: Experiment Progress: 40.1% -- 208/519
2018-05-23 17:36:43,957:INFO: Experiment Progress: 40.3% -- 209/519
2018-05-23 17:36:44,374:INFO: Experiment Progress: 40.5% -- 210/519
2018-05-23 17:36:44,909:INFO: Experiment Progress: 40.7% -- 211/519
2018-05-23 17:36:45,609:INFO: Experiment Progress: 40.8% -- 212/519
2018-05-23 17:36:46,276:INFO: Experiment Progress: 41.0% -- 213/519
2018-05-23 17:36:46,834:INFO: Experiment Progress: 41.2% -- 214/519
2018-05-23 17:36:47,741:INFO: Experiment Progress: 41.4% -- 215/519
2018-05-23 17:36:48,284:INFO: Experiment Progress: 41.6% -- 216/519
2018-05-23 17:36:48,749:INFO: Experiment Progress: 41.8% -- 217/519
2018-05-23 17:36:49,629:INFO: Experiment Progress: 42.0% -- 218/519
2018-05-23 17:36:50,061:INFO: Experiment Progress: 42.2% -- 219/519
2018-05-23 17:36:50,357:INFO: Experiment Progress: 42.4% -- 220/519
2018-05-23 17:36:51,104:INFO: Experiment Progress: 42.6% -- 221/519
2018-05-23 17:36:51,766:INFO: Experiment Progress: 42.8% -- 222/519
2018-05-23 17:36:52,138:INFO: Experiment Progress: 43.0% -- 223/519
2018-05-23 17:36:52,688:INFO: Experiment Progress: 43.2% -- 224/519
2018-05-23 17:36:53,122:INFO: Experiment Progress: 43.4% -- 225/519
2018-05-23 17:36:53,642:INFO: Experiment Progress: 43.5% -- 226/519
2018-05-23 17:36:54,124:INFO: Experiment Progress: 43.7% -- 227/519
2018-05-23 17:36:54,588:INFO: Experiment Progress: 43.9% -- 228/519
2018-05-23 17:36:55,635:INFO: Experiment Progress: 44.1% -- 229/519
2018-05-23 17:36:56,076:INFO: Experiment Progress: 44.3% -- 230/519
2018-05-23 17:36:56,606:INFO: Experiment Progress: 44.5% -- 231/519
2018-05-23 17:36:57,605:INFO: Experiment Progress: 44.7% -- 232/519
2018-05-23 17:36:58,043:INFO: Experiment Progress: 44.9% -- 233/519
2018-05-23 17:36:59,445:INFO: Experiment Progress: 45.1% -- 234/519
2018-05-23 17:37:00,508:INFO: Experiment Progress: 45.3% -- 235/519
2018-05-23 17:37:01,058:INFO: Experiment Progress: 45.5% -- 236/519
2018-05-23 17:37:01,552:INFO: Experiment Progress: 45.7% -- 237/519
2018-05-23 17:37:02,057:INFO: Experiment Progress: 45.9% -- 238/519
2018-05-23 17:37:02,671:INFO: Experiment Progress: 46.1% -- 239/519
2018-05-23 17:37:03,243:INFO: Experiment Progress: 46.2% -- 240/519
2018-05-23 17:37:04,134:INFO: Experiment Progress: 46.4% -- 241/519
2018-05-23 17:37:05,812:INFO: Experiment Progress: 46.6% -- 242/519
2018-05-23 17:37:07,426:INFO: Experiment Progress: 46.8% -- 243/519
2018-05-23 17:37:07,894:INFO: Experiment Progress: 47.0% -- 244/519
2018-05-23 17:37:08,339:INFO: Experiment Progress: 47.2% -- 245/519
2018-05-23 17:37:09,306:INFO: Experiment Progress: 47.4% -- 246/519
2018-05-23 17:37:09,685:INFO: Experiment Progress: 47.6% -- 247/519
2018-05-23 17:37:11,350:INFO: Experiment Progress: 47.8% -- 248/519
2018-05-23 17:37:11,731:INFO: Experiment Progress: 48.0% -- 249/519
2018-05-23 17:37:12,543:INFO: Experiment Progress: 48.2% -- 250/519
2018-05-23 17:37:12,905:INFO: Experiment Progress: 48.4% -- 251/519
2018-05-23 17:37:13,396:INFO: Experiment Progress: 48.6% -- 252/519
2018-05-23 17:37:14,763:INFO: Experiment Progress: 48.7% -- 253/519
2018-05-23 17:37:15,062:INFO: Experiment Progress: 48.9% -- 254/519
2018-05-23 17:37:15,454:INFO: Experiment Progress: 49.1% -- 255/519
2018-05-23 17:37:15,856:INFO: Experiment Progress: 49.3% -- 256/519
2018-05-23 17:37:16,288:INFO: Experiment Progress: 49.5% -- 257/519
2018-05-23 17:37:17,383:INFO: Experiment Progress: 49.7% -- 258/519
2018-05-23 17:37:17,760:INFO: Experiment Progress: 49.9% -- 259/519
2018-05-23 17:37:17,965:INFO: Experiment Progress: 50.1% -- 260/519
2018-05-23 17:37:18,978:INFO: Experiment Progress: 50.3% -- 261/519
2018-05-23 17:37:19,375:INFO: Experiment Progress: 50.5% -- 262/519
2018-05-23 17:37:20,011:INFO: Experiment Progress: 50.7% -- 263/519
2018-05-23 17:37:20,469:INFO: Experiment Progress: 50.9% -- 264/519
2018-05-23 17:37:20,814:INFO: Experiment Progress: 51.1% -- 265/519
2018-05-23 17:37:21,291:INFO: Experiment Progress: 51.3% -- 266/519
2018-05-23 17:37:21,576:INFO: Experiment Progress: 51.4% -- 267/519
2018-05-23 17:37:22,894:INFO: Experiment Progress: 51.6% -- 268/519
2018-05-23 17:37:23,548:INFO: Experiment Progress: 51.8% -- 269/519
2018-05-23 17:37:23,970:INFO: Experiment Progress: 52.0% -- 270/519
2018-05-23 17:37:24,345:INFO: Experiment Progress: 52.2% -- 271/519
2018-05-23 17:37:24,941:INFO: Experiment Progress: 52.4% -- 272/519
2018-05-23 17:37:25,341:INFO: Experiment Progress: 52.6% -- 273/519
2018-05-23 17:37:26,140:INFO: Experiment Progress: 52.8% -- 274/519
2018-05-23 17:37:26,701:INFO: Experiment Progress: 53.0% -- 275/519
2018-05-23 17:37:27,115:INFO: Experiment Progress: 53.2% -- 276/519
2018-05-23 17:37:27,529:INFO: Experiment Progress: 53.4% -- 277/519
2018-05-23 17:37:27,942:INFO: Experiment Progress: 53.6% -- 278/519
2018-05-23 17:37:29,764:INFO: Experiment Progress: 53.8% -- 279/519
2018-05-23 17:37:29,989:INFO: Experiment Progress: 53.9% -- 280/519
2018-05-23 17:37:31,046:INFO: Experiment Progress: 54.1% -- 281/519
2018-05-23 17:37:35,039:INFO: Experiment Progress: 54.3% -- 282/519
2018-05-23 17:37:35,244:INFO: Experiment Progress: 54.5% -- 283/519
2018-05-23 17:37:35,649:INFO: Experiment Progress: 54.7% -- 284/519
2018-05-23 17:37:36,191:INFO: Experiment Progress: 54.9% -- 285/519
2018-05-23 17:37:37,148:INFO: Experiment Progress: 55.1% -- 286/519
2018-05-23 17:37:37,580:INFO: Experiment Progress: 55.3% -- 287/519
2018-05-23 17:37:38,161:INFO: Experiment Progress: 55.5% -- 288/519
2018-05-23 17:37:38,569:INFO: Experiment Progress: 55.7% -- 289/519
2018-05-23 17:37:38,954:INFO: Experiment Progress: 55.9% -- 290/519
2018-05-23 17:37:39,805:INFO: Experiment Progress: 56.1% -- 291/519
2018-05-23 17:37:40,486:INFO: Experiment Progress: 56.3% -- 292/519
2018-05-23 17:37:41,093:INFO: Experiment Progress: 56.5% -- 293/519
2018-05-23 17:37:41,762:INFO: Experiment Progress: 56.6% -- 294/519
2018-05-23 17:37:42,161:INFO: Experiment Progress: 56.8% -- 295/519
2018-05-23 17:37:42,685:INFO: Experiment Progress: 57.0% -- 296/519
2018-05-23 17:37:43,190:INFO: Experiment Progress: 57.2% -- 297/519
2018-05-23 17:37:43,815:INFO: Experiment Progress: 57.4% -- 298/519
2018-05-23 17:37:45,935:INFO: Experiment Progress: 57.6% -- 299/519
2018-05-23 17:37:46,420:INFO: Experiment Progress: 57.8% -- 300/519
2018-05-23 17:37:47,135:INFO: Experiment Progress: 58.0% -- 301/519
2018-05-23 17:37:48,592:INFO: Experiment Progress: 58.2% -- 302/519
2018-05-23 17:37:49,048:INFO: Experiment Progress: 58.4% -- 303/519
2018-05-23 17:37:49,428:INFO: Experiment Progress: 58.6% -- 304/519
2018-05-23 17:37:49,833:INFO: Experiment Progress: 58.8% -- 305/519
2018-05-23 17:37:50,268:INFO: Experiment Progress: 59.0% -- 306/519
2018-05-23 17:37:50,746:INFO: Experiment Progress: 59.2% -- 307/519
2018-05-23 17:37:51,131:INFO: Experiment Progress: 59.3% -- 308/519
2018-05-23 17:37:51,603:INFO: Experiment Progress: 59.5% -- 309/519
2018-05-23 17:37:52,028:INFO: Experiment Progress: 59.7% -- 310/519
2018-05-23 17:37:52,446:INFO: Experiment Progress: 59.9% -- 311/519
2018-05-23 17:37:52,814:INFO: Experiment Progress: 60.1% -- 312/519
2018-05-23 17:37:53,186:INFO: Experiment Progress: 60.3% -- 313/519
2018-05-23 17:37:53,583:INFO: Experiment Progress: 60.5% -- 314/519
2018-05-23 17:37:54,150:INFO: Experiment Progress: 60.7% -- 315/519
2018-05-23 17:37:54,924:INFO: Experiment Progress: 60.9% -- 316/519
2018-05-23 17:37:56,154:INFO: Experiment Progress: 61.1% -- 317/519
2018-05-23 17:37:56,650:INFO: Experiment Progress: 61.3% -- 318/519
2018-05-23 17:37:57,370:INFO: Experiment Progress: 61.5% -- 319/519
2018-05-23 17:37:58,505:INFO: Experiment Progress: 61.7% -- 320/519
2018-05-23 17:38:00,143:INFO: Experiment Progress: 61.8% -- 321/519
2018-05-23 17:38:00,593:INFO: Experiment Progress: 62.0% -- 322/519
2018-05-23 17:38:01,321:INFO: Experiment Progress: 62.2% -- 323/519
2018-05-23 17:38:01,708:INFO: Experiment Progress: 62.4% -- 324/519
2018-05-23 17:38:02,105:INFO: Experiment Progress: 62.6% -- 325/519
2018-05-23 17:38:02,524:INFO: Experiment Progress: 62.8% -- 326/519
2018-05-23 17:38:03,008:INFO: Experiment Progress: 63.0% -- 327/519
2018-05-23 17:38:03,377:INFO: Experiment Progress: 63.2% -- 328/519
2018-05-23 17:38:04,278:INFO: Experiment Progress: 63.4% -- 329/519
2018-05-23 17:38:05,170:INFO: Experiment Progress: 63.6% -- 330/519
2018-05-23 17:38:06,264:INFO: Experiment Progress: 63.8% -- 331/519
2018-05-23 17:38:07,231:INFO: Experiment Progress: 64.0% -- 332/519
2018-05-23 17:38:08,073:INFO: Experiment Progress: 64.2% -- 333/519
2018-05-23 17:38:09,061:INFO: Experiment Progress: 64.4% -- 334/519
2018-05-23 17:38:09,478:INFO: Experiment Progress: 64.5% -- 335/519
2018-05-23 17:38:10,103:INFO: Experiment Progress: 64.7% -- 336/519
2018-05-23 17:38:11,113:INFO: Experiment Progress: 64.9% -- 337/519
2018-05-23 17:38:12,429:INFO: Experiment Progress: 65.1% -- 338/519
2018-05-23 17:38:12,849:INFO: Experiment Progress: 65.3% -- 339/519
2018-05-23 17:38:13,558:INFO: Experiment Progress: 65.5% -- 340/519
2018-05-23 17:38:14,004:INFO: Experiment Progress: 65.7% -- 341/519
2018-05-23 17:38:14,553:INFO: Experiment Progress: 65.9% -- 342/519
2018-05-23 17:38:15,154:INFO: Experiment Progress: 66.1% -- 343/519
2018-05-23 17:38:16,238:INFO: Experiment Progress: 66.3% -- 344/519
2018-05-23 17:38:17,028:INFO: Experiment Progress: 66.5% -- 345/519
2018-05-23 17:38:17,400:INFO: Experiment Progress: 66.7% -- 346/519
2018-05-23 17:38:17,813:INFO: Experiment Progress: 66.9% -- 347/519
2018-05-23 17:38:18,206:INFO: Experiment Progress: 67.1% -- 348/519
2018-05-23 17:38:19,037:INFO: Experiment Progress: 67.2% -- 349/519
2018-05-23 17:38:19,812:INFO: Experiment Progress: 67.4% -- 350/519
2018-05-23 17:38:20,223:INFO: Experiment Progress: 67.6% -- 351/519
2018-05-23 17:38:21,151:INFO: Experiment Progress: 67.8% -- 352/519
2018-05-23 17:38:21,643:INFO: Experiment Progress: 68.0% -- 353/519
2018-05-23 17:38:22,047:INFO: Experiment Progress: 68.2% -- 354/519
2018-05-23 17:38:22,745:INFO: Experiment Progress: 68.4% -- 355/519
2018-05-23 17:38:23,335:INFO: Experiment Progress: 68.6% -- 356/519
2018-05-23 17:38:23,878:INFO: Experiment Progress: 68.8% -- 357/519
2018-05-23 17:38:24,621:INFO: Experiment Progress: 69.0% -- 358/519
2018-05-23 17:38:25,307:INFO: Experiment Progress: 69.2% -- 359/519
2018-05-23 17:38:25,717:INFO: Experiment Progress: 69.4% -- 360/519
2018-05-23 17:38:26,152:INFO: Experiment Progress: 69.6% -- 361/519
2018-05-23 17:38:27,481:INFO: Experiment Progress: 69.7% -- 362/519
2018-05-23 17:38:27,874:INFO: Experiment Progress: 69.9% -- 363/519
2018-05-23 17:38:28,308:INFO: Experiment Progress: 70.1% -- 364/519
2018-05-23 17:38:28,716:INFO: Experiment Progress: 70.3% -- 365/519
2018-05-23 17:38:29,037:INFO: Experiment Progress: 70.5% -- 366/519
2018-05-23 17:38:29,754:INFO: Experiment Progress: 70.7% -- 367/519
2018-05-23 17:38:30,198:INFO: Experiment Progress: 70.9% -- 368/519
2018-05-23 17:38:31,665:INFO: Experiment Progress: 71.1% -- 369/519
2018-05-23 17:38:32,618:INFO: Experiment Progress: 71.3% -- 370/519
2018-05-23 17:38:33,012:INFO: Experiment Progress: 71.5% -- 371/519
2018-05-23 17:38:33,313:INFO: Experiment Progress: 71.7% -- 372/519
2018-05-23 17:38:35,282:INFO: Experiment Progress: 71.9% -- 373/519
2018-05-23 17:38:36,434:INFO: Experiment Progress: 72.1% -- 374/519
2018-05-23 17:38:37,784:INFO: Experiment Progress: 72.3% -- 375/519
2018-05-23 17:38:38,180:INFO: Experiment Progress: 72.4% -- 376/519
2018-05-23 17:38:38,660:INFO: Experiment Progress: 72.6% -- 377/519
2018-05-23 17:38:39,463:INFO: Experiment Progress: 72.8% -- 378/519
2018-05-23 17:38:39,861:INFO: Experiment Progress: 73.0% -- 379/519
2018-05-23 17:38:40,256:INFO: Experiment Progress: 73.2% -- 380/519
2018-05-23 17:38:40,912:INFO: Experiment Progress: 73.4% -- 381/519
2018-05-23 17:38:41,551:INFO: Experiment Progress: 73.6% -- 382/519
2018-05-23 17:38:41,925:INFO: Experiment Progress: 73.8% -- 383/519
2018-05-23 17:38:42,335:INFO: Experiment Progress: 74.0% -- 384/519
2018-05-23 17:38:42,927:INFO: Experiment Progress: 74.2% -- 385/519
2018-05-23 17:38:43,318:INFO: Experiment Progress: 74.4% -- 386/519
2018-05-23 17:38:43,729:INFO: Experiment Progress: 74.6% -- 387/519
2018-05-23 17:38:44,165:INFO: Experiment Progress: 74.8% -- 388/519
2018-05-23 17:38:44,981:INFO: Experiment Progress: 75.0% -- 389/519
2018-05-23 17:38:45,456:INFO: Experiment Progress: 75.1% -- 390/519
2018-05-23 17:38:47,280:INFO: Experiment Progress: 75.3% -- 391/519
2018-05-23 17:38:47,862:INFO: Experiment Progress: 75.5% -- 392/519
2018-05-23 17:38:48,440:INFO: Experiment Progress: 75.7% -- 393/519
2018-05-23 17:38:48,820:INFO: Experiment Progress: 75.9% -- 394/519
2018-05-23 17:38:49,274:INFO: Experiment Progress: 76.1% -- 395/519
2018-05-23 17:38:49,919:INFO: Experiment Progress: 76.3% -- 396/519
2018-05-23 17:38:50,372:INFO: Experiment Progress: 76.5% -- 397/519
2018-05-23 17:38:50,963:INFO: Experiment Progress: 76.7% -- 398/519
2018-05-23 17:38:51,385:INFO: Experiment Progress: 76.9% -- 399/519
2018-05-23 17:38:51,803:INFO: Experiment Progress: 77.1% -- 400/519
2018-05-23 17:38:52,292:INFO: Experiment Progress: 77.3% -- 401/519
2018-05-23 17:38:52,793:INFO: Experiment Progress: 77.5% -- 402/519
2018-05-23 17:38:53,202:INFO: Experiment Progress: 77.6% -- 403/519
2018-05-23 17:38:53,526:INFO: Experiment Progress: 77.8% -- 404/519
2018-05-23 17:38:54,326:INFO: Experiment Progress: 78.0% -- 405/519
2018-05-23 17:38:55,420:INFO: Experiment Progress: 78.2% -- 406/519
2018-05-23 17:38:55,847:INFO: Experiment Progress: 78.4% -- 407/519
2018-05-23 17:38:56,322:INFO: Experiment Progress: 78.6% -- 408/519
2018-05-23 17:38:56,970:INFO: Experiment Progress: 78.8% -- 409/519
2018-05-23 17:38:57,409:INFO: Experiment Progress: 79.0% -- 410/519
2018-05-23 17:38:58,136:INFO: Experiment Progress: 79.2% -- 411/519
2018-05-23 17:38:58,678:INFO: Experiment Progress: 79.4% -- 412/519
2018-05-23 17:38:59,332:INFO: Experiment Progress: 79.6% -- 413/519
2018-05-23 17:39:00,527:INFO: Experiment Progress: 79.8% -- 414/519
2018-05-23 17:39:00,913:INFO: Experiment Progress: 80.0% -- 415/519
2018-05-23 17:39:01,451:INFO: Experiment Progress: 80.2% -- 416/519
2018-05-23 17:39:01,895:INFO: Experiment Progress: 80.3% -- 417/519
2018-05-23 17:39:02,302:INFO: Experiment Progress: 80.5% -- 418/519
2018-05-23 17:39:02,804:INFO: Experiment Progress: 80.7% -- 419/519
2018-05-23 17:39:03,179:INFO: Experiment Progress: 80.9% -- 420/519
2018-05-23 17:39:03,568:INFO: Experiment Progress: 81.1% -- 421/519
2018-05-23 17:39:04,031:INFO: Experiment Progress: 81.3% -- 422/519
2018-05-23 17:39:04,518:INFO: Experiment Progress: 81.5% -- 423/519
2018-05-23 17:39:05,435:INFO: Experiment Progress: 81.7% -- 424/519
2018-05-23 17:39:05,850:INFO: Experiment Progress: 81.9% -- 425/519
2018-05-23 17:39:06,283:INFO: Experiment Progress: 82.1% -- 426/519
2018-05-23 17:39:07,914:INFO: Experiment Progress: 82.3% -- 427/519
2018-05-23 17:39:08,347:INFO: Experiment Progress: 82.5% -- 428/519
2018-05-23 17:39:08,910:INFO: Experiment Progress: 82.7% -- 429/519
2018-05-23 17:39:09,276:INFO: Experiment Progress: 82.9% -- 430/519
2018-05-23 17:39:09,818:INFO: Experiment Progress: 83.0% -- 431/519
2018-05-23 17:39:10,304:INFO: Experiment Progress: 83.2% -- 432/519
2018-05-23 17:39:10,816:INFO: Experiment Progress: 83.4% -- 433/519
2018-05-23 17:39:11,813:INFO: Experiment Progress: 83.6% -- 434/519
2018-05-23 17:39:13,036:INFO: Experiment Progress: 83.8% -- 435/519
2018-05-23 17:39:13,575:INFO: Experiment Progress: 84.0% -- 436/519
2018-05-23 17:39:14,503:INFO: Experiment Progress: 84.2% -- 437/519
2018-05-23 17:39:15,003:INFO: Experiment Progress: 84.4% -- 438/519
2018-05-23 17:39:15,507:INFO: Experiment Progress: 84.6% -- 439/519
2018-05-23 17:39:16,535:INFO: Experiment Progress: 84.8% -- 440/519
2018-05-23 17:39:17,190:INFO: Experiment Progress: 85.0% -- 441/519
2018-05-23 17:39:17,653:INFO: Experiment Progress: 85.2% -- 442/519
2018-05-23 17:39:18,090:INFO: Experiment Progress: 85.4% -- 443/519
2018-05-23 17:39:18,593:INFO: Experiment Progress: 85.5% -- 444/519
2018-05-23 17:39:19,090:INFO: Experiment Progress: 85.7% -- 445/519
2018-05-23 17:39:19,560:INFO: Experiment Progress: 85.9% -- 446/519
2018-05-23 17:39:20,076:INFO: Experiment Progress: 86.1% -- 447/519
2018-05-23 17:39:20,509:INFO: Experiment Progress: 86.3% -- 448/519
2018-05-23 17:39:20,894:INFO: Experiment Progress: 86.5% -- 449/519
2018-05-23 17:39:21,418:INFO: Experiment Progress: 86.7% -- 450/519
2018-05-23 17:39:21,812:INFO: Experiment Progress: 86.9% -- 451/519
2018-05-23 17:39:22,230:INFO: Experiment Progress: 87.1% -- 452/519
2018-05-23 17:39:22,821:INFO: Experiment Progress: 87.3% -- 453/519
2018-05-23 17:39:23,281:INFO: Experiment Progress: 87.5% -- 454/519
2018-05-23 17:39:24,109:INFO: Experiment Progress: 87.7% -- 455/519
2018-05-23 17:39:24,667:INFO: Experiment Progress: 87.9% -- 456/519
2018-05-23 17:39:25,327:INFO: Experiment Progress: 88.1% -- 457/519
2018-05-23 17:39:25,914:INFO: Experiment Progress: 88.2% -- 458/519
2018-05-23 17:39:26,754:INFO: Experiment Progress: 88.4% -- 459/519
2018-05-23 17:39:27,750:INFO: Experiment Progress: 88.6% -- 460/519
2018-05-23 17:39:28,321:INFO: Experiment Progress: 88.8% -- 461/519
2018-05-23 17:39:31,467:INFO: Experiment Progress: 89.0% -- 462/519
2018-05-23 17:39:32,090:INFO: Experiment Progress: 89.2% -- 463/519
2018-05-23 17:39:32,815:INFO: Experiment Progress: 89.4% -- 464/519
2018-05-23 17:39:34,116:INFO: Experiment Progress: 89.6% -- 465/519
2018-05-23 17:39:34,509:INFO: Experiment Progress: 89.8% -- 466/519
2018-05-23 17:39:34,934:INFO: Experiment Progress: 90.0% -- 467/519
2018-05-23 17:39:35,415:INFO: Experiment Progress: 90.2% -- 468/519
2018-05-23 17:39:36,063:INFO: Experiment Progress: 90.4% -- 469/519
2018-05-23 17:39:36,707:INFO: Experiment Progress: 90.6% -- 470/519
2018-05-23 17:39:37,528:INFO: Experiment Progress: 90.8% -- 471/519
2018-05-23 17:39:38,038:INFO: Experiment Progress: 90.9% -- 472/519
2018-05-23 17:39:42,625:INFO: Experiment Progress: 91.1% -- 473/519
2018-05-23 17:39:43,229:INFO: Experiment Progress: 91.3% -- 474/519
2018-05-23 17:39:43,668:INFO: Experiment Progress: 91.5% -- 475/519
2018-05-23 17:39:44,199:INFO: Experiment Progress: 91.7% -- 476/519
2018-05-23 17:39:44,634:INFO: Experiment Progress: 91.9% -- 477/519
2018-05-23 17:39:45,089:INFO: Experiment Progress: 92.1% -- 478/519
2018-05-23 17:39:45,507:INFO: Experiment Progress: 92.3% -- 479/519
2018-05-23 17:39:48,804:INFO: Experiment Progress: 92.5% -- 480/519
2018-05-23 17:39:49,479:INFO: Experiment Progress: 92.7% -- 481/519
2018-05-23 17:39:50,101:INFO: Experiment Progress: 92.9% -- 482/519
2018-05-23 17:39:50,605:INFO: Experiment Progress: 93.1% -- 483/519
2018-05-23 17:39:51,558:INFO: Experiment Progress: 93.3% -- 484/519
2018-05-23 17:39:53,110:INFO: Experiment Progress: 93.4% -- 485/519
2018-05-23 17:39:53,759:INFO: Experiment Progress: 93.6% -- 486/519
2018-05-23 17:39:54,414:INFO: Experiment Progress: 93.8% -- 487/519
2018-05-23 17:39:55,365:INFO: Experiment Progress: 94.0% -- 488/519
2018-05-23 17:39:56,288:INFO: Experiment Progress: 94.2% -- 489/519
2018-05-23 17:39:56,701:INFO: Experiment Progress: 94.4% -- 490/519
2018-05-23 17:39:57,245:INFO: Experiment Progress: 94.6% -- 491/519
2018-05-23 17:39:57,682:INFO: Experiment Progress: 94.8% -- 492/519
2018-05-23 17:39:58,160:INFO: Experiment Progress: 95.0% -- 493/519
2018-05-23 17:39:58,659:INFO: Experiment Progress: 95.2% -- 494/519
2018-05-23 17:39:59,198:INFO: Experiment Progress: 95.4% -- 495/519
2018-05-23 17:40:00,679:INFO: Experiment Progress: 95.6% -- 496/519
2018-05-23 17:40:01,199:INFO: Experiment Progress: 95.8% -- 497/519
2018-05-23 17:40:01,761:INFO: Experiment Progress: 96.0% -- 498/519
2018-05-23 17:40:02,314:INFO: Experiment Progress: 96.1% -- 499/519
2018-05-23 17:40:03,980:INFO: Experiment Progress: 96.3% -- 500/519
2018-05-23 17:40:04,528:INFO: Experiment Progress: 96.5% -- 501/519
2018-05-23 17:40:05,618:INFO: Experiment Progress: 96.7% -- 502/519
2018-05-23 17:40:06,182:INFO: Experiment Progress: 96.9% -- 503/519
2018-05-23 17:40:06,717:INFO: Experiment Progress: 97.1% -- 504/519
2018-05-23 17:40:07,201:INFO: Experiment Progress: 97.3% -- 505/519
2018-05-23 17:40:07,904:INFO: Experiment Progress: 97.5% -- 506/519
2018-05-23 17:40:08,332:INFO: Experiment Progress: 97.7% -- 507/519
2018-05-23 17:40:08,769:INFO: Experiment Progress: 97.9% -- 508/519
2018-05-23 17:40:10,031:INFO: Experiment Progress: 98.1% -- 509/519
2018-05-23 17:40:10,961:INFO: Experiment Progress: 98.3% -- 510/519
2018-05-23 17:40:11,708:INFO: Experiment Progress: 98.5% -- 511/519
2018-05-23 17:40:13,687:INFO: Experiment Progress: 98.7% -- 512/519
2018-05-23 17:40:14,648:INFO: Experiment Progress: 98.8% -- 513/519
2018-05-23 17:40:15,113:INFO: Experiment Progress: 99.0% -- 514/519
2018-05-23 17:40:15,630:INFO: Experiment Progress: 99.2% -- 515/519
2018-05-23 17:40:16,327:INFO: Experiment Progress: 99.4% -- 516/519
2018-05-23 17:40:16,952:INFO: Experiment Progress: 99.6% -- 517/519
2018-05-23 17:40:18,352:INFO: Experiment Progress: 99.8% -- 518/519
