2018-04-17 15:33:36,897:INFO: Complementarity Sharing in Disease Pathways
2018-04-17 15:33:36,897:INFO: Sabri Eyuboglu  -- SNAP Group
2018-04-17 15:33:36,897:INFO: ======================================
2018-04-17 15:33:36,897:INFO: Loading PPI Network...
2018-04-17 15:34:42,081:INFO: Complementarity Sharing in Disease Pathways
2018-04-17 15:34:42,081:INFO: Sabri Eyuboglu  -- SNAP Group
2018-04-17 15:34:42,081:INFO: ======================================
2018-04-17 15:34:42,081:INFO: Loading PPI Network...
2018-04-17 15:34:55,910:INFO: Complementarity Sharing in Disease Pathways
2018-04-17 15:34:55,910:INFO: Sabri Eyuboglu  -- SNAP Group
2018-04-17 15:34:55,910:INFO: ======================================
2018-04-17 15:34:55,910:INFO: Loading PPI Network...
2018-04-17 15:35:10,044:INFO: Loading Disease Associations...
2018-04-17 15:35:10,052:INFO: Loading Complementarity Matrix...
2018-04-17 15:35:19,710:INFO: Subgraphs in Disease Pathways
2018-04-17 15:35:19,710:INFO: Sabri Eyuboglu  -- SNAP Group
2018-04-17 15:35:19,710:INFO: ======================================
2018-04-17 15:35:19,710:INFO: Loading PPI Network...
2018-04-17 15:35:36,127:INFO: Loading Disease Associations...
2018-04-17 15:35:36,134:INFO: Running Experiment...
2018-04-17 15:35:36,134:INFO: 0: Zellweger Syndrome
2018-04-17 15:36:42,078:INFO: Subgraphs in Disease Pathways
2018-04-17 15:36:42,078:INFO: Sabri Eyuboglu  -- SNAP Group
2018-04-17 15:36:42,079:INFO: ======================================
2018-04-17 15:36:42,080:INFO: Loading PPI Network...
2018-04-17 15:36:55,203:INFO: Loading Disease Associations...
2018-04-17 15:36:55,208:INFO: Running Experiment...
2018-04-17 15:36:55,208:INFO: 0: Zellweger Syndrome
2018-04-17 16:02:11,790:INFO: Subgraphs in Disease Pathways
2018-04-17 16:02:11,790:INFO: Sabri Eyuboglu  -- SNAP Group
2018-04-17 16:02:11,790:INFO: ======================================
2018-04-17 16:02:11,790:INFO: Loading PPI Network...
2018-04-17 16:02:27,085:INFO: Loading Disease Associations...
2018-04-17 16:02:27,090:INFO: Running Experiment...
2018-04-17 16:02:27,090:INFO: 0: Zellweger Syndrome
2018-04-17 16:17:40,316:INFO: Subgraphs in Disease Pathways
2018-04-17 16:17:40,317:INFO: Sabri Eyuboglu  -- SNAP Group
2018-04-17 16:17:40,317:INFO: ======================================
2018-04-17 16:17:40,317:INFO: Loading PPI Network...
2018-04-17 16:17:57,259:INFO: Loading Disease Associations...
2018-04-17 16:17:57,267:INFO: Loading PPI Matrix...
2018-04-17 16:18:05,068:INFO: Running Experiment...
2018-04-17 16:18:05,072:INFO: 0: Zellweger Syndrome
2018-04-17 16:22:11,619:INFO: Subgraphs in Disease Pathways
2018-04-17 16:22:11,619:INFO: Sabri Eyuboglu  -- SNAP Group
2018-04-17 16:22:11,620:INFO: ======================================
2018-04-17 16:22:11,620:INFO: Loading PPI Network...
2018-04-17 16:22:25,382:INFO: Loading Disease Associations...
2018-04-17 16:22:25,393:INFO: Loading PPI Matrix...
2018-04-17 16:22:33,562:INFO: Running Experiment...
2018-04-17 16:22:33,564:INFO: 1: Zellweger Syndrome
2018-04-17 16:22:34,374:INFO: Comp - Matrix Comp Difference:0.818690730607
2018-04-17 16:22:34,391:INFO: Comp - Matrix Comp Difference:0.586460942271
2018-04-17 16:22:34,411:INFO: Comp - Matrix Comp Difference:0.727730918049
2018-04-17 16:22:34,437:INFO: Comp - Matrix Comp Difference:0.465875740566
2018-04-17 16:22:34,461:INFO: Comp - Matrix Comp Difference:0.484293267855
2018-04-17 16:22:34,486:INFO: Comp - Matrix Comp Difference:1.19341082322
2018-04-17 16:22:34,510:INFO: Comp - Matrix Comp Difference:1.14126488005
2018-04-17 16:22:34,532:INFO: Comp - Matrix Comp Difference:1.64684143419
2018-04-17 16:22:34,552:INFO: Comp - Matrix Comp Difference:1.06389770898
2018-04-17 16:22:34,577:INFO: Comp - Matrix Comp Difference:1.17190819559
2018-04-17 16:22:34,600:INFO: Comp - Matrix Comp Difference:0.905906775307
2018-04-17 16:22:34,624:INFO: Comp - Matrix Comp Difference:0.995914576078
2018-04-17 16:22:34,647:INFO: Comp - Matrix Comp Difference:1.37581488019
2018-04-17 16:22:34,667:INFO: Comp - Matrix Comp Difference:0.542113005721
2018-04-17 16:22:34,692:INFO: Comp - Matrix Comp Difference:0.41585357759
2018-04-17 16:23:38,187:INFO: Subgraphs in Disease Pathways
2018-04-17 16:23:38,187:INFO: Sabri Eyuboglu  -- SNAP Group
2018-04-17 16:23:38,188:INFO: ======================================
2018-04-17 16:23:38,188:INFO: Loading PPI Network...
2018-04-17 16:23:51,834:INFO: Loading Disease Associations...
2018-04-17 16:23:51,842:INFO: Loading PPI Matrix...
2018-04-17 16:23:59,570:INFO: Running Experiment...
2018-04-17 16:23:59,572:INFO: 1: Zellweger Syndrome
2018-04-17 16:24:00,330:INFO: Comp - Matrix Comp Difference:0.818690730607
2018-04-17 16:24:00,330:INFO: Comp:0.882722732036
2018-04-17 16:24:00,330:INFO: Matrix Comp:0.0640320014296
2018-04-17 16:24:00,349:INFO: Comp - Matrix Comp Difference:0.586460942271
2018-04-17 16:24:00,350:INFO: Comp:0.632451756868
2018-04-17 16:24:00,350:INFO: Matrix Comp:0.0459908145972
2018-04-17 16:24:00,375:INFO: Comp - Matrix Comp Difference:0.727730918049
2018-04-17 16:24:00,376:INFO: Comp:0.784479196972
2018-04-17 16:24:00,376:INFO: Matrix Comp:0.0567482789226
2018-04-17 16:24:00,403:INFO: Comp - Matrix Comp Difference:0.465875740566
2018-04-17 16:24:00,403:INFO: Comp:0.501734212814
2018-04-17 16:24:00,403:INFO: Matrix Comp:0.0358584722473
2018-04-17 16:24:00,433:INFO: Comp - Matrix Comp Difference:0.484293267855
2018-04-17 16:24:00,433:INFO: Comp:0.521569540753
2018-04-17 16:24:00,433:INFO: Matrix Comp:0.0372762728981
2018-04-17 16:24:00,458:INFO: Comp - Matrix Comp Difference:1.19341082322
2018-04-17 16:24:00,458:INFO: Comp:1.2854608469
2018-04-17 16:24:00,458:INFO: Matrix Comp:0.0920500236853
2018-04-17 16:24:00,487:INFO: Comp - Matrix Comp Difference:1.14126488005
2018-04-17 16:24:00,487:INFO: Comp:1.23189554771
2018-04-17 16:24:00,487:INFO: Matrix Comp:0.0906306676559
2018-04-17 16:24:00,511:INFO: Comp - Matrix Comp Difference:1.64684143419
2018-04-17 16:24:00,511:INFO: Comp:1.77490783848
2018-04-17 16:24:00,512:INFO: Matrix Comp:0.128066404287
2018-04-17 16:24:00,547:INFO: Comp - Matrix Comp Difference:1.06389770898
2018-04-17 16:24:00,548:INFO: Comp:1.1513997885
2018-04-17 16:24:00,549:INFO: Matrix Comp:0.0875020795176
2018-04-17 16:24:00,572:INFO: Comp - Matrix Comp Difference:1.17190819559
2018-04-17 16:24:00,572:INFO: Comp:1.26346567503
2018-04-17 16:24:00,572:INFO: Matrix Comp:0.0915574794429
2018-04-17 16:24:00,602:INFO: Comp - Matrix Comp Difference:0.905906775307
2018-04-17 16:24:00,602:INFO: Comp:0.976666513124
2018-04-17 16:24:00,602:INFO: Matrix Comp:0.0707597378175
2018-04-17 16:24:00,625:INFO: Comp - Matrix Comp Difference:0.995914576078
2018-04-17 16:24:00,625:INFO: Comp:1.0725235845
2018-04-17 16:24:00,625:INFO: Matrix Comp:0.0766090084204
2018-04-17 16:24:00,653:INFO: Comp - Matrix Comp Difference:1.37581488019
2018-04-17 16:24:00,653:INFO: Comp:1.48211375857
2018-04-17 16:24:00,654:INFO: Matrix Comp:0.106298878379
2018-04-17 16:24:00,676:INFO: Comp - Matrix Comp Difference:0.542113005721
2018-04-17 16:24:00,676:INFO: Comp:0.587870151829
2018-04-17 16:24:00,676:INFO: Matrix Comp:0.0457571461073
2018-04-17 16:24:00,701:INFO: Comp - Matrix Comp Difference:0.41585357759
2018-04-17 16:24:00,701:INFO: Comp:0.448028965865
2018-04-17 16:24:00,702:INFO: Matrix Comp:0.0321753882745
2018-04-17 16:28:31,125:INFO: Subgraphs in Disease Pathways
2018-04-17 16:28:31,126:INFO: Sabri Eyuboglu  -- SNAP Group
2018-04-17 16:28:31,127:INFO: ======================================
2018-04-17 16:28:31,127:INFO: Loading PPI Network...
2018-04-17 16:28:48,067:INFO: Loading Disease Associations...
2018-04-17 16:28:48,075:INFO: Loading PPI Matrix...
2018-04-17 16:28:55,460:INFO: Running Experiment...
2018-04-17 16:28:55,461:INFO: 1: Zellweger Syndrome
2018-04-17 16:28:56,147:INFO: Comp - Matrix Comp Difference: 0.818690730607
2018-04-17 16:28:56,148:INFO: Comp - Matrix Relative Difference: 0.815089585704
2018-04-17 16:28:56,148:INFO: Comp:0.882722732036
2018-04-17 16:28:56,148:INFO: Matrix Comp:0.0640320014296
2018-04-17 16:28:56,164:INFO: Comp - Matrix Comp Difference: 0.586460942271
2018-04-17 16:28:56,165:INFO: Comp - Matrix Relative Difference: 0.564662946833
2018-04-17 16:28:56,165:INFO: Comp:0.632451756868
2018-04-17 16:28:56,165:INFO: Matrix Comp:0.0459908145972
2018-04-17 16:28:56,183:INFO: Comp - Matrix Comp Difference: 0.727730918049
2018-04-17 16:28:56,183:INFO: Comp - Matrix Relative Difference: 0.717020298459
2018-04-17 16:28:56,183:INFO: Comp:0.784479196972
2018-04-17 16:28:56,183:INFO: Matrix Comp:0.0567482789226
2018-04-17 16:28:56,199:INFO: Comp - Matrix Comp Difference: 0.465875740566
2018-04-17 16:28:56,199:INFO: Comp - Matrix Relative Difference: 0.435032277978
2018-04-17 16:28:56,200:INFO: Comp:0.501734212814
2018-04-17 16:28:56,203:INFO: Matrix Comp:0.0358584722473
2018-04-17 16:28:56,219:INFO: Comp - Matrix Comp Difference: 0.484293267855
2018-04-17 16:28:56,219:INFO: Comp - Matrix Relative Difference: 0.454867291246
2018-04-17 16:28:56,219:INFO: Comp:0.521569540753
2018-04-17 16:28:56,219:INFO: Matrix Comp:0.0372762728981
2018-04-17 16:28:56,234:INFO: Comp - Matrix Comp Difference: 1.19341082322
2018-04-17 16:28:56,234:INFO: Comp - Matrix Relative Difference: 1.21863740061
2018-04-17 16:28:56,234:INFO: Comp:1.2854608469
2018-04-17 16:28:56,235:INFO: Matrix Comp:0.0920500236853
2018-04-17 16:28:56,251:INFO: Comp - Matrix Comp Difference: 1.14126488005
2018-04-17 16:28:56,251:INFO: Comp - Matrix Relative Difference: 1.16336710071
2018-04-17 16:28:56,252:INFO: Comp:1.23189554771
2018-04-17 16:28:56,252:INFO: Matrix Comp:0.0906306676559
2018-04-17 16:28:56,269:INFO: Comp - Matrix Comp Difference: 1.64684143419
2018-04-17 16:28:56,269:INFO: Comp - Matrix Relative Difference: 1.70760981551
2018-04-17 16:28:56,269:INFO: Comp:1.77490783848
2018-04-17 16:28:56,270:INFO: Matrix Comp:0.128066404287
2018-04-17 16:28:56,284:INFO: Comp - Matrix Comp Difference: 1.06389770898
2018-04-17 16:28:56,285:INFO: Comp - Matrix Relative Difference: 1.08077104721
2018-04-17 16:28:56,285:INFO: Comp:1.1513997885
2018-04-17 16:28:56,285:INFO: Matrix Comp:0.0875020795176
2018-04-17 16:28:56,300:INFO: Comp - Matrix Comp Difference: 1.17190819559
2018-04-17 16:28:56,300:INFO: Comp - Matrix Relative Difference: 1.19589673413
2018-04-17 16:28:56,301:INFO: Comp:1.26346567503
2018-04-17 16:28:56,301:INFO: Matrix Comp:0.0915574794429
2018-04-17 16:28:56,320:INFO: Comp - Matrix Comp Difference: 0.905906775307
2018-04-17 16:28:56,338:INFO: Comp - Matrix Relative Difference: 0.909110694513
2018-04-17 16:28:56,338:INFO: Comp:0.976666513124
2018-04-17 16:28:56,338:INFO: Matrix Comp:0.0707597378175
2018-04-17 16:28:56,353:INFO: Comp - Matrix Comp Difference: 0.995914576078
2018-04-17 16:28:56,353:INFO: Comp - Matrix Relative Difference: 1.00585677086
2018-04-17 16:28:56,353:INFO: Comp:1.0725235845
2018-04-17 16:28:56,353:INFO: Matrix Comp:0.0766090084204
2018-04-17 16:28:56,368:INFO: Comp - Matrix Comp Difference: 1.37581488019
2018-04-17 16:28:56,369:INFO: Comp - Matrix Relative Difference: 1.41519230761
2018-04-17 16:28:56,369:INFO: Comp:1.48211375857
2018-04-17 16:28:56,369:INFO: Matrix Comp:0.106298878379
2018-04-17 16:28:56,383:INFO: Comp - Matrix Comp Difference: 0.542113005721
2018-04-17 16:28:56,383:INFO: Comp - Matrix Relative Difference: 0.51565554514
2018-04-17 16:28:56,383:INFO: Comp:0.587870151829
2018-04-17 16:28:56,384:INFO: Matrix Comp:0.0457571461073
2018-04-17 16:28:56,400:INFO: Comp - Matrix Comp Difference: 0.41585357759
2018-04-17 16:28:56,401:INFO: Comp - Matrix Relative Difference: 0.381025432896
2018-04-17 16:28:56,401:INFO: Comp:0.448028965865
2018-04-17 16:28:56,401:INFO: Matrix Comp:0.0321753882745
2018-04-17 17:44:50,510:INFO: Subgraphs in Disease Pathways
2018-04-17 17:44:50,510:INFO: Sabri Eyuboglu  -- SNAP Group
2018-04-17 17:44:50,511:INFO: ======================================
2018-04-17 17:44:50,512:INFO: Loading PPI Network...
2018-04-17 17:45:05,133:INFO: Loading Disease Associations...
2018-04-17 17:45:05,142:INFO: Loading PPI Matrix...
2018-04-17 17:45:13,358:INFO: Running Experiment...
2018-04-17 17:45:13,359:INFO: 1: Zellweger Syndrome
2018-04-17 17:45:14,123:INFO: Comp - Matrix Comp Difference: -0.0583468279774
2018-04-17 17:45:14,124:INFO: Comp - Matrix Relative Difference: -0.912768586875
2018-04-17 17:45:14,124:INFO: Comp:0.0056851734522
2018-04-17 17:45:14,124:INFO: Matrix Comp:0.0640320014296
2018-04-17 17:45:14,145:INFO: Comp - Matrix Comp Difference: -0.0406668750013
2018-04-17 17:45:14,145:INFO: Comp - Matrix Relative Difference: -0.890925400782
2018-04-17 17:45:14,146:INFO: Comp:0.00532393959589
2018-04-17 17:45:14,146:INFO: Matrix Comp:0.0459908145972
2018-04-17 17:45:14,175:INFO: Comp - Matrix Comp Difference: -0.0412071801906
2018-04-17 17:45:14,176:INFO: Comp - Matrix Relative Difference: -0.76947435947
2018-04-17 17:45:14,176:INFO: Comp:0.015541098732
2018-04-17 17:45:14,176:INFO: Matrix Comp:0.0567482789226
2018-04-17 17:45:14,200:INFO: Comp - Matrix Comp Difference: -0.0250528610241
2018-04-17 17:45:14,201:INFO: Comp - Matrix Relative Difference: -0.75763275894
2018-04-17 17:45:14,201:INFO: Comp:0.0108056112233
2018-04-17 17:45:14,201:INFO: Matrix Comp:0.0358584722473
2018-04-17 17:45:14,231:INFO: Comp - Matrix Comp Difference: -0.0254952178484
2018-04-17 17:45:14,232:INFO: Comp - Matrix Relative Difference: -0.748070214017
2018-04-17 17:45:14,232:INFO: Comp:0.0117810550496
2018-04-17 17:45:14,233:INFO: Matrix Comp:0.0372762728981
2018-04-17 17:45:14,260:INFO: Comp - Matrix Comp Difference: -0.0545652241706
2018-04-17 17:45:14,260:INFO: Comp - Matrix Relative Difference: -0.673135104935
2018-04-17 17:45:14,260:INFO: Comp:0.0374847995148
2018-04-17 17:45:14,260:INFO: Matrix Comp:0.0920500236853
2018-04-17 17:45:14,277:INFO: Comp - Matrix Comp Difference: -0.0718705952811
2018-04-17 17:45:14,277:INFO: Comp - Matrix Relative Difference: -0.809743945703
2018-04-17 17:45:14,277:INFO: Comp:0.0187600723748
2018-04-17 17:45:14,277:INFO: Matrix Comp:0.0906306676559
2018-04-17 17:45:14,293:INFO: Comp - Matrix Comp Difference: -0.064676838627
2018-04-17 17:45:14,294:INFO: Comp - Matrix Relative Difference: -0.605518300324
2018-04-17 17:45:14,294:INFO: Comp:0.0633895656598
2018-04-17 17:45:14,294:INFO: Matrix Comp:0.128066404287
2018-04-17 17:45:14,310:INFO: Comp - Matrix Comp Difference: -0.0627049296336
2018-04-17 17:45:14,311:INFO: Comp - Matrix Relative Difference: -0.754389670754
2018-04-17 17:45:14,311:INFO: Comp:0.024797149884
2018-04-17 17:45:14,311:INFO: Matrix Comp:0.0875020795176
2018-04-17 17:45:14,326:INFO: Comp - Matrix Comp Difference: -0.0810664150603
2018-04-17 17:45:14,326:INFO: Comp - Matrix Relative Difference: -0.886704290011
2018-04-17 17:45:14,327:INFO: Comp:0.0104910643826
2018-04-17 17:45:14,327:INFO: Matrix Comp:0.0915574794429
2018-04-17 17:45:14,343:INFO: Comp - Matrix Comp Difference: -0.063783548438
2018-04-17 17:45:14,343:INFO: Comp - Matrix Relative Difference: -0.903281658812
2018-04-17 17:45:14,343:INFO: Comp:0.00697618937946
2018-04-17 17:45:14,343:INFO: Matrix Comp:0.0707597378175
2018-04-17 17:45:14,363:INFO: Comp - Matrix Comp Difference: -0.0453335855737
2018-04-17 17:45:14,363:INFO: Comp - Matrix Relative Difference: -0.678827114847
2018-04-17 17:45:14,363:INFO: Comp:0.0312754228467
2018-04-17 17:45:14,363:INFO: Matrix Comp:0.0766090084204
2018-04-17 17:45:14,391:INFO: Comp - Matrix Comp Difference: -0.0728213410323
2018-04-17 17:45:14,391:INFO: Comp - Matrix Relative Difference: -0.727014694673
2018-04-17 17:45:14,391:INFO: Comp:0.0334775373468
2018-04-17 17:45:14,392:INFO: Matrix Comp:0.106298878379
2018-04-17 17:45:14,418:INFO: Comp - Matrix Comp Difference: -0.0309111828639
2018-04-17 17:45:14,418:INFO: Comp - Matrix Relative Difference: -0.740183714236
2018-04-17 17:45:14,418:INFO: Comp:0.0148459632434
2018-04-17 17:45:14,419:INFO: Matrix Comp:0.0457571461073
2018-04-17 17:45:14,441:INFO: Comp - Matrix Comp Difference: -0.0284039082754
2018-04-17 17:45:14,441:INFO: Comp - Matrix Relative Difference: -0.891310339912
2018-04-17 17:45:14,444:INFO: Comp:0.00377147999918
2018-04-17 17:45:14,445:INFO: Matrix Comp:0.0321753882745
2018-04-17 17:49:24,422:INFO: Subgraphs in Disease Pathways
2018-04-17 17:49:24,423:INFO: Sabri Eyuboglu  -- SNAP Group
2018-04-17 17:49:24,423:INFO: ======================================
2018-04-17 17:49:24,423:INFO: Loading PPI Network...
2018-04-17 17:49:38,435:INFO: Loading Disease Associations...
2018-04-17 17:49:38,442:INFO: Loading PPI Matrix...
2018-04-17 17:49:46,593:INFO: Running Experiment...
2018-04-17 17:49:46,595:INFO: 1: Zellweger Syndrome
2018-04-17 17:49:46,599:INFO: [0.01030674628697522, 0.0027591658759675928, 0.0017461834679695009, 0.0094241978217589305, 0.0035160602013061567, 0.003319091792389131, 0.003319091792389131, 0.0067434825617839825, 0.0026784419113774775, 0.0033964144985494547, 0.016042982815899616, 0.0026784419113774775, 0.010200971504888091, 0.0034611558881461543]
2018-04-17 17:50:28,600:INFO: Subgraphs in Disease Pathways
2018-04-17 17:50:28,601:INFO: Sabri Eyuboglu  -- SNAP Group
2018-04-17 17:50:28,601:INFO: ======================================
2018-04-17 17:50:28,601:INFO: Loading PPI Network...
2018-04-17 17:50:45,158:INFO: Loading Disease Associations...
2018-04-17 17:50:45,165:INFO: Loading PPI Matrix...
2018-04-17 17:50:53,272:INFO: Running Experiment...
2018-04-17 17:50:53,274:INFO: 1: Zellweger Syndrome
2018-04-17 17:50:53,277:INFO: [0.01030674628697522, 0.0027591658759675928, 0.0017461834679695009, 0.0094241978217589305, 0.0035160602013061567, 0.003319091792389131, 0.003319091792389131, 0.0067434825617839825, 0.0026784419113774775, 0.0033964144985494547, 0.016042982815899616, 0.0026784419113774775, 0.010200971504888091, 0.0034611558881461543]
2018-04-17 17:50:54,279:INFO: [ 0.11838132  0.03022929  0.03681051  0.03681051  0.03906654  0.07531277
  0.03022929  0.03906654  0.17985072  0.10637129  0.03060119  0.11367622
  0.04060416  0.01943766]
2018-04-17 17:50:54,308:INFO: Comp - Matrix Comp Difference: -0.0583468279774
2018-04-17 17:50:54,308:INFO: Comp - Matrix Relative Difference: -0.912768586875
2018-04-17 17:50:54,309:INFO: Comp:0.0056851734522
2018-04-17 17:50:54,309:INFO: Matrix Comp:0.0640320014296
2018-04-17 17:50:54,312:INFO: [0.017607358240249331, 0.0056443712428275164, 0.0027406549178004393, 0.0089786263722755645, 0.0072589217809361176, 0.0, 0.0, 0.0028668694751467013, 0.0028668694751467013, 0.0028668694751467013, 0.012496651369904717, 0.0016145505381086011, 0.0073387483005590559, 0.0022546631543812006]
2018-04-17 17:50:54,344:INFO: [ 0.15581403  0.01389023  0.          0.          0.06212041  0.02459108
  0.02459108  0.02459108  0.10699182  0.07681651  0.04823018  0.06342169
  0.0192881   0.0235252 ]
2018-04-17 17:50:54,384:INFO: Comp - Matrix Comp Difference: -0.0406668750013
2018-04-17 17:50:54,384:INFO: Comp - Matrix Relative Difference: -0.890925400782
2018-04-17 17:50:54,384:INFO: Comp:0.00532393959589
2018-04-17 17:50:54,386:INFO: Matrix Comp:0.0459908145972
2018-04-17 17:50:54,386:INFO: [0.025342181161494594, 0.0089421260572168683, 0.0, 0.016634433749524561, 0.033034488853802287, 0.0089421260572168683, 0.0, 0.0, 0.033034488853802287, 0.033034488853802287, 0.016634433749524561, 0.033034488853802287, 0.0089421260572168683, 0.0]
2018-04-17 17:50:54,419:INFO: [ 0.09298413  0.03246137  0.          0.          0.03246137  0.12085886
  0.12085886  0.06033611  0.12085886  0.12085886  0.          0.03246137
  0.          0.06033611]
2018-04-17 17:50:54,455:INFO: Comp - Matrix Comp Difference: -0.0412071801906
2018-04-17 17:50:54,455:INFO: Comp - Matrix Relative Difference: -0.76947435947
2018-04-17 17:50:54,458:INFO: Comp:0.015541098732
2018-04-17 17:50:54,458:INFO: Matrix Comp:0.0567482789226
2018-04-17 17:50:54,461:INFO: [0.037113480951260283, 0.0, 0.028747978728803449, 0.0, 0.0, 0.0, 0.048303616494835985, 0.0, 0.0, 0.0, 0.0, 0.0, 0.037113480951260283, 0.0]
2018-04-17 17:50:54,490:INFO: [ 0.12309149  0.          0.          0.16048937  0.          0.          0.
  0.          0.          0.          0.09534626  0.12309149  0.          0.        ]
2018-04-17 17:50:54,520:INFO: Comp - Matrix Comp Difference: -0.0250528610241
2018-04-17 17:50:54,520:INFO: Comp - Matrix Relative Difference: -0.75763275894
2018-04-17 17:50:54,523:INFO: Comp:0.0108056112233
2018-04-17 17:50:54,524:INFO: Matrix Comp:0.0358584722473
2018-04-17 17:50:54,524:INFO: [0.040824829046386311, 0.0, 0.030151134457776365, 0.0, 0.0, 0.0, 0.053133978144319582, 0.0, 0.0, 0.0, 0.0, 0.0, 0.040824829046386311, 0.0]
2018-04-17 17:50:54,553:INFO: [ 0.12909944  0.          0.          0.16832267  0.          0.          0.
  0.          0.          0.          0.09534626  0.12909944  0.          0.        ]
2018-04-17 17:50:54,582:INFO: Comp - Matrix Comp Difference: -0.0254952178484
2018-04-17 17:50:54,582:INFO: Comp - Matrix Relative Difference: -0.748070214017
2018-04-17 17:50:54,582:INFO: Comp:0.0117810550496
2018-04-17 17:50:54,583:INFO: Matrix Comp:0.0372762728981
2018-04-17 17:50:54,584:INFO: [0.072079234126776193, 0.087107061371233419, 0.067732454913930193, 0.019374606457303212, 0.019374606457303212, 0.0, 0.0, 0.034402433701760417, 0.034402433701760417, 0.034402433701760417, 0.087107061371233419, 0.019374606457303212, 0.034402433701760417, 0.015027827244457205]
2018-04-17 17:50:54,619:INFO: [ 0.17688129  0.2136918   0.04778185  0.          0.          0.08459236
  0.08459236  0.08459236  0.2136918   0.04778185  0.16590995  0.08459236
  0.03681051  0.04778185]
2018-04-17 17:50:54,646:INFO: Comp - Matrix Comp Difference: -0.0545652241706
2018-04-17 17:50:54,647:INFO: Comp - Matrix Relative Difference: -0.673135104935
2018-04-17 17:50:54,647:INFO: Comp:0.0374847995148
2018-04-17 17:50:54,647:INFO: Matrix Comp:0.0920500236853
2018-04-17 17:50:54,648:INFO: [0.037702197959064987, 0.0093824819186619328, 0.0040984983393974198, 0.012287338444882128, 0.058447972487102443, 0.0093824819186619328, 0.0, 0.0, 0.023618878116644225, 0.013927936464116478, 0.060791867562814739, 0.019520379777246806, 0.0093824819186619328, 0.0040984983393974198]
2018-04-17 17:50:54,683:INFO: [ 0.18226846  0.04521652  0.09509124  0.          0.          0.04521652
  0.11476729  0.06714824  0.29323437  0.28202875  0.01967604  0.04521652
  0.01967604  0.05928936]
2018-04-17 17:50:54,717:INFO: Comp - Matrix Comp Difference: -0.0718705952811
2018-04-17 17:50:54,717:INFO: Comp - Matrix Relative Difference: -0.809743945703
2018-04-17 17:50:54,722:INFO: Comp:0.0187600723748
2018-04-17 17:50:54,722:INFO: Matrix Comp:0.0906306676559
2018-04-17 17:50:54,723:INFO: [0.082362088774857428, 0.051603650552640629, 0.022541740866685808, 0.054061909685954826, 0.10736208877485742, 0.051603650552640629, 0.0, 0.0, 0.12990382964154323, 0.076603650552640623, 0.12990382964154323, 0.10736208877485742, 0.051603650552640629, 0.022541740866685808]
2018-04-17 17:50:54,751:INFO: [ 0.16762952  0.10360406  0.21788141  0.          0.          0.10360406
  0.26296489  0.15385595  0.26296489  0.21788141  0.04508348  0.10360406
  0.04508348  0.10877246]
2018-04-17 17:50:54,778:INFO: Comp - Matrix Comp Difference: -0.064676838627
2018-04-17 17:50:54,779:INFO: Comp - Matrix Relative Difference: -0.605518300324
2018-04-17 17:50:54,779:INFO: Comp:0.0633895656598
2018-04-17 17:50:54,779:INFO: Matrix Comp:0.128066404287
2018-04-17 17:50:54,779:INFO: [0.037978089392871173, 0.018764963837323866, 0.0081969966787948396, 0.02242387199794936, 0.065250816665598455, 0.018764963837323866, 0.0, 0.0, 0.027855872928232956, 0.027855872928232956, 0.073447813344393278, 0.019658876249438118, 0.018764963837323866, 0.0081969966787948396]
2018-04-17 17:50:54,799:INFO: [ 0.13701166  0.06552496  0.06879375  0.          0.          0.06552496
  0.09730704  0.09730704  0.2605526   0.2320393   0.0285133   0.06552496
  0.0285133   0.07841625]
2018-04-17 17:50:54,825:INFO: Comp - Matrix Comp Difference: -0.0627049296336
2018-04-17 17:50:54,825:INFO: Comp - Matrix Relative Difference: -0.754389670754
2018-04-17 17:50:54,825:INFO: Comp:0.024797149884
2018-04-17 17:50:54,826:INFO: Matrix Comp:0.0875020795176
2018-04-17 17:50:54,827:INFO: [0.026666039004806116, 0.01215890403558297, 0.0054918206686970436, 0.0029222653884299907, 0.039639466023923681, 0.0070627347057756829, 0.0, 0.0, 0.018073257924080058, 0.0070218286292726079, 0.010917918199842246, 0.0058033561499922937, 0.0098988381469213987, 0.001218472479280314]
2018-04-17 17:50:54,855:INFO: [ 0.23345507  0.105516    0.05100218  0.          0.          0.06126354
  0.15727623  0.06155543  0.09643484  0.34579762  0.04756491  0.08592395
  0.01055324  0.02546171]
2018-04-17 17:50:54,883:INFO: Comp - Matrix Comp Difference: -0.0810664150603
2018-04-17 17:50:54,883:INFO: Comp - Matrix Relative Difference: -0.886704290011
2018-04-17 17:50:54,883:INFO: Comp:0.0104910643826
2018-04-17 17:50:54,884:INFO: Matrix Comp:0.0915574794429
2018-04-17 17:50:54,884:INFO: [0.011591763320763485, 0.0064646109880384071, 0.0, 0.017402507591397345, 0.0011624763874381928, 0.0, 0.0, 0.012858553947162538, 0.004294483550994297, 0.0071775898332158295, 0.029333204857703521, 0.004294483550994297, 0.0011624763874381928, 0.0019245008972987527]
2018-04-17 17:50:54,907:INFO: [ 0.11856579  0.06505282  0.04379581  0.          0.          0.01176308
  0.1298929   0.04379581  0.07374693  0.29693803  0.          0.01176308
  0.01971041  0.17561166]
2018-04-17 17:50:54,937:INFO: Comp - Matrix Comp Difference: -0.063783548438
2018-04-17 17:50:54,937:INFO: Comp - Matrix Relative Difference: -0.903281658812
2018-04-17 17:50:54,938:INFO: Comp:0.00697618937946
2018-04-17 17:50:54,938:INFO: Matrix Comp:0.0707597378175
2018-04-17 17:50:54,939:INFO: [0.056562900457335648, 0.067732454913930193, 0.0, 0.0, 0.067732454913930193, 0.052704627669472988, 0.050251890762960605, 0.015027827244457205, 0.015027827244457205, 0.015027827244457205, 0.067732454913930193, 0.0, 0.015027827244457205, 0.015027827244457205]
2018-04-17 17:50:54,962:INFO: [ 0.13855278  0.16590995  0.          0.12909944  0.12309149  0.16590995
  0.03681051  0.03681051  0.03681051  0.16590995  0.          0.03681051
  0.03681051  0.        ]
2018-04-17 17:50:54,985:INFO: Comp - Matrix Comp Difference: -0.0453335855737
2018-04-17 17:50:54,985:INFO: Comp - Matrix Relative Difference: -0.678827114847
2018-04-17 17:50:54,985:INFO: Comp:0.0312754228467
2018-04-17 17:50:54,985:INFO: Matrix Comp:0.0766090084204
2018-04-17 17:50:54,986:INFO: [0.1254719495101235, 0.052838987764025208, 0.0090166963466743241, 0.011624763874381929, 0.011624763874381929, 0.020641460221056254, 0.040824829046386311, 0.040824829046386311, 0.020641460221056254, 0.020641460221056254, 0.020641460221056254, 0.073251402287218353, 0.011624763874381929, 0.0090166963466743241]
2018-04-17 17:50:55,020:INFO: [ 0.39867793  0.16899234  0.03701166  0.12909944  0.12909944  0.06552496
  0.06552496  0.06552496  0.06552496  0.23215373  0.03701166  0.0285133
  0.0285133   0.03701166]
2018-04-17 17:50:55,048:INFO: Comp - Matrix Comp Difference: -0.0728213410323
2018-04-17 17:50:55,048:INFO: Comp - Matrix Relative Difference: -0.727014694673
2018-04-17 17:50:55,048:INFO: Comp:0.0334775373468
2018-04-17 17:50:55,048:INFO: Matrix Comp:0.106298878379
2018-04-17 17:50:55,049:INFO: [0.053215271780247118, 0.020291968389430808, 0.011270870433342904, 0.031383890988241271, 0.024056261216234408, 0.011270870433342904, 0.0, 0.0, 0.011270870433342904, 0.011270870433342904, 0.011270870433342904, 0.011270870433342904, 0.0, 0.011270870433342904]
2018-04-17 17:50:55,068:INFO: [ 0.17020569  0.06142846  0.          0.          0.          0.03407991
  0.03407991  0.03407991  0.03407991  0.03407991  0.07412493  0.03407991
  0.03407991  0.0962816 ]
2018-04-17 17:50:55,096:INFO: Comp - Matrix Comp Difference: -0.0309111828639
2018-04-17 17:50:55,096:INFO: Comp - Matrix Relative Difference: -0.740183714236
2018-04-17 17:50:55,096:INFO: Comp:0.0148459632434
2018-04-17 17:50:55,097:INFO: Matrix Comp:0.0457571461073
2018-04-17 17:50:55,097:INFO: [0.0029830634244478972, 0.0027406549178004393, 0.0, 0.024170149432496311, 0.0016145505381086011, 0.0, 0.0, 0.0037544645248250943, 0.00300343942699749, 0.0034258693330200406, 0.00300343942699749, 0.00300343942699749, 0.0016145505381086011, 0.0034870989986934744]
2018-04-17 17:50:55,116:INFO: [ 0.02540565  0.02336126  0.02563792  0.          0.          0.01379343
  0.03201991  0.02563792  0.02922401  0.02563792  0.20592293  0.
  0.01379343  0.03002106]
2018-04-17 17:50:55,148:INFO: Comp - Matrix Comp Difference: -0.0284039082754
2018-04-17 17:50:55,149:INFO: Comp - Matrix Relative Difference: -0.891310339912
2018-04-17 17:50:55,149:INFO: Comp:0.00377147999918
2018-04-17 17:50:55,151:INFO: Matrix Comp:0.0321753882745
2018-04-17 17:53:43,977:INFO: Subgraphs in Disease Pathways
2018-04-17 17:53:43,978:INFO: Sabri Eyuboglu  -- SNAP Group
2018-04-17 17:53:43,979:INFO: ======================================
2018-04-17 17:53:43,979:INFO: Loading PPI Network...
2018-04-17 17:53:58,194:INFO: Loading Disease Associations...
2018-04-17 17:53:58,203:INFO: Loading PPI Matrix...
2018-04-17 17:54:06,044:INFO: Running Experiment...
2018-04-17 17:54:06,046:INFO: 1: Zellweger Syndrome
2018-04-17 17:54:06,869:INFO: Comp - Matrix Comp Difference: -0.0583468279774
2018-04-17 17:54:06,869:INFO: Comp - Matrix Relative Difference: 0.0887864399873
2018-04-17 17:54:06,869:INFO: Comp:0.0056851734522
2018-04-17 17:54:06,869:INFO: Matrix Comp:0.0640320014296
2018-04-17 17:54:06,888:INFO: Comp - Matrix Comp Difference: -0.0406668750013
2018-04-17 17:54:06,888:INFO: Comp - Matrix Relative Difference: 0.115760932754
2018-04-17 17:54:06,888:INFO: Comp:0.00532393959589
2018-04-17 17:54:06,888:INFO: Matrix Comp:0.0459908145972
2018-04-17 17:54:06,914:INFO: Comp - Matrix Comp Difference: -0.0412071801906
2018-04-17 17:54:06,914:INFO: Comp - Matrix Relative Difference: 0.273860265492
2018-04-17 17:54:06,915:INFO: Comp:0.015541098732
2018-04-17 17:54:06,915:INFO: Matrix Comp:0.0567482789226
2018-04-17 17:54:06,937:INFO: Comp - Matrix Comp Difference: -0.0250528610241
2018-04-17 17:54:06,937:INFO: Comp - Matrix Relative Difference: 0.301340535335
2018-04-17 17:54:06,937:INFO: Comp:0.0108056112233
2018-04-17 17:54:06,937:INFO: Matrix Comp:0.0358584722473
2018-04-17 17:54:06,965:INFO: Comp - Matrix Comp Difference: -0.0254952178484
2018-04-17 17:54:06,965:INFO: Comp - Matrix Relative Difference: 0.31604702224
2018-04-17 17:54:06,965:INFO: Comp:0.0117810550496
2018-04-17 17:54:06,965:INFO: Matrix Comp:0.0372762728981
2018-04-17 17:54:06,985:INFO: Comp - Matrix Comp Difference: -0.0545652241706
2018-04-17 17:54:06,985:INFO: Comp - Matrix Relative Difference: 0.407222051815
2018-04-17 17:54:06,985:INFO: Comp:0.0374847995148
2018-04-17 17:54:06,985:INFO: Matrix Comp:0.0920500236853
2018-04-17 17:54:07,008:INFO: Comp - Matrix Comp Difference: -0.0718705952811
2018-04-17 17:54:07,008:INFO: Comp - Matrix Relative Difference: 0.20699474979
2018-04-17 17:54:07,008:INFO: Comp:0.0187600723748
2018-04-17 17:54:07,008:INFO: Matrix Comp:0.0906306676559
2018-04-17 17:54:07,033:INFO: Comp - Matrix Comp Difference: -0.064676838627
2018-04-17 17:54:07,034:INFO: Comp - Matrix Relative Difference: 0.494974197276
2018-04-17 17:54:07,034:INFO: Comp:0.0633895656598
2018-04-17 17:54:07,034:INFO: Matrix Comp:0.128066404287
2018-04-17 17:54:07,059:INFO: Comp - Matrix Comp Difference: -0.0627049296336
2018-04-17 17:54:07,059:INFO: Comp - Matrix Relative Difference: 0.283389263669
2018-04-17 17:54:07,059:INFO: Comp:0.024797149884
2018-04-17 17:54:07,060:INFO: Matrix Comp:0.0875020795176
2018-04-17 17:54:07,086:INFO: Comp - Matrix Comp Difference: -0.0810664150603
2018-04-17 17:54:07,087:INFO: Comp - Matrix Relative Difference: 0.114584460455
2018-04-17 17:54:07,087:INFO: Comp:0.0104910643826
2018-04-17 17:54:07,087:INFO: Matrix Comp:0.0915574794429
2018-04-17 17:54:07,110:INFO: Comp - Matrix Comp Difference: -0.063783548438
2018-04-17 17:54:07,110:INFO: Comp - Matrix Relative Difference: 0.0985898138495
2018-04-17 17:54:07,111:INFO: Comp:0.00697618937946
2018-04-17 17:54:07,111:INFO: Matrix Comp:0.0707597378175
2018-04-17 17:54:07,134:INFO: Comp - Matrix Comp Difference: -0.0453335855737
2018-04-17 17:54:07,134:INFO: Comp - Matrix Relative Difference: 0.408247326151
2018-04-17 17:54:07,135:INFO: Comp:0.0312754228467
2018-04-17 17:54:07,135:INFO: Matrix Comp:0.0766090084204
2018-04-17 17:54:07,157:INFO: Comp - Matrix Comp Difference: -0.0728213410323
2018-04-17 17:54:07,157:INFO: Comp - Matrix Relative Difference: 0.314937823026
2018-04-17 17:54:07,157:INFO: Comp:0.0334775373468
2018-04-17 17:54:07,157:INFO: Matrix Comp:0.106298878379
2018-04-17 17:54:07,182:INFO: Comp - Matrix Comp Difference: -0.0309111828639
2018-04-17 17:54:07,183:INFO: Comp - Matrix Relative Difference: 0.324451249835
2018-04-17 17:54:07,183:INFO: Comp:0.0148459632434
2018-04-17 17:54:07,183:INFO: Matrix Comp:0.0457571461073
2018-04-17 17:54:07,201:INFO: Comp - Matrix Comp Difference: -0.0284039082754
2018-04-17 17:54:07,202:INFO: Comp - Matrix Relative Difference: 0.117216301075
2018-04-17 17:54:07,202:INFO: Comp:0.00377147999918
2018-04-17 17:54:07,202:INFO: Matrix Comp:0.0321753882745
2018-04-17 18:24:14,475:INFO: Subgraphs in Disease Pathways
2018-04-17 18:24:14,476:INFO: Sabri Eyuboglu  -- SNAP Group
2018-04-17 18:24:14,477:INFO: ======================================
2018-04-17 18:24:14,477:INFO: Loading PPI Network...
2018-04-17 18:24:32,138:INFO: Loading Disease Associations...
2018-04-17 18:24:32,145:INFO: Loading PPI Matrix...
2018-04-17 18:24:40,299:INFO: Running Experiment...
2018-04-17 18:24:40,310:INFO: 1: Zellweger Syndrome
2018-04-17 18:24:40,315:INFO: 14
2018-04-17 18:24:41,441:INFO: 14
2018-04-17 18:24:41,463:INFO: Comp - Matrix Comp Difference: -0.0583468279774
2018-04-17 18:24:41,463:INFO: Comp - Matrix Relative Difference: 0.0887864399873
2018-04-17 18:24:41,463:INFO: Comp:0.0056851734522
2018-04-17 18:24:41,464:INFO: Matrix Comp:0.0640320014296
2018-04-17 18:24:41,466:INFO: 14
2018-04-17 18:24:41,510:INFO: 14
2018-04-17 18:24:41,535:INFO: Comp - Matrix Comp Difference: -0.0406668750013
2018-04-17 18:24:41,535:INFO: Comp - Matrix Relative Difference: 0.115760932754
2018-04-17 18:24:41,536:INFO: Comp:0.00532393959589
2018-04-17 18:24:41,536:INFO: Matrix Comp:0.0459908145972
2018-04-17 18:24:41,536:INFO: 14
2018-04-17 18:24:41,558:INFO: 14
2018-04-17 18:24:41,576:INFO: Comp - Matrix Comp Difference: -0.0412071801906
2018-04-17 18:24:41,577:INFO: Comp - Matrix Relative Difference: 0.273860265492
2018-04-17 18:24:41,577:INFO: Comp:0.015541098732
2018-04-17 18:24:41,577:INFO: Matrix Comp:0.0567482789226
2018-04-17 18:24:41,579:INFO: 14
2018-04-17 18:24:41,599:INFO: 14
2018-04-17 18:24:41,620:INFO: Comp - Matrix Comp Difference: -0.0250528610241
2018-04-17 18:24:41,620:INFO: Comp - Matrix Relative Difference: 0.301340535335
2018-04-17 18:24:41,621:INFO: Comp:0.0108056112233
2018-04-17 18:24:41,621:INFO: Matrix Comp:0.0358584722473
2018-04-17 18:24:41,622:INFO: 14
2018-04-17 18:24:41,644:INFO: 14
2018-04-17 18:24:41,663:INFO: Comp - Matrix Comp Difference: -0.0254952178484
2018-04-17 18:24:41,663:INFO: Comp - Matrix Relative Difference: 0.31604702224
2018-04-17 18:24:41,664:INFO: Comp:0.0117810550496
2018-04-17 18:24:41,664:INFO: Matrix Comp:0.0372762728981
2018-04-17 18:24:41,666:INFO: 14
2018-04-17 18:24:41,684:INFO: 14
2018-04-17 18:24:41,704:INFO: Comp - Matrix Comp Difference: -0.0545652241706
2018-04-17 18:24:41,704:INFO: Comp - Matrix Relative Difference: 0.407222051815
2018-04-17 18:24:41,705:INFO: Comp:0.0374847995148
2018-04-17 18:24:41,705:INFO: Matrix Comp:0.0920500236853
2018-04-17 18:24:41,706:INFO: 14
2018-04-17 18:24:41,724:INFO: 14
2018-04-17 18:24:41,745:INFO: Comp - Matrix Comp Difference: -0.0718705952811
2018-04-17 18:24:41,745:INFO: Comp - Matrix Relative Difference: 0.20699474979
2018-04-17 18:24:41,745:INFO: Comp:0.0187600723748
2018-04-17 18:24:41,745:INFO: Matrix Comp:0.0906306676559
2018-04-17 18:24:41,748:INFO: 14
2018-04-17 18:24:41,769:INFO: 14
2018-04-17 18:24:41,795:INFO: Comp - Matrix Comp Difference: -0.064676838627
2018-04-17 18:24:41,795:INFO: Comp - Matrix Relative Difference: 0.494974197276
2018-04-17 18:24:41,795:INFO: Comp:0.0633895656598
2018-04-17 18:24:41,796:INFO: Matrix Comp:0.128066404287
2018-04-17 18:24:41,797:INFO: 14
2018-04-17 18:24:41,814:INFO: 14
2018-04-17 18:24:41,837:INFO: Comp - Matrix Comp Difference: -0.0627049296336
2018-04-17 18:24:41,838:INFO: Comp - Matrix Relative Difference: 0.283389263669
2018-04-17 18:24:41,838:INFO: Comp:0.024797149884
2018-04-17 18:24:41,838:INFO: Matrix Comp:0.0875020795176
2018-04-17 18:24:41,841:INFO: 14
2018-04-17 18:24:41,865:INFO: 14
2018-04-17 18:24:41,889:INFO: Comp - Matrix Comp Difference: -0.0810664150603
2018-04-17 18:24:41,891:INFO: Comp - Matrix Relative Difference: 0.114584460455
2018-04-17 18:24:41,891:INFO: Comp:0.0104910643826
2018-04-17 18:24:41,891:INFO: Matrix Comp:0.0915574794429
2018-04-17 18:24:41,893:INFO: 14
2018-04-17 18:24:41,916:INFO: 14
2018-04-17 18:24:41,939:INFO: Comp - Matrix Comp Difference: -0.063783548438
2018-04-17 18:24:41,939:INFO: Comp - Matrix Relative Difference: 0.0985898138495
2018-04-17 18:24:41,939:INFO: Comp:0.00697618937946
2018-04-17 18:24:41,939:INFO: Matrix Comp:0.0707597378175
2018-04-17 18:24:41,948:INFO: 14
2018-04-17 18:24:41,977:INFO: 14
2018-04-17 18:24:41,997:INFO: Comp - Matrix Comp Difference: -0.0453335855737
2018-04-17 18:24:41,997:INFO: Comp - Matrix Relative Difference: 0.408247326151
2018-04-17 18:24:41,997:INFO: Comp:0.0312754228467
2018-04-17 18:24:41,998:INFO: Matrix Comp:0.0766090084204
2018-04-17 18:24:41,998:INFO: 14
2018-04-17 18:24:42,016:INFO: 14
2018-04-17 18:24:42,036:INFO: Comp - Matrix Comp Difference: -0.0728213410323
2018-04-17 18:24:42,037:INFO: Comp - Matrix Relative Difference: 0.314937823026
2018-04-17 18:24:42,037:INFO: Comp:0.0334775373468
2018-04-17 18:24:42,037:INFO: Matrix Comp:0.106298878379
2018-04-17 18:24:42,038:INFO: 14
2018-04-17 18:24:42,056:INFO: 14
2018-04-17 18:24:42,076:INFO: Comp - Matrix Comp Difference: -0.0309111828639
2018-04-17 18:24:42,077:INFO: Comp - Matrix Relative Difference: 0.324451249835
2018-04-17 18:24:42,078:INFO: Comp:0.0148459632434
2018-04-17 18:24:42,078:INFO: Matrix Comp:0.0457571461073
2018-04-17 18:24:42,079:INFO: 14
2018-04-17 18:24:42,101:INFO: 14
2018-04-17 18:24:42,121:INFO: Comp - Matrix Comp Difference: -0.0284039082754
2018-04-17 18:24:42,121:INFO: Comp - Matrix Relative Difference: 0.117216301075
2018-04-17 18:24:42,121:INFO: Comp:0.00377147999918
2018-04-17 18:24:42,122:INFO: Matrix Comp:0.0321753882745
2018-04-17 18:30:31,551:INFO: Subgraphs in Disease Pathways
2018-04-17 18:30:31,551:INFO: Sabri Eyuboglu  -- SNAP Group
2018-04-17 18:30:31,552:INFO: ======================================
2018-04-17 18:30:31,552:INFO: Loading PPI Network...
2018-04-17 18:30:45,879:INFO: Loading Disease Associations...
2018-04-17 18:30:45,886:INFO: Loading PPI Matrix...
2018-04-17 18:30:53,980:INFO: Running Experiment...
2018-04-17 18:30:53,982:INFO: 1: Zellweger Syndrome
2018-04-17 18:30:53,988:INFO: 14
2018-04-17 18:30:54,781:INFO: 14
2018-04-17 18:30:54,807:INFO: Comp - Matrix Comp Difference: -0.000980377712769
2018-04-17 18:30:54,808:INFO: Comp - Matrix Relative Difference: 0.984689253953
2018-04-17 18:30:54,808:INFO: Comp:0.0630516237169
2018-04-17 18:30:54,808:INFO: Matrix Comp:0.0640320014296
2018-04-17 18:30:54,809:INFO: 14
2018-04-17 18:30:54,830:INFO: 14
2018-04-17 18:30:54,856:INFO: Comp - Matrix Comp Difference: -0.000815689106577
2018-04-17 18:30:54,857:INFO: Comp - Matrix Relative Difference: 0.982264086563
2018-04-17 18:30:54,857:INFO: Comp:0.0451751254906
2018-04-17 18:30:54,857:INFO: Matrix Comp:0.0459908145972
2018-04-17 18:30:54,857:INFO: 14
2018-04-17 18:30:54,883:INFO: 14
2018-04-17 18:30:54,909:INFO: Comp - Matrix Comp Difference: -0.00071405056748
2018-04-17 18:30:54,909:INFO: Comp - Matrix Relative Difference: 0.987417229544
2018-04-17 18:30:54,909:INFO: Comp:0.0560342283551
2018-04-17 18:30:54,909:INFO: Matrix Comp:0.0567482789226
2018-04-17 18:30:54,910:INFO: 14
2018-04-17 18:30:54,938:INFO: 14
2018-04-17 18:30:54,961:INFO: Comp - Matrix Comp Difference: -2.03141892198e-05
2018-04-17 18:30:54,961:INFO: Comp - Matrix Relative Difference: 0.99943348983
2018-04-17 18:30:54,962:INFO: Comp:0.0358381580581
2018-04-17 18:30:54,962:INFO: Matrix Comp:0.0358584722473
2018-04-17 18:30:54,962:INFO: 14
2018-04-17 18:30:54,987:INFO: 14
2018-04-17 18:30:55,020:INFO: Comp - Matrix Comp Difference: -2.13057013972e-05
2018-04-17 18:30:55,021:INFO: Comp - Matrix Relative Difference: 0.999428437992
2018-04-17 18:30:55,022:INFO: Comp:0.0372549671967
2018-04-17 18:30:55,022:INFO: Matrix Comp:0.0372762728981
2018-04-17 18:30:55,024:INFO: 14
2018-04-17 18:30:55,057:INFO: 14
2018-04-17 18:30:55,090:INFO: Comp - Matrix Comp Difference: -0.00023139176366
2018-04-17 18:30:55,090:INFO: Comp - Matrix Relative Difference: 0.997486238956
2018-04-17 18:30:55,090:INFO: Comp:0.0918186319217
2018-04-17 18:30:55,090:INFO: Matrix Comp:0.0920500236853
2018-04-17 18:30:55,091:INFO: 14
2018-04-17 18:30:55,115:INFO: 14
2018-04-17 18:30:55,146:INFO: Comp - Matrix Comp Difference: -0.00263812853387
2018-04-17 18:30:55,147:INFO: Comp - Matrix Relative Difference: 0.970891436617
2018-04-17 18:30:55,147:INFO: Comp:0.087992539122
2018-04-17 18:30:55,147:INFO: Matrix Comp:0.0906306676559
2018-04-17 18:30:55,148:INFO: 14
2018-04-17 18:30:55,188:INFO: 14
2018-04-17 18:30:55,216:INFO: Comp - Matrix Comp Difference: -0.00128727296716
2018-04-17 18:30:55,217:INFO: Comp - Matrix Relative Difference: 0.989948394551
2018-04-17 18:30:55,217:INFO: Comp:0.12677913132
2018-04-17 18:30:55,217:INFO: Matrix Comp:0.128066404287
2018-04-17 18:30:55,219:INFO: 14
2018-04-17 18:30:55,251:INFO: 14
2018-04-17 18:30:55,271:INFO: Comp - Matrix Comp Difference: -0.00525923748207
2018-04-17 18:30:55,271:INFO: Comp - Matrix Relative Difference: 0.939895857206
2018-04-17 18:30:55,271:INFO: Comp:0.0822428420355
2018-04-17 18:30:55,271:INFO: Matrix Comp:0.0875020795176
2018-04-17 18:30:55,272:INFO: 14
2018-04-17 18:30:55,298:INFO: 14
2018-04-17 18:30:55,319:INFO: Comp - Matrix Comp Difference: -0.00130993122614
2018-04-17 18:30:55,320:INFO: Comp - Matrix Relative Difference: 0.985692799386
2018-04-17 18:30:55,320:INFO: Comp:0.0902475482167
2018-04-17 18:30:55,320:INFO: Matrix Comp:0.0915574794429
2018-04-17 18:30:55,321:INFO: 14
2018-04-17 18:30:55,343:INFO: 14
2018-04-17 18:30:55,364:INFO: Comp - Matrix Comp Difference: -0.000997844022866
2018-04-17 18:30:55,364:INFO: Comp - Matrix Relative Difference: 0.985898138495
2018-04-17 18:30:55,364:INFO: Comp:0.0697618937946
2018-04-17 18:30:55,364:INFO: Matrix Comp:0.0707597378175
2018-04-17 18:30:55,365:INFO: 14
2018-04-17 18:30:55,382:INFO: 14
2018-04-17 18:30:55,407:INFO: Comp - Matrix Comp Difference: -1.80956206311e-07
2018-04-17 18:30:55,407:INFO: Comp - Matrix Relative Difference: 0.999997637925
2018-04-17 18:30:55,407:INFO: Comp:0.0766088274642
2018-04-17 18:30:55,407:INFO: Matrix Comp:0.0766090084204
2018-04-17 18:30:55,407:INFO: 14
2018-04-17 18:30:55,430:INFO: 14
2018-04-17 18:30:55,451:INFO: Comp - Matrix Comp Difference: -0.0004336099099
2018-04-17 18:30:55,452:INFO: Comp - Matrix Relative Difference: 0.995920842096
2018-04-17 18:30:55,452:INFO: Comp:0.105865268469
2018-04-17 18:30:55,452:INFO: Matrix Comp:0.106298878379
2018-04-17 18:30:55,452:INFO: 14
2018-04-17 18:30:55,475:INFO: 14
2018-04-17 18:30:55,501:INFO: Comp - Matrix Comp Difference: -0.00376642097665
2018-04-17 18:30:55,501:INFO: Comp - Matrix Relative Difference: 0.917686715692
2018-04-17 18:30:55,501:INFO: Comp:0.0419907251306
2018-04-17 18:30:55,502:INFO: Matrix Comp:0.0457571461073
2018-04-17 18:30:55,502:INFO: 14
2018-04-17 18:30:55,524:INFO: 14
2018-04-17 18:30:55,551:INFO: Comp - Matrix Comp Difference: -0.000173319284193
2018-04-17 18:30:55,551:INFO: Comp - Matrix Relative Difference: 0.994613296265
2018-04-17 18:30:55,552:INFO: Comp:0.0320020689903
2018-04-17 18:30:55,552:INFO: Matrix Comp:0.0321753882745
2018-04-17 18:40:35,863:INFO: Subgraphs in Disease Pathways
2018-04-17 18:40:35,863:INFO: Sabri Eyuboglu  -- SNAP Group
2018-04-17 18:40:35,864:INFO: ======================================
2018-04-17 18:40:35,864:INFO: Loading PPI Network...
2018-04-17 18:40:50,511:INFO: Loading Disease Associations...
2018-04-17 18:40:50,522:INFO: Loading PPI Matrix...
2018-04-17 18:40:58,715:INFO: Running Experiment...
2018-04-17 18:40:58,716:INFO: 1: Zellweger Syndrome
2018-04-17 18:40:59,864:INFO: Comp - Matrix Comp Difference: -0.000980377712769
2018-04-17 18:40:59,864:INFO: Comp - Matrix Relative Difference: 0.984689253953
2018-04-17 18:40:59,864:INFO: Comp:0.0630516237169
2018-04-17 18:40:59,865:INFO: Matrix Comp:0.0640320014296
2018-04-17 18:40:59,865:INFO: Elementwise-Difference:
2018-04-17 18:40:59,916:INFO: Comp - Matrix Comp Difference: -0.000815689106577
2018-04-17 18:40:59,916:INFO: Comp - Matrix Relative Difference: 0.982264086563
2018-04-17 18:40:59,917:INFO: Comp:0.0451751254906
2018-04-17 18:40:59,917:INFO: Matrix Comp:0.0459908145972
2018-04-17 18:40:59,917:INFO: Elementwise-Difference:
2018-04-17 18:40:59,955:INFO: Comp - Matrix Comp Difference: -0.00071405056748
2018-04-17 18:40:59,956:INFO: Comp - Matrix Relative Difference: 0.987417229544
2018-04-17 18:40:59,958:INFO: Comp:0.0560342283551
2018-04-17 18:40:59,958:INFO: Matrix Comp:0.0567482789226
2018-04-17 18:40:59,958:INFO: Elementwise-Difference:
2018-04-17 18:40:59,996:INFO: Comp - Matrix Comp Difference: -2.03141892198e-05
2018-04-17 18:40:59,996:INFO: Comp - Matrix Relative Difference: 0.99943348983
2018-04-17 18:40:59,996:INFO: Comp:0.0358381580581
2018-04-17 18:40:59,996:INFO: Matrix Comp:0.0358584722473
2018-04-17 18:40:59,996:INFO: Elementwise-Difference:
2018-04-17 18:41:00,033:INFO: Comp - Matrix Comp Difference: -2.13057013972e-05
2018-04-17 18:41:00,033:INFO: Comp - Matrix Relative Difference: 0.999428437992
2018-04-17 18:41:00,033:INFO: Comp:0.0372549671967
2018-04-17 18:41:00,033:INFO: Matrix Comp:0.0372762728981
2018-04-17 18:41:00,033:INFO: Elementwise-Difference:
2018-04-17 18:41:00,067:INFO: Comp - Matrix Comp Difference: -0.00023139176366
2018-04-17 18:41:00,067:INFO: Comp - Matrix Relative Difference: 0.997486238956
2018-04-17 18:41:00,067:INFO: Comp:0.0918186319217
2018-04-17 18:41:00,068:INFO: Matrix Comp:0.0920500236853
2018-04-17 18:41:00,068:INFO: Elementwise-Difference:
2018-04-17 18:41:00,100:INFO: Comp - Matrix Comp Difference: -0.00263812853387
2018-04-17 18:41:00,101:INFO: Comp - Matrix Relative Difference: 0.970891436617
2018-04-17 18:41:00,101:INFO: Comp:0.087992539122
2018-04-17 18:41:00,101:INFO: Matrix Comp:0.0906306676559
2018-04-17 18:41:00,101:INFO: Elementwise-Difference:
2018-04-17 18:41:00,140:INFO: Comp - Matrix Comp Difference: -0.00128727296716
2018-04-17 18:41:00,140:INFO: Comp - Matrix Relative Difference: 0.989948394551
2018-04-17 18:41:00,140:INFO: Comp:0.12677913132
2018-04-17 18:41:00,140:INFO: Matrix Comp:0.128066404287
2018-04-17 18:41:00,140:INFO: Elementwise-Difference:
2018-04-17 18:41:00,174:INFO: Comp - Matrix Comp Difference: -0.00525923748207
2018-04-17 18:41:00,174:INFO: Comp - Matrix Relative Difference: 0.939895857206
2018-04-17 18:41:00,174:INFO: Comp:0.0822428420355
2018-04-17 18:41:00,174:INFO: Matrix Comp:0.0875020795176
2018-04-17 18:41:00,174:INFO: Elementwise-Difference:
2018-04-17 18:41:00,206:INFO: Comp - Matrix Comp Difference: -0.00130993122614
2018-04-17 18:41:00,206:INFO: Comp - Matrix Relative Difference: 0.985692799386
2018-04-17 18:41:00,207:INFO: Comp:0.0902475482167
2018-04-17 18:41:00,207:INFO: Matrix Comp:0.0915574794429
2018-04-17 18:41:00,207:INFO: Elementwise-Difference:
2018-04-17 18:41:00,239:INFO: Comp - Matrix Comp Difference: -0.000997844022866
2018-04-17 18:41:00,239:INFO: Comp - Matrix Relative Difference: 0.985898138495
2018-04-17 18:41:00,239:INFO: Comp:0.0697618937946
2018-04-17 18:41:00,239:INFO: Matrix Comp:0.0707597378175
2018-04-17 18:41:00,239:INFO: Elementwise-Difference:
2018-04-17 18:41:00,275:INFO: Comp - Matrix Comp Difference: -1.80956206311e-07
2018-04-17 18:41:00,275:INFO: Comp - Matrix Relative Difference: 0.999997637925
2018-04-17 18:41:00,275:INFO: Comp:0.0766088274642
2018-04-17 18:41:00,275:INFO: Matrix Comp:0.0766090084204
2018-04-17 18:41:00,275:INFO: Elementwise-Difference:
2018-04-17 18:41:00,313:INFO: Comp - Matrix Comp Difference: -0.0004336099099
2018-04-17 18:41:00,313:INFO: Comp - Matrix Relative Difference: 0.995920842096
2018-04-17 18:41:00,314:INFO: Comp:0.105865268469
2018-04-17 18:41:00,314:INFO: Matrix Comp:0.106298878379
2018-04-17 18:41:00,314:INFO: Elementwise-Difference:
2018-04-17 18:41:00,349:INFO: Comp - Matrix Comp Difference: -0.00376642097665
2018-04-17 18:41:00,349:INFO: Comp - Matrix Relative Difference: 0.917686715692
2018-04-17 18:41:00,349:INFO: Comp:0.0419907251306
2018-04-17 18:41:00,349:INFO: Matrix Comp:0.0457571461073
2018-04-17 18:41:00,349:INFO: Elementwise-Difference:
2018-04-17 18:41:00,383:INFO: Comp - Matrix Comp Difference: -0.000173319284193
2018-04-17 18:41:00,383:INFO: Comp - Matrix Relative Difference: 0.994613296265
2018-04-17 18:41:00,383:INFO: Comp:0.0320020689903
2018-04-17 18:41:00,383:INFO: Matrix Comp:0.0321753882745
2018-04-17 18:41:00,383:INFO: Elementwise-Difference:
2018-04-19 13:21:16,071:INFO: Subgraphs in Disease Pathways
2018-04-19 13:21:16,072:INFO: Sabri Eyuboglu  -- SNAP Group
2018-04-19 13:21:16,072:INFO: ======================================
2018-04-19 13:21:16,072:INFO: Loading PPI Network...
2018-04-19 13:21:32,026:INFO: Loading Disease Associations...
2018-04-19 13:21:32,034:INFO: Loading PPI Matrix...
2018-04-19 13:21:39,188:INFO: Running Experiment...
2018-04-19 13:21:39,190:INFO: 1: Zellweger Syndrome
2018-04-19 14:58:44,359:INFO: Subgraphs in Disease Pathways
2018-04-19 14:58:44,359:INFO: Sabri Eyuboglu  -- SNAP Group
2018-04-19 14:58:44,359:INFO: ======================================
2018-04-19 14:58:44,359:INFO: Loading PPI Network...
2018-04-19 14:59:02,011:INFO: Loading Disease Associations...
2018-04-19 14:59:02,020:INFO: Loading PPI Matrix...
2018-04-19 14:59:09,839:INFO: Running Experiment...
2018-04-19 14:59:09,840:INFO: 1: Zellweger Syndrome
2018-04-19 15:02:38,784:INFO: Subgraphs in Disease Pathways
2018-04-19 15:02:38,784:INFO: Sabri Eyuboglu  -- SNAP Group
2018-04-19 15:02:38,784:INFO: ======================================
2018-04-19 15:02:38,785:INFO: Loading PPI Network...
2018-04-19 15:02:55,258:INFO: Loading Disease Associations...
2018-04-19 15:02:55,277:INFO: Loading PPI Matrix...
2018-04-19 15:03:00,964:INFO: Running Experiment...
2018-04-19 15:03:00,965:INFO: 1: Zellweger Syndrome
2018-04-19 15:03:40,072:INFO: Subgraphs in Disease Pathways
2018-04-19 15:03:40,072:INFO: Sabri Eyuboglu  -- SNAP Group
2018-04-19 15:03:40,072:INFO: ======================================
2018-04-19 15:03:40,072:INFO: Loading PPI Network...
2018-04-19 15:03:53,818:INFO: Loading Disease Associations...
2018-04-19 15:03:53,823:INFO: Loading PPI Matrix...
2018-04-19 15:03:58,612:INFO: Running Experiment...
2018-04-19 15:03:58,613:INFO: 1: Zellweger Syndrome
2018-04-19 15:24:58,571:INFO: Subgraphs in Disease Pathways
2018-04-19 15:24:58,571:INFO: Sabri Eyuboglu  -- SNAP Group
2018-04-19 15:24:58,572:INFO: ======================================
2018-04-19 15:24:58,572:INFO: Loading PPI Network...
2018-04-19 15:25:12,623:INFO: Loading Disease Associations...
2018-04-19 15:25:12,632:INFO: Loading PPI Matrix...
2018-04-19 15:25:20,923:INFO: Running Experiment...
2018-04-19 15:25:20,923:INFO: 1: Meckel-Gruber syndrome
2018-04-19 15:33:15,447:INFO: Subgraphs in Disease Pathways
2018-04-19 15:33:15,448:INFO: Sabri Eyuboglu  -- SNAP Group
2018-04-19 15:33:15,448:INFO: ======================================
2018-04-19 15:33:15,448:INFO: Loading PPI Network...
2018-04-19 15:33:37,032:INFO: Loading Disease Associations...
2018-04-19 15:33:37,039:INFO: Loading PPI Matrix...
2018-04-19 15:33:42,494:INFO: Running Experiment...
2018-04-19 15:33:42,499:INFO: 1: Meckel-Gruber syndrome
2018-04-19 15:34:50,086:INFO: Subgraphs in Disease Pathways
2018-04-19 15:34:50,086:INFO: Sabri Eyuboglu  -- SNAP Group
2018-04-19 15:34:50,086:INFO: ======================================
2018-04-19 15:34:50,086:INFO: Loading PPI Network...
2018-04-19 15:35:04,204:INFO: Loading Disease Associations...
2018-04-19 15:35:04,211:INFO: Loading PPI Matrix...
2018-04-19 15:35:07,772:INFO: Running Experiment...
2018-04-19 15:35:07,773:INFO: 1: Meckel-Gruber syndrome
2018-04-19 15:51:23,715:INFO: Subgraphs in Disease Pathways
2018-04-19 15:51:23,715:INFO: Sabri Eyuboglu  -- SNAP Group
2018-04-19 15:51:23,715:INFO: ======================================
2018-04-19 15:51:23,715:INFO: Loading PPI Network...
2018-04-19 15:51:40,668:INFO: Loading Disease Associations...
2018-04-19 15:51:40,675:INFO: Loading PPI Matrix...
2018-04-19 15:51:47,814:INFO: Running Experiment...
2018-04-19 15:51:47,820:INFO: 1: Meckel-Gruber syndrome
2018-04-19 16:01:27,142:INFO: Subgraphs in Disease Pathways
2018-04-19 16:01:27,143:INFO: Sabri Eyuboglu  -- SNAP Group
2018-04-19 16:01:27,143:INFO: ======================================
2018-04-19 16:01:27,143:INFO: Loading PPI Network...
2018-04-19 16:01:41,183:INFO: Loading Disease Associations...
2018-04-19 16:01:41,190:INFO: Loading PPI Matrix...
2018-04-19 16:01:46,181:INFO: Running Experiment...
2018-04-19 16:01:46,183:INFO: 1: Meckel-Gruber syndrome
2018-05-01 22:46:00,719:INFO: Subgraphs in Disease Pathways
2018-05-01 22:46:00,719:INFO: Sabri Eyuboglu  -- SNAP Group
2018-05-01 22:46:00,719:INFO: ======================================
2018-05-01 22:46:00,719:INFO: Loading PPI Network...
2018-05-01 22:46:14,068:INFO: Loading Disease Associations...
2018-05-01 22:46:14,075:INFO: Loading PPI Matrix...
2018-05-01 22:46:22,285:INFO: Running Experiment...
2018-05-01 22:46:22,287:INFO: 1: Meckel-Gruber syndrome
2018-05-01 22:47:19,983:INFO: Subgraphs in Disease Pathways
2018-05-01 22:47:19,983:INFO: Sabri Eyuboglu  -- SNAP Group
2018-05-01 22:47:19,983:INFO: ======================================
2018-05-01 22:47:19,983:INFO: Loading PPI Network...
2018-05-01 22:47:33,843:INFO: Loading Disease Associations...
2018-05-01 22:47:33,850:INFO: Loading PPI Matrix...
2018-05-01 22:47:37,171:INFO: Running Experiment...
2018-05-01 22:47:37,171:INFO: 1: Meckel-Gruber syndrome
2018-05-01 22:48:24,745:INFO: Subgraphs in Disease Pathways
2018-05-01 22:48:24,745:INFO: Sabri Eyuboglu  -- SNAP Group
2018-05-01 22:48:24,745:INFO: ======================================
2018-05-01 22:48:24,745:INFO: Loading PPI Network...
2018-05-01 22:48:37,566:INFO: Loading Disease Associations...
2018-05-01 22:48:37,570:INFO: Loading PPI Matrix...
2018-05-01 22:48:40,763:INFO: Running Experiment...
2018-05-01 22:48:40,763:INFO: 1: Meckel-Gruber syndrome
2018-05-01 22:48:57,175:INFO: Subgraphs in Disease Pathways
2018-05-01 22:48:57,175:INFO: Sabri Eyuboglu  -- SNAP Group
2018-05-01 22:48:57,175:INFO: ======================================
2018-05-01 22:48:57,175:INFO: Loading PPI Network...
2018-05-01 22:49:11,884:INFO: Loading Disease Associations...
2018-05-01 22:49:11,890:INFO: Loading PPI Matrix...
2018-05-01 22:49:15,662:INFO: Running Experiment...
2018-05-01 22:49:15,662:INFO: 1: Meckel-Gruber syndrome
2018-05-01 22:50:29,891:INFO: Subgraphs in Disease Pathways
2018-05-01 22:50:29,891:INFO: Sabri Eyuboglu  -- SNAP Group
2018-05-01 22:50:29,891:INFO: ======================================
2018-05-01 22:50:29,891:INFO: Loading PPI Network...
2018-05-01 22:50:43,392:INFO: Loading Disease Associations...
2018-05-01 22:50:43,396:INFO: Loading PPI Matrix...
2018-05-01 22:50:46,700:INFO: Running Experiment...
2018-05-01 22:50:46,701:INFO: 1: Meckel-Gruber syndrome
2018-05-01 23:59:54,426:INFO: Subgraphs in Disease Pathways
2018-05-01 23:59:54,426:INFO: Sabri Eyuboglu  -- SNAP Group
2018-05-01 23:59:54,426:INFO: ======================================
2018-05-01 23:59:54,426:INFO: Loading PPI Network...
2018-05-02 00:00:10,760:INFO: Loading Disease Associations...
2018-05-02 00:00:10,767:INFO: Loading PPI Matrix...
2018-05-02 00:00:19,209:INFO: Running Experiment...
2018-05-02 00:00:19,212:INFO: 1: Meckel-Gruber syndrome
2018-05-02 00:18:27,171:INFO: Subgraphs in Disease Pathways
2018-05-02 00:18:27,171:INFO: Sabri Eyuboglu  -- SNAP Group
2018-05-02 00:18:27,171:INFO: ======================================
2018-05-02 00:18:27,171:INFO: Loading PPI Network...
2018-05-02 00:18:43,155:INFO: Loading Disease Associations...
2018-05-02 00:18:43,165:INFO: Loading PPI Matrix...
2018-05-02 00:18:53,041:INFO: Running Experiment...
2018-05-02 00:18:53,045:INFO: 1: MELAS Syndrome
2018-05-02 00:18:53,788:INFO: 2: T-Cell Lymphoma
2018-05-02 00:18:55,163:INFO: 3: Nuclear non-senile cataract
2018-05-02 00:18:55,335:INFO: 4: Infantile Refsum Disease (disorder)
2018-05-02 00:20:21,736:INFO: Subgraphs in Disease Pathways
2018-05-02 00:20:21,736:INFO: Sabri Eyuboglu  -- SNAP Group
2018-05-02 00:20:21,736:INFO: ======================================
2018-05-02 00:20:21,736:INFO: Loading PPI Network...
2018-05-02 00:20:34,539:INFO: Loading Disease Associations...
2018-05-02 00:20:34,546:INFO: Loading PPI Matrix...
2018-05-02 00:20:38,266:INFO: Running Experiment...
2018-05-02 00:20:38,266:INFO: 1: MELAS Syndrome
2018-05-02 00:20:38,464:INFO: 2: T-Cell Lymphoma
2018-05-02 00:20:39,269:INFO: 3: Nuclear non-senile cataract
2018-05-02 00:20:39,381:INFO: 4: Infantile Refsum Disease (disorder)
2018-05-02 10:09:13,655:INFO: Subgraphs in Disease Pathways
2018-05-02 10:09:13,655:INFO: Sabri Eyuboglu  -- SNAP Group
2018-05-02 10:09:13,655:INFO: ======================================
2018-05-02 10:09:13,655:INFO: Loading PPI Network...
2018-05-02 10:09:28,123:INFO: Loading Disease Associations...
2018-05-02 10:09:28,131:INFO: Loading PPI Matrix...
2018-05-02 10:09:36,477:INFO: Running Experiment...
2018-05-02 10:09:36,478:INFO: 1: MELAS Syndrome
2018-05-02 10:09:36,887:INFO: 2: T-Cell Lymphoma
2018-05-02 10:09:38,664:INFO: 3: Nuclear non-senile cataract
2018-05-02 10:09:38,944:INFO: 4: Infantile Refsum Disease (disorder)
2018-05-02 10:10:39,571:INFO: Subgraphs in Disease Pathways
2018-05-02 10:10:39,571:INFO: Sabri Eyuboglu  -- SNAP Group
2018-05-02 10:10:39,572:INFO: ======================================
2018-05-02 10:10:39,572:INFO: Loading PPI Network...
2018-05-02 10:10:54,632:INFO: Loading Disease Associations...
2018-05-02 10:10:54,638:INFO: Loading PPI Matrix...
2018-05-02 10:10:58,183:INFO: Running Experiment...
2018-05-02 10:10:58,185:INFO: 1: MELAS Syndrome
2018-05-02 10:10:58,686:INFO: 2: T-Cell Lymphoma
2018-05-02 10:11:00,873:INFO: 3: Nuclear non-senile cataract
2018-05-02 10:11:01,125:INFO: 4: Infantile Refsum Disease (disorder)
2018-05-02 10:13:11,970:INFO: Subgraphs in Disease Pathways
2018-05-02 10:13:11,970:INFO: Sabri Eyuboglu  -- SNAP Group
2018-05-02 10:13:11,970:INFO: ======================================
2018-05-02 10:13:11,970:INFO: Loading PPI Network...
2018-05-02 10:13:25,619:INFO: Loading Disease Associations...
2018-05-02 10:13:25,631:INFO: Loading PPI Matrix...
2018-05-02 10:13:33,036:INFO: Subgraphs in Disease Pathways
2018-05-02 10:13:33,036:INFO: Sabri Eyuboglu  -- SNAP Group
2018-05-02 10:13:33,036:INFO: ======================================
2018-05-02 10:13:33,036:INFO: Loading PPI Network...
2018-05-02 10:13:46,157:INFO: Loading Disease Associations...
2018-05-02 10:13:46,162:INFO: Loading PPI Matrix...
2018-05-02 10:13:49,519:INFO: Running Experiment...
2018-05-02 10:13:49,519:INFO: 1: MELAS Syndrome
2018-05-02 10:13:49,955:INFO: 2: T-Cell Lymphoma
2018-05-02 10:13:51,612:INFO: 3: Nuclear non-senile cataract
2018-05-02 10:13:51,851:INFO: 4: Infantile Refsum Disease (disorder)
2018-05-02 10:34:46,867:INFO: Subgraphs in Disease Pathways
2018-05-02 10:34:46,867:INFO: Sabri Eyuboglu  -- SNAP Group
2018-05-02 10:34:46,867:INFO: ======================================
2018-05-02 10:34:46,867:INFO: Loading PPI Network...
2018-05-02 10:34:59,954:INFO: Loading Disease Associations...
2018-05-02 10:34:59,961:INFO: Loading PPI Matrix...
2018-05-02 10:35:07,149:INFO: Running Experiment...
2018-05-02 10:35:07,150:INFO: 1: MELAS Syndrome
2018-05-02 10:35:59,654:INFO: Subgraphs in Disease Pathways
2018-05-02 10:35:59,654:INFO: Sabri Eyuboglu  -- SNAP Group
2018-05-02 10:35:59,654:INFO: ======================================
2018-05-02 10:35:59,655:INFO: Loading PPI Network...
2018-05-02 10:36:13,367:INFO: Loading Disease Associations...
2018-05-02 10:36:13,374:INFO: Loading PPI Matrix...
2018-05-02 10:36:17,126:INFO: Running Experiment...
2018-05-02 10:36:17,126:INFO: 1: MELAS Syndrome
2018-05-02 10:36:17,604:INFO: 2: T-Cell Lymphoma
2018-05-02 10:36:19,443:INFO: 3: Nuclear non-senile cataract
2018-05-02 10:36:19,761:INFO: 4: Infantile Refsum Disease (disorder)
2018-05-02 10:40:18,605:INFO: Subgraphs in Disease Pathways
2018-05-02 10:40:18,605:INFO: Sabri Eyuboglu  -- SNAP Group
2018-05-02 10:40:18,605:INFO: ======================================
2018-05-02 10:40:18,605:INFO: Loading PPI Network...
2018-05-02 10:40:31,977:INFO: Loading Disease Associations...
2018-05-02 10:40:32,018:INFO: Loading PPI Matrix...
2018-05-02 10:40:36,342:INFO: Running Experiment...
2018-05-02 10:40:36,344:INFO: 1: Hydrops Fetalis, Non-Immune
2018-05-02 10:40:36,715:INFO: 2: Psychoses, Substance-Induced
2018-05-02 10:40:37,951:INFO: 3: Zellweger Syndrome
2018-05-02 10:40:38,379:INFO: 4: Psoriasis
2018-05-02 10:40:40,841:INFO: 5: Nephrotic Syndrome
2018-05-02 10:40:41,373:INFO: 6: Nephrosis
2018-05-02 10:40:42,182:INFO: 7: Mouth Diseases
2018-05-02 10:40:42,797:INFO: 8: MITOCHONDRIAL COMPLEX I DEFICIENCY
2018-05-02 10:40:43,440:INFO: 9: Substance-Related Disorders
2018-05-02 10:40:44,945:INFO: 10: Anemia, Hemolytic
2018-05-02 10:40:45,444:INFO: 11: Rheumatoid Arthritis
2018-05-02 10:40:48,817:INFO: 12: Arthritis, Psoriatic
2018-05-02 10:40:49,343:INFO: 13: Anemia
2018-05-02 10:40:49,886:INFO: 14: Cholangiocarcinoma
2018-05-02 10:40:51,660:INFO: 15: Neuroendocrine Tumors
2018-05-02 10:40:52,136:INFO: 16: Malaria
2018-05-02 10:40:52,737:INFO: 17: Hyperhomocysteinemia
2018-05-02 10:40:53,138:INFO: 18: HIV Infections
2018-05-02 10:40:57,732:INFO: 19: Ankylosing spondylitis
2018-05-02 10:40:58,101:INFO: 20: Adenoid Cystic Carcinoma
2018-05-02 10:41:01,436:INFO: 21: Juvenile arthritis
2018-05-02 10:41:03,645:INFO: 22: Neoplasms, Experimental
2018-05-02 10:41:05,137:INFO: 23: Neoplasms, Germ Cell and Embryonal
2018-05-02 10:41:05,563:INFO: 24: Alopecia Areata
2018-05-02 10:41:05,850:INFO: 25: Alopecia
2018-05-02 10:41:06,656:INFO: 26: Bradycardia
2018-05-02 10:41:07,001:INFO: 27: Common Variable Immunodeficiency
2018-05-02 10:41:07,809:INFO: 28: Glomerulonephritis
2018-05-02 10:41:08,709:INFO: 29: Alcoholic Intoxication, Chronic
2018-05-02 10:41:09,242:INFO: 30: Lung Injury
2018-05-02 10:41:10,552:INFO: 31: Hypercalcemia
2018-05-02 10:41:10,832:INFO: 32: Cerebrovascular accident
2018-05-02 10:41:11,800:INFO: 33: Diaphragmatic Hernia
2018-05-02 10:41:12,808:INFO: 34: Prostatic Intraepithelial Neoplasias
2018-05-02 10:41:14,088:INFO: 35: Migraine Disorders
2018-05-02 10:41:14,808:INFO: 36: Restless Legs Syndrome
2018-05-02 10:41:15,161:INFO: 37: Brugada Syndrome (disorder)
2018-05-02 10:41:15,514:INFO: 38: Pathological accumulation of air in tissues
2018-05-02 10:41:16,242:INFO: 39: Craniosynostosis
2018-05-02 10:41:16,723:INFO: 40: Head and Neck Neoplasms
2018-05-02 10:41:17,960:INFO: 41: Brain Neoplasms
2018-05-02 10:41:19,196:INFO: 42: Hearing Loss, Partial
2018-05-02 10:41:19,561:INFO: 43: Chromosome Aberrations
2018-05-02 10:41:20,114:INFO: 44: Chronic Lymphocytic Leukemia
2018-05-02 10:41:22,431:INFO: 45: Refractive Errors
2018-05-02 10:41:22,817:INFO: 46: Hepatitis C
2018-05-02 10:41:23,186:INFO: 47: Mesothelioma
2018-05-02 10:41:25,345:INFO: 48: Noise-induced hearing loss
2018-05-02 10:41:25,645:INFO: 49: Inflammatory dermatosis
2018-05-02 10:41:26,522:INFO: 50: Kallmann Syndrome
2018-05-02 10:41:26,893:INFO: 51: Lipoidosis
2018-05-02 10:41:27,382:INFO: 52: Diabetes Mellitus
2018-05-02 10:41:28,638:INFO: 53: Fibrosis
2018-05-02 10:41:29,819:INFO: 54: Hypercholesterolemia
2018-05-02 10:41:30,614:INFO: 55: Microcephaly
2018-05-02 10:41:31,568:INFO: 56: Tongue Neoplasms
2018-05-02 10:41:32,005:INFO: 57: Common Migraine
2018-05-02 10:41:32,389:INFO: 58: Carotid Artery Diseases
2018-05-02 10:41:32,958:INFO: 59: Growth Disorders
2018-05-02 10:41:33,709:INFO: 60: Absence Epilepsy
2018-05-02 10:41:34,003:INFO: 61: Epilepsy, Temporal Lobe
2018-05-02 10:41:34,479:INFO: 62: Memory Disorders
2018-05-02 10:41:35,934:INFO: 63: Catalepsy
2018-05-02 10:41:36,302:INFO: 64: Hereditary Nonpolyposis Colorectal Cancer
2018-05-02 10:41:37,082:INFO: 65: Acute Promyelocytic Leukemia
2018-05-02 10:41:38,360:INFO: 66: Precursor B-Cell Lymphoblastic Leukemia-Lymphoma
2018-05-02 10:41:38,809:INFO: 67: Gout
2018-05-02 10:41:39,224:INFO: 68: Coronary Artery Disease
2018-05-02 10:41:40,928:INFO: 69: Venous Thromboembolism
2018-05-02 10:41:41,473:INFO: 70: Precancerous Conditions
2018-05-02 10:41:43,601:INFO: 71: Crohn Disease
2018-05-02 10:41:45,585:INFO: 72: Uterine Cervical Neoplasm
2018-05-02 10:41:46,799:INFO: 73: Dyskinesia, Drug-Induced
2018-05-02 10:41:47,108:INFO: 74: Ataxia, Spinocerebellar
2018-05-02 10:41:47,791:INFO: 75: Optic Atrophy, Hereditary, Leber
2018-05-02 10:41:48,118:INFO: 76: Liver Cirrhosis, Alcoholic
2018-05-02 10:41:48,838:INFO: 77: Acute Lung Injury
2018-05-02 10:41:49,509:INFO: 78: Liver Cirrhosis, Experimental
2018-05-02 10:41:51,821:INFO: 79: Chloracne
2018-05-02 10:41:53,152:INFO: 80: Liver diseases
2018-05-02 10:41:54,674:INFO: 81: Kidney Failure, Chronic
2018-05-02 10:41:55,971:INFO: 82: Weight decreased
2018-05-02 10:41:56,469:INFO: 83: Leigh Disease
2018-05-02 10:41:57,184:INFO: 84: Celiac Disease
2018-05-02 10:41:57,848:INFO: 85: Glaucoma
2018-05-02 10:41:58,307:INFO: 86: Tachycardia
2018-05-02 10:41:58,767:INFO: 87: Breast Cancer, Familial
2018-05-02 10:42:00,129:INFO: 88: Ischemia
2018-05-02 10:42:01,472:INFO: 89: Adenomatous Polyposis Coli
2018-05-02 10:42:01,999:INFO: 90: Thyroid Diseases
2018-05-02 10:42:02,380:INFO: 91: Panic Disorder
2018-05-02 10:42:02,725:INFO: 92: Colorectal Neoplasms
2018-05-02 10:42:06,848:INFO: 93: Adrenal Gland Neoplasms
2018-05-02 10:42:08,073:INFO: 94: Sudden infant death syndrome
2018-05-02 10:42:08,385:INFO: 95: Neuroblastoma
2018-05-02 10:42:10,940:INFO: 96: Prostate cancer, familial
2018-05-02 10:42:11,569:INFO: 97: Animal Mammary Neoplasms
2018-05-02 10:42:16,638:INFO: 98: Osteochondrodysplasias
2018-05-02 10:42:17,074:INFO: 99: Hepatolenticular Degeneration
2018-05-02 10:42:17,759:INFO: 100: Fanconi Anemia
2018-05-02 10:42:18,472:INFO: 101: Eye Abnormalities
2018-05-02 10:42:18,968:INFO: 102: Limb Deformities, Congenital
2018-05-02 10:42:19,581:INFO: 103: Electrocardiogram: P-R interval
2018-05-02 10:45:50,191:INFO: Subgraphs in Disease Pathways
2018-05-02 10:45:50,192:INFO: Sabri Eyuboglu  -- SNAP Group
2018-05-02 10:45:50,192:INFO: ======================================
2018-05-02 10:45:50,192:INFO: Loading PPI Network...
2018-05-02 10:46:05,588:INFO: Loading Disease Associations...
2018-05-02 10:46:05,628:INFO: Loading PPI Matrix...
2018-05-02 10:46:11,201:INFO: Running Experiment...
2018-05-02 10:46:11,201:INFO: 1: Hydrops Fetalis, Non-Immune
2018-05-02 10:46:11,598:INFO: 2: Psychoses, Substance-Induced
2018-05-02 10:46:12,835:INFO: 3: Zellweger Syndrome
2018-05-02 10:46:13,264:INFO: 4: Psoriasis
2018-05-02 10:46:15,623:INFO: 5: Nephrotic Syndrome
2018-05-02 10:46:16,252:INFO: 6: Nephrosis
2018-05-02 10:46:17,045:INFO: 7: Mouth Diseases
2018-05-02 10:46:17,698:INFO: 8: MITOCHONDRIAL COMPLEX I DEFICIENCY
2018-05-02 10:46:18,284:INFO: 9: Substance-Related Disorders
2018-05-02 10:46:19,942:INFO: 10: Anemia, Hemolytic
2018-05-02 10:46:20,378:INFO: 11: Rheumatoid Arthritis
2018-05-02 10:46:23,679:INFO: 12: Arthritis, Psoriatic
2018-05-02 10:46:24,178:INFO: 13: Anemia
2018-05-02 10:46:24,774:INFO: 14: Cholangiocarcinoma
2018-05-02 10:46:26,431:INFO: 15: Neuroendocrine Tumors
2018-05-02 10:46:26,897:INFO: 16: Malaria
2018-05-02 10:46:27,477:INFO: 17: Hyperhomocysteinemia
2018-05-02 10:46:27,886:INFO: 18: HIV Infections
2018-05-02 10:46:32,304:INFO: 19: Ankylosing spondylitis
2018-05-02 10:46:32,625:INFO: 20: Adenoid Cystic Carcinoma
2018-05-02 10:46:35,749:INFO: 21: Juvenile arthritis
2018-05-02 10:46:38,013:INFO: 22: Neoplasms, Experimental
2018-05-02 10:46:39,470:INFO: 23: Neoplasms, Germ Cell and Embryonal
2018-05-02 10:46:39,829:INFO: 24: Alopecia Areata
2018-05-02 10:46:40,202:INFO: 25: Alopecia
2018-05-02 10:46:40,951:INFO: 26: Bradycardia
2018-05-02 10:46:41,389:INFO: 27: Common Variable Immunodeficiency
2018-05-02 10:46:42,172:INFO: 28: Glomerulonephritis
2018-05-02 10:46:42,910:INFO: 29: Alcoholic Intoxication, Chronic
2018-05-02 10:46:43,500:INFO: 30: Lung Injury
2018-05-02 10:46:44,580:INFO: 31: Hypercalcemia
2018-05-02 10:46:44,841:INFO: 32: Cerebrovascular accident
2018-05-02 10:46:45,720:INFO: 33: Diaphragmatic Hernia
2018-05-02 10:46:46,845:INFO: 34: Prostatic Intraepithelial Neoplasias
2018-05-02 10:46:48,018:INFO: 35: Migraine Disorders
2018-05-02 10:46:48,789:INFO: 36: Restless Legs Syndrome
2018-05-02 10:46:49,121:INFO: 37: Brugada Syndrome (disorder)
2018-05-02 10:46:49,552:INFO: 38: Pathological accumulation of air in tissues
2018-05-02 10:46:50,441:INFO: 39: Craniosynostosis
2018-05-02 10:46:50,783:INFO: 40: Head and Neck Neoplasms
2018-05-02 10:46:51,952:INFO: 41: Brain Neoplasms
2018-05-02 10:46:53,178:INFO: 42: Hearing Loss, Partial
2018-05-02 10:46:53,490:INFO: 43: Chromosome Aberrations
2018-05-02 10:46:54,124:INFO: 44: Chronic Lymphocytic Leukemia
2018-05-02 10:46:56,447:INFO: 45: Refractive Errors
2018-05-02 10:46:56,876:INFO: 46: Hepatitis C
2018-05-02 10:46:57,265:INFO: 47: Mesothelioma
2018-05-02 10:46:59,347:INFO: 48: Noise-induced hearing loss
2018-05-02 10:46:59,588:INFO: 49: Inflammatory dermatosis
2018-05-02 10:47:00,616:INFO: 50: Kallmann Syndrome
2018-05-02 10:47:00,923:INFO: 51: Lipoidosis
2018-05-02 10:47:01,517:INFO: 52: Diabetes Mellitus
2018-05-02 10:47:02,729:INFO: 53: Fibrosis
2018-05-02 10:47:03,876:INFO: 54: Hypercholesterolemia
2018-05-02 10:47:04,600:INFO: 55: Microcephaly
2018-05-02 10:47:05,616:INFO: 56: Tongue Neoplasms
2018-05-02 10:47:06,103:INFO: 57: Common Migraine
2018-05-02 10:47:06,520:INFO: 58: Carotid Artery Diseases
2018-05-02 10:47:07,140:INFO: 59: Growth Disorders
2018-05-02 10:47:07,964:INFO: 60: Absence Epilepsy
2018-05-02 10:47:08,297:INFO: 61: Epilepsy, Temporal Lobe
2018-05-02 10:47:08,738:INFO: 62: Memory Disorders
2018-05-02 10:47:10,126:INFO: 63: Catalepsy
2018-05-02 10:47:10,492:INFO: 64: Hereditary Nonpolyposis Colorectal Cancer
2018-05-02 10:47:11,333:INFO: 65: Acute Promyelocytic Leukemia
2018-05-02 10:47:12,665:INFO: 66: Precursor B-Cell Lymphoblastic Leukemia-Lymphoma
2018-05-02 10:47:13,116:INFO: 67: Gout
2018-05-02 10:47:13,467:INFO: 68: Coronary Artery Disease
2018-05-02 10:47:15,509:INFO: 69: Venous Thromboembolism
2018-05-02 10:47:15,997:INFO: 70: Precancerous Conditions
2018-05-02 10:47:18,239:INFO: 71: Crohn Disease
2018-05-02 10:47:20,171:INFO: 72: Uterine Cervical Neoplasm
2018-05-02 10:47:21,390:INFO: 73: Dyskinesia, Drug-Induced
2018-05-02 10:47:21,739:INFO: 74: Ataxia, Spinocerebellar
2018-05-02 10:47:22,456:INFO: 75: Optic Atrophy, Hereditary, Leber
2018-05-02 10:47:22,797:INFO: 76: Liver Cirrhosis, Alcoholic
2018-05-02 10:47:23,542:INFO: 77: Acute Lung Injury
2018-05-02 10:47:24,142:INFO: 78: Liver Cirrhosis, Experimental
2018-05-02 10:47:26,461:INFO: 79: Chloracne
2018-05-02 10:47:27,766:INFO: 80: Liver diseases
2018-05-02 10:47:29,277:INFO: 81: Kidney Failure, Chronic
2018-05-02 10:47:30,586:INFO: 82: Weight decreased
2018-05-02 10:47:30,991:INFO: 83: Leigh Disease
2018-05-02 10:47:31,763:INFO: 84: Celiac Disease
2018-05-02 10:47:32,385:INFO: 85: Glaucoma
2018-05-02 10:47:32,843:INFO: 86: Tachycardia
2018-05-02 10:47:33,276:INFO: 87: Breast Cancer, Familial
2018-05-02 10:47:34,523:INFO: 88: Ischemia
2018-05-02 10:47:35,825:INFO: 89: Adenomatous Polyposis Coli
2018-05-02 10:47:36,419:INFO: 90: Thyroid Diseases
2018-05-02 10:47:36,901:INFO: 91: Panic Disorder
2018-05-02 10:47:37,285:INFO: 92: Colorectal Neoplasms
2018-05-02 10:47:41,494:INFO: 93: Adrenal Gland Neoplasms
2018-05-02 10:47:42,744:INFO: 94: Sudden infant death syndrome
2018-05-02 10:47:43,019:INFO: 95: Neuroblastoma
2018-05-02 10:47:45,560:INFO: 96: Prostate cancer, familial
2018-05-02 10:47:46,236:INFO: 97: Animal Mammary Neoplasms
2018-05-02 10:47:51,305:INFO: 98: Osteochondrodysplasias
2018-05-02 10:47:51,746:INFO: 99: Hepatolenticular Degeneration
2018-05-02 10:47:52,463:INFO: 100: Fanconi Anemia
2018-05-02 10:47:53,106:INFO: 101: Eye Abnormalities
2018-05-02 10:47:53,711:INFO: 102: Limb Deformities, Congenital
2018-05-02 10:47:54,294:INFO: 103: Electrocardiogram: P-R interval
2018-05-02 10:47:54,595:INFO: 104: Mammary Neoplasms, Experimental
2018-05-02 10:47:59,829:INFO: 105: Heart valve disease
2018-05-02 10:48:00,437:INFO: 106: Diffuse Large B-Cell Lymphoma
2018-05-02 10:48:02,112:INFO: 107: Hepatitis
2018-05-02 10:48:02,708:INFO: 108: Impaired glucose tolerance
2018-05-02 10:48:03,447:INFO: 109: Mitochondrial Encephalomyopathies
2018-05-02 10:48:03,919:INFO: 110: Colon Carcinoma
2018-05-02 10:48:05,695:INFO: 111: Hepatic Encephalopathy
2018-05-02 10:48:06,212:INFO: 112: Multiple Sclerosis
2018-05-02 10:48:08,337:INFO: 113: Neurogenic Inflammation
2018-05-02 10:48:08,932:INFO: 114: Lupus Erythematosus, Systemic
2018-05-02 10:48:10,149:INFO: 115: Ceroid lipofuscinosis, neuronal 1, infantile
2018-05-02 10:48:10,823:INFO: 116: Adenocarcinoma of lung (disorder)
2018-05-02 10:48:13,215:INFO: 117: Charcot-Marie-Tooth Disease
2018-05-02 10:48:14,285:INFO: 118: Osteogenesis imperfecta type III (disorder)
2018-05-02 10:48:14,763:INFO: 119: Osteogenesis imperfecta type IV (disorder)
2018-05-02 10:48:15,125:INFO: 120: Hepatitis, Autoimmune
2018-05-02 10:48:15,496:INFO: 121: Prostatic Neoplasms
2018-05-02 10:48:22,721:INFO: 122: NADH:Q(1) Oxidoreductase deficiency
2018-05-02 10:48:23,231:INFO: 123: Hypospadias
2018-05-02 10:48:23,551:INFO: 124: Multiple Myeloma
2018-05-02 10:48:24,972:INFO: 125: Fatty Liver
2018-05-02 10:48:26,463:INFO: 126: Leishmaniasis, Visceral
2018-05-02 10:48:26,740:INFO: 127: Early infantile epileptic encephalopathy with suppression bursts
2018-05-02 10:48:27,276:INFO: 128: Kartagener Syndrome
2018-05-02 10:48:27,695:INFO: 129: Malignant lymphoma, lymphocytic, intermediate differentiation, diffuse
2018-05-02 10:48:28,920:INFO: 130: Bipolar Disorder
2018-05-02 10:48:30,657:INFO: 131: Erectile dysfunction
2018-05-02 10:48:31,073:INFO: 132: Meckel-Gruber syndrome
2018-05-02 10:48:31,721:INFO: 133: Colonic Neoplasms
2018-05-02 10:48:36,287:INFO: 134: Autistic Disorder
2018-05-02 10:48:40,671:INFO: 135: Liver Neoplasms, Experimental
2018-05-02 10:48:43,407:INFO: 136: Precursor T-Cell Lymphoblastic Leukemia-Lymphoma
2018-05-02 10:48:45,528:INFO: 137: Narcolepsy
2018-05-02 10:48:45,880:INFO: 138: Fever
2018-05-02 10:48:46,432:INFO: 139: Adenocarcinoma
2018-05-02 10:48:50,803:INFO: 140: Aortic Valve Insufficiency
2018-05-02 10:48:51,497:INFO: 141: Carcinoma, Pancreatic Ductal
2018-05-02 10:48:52,545:INFO: 142: Infarction, Middle Cerebral Artery
2018-05-02 10:48:53,526:INFO: 143: Hypertensive disease
2018-05-02 10:48:57,790:INFO: 144: Juvenile Myelomonocytic Leukemia
2018-05-02 10:48:58,507:INFO: 145: Leprosy
2018-05-02 10:48:59,050:INFO: 146: Myocardial Infarction
2018-05-02 10:49:01,832:INFO: 147: Urticaria
2018-05-02 10:49:02,518:INFO: 148: Cardiac Arrhythmia
2018-05-02 10:49:03,020:INFO: 149: Hemochromatosis
2018-05-02 10:49:03,405:INFO: 150: Pancreatic Neoplasm
2018-05-02 10:49:06,454:INFO: 151: Cardiomyopathy, Dilated
2018-05-02 10:49:08,341:INFO: 152: Papilloma
2018-05-02 10:49:09,210:INFO: 153: Pain
2018-05-02 10:49:09,948:INFO: 154: Congenital Abnormality
2018-05-02 10:49:10,464:INFO: 155: MYCOBACTERIUM TUBERCULOSIS, SUSCEPTIBILITY TO (finding)
2018-05-02 10:49:10,795:INFO: 156: Kidney Diseases
2018-05-02 10:49:12,589:INFO: 157: Lung Diseases, Interstitial
2018-05-02 10:49:13,014:INFO: 158: Basal cell carcinoma
2018-05-02 10:49:13,945:INFO: 159: Liver carcinoma
2018-05-02 10:49:19,524:INFO: 160: gliosarcoma
2018-05-02 10:49:20,632:INFO: 161: Acute Coronary Syndrome
2018-05-02 10:49:22,869:INFO: 162: Ovarian Cysts
2018-05-02 10:49:23,786:INFO: 163: Schizophrenia, Childhood
2018-05-02 10:49:24,228:INFO: 164: Adrenocortical carcinoma
2018-05-02 10:49:25,908:INFO: 165: Schizophrenia
2018-05-02 10:49:31,152:INFO: 166: Atrophic
2018-05-02 10:49:31,612:INFO: 167: Idiopathic Pulmonary Fibrosis
2018-05-02 10:49:32,074:INFO: 168: Lobar Holoprosencephaly
2018-05-02 10:49:32,490:INFO: 169: Alobar Holoprosencephaly
2018-05-02 10:49:32,869:INFO: 170: Immunologic Deficiency Syndromes
2018-05-02 10:49:33,341:INFO: 171: Ataxia
2018-05-02 10:49:33,771:INFO: 172: Adenocarcinoma Of Esophagus
2018-05-02 10:49:34,692:INFO: 173: Retinitis Pigmentosa
2018-05-02 10:49:36,290:INFO: 174: Squamous cell carcinoma of esophagus
2018-05-02 10:49:39,883:INFO: 175: Autoimmune Diseases
2018-05-02 10:49:41,270:INFO: 176: Diarrhea
2018-05-02 10:49:41,542:INFO: 177: Myocardial Ischemia
2018-05-02 10:49:46,085:INFO: 178: Essential Hypertension
2018-05-02 10:49:46,431:INFO: 179: Hepatomegaly
2018-05-02 10:49:46,786:INFO: 180: Myopathy
2018-05-02 10:49:47,517:INFO: 181: Adverse reaction to drug
2018-05-02 10:49:48,718:INFO: 182: Myoclonic Epilepsies, Progressive
2018-05-02 10:49:49,016:INFO: 183: Muscular Atrophy
2018-05-02 10:49:49,863:INFO: 184: Basal Ganglia Diseases
2018-05-02 10:49:50,207:INFO: 185: Hepatitis B
2018-05-02 10:49:50,541:INFO: 186: Lung diseases
2018-05-02 10:49:51,704:INFO: 187: Chronic Obstructive Airway Disease
2018-05-02 10:49:53,109:INFO: 188: Peripheral Neuropathy
2018-05-02 10:49:57,768:INFO: 189: Weight Gain
2018-05-02 10:50:00,701:INFO: 190: Deafness
2018-05-02 10:50:01,147:INFO: 191: Renal dysplasia and retinal aplasia (disorder)
2018-05-02 10:50:01,667:INFO: 192: Attention deficit hyperactivity disorder
2018-05-02 10:50:02,144:INFO: 193: Tetralogy of Fallot
2018-05-02 10:50:02,532:INFO: 194: Neurodegenerative Disorders
2018-05-02 10:50:03,888:INFO: 195: Barrett Esophagus
2018-05-02 10:50:04,420:INFO: 196: Craniofacial Abnormalities
2018-05-02 10:50:07,943:INFO: 197: Necrotizing Enterocolitis
2018-05-02 10:50:08,890:INFO: 198: Hyperlipidemia
2018-05-02 10:50:09,548:INFO: 199: MYELODYSPLASTIC SYNDROME
2018-05-02 10:50:10,593:INFO: 200: Anoxia
2018-05-02 10:50:13,255:INFO: 201: Small cell carcinoma of lung
2018-05-02 10:50:15,718:INFO: 202: Epilepsy
2018-05-02 10:50:17,558:INFO: 203: Liver Failure, Acute
2018-05-02 10:50:18,260:INFO: 204: Micronuclei, Chromosome-Defective
2018-05-02 10:50:19,151:INFO: 205: Cognition Disorders
2018-05-02 10:50:20,030:INFO: 206: Tonic-Clonic Epilepsy
2018-05-02 10:50:20,339:INFO: 207: Heart Diseases
2018-05-02 10:50:21,766:INFO: 208: Adult T-Cell Lymphoma/Leukemia
2018-05-02 10:50:23,422:INFO: 209: Primary biliary cirrhosis
2018-05-02 10:50:24,067:INFO: 210: beta Thalassemia
2018-05-02 10:50:24,892:INFO: 211: Marijuana Abuse
2018-05-02 10:50:25,739:INFO: 212: Long QT Syndrome
2018-05-02 10:50:26,204:INFO: 213: Burkitt Lymphoma
2018-05-02 10:50:27,469:INFO: 214: TOBACCO ADDICTION, SUSCEPTIBILITY TO (finding)
2018-05-02 10:50:27,831:INFO: 215: Insulin Resistance
2018-05-02 10:50:30,800:INFO: 216: Left Ventricular Hypertrophy
2018-05-02 10:50:32,770:INFO: 217: Bronchial Hyperreactivity
2018-05-02 10:50:33,293:INFO: 218: AMYOTROPHIC LATERAL SCLEROSIS 1
2018-05-02 10:50:35,691:INFO: 219: Fetal Growth Retardation
2018-05-02 10:50:37,093:INFO: 220: Holoprosencephaly
2018-05-02 10:50:37,594:INFO: 221: Arthritis, Experimental
2018-05-02 10:50:39,619:INFO: 222: Congenital Heart Defects
2018-05-02 10:50:40,547:INFO: 223: Pseudohypoaldosteronism
2018-05-02 10:50:40,911:INFO: 224: Cataract
2018-05-02 10:50:41,797:INFO: 225: Giant Cell Glioblastoma
2018-05-02 10:50:43,544:INFO: 226: Seizure Adverse Event
2018-05-02 10:50:44,510:INFO: 227: Body Weight
2018-05-02 10:50:45,004:INFO: 228: Huntington Disease
2018-05-02 10:50:45,627:INFO: 229: Glioblastoma
2018-05-02 10:50:48,883:INFO: 230: Congenital diaphragmatic hernia
2018-05-02 10:50:49,436:INFO: 231: Systemic Scleroderma
2018-05-02 10:50:49,880:INFO: 232: Acute kidney injury
2018-05-02 10:50:52,249:INFO: 233: Copper-Overload Cirrhosis
2018-05-02 10:50:53,128:INFO: 234: Spontaneous abortion
2018-05-02 10:50:54,744:INFO: 235: Glioma
2018-05-02 10:50:58,650:INFO: 236: Gliosis
2018-05-02 10:50:59,672:INFO: 237: LEIGH SYNDROME DUE TO MITOCHONDRIAL COMPLEX I DEFICIENCY
2018-05-02 10:51:00,270:INFO: 238: Dementia
2018-05-02 10:51:00,996:INFO: 239: Pancreatitis
2018-05-02 10:51:01,539:INFO: 240: Amino Acid Metabolism, Inborn Errors
2018-05-02 10:51:01,996:INFO: 241: Thyroid Neoplasm
2018-05-02 10:51:03,426:INFO: 242: Neoplasm Invasiveness
2018-05-02 10:51:08,150:INFO: 243: Neoplasm Metastasis
2018-05-02 10:51:13,028:INFO: 244: Albuminuria
2018-05-02 10:51:13,635:INFO: 245: Pre-Eclampsia
2018-05-02 10:51:14,285:INFO: 246: Nerve Degeneration
2018-05-02 10:51:16,783:INFO: 247: Thromboembolism
2018-05-02 10:51:17,160:INFO: 248: Polycystic Ovary Syndrome
2018-05-02 10:51:19,948:INFO: 249: Transient Ischemic Attack
2018-05-02 10:51:20,456:INFO: 250: Brain Ischemia
2018-05-02 10:51:23,137:INFO: 251: Cerebral Infarction
2018-05-02 10:51:23,454:INFO: 252: Malignant neoplasm of esophagus
2018-05-02 10:51:24,045:INFO: 253: Degenerative polyarthritis
2018-05-02 10:51:27,892:INFO: 254: Osteitis Deformans
2018-05-02 10:51:28,367:INFO: 255: Diabetic Cardiomyopathies
2018-05-02 10:51:28,814:INFO: 256: Nuclear cataract
2018-05-02 10:51:29,164:INFO: 257: Anorexia
2018-05-02 10:51:29,700:INFO: 258: Cocaine-Related Disorders
2018-05-02 10:51:32,315:INFO: 259: MELAS Syndrome
2018-05-02 10:51:32,745:INFO: 260: Mitochondrial Myopathies
2018-05-02 10:51:33,158:INFO: 261: Amphetamine-Related Disorders
2018-05-02 10:51:35,272:INFO: 262: Birth Weight
2018-05-02 10:51:35,651:INFO: 263: Brain Diseases
2018-05-02 10:51:36,516:INFO: 264: Dyslipidemias
2018-05-02 10:51:36,960:INFO: 265: Berylliosis
2018-05-02 10:51:37,277:INFO: 266: Mental Retardation, X-Linked
2018-05-02 10:51:37,800:INFO: 267: Sarcoidosis
2018-05-02 10:51:38,177:INFO: 268: Liver neoplasms
2018-05-02 10:51:41,600:INFO: 269: Myocardial Reperfusion Injury
2018-05-02 10:51:42,967:INFO: 270: Microsatellite Instability
2018-05-02 10:51:43,634:INFO: 271: Night blindness, congenital stationary
2018-05-02 10:51:43,900:INFO: 272: Stevens-Johnson Syndrome
2018-05-02 10:51:46,949:INFO: 273: Leukemia, Lymphocytic, Acute, L1
2018-05-02 10:51:47,330:INFO: 274: Systemic arterial pressure
2018-05-02 10:51:48,103:INFO: 275: Learning Disorders
2018-05-02 10:51:49,110:INFO: 276: Walker-Warburg congenital muscular dystrophy
2018-05-02 10:51:49,466:INFO: 277: Marfan Syndrome
2018-05-02 10:51:49,946:INFO: 278: Congenital ocular coloboma (disorder)
2018-05-02 10:51:50,664:INFO: 279: Lung Neoplasms
2018-05-02 10:51:55,704:INFO: 280: Myoclonic Epilepsy, Juvenile
2018-05-02 10:51:55,984:INFO: 281: Inflammatory Bowel Diseases
2018-05-02 10:51:57,857:INFO: 282: Mammary Neoplasms
2018-05-02 10:52:05,089:INFO: 283: Idiopathic generalized epilepsy
2018-05-02 10:52:05,387:INFO: 284: Neuralgia
2018-05-02 10:52:06,093:INFO: 285: Neural Tube Defects
2018-05-02 10:52:06,841:INFO: 286: Dermatitis, Allergic Contact
2018-05-02 10:52:08,317:INFO: 287: Inborn Errors of Metabolism
2018-05-02 10:52:08,782:INFO: 288: Platelet mean volume finding
2018-05-02 10:52:09,567:INFO: 289: Intestinal Neoplasms
2018-05-02 10:52:10,814:INFO: 290: Allergic rhinitis (disorder)
2018-05-02 10:52:11,091:INFO: 291: Blood pressure finding
2018-05-02 10:52:12,028:INFO: 292: Age related macular degeneration
2018-05-02 10:52:12,782:INFO: 293: Hyperplasia
2018-05-02 10:52:14,003:INFO: 294: Pulmonary function (finding)
2018-05-02 10:52:14,541:INFO: 295: Spina Bifida
2018-05-02 10:52:15,053:INFO: 296: Hypertrophic Cardiomyopathy
2018-05-02 10:52:17,127:INFO: 297: Bardet-Biedl Syndrome
2018-05-02 10:52:17,615:INFO: 298: Keloid
2018-05-02 10:52:19,115:INFO: 299: melanoma
2018-05-02 10:52:24,409:INFO: 300: LEUKEMIA, ACUTE LYMPHOBLASTIC, SUSCEPTIBILITY TO, 3
2018-05-02 10:52:25,633:INFO: 301: Pneumonia
2018-05-02 10:52:26,891:INFO: 302: Disease Progression
2018-05-02 10:52:32,503:INFO: 303: Nephroblastoma
2018-05-02 10:52:33,304:INFO: 304: Severe Combined Immunodeficiency
2018-05-02 10:52:33,747:INFO: 305: Malignant neoplasm of ovary
2018-05-02 10:52:34,571:INFO: 306: Pheochromocytoma
2018-05-02 10:52:35,314:INFO: 307: Testicular Germ Cell Tumor
2018-05-02 10:52:36,337:INFO: 308: Hypogonadism
2018-05-02 10:52:36,694:INFO: 309: Movement Disorders
2018-05-02 10:52:37,266:INFO: 310: Sarcoma
2018-05-02 10:52:39,156:INFO: 311: Lymphatic Metastasis
2018-05-02 10:52:40,324:INFO: 312: Hypoglycemia
2018-05-02 10:52:40,801:INFO: 313: Anemia, Sickle Cell
2018-05-02 10:52:41,503:INFO: 314: Muscular Dystrophy, Facioscapulohumeral
2018-05-02 10:52:42,311:INFO: 315: Colorectal Cancer
2018-05-02 10:52:43,276:INFO: 316: Atherosclerosis
2018-05-02 10:52:45,582:INFO: 317: Asthma
2018-05-02 10:52:48,077:INFO: 318: Cardiomyopathy, Hypertrophic, Familial
2018-05-02 10:52:48,773:INFO: 319: Skin Neoplasms
2018-05-02 10:52:51,257:INFO: 320: Seizures
2018-05-02 10:52:52,840:INFO: 321: Alzheimer's Disease
2018-05-02 10:52:57,229:INFO: 322: Menopause present (finding)
2018-05-02 10:52:57,755:INFO: 323: Neoplastic Syndromes, Hereditary
2018-05-02 10:53:01,136:INFO: 324: Gastrointestinal Diseases
2018-05-02 10:53:01,711:INFO: 325: Cytochrome-c Oxidase Deficiency
2018-05-02 10:53:02,172:INFO: 326: Retinal Degeneration
2018-05-02 10:53:02,812:INFO: 327: Retinal Diseases
2018-05-02 10:53:04,292:INFO: 328: Methylmalonic acidemia
2018-05-02 10:53:04,890:INFO: 329: Contact Dermatitis
2018-05-02 10:53:06,972:INFO: 330: Dermatitis, Atopic
2018-05-02 10:53:07,849:INFO: 331: Coronary heart disease
2018-05-02 10:53:09,214:INFO: 332: Osteoporosis
2018-05-02 10:53:12,112:INFO: 333: Cardiomegaly
2018-05-02 10:53:15,411:INFO: 334: Heart failure
2018-05-02 10:53:17,493:INFO: 335: Hereditary Breast and Ovarian Cancer Syndrome
2018-05-02 10:53:20,250:INFO: 336: Major Depressive Disorder
2018-05-02 10:53:21,174:INFO: 337: Dermatologic disorders
2018-05-02 10:53:23,039:INFO: 338: Inflammation
2018-05-02 10:53:24,976:INFO: 339: Diabetic Neuropathies
2018-05-02 10:53:25,550:INFO: 340: Male infertility
2018-05-02 10:53:28,297:INFO: 341: Vascular Diseases
2018-05-02 10:53:29,027:INFO: 342: Female infertility
2018-05-02 10:53:31,306:INFO: 343: leukemia
2018-05-02 10:53:33,678:INFO: 344: Ulcerative Colitis
2018-05-02 10:53:36,710:INFO: 345: Influenza
2018-05-02 10:53:37,678:INFO: 346: Nephritis, Interstitial
2018-05-02 10:53:37,993:INFO: 347: Sjogren's Syndrome
2018-05-02 10:53:38,884:INFO: 348: Infant length
2018-05-02 10:53:39,433:INFO: 349: Child Development Disorders, Pervasive
2018-05-02 10:53:40,678:INFO: 350: Substance Withdrawal Syndrome
2018-05-02 10:53:42,116:INFO: 351: Malformations of Cortical Development
2018-05-02 10:53:43,003:INFO: 352: Amyotrophic Lateral Sclerosis
2018-05-02 10:53:46,604:INFO: 353: Developmental Disabilities
2018-05-02 10:53:47,611:INFO: 354: Febrile Convulsions
2018-05-02 10:53:48,142:INFO: 355: Cholestasis
2018-05-02 10:53:49,884:INFO: 356: Pulmonary Hypertension
2018-05-02 10:53:50,531:INFO: 357: Papillary thyroid carcinoma
2018-05-02 10:53:52,405:INFO: 358: Salivary Gland Neoplasms
2018-05-02 10:53:53,781:INFO: 359: Non-alcoholic Fatty Liver Disease
2018-05-02 10:53:54,979:INFO: 360: Hay fever
2018-05-02 10:53:55,401:INFO: 361: Hypercholesterolemia, Familial
2018-05-02 10:53:55,952:INFO: 362: Down Syndrome
2018-05-02 10:53:58,115:INFO: 363: Arrhythmogenic Right Ventricular Dysplasia
2018-05-02 10:53:58,758:INFO: 364: Semilobar Holoprosencephaly
2018-05-02 10:53:59,334:INFO: 365: Hypertriglyceridemia
2018-05-02 10:53:59,703:INFO: 366: Sensorineural Hearing Loss (disorder)
2018-05-02 10:54:00,213:INFO: 367: Metabolic Syndrome X
2018-05-02 10:54:01,439:INFO: 368: Malignant neoplasm of lung
2018-05-02 10:54:02,017:INFO: 369: Leukemia, Myelocytic, Acute
2018-05-02 10:54:05,465:INFO: 370: Malignant neoplasm of prostate
2018-05-02 10:54:07,636:INFO: 371: Renal Insufficiency
2018-05-02 10:54:08,023:INFO: 372: Jeune thoracic dystrophy
2018-05-02 10:54:08,414:INFO: 373: Renal Cell Carcinoma
2018-05-02 10:54:12,546:INFO: 374: Squamous cell carcinoma
2018-05-02 10:54:16,741:INFO: 375: Non-Small Cell Lung Carcinoma
2018-05-02 10:54:20,572:INFO: 376: Manganese Poisoning
2018-05-02 10:54:21,399:INFO: 377: Ventricular Dysfunction, Left
2018-05-02 10:54:22,088:INFO: 378: Carcinoma, Transitional Cell
2018-05-02 10:54:24,220:INFO: 379: Mucocutaneous Lymph Node Syndrome
2018-05-02 10:54:24,600:INFO: 380: Tobacco Use Disorder
2018-05-02 10:54:25,270:INFO: 381: Proteinuria
2018-05-02 10:54:26,708:INFO: 382: Diabetic Nephropathy
2018-05-02 10:54:28,699:INFO: 383: Williams Syndrome
2018-05-02 10:54:29,504:INFO: 384: Oral Submucous Fibrosis
2018-05-02 10:54:30,175:INFO: 385: Adenoma
2018-05-02 10:54:32,568:INFO: 386: Neutropenia
2018-05-02 10:54:33,335:INFO: 387: Poor school performance
2018-05-02 10:54:34,442:INFO: 388: Pneumoconiosis
2018-05-02 10:54:35,845:INFO: 389: Cardiovascular Diseases
2018-05-02 10:54:38,630:INFO: 390: Fibrinogen Adverse Event
2018-05-02 10:54:39,025:INFO: 391: Diabetes Mellitus, Non-Insulin-Dependent
2018-05-02 10:54:43,953:INFO: 392: Thrombocytopenia
2018-05-02 10:54:44,500:INFO: 393: Sezary Syndrome
2018-05-02 10:54:46,519:INFO: 394: Nuclear non-senile cataract
2018-05-02 10:54:46,823:INFO: 395: Diabetic Retinopathy
2018-05-02 10:54:47,451:INFO: 396: hearing impairment
2018-05-02 10:54:48,330:INFO: 397: Psychotic Disorders
2018-05-02 10:54:49,159:INFO: 398: Anxiety Disorders
2018-05-02 10:54:50,101:INFO: 399: Finding of Mean Corpuscular Hemoglobin
2018-05-02 10:54:50,580:INFO: 400: Motion Sickness
2018-05-02 10:54:51,101:INFO: 401: Lymphoma, Non-Hodgkin
2018-05-02 10:54:52,313:INFO: 402: Lymphoma, Follicular
2018-05-02 10:54:53,052:INFO: 403: Thrombocythemia, Essential
2018-05-02 10:54:54,205:INFO: 404: Arthritis
2018-05-02 10:54:54,514:INFO: 405: Hypotension
2018-05-02 10:54:55,569:INFO: 406: Reperfusion Injury
2018-05-02 10:54:59,128:INFO: 407: Heat Stroke
2018-05-02 10:55:00,874:INFO: 408: Hemangiosarcoma
2018-05-02 10:55:02,867:INFO: 409: Drug Allergy
2018-05-02 10:55:04,135:INFO: 410: SOLITARY MEDIAN MAXILLARY CENTRAL INCISOR
2018-05-02 10:55:04,774:INFO: 411: Medulloblastoma
2018-05-02 10:55:07,655:INFO: 412: Cleft Lip
2018-05-02 10:55:08,554:INFO: 413: Cleft Palate
2018-05-02 10:55:10,084:INFO: 414: Muscle Weakness
2018-05-02 10:55:12,608:INFO: 415: Mental disorders
2018-05-02 10:55:12,986:INFO: 416: Astrocytoma
2018-05-02 10:55:15,577:INFO: 417: Anemia, Diamond-Blackfan
2018-05-02 10:55:17,882:INFO: 418: Asthma, Aspirin-Induced
2018-05-02 10:55:18,173:INFO: 419: Leber Congenital Amaurosis
2018-05-02 10:55:18,692:INFO: 420: Cachexia
2018-05-02 10:55:19,358:INFO: 421: Respiratory Insufficiency
2018-05-02 10:55:19,873:INFO: 422: Respiratory Hypersensitivity
2018-05-02 10:55:20,792:INFO: 423: Nasopharyngeal carcinoma
2018-05-02 10:55:22,495:INFO: 424: Hyperalgesia
2018-05-02 10:55:23,955:INFO: 425: Meningioma
2018-05-02 10:55:24,579:INFO: 426: Sudden Cardiac Arrest
2018-05-02 10:55:25,268:INFO: 427: Intellectual Disability
2018-05-02 10:55:28,720:INFO: 428: Graves Disease
2018-05-02 10:55:29,176:INFO: 429: Neurotoxicity Syndromes
2018-05-02 10:55:30,347:INFO: 430: Cardiomyopathy, Familial Hypertrophic, 1 (disorder)
2018-05-02 10:55:30,751:INFO: 431: Atrial Fibrillation
2018-05-02 10:55:31,519:INFO: 432: Hepatitis, Chronic
2018-05-02 10:55:32,723:INFO: 433: Behcet Syndrome
2018-05-02 10:55:33,283:INFO: 434: Diabetes Mellitus, Insulin-Dependent
2018-05-02 10:55:34,566:INFO: 435: Diabetes Mellitus, Experimental
2018-05-02 10:55:37,917:INFO: 436: Parkinsonian Disorders
2018-05-02 10:55:38,996:INFO: 437: Necrosis
2018-05-02 10:55:41,554:INFO: 438: Gestational Diabetes
2018-05-02 10:55:42,226:INFO: 439: Idiopathic Membranous Glomerulonephritis
2018-05-02 10:55:42,939:INFO: 440: Hypersensitivity
2018-05-02 10:55:44,215:INFO: 441: Myopia
2018-05-02 10:55:45,206:INFO: 442: Hyperemia
2018-05-02 10:55:45,599:INFO: 443: Tooth Abnormalities
2018-05-02 10:55:46,059:INFO: 444: Hyperglycemia
2018-05-02 10:55:47,329:INFO: 445: Noonan Syndrome
2018-05-02 10:55:48,619:INFO: 446: Hyperinsulinism
2018-05-02 10:55:49,269:INFO: 447: Edema
2018-05-02 10:55:50,095:INFO: 448: Hodgkin Disease
2018-05-02 10:55:50,913:INFO: 449: Metabolic Bone Disorder
2018-05-02 10:55:51,577:INFO: 450: Bone Diseases, Developmental
2018-05-02 10:55:52,444:INFO: 451: Tachycardia, Ventricular
2018-05-02 10:55:52,813:INFO: 452: Dystonia
2018-05-02 10:55:53,334:INFO: 453: Squamous cell carcinoma of the head and neck
2018-05-02 10:55:54,926:INFO: 454: Pulmonary Embolism
2018-05-02 10:55:55,209:INFO: 455: Pulmonary Fibrosis
2018-05-02 10:55:55,939:INFO: 456: West Syndrome
2018-05-02 10:55:56,593:INFO: 457: Cerebral Hemorrhage
2018-05-02 10:55:57,686:INFO: 458: Romano-Ward Syndrome
2018-05-02 10:55:58,303:INFO: 459: Mouth Neoplasms
2018-05-02 10:56:00,827:INFO: 460: Liver Cirrhosis
2018-05-02 10:56:02,275:INFO: 461: Neoplasm Recurrence, Local
2018-05-02 10:56:04,497:INFO: 462: Obesity
2018-05-02 10:56:08,692:INFO: 463: Biliary cirrhosis
2018-05-02 10:56:09,463:INFO: 464: Precursor Cell Lymphoblastic Leukemia Lymphoma
2018-05-02 10:56:11,317:INFO: 465: Cardiomyopathies
2018-05-02 10:56:14,738:INFO: 466: Peroxisome biogenesis disorders
2018-05-02 10:56:15,036:INFO: 467: Dyskeratosis Congenita
2018-05-02 10:56:15,515:INFO: 468: Uremia
2018-05-02 10:56:16,521:INFO: 469: Depressive disorder
2018-05-02 10:56:17,494:INFO: 470: Thrombosis
2018-05-02 10:56:18,090:INFO: 471: nervous system disorder
2018-05-02 10:56:19,284:INFO: 472: Lymphoma
2018-05-02 10:56:20,000:INFO: 473: IGA Glomerulonephritis
2018-05-02 10:56:26,747:INFO: 474: Kidney Neoplasm
2018-05-02 10:56:28,174:INFO: 475: Hypothermia, natural
2018-05-02 10:56:28,695:INFO: 476: Focal glomerulosclerosis
2018-05-02 10:56:30,294:INFO: 477: Hepatitis B, Chronic
2018-05-02 10:56:30,660:INFO: 478: Drug Eruptions
2018-05-02 10:56:31,035:INFO: 479: Malignant neoplasm of pancreas
2018-05-02 10:56:31,491:INFO: 480: Stomach Neoplasms
2018-05-02 10:56:38,296:INFO: 481: Osteosarcoma
2018-05-02 10:56:40,743:INFO: 482: Vitiligo
2018-05-02 10:56:41,434:INFO: 483: Gastric ulcer
2018-05-02 10:56:41,995:INFO: 484: Malignant neoplasm of breast
2018-05-02 10:56:43,633:INFO: 485: Drug-Induced Liver Injury
2018-05-02 10:56:46,064:INFO: 486: Colitis
2018-05-02 10:56:47,008:INFO: 487: Lymphoma, T-Cell, Cutaneous
2018-05-02 10:56:48,515:INFO: 488: T-Cell Lymphoma
2018-05-02 10:56:50,219:INFO: 489: Hyperactive behavior
2018-05-02 10:56:50,829:INFO: 490: Skin Abnormalities
2018-05-02 10:56:51,401:INFO: 491: Epithelial ovarian cancer
2018-05-02 10:56:52,401:INFO: 492: Infantile Refsum Disease (disorder)
2018-05-02 10:56:52,727:INFO: 493: Adrenoleukodystrophy, Neonatal
2018-05-02 10:56:53,073:INFO: 494: Hirschsprung Disease
2018-05-02 10:56:53,472:INFO: 495: Female Urogenital Diseases
2018-05-02 10:56:54,155:INFO: 496: ovarian neoplasm
2018-05-02 10:56:58,126:INFO: 497: Aortic Aneurysm, Abdominal
2018-05-02 10:56:58,522:INFO: 498: Venous Thrombosis
2018-05-02 10:56:58,957:INFO: 499: Amnesia
2018-05-02 10:56:59,530:INFO: 500: Bladder Neoplasm
2018-05-02 10:57:03,574:INFO: 501: Hemorrhage
2018-05-02 10:57:04,265:INFO: 502: Status Epilepticus
2018-05-02 10:57:07,583:INFO: 503: Chronic Kidney Diseases
2018-05-02 10:57:07,996:INFO: 504: Myeloid Leukemia, Chronic
2018-05-02 10:57:09,750:INFO: 505: Myeloid Leukemia
2018-05-02 10:57:11,371:INFO: 506: Calcinosis
2018-05-02 10:57:12,473:INFO: 507: Creutzfeldt-Jakob disease
2018-05-02 10:57:13,006:INFO: 508: Left ventricular noncompaction
2018-05-02 10:57:13,596:INFO: 509: Parkinson Disease
2018-05-02 10:57:17,756:INFO: 510: Endometrial Neoplasms
2018-05-02 10:57:20,250:INFO: 511: Sepsis
2018-05-02 10:57:21,169:INFO: 512: Endometriosis
2018-05-02 10:57:25,907:INFO: 513: Esophageal Neoplasms
2018-05-02 10:57:31,586:INFO: 514: Eosinophilic esophagitis
2018-05-02 10:57:31,963:INFO: 515: Malignant neoplasm of urinary bladder
2018-05-02 10:57:32,923:INFO: 516: Lewy Body Disease
2018-05-02 10:57:34,405:INFO: 517: PARKINSON DISEASE, LATE-ONSET
2018-05-02 10:57:35,287:INFO: 518: Neoplastic Cell Transformation
2018-05-02 10:57:40,410:INFO: 519: Arsenic Poisoning
2018-05-02 13:29:39,170:INFO: Subgraphs in Disease Pathways
2018-05-02 13:29:39,171:INFO: Sabri Eyuboglu  -- SNAP Group
2018-05-02 13:29:39,171:INFO: ======================================
2018-05-02 13:29:39,171:INFO: Loading PPI Network...
2018-05-02 13:29:53,726:INFO: Loading Disease Associations...
2018-05-02 13:29:53,767:INFO: Loading PPI Matrix...
2018-05-02 13:30:02,622:INFO: Running Experiment...
2018-05-02 13:30:02,625:INFO: 1: Hydrops Fetalis, Non-Immune
2018-05-02 13:30:03,082:INFO: 2: Psychoses, Substance-Induced
