2018-05-14 00:21:48,871:INFO: Disease Protein Prediction in the PPI Network
2018-05-14 00:21:48,871:INFO: Sabri Eyuboglu  -- SNAP Group
2018-05-14 00:21:48,871:INFO: ======================================
2018-05-14 00:21:48,871:INFO: Loading PPI Network...
2018-05-14 00:22:03,751:INFO: Loading Disease Associations...
2018-05-14 00:22:03,801:INFO: Loading PPI Matrix...
2018-05-14 00:22:40,152:INFO: Running Experiment...
2018-05-14 00:22:40,158:INFO: Experiment Progress: 0.0% -- 0/519
2018-05-14 00:23:13,613:INFO: Experiment Progress: 0.2% -- 1/519
2018-05-14 00:23:45,764:INFO: Experiment Progress: 0.4% -- 2/519
2018-05-14 00:24:17,497:INFO: Experiment Progress: 0.6% -- 3/519
2018-05-14 00:24:53,435:INFO: Experiment Progress: 0.8% -- 4/519
2018-05-14 00:25:25,309:INFO: Experiment Progress: 1.0% -- 5/519
2018-05-14 00:25:56,813:INFO: Experiment Progress: 1.2% -- 6/519
2018-05-14 00:26:28,307:INFO: Experiment Progress: 1.3% -- 7/519
2018-05-14 00:27:00,642:INFO: Experiment Progress: 1.5% -- 8/519
2018-05-14 00:27:40,782:INFO: Experiment Progress: 1.7% -- 9/519
2018-05-14 00:28:12,266:INFO: Experiment Progress: 1.9% -- 10/519
2018-05-14 00:29:05,740:INFO: Experiment Progress: 2.1% -- 11/519
2018-05-14 00:29:37,254:INFO: Experiment Progress: 2.3% -- 12/519
2018-05-14 00:30:09,165:INFO: Experiment Progress: 2.5% -- 13/519
2018-05-14 00:30:41,407:INFO: Experiment Progress: 2.7% -- 14/519
2018-05-14 00:31:12,814:INFO: Experiment Progress: 2.9% -- 15/519
2018-05-14 00:31:44,786:INFO: Experiment Progress: 3.1% -- 16/519
2018-05-14 00:32:16,652:INFO: Experiment Progress: 3.3% -- 17/519
2018-05-14 00:32:56,644:INFO: Experiment Progress: 3.5% -- 18/519
2018-05-14 00:33:28,119:INFO: Experiment Progress: 3.7% -- 19/519
2018-05-14 00:34:06,629:INFO: Experiment Progress: 3.9% -- 20/519
2018-05-14 00:34:48,204:INFO: Experiment Progress: 4.0% -- 21/519
2018-05-14 00:35:20,958:INFO: Experiment Progress: 4.2% -- 22/519
2018-05-14 00:35:52,264:INFO: Experiment Progress: 4.4% -- 23/519
2018-05-14 00:36:20,367:INFO: Experiment Progress: 4.6% -- 24/519
2018-05-14 00:36:51,899:INFO: Experiment Progress: 4.8% -- 25/519
2018-05-14 00:37:23,826:INFO: Experiment Progress: 5.0% -- 26/519
2018-05-14 00:37:55,039:INFO: Experiment Progress: 5.2% -- 27/519
2018-05-14 00:38:27,406:INFO: Experiment Progress: 5.4% -- 28/519
2018-05-14 00:39:00,592:INFO: Experiment Progress: 5.6% -- 29/519
2018-05-14 00:39:32,489:INFO: Experiment Progress: 5.8% -- 30/519
2018-05-14 00:40:03,658:INFO: Experiment Progress: 6.0% -- 31/519
2018-05-14 00:40:36,683:INFO: Experiment Progress: 6.2% -- 32/519
2018-05-14 00:41:09,937:INFO: Experiment Progress: 6.4% -- 33/519
2018-05-14 00:41:41,291:INFO: Experiment Progress: 6.6% -- 34/519
2018-05-14 00:42:13,561:INFO: Experiment Progress: 6.7% -- 35/519
2018-05-14 00:42:32,326:INFO: Experiment Progress: 6.9% -- 36/519
2018-05-14 00:43:03,870:INFO: Experiment Progress: 7.1% -- 37/519
2018-05-14 00:43:35,128:INFO: Experiment Progress: 7.3% -- 38/519
2018-05-14 00:44:06,388:INFO: Experiment Progress: 7.5% -- 39/519
2018-05-14 00:44:38,517:INFO: Experiment Progress: 7.7% -- 40/519
2018-05-14 00:45:10,647:INFO: Experiment Progress: 7.9% -- 41/519
2018-05-14 00:45:42,535:INFO: Experiment Progress: 8.1% -- 42/519
2018-05-14 00:46:14,217:INFO: Experiment Progress: 8.3% -- 43/519
2018-05-14 00:46:48,784:INFO: Experiment Progress: 8.5% -- 44/519
2018-05-14 00:47:20,482:INFO: Experiment Progress: 8.7% -- 45/519
2018-05-14 00:47:51,870:INFO: Experiment Progress: 8.9% -- 46/519
2018-05-14 00:48:25,351:INFO: Experiment Progress: 9.1% -- 47/519
2018-05-14 00:48:40,930:INFO: Experiment Progress: 9.2% -- 48/519
2018-05-14 00:49:14,367:INFO: Experiment Progress: 9.4% -- 49/519
2018-05-14 00:49:49,182:INFO: Experiment Progress: 9.6% -- 50/519
2018-05-14 00:50:20,720:INFO: Experiment Progress: 9.8% -- 51/519
2018-05-14 00:50:52,996:INFO: Experiment Progress: 10.0% -- 52/519
2018-05-14 00:51:26,198:INFO: Experiment Progress: 10.2% -- 53/519
2018-05-14 00:51:57,882:INFO: Experiment Progress: 10.4% -- 54/519
2018-05-14 00:52:29,655:INFO: Experiment Progress: 10.6% -- 55/519
2018-05-14 00:52:57,754:INFO: Experiment Progress: 10.8% -- 56/519
2018-05-14 00:53:28,846:INFO: Experiment Progress: 11.0% -- 57/519
2018-05-14 00:54:00,022:INFO: Experiment Progress: 11.2% -- 58/519
2018-05-14 00:54:32,514:INFO: Experiment Progress: 11.4% -- 59/519
2018-05-14 00:55:00,532:INFO: Experiment Progress: 11.6% -- 60/519
2018-05-14 00:55:32,408:INFO: Experiment Progress: 11.8% -- 61/519
2018-05-14 00:56:05,122:INFO: Experiment Progress: 11.9% -- 62/519
2018-05-14 00:56:36,478:INFO: Experiment Progress: 12.1% -- 63/519
2018-05-14 00:57:07,866:INFO: Experiment Progress: 12.3% -- 64/519
2018-05-14 00:57:40,367:INFO: Experiment Progress: 12.5% -- 65/519
2018-05-14 00:58:11,736:INFO: Experiment Progress: 12.7% -- 66/519
2018-05-14 00:58:43,158:INFO: Experiment Progress: 12.9% -- 67/519
2018-05-14 00:59:18,516:INFO: Experiment Progress: 13.1% -- 68/519
2018-05-14 00:59:51,161:INFO: Experiment Progress: 13.3% -- 69/519
2018-05-14 01:00:27,146:INFO: Experiment Progress: 13.5% -- 70/519
2018-05-14 01:01:05,017:INFO: Experiment Progress: 13.7% -- 71/519
2018-05-14 01:01:36,881:INFO: Experiment Progress: 13.9% -- 72/519
2018-05-14 01:02:08,111:INFO: Experiment Progress: 14.1% -- 73/519
2018-05-14 01:02:39,508:INFO: Experiment Progress: 14.3% -- 74/519
2018-05-14 01:03:10,892:INFO: Experiment Progress: 14.5% -- 75/519
2018-05-14 01:03:42,372:INFO: Experiment Progress: 14.6% -- 76/519
2018-05-14 01:04:13,822:INFO: Experiment Progress: 14.8% -- 77/519
2018-05-14 01:04:53,233:INFO: Experiment Progress: 15.0% -- 78/519
2018-05-14 01:05:25,850:INFO: Experiment Progress: 15.2% -- 79/519
2018-05-14 01:06:01,338:INFO: Experiment Progress: 15.4% -- 80/519
2018-05-14 01:06:34,879:INFO: Experiment Progress: 15.6% -- 81/519
2018-05-14 01:07:06,459:INFO: Experiment Progress: 15.8% -- 82/519
2018-05-14 01:07:39,257:INFO: Experiment Progress: 16.0% -- 83/519
2018-05-14 01:08:12,007:INFO: Experiment Progress: 16.2% -- 84/519
2018-05-14 01:08:43,781:INFO: Experiment Progress: 16.4% -- 85/519
2018-05-14 01:09:15,401:INFO: Experiment Progress: 16.6% -- 86/519
2018-05-14 01:09:46,784:INFO: Experiment Progress: 16.8% -- 87/519
2018-05-14 01:10:19,044:INFO: Experiment Progress: 17.0% -- 88/519
2018-05-14 01:10:46,979:INFO: Experiment Progress: 17.1% -- 89/519
2018-05-14 01:11:18,229:INFO: Experiment Progress: 17.3% -- 90/519
2018-05-14 01:11:43,112:INFO: Experiment Progress: 17.5% -- 91/519
2018-05-14 01:12:38,988:INFO: Experiment Progress: 17.7% -- 92/519
2018-05-14 01:13:10,343:INFO: Experiment Progress: 17.9% -- 93/519
2018-05-14 01:13:41,534:INFO: Experiment Progress: 18.1% -- 94/519
2018-05-14 01:14:15,209:INFO: Experiment Progress: 18.3% -- 95/519
2018-05-14 01:14:46,750:INFO: Experiment Progress: 18.5% -- 96/519
2018-05-14 01:15:30,060:INFO: Experiment Progress: 18.7% -- 97/519
2018-05-14 01:16:01,397:INFO: Experiment Progress: 18.9% -- 98/519
2018-05-14 01:16:33,315:INFO: Experiment Progress: 19.1% -- 99/519
2018-05-14 01:17:05,091:INFO: Experiment Progress: 19.3% -- 100/519
2018-05-14 01:17:36,692:INFO: Experiment Progress: 19.5% -- 101/519
2018-05-14 01:18:07,997:INFO: Experiment Progress: 19.7% -- 102/519
2018-05-14 01:18:35,919:INFO: Experiment Progress: 19.8% -- 103/519
2018-05-14 01:19:20,656:INFO: Experiment Progress: 20.0% -- 104/519
2018-05-14 01:19:52,713:INFO: Experiment Progress: 20.2% -- 105/519
2018-05-14 01:20:25,536:INFO: Experiment Progress: 20.4% -- 106/519
2018-05-14 01:20:57,100:INFO: Experiment Progress: 20.6% -- 107/519
2018-05-14 01:21:28,331:INFO: Experiment Progress: 20.8% -- 108/519
2018-05-14 01:21:59,794:INFO: Experiment Progress: 21.0% -- 109/519
2018-05-14 01:22:31,957:INFO: Experiment Progress: 21.2% -- 110/519
2018-05-14 01:23:03,451:INFO: Experiment Progress: 21.4% -- 111/519
2018-05-14 01:23:40,933:INFO: Experiment Progress: 21.6% -- 112/519
2018-05-14 01:24:12,198:INFO: Experiment Progress: 21.8% -- 113/519
2018-05-14 01:24:47,989:INFO: Experiment Progress: 22.0% -- 114/519
2018-05-14 01:25:19,011:INFO: Experiment Progress: 22.2% -- 115/519
2018-05-14 01:25:52,338:INFO: Experiment Progress: 22.4% -- 116/519
2018-05-14 01:26:24,797:INFO: Experiment Progress: 22.5% -- 117/519
2018-05-14 01:26:56,080:INFO: Experiment Progress: 22.7% -- 118/519
2018-05-14 01:27:27,236:INFO: Experiment Progress: 22.9% -- 119/519
2018-05-14 01:27:58,726:INFO: Experiment Progress: 23.1% -- 120/519
2018-05-14 01:29:45,977:INFO: Experiment Progress: 23.3% -- 121/519
2018-05-14 01:30:17,719:INFO: Experiment Progress: 23.5% -- 122/519
2018-05-14 01:30:49,031:INFO: Experiment Progress: 23.7% -- 123/519
2018-05-14 01:31:22,148:INFO: Experiment Progress: 23.9% -- 124/519
2018-05-14 01:31:55,875:INFO: Experiment Progress: 24.1% -- 125/519
2018-05-14 01:32:26,952:INFO: Experiment Progress: 24.3% -- 126/519
2018-05-14 01:32:58,549:INFO: Experiment Progress: 24.5% -- 127/519
2018-05-14 01:33:30,458:INFO: Experiment Progress: 24.7% -- 128/519
2018-05-14 01:34:01,851:INFO: Experiment Progress: 24.9% -- 129/519
2018-05-14 01:34:37,301:INFO: Experiment Progress: 25.0% -- 130/519
2018-05-14 01:35:08,495:INFO: Experiment Progress: 25.2% -- 131/519
2018-05-14 01:35:39,855:INFO: Experiment Progress: 25.4% -- 132/519
2018-05-14 01:36:20,642:INFO: Experiment Progress: 25.6% -- 133/519
2018-05-14 01:37:19,048:INFO: Experiment Progress: 25.8% -- 134/519
2018-05-14 01:37:53,837:INFO: Experiment Progress: 26.0% -- 135/519
2018-05-14 01:38:25,629:INFO: Experiment Progress: 26.2% -- 136/519
2018-05-14 01:38:57,259:INFO: Experiment Progress: 26.4% -- 137/519
2018-05-14 01:39:29,145:INFO: Experiment Progress: 26.6% -- 138/519
2018-05-14 01:40:09,181:INFO: Experiment Progress: 26.8% -- 139/519
2018-05-14 01:40:40,530:INFO: Experiment Progress: 27.0% -- 140/519
2018-05-14 01:41:12,435:INFO: Experiment Progress: 27.2% -- 141/519
2018-05-14 01:41:44,493:INFO: Experiment Progress: 27.4% -- 142/519
2018-05-14 01:42:34,277:INFO: Experiment Progress: 27.6% -- 143/519
2018-05-14 01:43:06,012:INFO: Experiment Progress: 27.7% -- 144/519
2018-05-14 01:43:37,660:INFO: Experiment Progress: 27.9% -- 145/519
2018-05-14 01:44:14,851:INFO: Experiment Progress: 28.1% -- 146/519
2018-05-14 01:44:46,348:INFO: Experiment Progress: 28.3% -- 147/519
2018-05-14 01:45:17,872:INFO: Experiment Progress: 28.5% -- 148/519
2018-05-14 01:45:49,058:INFO: Experiment Progress: 28.7% -- 149/519
2018-05-14 01:46:25,482:INFO: Experiment Progress: 28.9% -- 150/519
2018-05-14 01:46:59,095:INFO: Experiment Progress: 29.1% -- 151/519
2018-05-14 01:47:30,265:INFO: Experiment Progress: 29.3% -- 152/519
2018-05-14 01:48:03,550:INFO: Experiment Progress: 29.5% -- 153/519
2018-05-14 01:48:34,727:INFO: Experiment Progress: 29.7% -- 154/519
2018-05-14 01:49:05,884:INFO: Experiment Progress: 29.9% -- 155/519
2018-05-14 01:49:42,819:INFO: Experiment Progress: 30.1% -- 156/519
2018-05-14 01:50:14,217:INFO: Experiment Progress: 30.3% -- 157/519
2018-05-14 01:50:46,178:INFO: Experiment Progress: 30.4% -- 158/519
2018-05-14 01:51:39,950:INFO: Experiment Progress: 30.6% -- 159/519
2018-05-14 01:52:11,489:INFO: Experiment Progress: 30.8% -- 160/519
2018-05-14 01:52:44,016:INFO: Experiment Progress: 31.0% -- 161/519
2018-05-14 01:53:16,746:INFO: Experiment Progress: 31.2% -- 162/519
2018-05-14 01:53:48,394:INFO: Experiment Progress: 31.4% -- 163/519
2018-05-14 01:54:20,374:INFO: Experiment Progress: 31.6% -- 164/519
2018-05-14 01:55:27,055:INFO: Experiment Progress: 31.8% -- 165/519
2018-05-14 01:55:58,351:INFO: Experiment Progress: 32.0% -- 166/519
2018-05-14 01:56:29,764:INFO: Experiment Progress: 32.2% -- 167/519
2018-05-14 01:57:01,156:INFO: Experiment Progress: 32.4% -- 168/519
2018-05-14 01:57:32,601:INFO: Experiment Progress: 32.6% -- 169/519
2018-05-14 01:58:04,317:INFO: Experiment Progress: 32.8% -- 170/519
2018-05-14 01:58:35,769:INFO: Experiment Progress: 32.9% -- 171/519
2018-05-14 01:59:08,333:INFO: Experiment Progress: 33.1% -- 172/519
2018-05-14 01:59:48,129:INFO: Experiment Progress: 33.3% -- 173/519
2018-05-14 02:00:25,548:INFO: Experiment Progress: 33.5% -- 174/519
2018-05-14 02:00:58,556:INFO: Experiment Progress: 33.7% -- 175/519
2018-05-14 02:01:31,754:INFO: Experiment Progress: 33.9% -- 176/519
2018-05-14 02:02:22,914:INFO: Experiment Progress: 34.1% -- 177/519
2018-05-14 02:02:54,325:INFO: Experiment Progress: 34.3% -- 178/519
2018-05-14 02:03:22,271:INFO: Experiment Progress: 34.5% -- 179/519
2018-05-14 02:03:54,178:INFO: Experiment Progress: 34.7% -- 180/519
2018-05-14 02:04:28,334:INFO: Experiment Progress: 34.9% -- 181/519
2018-05-14 02:04:59,645:INFO: Experiment Progress: 35.1% -- 182/519
2018-05-14 02:05:31,106:INFO: Experiment Progress: 35.3% -- 183/519
2018-05-14 02:06:02,347:INFO: Experiment Progress: 35.5% -- 184/519
2018-05-14 02:06:33,861:INFO: Experiment Progress: 35.6% -- 185/519
2018-05-14 02:07:08,654:INFO: Experiment Progress: 35.8% -- 186/519
2018-05-14 02:07:43,855:INFO: Experiment Progress: 36.0% -- 187/519
2018-05-14 02:08:54,271:INFO: Experiment Progress: 36.2% -- 188/519
2018-05-14 02:09:31,916:INFO: Experiment Progress: 36.4% -- 189/519
2018-05-14 02:10:03,347:INFO: Experiment Progress: 36.6% -- 190/519
2018-05-14 02:10:34,561:INFO: Experiment Progress: 36.8% -- 191/519
2018-05-14 02:11:07,458:INFO: Experiment Progress: 37.0% -- 192/519
2018-05-14 02:11:39,097:INFO: Experiment Progress: 37.2% -- 193/519
2018-05-14 02:12:12,207:INFO: Experiment Progress: 37.4% -- 194/519
2018-05-14 02:12:43,965:INFO: Experiment Progress: 37.6% -- 195/519
2018-05-14 02:13:33,118:INFO: Experiment Progress: 37.8% -- 196/519
2018-05-14 02:14:04,798:INFO: Experiment Progress: 38.0% -- 197/519
2018-05-14 02:14:36,391:INFO: Experiment Progress: 38.2% -- 198/519
2018-05-14 02:15:08,371:INFO: Experiment Progress: 38.3% -- 199/519
2018-05-14 02:15:42,347:INFO: Experiment Progress: 38.5% -- 200/519
2018-05-14 02:16:17,678:INFO: Experiment Progress: 38.7% -- 201/519
2018-05-14 02:16:54,503:INFO: Experiment Progress: 38.9% -- 202/519
2018-05-14 02:17:26,542:INFO: Experiment Progress: 39.1% -- 203/519
2018-05-14 02:17:59,343:INFO: Experiment Progress: 39.3% -- 204/519
2018-05-14 02:18:33,073:INFO: Experiment Progress: 39.5% -- 205/519
2018-05-14 02:19:05,523:INFO: Experiment Progress: 39.7% -- 206/519
2018-05-14 02:19:41,187:INFO: Experiment Progress: 39.9% -- 207/519
2018-05-14 02:20:13,643:INFO: Experiment Progress: 40.1% -- 208/519
2018-05-14 02:20:45,263:INFO: Experiment Progress: 40.3% -- 209/519
2018-05-14 02:21:16,232:INFO: Experiment Progress: 40.5% -- 210/519
2018-05-14 02:21:47,251:INFO: Experiment Progress: 40.7% -- 211/519
2018-05-14 02:22:18,542:INFO: Experiment Progress: 40.8% -- 212/519
2018-05-14 02:22:49,902:INFO: Experiment Progress: 41.0% -- 213/519
2018-05-14 02:23:21,115:INFO: Experiment Progress: 41.2% -- 214/519
2018-05-14 02:23:54,951:INFO: Experiment Progress: 41.4% -- 215/519
2018-05-14 02:24:26,948:INFO: Experiment Progress: 41.6% -- 216/519
2018-05-14 02:24:58,115:INFO: Experiment Progress: 41.8% -- 217/519
2018-05-14 02:25:31,809:INFO: Experiment Progress: 42.0% -- 218/519
2018-05-14 02:26:02,890:INFO: Experiment Progress: 42.2% -- 219/519
2018-05-14 02:26:27,661:INFO: Experiment Progress: 42.4% -- 220/519
2018-05-14 02:27:00,747:INFO: Experiment Progress: 42.6% -- 221/519
2018-05-14 02:27:33,503:INFO: Experiment Progress: 42.8% -- 222/519
2018-05-14 02:28:01,466:INFO: Experiment Progress: 43.0% -- 223/519
2018-05-14 02:28:33,315:INFO: Experiment Progress: 43.2% -- 224/519
2018-05-14 02:29:04,655:INFO: Experiment Progress: 43.4% -- 225/519
2018-05-14 02:29:36,173:INFO: Experiment Progress: 43.5% -- 226/519
2018-05-14 02:30:07,482:INFO: Experiment Progress: 43.7% -- 227/519
2018-05-14 02:30:38,753:INFO: Experiment Progress: 43.9% -- 228/519
2018-05-14 02:31:13,566:INFO: Experiment Progress: 44.1% -- 229/519
2018-05-14 02:31:44,919:INFO: Experiment Progress: 44.3% -- 230/519
2018-05-14 02:32:16,687:INFO: Experiment Progress: 44.5% -- 231/519
2018-05-14 02:32:51,701:INFO: Experiment Progress: 44.7% -- 232/519
2018-05-14 02:33:23,014:INFO: Experiment Progress: 44.9% -- 233/519
2018-05-14 02:34:03,482:INFO: Experiment Progress: 45.1% -- 234/519
2018-05-14 02:34:38,830:INFO: Experiment Progress: 45.3% -- 235/519
2018-05-14 02:35:10,427:INFO: Experiment Progress: 45.5% -- 236/519
2018-05-14 02:35:41,733:INFO: Experiment Progress: 45.7% -- 237/519
2018-05-14 02:36:13,069:INFO: Experiment Progress: 45.9% -- 238/519
2018-05-14 02:36:44,736:INFO: Experiment Progress: 46.1% -- 239/519
2018-05-14 02:37:16,081:INFO: Experiment Progress: 46.2% -- 240/519
2018-05-14 02:37:49,026:INFO: Experiment Progress: 46.4% -- 241/519
2018-05-14 02:38:30,393:INFO: Experiment Progress: 46.6% -- 242/519
2018-05-14 02:39:13,915:INFO: Experiment Progress: 46.8% -- 243/519
2018-05-14 02:39:45,637:INFO: Experiment Progress: 47.0% -- 244/519
2018-05-14 02:40:17,164:INFO: Experiment Progress: 47.2% -- 245/519
2018-05-14 02:40:53,171:INFO: Experiment Progress: 47.4% -- 246/519
2018-05-14 02:41:24,715:INFO: Experiment Progress: 47.6% -- 247/519
2018-05-14 02:42:09,582:INFO: Experiment Progress: 47.8% -- 248/519
2018-05-14 02:42:40,644:INFO: Experiment Progress: 48.0% -- 249/519
2018-05-14 02:43:15,320:INFO: Experiment Progress: 48.2% -- 250/519
2018-05-14 02:43:46,446:INFO: Experiment Progress: 48.4% -- 251/519
2018-05-14 02:44:18,231:INFO: Experiment Progress: 48.6% -- 252/519
2018-05-14 02:44:57,040:INFO: Experiment Progress: 48.7% -- 253/519
2018-05-14 02:45:21,814:INFO: Experiment Progress: 48.9% -- 254/519
2018-05-14 02:45:52,832:INFO: Experiment Progress: 49.1% -- 255/519
2018-05-14 02:46:24,126:INFO: Experiment Progress: 49.3% -- 256/519
2018-05-14 02:46:55,584:INFO: Experiment Progress: 49.5% -- 257/519
2018-05-14 02:47:32,672:INFO: Experiment Progress: 49.7% -- 258/519
2018-05-14 02:48:04,001:INFO: Experiment Progress: 49.9% -- 259/519
2018-05-14 02:48:22,601:INFO: Experiment Progress: 50.1% -- 260/519
2018-05-14 02:48:59,374:INFO: Experiment Progress: 50.3% -- 261/519
2018-05-14 02:49:30,610:INFO: Experiment Progress: 50.5% -- 262/519
2018-05-14 02:50:02,572:INFO: Experiment Progress: 50.7% -- 263/519
2018-05-14 02:50:34,162:INFO: Experiment Progress: 50.9% -- 264/519
2018-05-14 02:51:02,218:INFO: Experiment Progress: 51.1% -- 265/519
2018-05-14 02:51:34,053:INFO: Experiment Progress: 51.3% -- 266/519
2018-05-14 02:51:58,848:INFO: Experiment Progress: 51.4% -- 267/519
2018-05-14 02:52:39,644:INFO: Experiment Progress: 51.6% -- 268/519
2018-05-14 02:53:12,300:INFO: Experiment Progress: 51.8% -- 269/519
2018-05-14 02:53:43,799:INFO: Experiment Progress: 52.0% -- 270/519
2018-05-14 02:54:14,940:INFO: Experiment Progress: 52.2% -- 271/519
2018-05-14 02:54:47,389:INFO: Experiment Progress: 52.4% -- 272/519
2018-05-14 02:55:18,351:INFO: Experiment Progress: 52.6% -- 273/519
2018-05-14 02:55:52,094:INFO: Experiment Progress: 52.8% -- 274/519
2018-05-14 02:56:24,180:INFO: Experiment Progress: 53.0% -- 275/519
2018-05-14 02:56:55,410:INFO: Experiment Progress: 53.2% -- 276/519
2018-05-14 02:57:26,480:INFO: Experiment Progress: 53.4% -- 277/519
2018-05-14 02:57:57,636:INFO: Experiment Progress: 53.6% -- 278/519
2018-05-14 02:58:44,589:INFO: Experiment Progress: 53.8% -- 279/519
2018-05-14 02:59:06,307:INFO: Experiment Progress: 53.9% -- 280/519
2018-05-14 02:59:43,227:INFO: Experiment Progress: 54.1% -- 281/519
2018-05-14 03:01:13,748:INFO: Experiment Progress: 54.3% -- 282/519
2018-05-14 03:01:32,284:INFO: Experiment Progress: 54.5% -- 283/519
2018-05-14 03:02:03,581:INFO: Experiment Progress: 54.7% -- 284/519
2018-05-14 03:02:35,471:INFO: Experiment Progress: 54.9% -- 285/519
2018-05-14 03:03:10,995:INFO: Experiment Progress: 55.1% -- 286/519
2018-05-14 03:03:42,390:INFO: Experiment Progress: 55.3% -- 287/519
2018-05-14 03:04:14,583:INFO: Experiment Progress: 55.5% -- 288/519
2018-05-14 03:04:45,688:INFO: Experiment Progress: 55.7% -- 289/519
2018-05-14 03:05:16,981:INFO: Experiment Progress: 55.9% -- 290/519
2018-05-14 03:05:50,814:INFO: Experiment Progress: 56.1% -- 291/519
2018-05-14 03:06:23,691:INFO: Experiment Progress: 56.3% -- 292/519
2018-05-14 03:06:56,033:INFO: Experiment Progress: 56.5% -- 293/519
2018-05-14 03:07:28,367:INFO: Experiment Progress: 56.6% -- 294/519
2018-05-14 03:07:59,586:INFO: Experiment Progress: 56.8% -- 295/519
2018-05-14 03:08:31,460:INFO: Experiment Progress: 57.0% -- 296/519
2018-05-14 03:09:03,427:INFO: Experiment Progress: 57.2% -- 297/519
2018-05-14 03:09:36,195:INFO: Experiment Progress: 57.4% -- 298/519
2018-05-14 03:10:29,073:INFO: Experiment Progress: 57.6% -- 299/519
2018-05-14 03:11:00,969:INFO: Experiment Progress: 57.8% -- 300/519
2018-05-14 03:11:34,920:INFO: Experiment Progress: 58.0% -- 301/519
2018-05-14 03:12:16,811:INFO: Experiment Progress: 58.2% -- 302/519
2018-05-14 03:12:48,515:INFO: Experiment Progress: 58.4% -- 303/519
2018-05-14 03:13:19,897:INFO: Experiment Progress: 58.6% -- 304/519
2018-05-14 03:13:51,370:INFO: Experiment Progress: 58.8% -- 305/519
2018-05-14 03:14:23,115:INFO: Experiment Progress: 59.0% -- 306/519
2018-05-14 03:14:55,287:INFO: Experiment Progress: 59.2% -- 307/519
2018-05-14 03:15:26,683:INFO: Experiment Progress: 59.3% -- 308/519
2018-05-14 03:15:58,549:INFO: Experiment Progress: 59.5% -- 309/519
2018-05-14 03:16:29,877:INFO: Experiment Progress: 59.7% -- 310/519
2018-05-14 03:17:01,279:INFO: Experiment Progress: 59.9% -- 311/519
2018-05-14 03:17:32,362:INFO: Experiment Progress: 60.1% -- 312/519
2018-05-14 03:18:03,527:INFO: Experiment Progress: 60.3% -- 313/519
2018-05-14 03:18:34,857:INFO: Experiment Progress: 60.5% -- 314/519
2018-05-14 03:19:07,242:INFO: Experiment Progress: 60.7% -- 315/519
2018-05-14 03:19:41,867:INFO: Experiment Progress: 60.9% -- 316/519
2018-05-14 03:20:21,973:INFO: Experiment Progress: 61.1% -- 317/519
2018-05-14 03:20:53,969:INFO: Experiment Progress: 61.3% -- 318/519
2018-05-14 03:21:27,670:INFO: Experiment Progress: 61.5% -- 319/519
2018-05-14 03:22:05,425:INFO: Experiment Progress: 61.7% -- 320/519
2018-05-14 03:22:50,404:INFO: Experiment Progress: 61.8% -- 321/519
2018-05-14 03:23:22,130:INFO: Experiment Progress: 62.0% -- 322/519
2018-05-14 03:23:56,104:INFO: Experiment Progress: 62.2% -- 323/519
2018-05-14 03:24:27,556:INFO: Experiment Progress: 62.4% -- 324/519
2018-05-14 03:24:58,994:INFO: Experiment Progress: 62.6% -- 325/519
2018-05-14 03:25:30,525:INFO: Experiment Progress: 62.8% -- 326/519
2018-05-14 03:26:02,547:INFO: Experiment Progress: 63.0% -- 327/519
2018-05-14 03:26:33,946:INFO: Experiment Progress: 63.2% -- 328/519
2018-05-14 03:27:11,874:INFO: Experiment Progress: 63.4% -- 329/519
2018-05-14 03:27:45,473:INFO: Experiment Progress: 63.6% -- 330/519
2018-05-14 03:28:20,467:INFO: Experiment Progress: 63.8% -- 331/519
2018-05-14 03:28:55,848:INFO: Experiment Progress: 64.0% -- 332/519
2018-05-14 03:29:31,499:INFO: Experiment Progress: 64.2% -- 333/519
2018-05-14 03:30:08,874:INFO: Experiment Progress: 64.4% -- 334/519
2018-05-14 03:30:40,349:INFO: Experiment Progress: 64.5% -- 335/519
2018-05-14 03:31:12,767:INFO: Experiment Progress: 64.7% -- 336/519
2018-05-14 03:31:49,040:INFO: Experiment Progress: 64.9% -- 337/519
2018-05-14 03:32:29,616:INFO: Experiment Progress: 65.1% -- 338/519
2018-05-14 03:33:00,831:INFO: Experiment Progress: 65.3% -- 339/519
2018-05-14 03:33:34,179:INFO: Experiment Progress: 65.5% -- 340/519
2018-05-14 03:34:05,233:INFO: Experiment Progress: 65.7% -- 341/519
2018-05-14 03:34:37,351:INFO: Experiment Progress: 65.9% -- 342/519
2018-05-14 03:35:10,061:INFO: Experiment Progress: 66.1% -- 343/519
2018-05-14 03:35:47,406:INFO: Experiment Progress: 66.3% -- 344/519
2018-05-14 03:36:21,612:INFO: Experiment Progress: 66.5% -- 345/519
2018-05-14 03:36:52,989:INFO: Experiment Progress: 66.7% -- 346/519
2018-05-14 03:37:24,148:INFO: Experiment Progress: 66.9% -- 347/519
2018-05-14 03:37:55,297:INFO: Experiment Progress: 67.1% -- 348/519
2018-05-14 03:38:29,438:INFO: Experiment Progress: 67.2% -- 349/519
2018-05-14 03:39:03,604:INFO: Experiment Progress: 67.4% -- 350/519
2018-05-14 03:39:34,915:INFO: Experiment Progress: 67.6% -- 351/519
2018-05-14 03:40:10,502:INFO: Experiment Progress: 67.8% -- 352/519
2018-05-14 03:40:42,205:INFO: Experiment Progress: 68.0% -- 353/519
2018-05-14 03:41:13,783:INFO: Experiment Progress: 68.2% -- 354/519
2018-05-14 03:41:47,069:INFO: Experiment Progress: 68.4% -- 355/519
2018-05-14 03:42:19,483:INFO: Experiment Progress: 68.6% -- 356/519
2018-05-14 03:42:51,882:INFO: Experiment Progress: 68.8% -- 357/519
2018-05-14 03:43:25,382:INFO: Experiment Progress: 69.0% -- 358/519
2018-05-14 03:43:58,560:INFO: Experiment Progress: 69.2% -- 359/519
2018-05-14 03:44:30,025:INFO: Experiment Progress: 69.4% -- 360/519
2018-05-14 03:45:01,584:INFO: Experiment Progress: 69.6% -- 361/519
2018-05-14 03:45:40,171:INFO: Experiment Progress: 69.7% -- 362/519
2018-05-14 03:46:11,627:INFO: Experiment Progress: 69.9% -- 363/519
2018-05-14 03:46:42,995:INFO: Experiment Progress: 70.1% -- 364/519
2018-05-14 03:47:14,444:INFO: Experiment Progress: 70.3% -- 365/519
2018-05-14 03:47:42,603:INFO: Experiment Progress: 70.5% -- 366/519
2018-05-14 03:48:16,031:INFO: Experiment Progress: 70.7% -- 367/519
2018-05-14 03:48:47,500:INFO: Experiment Progress: 70.9% -- 368/519
2018-05-14 03:49:28,190:INFO: Experiment Progress: 71.1% -- 369/519
2018-05-14 03:50:03,355:INFO: Experiment Progress: 71.3% -- 370/519
2018-05-14 03:50:34,509:INFO: Experiment Progress: 71.5% -- 371/519
2018-05-14 03:51:02,412:INFO: Experiment Progress: 71.7% -- 372/519
2018-05-14 03:51:43,802:INFO: Experiment Progress: 71.9% -- 373/519
2018-05-14 03:52:21,046:INFO: Experiment Progress: 72.1% -- 374/519
2018-05-14 03:53:01,172:INFO: Experiment Progress: 72.3% -- 375/519
2018-05-14 03:53:32,450:INFO: Experiment Progress: 72.4% -- 376/519
2018-05-14 03:54:03,836:INFO: Experiment Progress: 72.6% -- 377/519
2018-05-14 03:54:36,587:INFO: Experiment Progress: 72.8% -- 378/519
2018-05-14 03:55:07,877:INFO: Experiment Progress: 73.0% -- 379/519
2018-05-14 03:55:39,169:INFO: Experiment Progress: 73.2% -- 380/519
2018-05-14 03:56:12,585:INFO: Experiment Progress: 73.4% -- 381/519
2018-05-14 03:56:45,492:INFO: Experiment Progress: 73.6% -- 382/519
2018-05-14 03:57:16,711:INFO: Experiment Progress: 73.8% -- 383/519
2018-05-14 03:57:48,300:INFO: Experiment Progress: 74.0% -- 384/519
2018-05-14 03:58:21,000:INFO: Experiment Progress: 74.2% -- 385/519
2018-05-14 03:58:52,569:INFO: Experiment Progress: 74.4% -- 386/519
2018-05-14 03:59:23,941:INFO: Experiment Progress: 74.6% -- 387/519
2018-05-14 03:59:55,381:INFO: Experiment Progress: 74.8% -- 388/519
2018-05-14 04:00:29,109:INFO: Experiment Progress: 75.0% -- 389/519
2018-05-14 04:01:00,948:INFO: Experiment Progress: 75.1% -- 390/519
2018-05-14 04:01:45,827:INFO: Experiment Progress: 75.3% -- 391/519
2018-05-14 04:02:17,700:INFO: Experiment Progress: 75.5% -- 392/519
2018-05-14 04:02:49,919:INFO: Experiment Progress: 75.7% -- 393/519
2018-05-14 04:03:21,340:INFO: Experiment Progress: 75.9% -- 394/519
2018-05-14 04:03:52,844:INFO: Experiment Progress: 76.1% -- 395/519
2018-05-14 04:04:25,560:INFO: Experiment Progress: 76.3% -- 396/519
2018-05-14 04:04:57,241:INFO: Experiment Progress: 76.5% -- 397/519
2018-05-14 04:05:29,773:INFO: Experiment Progress: 76.7% -- 398/519
2018-05-14 04:06:08,919:INFO: Experiment Progress: 76.9% -- 399/519
2018-05-14 04:06:40,700:INFO: Experiment Progress: 77.1% -- 400/519
2018-05-14 04:07:12,532:INFO: Experiment Progress: 77.3% -- 401/519
2018-05-14 04:07:44,340:INFO: Experiment Progress: 77.5% -- 402/519
2018-05-14 04:08:15,746:INFO: Experiment Progress: 77.6% -- 403/519
2018-05-14 04:08:43,724:INFO: Experiment Progress: 77.8% -- 404/519
2018-05-14 04:09:17,792:INFO: Experiment Progress: 78.0% -- 405/519
2018-05-14 04:09:54,816:INFO: Experiment Progress: 78.2% -- 406/519
2018-05-14 04:10:26,336:INFO: Experiment Progress: 78.4% -- 407/519
2018-05-14 04:10:58,367:INFO: Experiment Progress: 78.6% -- 408/519
2018-05-14 04:11:31,160:INFO: Experiment Progress: 78.8% -- 409/519
2018-05-14 04:12:02,637:INFO: Experiment Progress: 79.0% -- 410/519
2018-05-14 04:12:36,120:INFO: Experiment Progress: 79.2% -- 411/519
2018-05-14 04:13:08,292:INFO: Experiment Progress: 79.4% -- 412/519
2018-05-14 04:13:41,857:INFO: Experiment Progress: 79.6% -- 413/519
2018-05-14 04:14:20,582:INFO: Experiment Progress: 79.8% -- 414/519
2018-05-14 04:14:52,772:INFO: Experiment Progress: 80.0% -- 415/519
2018-05-14 04:15:24,938:INFO: Experiment Progress: 80.2% -- 416/519
2018-05-14 04:15:56,466:INFO: Experiment Progress: 80.3% -- 417/519
2018-05-14 04:16:27,956:INFO: Experiment Progress: 80.5% -- 418/519
2018-05-14 04:16:59,763:INFO: Experiment Progress: 80.7% -- 419/519
2018-05-14 04:17:31,062:INFO: Experiment Progress: 80.9% -- 420/519
2018-05-14 04:18:02,208:INFO: Experiment Progress: 81.1% -- 421/519
2018-05-14 04:18:33,812:INFO: Experiment Progress: 81.3% -- 422/519
2018-05-14 04:19:05,570:INFO: Experiment Progress: 81.5% -- 423/519
2018-05-14 04:19:41,040:INFO: Experiment Progress: 81.7% -- 424/519
2018-05-14 04:20:12,371:INFO: Experiment Progress: 81.9% -- 425/519
2018-05-14 04:20:43,998:INFO: Experiment Progress: 82.1% -- 426/519
2018-05-14 04:21:27,220:INFO: Experiment Progress: 82.3% -- 427/519
2018-05-14 04:21:58,711:INFO: Experiment Progress: 82.5% -- 428/519
2018-05-14 04:22:31,023:INFO: Experiment Progress: 82.7% -- 429/519
2018-05-14 04:23:03,425:INFO: Experiment Progress: 82.9% -- 430/519
2018-05-14 04:23:36,052:INFO: Experiment Progress: 83.0% -- 431/519
2018-05-14 04:24:08,001:INFO: Experiment Progress: 83.2% -- 432/519
2018-05-14 04:24:40,736:INFO: Experiment Progress: 83.4% -- 433/519
2018-05-14 04:25:16,700:INFO: Experiment Progress: 83.6% -- 434/519
2018-05-14 04:25:56,755:INFO: Experiment Progress: 83.8% -- 435/519
2018-05-14 04:26:28,914:INFO: Experiment Progress: 84.0% -- 436/519
2018-05-14 04:27:03,130:INFO: Experiment Progress: 84.2% -- 437/519
2018-05-14 04:27:34,442:INFO: Experiment Progress: 84.4% -- 438/519
2018-05-14 04:28:06,002:INFO: Experiment Progress: 84.6% -- 439/519
2018-05-14 04:28:41,117:INFO: Experiment Progress: 84.8% -- 440/519
2018-05-14 04:29:13,775:INFO: Experiment Progress: 85.0% -- 441/519
2018-05-14 04:29:45,071:INFO: Experiment Progress: 85.2% -- 442/519
2018-05-14 04:30:16,217:INFO: Experiment Progress: 85.4% -- 443/519
2018-05-14 04:30:48,107:INFO: Experiment Progress: 85.5% -- 444/519
2018-05-14 04:31:19,717:INFO: Experiment Progress: 85.7% -- 445/519
2018-05-14 04:31:51,751:INFO: Experiment Progress: 85.9% -- 446/519
2018-05-14 04:32:24,331:INFO: Experiment Progress: 86.1% -- 447/519
2018-05-14 04:32:55,847:INFO: Experiment Progress: 86.3% -- 448/519
2018-05-14 04:33:28,144:INFO: Experiment Progress: 86.5% -- 449/519
2018-05-14 04:34:00,762:INFO: Experiment Progress: 86.7% -- 450/519
2018-05-14 04:34:31,875:INFO: Experiment Progress: 86.9% -- 451/519
2018-05-14 04:35:03,278:INFO: Experiment Progress: 87.1% -- 452/519
2018-05-14 04:35:37,630:INFO: Experiment Progress: 87.3% -- 453/519
2018-05-14 04:36:08,917:INFO: Experiment Progress: 87.5% -- 454/519
2018-05-14 04:36:43,226:INFO: Experiment Progress: 87.7% -- 455/519
2018-05-14 04:37:15,126:INFO: Experiment Progress: 87.9% -- 456/519
2018-05-14 04:37:48,871:INFO: Experiment Progress: 88.1% -- 457/519
2018-05-14 04:38:20,520:INFO: Experiment Progress: 88.2% -- 458/519
2018-05-14 04:38:54,833:INFO: Experiment Progress: 88.4% -- 459/519
2018-05-14 04:39:30,652:INFO: Experiment Progress: 88.6% -- 460/519
2018-05-14 04:40:02,812:INFO: Experiment Progress: 88.8% -- 461/519
2018-05-14 04:41:11,524:INFO: Experiment Progress: 89.0% -- 462/519
2018-05-14 04:41:44,165:INFO: Experiment Progress: 89.2% -- 463/519
2018-05-14 04:42:17,783:INFO: Experiment Progress: 89.4% -- 464/519
2018-05-14 04:42:55,390:INFO: Experiment Progress: 89.6% -- 465/519
2018-05-14 04:43:26,769:INFO: Experiment Progress: 89.8% -- 466/519
2018-05-14 04:43:57,986:INFO: Experiment Progress: 90.0% -- 467/519
2018-05-14 04:44:29,762:INFO: Experiment Progress: 90.2% -- 468/519
2018-05-14 04:45:02,532:INFO: Experiment Progress: 90.4% -- 469/519
2018-05-14 04:45:35,700:INFO: Experiment Progress: 90.6% -- 470/519
2018-05-14 04:46:09,409:INFO: Experiment Progress: 90.8% -- 471/519
2018-05-14 04:46:41,043:INFO: Experiment Progress: 90.9% -- 472/519
2018-05-14 04:48:22,755:INFO: Experiment Progress: 91.1% -- 473/519
2018-05-14 04:48:54,905:INFO: Experiment Progress: 91.3% -- 474/519
2018-05-14 04:49:26,311:INFO: Experiment Progress: 91.5% -- 475/519
2018-05-14 04:49:58,350:INFO: Experiment Progress: 91.7% -- 476/519
2018-05-14 04:50:29,750:INFO: Experiment Progress: 91.9% -- 477/519
2018-05-14 04:51:01,442:INFO: Experiment Progress: 92.1% -- 478/519
2018-05-14 04:51:32,876:INFO: Experiment Progress: 92.3% -- 479/519
2018-05-14 04:52:37,103:INFO: Experiment Progress: 92.5% -- 480/519
2018-05-14 04:53:10,140:INFO: Experiment Progress: 92.7% -- 481/519
2018-05-14 04:53:42,640:INFO: Experiment Progress: 92.9% -- 482/519
2018-05-14 04:54:14,254:INFO: Experiment Progress: 93.1% -- 483/519
2018-05-14 04:54:49,257:INFO: Experiment Progress: 93.3% -- 484/519
2018-05-14 04:55:30,768:INFO: Experiment Progress: 93.4% -- 485/519
2018-05-14 04:56:02,774:INFO: Experiment Progress: 93.6% -- 486/519
2018-05-14 04:56:34,672:INFO: Experiment Progress: 93.8% -- 487/519
2018-05-14 04:57:05,962:INFO: Experiment Progress: 94.0% -- 488/519
2018-05-14 04:57:38,350:INFO: Experiment Progress: 94.2% -- 489/519
2018-05-14 04:58:09,561:INFO: Experiment Progress: 94.4% -- 490/519
2018-05-14 04:58:41,284:INFO: Experiment Progress: 94.6% -- 491/519
2018-05-14 04:59:12,719:INFO: Experiment Progress: 94.8% -- 492/519
2018-05-14 04:59:44,011:INFO: Experiment Progress: 95.0% -- 493/519
2018-05-14 05:00:15,243:INFO: Experiment Progress: 95.2% -- 494/519
2018-05-14 05:00:47,124:INFO: Experiment Progress: 95.4% -- 495/519
2018-05-14 05:01:29,727:INFO: Experiment Progress: 95.6% -- 496/519
2018-05-14 05:02:00,953:INFO: Experiment Progress: 95.8% -- 497/519
2018-05-14 05:02:32,657:INFO: Experiment Progress: 96.0% -- 498/519
2018-05-14 05:03:04,294:INFO: Experiment Progress: 96.1% -- 499/519
2018-05-14 05:03:44,371:INFO: Experiment Progress: 96.3% -- 500/519
2018-05-14 05:04:15,922:INFO: Experiment Progress: 96.5% -- 501/519
2018-05-14 05:04:51,441:INFO: Experiment Progress: 96.7% -- 502/519
2018-05-14 05:05:23,231:INFO: Experiment Progress: 96.9% -- 503/519
2018-05-14 05:05:55,272:INFO: Experiment Progress: 97.1% -- 504/519
2018-05-14 05:06:26,977:INFO: Experiment Progress: 97.3% -- 505/519
2018-05-14 05:07:01,212:INFO: Experiment Progress: 97.5% -- 506/519
2018-05-14 05:07:35,115:INFO: Experiment Progress: 97.7% -- 507/519
2018-05-14 05:08:07,283:INFO: Experiment Progress: 97.9% -- 508/519
2018-05-14 05:08:48,224:INFO: Experiment Progress: 98.1% -- 509/519
2018-05-14 05:09:22,529:INFO: Experiment Progress: 98.3% -- 510/519
2018-05-14 05:09:54,477:INFO: Experiment Progress: 98.5% -- 511/519
2018-05-14 05:10:42,319:INFO: Experiment Progress: 98.7% -- 512/519
2018-05-14 05:11:17,802:INFO: Experiment Progress: 98.8% -- 513/519
2018-05-14 05:11:49,243:INFO: Experiment Progress: 99.0% -- 514/519
2018-05-14 05:12:20,691:INFO: Experiment Progress: 99.2% -- 515/519
2018-05-14 05:12:52,430:INFO: Experiment Progress: 99.4% -- 516/519
2018-05-14 05:13:23,954:INFO: Experiment Progress: 99.6% -- 517/519
2018-05-14 05:14:00,892:INFO: Experiment Progress: 99.8% -- 518/519
