2018-10-10 14:48:28,673:INFO: Co-disease probability in the PPI Network
2018-10-10 14:48:28,673:INFO: Sabri Eyuboglu  -- SNAP Group
2018-10-10 14:48:28,673:INFO: ======================================
2018-10-10 14:48:28,673:INFO: Loading Network...
2018-10-10 14:48:36,691:INFO: Loading Disease Associations...
2018-10-10 14:48:43,711:INFO: Building Codisease Matrix...
2018-10-10 14:48:52,667:INFO: Running Experiment...
2018-10-10 14:53:42,108:INFO: Co-disease probability in the PPI Network
2018-10-10 14:53:42,108:INFO: Sabri Eyuboglu  -- SNAP Group
2018-10-10 14:53:42,109:INFO: ======================================
2018-10-10 14:53:42,109:INFO: Loading Network...
2018-10-10 14:53:49,864:INFO: Loading Disease Associations...
2018-10-10 14:53:55,960:INFO: Building Codisease Matrix...
2018-10-10 14:54:04,491:INFO: Running Experiment...
2018-10-10 14:54:19,542:INFO: Co-disease probability in the PPI Network
2018-10-10 14:54:19,542:INFO: Sabri Eyuboglu  -- SNAP Group
2018-10-10 14:54:19,542:INFO: ======================================
2018-10-10 14:54:19,542:INFO: Loading Network...
2018-10-10 14:54:27,580:INFO: Loading Disease Associations...
2018-10-10 14:54:33,697:INFO: Building Codisease Matrix...
2018-10-10 14:54:43,225:INFO: Running Experiment...
2018-10-10 14:59:56,742:INFO: Co-disease probability in the PPI Network
2018-10-10 14:59:56,742:INFO: Sabri Eyuboglu  -- SNAP Group
2018-10-10 14:59:56,742:INFO: ======================================
2018-10-10 14:59:56,742:INFO: Loading Network...
2018-10-10 15:00:04,359:INFO: Loading Disease Associations...
2018-10-10 15:00:10,519:INFO: Building Codisease Matrix...
2018-10-10 15:00:19,485:INFO: Running Experiment...
2018-10-10 15:03:50,432:INFO: Co-disease probability in the PPI Network
2018-10-10 15:03:50,432:INFO: Sabri Eyuboglu  -- SNAP Group
2018-10-10 15:03:50,432:INFO: ======================================
2018-10-10 15:03:50,432:INFO: Loading Network...
2018-10-10 15:03:58,058:INFO: Loading Disease Associations...
2018-10-10 15:04:04,459:INFO: Building Codisease Matrix...
2018-10-10 15:04:14,276:INFO: Running Experiment...
2018-10-10 15:10:35,792:INFO: Co-disease probability in the PPI Network
2018-10-10 15:10:35,792:INFO: Sabri Eyuboglu  -- SNAP Group
2018-10-10 15:10:35,792:INFO: ======================================
2018-10-10 15:10:35,792:INFO: Loading Network...
2018-10-10 15:10:43,447:INFO: Loading Disease Associations...
2018-10-10 15:10:49,503:INFO: Building Codisease Matrix...
2018-10-10 15:10:58,109:INFO: Running Experiment...
2018-10-10 15:14:13,279:INFO: Co-disease probability in the PPI Network
2018-10-10 15:14:13,279:INFO: Sabri Eyuboglu  -- SNAP Group
2018-10-10 15:14:13,279:INFO: ======================================
2018-10-10 15:14:13,279:INFO: Loading Network...
2018-10-10 15:14:21,138:INFO: Loading Disease Associations...
2018-10-10 15:14:26,814:INFO: Building Codisease Matrix...
2018-10-10 15:14:36,271:INFO: Running Experiment...
2018-10-10 15:16:01,505:INFO: Co-disease probability in the PPI Network
2018-10-10 15:16:01,505:INFO: Sabri Eyuboglu  -- SNAP Group
2018-10-10 15:16:01,505:INFO: ======================================
2018-10-10 15:16:01,505:INFO: Loading Network...
2018-10-10 15:16:09,460:INFO: Loading Disease Associations...
2018-10-10 15:16:15,509:INFO: Building Codisease Matrix...
2018-10-10 15:16:25,149:INFO: Running Experiment...
2018-10-10 15:19:35,773:INFO: Co-disease probability in the PPI Network
2018-10-10 15:19:35,773:INFO: Sabri Eyuboglu  -- SNAP Group
2018-10-10 15:19:35,773:INFO: ======================================
2018-10-10 15:19:35,773:INFO: Loading Network...
2018-10-10 15:19:43,615:INFO: Loading Disease Associations...
2018-10-10 15:19:49,453:INFO: Building Codisease Matrix...
2018-10-10 15:19:58,940:INFO: Running Experiment...
2018-10-10 15:22:30,362:INFO: Co-disease probability in the PPI Network
2018-10-10 15:22:30,362:INFO: Sabri Eyuboglu  -- SNAP Group
2018-10-10 15:22:30,362:INFO: ======================================
2018-10-10 15:22:30,362:INFO: Loading Network...
2018-10-10 15:22:37,765:INFO: Loading Disease Associations...
2018-10-10 15:22:43,281:INFO: Building Codisease Matrix...
2018-10-10 15:22:52,994:INFO: Running Experiment...
2018-10-10 15:30:09,537:INFO: Co-disease probability in the PPI Network
2018-10-10 15:30:09,537:INFO: Sabri Eyuboglu  -- SNAP Group
2018-10-10 15:30:09,537:INFO: ======================================
2018-10-10 15:30:09,537:INFO: Loading Network...
2018-10-10 15:30:17,340:INFO: Loading Disease Associations...
2018-10-10 15:30:23,005:INFO: Building Codisease Matrix...
2018-10-10 15:30:33,276:INFO: Running Experiment...
2018-10-10 15:36:11,468:INFO: Co-disease probability in the PPI Network
2018-10-10 15:36:11,468:INFO: Sabri Eyuboglu  -- SNAP Group
2018-10-10 15:36:11,468:INFO: ======================================
2018-10-10 15:36:11,468:INFO: Loading Network...
2018-10-10 15:36:19,078:INFO: Loading Disease Associations...
2018-10-10 15:36:24,896:INFO: Building Codisease Matrix...
2018-10-10 15:36:34,156:INFO: Running Experiment...
2018-10-10 15:46:53,762:INFO: Co-disease probability in the PPI Network
2018-10-10 15:46:53,762:INFO: Sabri Eyuboglu  -- SNAP Group
2018-10-10 15:46:53,762:INFO: ======================================
2018-10-10 15:46:53,762:INFO: Loading Network...
2018-10-10 15:47:01,606:INFO: Loading Disease Associations...
2018-10-10 15:47:09,192:INFO: Building Codisease Matrix...
2018-10-10 15:47:18,148:INFO: Running Experiment...
2018-10-10 15:50:10,459:INFO: Co-disease probability in the PPI Network
2018-10-10 15:50:10,459:INFO: Sabri Eyuboglu  -- SNAP Group
2018-10-10 15:50:10,459:INFO: ======================================
2018-10-10 15:50:10,459:INFO: Loading Network...
2018-10-10 15:50:18,591:INFO: Loading Disease Associations...
2018-10-10 15:50:24,051:INFO: Building Codisease Matrix...
2018-10-10 15:50:33,382:INFO: Running Experiment...
2018-10-10 15:52:39,561:INFO: Co-disease probability in the PPI Network
2018-10-10 15:52:39,561:INFO: Sabri Eyuboglu  -- SNAP Group
2018-10-10 15:52:39,561:INFO: ======================================
2018-10-10 15:52:39,561:INFO: Loading Network...
2018-10-10 15:52:47,065:INFO: Loading Disease Associations...
2018-10-10 15:52:52,718:INFO: Building Codisease Matrix...
2018-10-10 15:53:02,091:INFO: Running Experiment...
2018-10-10 15:59:16,237:INFO: Co-disease probability in the PPI Network
2018-10-10 15:59:16,237:INFO: Sabri Eyuboglu  -- SNAP Group
2018-10-10 15:59:16,237:INFO: ======================================
2018-10-10 15:59:16,237:INFO: Loading Network...
2018-10-10 15:59:24,407:INFO: Loading Disease Associations...
2018-10-10 15:59:30,703:INFO: Building Codisease Matrix...
2018-10-10 15:59:41,317:INFO: Running Experiment...
