2018-11-07 17:07:41,570:INFO: Disease Protein Prediction in the PPI Network
2018-11-07 17:07:41,570:INFO: Sabri Eyuboglu  -- SNAP Group
2018-11-07 17:07:41,570:INFO: ======================================
2018-11-07 17:07:41,570:INFO: Loading PPI Network...
2018-11-07 17:07:49,136:INFO: Loading Disease Associations...
2018-11-07 17:18:56,585:INFO: Disease Protein Prediction in the PPI Network
2018-11-07 17:18:56,585:INFO: Sabri Eyuboglu  -- SNAP Group
2018-11-07 17:18:56,585:INFO: ======================================
2018-11-07 17:18:56,585:INFO: Loading PPI Network...
2018-11-07 17:19:03,657:INFO: Loading Disease Associations...
2018-11-07 17:19:13,526:INFO: Starting training for 75 epoch(s)
2018-11-07 17:19:13,526:INFO: Epoch 1/75
2018-11-07 17:19:13,526:INFO: Train
2018-11-07 17:19:17,875:INFO: - Train metrics: recall_at_100: 0.116 ; loss: 1.374
2018-11-07 17:19:17,875:INFO: Evaluate
2018-11-07 17:19:18,945:INFO: - Evaluate metrics: recall_at_100: 0.148 ; loss: 1.376
2018-11-07 17:19:19,141:INFO: - Found new best recall_at_100
2018-11-07 17:19:19,209:INFO: Epoch 2/75
2018-11-07 17:19:19,209:INFO: Train
2018-11-07 17:19:23,528:INFO: - Train metrics: recall_at_100: 0.133 ; loss: 1.377
2018-11-07 17:19:23,534:INFO: Evaluate
2018-11-07 17:19:24,684:INFO: - Evaluate metrics: recall_at_100: 0.147 ; loss: 1.377
2018-11-07 17:19:24,770:INFO: Epoch 3/75
2018-11-07 17:19:24,771:INFO: Train
2018-11-07 17:19:29,017:INFO: - Train metrics: recall_at_100: 0.121 ; loss: 1.375
2018-11-07 17:19:29,023:INFO: Evaluate
2018-11-07 17:19:30,076:INFO: - Evaluate metrics: recall_at_100: 0.129 ; loss: 1.377
2018-11-07 17:19:30,176:INFO: Epoch 4/75
2018-11-07 17:19:30,176:INFO: Train
2018-11-07 17:19:34,321:INFO: - Train metrics: recall_at_100: 0.125 ; loss: 1.373
2018-11-07 17:19:34,325:INFO: Evaluate
2018-11-07 17:19:35,413:INFO: - Evaluate metrics: recall_at_100: 0.126 ; loss: 1.378
2018-11-07 17:19:35,506:INFO: Epoch 5/75
2018-11-07 17:19:35,506:INFO: Train
2018-11-07 17:19:39,671:INFO: - Train metrics: recall_at_100: 0.110 ; loss: 1.377
2018-11-07 17:19:39,677:INFO: Evaluate
2018-11-07 17:19:40,761:INFO: - Evaluate metrics: recall_at_100: 0.184 ; loss: 1.375
2018-11-07 17:19:40,883:INFO: - Found new best recall_at_100
2018-11-07 17:19:40,996:INFO: Epoch 6/75
2018-11-07 17:19:40,996:INFO: Train
2018-11-07 17:19:45,152:INFO: - Train metrics: recall_at_100: 0.141 ; loss: 1.376
2018-11-07 17:19:45,157:INFO: Evaluate
2018-11-07 17:19:46,181:INFO: - Evaluate metrics: recall_at_100: 0.153 ; loss: 1.376
2018-11-07 17:19:46,275:INFO: Epoch 7/75
2018-11-07 17:19:46,276:INFO: Train
2018-11-07 17:19:50,454:INFO: - Train metrics: recall_at_100: 0.154 ; loss: 1.374
2018-11-07 17:19:50,459:INFO: Evaluate
2018-11-07 17:19:51,303:INFO: - Evaluate metrics: recall_at_100: 0.130 ; loss: 1.377
2018-11-07 17:19:51,389:INFO: Epoch 8/75
2018-11-07 17:19:51,389:INFO: Train
2018-11-07 17:19:55,711:INFO: - Train metrics: recall_at_100: 0.150 ; loss: 1.373
2018-11-07 17:19:55,717:INFO: Evaluate
2018-11-07 17:19:56,716:INFO: - Evaluate metrics: recall_at_100: 0.158 ; loss: 1.376
2018-11-07 17:19:56,801:INFO: Epoch 9/75
2018-11-07 17:19:56,801:INFO: Train
2018-11-07 17:20:00,891:INFO: - Train metrics: recall_at_100: 0.147 ; loss: 1.374
2018-11-07 17:20:00,896:INFO: Evaluate
2018-11-07 17:20:01,778:INFO: - Evaluate metrics: recall_at_100: 0.156 ; loss: 1.376
2018-11-07 17:20:01,859:INFO: Epoch 10/75
2018-11-07 17:20:01,859:INFO: Train
2018-11-07 17:20:06,171:INFO: - Train metrics: recall_at_100: 0.175 ; loss: 1.376
2018-11-07 17:20:06,177:INFO: Evaluate
2018-11-07 17:20:07,256:INFO: - Evaluate metrics: recall_at_100: 0.141 ; loss: 1.376
2018-11-07 17:20:07,349:INFO: Epoch 11/75
2018-11-07 17:20:07,349:INFO: Train
2018-11-07 17:20:11,669:INFO: - Train metrics: recall_at_100: 0.147 ; loss: 1.374
2018-11-07 17:20:11,675:INFO: Evaluate
2018-11-07 17:20:12,711:INFO: - Evaluate metrics: recall_at_100: 0.152 ; loss: 1.375
2018-11-07 17:20:12,799:INFO: Epoch 12/75
2018-11-07 17:20:12,799:INFO: Train
2018-11-07 17:20:16,640:INFO: - Train metrics: recall_at_100: 0.169 ; loss: 1.375
2018-11-07 17:20:16,645:INFO: Evaluate
2018-11-07 17:20:17,697:INFO: - Evaluate metrics: recall_at_100: 0.135 ; loss: 1.374
2018-11-07 17:20:17,789:INFO: Epoch 13/75
2018-11-07 17:20:17,789:INFO: Train
2018-11-07 17:20:21,675:INFO: - Train metrics: recall_at_100: 0.139 ; loss: 1.371
2018-11-07 17:20:21,679:INFO: Evaluate
2018-11-07 17:20:22,713:INFO: - Evaluate metrics: recall_at_100: 0.165 ; loss: 1.376
2018-11-07 17:20:22,797:INFO: Epoch 14/75
2018-11-07 17:20:22,797:INFO: Train
2018-11-07 17:20:26,643:INFO: - Train metrics: recall_at_100: 0.204 ; loss: 1.374
2018-11-07 17:20:26,648:INFO: Evaluate
2018-11-07 17:20:27,613:INFO: - Evaluate metrics: recall_at_100: 0.131 ; loss: 1.374
2018-11-07 17:20:27,690:INFO: Epoch 15/75
2018-11-07 17:20:27,690:INFO: Train
2018-11-07 17:20:31,653:INFO: - Train metrics: recall_at_100: 0.197 ; loss: 1.375
2018-11-07 17:20:31,658:INFO: Evaluate
2018-11-07 17:20:32,718:INFO: - Evaluate metrics: recall_at_100: 0.157 ; loss: 1.375
2018-11-07 17:20:32,806:INFO: Epoch 16/75
2018-11-07 17:20:32,806:INFO: Train
2018-11-07 17:20:36,834:INFO: - Train metrics: recall_at_100: 0.160 ; loss: 1.375
2018-11-07 17:20:36,839:INFO: Evaluate
2018-11-07 17:20:37,837:INFO: - Evaluate metrics: recall_at_100: 0.169 ; loss: 1.374
2018-11-07 17:20:37,923:INFO: Epoch 17/75
2018-11-07 17:20:37,924:INFO: Train
2018-11-07 17:20:42,058:INFO: - Train metrics: recall_at_100: 0.175 ; loss: 1.374
2018-11-07 17:20:42,063:INFO: Evaluate
2018-11-07 17:20:43,170:INFO: - Evaluate metrics: recall_at_100: 0.187 ; loss: 1.374
2018-11-07 17:20:43,275:INFO: - Found new best recall_at_100
2018-11-07 17:20:43,389:INFO: Epoch 18/75
2018-11-07 17:20:43,389:INFO: Train
2018-11-07 17:20:47,498:INFO: - Train metrics: recall_at_100: 0.158 ; loss: 1.373
2018-11-07 17:20:47,504:INFO: Evaluate
2018-11-07 17:20:48,574:INFO: - Evaluate metrics: recall_at_100: 0.159 ; loss: 1.374
2018-11-07 17:20:48,666:INFO: Epoch 19/75
2018-11-07 17:20:48,666:INFO: Train
2018-11-07 17:20:52,696:INFO: - Train metrics: recall_at_100: 0.168 ; loss: 1.371
2018-11-07 17:20:52,701:INFO: Evaluate
2018-11-07 17:20:53,776:INFO: - Evaluate metrics: recall_at_100: 0.166 ; loss: 1.375
2018-11-07 17:20:53,862:INFO: Epoch 20/75
2018-11-07 17:20:53,862:INFO: Train
2018-11-07 17:20:58,174:INFO: - Train metrics: recall_at_100: 0.213 ; loss: 1.372
2018-11-07 17:20:58,180:INFO: Evaluate
2018-11-07 17:20:59,258:INFO: - Evaluate metrics: recall_at_100: 0.141 ; loss: 1.374
2018-11-07 17:20:59,348:INFO: Epoch 21/75
2018-11-07 17:20:59,348:INFO: Train
2018-11-07 17:21:03,671:INFO: - Train metrics: recall_at_100: 0.170 ; loss: 1.371
2018-11-07 17:21:03,678:INFO: Evaluate
2018-11-07 17:21:04,513:INFO: - Evaluate metrics: recall_at_100: 0.147 ; loss: 1.374
2018-11-07 17:21:04,603:INFO: Epoch 22/75
2018-11-07 17:21:04,603:INFO: Train
2018-11-07 17:21:08,892:INFO: - Train metrics: recall_at_100: 0.181 ; loss: 1.373
2018-11-07 17:21:08,897:INFO: Evaluate
2018-11-07 17:21:09,922:INFO: - Evaluate metrics: recall_at_100: 0.125 ; loss: 1.374
2018-11-07 17:21:10,005:INFO: Epoch 23/75
2018-11-07 17:21:10,005:INFO: Train
2018-11-07 17:21:14,248:INFO: - Train metrics: recall_at_100: 0.194 ; loss: 1.373
2018-11-07 17:21:14,253:INFO: Evaluate
2018-11-07 17:21:15,291:INFO: - Evaluate metrics: recall_at_100: 0.180 ; loss: 1.374
2018-11-07 17:21:15,375:INFO: Epoch 24/75
2018-11-07 17:21:15,375:INFO: Train
2018-11-07 17:21:19,552:INFO: - Train metrics: recall_at_100: 0.171 ; loss: 1.365
2018-11-07 17:21:19,557:INFO: Evaluate
2018-11-07 17:21:20,638:INFO: - Evaluate metrics: recall_at_100: 0.179 ; loss: 1.373
2018-11-07 17:21:20,769:INFO: Epoch 25/75
2018-11-07 17:21:20,769:INFO: Train
2018-11-07 17:21:24,903:INFO: - Train metrics: recall_at_100: 0.209 ; loss: 1.371
2018-11-07 17:21:24,909:INFO: Evaluate
2018-11-07 17:21:25,985:INFO: - Evaluate metrics: recall_at_100: 0.176 ; loss: 1.373
2018-11-07 17:21:26,068:INFO: Epoch 26/75
2018-11-07 17:21:26,068:INFO: Train
2018-11-07 17:21:30,224:INFO: - Train metrics: recall_at_100: 0.199 ; loss: 1.373
2018-11-07 17:21:30,229:INFO: Evaluate
2018-11-07 17:21:31,277:INFO: - Evaluate metrics: recall_at_100: 0.147 ; loss: 1.375
2018-11-07 17:21:31,355:INFO: Epoch 27/75
2018-11-07 17:21:31,355:INFO: Train
2018-11-07 17:21:35,353:INFO: - Train metrics: recall_at_100: 0.193 ; loss: 1.371
2018-11-07 17:21:35,359:INFO: Evaluate
2018-11-07 17:21:36,378:INFO: - Evaluate metrics: recall_at_100: 0.168 ; loss: 1.373
2018-11-07 17:21:36,452:INFO: Epoch 28/75
2018-11-07 17:21:36,452:INFO: Train
2018-11-07 17:21:40,624:INFO: - Train metrics: recall_at_100: 0.185 ; loss: 1.371
2018-11-07 17:21:40,629:INFO: Evaluate
2018-11-07 17:21:41,731:INFO: - Evaluate metrics: recall_at_100: 0.178 ; loss: 1.373
2018-11-07 17:21:41,803:INFO: Epoch 29/75
2018-11-07 17:21:41,804:INFO: Train
2018-11-07 17:21:46,012:INFO: - Train metrics: recall_at_100: 0.177 ; loss: 1.373
2018-11-07 17:21:46,012:INFO: Evaluate
2018-11-07 17:21:47,087:INFO: - Evaluate metrics: recall_at_100: 0.163 ; loss: 1.374
2018-11-07 17:21:47,213:INFO: Epoch 30/75
2018-11-07 17:21:47,213:INFO: Train
2018-11-07 17:21:51,433:INFO: - Train metrics: recall_at_100: 0.189 ; loss: 1.372
2018-11-07 17:21:51,439:INFO: Evaluate
2018-11-07 17:21:52,500:INFO: - Evaluate metrics: recall_at_100: 0.184 ; loss: 1.373
2018-11-07 17:21:52,636:INFO: Epoch 31/75
2018-11-07 17:21:52,636:INFO: Train
2018-11-07 17:21:56,694:INFO: - Train metrics: recall_at_100: 0.195 ; loss: 1.371
2018-11-07 17:21:56,699:INFO: Evaluate
2018-11-07 17:21:57,636:INFO: - Evaluate metrics: recall_at_100: 0.143 ; loss: 1.373
2018-11-07 17:21:57,769:INFO: Epoch 32/75
2018-11-07 17:21:57,769:INFO: Train
2018-11-07 17:22:01,744:INFO: - Train metrics: recall_at_100: 0.159 ; loss: 1.371
2018-11-07 17:22:01,749:INFO: Evaluate
2018-11-07 17:22:02,775:INFO: - Evaluate metrics: recall_at_100: 0.163 ; loss: 1.373
2018-11-07 17:22:02,895:INFO: Epoch 33/75
2018-11-07 17:22:02,896:INFO: Train
2018-11-07 17:22:06,960:INFO: - Train metrics: recall_at_100: 0.154 ; loss: 1.373
2018-11-07 17:22:06,965:INFO: Evaluate
2018-11-07 17:22:08,031:INFO: - Evaluate metrics: recall_at_100: 0.156 ; loss: 1.371
2018-11-07 17:22:08,159:INFO: Epoch 34/75
2018-11-07 17:22:08,160:INFO: Train
2018-11-07 17:22:12,238:INFO: - Train metrics: recall_at_100: 0.163 ; loss: 1.371
2018-11-07 17:22:12,239:INFO: Evaluate
2018-11-07 17:22:13,273:INFO: - Evaluate metrics: recall_at_100: 0.178 ; loss: 1.374
2018-11-07 17:22:13,365:INFO: Epoch 35/75
2018-11-07 17:22:13,365:INFO: Train
2018-11-07 17:22:17,582:INFO: - Train metrics: recall_at_100: 0.161 ; loss: 1.371
2018-11-07 17:22:17,588:INFO: Evaluate
2018-11-07 17:22:18,607:INFO: - Evaluate metrics: recall_at_100: 0.189 ; loss: 1.371
2018-11-07 17:22:18,737:INFO: - Found new best recall_at_100
2018-11-07 17:22:18,859:INFO: Epoch 36/75
2018-11-07 17:22:18,859:INFO: Train
2018-11-07 17:22:23,011:INFO: - Train metrics: recall_at_100: 0.170 ; loss: 1.371
2018-11-07 17:22:23,016:INFO: Evaluate
2018-11-07 17:22:24,160:INFO: - Evaluate metrics: recall_at_100: 0.163 ; loss: 1.373
2018-11-07 17:22:24,255:INFO: Epoch 37/75
2018-11-07 17:22:24,255:INFO: Train
2018-11-07 17:22:28,375:INFO: - Train metrics: recall_at_100: 0.174 ; loss: 1.371
2018-11-07 17:22:28,380:INFO: Evaluate
2018-11-07 17:22:29,414:INFO: - Evaluate metrics: recall_at_100: 0.164 ; loss: 1.371
2018-11-07 17:22:29,505:INFO: Epoch 38/75
2018-11-07 17:22:29,505:INFO: Train
2018-11-07 17:22:33,773:INFO: - Train metrics: recall_at_100: 0.178 ; loss: 1.368
2018-11-07 17:22:33,779:INFO: Evaluate
2018-11-07 17:22:34,806:INFO: - Evaluate metrics: recall_at_100: 0.167 ; loss: 1.370
2018-11-07 17:22:34,904:INFO: Epoch 39/75
2018-11-07 17:22:34,904:INFO: Train
2018-11-07 17:22:39,113:INFO: - Train metrics: recall_at_100: 0.174 ; loss: 1.364
2018-11-07 17:22:39,118:INFO: Evaluate
2018-11-07 17:22:40,231:INFO: - Evaluate metrics: recall_at_100: 0.159 ; loss: 1.371
2018-11-07 17:22:40,314:INFO: Epoch 40/75
2018-11-07 17:22:40,314:INFO: Train
2018-11-07 17:22:44,477:INFO: - Train metrics: recall_at_100: 0.159 ; loss: 1.369
2018-11-07 17:22:44,484:INFO: Evaluate
2018-11-07 17:22:45,667:INFO: - Evaluate metrics: recall_at_100: 0.179 ; loss: 1.371
2018-11-07 17:22:45,773:INFO: Epoch 41/75
2018-11-07 17:22:45,774:INFO: Train
2018-11-07 17:22:50,004:INFO: - Train metrics: recall_at_100: 0.171 ; loss: 1.368
2018-11-07 17:22:50,010:INFO: Evaluate
2018-11-07 17:22:51,142:INFO: - Evaluate metrics: recall_at_100: 0.169 ; loss: 1.370
2018-11-07 17:22:51,260:INFO: Epoch 42/75
2018-11-07 17:22:51,260:INFO: Train
2018-11-07 17:22:55,356:INFO: - Train metrics: recall_at_100: 0.211 ; loss: 1.365
2018-11-07 17:22:55,361:INFO: Evaluate
2018-11-07 17:22:56,449:INFO: - Evaluate metrics: recall_at_100: 0.152 ; loss: 1.372
2018-11-07 17:22:56,521:INFO: Epoch 43/75
2018-11-07 17:22:56,521:INFO: Train
2018-11-07 17:23:00,700:INFO: - Train metrics: recall_at_100: 0.167 ; loss: 1.365
2018-11-07 17:23:00,705:INFO: Evaluate
2018-11-07 17:23:01,619:INFO: - Evaluate metrics: recall_at_100: 0.171 ; loss: 1.369
2018-11-07 17:23:01,727:INFO: Epoch 44/75
2018-11-07 17:23:01,727:INFO: Train
2018-11-07 17:23:06,019:INFO: - Train metrics: recall_at_100: 0.202 ; loss: 1.369
2018-11-07 17:23:06,024:INFO: Evaluate
2018-11-07 17:23:07,098:INFO: - Evaluate metrics: recall_at_100: 0.172 ; loss: 1.370
2018-11-07 17:23:07,184:INFO: Epoch 45/75
2018-11-07 17:23:07,184:INFO: Train
2018-11-07 17:23:11,342:INFO: - Train metrics: recall_at_100: 0.212 ; loss: 1.365
2018-11-07 17:23:11,346:INFO: Evaluate
2018-11-07 17:23:12,378:INFO: - Evaluate metrics: recall_at_100: 0.166 ; loss: 1.369
2018-11-07 17:23:12,475:INFO: Epoch 46/75
2018-11-07 17:23:12,475:INFO: Train
2018-11-07 17:23:16,645:INFO: - Train metrics: recall_at_100: 0.203 ; loss: 1.370
2018-11-07 17:23:16,650:INFO: Evaluate
2018-11-07 17:23:17,676:INFO: - Evaluate metrics: recall_at_100: 0.186 ; loss: 1.369
2018-11-07 17:23:17,769:INFO: Epoch 47/75
2018-11-07 17:23:17,770:INFO: Train
2018-11-07 17:23:21,756:INFO: - Train metrics: recall_at_100: 0.178 ; loss: 1.370
2018-11-07 17:23:21,761:INFO: Evaluate
2018-11-07 17:23:22,805:INFO: - Evaluate metrics: recall_at_100: 0.179 ; loss: 1.369
2018-11-07 17:23:22,891:INFO: Epoch 48/75
2018-11-07 17:23:22,891:INFO: Train
2018-11-07 17:23:27,071:INFO: - Train metrics: recall_at_100: 0.170 ; loss: 1.366
2018-11-07 17:23:27,076:INFO: Evaluate
2018-11-07 17:23:28,050:INFO: - Evaluate metrics: recall_at_100: 0.156 ; loss: 1.371
2018-11-07 17:23:28,137:INFO: Epoch 49/75
2018-11-07 17:23:28,137:INFO: Train
2018-11-07 17:23:32,307:INFO: - Train metrics: recall_at_100: 0.193 ; loss: 1.366
2018-11-07 17:23:32,312:INFO: Evaluate
2018-11-07 17:23:33,410:INFO: - Evaluate metrics: recall_at_100: 0.167 ; loss: 1.370
2018-11-07 17:23:33,499:INFO: Epoch 50/75
2018-11-07 17:23:33,500:INFO: Train
2018-11-07 17:23:37,645:INFO: - Train metrics: recall_at_100: 0.220 ; loss: 1.368
2018-11-07 17:23:37,650:INFO: Evaluate
2018-11-07 17:23:38,679:INFO: - Evaluate metrics: recall_at_100: 0.174 ; loss: 1.369
2018-11-07 17:23:38,771:INFO: Epoch 51/75
2018-11-07 17:23:38,771:INFO: Train
2018-11-07 17:23:42,863:INFO: - Train metrics: recall_at_100: 0.170 ; loss: 1.369
2018-11-07 17:23:42,868:INFO: Evaluate
2018-11-07 17:23:43,951:INFO: - Evaluate metrics: recall_at_100: 0.183 ; loss: 1.370
2018-11-07 17:23:44,038:INFO: Epoch 52/75
2018-11-07 17:23:44,038:INFO: Train
2018-11-07 17:23:48,232:INFO: - Train metrics: recall_at_100: 0.198 ; loss: 1.364
2018-11-07 17:23:48,237:INFO: Evaluate
2018-11-07 17:23:49,089:INFO: - Evaluate metrics: recall_at_100: 0.224 ; loss: 1.370
2018-11-07 17:23:49,201:INFO: - Found new best recall_at_100
2018-11-07 17:23:49,296:INFO: Epoch 53/75
2018-11-07 17:23:49,296:INFO: Train
2018-11-07 17:23:53,473:INFO: - Train metrics: recall_at_100: 0.172 ; loss: 1.369
2018-11-07 17:23:53,484:INFO: Evaluate
2018-11-07 17:23:54,519:INFO: - Evaluate metrics: recall_at_100: 0.162 ; loss: 1.369
2018-11-07 17:23:54,623:INFO: Epoch 54/75
2018-11-07 17:23:54,623:INFO: Train
2018-11-07 17:23:58,810:INFO: - Train metrics: recall_at_100: 0.175 ; loss: 1.368
2018-11-07 17:23:58,813:INFO: Evaluate
2018-11-07 17:23:59,874:INFO: - Evaluate metrics: recall_at_100: 0.142 ; loss: 1.367
2018-11-07 17:23:59,972:INFO: Epoch 55/75
2018-11-07 17:23:59,973:INFO: Train
2018-11-07 17:24:04,093:INFO: - Train metrics: recall_at_100: 0.192 ; loss: 1.368
2018-11-07 17:24:04,098:INFO: Evaluate
2018-11-07 17:24:05,110:INFO: - Evaluate metrics: recall_at_100: 0.161 ; loss: 1.368
2018-11-07 17:24:05,199:INFO: Epoch 56/75
2018-11-07 17:24:05,199:INFO: Train
2018-11-07 17:24:09,401:INFO: - Train metrics: recall_at_100: 0.193 ; loss: 1.366
2018-11-07 17:24:09,406:INFO: Evaluate
2018-11-07 17:24:10,420:INFO: - Evaluate metrics: recall_at_100: 0.170 ; loss: 1.368
2018-11-07 17:24:10,521:INFO: Epoch 57/75
2018-11-07 17:24:10,521:INFO: Train
2018-11-07 17:24:14,673:INFO: - Train metrics: recall_at_100: 0.183 ; loss: 1.365
2018-11-07 17:24:14,679:INFO: Evaluate
2018-11-07 17:24:15,576:INFO: - Evaluate metrics: recall_at_100: 0.169 ; loss: 1.370
2018-11-07 17:24:15,673:INFO: Epoch 58/75
2018-11-07 17:24:15,673:INFO: Train
2018-11-07 17:24:19,844:INFO: - Train metrics: recall_at_100: 0.236 ; loss: 1.362
2018-11-07 17:24:19,848:INFO: Evaluate
2018-11-07 17:24:20,872:INFO: - Evaluate metrics: recall_at_100: 0.144 ; loss: 1.368
2018-11-07 17:24:20,965:INFO: Epoch 59/75
2018-11-07 17:24:20,965:INFO: Train
2018-11-07 17:24:25,144:INFO: - Train metrics: recall_at_100: 0.197 ; loss: 1.359
2018-11-07 17:24:25,149:INFO: Evaluate
2018-11-07 17:24:26,203:INFO: - Evaluate metrics: recall_at_100: 0.206 ; loss: 1.368
2018-11-07 17:24:26,326:INFO: Epoch 60/75
2018-11-07 17:24:26,326:INFO: Train
2018-11-07 17:24:30,549:INFO: - Train metrics: recall_at_100: 0.175 ; loss: 1.368
2018-11-07 17:24:30,553:INFO: Evaluate
2018-11-07 17:24:31,583:INFO: - Evaluate metrics: recall_at_100: 0.210 ; loss: 1.368
2018-11-07 17:24:31,650:INFO: Epoch 61/75
2018-11-07 17:24:31,650:INFO: Train
2018-11-07 17:24:35,799:INFO: - Train metrics: recall_at_100: 0.183 ; loss: 1.366
2018-11-07 17:24:35,803:INFO: Evaluate
2018-11-07 17:24:36,939:INFO: - Evaluate metrics: recall_at_100: 0.175 ; loss: 1.368
2018-11-07 17:24:37,016:INFO: Epoch 62/75
2018-11-07 17:24:37,016:INFO: Train
2018-11-07 17:24:41,188:INFO: - Train metrics: recall_at_100: 0.204 ; loss: 1.367
2018-11-07 17:24:41,193:INFO: Evaluate
2018-11-07 17:24:42,207:INFO: - Evaluate metrics: recall_at_100: 0.199 ; loss: 1.367
2018-11-07 17:24:42,275:INFO: Epoch 63/75
2018-11-07 17:24:42,275:INFO: Train
2018-11-07 17:24:46,528:INFO: - Train metrics: recall_at_100: 0.169 ; loss: 1.368
2018-11-07 17:24:46,532:INFO: Evaluate
2018-11-07 17:24:47,421:INFO: - Evaluate metrics: recall_at_100: 0.161 ; loss: 1.367
2018-11-07 17:24:47,529:INFO: Epoch 64/75
2018-11-07 17:24:47,529:INFO: Train
2018-11-07 17:24:51,656:INFO: - Train metrics: recall_at_100: 0.190 ; loss: 1.363
2018-11-07 17:24:51,660:INFO: Evaluate
2018-11-07 17:24:52,679:INFO: - Evaluate metrics: recall_at_100: 0.185 ; loss: 1.368
2018-11-07 17:24:52,759:INFO: Epoch 65/75
2018-11-07 17:24:52,759:INFO: Train
2018-11-07 17:24:56,922:INFO: - Train metrics: recall_at_100: 0.208 ; loss: 1.364
2018-11-07 17:24:56,928:INFO: Evaluate
2018-11-07 17:24:57,858:INFO: - Evaluate metrics: recall_at_100: 0.124 ; loss: 1.369
2018-11-07 17:24:57,936:INFO: Epoch 66/75
2018-11-07 17:24:57,936:INFO: Train
2018-11-07 17:25:02,190:INFO: - Train metrics: recall_at_100: 0.183 ; loss: 1.368
2018-11-07 17:25:02,194:INFO: Evaluate
2018-11-07 17:25:03,285:INFO: - Evaluate metrics: recall_at_100: 0.163 ; loss: 1.368
2018-11-07 17:25:03,430:INFO: Epoch 67/75
2018-11-07 17:25:03,430:INFO: Train
2018-11-07 17:25:07,622:INFO: - Train metrics: recall_at_100: 0.199 ; loss: 1.366
2018-11-07 17:25:07,628:INFO: Evaluate
2018-11-07 17:25:08,712:INFO: - Evaluate metrics: recall_at_100: 0.163 ; loss: 1.367
2018-11-07 17:25:08,804:INFO: Epoch 68/75
2018-11-07 17:25:08,805:INFO: Train
2018-11-07 17:25:12,782:INFO: - Train metrics: recall_at_100: 0.194 ; loss: 1.361
2018-11-07 17:25:12,787:INFO: Evaluate
2018-11-07 17:25:13,816:INFO: - Evaluate metrics: recall_at_100: 0.146 ; loss: 1.366
2018-11-07 17:25:13,914:INFO: Epoch 69/75
2018-11-07 17:25:13,915:INFO: Train
2018-11-07 17:25:18,065:INFO: - Train metrics: recall_at_100: 0.203 ; loss: 1.365
2018-11-07 17:25:18,070:INFO: Evaluate
2018-11-07 17:25:19,076:INFO: - Evaluate metrics: recall_at_100: 0.227 ; loss: 1.367
2018-11-07 17:25:19,182:INFO: - Found new best recall_at_100
2018-11-07 17:25:19,273:INFO: Epoch 70/75
2018-11-07 17:25:19,273:INFO: Train
2018-11-07 17:25:23,470:INFO: - Train metrics: recall_at_100: 0.220 ; loss: 1.366
2018-11-07 17:25:23,475:INFO: Evaluate
2018-11-07 17:25:24,345:INFO: - Evaluate metrics: recall_at_100: 0.201 ; loss: 1.366
2018-11-07 17:25:24,431:INFO: Epoch 71/75
2018-11-07 17:25:24,431:INFO: Train
2018-11-07 17:25:28,605:INFO: - Train metrics: recall_at_100: 0.238 ; loss: 1.365
2018-11-07 17:25:28,610:INFO: Evaluate
2018-11-07 17:25:29,690:INFO: - Evaluate metrics: recall_at_100: 0.186 ; loss: 1.367
2018-11-07 17:25:29,771:INFO: Epoch 72/75
2018-11-07 17:25:29,771:INFO: Train
2018-11-07 17:25:33,928:INFO: - Train metrics: recall_at_100: 0.189 ; loss: 1.363
2018-11-07 17:25:33,933:INFO: Evaluate
2018-11-07 17:25:34,809:INFO: - Evaluate metrics: recall_at_100: 0.151 ; loss: 1.367
2018-11-07 17:25:34,903:INFO: Epoch 73/75
2018-11-07 17:25:34,903:INFO: Train
2018-11-07 17:25:39,044:INFO: - Train metrics: recall_at_100: 0.190 ; loss: 1.365
2018-11-07 17:25:39,054:INFO: Evaluate
2018-11-07 17:25:40,081:INFO: - Evaluate metrics: recall_at_100: 0.128 ; loss: 1.367
2018-11-07 17:25:40,171:INFO: Epoch 74/75
2018-11-07 17:25:40,172:INFO: Train
2018-11-07 17:25:44,237:INFO: - Train metrics: recall_at_100: 0.194 ; loss: 1.364
2018-11-07 17:25:44,242:INFO: Evaluate
2018-11-07 17:25:45,131:INFO: - Evaluate metrics: recall_at_100: 0.181 ; loss: 1.364
2018-11-07 17:25:45,222:INFO: Epoch 75/75
2018-11-07 17:25:45,223:INFO: Train
2018-11-07 17:25:49,430:INFO: - Train metrics: recall_at_100: 0.195 ; loss: 1.360
2018-11-07 17:25:49,436:INFO: Evaluate
2018-11-07 17:25:50,511:INFO: - Evaluate metrics: recall_at_100: 0.163 ; loss: 1.363
2018-11-07 17:25:50,637:INFO: Running Experiment...
