2018-09-27 11:35:48,848:INFO: Co-disease probability in the PPI Network
2018-09-27 11:35:48,848:INFO: Sabri Eyuboglu  -- SNAP Group
2018-09-27 11:35:48,848:INFO: ======================================
2018-09-27 11:35:48,848:INFO: Loading Network...
2018-09-27 11:35:56,933:INFO: Loading Disease Associations...
2018-09-27 11:39:02,993:INFO: Co-disease probability in the PPI Network
2018-09-27 11:39:02,994:INFO: Sabri Eyuboglu  -- SNAP Group
2018-09-27 11:39:02,994:INFO: ======================================
2018-09-27 11:39:02,994:INFO: Loading Network...
2018-09-27 11:39:11,449:INFO: Loading Disease Associations...
2018-09-27 11:39:18,149:INFO: Building Codisease Matrix...
2018-09-27 11:43:29,289:INFO: Co-disease probability in the PPI Network
2018-09-27 11:43:29,289:INFO: Sabri Eyuboglu  -- SNAP Group
2018-09-27 11:43:29,289:INFO: ======================================
2018-09-27 11:43:29,289:INFO: Loading Network...
2018-09-27 11:43:38,607:INFO: Loading Disease Associations...
2018-09-27 11:43:45,165:INFO: Building Codisease Matrix...
2018-09-27 11:43:55,242:INFO: Running Experiment...
2018-09-27 11:46:26,849:INFO: Co-disease probability in the PPI Network
2018-09-27 11:46:26,849:INFO: Sabri Eyuboglu  -- SNAP Group
2018-09-27 11:46:26,850:INFO: ======================================
2018-09-27 11:46:26,850:INFO: Loading Network...
2018-09-27 11:46:34,578:INFO: Loading Disease Associations...
2018-09-27 11:46:40,700:INFO: Building Codisease Matrix...
2018-09-28 15:01:46,155:INFO: Co-disease probability in the PPI Network
2018-09-28 15:01:46,156:INFO: Sabri Eyuboglu  -- SNAP Group
2018-09-28 15:01:46,156:INFO: ======================================
2018-09-28 15:01:46,156:INFO: Loading Network...
2018-09-28 15:02:16,493:INFO: Loading Disease Associations...
2018-09-28 15:02:36,377:INFO: Building Codisease Matrix...
2018-09-28 15:05:48,148:INFO: Co-disease probability in the PPI Network
2018-09-28 15:05:48,148:INFO: Sabri Eyuboglu  -- SNAP Group
2018-09-28 15:05:48,148:INFO: ======================================
2018-09-28 15:05:48,148:INFO: Loading Network...
2018-09-28 15:06:15,181:INFO: Loading Disease Associations...
2018-09-28 15:06:37,749:INFO: Building Codisease Matrix...
