2018-09-27 14:34:24,540:INFO: Disease Protein Prediction in the PPI Network
2018-09-27 14:34:24,540:INFO: Sabri Eyuboglu  -- SNAP Group
2018-09-27 14:34:24,540:INFO: ======================================
2018-09-27 14:34:24,540:INFO: Loading PPI Network...
2018-09-27 14:36:35,240:INFO: Disease Protein Prediction in the PPI Network
2018-09-27 14:36:35,240:INFO: Sabri Eyuboglu  -- SNAP Group
2018-09-27 14:36:35,240:INFO: ======================================
2018-09-27 14:36:35,240:INFO: Loading PPI Network...
2018-09-27 14:36:47,916:INFO: Loading Disease Associations...
2018-09-27 14:36:48,091:INFO: Running Experiment...
2018-09-27 21:42:31,890:INFO: Disease Protein Prediction in the PPI Network
2018-09-27 21:42:31,890:INFO: Sabri Eyuboglu  -- SNAP Group
2018-09-27 21:42:31,890:INFO: ======================================
2018-09-27 21:42:31,891:INFO: Loading PPI Network...
2018-09-27 21:42:46,213:INFO: Loading Disease Associations...
2018-09-27 21:42:46,385:INFO: Running Experiment...
2018-10-01 14:30:43,326:INFO: Disease Protein Prediction in the PPI Network
2018-10-01 14:30:43,326:INFO: Sabri Eyuboglu  -- SNAP Group
2018-10-01 14:30:43,326:INFO: ======================================
2018-10-01 14:30:43,326:INFO: Loading PPI Network...
2018-10-01 14:30:55,918:INFO: Loading Disease Associations...
2018-10-01 14:30:56,076:INFO: Running Experiment...
2018-10-01 14:34:11,835:INFO: Disease Protein Prediction in the PPI Network
2018-10-01 14:34:11,835:INFO: Sabri Eyuboglu  -- SNAP Group
2018-10-01 14:34:11,836:INFO: ======================================
2018-10-01 14:34:11,836:INFO: Loading PPI Network...
2018-10-01 14:34:24,057:INFO: Loading Disease Associations...
2018-10-01 14:34:24,173:INFO: Running Experiment...
