2018-06-21 13:18:27,075:INFO: Disease Protein Prediction in the PPI Network
2018-06-21 13:18:27,075:INFO: Sabri Eyuboglu  -- SNAP Group
2018-06-21 13:18:27,075:INFO: ======================================
2018-06-21 13:18:27,075:INFO: Loading PPI Network...
2018-06-21 13:18:40,668:INFO: Loading Disease Associations...
2018-06-21 13:18:40,703:INFO: Running Experiment...
2018-06-21 13:24:38,215:INFO: Experiment Progress: 0.2% -- 1/519
2018-06-21 13:24:46,497:INFO: Experiment Progress: 0.4% -- 2/519
2018-06-21 13:24:46,498:INFO: Experiment Progress: 0.6% -- 3/519
2018-06-21 13:24:46,498:INFO: Experiment Progress: 0.8% -- 4/519
2018-06-21 13:24:46,498:INFO: Experiment Progress: 1.0% -- 5/519
2018-06-21 13:24:46,498:INFO: Experiment Progress: 1.2% -- 6/519
2018-06-21 13:25:18,466:INFO: Experiment Progress: 1.3% -- 7/519
2018-06-21 13:25:18,466:INFO: Experiment Progress: 1.5% -- 8/519
2018-06-21 13:25:20,314:INFO: Experiment Progress: 1.7% -- 9/519
2018-06-21 13:25:20,314:INFO: Experiment Progress: 1.9% -- 10/519
2018-06-21 13:25:20,314:INFO: Experiment Progress: 2.1% -- 11/519
2018-06-21 13:25:20,314:INFO: Experiment Progress: 2.3% -- 12/519
2018-06-21 13:25:20,314:INFO: Experiment Progress: 2.5% -- 13/519
2018-06-21 13:25:20,314:INFO: Experiment Progress: 2.7% -- 14/519
2018-06-21 13:25:20,315:INFO: Experiment Progress: 2.9% -- 15/519
2018-06-21 13:25:20,315:INFO: Experiment Progress: 3.1% -- 16/519
2018-06-21 13:25:20,315:INFO: Experiment Progress: 3.3% -- 17/519
2018-06-21 13:25:20,315:INFO: Experiment Progress: 3.5% -- 18/519
2018-06-21 13:25:20,315:INFO: Experiment Progress: 3.7% -- 19/519
2018-06-21 13:25:21,001:INFO: Experiment Progress: 3.9% -- 20/519
2018-06-21 13:25:21,001:INFO: Experiment Progress: 4.0% -- 21/519
2018-06-21 13:25:21,001:INFO: Experiment Progress: 4.2% -- 22/519
2018-06-21 13:25:21,002:INFO: Experiment Progress: 4.4% -- 23/519
2018-06-21 13:25:21,002:INFO: Experiment Progress: 4.6% -- 24/519
2018-06-21 13:25:21,002:INFO: Experiment Progress: 4.8% -- 25/519
2018-06-21 13:25:27,021:INFO: Experiment Progress: 5.0% -- 26/519
2018-06-21 13:25:27,021:INFO: Experiment Progress: 5.2% -- 27/519
2018-06-21 13:25:27,021:INFO: Experiment Progress: 5.4% -- 28/519
2018-06-21 13:25:27,021:INFO: Experiment Progress: 5.6% -- 29/519
2018-06-21 13:25:27,022:INFO: Experiment Progress: 5.8% -- 30/519
2018-06-21 13:30:12,776:INFO: Experiment Progress: 6.0% -- 31/519
2018-06-21 13:30:23,898:INFO: Experiment Progress: 6.2% -- 32/519
2018-06-21 13:30:24,949:INFO: Experiment Progress: 6.4% -- 33/519
2018-06-21 13:30:29,716:INFO: Experiment Progress: 6.6% -- 34/519
2018-06-21 13:30:52,640:INFO: Experiment Progress: 6.7% -- 35/519
2018-06-21 13:30:52,641:INFO: Experiment Progress: 6.9% -- 36/519
2018-06-21 13:30:52,641:INFO: Experiment Progress: 7.1% -- 37/519
2018-06-21 13:30:52,641:INFO: Experiment Progress: 7.3% -- 38/519
2018-06-21 13:30:52,641:INFO: Experiment Progress: 7.5% -- 39/519
2018-06-21 13:30:52,641:INFO: Experiment Progress: 7.7% -- 40/519
2018-06-21 13:30:52,642:INFO: Experiment Progress: 7.9% -- 41/519
2018-06-21 13:30:52,642:INFO: Experiment Progress: 8.1% -- 42/519
2018-06-21 13:30:52,642:INFO: Experiment Progress: 8.3% -- 43/519
2018-06-21 13:30:52,642:INFO: Experiment Progress: 8.5% -- 44/519
2018-06-21 13:30:52,642:INFO: Experiment Progress: 8.7% -- 45/519
2018-06-21 13:31:00,626:INFO: Experiment Progress: 8.9% -- 46/519
2018-06-21 13:31:00,626:INFO: Experiment Progress: 9.1% -- 47/519
2018-06-21 13:31:00,626:INFO: Experiment Progress: 9.2% -- 48/519
2018-06-21 13:31:05,529:INFO: Experiment Progress: 9.4% -- 49/519
2018-06-21 13:31:12,138:INFO: Experiment Progress: 9.6% -- 50/519
2018-06-21 13:31:12,138:INFO: Experiment Progress: 9.8% -- 51/519
2018-06-21 13:31:27,188:INFO: Experiment Progress: 10.0% -- 52/519
2018-06-21 13:31:49,779:INFO: Experiment Progress: 10.2% -- 53/519
2018-06-21 13:31:52,824:INFO: Experiment Progress: 10.4% -- 54/519
2018-06-21 13:31:52,824:INFO: Experiment Progress: 10.6% -- 55/519
2018-06-21 13:31:52,824:INFO: Experiment Progress: 10.8% -- 56/519
2018-06-21 13:31:52,824:INFO: Experiment Progress: 11.0% -- 57/519
2018-06-21 13:31:58,139:INFO: Experiment Progress: 11.2% -- 58/519
2018-06-21 13:31:58,140:INFO: Experiment Progress: 11.4% -- 59/519
2018-06-21 13:31:58,140:INFO: Experiment Progress: 11.6% -- 60/519
2018-06-21 13:34:08,860:INFO: Experiment Progress: 11.8% -- 61/519
2018-06-21 13:34:08,860:INFO: Experiment Progress: 11.9% -- 62/519
2018-06-21 13:36:16,341:INFO: Experiment Progress: 12.1% -- 63/519
2018-06-21 13:36:16,341:INFO: Experiment Progress: 12.3% -- 64/519
2018-06-21 13:36:19,056:INFO: Experiment Progress: 12.5% -- 65/519
2018-06-21 13:36:22,234:INFO: Experiment Progress: 12.7% -- 66/519
2018-06-21 13:36:24,219:INFO: Experiment Progress: 12.9% -- 67/519
2018-06-21 13:36:35,746:INFO: Experiment Progress: 13.1% -- 68/519
2018-06-21 13:36:39,179:INFO: Experiment Progress: 13.3% -- 69/519
2018-06-21 13:36:46,866:INFO: Experiment Progress: 13.5% -- 70/519
2018-06-21 13:36:49,532:INFO: Experiment Progress: 13.7% -- 71/519
2018-06-21 13:36:51,249:INFO: Experiment Progress: 13.9% -- 72/519
2018-06-21 13:36:55,215:INFO: Experiment Progress: 14.1% -- 73/519
2018-06-21 13:36:55,932:INFO: Experiment Progress: 14.3% -- 74/519
2018-06-21 13:37:08,102:INFO: Experiment Progress: 14.5% -- 75/519
2018-06-21 13:37:17,186:INFO: Experiment Progress: 14.6% -- 76/519
2018-06-21 13:37:17,187:INFO: Experiment Progress: 14.8% -- 77/519
2018-06-21 13:37:17,187:INFO: Experiment Progress: 15.0% -- 78/519
2018-06-21 13:37:17,187:INFO: Experiment Progress: 15.2% -- 79/519
2018-06-21 13:37:17,187:INFO: Experiment Progress: 15.4% -- 80/519
2018-06-21 13:37:28,230:INFO: Experiment Progress: 15.6% -- 81/519
2018-06-21 13:37:38,313:INFO: Experiment Progress: 15.8% -- 82/519
2018-06-21 13:37:49,813:INFO: Experiment Progress: 16.0% -- 83/519
2018-06-21 13:37:49,813:INFO: Experiment Progress: 16.2% -- 84/519
2018-06-21 13:38:00,584:INFO: Experiment Progress: 16.4% -- 85/519
2018-06-21 13:38:10,459:INFO: Experiment Progress: 16.6% -- 86/519
2018-06-21 13:38:20,208:INFO: Experiment Progress: 16.8% -- 87/519
2018-06-21 13:38:20,208:INFO: Experiment Progress: 17.0% -- 88/519
2018-06-21 13:38:20,209:INFO: Experiment Progress: 17.1% -- 89/519
2018-06-21 13:38:32,955:INFO: Experiment Progress: 17.3% -- 90/519
2018-06-21 13:38:43,814:INFO: Experiment Progress: 17.5% -- 91/519
2018-06-21 13:40:19,228:INFO: Experiment Progress: 17.7% -- 92/519
2018-06-21 13:42:07,001:INFO: Experiment Progress: 17.9% -- 93/519
2018-06-21 13:42:19,962:INFO: Experiment Progress: 18.1% -- 94/519
2018-06-21 13:42:19,962:INFO: Experiment Progress: 18.3% -- 95/519
2018-06-21 13:42:19,963:INFO: Experiment Progress: 18.5% -- 96/519
2018-06-21 13:42:19,963:INFO: Experiment Progress: 18.7% -- 97/519
2018-06-21 13:42:33,696:INFO: Experiment Progress: 18.9% -- 98/519
2018-06-21 13:42:40,650:INFO: Experiment Progress: 19.1% -- 99/519
2018-06-21 13:42:49,586:INFO: Experiment Progress: 19.3% -- 100/519
2018-06-21 13:42:52,977:INFO: Experiment Progress: 19.5% -- 101/519
2018-06-21 13:42:53,854:INFO: Experiment Progress: 19.7% -- 102/519
2018-06-21 13:42:53,855:INFO: Experiment Progress: 19.8% -- 103/519
2018-06-21 13:42:58,199:INFO: Experiment Progress: 20.0% -- 104/519
2018-06-21 13:43:10,987:INFO: Experiment Progress: 20.2% -- 105/519
2018-06-21 13:43:15,446:INFO: Experiment Progress: 20.4% -- 106/519
2018-06-21 13:43:15,447:INFO: Experiment Progress: 20.6% -- 107/519
2018-06-21 13:43:19,800:INFO: Experiment Progress: 20.8% -- 108/519
2018-06-21 13:43:35,609:INFO: Experiment Progress: 21.0% -- 109/519
2018-06-21 13:43:43,217:INFO: Experiment Progress: 21.2% -- 110/519
2018-06-21 13:43:43,218:INFO: Experiment Progress: 21.4% -- 111/519
2018-06-21 13:43:54,495:INFO: Experiment Progress: 21.6% -- 112/519
2018-06-21 13:44:10,078:INFO: Experiment Progress: 21.8% -- 113/519
2018-06-21 13:44:10,078:INFO: Experiment Progress: 22.0% -- 114/519
2018-06-21 13:44:10,079:INFO: Experiment Progress: 22.2% -- 115/519
2018-06-21 13:44:11,220:INFO: Experiment Progress: 22.4% -- 116/519
2018-06-21 13:44:19,985:INFO: Experiment Progress: 22.5% -- 117/519
2018-06-21 13:44:35,387:INFO: Experiment Progress: 22.7% -- 118/519
2018-06-21 13:44:41,846:INFO: Experiment Progress: 22.9% -- 119/519
2018-06-21 13:45:07,604:INFO: Experiment Progress: 23.1% -- 120/519
2018-06-21 13:45:07,605:INFO: Experiment Progress: 23.3% -- 121/519
2018-06-21 13:46:43,420:INFO: Experiment Progress: 23.5% -- 122/519
2018-06-21 13:48:00,014:INFO: Experiment Progress: 23.7% -- 123/519
2018-06-21 13:48:04,311:INFO: Experiment Progress: 23.9% -- 124/519
2018-06-21 13:48:05,647:INFO: Experiment Progress: 24.1% -- 125/519
2018-06-21 13:48:06,704:INFO: Experiment Progress: 24.3% -- 126/519
2018-06-21 13:48:22,818:INFO: Experiment Progress: 24.5% -- 127/519
2018-06-21 13:48:26,675:INFO: Experiment Progress: 24.7% -- 128/519
2018-06-21 13:48:34,174:INFO: Experiment Progress: 24.9% -- 129/519
2018-06-21 13:48:41,844:INFO: Experiment Progress: 25.0% -- 130/519
2018-06-21 13:48:52,524:INFO: Experiment Progress: 25.2% -- 131/519
2018-06-21 13:48:56,558:INFO: Experiment Progress: 25.4% -- 132/519
2018-06-21 13:48:56,558:INFO: Experiment Progress: 25.6% -- 133/519
2018-06-21 13:49:01,597:INFO: Experiment Progress: 25.8% -- 134/519
2018-06-21 13:49:10,588:INFO: Experiment Progress: 26.0% -- 135/519
2018-06-21 13:49:18,565:INFO: Experiment Progress: 26.2% -- 136/519
2018-06-21 13:49:21,577:INFO: Experiment Progress: 26.4% -- 137/519
2018-06-21 13:49:29,153:INFO: Experiment Progress: 26.6% -- 138/519
2018-06-21 13:49:47,198:INFO: Experiment Progress: 26.8% -- 139/519
2018-06-21 13:49:57,510:INFO: Experiment Progress: 27.0% -- 140/519
2018-06-21 13:50:09,924:INFO: Experiment Progress: 27.2% -- 141/519
2018-06-21 13:50:09,925:INFO: Experiment Progress: 27.4% -- 142/519
2018-06-21 13:50:22,030:INFO: Experiment Progress: 27.6% -- 143/519
2018-06-21 13:50:27,408:INFO: Experiment Progress: 27.7% -- 144/519
2018-06-21 13:50:30,181:INFO: Experiment Progress: 27.9% -- 145/519
2018-06-21 13:50:30,182:INFO: Experiment Progress: 28.1% -- 146/519
2018-06-21 13:50:33,249:INFO: Experiment Progress: 28.3% -- 147/519
2018-06-21 13:50:33,250:INFO: Experiment Progress: 28.5% -- 148/519
2018-06-21 13:50:46,342:INFO: Experiment Progress: 28.7% -- 149/519
2018-06-21 13:51:03,310:INFO: Experiment Progress: 28.9% -- 150/519
2018-06-21 13:51:42,207:INFO: Experiment Progress: 29.1% -- 151/519
2018-06-21 13:52:54,950:INFO: Experiment Progress: 29.3% -- 152/519
2018-06-21 13:53:51,929:INFO: Experiment Progress: 29.5% -- 153/519
2018-06-21 13:53:57,896:INFO: Experiment Progress: 29.7% -- 154/519
2018-06-21 13:53:59,287:INFO: Experiment Progress: 29.9% -- 155/519
2018-06-21 13:53:59,763:INFO: Experiment Progress: 30.1% -- 156/519
2018-06-21 13:54:25,627:INFO: Experiment Progress: 30.3% -- 157/519
2018-06-21 13:54:29,859:INFO: Experiment Progress: 30.4% -- 158/519
2018-06-21 13:54:34,142:INFO: Experiment Progress: 30.6% -- 159/519
2018-06-21 13:54:41,878:INFO: Experiment Progress: 30.8% -- 160/519
2018-06-21 13:55:00,840:INFO: Experiment Progress: 31.0% -- 161/519
2018-06-21 13:55:00,840:INFO: Experiment Progress: 31.2% -- 162/519
2018-06-21 13:55:00,840:INFO: Experiment Progress: 31.4% -- 163/519
2018-06-21 13:55:05,418:INFO: Experiment Progress: 31.6% -- 164/519
2018-06-21 13:55:11,542:INFO: Experiment Progress: 31.8% -- 165/519
2018-06-21 13:55:27,076:INFO: Experiment Progress: 32.0% -- 166/519
2018-06-21 13:55:29,618:INFO: Experiment Progress: 32.2% -- 167/519
2018-06-21 13:55:38,867:INFO: Experiment Progress: 32.4% -- 168/519
2018-06-21 13:55:57,541:INFO: Experiment Progress: 32.6% -- 169/519
2018-06-21 13:56:25,818:INFO: Experiment Progress: 32.8% -- 170/519
2018-06-21 13:56:25,819:INFO: Experiment Progress: 32.9% -- 171/519
2018-06-21 13:56:34,666:INFO: Experiment Progress: 33.1% -- 172/519
2018-06-21 13:56:34,667:INFO: Experiment Progress: 33.3% -- 173/519
2018-06-21 13:56:34,667:INFO: Experiment Progress: 33.5% -- 174/519
2018-06-21 13:56:46,758:INFO: Experiment Progress: 33.7% -- 175/519
2018-06-21 13:57:01,146:INFO: Experiment Progress: 33.9% -- 176/519
2018-06-21 13:57:01,146:INFO: Experiment Progress: 34.1% -- 177/519
2018-06-21 13:57:01,146:INFO: Experiment Progress: 34.3% -- 178/519
2018-06-21 13:57:01,146:INFO: Experiment Progress: 34.5% -- 179/519
2018-06-21 13:57:17,303:INFO: Experiment Progress: 34.7% -- 180/519
2018-06-21 13:58:18,925:INFO: Experiment Progress: 34.9% -- 181/519
2018-06-21 13:59:04,486:INFO: Experiment Progress: 35.1% -- 182/519
2018-06-21 13:59:43,664:INFO: Experiment Progress: 35.3% -- 183/519
2018-06-21 13:59:50,427:INFO: Experiment Progress: 35.5% -- 184/519
2018-06-21 13:59:52,977:INFO: Experiment Progress: 35.6% -- 185/519
2018-06-21 13:59:53,101:INFO: Experiment Progress: 35.8% -- 186/519
2018-06-21 14:00:29,021:INFO: Experiment Progress: 36.0% -- 187/519
2018-06-21 14:00:33,115:INFO: Experiment Progress: 36.2% -- 188/519
2018-06-21 14:00:34,523:INFO: Experiment Progress: 36.4% -- 189/519
2018-06-21 14:00:40,352:INFO: Experiment Progress: 36.6% -- 190/519
2018-06-21 14:01:01,178:INFO: Experiment Progress: 36.8% -- 191/519
2018-06-21 14:01:05,286:INFO: Experiment Progress: 37.0% -- 192/519
2018-06-21 14:01:05,286:INFO: Experiment Progress: 37.2% -- 193/519
2018-06-21 14:01:08,378:INFO: Experiment Progress: 37.4% -- 194/519
2018-06-21 14:01:12,647:INFO: Experiment Progress: 37.6% -- 195/519
2018-06-21 14:01:35,595:INFO: Experiment Progress: 37.8% -- 196/519
2018-06-21 14:01:37,641:INFO: Experiment Progress: 38.0% -- 197/519
2018-06-21 14:01:46,485:INFO: Experiment Progress: 38.2% -- 198/519
2018-06-21 14:02:08,479:INFO: Experiment Progress: 38.3% -- 199/519
2018-06-21 14:02:11,811:INFO: Experiment Progress: 38.5% -- 200/519
2018-06-21 14:02:39,297:INFO: Experiment Progress: 38.7% -- 201/519
2018-06-21 14:02:39,890:INFO: Experiment Progress: 38.9% -- 202/519
2018-06-21 14:02:42,428:INFO: Experiment Progress: 39.1% -- 203/519
2018-06-21 14:02:44,635:INFO: Experiment Progress: 39.3% -- 204/519
2018-06-21 14:03:00,804:INFO: Experiment Progress: 39.5% -- 205/519
2018-06-21 14:03:00,805:INFO: Experiment Progress: 39.7% -- 206/519
2018-06-21 14:03:07,300:INFO: Experiment Progress: 39.9% -- 207/519
2018-06-21 14:03:10,407:INFO: Experiment Progress: 40.1% -- 208/519
2018-06-21 14:03:19,456:INFO: Experiment Progress: 40.3% -- 209/519
2018-06-21 14:03:27,933:INFO: Experiment Progress: 40.5% -- 210/519
2018-06-21 14:04:51,327:INFO: Experiment Progress: 40.7% -- 211/519
2018-06-21 14:05:17,128:INFO: Experiment Progress: 40.8% -- 212/519
2018-06-21 14:05:35,248:INFO: Experiment Progress: 41.0% -- 213/519
2018-06-21 14:05:43,747:INFO: Experiment Progress: 41.2% -- 214/519
2018-06-21 14:05:44,883:INFO: Experiment Progress: 41.4% -- 215/519
2018-06-21 14:05:45,899:INFO: Experiment Progress: 41.6% -- 216/519
2018-06-21 14:06:33,016:INFO: Experiment Progress: 41.8% -- 217/519
2018-06-21 14:06:36,531:INFO: Experiment Progress: 42.0% -- 218/519
2018-06-21 14:06:36,532:INFO: Experiment Progress: 42.2% -- 219/519
2018-06-21 14:06:36,532:INFO: Experiment Progress: 42.4% -- 220/519
2018-06-21 14:07:03,882:INFO: Experiment Progress: 42.6% -- 221/519
2018-06-21 14:07:09,047:INFO: Experiment Progress: 42.8% -- 222/519
2018-06-21 14:07:09,048:INFO: Experiment Progress: 43.0% -- 223/519
2018-06-21 14:07:11,920:INFO: Experiment Progress: 43.2% -- 224/519
2018-06-21 14:07:15,075:INFO: Experiment Progress: 43.4% -- 225/519
2018-06-21 14:07:45,426:INFO: Experiment Progress: 43.5% -- 226/519
2018-06-21 14:07:46,413:INFO: Experiment Progress: 43.7% -- 227/519
2018-06-21 14:07:54,298:INFO: Experiment Progress: 43.9% -- 228/519
2018-06-21 14:08:22,403:INFO: Experiment Progress: 44.1% -- 229/519
2018-06-21 14:08:22,403:INFO: Experiment Progress: 44.3% -- 230/519
2018-06-21 14:08:59,563:INFO: Experiment Progress: 44.5% -- 231/519
2018-06-21 14:09:04,344:INFO: Experiment Progress: 44.7% -- 232/519
2018-06-21 14:09:04,344:INFO: Experiment Progress: 44.9% -- 233/519
2018-06-21 14:09:05,444:INFO: Experiment Progress: 45.1% -- 234/519
2018-06-21 14:09:09,750:INFO: Experiment Progress: 45.3% -- 235/519
2018-06-21 14:09:24,180:INFO: Experiment Progress: 45.5% -- 236/519
2018-06-21 14:09:38,963:INFO: Experiment Progress: 45.7% -- 237/519
2018-06-21 14:09:38,964:INFO: Experiment Progress: 45.9% -- 238/519
2018-06-21 14:09:42,384:INFO: Experiment Progress: 46.1% -- 239/519
2018-06-21 14:09:46,645:INFO: Experiment Progress: 46.2% -- 240/519
2018-06-21 14:11:23,063:INFO: Experiment Progress: 46.4% -- 241/519
2018-06-21 14:11:30,561:INFO: Experiment Progress: 46.6% -- 242/519
2018-06-21 14:11:30,561:INFO: Experiment Progress: 46.8% -- 243/519
2018-06-21 14:11:30,562:INFO: Experiment Progress: 47.0% -- 244/519
2018-06-21 14:11:36,017:INFO: Experiment Progress: 47.2% -- 245/519
2018-06-21 14:11:36,017:INFO: Experiment Progress: 47.4% -- 246/519
2018-06-21 14:11:36,929:INFO: Experiment Progress: 47.6% -- 247/519
2018-06-21 14:12:30,483:INFO: Experiment Progress: 47.8% -- 248/519
2018-06-21 14:12:33,955:INFO: Experiment Progress: 48.0% -- 249/519
2018-06-21 14:12:52,527:INFO: Experiment Progress: 48.2% -- 250/519
2018-06-21 14:12:52,528:INFO: Experiment Progress: 48.4% -- 251/519
2018-06-21 14:13:05,236:INFO: Experiment Progress: 48.6% -- 252/519
2018-06-21 14:13:10,530:INFO: Experiment Progress: 48.7% -- 253/519
2018-06-21 14:13:10,530:INFO: Experiment Progress: 48.9% -- 254/519
2018-06-21 14:13:16,355:INFO: Experiment Progress: 49.1% -- 255/519
2018-06-21 14:13:51,462:INFO: Experiment Progress: 49.3% -- 256/519
2018-06-21 14:14:09,099:INFO: Experiment Progress: 49.5% -- 257/519
2018-06-21 14:14:09,100:INFO: Experiment Progress: 49.7% -- 258/519
2018-06-21 14:14:09,100:INFO: Experiment Progress: 49.9% -- 259/519
2018-06-21 14:14:09,100:INFO: Experiment Progress: 50.1% -- 260/519
2018-06-21 14:15:21,046:INFO: Experiment Progress: 50.3% -- 261/519
2018-06-21 14:15:21,047:INFO: Experiment Progress: 50.5% -- 262/519
2018-06-21 14:15:30,600:INFO: Experiment Progress: 50.7% -- 263/519
2018-06-21 14:15:31,407:INFO: Experiment Progress: 50.9% -- 264/519
2018-06-21 14:15:31,408:INFO: Experiment Progress: 51.1% -- 265/519
2018-06-21 14:15:34,346:INFO: Experiment Progress: 51.3% -- 266/519
2018-06-21 14:15:34,346:INFO: Experiment Progress: 51.4% -- 267/519
2018-06-21 14:16:02,987:INFO: Experiment Progress: 51.6% -- 268/519
2018-06-21 14:16:08,265:INFO: Experiment Progress: 51.8% -- 269/519
2018-06-21 14:16:12,164:INFO: Experiment Progress: 52.0% -- 270/519
2018-06-21 14:18:15,707:INFO: Experiment Progress: 52.2% -- 271/519
2018-06-21 14:18:15,708:INFO: Experiment Progress: 52.4% -- 272/519
2018-06-21 14:18:15,708:INFO: Experiment Progress: 52.6% -- 273/519
2018-06-21 14:18:15,708:INFO: Experiment Progress: 52.8% -- 274/519
2018-06-21 14:18:15,708:INFO: Experiment Progress: 53.0% -- 275/519
2018-06-21 14:18:15,708:INFO: Experiment Progress: 53.2% -- 276/519
2018-06-21 14:18:15,709:INFO: Experiment Progress: 53.4% -- 277/519
2018-06-21 14:18:15,709:INFO: Experiment Progress: 53.6% -- 278/519
2018-06-21 14:18:21,215:INFO: Experiment Progress: 53.8% -- 279/519
2018-06-21 14:18:21,216:INFO: Experiment Progress: 53.9% -- 280/519
2018-06-21 14:18:33,837:INFO: Experiment Progress: 54.1% -- 281/519
2018-06-21 14:18:39,432:INFO: Experiment Progress: 54.3% -- 282/519
2018-06-21 14:18:39,432:INFO: Experiment Progress: 54.5% -- 283/519
2018-06-21 14:19:04,196:INFO: Experiment Progress: 54.7% -- 284/519
2018-06-21 14:19:11,612:INFO: Experiment Progress: 54.9% -- 285/519
2018-06-21 14:19:17,298:INFO: Experiment Progress: 55.1% -- 286/519
2018-06-21 14:19:56,372:INFO: Experiment Progress: 55.3% -- 287/519
2018-06-21 14:19:56,619:INFO: Experiment Progress: 55.5% -- 288/519
2018-06-21 14:20:17,151:INFO: Experiment Progress: 55.7% -- 289/519
2018-06-21 14:20:17,562:INFO: Experiment Progress: 55.9% -- 290/519
2018-06-21 14:20:54,559:INFO: Experiment Progress: 56.1% -- 291/519
2018-06-21 14:21:17,916:INFO: Experiment Progress: 56.3% -- 292/519
2018-06-21 14:21:33,392:INFO: Experiment Progress: 56.5% -- 293/519
2018-06-21 14:21:33,393:INFO: Experiment Progress: 56.6% -- 294/519
2018-06-21 14:21:52,763:INFO: Experiment Progress: 56.8% -- 295/519
2018-06-21 14:21:54,212:INFO: Experiment Progress: 57.0% -- 296/519
2018-06-21 14:21:57,083:INFO: Experiment Progress: 57.2% -- 297/519
2018-06-21 14:22:17,409:INFO: Experiment Progress: 57.4% -- 298/519
2018-06-21 14:22:29,197:INFO: Experiment Progress: 57.6% -- 299/519
2018-06-21 14:22:35,708:INFO: Experiment Progress: 57.8% -- 300/519
2018-06-21 14:22:50,996:INFO: Experiment Progress: 58.0% -- 301/519
2018-06-21 14:23:09,779:INFO: Experiment Progress: 58.2% -- 302/519
2018-06-21 14:23:11,531:INFO: Experiment Progress: 58.4% -- 303/519
2018-06-21 14:23:20,404:INFO: Experiment Progress: 58.6% -- 304/519
2018-06-21 14:23:22,554:INFO: Experiment Progress: 58.8% -- 305/519
2018-06-21 14:23:29,099:INFO: Experiment Progress: 59.0% -- 306/519
2018-06-21 14:23:59,036:INFO: Experiment Progress: 59.2% -- 307/519
2018-06-21 14:23:59,036:INFO: Experiment Progress: 59.3% -- 308/519
2018-06-21 14:24:20,341:INFO: Experiment Progress: 59.5% -- 309/519
2018-06-21 14:24:50,373:INFO: Experiment Progress: 59.7% -- 310/519
2018-06-21 14:24:50,374:INFO: Experiment Progress: 59.9% -- 311/519
2018-06-21 14:24:50,374:INFO: Experiment Progress: 60.1% -- 312/519
2018-06-21 14:24:50,374:INFO: Experiment Progress: 60.3% -- 313/519
2018-06-21 14:25:17,011:INFO: Experiment Progress: 60.5% -- 314/519
2018-06-21 14:25:17,011:INFO: Experiment Progress: 60.7% -- 315/519
2018-06-21 14:25:17,992:INFO: Experiment Progress: 60.9% -- 316/519
2018-06-21 14:25:58,216:INFO: Experiment Progress: 61.1% -- 317/519
2018-06-21 14:25:58,217:INFO: Experiment Progress: 61.3% -- 318/519
2018-06-21 14:26:29,572:INFO: Experiment Progress: 61.5% -- 319/519
2018-06-21 14:26:29,573:INFO: Experiment Progress: 61.7% -- 320/519
2018-06-21 14:27:16,349:INFO: Experiment Progress: 61.8% -- 321/519
2018-06-21 14:27:41,719:INFO: Experiment Progress: 62.0% -- 322/519
2018-06-21 14:27:47,026:INFO: Experiment Progress: 62.2% -- 323/519
2018-06-21 14:27:49,177:INFO: Experiment Progress: 62.4% -- 324/519
2018-06-21 14:28:25,378:INFO: Experiment Progress: 62.6% -- 325/519
2018-06-21 14:28:25,379:INFO: Experiment Progress: 62.8% -- 326/519
2018-06-21 14:28:25,379:INFO: Experiment Progress: 63.0% -- 327/519
2018-06-21 14:28:28,136:INFO: Experiment Progress: 63.2% -- 328/519
2018-06-21 14:28:42,329:INFO: Experiment Progress: 63.4% -- 329/519
2018-06-21 14:29:00,825:INFO: Experiment Progress: 63.6% -- 330/519
2018-06-21 14:29:00,825:INFO: Experiment Progress: 63.8% -- 331/519
2018-06-21 14:29:37,421:INFO: Experiment Progress: 64.0% -- 332/519
2018-06-21 14:29:37,421:INFO: Experiment Progress: 64.2% -- 333/519
2018-06-21 14:29:37,422:INFO: Experiment Progress: 64.4% -- 334/519
2018-06-21 14:29:37,422:INFO: Experiment Progress: 64.5% -- 335/519
2018-06-21 14:29:37,422:INFO: Experiment Progress: 64.7% -- 336/519
2018-06-21 14:29:47,783:INFO: Experiment Progress: 64.9% -- 337/519
2018-06-21 14:30:14,319:INFO: Experiment Progress: 65.1% -- 338/519
2018-06-21 14:30:24,683:INFO: Experiment Progress: 65.3% -- 339/519
2018-06-21 14:30:33,471:INFO: Experiment Progress: 65.5% -- 340/519
2018-06-21 14:30:50,631:INFO: Experiment Progress: 65.7% -- 341/519
2018-06-21 14:30:50,631:INFO: Experiment Progress: 65.9% -- 342/519
2018-06-21 14:31:25,877:INFO: Experiment Progress: 66.1% -- 343/519
2018-06-21 14:31:25,877:INFO: Experiment Progress: 66.3% -- 344/519
2018-06-21 14:31:25,878:INFO: Experiment Progress: 66.5% -- 345/519
2018-06-21 14:31:31,171:INFO: Experiment Progress: 66.7% -- 346/519
2018-06-21 14:31:39,945:INFO: Experiment Progress: 66.9% -- 347/519
2018-06-21 14:32:13,209:INFO: Experiment Progress: 67.1% -- 348/519
2018-06-21 14:32:38,401:INFO: Experiment Progress: 67.2% -- 349/519
2018-06-21 14:32:44,571:INFO: Experiment Progress: 67.4% -- 350/519
2018-06-21 14:33:40,515:INFO: Experiment Progress: 67.6% -- 351/519
2018-06-21 14:34:04,335:INFO: Experiment Progress: 67.8% -- 352/519
2018-06-21 14:34:11,501:INFO: Experiment Progress: 68.0% -- 353/519
2018-06-21 14:34:11,501:INFO: Experiment Progress: 68.2% -- 354/519
2018-06-21 14:34:22,676:INFO: Experiment Progress: 68.4% -- 355/519
2018-06-21 14:34:46,092:INFO: Experiment Progress: 68.6% -- 356/519
2018-06-21 14:34:49,613:INFO: Experiment Progress: 68.8% -- 357/519
2018-06-21 14:34:50,688:INFO: Experiment Progress: 69.0% -- 358/519
2018-06-21 14:34:53,835:INFO: Experiment Progress: 69.2% -- 359/519
2018-06-21 14:34:53,835:INFO: Experiment Progress: 69.4% -- 360/519
2018-06-21 14:35:26,491:INFO: Experiment Progress: 69.6% -- 361/519
2018-06-21 14:35:26,492:INFO: Experiment Progress: 69.7% -- 362/519
2018-06-21 14:35:26,492:INFO: Experiment Progress: 69.9% -- 363/519
2018-06-21 14:35:26,492:INFO: Experiment Progress: 70.1% -- 364/519
2018-06-21 14:35:29,175:INFO: Experiment Progress: 70.3% -- 365/519
2018-06-21 14:35:29,175:INFO: Experiment Progress: 70.5% -- 366/519
2018-06-21 14:35:42,312:INFO: Experiment Progress: 70.7% -- 367/519
2018-06-21 14:36:27,979:INFO: Experiment Progress: 70.9% -- 368/519
2018-06-21 14:36:29,915:INFO: Experiment Progress: 71.1% -- 369/519
2018-06-21 14:36:33,097:INFO: Experiment Progress: 71.3% -- 370/519
2018-06-21 14:36:42,745:INFO: Experiment Progress: 71.5% -- 371/519
2018-06-21 14:36:42,746:INFO: Experiment Progress: 71.7% -- 372/519
2018-06-21 14:37:12,941:INFO: Experiment Progress: 71.9% -- 373/519
2018-06-21 14:37:16,444:INFO: Experiment Progress: 72.1% -- 374/519
2018-06-21 14:38:02,123:INFO: Experiment Progress: 72.3% -- 375/519
2018-06-21 14:38:02,124:INFO: Experiment Progress: 72.4% -- 376/519
2018-06-21 14:38:02,124:INFO: Experiment Progress: 72.6% -- 377/519
2018-06-21 14:38:19,299:INFO: Experiment Progress: 72.8% -- 378/519
2018-06-21 14:38:48,045:INFO: Experiment Progress: 73.0% -- 379/519
2018-06-21 14:38:55,586:INFO: Experiment Progress: 73.2% -- 380/519
2018-06-21 14:40:05,901:INFO: Experiment Progress: 73.4% -- 381/519
2018-06-21 14:40:16,482:INFO: Experiment Progress: 73.6% -- 382/519
2018-06-21 14:40:25,478:INFO: Experiment Progress: 73.8% -- 383/519
2018-06-21 14:40:38,989:INFO: Experiment Progress: 74.0% -- 384/519
2018-06-21 14:40:41,268:INFO: Experiment Progress: 74.2% -- 385/519
2018-06-21 14:41:08,184:INFO: Experiment Progress: 74.4% -- 386/519
2018-06-21 14:41:08,185:INFO: Experiment Progress: 74.6% -- 387/519
2018-06-21 14:41:18,020:INFO: Experiment Progress: 74.8% -- 388/519
2018-06-21 14:41:18,325:INFO: Experiment Progress: 75.0% -- 389/519
2018-06-21 14:41:18,325:INFO: Experiment Progress: 75.1% -- 390/519
2018-06-21 14:41:19,118:INFO: Experiment Progress: 75.3% -- 391/519
2018-06-21 14:41:19,118:INFO: Experiment Progress: 75.5% -- 392/519
2018-06-21 14:41:19,118:INFO: Experiment Progress: 75.7% -- 393/519
2018-06-21 14:41:47,497:INFO: Experiment Progress: 75.9% -- 394/519
2018-06-21 14:41:51,449:INFO: Experiment Progress: 76.1% -- 395/519
2018-06-21 14:41:51,449:INFO: Experiment Progress: 76.3% -- 396/519
2018-06-21 14:42:04,211:INFO: Experiment Progress: 76.5% -- 397/519
2018-06-21 14:42:38,171:INFO: Experiment Progress: 76.7% -- 398/519
2018-06-21 14:42:38,171:INFO: Experiment Progress: 76.9% -- 399/519
2018-06-21 14:42:38,172:INFO: Experiment Progress: 77.1% -- 400/519
2018-06-21 14:42:38,172:INFO: Experiment Progress: 77.3% -- 401/519
2018-06-21 14:42:44,631:INFO: Experiment Progress: 77.5% -- 402/519
2018-06-21 14:43:15,799:INFO: Experiment Progress: 77.6% -- 403/519
2018-06-21 14:43:15,799:INFO: Experiment Progress: 77.8% -- 404/519
2018-06-21 14:43:21,016:INFO: Experiment Progress: 78.0% -- 405/519
2018-06-21 14:43:33,220:INFO: Experiment Progress: 78.2% -- 406/519
2018-06-21 14:44:38,785:INFO: Experiment Progress: 78.4% -- 407/519
2018-06-21 14:44:38,786:INFO: Experiment Progress: 78.6% -- 408/519
2018-06-21 14:44:57,630:INFO: Experiment Progress: 78.8% -- 409/519
2018-06-21 14:45:06,373:INFO: Experiment Progress: 79.0% -- 410/519
2018-06-21 14:46:33,150:INFO: Experiment Progress: 79.2% -- 411/519
2018-06-21 14:46:33,151:INFO: Experiment Progress: 79.4% -- 412/519
2018-06-21 14:46:37,406:INFO: Experiment Progress: 79.6% -- 413/519
2018-06-21 14:47:07,698:INFO: Experiment Progress: 79.8% -- 414/519
2018-06-21 14:47:08,330:INFO: Experiment Progress: 80.0% -- 415/519
2018-06-21 14:47:08,330:INFO: Experiment Progress: 80.2% -- 416/519
2018-06-21 14:47:08,331:INFO: Experiment Progress: 80.3% -- 417/519
2018-06-21 14:47:08,331:INFO: Experiment Progress: 80.5% -- 418/519
2018-06-21 14:47:08,331:INFO: Experiment Progress: 80.7% -- 419/519
2018-06-21 14:47:16,786:INFO: Experiment Progress: 80.9% -- 420/519
2018-06-21 14:47:45,622:INFO: Experiment Progress: 81.1% -- 421/519
2018-06-21 14:47:46,536:INFO: Experiment Progress: 81.3% -- 422/519
2018-06-21 14:47:47,532:INFO: Experiment Progress: 81.5% -- 423/519
2018-06-21 14:47:47,532:INFO: Experiment Progress: 81.7% -- 424/519
2018-06-21 14:48:10,941:INFO: Experiment Progress: 81.9% -- 425/519
2018-06-21 14:48:10,941:INFO: Experiment Progress: 82.1% -- 426/519
2018-06-21 14:48:29,916:INFO: Experiment Progress: 82.3% -- 427/519
2018-06-21 14:48:39,124:INFO: Experiment Progress: 82.5% -- 428/519
2018-06-21 14:48:39,124:INFO: Experiment Progress: 82.7% -- 429/519
2018-06-21 14:48:47,150:INFO: Experiment Progress: 82.9% -- 430/519
2018-06-21 14:48:48,693:INFO: Experiment Progress: 83.0% -- 431/519
2018-06-21 14:48:49,128:INFO: Experiment Progress: 83.2% -- 432/519
2018-06-21 14:48:49,641:INFO: Experiment Progress: 83.4% -- 433/519
2018-06-21 14:49:18,683:INFO: Experiment Progress: 83.6% -- 434/519
2018-06-21 14:49:18,683:INFO: Experiment Progress: 83.8% -- 435/519
2018-06-21 14:49:35,014:INFO: Experiment Progress: 84.0% -- 436/519
2018-06-21 14:50:37,480:INFO: Experiment Progress: 84.2% -- 437/519
2018-06-21 14:51:13,518:INFO: Experiment Progress: 84.4% -- 438/519
2018-06-21 14:51:13,518:INFO: Experiment Progress: 84.6% -- 439/519
2018-06-21 14:51:15,281:INFO: Experiment Progress: 84.8% -- 440/519
2018-06-21 14:53:00,123:INFO: Experiment Progress: 85.0% -- 441/519
2018-06-21 14:53:00,542:INFO: Experiment Progress: 85.2% -- 442/519
2018-06-21 14:53:00,543:INFO: Experiment Progress: 85.4% -- 443/519
2018-06-21 14:53:00,543:INFO: Experiment Progress: 85.5% -- 444/519
2018-06-21 14:53:00,543:INFO: Experiment Progress: 85.7% -- 445/519
2018-06-21 14:53:00,543:INFO: Experiment Progress: 85.9% -- 446/519
2018-06-21 14:53:00,855:INFO: Experiment Progress: 86.1% -- 447/519
2018-06-21 14:53:34,736:INFO: Experiment Progress: 86.3% -- 448/519
2018-06-21 14:53:35,812:INFO: Experiment Progress: 86.5% -- 449/519
2018-06-21 14:53:40,364:INFO: Experiment Progress: 86.7% -- 450/519
2018-06-21 14:53:40,364:INFO: Experiment Progress: 86.9% -- 451/519
2018-06-21 14:54:08,390:INFO: Experiment Progress: 87.1% -- 452/519
2018-06-21 14:54:16,073:INFO: Experiment Progress: 87.3% -- 453/519
2018-06-21 14:54:16,638:INFO: Experiment Progress: 87.5% -- 454/519
2018-06-21 14:54:21,997:INFO: Experiment Progress: 87.7% -- 455/519
2018-06-21 14:54:32,199:INFO: Experiment Progress: 87.9% -- 456/519
2018-06-21 14:54:56,954:INFO: Experiment Progress: 88.1% -- 457/519
2018-06-21 14:54:56,954:INFO: Experiment Progress: 88.2% -- 458/519
2018-06-21 14:54:56,955:INFO: Experiment Progress: 88.4% -- 459/519
2018-06-21 14:54:57,751:INFO: Experiment Progress: 88.6% -- 460/519
2018-06-21 14:54:59,199:INFO: Experiment Progress: 88.8% -- 461/519
2018-06-21 14:54:59,199:INFO: Experiment Progress: 89.0% -- 462/519
2018-06-21 14:54:59,200:INFO: Experiment Progress: 89.2% -- 463/519
2018-06-21 14:55:03,660:INFO: Experiment Progress: 89.4% -- 464/519
2018-06-21 14:55:22,375:INFO: Experiment Progress: 89.6% -- 465/519
2018-06-21 14:55:36,624:INFO: Experiment Progress: 89.8% -- 466/519
2018-06-21 14:56:58,595:INFO: Experiment Progress: 90.0% -- 467/519
2018-06-21 14:57:14,485:INFO: Experiment Progress: 90.2% -- 468/519
2018-06-21 14:57:45,002:INFO: Experiment Progress: 90.4% -- 469/519
2018-06-21 14:57:45,002:INFO: Experiment Progress: 90.6% -- 470/519
2018-06-21 14:58:16,301:INFO: Experiment Progress: 90.8% -- 471/519
2018-06-21 14:58:37,609:INFO: Experiment Progress: 90.9% -- 472/519
2018-06-21 14:58:37,610:INFO: Experiment Progress: 91.1% -- 473/519
2018-06-21 14:59:12,193:INFO: Experiment Progress: 91.3% -- 474/519
2018-06-21 14:59:33,185:INFO: Experiment Progress: 91.5% -- 475/519
2018-06-21 14:59:33,186:INFO: Experiment Progress: 91.7% -- 476/519
2018-06-21 14:59:33,186:INFO: Experiment Progress: 91.9% -- 477/519
2018-06-21 14:59:33,186:INFO: Experiment Progress: 92.1% -- 478/519
2018-06-21 14:59:57,870:INFO: Experiment Progress: 92.3% -- 479/519
2018-06-21 14:59:59,487:INFO: Experiment Progress: 92.5% -- 480/519
2018-06-21 15:00:05,241:INFO: Experiment Progress: 92.7% -- 481/519
2018-06-21 15:00:18,027:INFO: Experiment Progress: 92.9% -- 482/519
2018-06-21 15:00:42,669:INFO: Experiment Progress: 93.1% -- 483/519
2018-06-21 15:00:42,669:INFO: Experiment Progress: 93.3% -- 484/519
2018-06-21 15:00:44,484:INFO: Experiment Progress: 93.4% -- 485/519
2018-06-21 15:00:55,242:INFO: Experiment Progress: 93.6% -- 486/519
2018-06-21 15:00:55,243:INFO: Experiment Progress: 93.8% -- 487/519
2018-06-21 15:00:55,243:INFO: Experiment Progress: 94.0% -- 488/519
2018-06-21 15:00:55,243:INFO: Experiment Progress: 94.2% -- 489/519
2018-06-21 15:00:55,957:INFO: Experiment Progress: 94.4% -- 490/519
2018-06-21 15:01:23,854:INFO: Experiment Progress: 94.6% -- 491/519
2018-06-21 15:01:23,855:INFO: Experiment Progress: 94.8% -- 492/519
2018-06-21 15:01:23,855:INFO: Experiment Progress: 95.0% -- 493/519
2018-06-21 15:01:23,855:INFO: Experiment Progress: 95.2% -- 494/519
2018-06-21 15:01:24,069:INFO: Experiment Progress: 95.4% -- 495/519
2018-06-21 15:01:39,442:INFO: Experiment Progress: 95.6% -- 496/519
2018-06-21 15:03:05,402:INFO: Experiment Progress: 95.8% -- 497/519
2018-06-21 15:03:19,929:INFO: Experiment Progress: 96.0% -- 498/519
2018-06-21 15:03:33,850:INFO: Experiment Progress: 96.1% -- 499/519
2018-06-21 15:04:14,494:INFO: Experiment Progress: 96.3% -- 500/519
2018-06-21 15:04:20,320:INFO: Experiment Progress: 96.5% -- 501/519
2018-06-21 15:04:26,040:INFO: Experiment Progress: 96.7% -- 502/519
2018-06-21 15:04:27,329:INFO: Experiment Progress: 96.9% -- 503/519
2018-06-21 15:04:57,685:INFO: Experiment Progress: 97.1% -- 504/519
2018-06-21 15:05:18,960:INFO: Experiment Progress: 97.3% -- 505/519
2018-06-21 15:05:46,797:INFO: Experiment Progress: 97.5% -- 506/519
2018-06-21 15:05:46,798:INFO: Experiment Progress: 97.7% -- 507/519
2018-06-21 15:05:46,927:INFO: Experiment Progress: 97.9% -- 508/519
2018-06-21 15:06:19,239:INFO: Experiment Progress: 98.1% -- 509/519
2018-06-21 15:06:19,240:INFO: Experiment Progress: 98.3% -- 510/519
2018-06-21 15:06:19,240:INFO: Experiment Progress: 98.5% -- 511/519
2018-06-21 15:06:31,647:INFO: Experiment Progress: 98.7% -- 512/519
2018-06-21 15:06:32,609:INFO: Experiment Progress: 98.8% -- 513/519
2018-06-21 15:06:52,450:INFO: Experiment Progress: 99.0% -- 514/519
2018-06-21 15:06:52,450:INFO: Experiment Progress: 99.2% -- 515/519
2018-06-21 15:06:52,450:INFO: Experiment Progress: 99.4% -- 516/519
2018-06-21 15:06:52,450:INFO: Experiment Progress: 99.6% -- 517/519
2018-06-21 15:06:52,450:INFO: Experiment Progress: 99.8% -- 518/519
2018-06-21 15:06:58,204:INFO: Experiment Progress: 100.0% -- 519/519
