2018-09-28 14:54:08,812:INFO: Disease Protein Prediction in the PPI Network
2018-09-28 14:54:08,812:INFO: Sabri Eyuboglu  -- SNAP Group
2018-09-28 14:54:08,812:INFO: ======================================
2018-09-28 14:54:08,812:INFO: Loading PPI Network...
2018-09-28 14:54:17,506:INFO: Loading Disease Associations...
2018-09-28 14:54:17,597:INFO: Running Experiment...
2018-09-28 14:56:09,909:INFO: Disease Protein Prediction in the PPI Network
2018-09-28 14:56:09,910:INFO: Sabri Eyuboglu  -- SNAP Group
2018-09-28 14:56:09,910:INFO: ======================================
2018-09-28 14:56:09,910:INFO: Loading PPI Network...
2018-09-28 14:56:17,793:INFO: Loading Disease Associations...
2018-09-28 14:56:17,882:INFO: Running Experiment...
2018-09-28 15:08:32,691:INFO: Disease Protein Prediction in the PPI Network
2018-09-28 15:08:32,691:INFO: Sabri Eyuboglu  -- SNAP Group
2018-09-28 15:08:32,691:INFO: ======================================
2018-09-28 15:08:32,691:INFO: Loading PPI Network...
2018-09-28 15:08:59,849:INFO: Loading Disease Associations...
2018-09-28 15:08:59,956:INFO: Running Experiment...
2018-09-28 15:09:29,511:INFO: Disease Protein Prediction in the PPI Network
2018-09-28 15:09:29,511:INFO: Sabri Eyuboglu  -- SNAP Group
2018-09-28 15:09:29,511:INFO: ======================================
2018-09-28 15:09:29,511:INFO: Loading PPI Network...
2018-09-28 15:09:56,238:INFO: Loading Disease Associations...
2018-09-28 15:09:56,592:INFO: Running Experiment...
2018-09-28 15:16:10,013:INFO: Disease Protein Prediction in the PPI Network
2018-09-28 15:16:10,014:INFO: Sabri Eyuboglu  -- SNAP Group
2018-09-28 15:16:10,014:INFO: ======================================
2018-09-28 15:16:10,014:INFO: Loading PPI Network...
2018-09-28 15:17:11,214:INFO: Loading Disease Associations...
2018-09-28 15:17:12,044:INFO: Running Experiment...
2018-09-28 15:17:41,666:INFO: Disease Protein Prediction in the PPI Network
2018-09-28 15:17:41,666:INFO: Sabri Eyuboglu  -- SNAP Group
2018-09-28 15:17:41,666:INFO: ======================================
2018-09-28 15:17:41,666:INFO: Loading PPI Network...
2018-09-28 15:18:48,873:INFO: Loading Disease Associations...
2018-09-28 15:18:49,059:INFO: Running Experiment...
2018-09-28 15:36:18,103:INFO: Disease Protein Prediction in the PPI Network
2018-09-28 15:36:18,103:INFO: Sabri Eyuboglu  -- SNAP Group
2018-09-28 15:36:18,103:INFO: ======================================
2018-09-28 15:36:18,103:INFO: Loading PPI Network...
2018-09-28 15:36:25,896:INFO: Loading Disease Associations...
2018-09-28 15:36:25,986:INFO: Running Experiment...
2018-09-28 15:37:05,111:INFO: Disease Protein Prediction in the PPI Network
2018-09-28 15:37:05,111:INFO: Sabri Eyuboglu  -- SNAP Group
2018-09-28 15:37:05,111:INFO: ======================================
2018-09-28 15:37:05,111:INFO: Loading PPI Network...
2018-09-28 15:37:12,627:INFO: Loading Disease Associations...
2018-09-28 15:37:12,714:INFO: Running Experiment...
2018-09-28 15:37:27,346:INFO: Disease Protein Prediction in the PPI Network
2018-09-28 15:37:27,346:INFO: Sabri Eyuboglu  -- SNAP Group
2018-09-28 15:37:27,346:INFO: ======================================
2018-09-28 15:37:27,346:INFO: Loading PPI Network...
2018-09-28 15:37:35,122:INFO: Loading Disease Associations...
2018-09-28 15:37:35,205:INFO: Running Experiment...
