2018-05-23 13:03:04,988:INFO: Disease Protein Prediction in the PPI Network
2018-05-23 13:03:04,988:INFO: Sabri Eyuboglu  -- SNAP Group
2018-05-23 13:03:04,988:INFO: ======================================
2018-05-23 13:03:04,988:INFO: Loading PPI Network...
2018-05-23 13:03:18,582:INFO: Loading Disease Associations...
2018-05-23 13:03:18,617:INFO: Loading PPI Matrix...
2018-05-23 13:03:51,852:INFO: Running Experiment...
2018-05-23 13:03:51,889:INFO: Experiment Progress: 0.0% -- 0/519
2018-05-23 13:03:52,832:INFO: Experiment Progress: 0.2% -- 1/519
2018-05-23 13:03:53,432:INFO: Experiment Progress: 0.4% -- 2/519
2018-05-23 13:03:53,898:INFO: Experiment Progress: 0.6% -- 3/519
2018-05-23 13:03:55,029:INFO: Experiment Progress: 0.8% -- 4/519
2018-05-23 13:03:55,548:INFO: Experiment Progress: 1.0% -- 5/519
2018-05-23 13:03:56,036:INFO: Experiment Progress: 1.2% -- 6/519
2018-05-23 13:03:56,480:INFO: Experiment Progress: 1.3% -- 7/519
2018-05-23 13:03:57,080:INFO: Experiment Progress: 1.5% -- 8/519
2018-05-23 13:03:58,607:INFO: Experiment Progress: 1.7% -- 9/519
2018-05-23 13:03:59,019:INFO: Experiment Progress: 1.9% -- 10/519
2018-05-23 13:04:01,893:INFO: Experiment Progress: 2.1% -- 11/519
2018-05-23 13:04:02,352:INFO: Experiment Progress: 2.3% -- 12/519
2018-05-23 13:04:02,937:INFO: Experiment Progress: 2.5% -- 13/519
2018-05-23 13:04:03,504:INFO: Experiment Progress: 2.7% -- 14/519
2018-05-23 13:04:03,915:INFO: Experiment Progress: 2.9% -- 15/519
2018-05-23 13:04:04,405:INFO: Experiment Progress: 3.1% -- 16/519
2018-05-23 13:04:04,859:INFO: Experiment Progress: 3.3% -- 17/519
2018-05-23 13:04:06,286:INFO: Experiment Progress: 3.5% -- 18/519
2018-05-23 13:04:06,729:INFO: Experiment Progress: 3.7% -- 19/519
2018-05-23 13:04:08,204:INFO: Experiment Progress: 3.9% -- 20/519
2018-05-23 13:04:09,908:INFO: Experiment Progress: 4.0% -- 21/519
2018-05-23 13:04:10,573:INFO: Experiment Progress: 4.2% -- 22/519
2018-05-23 13:04:11,053:INFO: Experiment Progress: 4.4% -- 23/519
2018-05-23 13:04:11,380:INFO: Experiment Progress: 4.6% -- 24/519
2018-05-23 13:04:11,833:INFO: Experiment Progress: 4.8% -- 25/519
2018-05-23 13:04:12,369:INFO: Experiment Progress: 5.0% -- 26/519
2018-05-23 13:04:12,857:INFO: Experiment Progress: 5.2% -- 27/519
2018-05-23 13:04:13,512:INFO: Experiment Progress: 5.4% -- 28/519
2018-05-23 13:04:14,263:INFO: Experiment Progress: 5.6% -- 29/519
2018-05-23 13:04:14,760:INFO: Experiment Progress: 5.8% -- 30/519
2018-05-23 13:04:15,141:INFO: Experiment Progress: 6.0% -- 31/519
2018-05-23 13:04:15,810:INFO: Experiment Progress: 6.2% -- 32/519
2018-05-23 13:04:16,547:INFO: Experiment Progress: 6.4% -- 33/519
2018-05-23 13:04:16,983:INFO: Experiment Progress: 6.6% -- 34/519
2018-05-23 13:04:17,573:INFO: Experiment Progress: 6.7% -- 35/519
2018-05-23 13:04:17,765:INFO: Experiment Progress: 6.9% -- 36/519
2018-05-23 13:04:18,203:INFO: Experiment Progress: 7.1% -- 37/519
2018-05-23 13:04:18,595:INFO: Experiment Progress: 7.3% -- 38/519
2018-05-23 13:04:19,013:INFO: Experiment Progress: 7.5% -- 39/519
2018-05-23 13:04:19,561:INFO: Experiment Progress: 7.7% -- 40/519
2018-05-23 13:04:20,159:INFO: Experiment Progress: 7.9% -- 41/519
2018-05-23 13:04:20,761:INFO: Experiment Progress: 8.1% -- 42/519
2018-05-23 13:04:21,458:INFO: Experiment Progress: 8.3% -- 43/519
2018-05-23 13:04:22,620:INFO: Experiment Progress: 8.5% -- 44/519
2018-05-23 13:04:23,092:INFO: Experiment Progress: 8.7% -- 45/519
2018-05-23 13:04:23,542:INFO: Experiment Progress: 8.9% -- 46/519
2018-05-23 13:04:24,449:INFO: Experiment Progress: 9.1% -- 47/519
2018-05-23 13:04:24,635:INFO: Experiment Progress: 9.2% -- 48/519
2018-05-23 13:04:25,513:INFO: Experiment Progress: 9.4% -- 49/519
2018-05-23 13:04:26,057:INFO: Experiment Progress: 9.6% -- 50/519
2018-05-23 13:04:26,625:INFO: Experiment Progress: 9.8% -- 51/519
2018-05-23 13:04:27,365:INFO: Experiment Progress: 10.0% -- 52/519
2018-05-23 13:04:28,151:INFO: Experiment Progress: 10.2% -- 53/519
2018-05-23 13:04:28,669:INFO: Experiment Progress: 10.4% -- 54/519
2018-05-23 13:04:29,247:INFO: Experiment Progress: 10.6% -- 55/519
2018-05-23 13:04:29,612:INFO: Experiment Progress: 10.8% -- 56/519
2018-05-23 13:04:30,003:INFO: Experiment Progress: 11.0% -- 57/519
2018-05-23 13:04:30,482:INFO: Experiment Progress: 11.2% -- 58/519
2018-05-23 13:04:31,169:INFO: Experiment Progress: 11.4% -- 59/519
2018-05-23 13:04:31,522:INFO: Experiment Progress: 11.6% -- 60/519
2018-05-23 13:04:32,078:INFO: Experiment Progress: 11.8% -- 61/519
2018-05-23 13:04:32,789:INFO: Experiment Progress: 11.9% -- 62/519
2018-05-23 13:04:33,283:INFO: Experiment Progress: 12.1% -- 63/519
2018-05-23 13:04:33,767:INFO: Experiment Progress: 12.3% -- 64/519
2018-05-23 13:04:34,395:INFO: Experiment Progress: 12.5% -- 65/519
2018-05-23 13:04:34,913:INFO: Experiment Progress: 12.7% -- 66/519
2018-05-23 13:04:35,362:INFO: Experiment Progress: 12.9% -- 67/519
2018-05-23 13:04:36,419:INFO: Experiment Progress: 13.1% -- 68/519
2018-05-23 13:04:37,019:INFO: Experiment Progress: 13.3% -- 69/519
2018-05-23 13:04:38,161:INFO: Experiment Progress: 13.5% -- 70/519
2018-05-23 13:04:39,615:INFO: Experiment Progress: 13.7% -- 71/519
2018-05-23 13:04:40,132:INFO: Experiment Progress: 13.9% -- 72/519
2018-05-23 13:04:40,763:INFO: Experiment Progress: 14.1% -- 73/519
2018-05-23 13:04:41,300:INFO: Experiment Progress: 14.3% -- 74/519
2018-05-23 13:04:41,722:INFO: Experiment Progress: 14.5% -- 75/519
2018-05-23 13:04:42,202:INFO: Experiment Progress: 14.6% -- 76/519
2018-05-23 13:04:42,662:INFO: Experiment Progress: 14.8% -- 77/519
2018-05-23 13:04:44,275:INFO: Experiment Progress: 15.0% -- 78/519
2018-05-23 13:04:44,911:INFO: Experiment Progress: 15.2% -- 79/519
2018-05-23 13:04:45,941:INFO: Experiment Progress: 15.4% -- 80/519
2018-05-23 13:04:46,715:INFO: Experiment Progress: 15.6% -- 81/519
2018-05-23 13:04:47,187:INFO: Experiment Progress: 15.8% -- 82/519
2018-05-23 13:04:47,780:INFO: Experiment Progress: 16.0% -- 83/519
2018-05-23 13:04:48,506:INFO: Experiment Progress: 16.2% -- 84/519
2018-05-23 13:04:49,084:INFO: Experiment Progress: 16.4% -- 85/519
2018-05-23 13:04:49,628:INFO: Experiment Progress: 16.6% -- 86/519
2018-05-23 13:04:50,076:INFO: Experiment Progress: 16.8% -- 87/519
2018-05-23 13:04:50,630:INFO: Experiment Progress: 17.0% -- 88/519
2018-05-23 13:04:50,976:INFO: Experiment Progress: 17.1% -- 89/519
2018-05-23 13:04:51,412:INFO: Experiment Progress: 17.3% -- 90/519
2018-05-23 13:04:51,693:INFO: Experiment Progress: 17.5% -- 91/519
2018-05-23 13:04:54,250:INFO: Experiment Progress: 17.7% -- 92/519
2018-05-23 13:04:54,676:INFO: Experiment Progress: 17.9% -- 93/519
2018-05-23 13:04:55,073:INFO: Experiment Progress: 18.1% -- 94/519
2018-05-23 13:04:55,840:INFO: Experiment Progress: 18.3% -- 95/519
2018-05-23 13:04:56,263:INFO: Experiment Progress: 18.5% -- 96/519
2018-05-23 13:04:58,215:INFO: Experiment Progress: 18.7% -- 97/519
2018-05-23 13:04:58,669:INFO: Experiment Progress: 18.9% -- 98/519
2018-05-23 13:04:59,207:INFO: Experiment Progress: 19.1% -- 99/519
2018-05-23 13:04:59,687:INFO: Experiment Progress: 19.3% -- 100/519
2018-05-23 13:05:00,127:INFO: Experiment Progress: 19.5% -- 101/519
2018-05-23 13:05:00,575:INFO: Experiment Progress: 19.7% -- 102/519
2018-05-23 13:05:00,918:INFO: Experiment Progress: 19.8% -- 103/519
2018-05-23 13:05:03,018:INFO: Experiment Progress: 20.0% -- 104/519
2018-05-23 13:05:03,564:INFO: Experiment Progress: 20.2% -- 105/519
2018-05-23 13:05:04,229:INFO: Experiment Progress: 20.4% -- 106/519
2018-05-23 13:05:04,718:INFO: Experiment Progress: 20.6% -- 107/519
2018-05-23 13:05:05,138:INFO: Experiment Progress: 20.8% -- 108/519
2018-05-23 13:05:05,570:INFO: Experiment Progress: 21.0% -- 109/519
2018-05-23 13:05:06,128:INFO: Experiment Progress: 21.2% -- 110/519
2018-05-23 13:05:06,571:INFO: Experiment Progress: 21.4% -- 111/519
2018-05-23 13:05:07,892:INFO: Experiment Progress: 21.6% -- 112/519
2018-05-23 13:05:08,402:INFO: Experiment Progress: 21.8% -- 113/519
2018-05-23 13:05:09,915:INFO: Experiment Progress: 22.0% -- 114/519
2018-05-23 13:05:10,332:INFO: Experiment Progress: 22.2% -- 115/519
2018-05-23 13:05:11,134:INFO: Experiment Progress: 22.4% -- 116/519
2018-05-23 13:05:11,739:INFO: Experiment Progress: 22.5% -- 117/519
2018-05-23 13:05:12,141:INFO: Experiment Progress: 22.7% -- 118/519
2018-05-23 13:05:12,533:INFO: Experiment Progress: 22.9% -- 119/519
2018-05-23 13:05:13,051:INFO: Experiment Progress: 23.1% -- 120/519
2018-05-23 13:05:18,879:INFO: Experiment Progress: 23.3% -- 121/519
2018-05-23 13:05:19,351:INFO: Experiment Progress: 23.5% -- 122/519
2018-05-23 13:05:19,767:INFO: Experiment Progress: 23.7% -- 123/519
2018-05-23 13:05:20,467:INFO: Experiment Progress: 23.9% -- 124/519
2018-05-23 13:05:21,330:INFO: Experiment Progress: 24.1% -- 125/519
2018-05-23 13:05:21,748:INFO: Experiment Progress: 24.3% -- 126/519
2018-05-23 13:05:22,298:INFO: Experiment Progress: 24.5% -- 127/519
2018-05-23 13:05:22,901:INFO: Experiment Progress: 24.7% -- 128/519
2018-05-23 13:05:23,326:INFO: Experiment Progress: 24.9% -- 129/519
2018-05-23 13:05:24,416:INFO: Experiment Progress: 25.0% -- 130/519
2018-05-23 13:05:24,805:INFO: Experiment Progress: 25.2% -- 131/519
2018-05-23 13:05:25,227:INFO: Experiment Progress: 25.4% -- 132/519
2018-05-23 13:05:26,789:INFO: Experiment Progress: 25.6% -- 133/519
2018-05-23 13:05:29,556:INFO: Experiment Progress: 25.8% -- 134/519
2018-05-23 13:05:30,414:INFO: Experiment Progress: 26.0% -- 135/519
2018-05-23 13:05:30,895:INFO: Experiment Progress: 26.2% -- 136/519
2018-05-23 13:05:31,348:INFO: Experiment Progress: 26.4% -- 137/519
2018-05-23 13:05:31,915:INFO: Experiment Progress: 26.6% -- 138/519
2018-05-23 13:05:33,368:INFO: Experiment Progress: 26.8% -- 139/519
2018-05-23 13:05:33,777:INFO: Experiment Progress: 27.0% -- 140/519
2018-05-23 13:05:34,283:INFO: Experiment Progress: 27.2% -- 141/519
2018-05-23 13:05:34,952:INFO: Experiment Progress: 27.4% -- 142/519
2018-05-23 13:05:37,351:INFO: Experiment Progress: 27.6% -- 143/519
2018-05-23 13:05:37,928:INFO: Experiment Progress: 27.7% -- 144/519
2018-05-23 13:05:38,426:INFO: Experiment Progress: 27.9% -- 145/519
2018-05-23 13:05:39,652:INFO: Experiment Progress: 28.1% -- 146/519
2018-05-23 13:05:40,114:INFO: Experiment Progress: 28.3% -- 147/519
2018-05-23 13:05:40,604:INFO: Experiment Progress: 28.5% -- 148/519
2018-05-23 13:05:41,008:INFO: Experiment Progress: 28.7% -- 149/519
2018-05-23 13:05:42,159:INFO: Experiment Progress: 28.9% -- 150/519
2018-05-23 13:05:42,992:INFO: Experiment Progress: 29.1% -- 151/519
2018-05-23 13:05:43,415:INFO: Experiment Progress: 29.3% -- 152/519
2018-05-23 13:05:44,184:INFO: Experiment Progress: 29.5% -- 153/519
2018-05-23 13:05:44,586:INFO: Experiment Progress: 29.7% -- 154/519
2018-05-23 13:05:44,967:INFO: Experiment Progress: 29.9% -- 155/519
2018-05-23 13:05:46,174:INFO: Experiment Progress: 30.1% -- 156/519
2018-05-23 13:05:46,632:INFO: Experiment Progress: 30.3% -- 157/519
2018-05-23 13:05:47,157:INFO: Experiment Progress: 30.4% -- 158/519
2018-05-23 13:05:49,791:INFO: Experiment Progress: 30.6% -- 159/519
2018-05-23 13:05:50,247:INFO: Experiment Progress: 30.8% -- 160/519
2018-05-23 13:05:50,875:INFO: Experiment Progress: 31.0% -- 161/519
2018-05-23 13:05:51,506:INFO: Experiment Progress: 31.2% -- 162/519
2018-05-23 13:05:51,963:INFO: Experiment Progress: 31.4% -- 163/519
2018-05-23 13:05:52,452:INFO: Experiment Progress: 31.6% -- 164/519
2018-05-23 13:05:55,364:INFO: Experiment Progress: 31.8% -- 165/519
2018-05-23 13:05:55,774:INFO: Experiment Progress: 32.0% -- 166/519
2018-05-23 13:05:56,239:INFO: Experiment Progress: 32.2% -- 167/519
2018-05-23 13:05:56,672:INFO: Experiment Progress: 32.4% -- 168/519
2018-05-23 13:05:57,113:INFO: Experiment Progress: 32.6% -- 169/519
2018-05-23 13:05:57,565:INFO: Experiment Progress: 32.8% -- 170/519
2018-05-23 13:05:58,002:INFO: Experiment Progress: 32.9% -- 171/519
2018-05-23 13:05:58,454:INFO: Experiment Progress: 33.1% -- 172/519
2018-05-23 13:05:59,531:INFO: Experiment Progress: 33.3% -- 173/519
2018-05-23 13:06:00,714:INFO: Experiment Progress: 33.5% -- 174/519
2018-05-23 13:06:01,396:INFO: Experiment Progress: 33.7% -- 175/519
2018-05-23 13:06:01,775:INFO: Experiment Progress: 33.9% -- 176/519
2018-05-23 13:06:03,897:INFO: Experiment Progress: 34.1% -- 177/519
2018-05-23 13:06:04,348:INFO: Experiment Progress: 34.3% -- 178/519
2018-05-23 13:06:04,686:INFO: Experiment Progress: 34.5% -- 179/519
2018-05-23 13:06:05,265:INFO: Experiment Progress: 34.7% -- 180/519
2018-05-23 13:06:06,152:INFO: Experiment Progress: 34.9% -- 181/519
2018-05-23 13:06:06,581:INFO: Experiment Progress: 35.1% -- 182/519
2018-05-23 13:06:07,025:INFO: Experiment Progress: 35.3% -- 183/519
2018-05-23 13:06:07,428:INFO: Experiment Progress: 35.5% -- 184/519
2018-05-23 13:06:07,874:INFO: Experiment Progress: 35.6% -- 185/519
2018-05-23 13:06:08,675:INFO: Experiment Progress: 35.8% -- 186/519
2018-05-23 13:06:09,484:INFO: Experiment Progress: 36.0% -- 187/519
2018-05-23 13:06:13,002:INFO: Experiment Progress: 36.2% -- 188/519
2018-05-23 13:06:14,241:INFO: Experiment Progress: 36.4% -- 189/519
2018-05-23 13:06:14,706:INFO: Experiment Progress: 36.6% -- 190/519
2018-05-23 13:06:15,103:INFO: Experiment Progress: 36.8% -- 191/519
2018-05-23 13:06:15,762:INFO: Experiment Progress: 37.0% -- 192/519
2018-05-23 13:06:16,215:INFO: Experiment Progress: 37.2% -- 193/519
2018-05-23 13:06:16,958:INFO: Experiment Progress: 37.4% -- 194/519
2018-05-23 13:06:17,414:INFO: Experiment Progress: 37.6% -- 195/519
2018-05-23 13:06:19,384:INFO: Experiment Progress: 37.8% -- 196/519
2018-05-23 13:06:19,871:INFO: Experiment Progress: 38.0% -- 197/519
2018-05-23 13:06:20,354:INFO: Experiment Progress: 38.2% -- 198/519
2018-05-23 13:06:20,946:INFO: Experiment Progress: 38.3% -- 199/519
2018-05-23 13:06:21,797:INFO: Experiment Progress: 38.5% -- 200/519
2018-05-23 13:06:22,725:INFO: Experiment Progress: 38.7% -- 201/519
2018-05-23 13:06:23,912:INFO: Experiment Progress: 38.9% -- 202/519
2018-05-23 13:06:24,426:INFO: Experiment Progress: 39.1% -- 203/519
2018-05-23 13:06:24,924:INFO: Experiment Progress: 39.3% -- 204/519
2018-05-23 13:06:25,509:INFO: Experiment Progress: 39.5% -- 205/519
2018-05-23 13:06:25,910:INFO: Experiment Progress: 39.7% -- 206/519
2018-05-23 13:06:26,887:INFO: Experiment Progress: 39.9% -- 207/519
2018-05-23 13:06:27,566:INFO: Experiment Progress: 40.1% -- 208/519
2018-05-23 13:06:28,066:INFO: Experiment Progress: 40.3% -- 209/519
2018-05-23 13:06:28,471:INFO: Experiment Progress: 40.5% -- 210/519
2018-05-23 13:06:28,881:INFO: Experiment Progress: 40.7% -- 211/519
2018-05-23 13:06:29,360:INFO: Experiment Progress: 40.8% -- 212/519
2018-05-23 13:06:29,844:INFO: Experiment Progress: 41.0% -- 213/519
2018-05-23 13:06:30,233:INFO: Experiment Progress: 41.2% -- 214/519
2018-05-23 13:06:31,070:INFO: Experiment Progress: 41.4% -- 215/519
2018-05-23 13:06:31,622:INFO: Experiment Progress: 41.6% -- 216/519
2018-05-23 13:06:32,048:INFO: Experiment Progress: 41.8% -- 217/519
2018-05-23 13:06:32,897:INFO: Experiment Progress: 42.0% -- 218/519
2018-05-23 13:06:33,294:INFO: Experiment Progress: 42.2% -- 219/519
2018-05-23 13:06:33,583:INFO: Experiment Progress: 42.4% -- 220/519
2018-05-23 13:06:34,264:INFO: Experiment Progress: 42.6% -- 221/519
2018-05-23 13:06:34,916:INFO: Experiment Progress: 42.8% -- 222/519
2018-05-23 13:06:35,297:INFO: Experiment Progress: 43.0% -- 223/519
2018-05-23 13:06:35,824:INFO: Experiment Progress: 43.2% -- 224/519
2018-05-23 13:06:36,258:INFO: Experiment Progress: 43.4% -- 225/519
2018-05-23 13:06:36,762:INFO: Experiment Progress: 43.5% -- 226/519
2018-05-23 13:06:37,296:INFO: Experiment Progress: 43.7% -- 227/519
2018-05-23 13:06:37,758:INFO: Experiment Progress: 43.9% -- 228/519
2018-05-23 13:06:38,831:INFO: Experiment Progress: 44.1% -- 229/519
2018-05-23 13:06:39,310:INFO: Experiment Progress: 44.3% -- 230/519
2018-05-23 13:06:39,945:INFO: Experiment Progress: 44.5% -- 231/519
2018-05-23 13:06:41,169:INFO: Experiment Progress: 44.7% -- 232/519
2018-05-23 13:06:41,604:INFO: Experiment Progress: 44.9% -- 233/519
2018-05-23 13:06:43,043:INFO: Experiment Progress: 45.1% -- 234/519
2018-05-23 13:06:44,114:INFO: Experiment Progress: 45.3% -- 235/519
2018-05-23 13:06:44,660:INFO: Experiment Progress: 45.5% -- 236/519
2018-05-23 13:06:45,167:INFO: Experiment Progress: 45.7% -- 237/519
2018-05-23 13:06:45,589:INFO: Experiment Progress: 45.9% -- 238/519
2018-05-23 13:06:46,084:INFO: Experiment Progress: 46.1% -- 239/519
2018-05-23 13:06:46,498:INFO: Experiment Progress: 46.2% -- 240/519
2018-05-23 13:06:47,165:INFO: Experiment Progress: 46.4% -- 241/519
2018-05-23 13:06:48,884:INFO: Experiment Progress: 46.6% -- 242/519
2018-05-23 13:06:50,867:INFO: Experiment Progress: 46.8% -- 243/519
2018-05-23 13:06:51,371:INFO: Experiment Progress: 47.0% -- 244/519
2018-05-23 13:06:51,843:INFO: Experiment Progress: 47.2% -- 245/519
2018-05-23 13:06:53,021:INFO: Experiment Progress: 47.4% -- 246/519
2018-05-23 13:06:53,468:INFO: Experiment Progress: 47.6% -- 247/519
2018-05-23 13:06:55,388:INFO: Experiment Progress: 47.8% -- 248/519
2018-05-23 13:06:55,790:INFO: Experiment Progress: 48.0% -- 249/519
2018-05-23 13:06:56,681:INFO: Experiment Progress: 48.2% -- 250/519
2018-05-23 13:06:57,099:INFO: Experiment Progress: 48.4% -- 251/519
2018-05-23 13:06:57,585:INFO: Experiment Progress: 48.6% -- 252/519
2018-05-23 13:06:58,973:INFO: Experiment Progress: 48.7% -- 253/519
2018-05-23 13:06:59,283:INFO: Experiment Progress: 48.9% -- 254/519
2018-05-23 13:06:59,689:INFO: Experiment Progress: 49.1% -- 255/519
2018-05-23 13:07:00,097:INFO: Experiment Progress: 49.3% -- 256/519
2018-05-23 13:07:00,542:INFO: Experiment Progress: 49.5% -- 257/519
2018-05-23 13:07:01,886:INFO: Experiment Progress: 49.7% -- 258/519
2018-05-23 13:07:02,328:INFO: Experiment Progress: 49.9% -- 259/519
2018-05-23 13:07:02,536:INFO: Experiment Progress: 50.1% -- 260/519
2018-05-23 13:07:03,608:INFO: Experiment Progress: 50.3% -- 261/519
2018-05-23 13:07:03,971:INFO: Experiment Progress: 50.5% -- 262/519
2018-05-23 13:07:04,507:INFO: Experiment Progress: 50.7% -- 263/519
2018-05-23 13:07:04,967:INFO: Experiment Progress: 50.9% -- 264/519
2018-05-23 13:07:05,444:INFO: Experiment Progress: 51.1% -- 265/519
2018-05-23 13:07:05,983:INFO: Experiment Progress: 51.3% -- 266/519
2018-05-23 13:07:06,354:INFO: Experiment Progress: 51.4% -- 267/519
2018-05-23 13:07:08,301:INFO: Experiment Progress: 51.6% -- 268/519
2018-05-23 13:07:08,974:INFO: Experiment Progress: 51.8% -- 269/519
2018-05-23 13:07:09,396:INFO: Experiment Progress: 52.0% -- 270/519
2018-05-23 13:07:09,764:INFO: Experiment Progress: 52.2% -- 271/519
2018-05-23 13:07:10,432:INFO: Experiment Progress: 52.4% -- 272/519
2018-05-23 13:07:10,976:INFO: Experiment Progress: 52.6% -- 273/519
2018-05-23 13:07:11,926:INFO: Experiment Progress: 52.8% -- 274/519
2018-05-23 13:07:12,508:INFO: Experiment Progress: 53.0% -- 275/519
2018-05-23 13:07:12,987:INFO: Experiment Progress: 53.2% -- 276/519
2018-05-23 13:07:13,437:INFO: Experiment Progress: 53.4% -- 277/519
2018-05-23 13:07:13,879:INFO: Experiment Progress: 53.6% -- 278/519
2018-05-23 13:07:16,101:INFO: Experiment Progress: 53.8% -- 279/519
2018-05-23 13:07:16,337:INFO: Experiment Progress: 53.9% -- 280/519
2018-05-23 13:07:17,473:INFO: Experiment Progress: 54.1% -- 281/519
2018-05-23 13:07:22,138:INFO: Experiment Progress: 54.3% -- 282/519
2018-05-23 13:07:22,349:INFO: Experiment Progress: 54.5% -- 283/519
2018-05-23 13:07:22,751:INFO: Experiment Progress: 54.7% -- 284/519
2018-05-23 13:07:23,300:INFO: Experiment Progress: 54.9% -- 285/519
2018-05-23 13:07:24,414:INFO: Experiment Progress: 55.1% -- 286/519
2018-05-23 13:07:24,850:INFO: Experiment Progress: 55.3% -- 287/519
2018-05-23 13:07:25,520:INFO: Experiment Progress: 55.5% -- 288/519
2018-05-23 13:07:25,938:INFO: Experiment Progress: 55.7% -- 289/519
2018-05-23 13:07:26,343:INFO: Experiment Progress: 55.9% -- 290/519
2018-05-23 13:07:27,193:INFO: Experiment Progress: 56.1% -- 291/519
2018-05-23 13:07:27,956:INFO: Experiment Progress: 56.3% -- 292/519
2018-05-23 13:07:28,572:INFO: Experiment Progress: 56.5% -- 293/519
2018-05-23 13:07:29,242:INFO: Experiment Progress: 56.6% -- 294/519
2018-05-23 13:07:29,642:INFO: Experiment Progress: 56.8% -- 295/519
2018-05-23 13:07:30,149:INFO: Experiment Progress: 57.0% -- 296/519
2018-05-23 13:07:30,631:INFO: Experiment Progress: 57.2% -- 297/519
2018-05-23 13:07:31,289:INFO: Experiment Progress: 57.4% -- 298/519
2018-05-23 13:07:33,660:INFO: Experiment Progress: 57.6% -- 299/519
2018-05-23 13:07:34,174:INFO: Experiment Progress: 57.8% -- 300/519
2018-05-23 13:07:34,929:INFO: Experiment Progress: 58.0% -- 301/519
2018-05-23 13:07:36,580:INFO: Experiment Progress: 58.2% -- 302/519
2018-05-23 13:07:37,050:INFO: Experiment Progress: 58.4% -- 303/519
2018-05-23 13:07:37,458:INFO: Experiment Progress: 58.6% -- 304/519
2018-05-23 13:07:37,880:INFO: Experiment Progress: 58.8% -- 305/519
2018-05-23 13:07:38,329:INFO: Experiment Progress: 59.0% -- 306/519
2018-05-23 13:07:38,825:INFO: Experiment Progress: 59.2% -- 307/519
2018-05-23 13:07:39,220:INFO: Experiment Progress: 59.3% -- 308/519
2018-05-23 13:07:39,712:INFO: Experiment Progress: 59.5% -- 309/519
2018-05-23 13:07:40,142:INFO: Experiment Progress: 59.7% -- 310/519
2018-05-23 13:07:40,572:INFO: Experiment Progress: 59.9% -- 311/519
2018-05-23 13:07:40,962:INFO: Experiment Progress: 60.1% -- 312/519
2018-05-23 13:07:41,370:INFO: Experiment Progress: 60.3% -- 313/519
2018-05-23 13:07:41,782:INFO: Experiment Progress: 60.5% -- 314/519
2018-05-23 13:07:42,377:INFO: Experiment Progress: 60.7% -- 315/519
2018-05-23 13:07:43,239:INFO: Experiment Progress: 60.9% -- 316/519
2018-05-23 13:07:44,645:INFO: Experiment Progress: 61.1% -- 317/519
2018-05-23 13:07:45,165:INFO: Experiment Progress: 61.3% -- 318/519
2018-05-23 13:07:45,909:INFO: Experiment Progress: 61.5% -- 319/519
2018-05-23 13:07:47,172:INFO: Experiment Progress: 61.7% -- 320/519
2018-05-23 13:07:49,005:INFO: Experiment Progress: 61.8% -- 321/519
2018-05-23 13:07:49,474:INFO: Experiment Progress: 62.0% -- 322/519
2018-05-23 13:07:50,239:INFO: Experiment Progress: 62.2% -- 323/519
2018-05-23 13:07:50,646:INFO: Experiment Progress: 62.4% -- 324/519
2018-05-23 13:07:51,055:INFO: Experiment Progress: 62.6% -- 325/519
2018-05-23 13:07:51,723:INFO: Experiment Progress: 62.8% -- 326/519
2018-05-23 13:07:52,482:INFO: Experiment Progress: 63.0% -- 327/519
2018-05-23 13:07:53,212:INFO: Experiment Progress: 63.2% -- 328/519
2018-05-23 13:07:54,983:INFO: Experiment Progress: 63.4% -- 329/519
2018-05-23 13:07:56,017:INFO: Experiment Progress: 63.6% -- 330/519
2018-05-23 13:07:57,451:INFO: Experiment Progress: 63.8% -- 331/519
2018-05-23 13:07:59,218:INFO: Experiment Progress: 64.0% -- 332/519
2018-05-23 13:08:00,815:INFO: Experiment Progress: 64.2% -- 333/519
2018-05-23 13:08:02,685:INFO: Experiment Progress: 64.4% -- 334/519
2018-05-23 13:08:03,334:INFO: Experiment Progress: 64.5% -- 335/519
2018-05-23 13:08:04,369:INFO: Experiment Progress: 64.7% -- 336/519
2018-05-23 13:08:06,052:INFO: Experiment Progress: 64.9% -- 337/519
2018-05-23 13:08:08,386:INFO: Experiment Progress: 65.1% -- 338/519
2018-05-23 13:08:08,899:INFO: Experiment Progress: 65.3% -- 339/519
2018-05-23 13:08:09,672:INFO: Experiment Progress: 65.5% -- 340/519
2018-05-23 13:08:10,141:INFO: Experiment Progress: 65.7% -- 341/519
2018-05-23 13:08:10,749:INFO: Experiment Progress: 65.9% -- 342/519
2018-05-23 13:08:11,865:INFO: Experiment Progress: 66.1% -- 343/519
2018-05-23 13:08:13,748:INFO: Experiment Progress: 66.3% -- 344/519
2018-05-23 13:08:14,997:INFO: Experiment Progress: 66.5% -- 345/519
2018-05-23 13:08:15,732:INFO: Experiment Progress: 66.7% -- 346/519
2018-05-23 13:08:16,488:INFO: Experiment Progress: 66.9% -- 347/519
2018-05-23 13:08:17,122:INFO: Experiment Progress: 67.1% -- 348/519
2018-05-23 13:08:18,592:INFO: Experiment Progress: 67.2% -- 349/519
2018-05-23 13:08:19,962:INFO: Experiment Progress: 67.4% -- 350/519
2018-05-23 13:08:20,683:INFO: Experiment Progress: 67.6% -- 351/519
2018-05-23 13:08:22,364:INFO: Experiment Progress: 67.8% -- 352/519
2018-05-23 13:08:23,213:INFO: Experiment Progress: 68.0% -- 353/519
2018-05-23 13:08:23,890:INFO: Experiment Progress: 68.2% -- 354/519
2018-05-23 13:08:25,016:INFO: Experiment Progress: 68.4% -- 355/519
2018-05-23 13:08:26,056:INFO: Experiment Progress: 68.6% -- 356/519
2018-05-23 13:08:26,934:INFO: Experiment Progress: 68.8% -- 357/519
2018-05-23 13:08:28,033:INFO: Experiment Progress: 69.0% -- 358/519
2018-05-23 13:08:28,852:INFO: Experiment Progress: 69.2% -- 359/519
2018-05-23 13:08:29,263:INFO: Experiment Progress: 69.4% -- 360/519
2018-05-23 13:08:29,721:INFO: Experiment Progress: 69.6% -- 361/519
2018-05-23 13:08:31,083:INFO: Experiment Progress: 69.7% -- 362/519
2018-05-23 13:08:31,658:INFO: Experiment Progress: 69.9% -- 363/519
2018-05-23 13:08:32,276:INFO: Experiment Progress: 70.1% -- 364/519
2018-05-23 13:08:32,965:INFO: Experiment Progress: 70.3% -- 365/519
2018-05-23 13:08:33,556:INFO: Experiment Progress: 70.5% -- 366/519
2018-05-23 13:08:34,779:INFO: Experiment Progress: 70.7% -- 367/519
2018-05-23 13:08:35,628:INFO: Experiment Progress: 70.9% -- 368/519
2018-05-23 13:08:38,176:INFO: Experiment Progress: 71.1% -- 369/519
2018-05-23 13:08:39,878:INFO: Experiment Progress: 71.3% -- 370/519
2018-05-23 13:08:40,484:INFO: Experiment Progress: 71.5% -- 371/519
2018-05-23 13:08:40,975:INFO: Experiment Progress: 71.7% -- 372/519
2018-05-23 13:08:43,576:INFO: Experiment Progress: 71.9% -- 373/519
2018-05-23 13:08:45,561:INFO: Experiment Progress: 72.1% -- 374/519
2018-05-23 13:08:47,398:INFO: Experiment Progress: 72.3% -- 375/519
2018-05-23 13:08:47,808:INFO: Experiment Progress: 72.4% -- 376/519
2018-05-23 13:08:48,260:INFO: Experiment Progress: 72.6% -- 377/519
2018-05-23 13:08:48,912:INFO: Experiment Progress: 72.8% -- 378/519
2018-05-23 13:08:49,307:INFO: Experiment Progress: 73.0% -- 379/519
2018-05-23 13:08:49,702:INFO: Experiment Progress: 73.2% -- 380/519
2018-05-23 13:08:50,404:INFO: Experiment Progress: 73.4% -- 381/519
2018-05-23 13:08:51,066:INFO: Experiment Progress: 73.6% -- 382/519
2018-05-23 13:08:51,454:INFO: Experiment Progress: 73.8% -- 383/519
2018-05-23 13:08:51,889:INFO: Experiment Progress: 74.0% -- 384/519
2018-05-23 13:08:52,494:INFO: Experiment Progress: 74.2% -- 385/519
2018-05-23 13:08:52,912:INFO: Experiment Progress: 74.4% -- 386/519
2018-05-23 13:08:53,338:INFO: Experiment Progress: 74.6% -- 387/519
2018-05-23 13:08:53,764:INFO: Experiment Progress: 74.8% -- 388/519
2018-05-23 13:08:54,603:INFO: Experiment Progress: 75.0% -- 389/519
2018-05-23 13:08:55,069:INFO: Experiment Progress: 75.1% -- 390/519
2018-05-23 13:08:56,988:INFO: Experiment Progress: 75.3% -- 391/519
2018-05-23 13:08:57,515:INFO: Experiment Progress: 75.5% -- 392/519
2018-05-23 13:08:58,080:INFO: Experiment Progress: 75.7% -- 393/519
2018-05-23 13:08:58,477:INFO: Experiment Progress: 75.9% -- 394/519
2018-05-23 13:08:58,937:INFO: Experiment Progress: 76.1% -- 395/519
2018-05-23 13:08:59,618:INFO: Experiment Progress: 76.3% -- 396/519
2018-05-23 13:09:00,087:INFO: Experiment Progress: 76.5% -- 397/519
2018-05-23 13:09:00,709:INFO: Experiment Progress: 76.7% -- 398/519
2018-05-23 13:09:01,141:INFO: Experiment Progress: 76.9% -- 399/519
2018-05-23 13:09:01,568:INFO: Experiment Progress: 77.1% -- 400/519
2018-05-23 13:09:02,087:INFO: Experiment Progress: 77.3% -- 401/519
2018-05-23 13:09:02,604:INFO: Experiment Progress: 77.5% -- 402/519
2018-05-23 13:09:03,025:INFO: Experiment Progress: 77.6% -- 403/519
2018-05-23 13:09:03,366:INFO: Experiment Progress: 77.8% -- 404/519
2018-05-23 13:09:04,205:INFO: Experiment Progress: 78.0% -- 405/519
2018-05-23 13:09:05,427:INFO: Experiment Progress: 78.2% -- 406/519
2018-05-23 13:09:05,875:INFO: Experiment Progress: 78.4% -- 407/519
2018-05-23 13:09:06,448:INFO: Experiment Progress: 78.6% -- 408/519
2018-05-23 13:09:07,516:INFO: Experiment Progress: 78.8% -- 409/519
2018-05-23 13:09:08,138:INFO: Experiment Progress: 79.0% -- 410/519
2018-05-23 13:09:09,117:INFO: Experiment Progress: 79.2% -- 411/519
2018-05-23 13:09:09,684:INFO: Experiment Progress: 79.4% -- 412/519
2018-05-23 13:09:10,398:INFO: Experiment Progress: 79.6% -- 413/519
2018-05-23 13:09:11,872:INFO: Experiment Progress: 79.8% -- 414/519
2018-05-23 13:09:12,264:INFO: Experiment Progress: 80.0% -- 415/519
2018-05-23 13:09:12,877:INFO: Experiment Progress: 80.2% -- 416/519
2018-05-23 13:09:13,333:INFO: Experiment Progress: 80.3% -- 417/519
2018-05-23 13:09:13,766:INFO: Experiment Progress: 80.5% -- 418/519
2018-05-23 13:09:14,326:INFO: Experiment Progress: 80.7% -- 419/519
2018-05-23 13:09:14,750:INFO: Experiment Progress: 80.9% -- 420/519
2018-05-23 13:09:15,225:INFO: Experiment Progress: 81.1% -- 421/519
2018-05-23 13:09:15,778:INFO: Experiment Progress: 81.3% -- 422/519
2018-05-23 13:09:16,336:INFO: Experiment Progress: 81.5% -- 423/519
2018-05-23 13:09:17,563:INFO: Experiment Progress: 81.7% -- 424/519
2018-05-23 13:09:18,054:INFO: Experiment Progress: 81.9% -- 425/519
2018-05-23 13:09:18,535:INFO: Experiment Progress: 82.1% -- 426/519
2018-05-23 13:09:20,278:INFO: Experiment Progress: 82.3% -- 427/519
2018-05-23 13:09:20,754:INFO: Experiment Progress: 82.5% -- 428/519
2018-05-23 13:09:21,333:INFO: Experiment Progress: 82.7% -- 429/519
2018-05-23 13:09:21,718:INFO: Experiment Progress: 82.9% -- 430/519
2018-05-23 13:09:22,278:INFO: Experiment Progress: 83.0% -- 431/519
2018-05-23 13:09:22,806:INFO: Experiment Progress: 83.2% -- 432/519
2018-05-23 13:09:23,389:INFO: Experiment Progress: 83.4% -- 433/519
2018-05-23 13:09:24,531:INFO: Experiment Progress: 83.6% -- 434/519
2018-05-23 13:09:25,968:INFO: Experiment Progress: 83.8% -- 435/519
2018-05-23 13:09:26,532:INFO: Experiment Progress: 84.0% -- 436/519
2018-05-23 13:09:27,398:INFO: Experiment Progress: 84.2% -- 437/519
2018-05-23 13:09:27,839:INFO: Experiment Progress: 84.4% -- 438/519
2018-05-23 13:09:28,341:INFO: Experiment Progress: 84.6% -- 439/519
2018-05-23 13:09:29,371:INFO: Experiment Progress: 84.8% -- 440/519
2018-05-23 13:09:30,014:INFO: Experiment Progress: 85.0% -- 441/519
2018-05-23 13:09:30,456:INFO: Experiment Progress: 85.2% -- 442/519
2018-05-23 13:09:30,856:INFO: Experiment Progress: 85.4% -- 443/519
2018-05-23 13:09:31,370:INFO: Experiment Progress: 85.5% -- 444/519
2018-05-23 13:09:31,839:INFO: Experiment Progress: 85.7% -- 445/519
2018-05-23 13:09:32,312:INFO: Experiment Progress: 85.9% -- 446/519
2018-05-23 13:09:32,890:INFO: Experiment Progress: 86.1% -- 447/519
2018-05-23 13:09:33,394:INFO: Experiment Progress: 86.3% -- 448/519
2018-05-23 13:09:33,873:INFO: Experiment Progress: 86.5% -- 449/519
2018-05-23 13:09:34,425:INFO: Experiment Progress: 86.7% -- 450/519
2018-05-23 13:09:34,842:INFO: Experiment Progress: 86.9% -- 451/519
2018-05-23 13:09:35,396:INFO: Experiment Progress: 87.1% -- 452/519
2018-05-23 13:09:36,006:INFO: Experiment Progress: 87.3% -- 453/519
2018-05-23 13:09:36,485:INFO: Experiment Progress: 87.5% -- 454/519
2018-05-23 13:09:37,262:INFO: Experiment Progress: 87.7% -- 455/519
2018-05-23 13:09:37,698:INFO: Experiment Progress: 87.9% -- 456/519
2018-05-23 13:09:38,266:INFO: Experiment Progress: 88.1% -- 457/519
2018-05-23 13:09:38,713:INFO: Experiment Progress: 88.2% -- 458/519
2018-05-23 13:09:39,479:INFO: Experiment Progress: 88.4% -- 459/519
2018-05-23 13:09:40,367:INFO: Experiment Progress: 88.6% -- 460/519
2018-05-23 13:09:40,982:INFO: Experiment Progress: 88.8% -- 461/519
2018-05-23 13:09:44,253:INFO: Experiment Progress: 89.0% -- 462/519
2018-05-23 13:09:44,869:INFO: Experiment Progress: 89.2% -- 463/519
2018-05-23 13:09:45,622:INFO: Experiment Progress: 89.4% -- 464/519
2018-05-23 13:09:46,898:INFO: Experiment Progress: 89.6% -- 465/519
2018-05-23 13:09:47,279:INFO: Experiment Progress: 89.8% -- 466/519
2018-05-23 13:09:47,690:INFO: Experiment Progress: 90.0% -- 467/519
2018-05-23 13:09:48,147:INFO: Experiment Progress: 90.2% -- 468/519
2018-05-23 13:09:48,891:INFO: Experiment Progress: 90.4% -- 469/519
2018-05-23 13:09:49,594:INFO: Experiment Progress: 90.6% -- 470/519
2018-05-23 13:09:50,447:INFO: Experiment Progress: 90.8% -- 471/519
2018-05-23 13:09:50,969:INFO: Experiment Progress: 90.9% -- 472/519
2018-05-23 13:09:56,368:INFO: Experiment Progress: 91.1% -- 473/519
2018-05-23 13:09:56,953:INFO: Experiment Progress: 91.3% -- 474/519
2018-05-23 13:09:57,347:INFO: Experiment Progress: 91.5% -- 475/519
2018-05-23 13:09:57,885:INFO: Experiment Progress: 91.7% -- 476/519
2018-05-23 13:09:58,341:INFO: Experiment Progress: 91.9% -- 477/519
2018-05-23 13:09:58,941:INFO: Experiment Progress: 92.1% -- 478/519
2018-05-23 13:09:59,406:INFO: Experiment Progress: 92.3% -- 479/519
2018-05-23 13:10:02,924:INFO: Experiment Progress: 92.5% -- 480/519
2018-05-23 13:10:03,748:INFO: Experiment Progress: 92.7% -- 481/519
2018-05-23 13:10:04,422:INFO: Experiment Progress: 92.9% -- 482/519
2018-05-23 13:10:04,890:INFO: Experiment Progress: 93.1% -- 483/519
2018-05-23 13:10:05,875:INFO: Experiment Progress: 93.3% -- 484/519
2018-05-23 13:10:07,610:INFO: Experiment Progress: 93.4% -- 485/519
2018-05-23 13:10:08,200:INFO: Experiment Progress: 93.6% -- 486/519
2018-05-23 13:10:08,709:INFO: Experiment Progress: 93.8% -- 487/519
2018-05-23 13:10:09,120:INFO: Experiment Progress: 94.0% -- 488/519
2018-05-23 13:10:09,749:INFO: Experiment Progress: 94.2% -- 489/519
2018-05-23 13:10:10,153:INFO: Experiment Progress: 94.4% -- 490/519
2018-05-23 13:10:10,721:INFO: Experiment Progress: 94.6% -- 491/519
2018-05-23 13:10:11,125:INFO: Experiment Progress: 94.8% -- 492/519
2018-05-23 13:10:11,542:INFO: Experiment Progress: 95.0% -- 493/519
2018-05-23 13:10:11,925:INFO: Experiment Progress: 95.2% -- 494/519
2018-05-23 13:10:12,392:INFO: Experiment Progress: 95.4% -- 495/519
2018-05-23 13:10:13,761:INFO: Experiment Progress: 95.6% -- 496/519
2018-05-23 13:10:14,178:INFO: Experiment Progress: 95.8% -- 497/519
2018-05-23 13:10:14,657:INFO: Experiment Progress: 96.0% -- 498/519
2018-05-23 13:10:15,176:INFO: Experiment Progress: 96.1% -- 499/519
2018-05-23 13:10:16,596:INFO: Experiment Progress: 96.3% -- 500/519
2018-05-23 13:10:17,048:INFO: Experiment Progress: 96.5% -- 501/519
2018-05-23 13:10:18,259:INFO: Experiment Progress: 96.7% -- 502/519
2018-05-23 13:10:18,862:INFO: Experiment Progress: 96.9% -- 503/519
2018-05-23 13:10:19,515:INFO: Experiment Progress: 97.1% -- 504/519
2018-05-23 13:10:19,973:INFO: Experiment Progress: 97.3% -- 505/519
2018-05-23 13:10:20,646:INFO: Experiment Progress: 97.5% -- 506/519
2018-05-23 13:10:21,060:INFO: Experiment Progress: 97.7% -- 507/519
2018-05-23 13:10:21,468:INFO: Experiment Progress: 97.9% -- 508/519
2018-05-23 13:10:22,804:INFO: Experiment Progress: 98.1% -- 509/519
2018-05-23 13:10:23,700:INFO: Experiment Progress: 98.3% -- 510/519
2018-05-23 13:10:24,212:INFO: Experiment Progress: 98.5% -- 511/519
2018-05-23 13:10:26,183:INFO: Experiment Progress: 98.7% -- 512/519
2018-05-23 13:10:27,167:INFO: Experiment Progress: 98.8% -- 513/519
2018-05-23 13:10:27,635:INFO: Experiment Progress: 99.0% -- 514/519
2018-05-23 13:10:28,098:INFO: Experiment Progress: 99.2% -- 515/519
2018-05-23 13:10:28,605:INFO: Experiment Progress: 99.4% -- 516/519
2018-05-23 13:10:29,071:INFO: Experiment Progress: 99.6% -- 517/519
2018-05-23 13:10:30,259:INFO: Experiment Progress: 99.8% -- 518/519
