2018-05-06 17:50:07,073:INFO: Disease Protein Prediction in the PPI Network
2018-05-06 17:50:07,074:INFO: Sabri Eyuboglu  -- SNAP Group
2018-05-06 17:50:07,074:INFO: ======================================
2018-05-06 17:50:07,074:INFO: Loading PPI Network...
2018-05-06 17:50:20,256:INFO: Loading Disease Associations...
2018-05-06 17:50:20,312:INFO: Running Experiment...
2018-05-06 17:50:37,109:INFO: Disease Protein Prediction in the PPI Network
2018-05-06 17:50:37,110:INFO: Sabri Eyuboglu  -- SNAP Group
2018-05-06 17:50:37,110:INFO: ======================================
2018-05-06 17:50:37,110:INFO: Loading PPI Network...
2018-05-06 17:50:50,351:INFO: Loading Disease Associations...
2018-05-06 17:50:50,391:INFO: Running Experiment...
2018-05-06 17:56:10,997:INFO: Disease Protein Prediction in the PPI Network
2018-05-06 17:56:10,998:INFO: Sabri Eyuboglu  -- SNAP Group
2018-05-06 17:56:10,998:INFO: ======================================
2018-05-06 17:56:10,998:INFO: Loading PPI Network...
2018-05-06 17:56:24,189:INFO: Loading Disease Associations...
2018-05-06 17:56:24,224:INFO: Running Experiment...
2018-05-06 18:16:34,524:INFO: Disease Protein Prediction in the PPI Network
2018-05-06 18:16:34,524:INFO: Sabri Eyuboglu  -- SNAP Group
2018-05-06 18:16:34,524:INFO: ======================================
2018-05-06 18:16:34,524:INFO: Loading PPI Network...
2018-05-06 18:16:47,867:INFO: Loading Disease Associations...
2018-05-06 18:16:47,902:INFO: Running Experiment...
2018-05-06 18:22:59,771:INFO: Experiment Progress: 0.2% -- 1/519
2018-05-06 18:23:03,487:INFO: Experiment Progress: 0.4% -- 2/519
2018-05-06 18:23:03,487:INFO: Experiment Progress: 0.6% -- 3/519
2018-05-06 18:23:03,487:INFO: Experiment Progress: 0.8% -- 4/519
2018-05-06 18:23:14,909:INFO: Experiment Progress: 1.0% -- 5/519
2018-05-06 18:23:14,910:INFO: Experiment Progress: 1.2% -- 6/519
2018-05-06 18:23:14,910:INFO: Experiment Progress: 1.3% -- 7/519
2018-05-06 18:23:14,910:INFO: Experiment Progress: 1.5% -- 8/519
2018-05-06 18:23:14,910:INFO: Experiment Progress: 1.7% -- 9/519
2018-05-06 18:23:14,911:INFO: Experiment Progress: 1.9% -- 10/519
2018-05-06 18:23:14,911:INFO: Experiment Progress: 2.1% -- 11/519
2018-05-06 18:23:14,911:INFO: Experiment Progress: 2.3% -- 12/519
2018-05-06 18:23:14,911:INFO: Experiment Progress: 2.5% -- 13/519
2018-05-06 18:23:14,911:INFO: Experiment Progress: 2.7% -- 14/519
2018-05-06 18:23:14,911:INFO: Experiment Progress: 2.9% -- 15/519
2018-05-06 18:23:14,911:INFO: Experiment Progress: 3.1% -- 16/519
2018-05-06 18:23:14,911:INFO: Experiment Progress: 3.3% -- 17/519
2018-05-06 18:23:14,911:INFO: Experiment Progress: 3.5% -- 18/519
2018-05-06 18:23:14,912:INFO: Experiment Progress: 3.7% -- 19/519
2018-05-06 18:23:14,912:INFO: Experiment Progress: 3.9% -- 20/519
2018-05-06 18:23:14,912:INFO: Experiment Progress: 4.0% -- 21/519
2018-05-06 18:23:14,912:INFO: Experiment Progress: 4.2% -- 22/519
2018-05-06 18:23:14,912:INFO: Experiment Progress: 4.4% -- 23/519
2018-05-06 18:23:14,912:INFO: Experiment Progress: 4.6% -- 24/519
2018-05-06 18:23:14,912:INFO: Experiment Progress: 4.8% -- 25/519
2018-05-06 18:23:14,912:INFO: Experiment Progress: 5.0% -- 26/519
2018-05-06 18:23:14,913:INFO: Experiment Progress: 5.2% -- 27/519
2018-05-06 18:23:14,913:INFO: Experiment Progress: 5.4% -- 28/519
2018-05-06 18:23:14,913:INFO: Experiment Progress: 5.6% -- 29/519
2018-05-06 18:23:14,913:INFO: Experiment Progress: 5.8% -- 30/519
2018-05-06 18:28:06,351:INFO: Experiment Progress: 6.0% -- 31/519
2018-05-06 18:28:39,711:INFO: Experiment Progress: 6.2% -- 32/519
2018-05-06 18:28:43,429:INFO: Experiment Progress: 6.4% -- 33/519
2018-05-06 18:28:43,430:INFO: Experiment Progress: 6.6% -- 34/519
2018-05-06 18:28:45,584:INFO: Experiment Progress: 6.7% -- 35/519
2018-05-06 18:28:45,585:INFO: Experiment Progress: 6.9% -- 36/519
2018-05-06 18:28:45,585:INFO: Experiment Progress: 7.1% -- 37/519
2018-05-06 18:28:45,585:INFO: Experiment Progress: 7.3% -- 38/519
2018-05-06 18:28:45,585:INFO: Experiment Progress: 7.5% -- 39/519
2018-05-06 18:28:45,585:INFO: Experiment Progress: 7.7% -- 40/519
2018-05-06 18:29:18,306:INFO: Experiment Progress: 7.9% -- 41/519
2018-05-06 18:29:18,307:INFO: Experiment Progress: 8.1% -- 42/519
2018-05-06 18:29:18,307:INFO: Experiment Progress: 8.3% -- 43/519
2018-05-06 18:29:18,307:INFO: Experiment Progress: 8.5% -- 44/519
2018-05-06 18:29:18,307:INFO: Experiment Progress: 8.7% -- 45/519
2018-05-06 18:29:21,796:INFO: Experiment Progress: 8.9% -- 46/519
2018-05-06 18:29:21,796:INFO: Experiment Progress: 9.1% -- 47/519
2018-05-06 18:29:21,797:INFO: Experiment Progress: 9.2% -- 48/519
2018-05-06 18:29:21,797:INFO: Experiment Progress: 9.4% -- 49/519
2018-05-06 18:29:21,797:INFO: Experiment Progress: 9.6% -- 50/519
2018-05-06 18:29:21,797:INFO: Experiment Progress: 9.8% -- 51/519
2018-05-06 18:29:32,634:INFO: Experiment Progress: 10.0% -- 52/519
2018-05-06 18:29:32,635:INFO: Experiment Progress: 10.2% -- 53/519
2018-05-06 18:29:32,635:INFO: Experiment Progress: 10.4% -- 54/519
2018-05-06 18:29:32,635:INFO: Experiment Progress: 10.6% -- 55/519
2018-05-06 18:29:32,635:INFO: Experiment Progress: 10.8% -- 56/519
2018-05-06 18:29:32,635:INFO: Experiment Progress: 11.0% -- 57/519
2018-05-06 18:29:34,086:INFO: Experiment Progress: 11.2% -- 58/519
2018-05-06 18:29:34,086:INFO: Experiment Progress: 11.4% -- 59/519
2018-05-06 18:29:34,086:INFO: Experiment Progress: 11.6% -- 60/519
2018-05-06 18:32:36,003:INFO: Experiment Progress: 11.8% -- 61/519
2018-05-06 18:32:36,003:INFO: Experiment Progress: 11.9% -- 62/519
2018-05-06 18:34:24,614:INFO: Experiment Progress: 12.1% -- 63/519
2018-05-06 18:34:54,413:INFO: Experiment Progress: 12.3% -- 64/519
2018-05-06 18:34:55,814:INFO: Experiment Progress: 12.5% -- 65/519
2018-05-06 18:34:55,814:INFO: Experiment Progress: 12.7% -- 66/519
2018-05-06 18:34:55,814:INFO: Experiment Progress: 12.9% -- 67/519
2018-05-06 18:34:58,831:INFO: Experiment Progress: 13.1% -- 68/519
2018-05-06 18:35:07,841:INFO: Experiment Progress: 13.3% -- 69/519
2018-05-06 18:35:07,841:INFO: Experiment Progress: 13.5% -- 70/519
2018-05-06 18:35:07,842:INFO: Experiment Progress: 13.7% -- 71/519
2018-05-06 18:35:07,842:INFO: Experiment Progress: 13.9% -- 72/519
2018-05-06 18:35:07,842:INFO: Experiment Progress: 14.1% -- 73/519
2018-05-06 18:35:07,842:INFO: Experiment Progress: 14.3% -- 74/519
2018-05-06 18:35:19,773:INFO: Experiment Progress: 14.5% -- 75/519
2018-05-06 18:35:19,774:INFO: Experiment Progress: 14.6% -- 76/519
2018-05-06 18:35:19,774:INFO: Experiment Progress: 14.8% -- 77/519
2018-05-06 18:35:19,775:INFO: Experiment Progress: 15.0% -- 78/519
2018-05-06 18:35:19,775:INFO: Experiment Progress: 15.2% -- 79/519
2018-05-06 18:35:44,083:INFO: Experiment Progress: 15.4% -- 80/519
2018-05-06 18:35:44,084:INFO: Experiment Progress: 15.6% -- 81/519
2018-05-06 18:35:58,994:INFO: Experiment Progress: 15.8% -- 82/519
2018-05-06 18:35:58,994:INFO: Experiment Progress: 16.0% -- 83/519
2018-05-06 18:35:58,995:INFO: Experiment Progress: 16.2% -- 84/519
2018-05-06 18:35:58,995:INFO: Experiment Progress: 16.4% -- 85/519
2018-05-06 18:35:58,995:INFO: Experiment Progress: 16.6% -- 86/519
2018-05-06 18:35:58,995:INFO: Experiment Progress: 16.8% -- 87/519
2018-05-06 18:35:58,995:INFO: Experiment Progress: 17.0% -- 88/519
2018-05-06 18:35:58,995:INFO: Experiment Progress: 17.1% -- 89/519
2018-05-06 18:35:58,995:INFO: Experiment Progress: 17.3% -- 90/519
2018-05-06 18:37:14,322:INFO: Experiment Progress: 17.5% -- 91/519
2018-05-06 18:38:56,519:INFO: Experiment Progress: 17.7% -- 92/519
2018-05-06 18:40:44,409:INFO: Experiment Progress: 17.9% -- 93/519
2018-05-06 18:41:05,046:INFO: Experiment Progress: 18.1% -- 94/519
2018-05-06 18:41:05,047:INFO: Experiment Progress: 18.3% -- 95/519
2018-05-06 18:41:05,047:INFO: Experiment Progress: 18.5% -- 96/519
2018-05-06 18:41:05,047:INFO: Experiment Progress: 18.7% -- 97/519
2018-05-06 18:41:05,047:INFO: Experiment Progress: 18.9% -- 98/519
2018-05-06 18:41:28,171:INFO: Experiment Progress: 19.1% -- 99/519
2018-05-06 18:41:28,171:INFO: Experiment Progress: 19.3% -- 100/519
2018-05-06 18:41:28,172:INFO: Experiment Progress: 19.5% -- 101/519
2018-05-06 18:41:28,172:INFO: Experiment Progress: 19.7% -- 102/519
2018-05-06 18:41:28,172:INFO: Experiment Progress: 19.8% -- 103/519
2018-05-06 18:41:28,172:INFO: Experiment Progress: 20.0% -- 104/519
2018-05-06 18:41:39,552:INFO: Experiment Progress: 20.2% -- 105/519
2018-05-06 18:41:39,553:INFO: Experiment Progress: 20.4% -- 106/519
2018-05-06 18:41:39,553:INFO: Experiment Progress: 20.6% -- 107/519
2018-05-06 18:41:39,553:INFO: Experiment Progress: 20.8% -- 108/519
2018-05-06 18:41:41,446:INFO: Experiment Progress: 21.0% -- 109/519
2018-05-06 18:41:41,446:INFO: Experiment Progress: 21.2% -- 110/519
2018-05-06 18:41:45,667:INFO: Experiment Progress: 21.4% -- 111/519
2018-05-06 18:41:53,052:INFO: Experiment Progress: 21.6% -- 112/519
2018-05-06 18:41:53,053:INFO: Experiment Progress: 21.8% -- 113/519
2018-05-06 18:41:53,053:INFO: Experiment Progress: 22.0% -- 114/519
2018-05-06 18:42:08,163:INFO: Experiment Progress: 22.2% -- 115/519
2018-05-06 18:42:08,163:INFO: Experiment Progress: 22.4% -- 116/519
2018-05-06 18:42:18,408:INFO: Experiment Progress: 22.5% -- 117/519
2018-05-06 18:42:18,409:INFO: Experiment Progress: 22.7% -- 118/519
2018-05-06 18:42:18,409:INFO: Experiment Progress: 22.9% -- 119/519
2018-05-06 18:42:40,257:INFO: Experiment Progress: 23.1% -- 120/519
2018-05-06 18:43:03,750:INFO: Experiment Progress: 23.3% -- 121/519
2018-05-06 18:45:36,989:INFO: Experiment Progress: 23.5% -- 122/519
2018-05-06 18:46:52,338:INFO: Experiment Progress: 23.7% -- 123/519
2018-05-06 18:47:16,573:INFO: Experiment Progress: 23.9% -- 124/519
2018-05-06 18:47:16,574:INFO: Experiment Progress: 24.1% -- 125/519
2018-05-06 18:47:16,574:INFO: Experiment Progress: 24.3% -- 126/519
2018-05-06 18:47:20,981:INFO: Experiment Progress: 24.5% -- 127/519
2018-05-06 18:47:20,981:INFO: Experiment Progress: 24.7% -- 128/519
2018-05-06 18:47:20,981:INFO: Experiment Progress: 24.9% -- 129/519
2018-05-06 18:47:32,693:INFO: Experiment Progress: 25.0% -- 130/519
2018-05-06 18:47:32,693:INFO: Experiment Progress: 25.2% -- 131/519
2018-05-06 18:47:32,693:INFO: Experiment Progress: 25.4% -- 132/519
2018-05-06 18:47:52,114:INFO: Experiment Progress: 25.6% -- 133/519
2018-05-06 18:47:52,115:INFO: Experiment Progress: 25.8% -- 134/519
2018-05-06 18:47:55,942:INFO: Experiment Progress: 26.0% -- 135/519
2018-05-06 18:47:59,239:INFO: Experiment Progress: 26.2% -- 136/519
2018-05-06 18:47:59,239:INFO: Experiment Progress: 26.4% -- 137/519
2018-05-06 18:47:59,239:INFO: Experiment Progress: 26.6% -- 138/519
2018-05-06 18:47:59,239:INFO: Experiment Progress: 26.8% -- 139/519
2018-05-06 18:48:15,902:INFO: Experiment Progress: 27.0% -- 140/519
2018-05-06 18:48:15,903:INFO: Experiment Progress: 27.2% -- 141/519
2018-05-06 18:48:15,903:INFO: Experiment Progress: 27.4% -- 142/519
2018-05-06 18:48:15,903:INFO: Experiment Progress: 27.6% -- 143/519
2018-05-06 18:48:26,522:INFO: Experiment Progress: 27.7% -- 144/519
2018-05-06 18:48:26,522:INFO: Experiment Progress: 27.9% -- 145/519
2018-05-06 18:48:28,955:INFO: Experiment Progress: 28.1% -- 146/519
2018-05-06 18:48:28,955:INFO: Experiment Progress: 28.3% -- 147/519
2018-05-06 18:48:29,576:INFO: Experiment Progress: 28.5% -- 148/519
2018-05-06 18:48:44,162:INFO: Experiment Progress: 28.7% -- 149/519
2018-05-06 18:49:26,186:INFO: Experiment Progress: 28.9% -- 150/519
2018-05-06 18:49:26,186:INFO: Experiment Progress: 29.1% -- 151/519
2018-05-06 18:52:11,823:INFO: Experiment Progress: 29.3% -- 152/519
2018-05-06 18:52:38,392:INFO: Experiment Progress: 29.5% -- 153/519
2018-05-06 18:52:49,987:INFO: Experiment Progress: 29.7% -- 154/519
2018-05-06 18:53:21,414:INFO: Experiment Progress: 29.9% -- 155/519
2018-05-06 18:53:42,134:INFO: Experiment Progress: 30.1% -- 156/519
2018-05-06 18:53:45,988:INFO: Experiment Progress: 30.3% -- 157/519
2018-05-06 18:53:46,551:INFO: Experiment Progress: 30.4% -- 158/519
2018-05-06 18:53:46,552:INFO: Experiment Progress: 30.6% -- 159/519
2018-05-06 18:53:48,251:INFO: Experiment Progress: 30.8% -- 160/519
2018-05-06 18:53:48,252:INFO: Experiment Progress: 31.0% -- 161/519
2018-05-06 18:54:02,603:INFO: Experiment Progress: 31.2% -- 162/519
2018-05-06 18:54:02,604:INFO: Experiment Progress: 31.4% -- 163/519
2018-05-06 18:54:08,884:INFO: Experiment Progress: 31.6% -- 164/519
2018-05-06 18:54:23,527:INFO: Experiment Progress: 31.8% -- 165/519
2018-05-06 18:54:24,123:INFO: Experiment Progress: 32.0% -- 166/519
2018-05-06 18:54:24,123:INFO: Experiment Progress: 32.2% -- 167/519
2018-05-06 18:54:24,123:INFO: Experiment Progress: 32.4% -- 168/519
2018-05-06 18:54:29,532:INFO: Experiment Progress: 32.6% -- 169/519
2018-05-06 18:54:42,775:INFO: Experiment Progress: 32.8% -- 170/519
2018-05-06 18:54:42,776:INFO: Experiment Progress: 32.9% -- 171/519
2018-05-06 18:54:42,776:INFO: Experiment Progress: 33.1% -- 172/519
2018-05-06 18:54:42,776:INFO: Experiment Progress: 33.3% -- 173/519
2018-05-06 18:54:42,776:INFO: Experiment Progress: 33.5% -- 174/519
2018-05-06 18:54:45,666:INFO: Experiment Progress: 33.7% -- 175/519
2018-05-06 18:55:04,816:INFO: Experiment Progress: 33.9% -- 176/519
2018-05-06 18:55:04,817:INFO: Experiment Progress: 34.1% -- 177/519
2018-05-06 18:55:04,817:INFO: Experiment Progress: 34.3% -- 178/519
2018-05-06 18:55:04,817:INFO: Experiment Progress: 34.5% -- 179/519
2018-05-06 18:55:04,817:INFO: Experiment Progress: 34.7% -- 180/519
2018-05-06 18:56:09,657:INFO: Experiment Progress: 34.9% -- 181/519
2018-05-06 18:58:36,597:INFO: Experiment Progress: 35.1% -- 182/519
2018-05-06 18:58:36,598:INFO: Experiment Progress: 35.3% -- 183/519
2018-05-06 18:58:47,407:INFO: Experiment Progress: 35.5% -- 184/519
2018-05-06 18:59:20,979:INFO: Experiment Progress: 35.6% -- 185/519
2018-05-06 18:59:40,576:INFO: Experiment Progress: 35.8% -- 186/519
2018-05-06 18:59:40,686:INFO: Experiment Progress: 36.0% -- 187/519
2018-05-06 19:00:03,367:INFO: Experiment Progress: 36.2% -- 188/519
2018-05-06 19:00:03,367:INFO: Experiment Progress: 36.4% -- 189/519
2018-05-06 19:00:07,285:INFO: Experiment Progress: 36.6% -- 190/519
2018-05-06 19:00:08,521:INFO: Experiment Progress: 36.8% -- 191/519
2018-05-06 19:00:18,926:INFO: Experiment Progress: 37.0% -- 192/519
2018-05-06 19:00:18,927:INFO: Experiment Progress: 37.2% -- 193/519
2018-05-06 19:00:28,554:INFO: Experiment Progress: 37.4% -- 194/519
2018-05-06 19:00:28,554:INFO: Experiment Progress: 37.6% -- 195/519
2018-05-06 19:00:28,554:INFO: Experiment Progress: 37.8% -- 196/519
2018-05-06 19:00:28,554:INFO: Experiment Progress: 38.0% -- 197/519
2018-05-06 19:00:28,554:INFO: Experiment Progress: 38.2% -- 198/519
2018-05-06 19:00:50,026:INFO: Experiment Progress: 38.3% -- 199/519
2018-05-06 19:00:50,026:INFO: Experiment Progress: 38.5% -- 200/519
2018-05-06 19:00:50,027:INFO: Experiment Progress: 38.7% -- 201/519
2018-05-06 19:00:50,027:INFO: Experiment Progress: 38.9% -- 202/519
2018-05-06 19:00:50,027:INFO: Experiment Progress: 39.1% -- 203/519
2018-05-06 19:01:04,122:INFO: Experiment Progress: 39.3% -- 204/519
2018-05-06 19:01:04,123:INFO: Experiment Progress: 39.5% -- 205/519
2018-05-06 19:01:04,123:INFO: Experiment Progress: 39.7% -- 206/519
2018-05-06 19:01:14,263:INFO: Experiment Progress: 39.9% -- 207/519
2018-05-06 19:01:14,263:INFO: Experiment Progress: 40.1% -- 208/519
2018-05-06 19:01:19,145:INFO: Experiment Progress: 40.3% -- 209/519
2018-05-06 19:01:22,193:INFO: Experiment Progress: 40.5% -- 210/519
2018-05-06 19:02:50,845:INFO: Experiment Progress: 40.7% -- 211/519
2018-05-06 19:04:53,088:INFO: Experiment Progress: 40.8% -- 212/519
2018-05-06 19:05:06,956:INFO: Experiment Progress: 41.0% -- 213/519
2018-05-06 19:05:06,957:INFO: Experiment Progress: 41.2% -- 214/519
2018-05-06 19:05:50,374:INFO: Experiment Progress: 41.4% -- 215/519
2018-05-06 19:06:11,543:INFO: Experiment Progress: 41.6% -- 216/519
2018-05-06 19:06:11,544:INFO: Experiment Progress: 41.8% -- 217/519
2018-05-06 19:06:11,544:INFO: Experiment Progress: 42.0% -- 218/519
2018-05-06 19:06:11,544:INFO: Experiment Progress: 42.2% -- 219/519
2018-05-06 19:06:11,544:INFO: Experiment Progress: 42.4% -- 220/519
2018-05-06 19:06:12,988:INFO: Experiment Progress: 42.6% -- 221/519
2018-05-06 19:06:28,760:INFO: Experiment Progress: 42.8% -- 222/519
2018-05-06 19:06:28,760:INFO: Experiment Progress: 43.0% -- 223/519
2018-05-06 19:06:28,761:INFO: Experiment Progress: 43.2% -- 224/519
2018-05-06 19:06:49,760:INFO: Experiment Progress: 43.4% -- 225/519
2018-05-06 19:06:54,955:INFO: Experiment Progress: 43.5% -- 226/519
2018-05-06 19:06:54,955:INFO: Experiment Progress: 43.7% -- 227/519
2018-05-06 19:06:54,955:INFO: Experiment Progress: 43.9% -- 228/519
2018-05-06 19:07:02,069:INFO: Experiment Progress: 44.1% -- 229/519
2018-05-06 19:07:02,070:INFO: Experiment Progress: 44.3% -- 230/519
2018-05-06 19:07:02,070:INFO: Experiment Progress: 44.5% -- 231/519
2018-05-06 19:07:02,070:INFO: Experiment Progress: 44.7% -- 232/519
2018-05-06 19:07:02,070:INFO: Experiment Progress: 44.9% -- 233/519
2018-05-06 19:07:07,552:INFO: Experiment Progress: 45.1% -- 234/519
2018-05-06 19:07:07,553:INFO: Experiment Progress: 45.3% -- 235/519
2018-05-06 19:07:07,553:INFO: Experiment Progress: 45.5% -- 236/519
2018-05-06 19:07:46,936:INFO: Experiment Progress: 45.7% -- 237/519
2018-05-06 19:07:46,937:INFO: Experiment Progress: 45.9% -- 238/519
2018-05-06 19:07:46,937:INFO: Experiment Progress: 46.1% -- 239/519
2018-05-06 19:07:46,937:INFO: Experiment Progress: 46.2% -- 240/519
2018-05-06 19:09:31,789:INFO: Experiment Progress: 46.4% -- 241/519
2018-05-06 19:10:42,053:INFO: Experiment Progress: 46.6% -- 242/519
2018-05-06 19:11:25,736:INFO: Experiment Progress: 46.8% -- 243/519
2018-05-06 19:11:38,397:INFO: Experiment Progress: 47.0% -- 244/519
2018-05-06 19:11:40,595:INFO: Experiment Progress: 47.2% -- 245/519
2018-05-06 19:11:40,595:INFO: Experiment Progress: 47.4% -- 246/519
2018-05-06 19:11:40,604:INFO: Experiment Progress: 47.6% -- 247/519
2018-05-06 19:11:54,595:INFO: Experiment Progress: 47.8% -- 248/519
2018-05-06 19:12:20,967:INFO: Experiment Progress: 48.0% -- 249/519
2018-05-06 19:12:22,491:INFO: Experiment Progress: 48.2% -- 250/519
2018-05-06 19:12:22,491:INFO: Experiment Progress: 48.4% -- 251/519
2018-05-06 19:12:22,491:INFO: Experiment Progress: 48.6% -- 252/519
2018-05-06 19:12:24,077:INFO: Experiment Progress: 48.7% -- 253/519
2018-05-06 19:12:24,078:INFO: Experiment Progress: 48.9% -- 254/519
2018-05-06 19:12:42,883:INFO: Experiment Progress: 49.1% -- 255/519
2018-05-06 19:12:52,422:INFO: Experiment Progress: 49.3% -- 256/519
2018-05-06 19:13:12,357:INFO: Experiment Progress: 49.5% -- 257/519
2018-05-06 19:13:12,358:INFO: Experiment Progress: 49.7% -- 258/519
2018-05-06 19:13:12,358:INFO: Experiment Progress: 49.9% -- 259/519
2018-05-06 19:13:12,358:INFO: Experiment Progress: 50.1% -- 260/519
2018-05-06 19:13:25,451:INFO: Experiment Progress: 50.3% -- 261/519
2018-05-06 19:13:25,452:INFO: Experiment Progress: 50.5% -- 262/519
2018-05-06 19:13:26,987:INFO: Experiment Progress: 50.7% -- 263/519
2018-05-06 19:13:31,563:INFO: Experiment Progress: 50.9% -- 264/519
2018-05-06 19:13:31,563:INFO: Experiment Progress: 51.1% -- 265/519
2018-05-06 19:13:31,563:INFO: Experiment Progress: 51.3% -- 266/519
2018-05-06 19:13:31,564:INFO: Experiment Progress: 51.4% -- 267/519
2018-05-06 19:14:08,657:INFO: Experiment Progress: 51.6% -- 268/519
2018-05-06 19:14:18,361:INFO: Experiment Progress: 51.8% -- 269/519
2018-05-06 19:14:18,362:INFO: Experiment Progress: 52.0% -- 270/519
2018-05-06 19:16:27,988:INFO: Experiment Progress: 52.2% -- 271/519
2018-05-06 19:17:01,486:INFO: Experiment Progress: 52.4% -- 272/519
2018-05-06 19:17:01,487:INFO: Experiment Progress: 52.6% -- 273/519
2018-05-06 19:17:07,221:INFO: Experiment Progress: 52.8% -- 274/519
2018-05-06 19:18:01,743:INFO: Experiment Progress: 53.0% -- 275/519
2018-05-06 19:18:02,599:INFO: Experiment Progress: 53.2% -- 276/519
2018-05-06 19:18:02,600:INFO: Experiment Progress: 53.4% -- 277/519
2018-05-06 19:18:04,216:INFO: Experiment Progress: 53.6% -- 278/519
2018-05-06 19:18:04,216:INFO: Experiment Progress: 53.8% -- 279/519
2018-05-06 19:18:04,216:INFO: Experiment Progress: 53.9% -- 280/519
2018-05-06 19:18:04,216:INFO: Experiment Progress: 54.1% -- 281/519
2018-05-06 19:18:25,052:INFO: Experiment Progress: 54.3% -- 282/519
2018-05-06 19:18:25,052:INFO: Experiment Progress: 54.5% -- 283/519
2018-05-06 19:18:46,878:INFO: Experiment Progress: 54.7% -- 284/519
2018-05-06 19:18:46,879:INFO: Experiment Progress: 54.9% -- 285/519
2018-05-06 19:18:49,877:INFO: Experiment Progress: 55.1% -- 286/519
2018-05-06 19:19:09,345:INFO: Experiment Progress: 55.3% -- 287/519
2018-05-06 19:19:09,346:INFO: Experiment Progress: 55.5% -- 288/519
2018-05-06 19:19:09,346:INFO: Experiment Progress: 55.7% -- 289/519
2018-05-06 19:19:14,701:INFO: Experiment Progress: 55.9% -- 290/519
2018-05-06 19:19:20,291:INFO: Experiment Progress: 56.1% -- 291/519
2018-05-06 19:19:30,656:INFO: Experiment Progress: 56.3% -- 292/519
2018-05-06 19:19:46,811:INFO: Experiment Progress: 56.5% -- 293/519
2018-05-06 19:19:52,616:INFO: Experiment Progress: 56.6% -- 294/519
2018-05-06 19:19:52,616:INFO: Experiment Progress: 56.8% -- 295/519
2018-05-06 19:19:52,616:INFO: Experiment Progress: 57.0% -- 296/519
2018-05-06 19:20:06,636:INFO: Experiment Progress: 57.2% -- 297/519
2018-05-06 19:20:30,749:INFO: Experiment Progress: 57.4% -- 298/519
2018-05-06 19:20:50,697:INFO: Experiment Progress: 57.6% -- 299/519
2018-05-06 19:20:50,698:INFO: Experiment Progress: 57.8% -- 300/519
2018-05-06 19:22:29,973:INFO: Experiment Progress: 58.0% -- 301/519
2018-05-06 19:22:36,252:INFO: Experiment Progress: 58.2% -- 302/519
2018-05-06 19:22:45,132:INFO: Experiment Progress: 58.4% -- 303/519
2018-05-06 19:22:45,132:INFO: Experiment Progress: 58.6% -- 304/519
2018-05-06 19:23:30,417:INFO: Experiment Progress: 58.8% -- 305/519
2018-05-06 19:23:30,417:INFO: Experiment Progress: 59.0% -- 306/519
2018-05-06 19:23:48,709:INFO: Experiment Progress: 59.2% -- 307/519
2018-05-06 19:24:23,759:INFO: Experiment Progress: 59.3% -- 308/519
2018-05-06 19:24:23,760:INFO: Experiment Progress: 59.5% -- 309/519
2018-05-06 19:24:24,001:INFO: Experiment Progress: 59.7% -- 310/519
2018-05-06 19:24:24,002:INFO: Experiment Progress: 59.9% -- 311/519
2018-05-06 19:24:24,002:INFO: Experiment Progress: 60.1% -- 312/519
2018-05-06 19:24:32,540:INFO: Experiment Progress: 60.3% -- 313/519
2018-05-06 19:25:12,713:INFO: Experiment Progress: 60.5% -- 314/519
2018-05-06 19:25:16,897:INFO: Experiment Progress: 60.7% -- 315/519
2018-05-06 19:25:16,897:INFO: Experiment Progress: 60.9% -- 316/519
2018-05-06 19:25:29,706:INFO: Experiment Progress: 61.1% -- 317/519
2018-05-06 19:25:34,453:INFO: Experiment Progress: 61.3% -- 318/519
2018-05-06 19:25:34,453:INFO: Experiment Progress: 61.5% -- 319/519
2018-05-06 19:25:34,453:INFO: Experiment Progress: 61.7% -- 320/519
2018-05-06 19:25:34,453:INFO: Experiment Progress: 61.8% -- 321/519
2018-05-06 19:25:42,772:INFO: Experiment Progress: 62.0% -- 322/519
2018-05-06 19:26:02,651:INFO: Experiment Progress: 62.2% -- 323/519
2018-05-06 19:26:16,978:INFO: Experiment Progress: 62.4% -- 324/519
2018-05-06 19:26:22,749:INFO: Experiment Progress: 62.6% -- 325/519
2018-05-06 19:26:22,749:INFO: Experiment Progress: 62.8% -- 326/519
2018-05-06 19:26:38,429:INFO: Experiment Progress: 63.0% -- 327/519
2018-05-06 19:26:38,430:INFO: Experiment Progress: 63.2% -- 328/519
2018-05-06 19:27:17,876:INFO: Experiment Progress: 63.4% -- 329/519
2018-05-06 19:27:21,088:INFO: Experiment Progress: 63.6% -- 330/519
2018-05-06 19:28:37,606:INFO: Experiment Progress: 63.8% -- 331/519
2018-05-06 19:28:54,039:INFO: Experiment Progress: 64.0% -- 332/519
2018-05-06 19:28:54,040:INFO: Experiment Progress: 64.2% -- 333/519
2018-05-06 19:29:07,794:INFO: Experiment Progress: 64.4% -- 334/519
2018-05-06 19:29:07,795:INFO: Experiment Progress: 64.5% -- 335/519
2018-05-06 19:29:59,464:INFO: Experiment Progress: 64.7% -- 336/519
2018-05-06 19:29:59,465:INFO: Experiment Progress: 64.9% -- 337/519
2018-05-06 19:30:27,719:INFO: Experiment Progress: 65.1% -- 338/519
2018-05-06 19:30:27,722:INFO: Experiment Progress: 65.3% -- 339/519
2018-05-06 19:30:27,722:INFO: Experiment Progress: 65.5% -- 340/519
2018-05-06 19:30:49,592:INFO: Experiment Progress: 65.7% -- 341/519
2018-05-06 19:30:49,595:INFO: Experiment Progress: 65.9% -- 342/519
2018-05-06 19:30:49,595:INFO: Experiment Progress: 66.1% -- 343/519
2018-05-06 19:31:36,333:INFO: Experiment Progress: 66.3% -- 344/519
2018-05-06 19:31:36,333:INFO: Experiment Progress: 66.5% -- 345/519
2018-05-06 19:31:44,233:INFO: Experiment Progress: 66.7% -- 346/519
2018-05-06 19:31:47,546:INFO: Experiment Progress: 66.9% -- 347/519
2018-05-06 19:31:52,614:INFO: Experiment Progress: 67.1% -- 348/519
2018-05-06 19:31:52,614:INFO: Experiment Progress: 67.2% -- 349/519
2018-05-06 19:31:52,614:INFO: Experiment Progress: 67.4% -- 350/519
2018-05-06 19:31:54,627:INFO: Experiment Progress: 67.6% -- 351/519
2018-05-06 19:31:54,628:INFO: Experiment Progress: 67.8% -- 352/519
2018-05-06 19:32:26,742:INFO: Experiment Progress: 68.0% -- 353/519
2018-05-06 19:32:46,068:INFO: Experiment Progress: 68.2% -- 354/519
2018-05-06 19:32:46,069:INFO: Experiment Progress: 68.4% -- 355/519
2018-05-06 19:32:46,069:INFO: Experiment Progress: 68.6% -- 356/519
2018-05-06 19:32:46,069:INFO: Experiment Progress: 68.8% -- 357/519
2018-05-06 19:33:21,361:INFO: Experiment Progress: 69.0% -- 358/519
2018-05-06 19:33:52,751:INFO: Experiment Progress: 69.2% -- 359/519
2018-05-06 19:33:53,527:INFO: Experiment Progress: 69.4% -- 360/519
2018-05-06 19:34:59,007:INFO: Experiment Progress: 69.6% -- 361/519
2018-05-06 19:34:59,008:INFO: Experiment Progress: 69.7% -- 362/519
2018-05-06 19:34:59,008:INFO: Experiment Progress: 69.9% -- 363/519
2018-05-06 19:35:05,198:INFO: Experiment Progress: 70.1% -- 364/519
2018-05-06 19:35:18,662:INFO: Experiment Progress: 70.3% -- 365/519
2018-05-06 19:35:20,756:INFO: Experiment Progress: 70.5% -- 366/519
2018-05-06 19:36:27,470:INFO: Experiment Progress: 70.7% -- 367/519
2018-05-06 19:36:30,847:INFO: Experiment Progress: 70.9% -- 368/519
2018-05-06 19:36:51,998:INFO: Experiment Progress: 71.1% -- 369/519
2018-05-06 19:36:58,194:INFO: Experiment Progress: 71.3% -- 370/519
2018-05-06 19:36:58,194:INFO: Experiment Progress: 71.5% -- 371/519
2018-05-06 19:36:58,195:INFO: Experiment Progress: 71.7% -- 372/519
2018-05-06 19:36:58,195:INFO: Experiment Progress: 71.9% -- 373/519
2018-05-06 19:37:54,829:INFO: Experiment Progress: 72.1% -- 374/519
2018-05-06 19:38:00,509:INFO: Experiment Progress: 72.3% -- 375/519
2018-05-06 19:38:00,510:INFO: Experiment Progress: 72.4% -- 376/519
2018-05-06 19:38:12,004:INFO: Experiment Progress: 72.6% -- 377/519
2018-05-06 19:38:18,889:INFO: Experiment Progress: 72.8% -- 378/519
2018-05-06 19:38:18,889:INFO: Experiment Progress: 73.0% -- 379/519
2018-05-06 19:38:20,469:INFO: Experiment Progress: 73.2% -- 380/519
2018-05-06 19:38:20,469:INFO: Experiment Progress: 73.4% -- 381/519
2018-05-06 19:38:20,470:INFO: Experiment Progress: 73.6% -- 382/519
2018-05-06 19:38:34,710:INFO: Experiment Progress: 73.8% -- 383/519
2018-05-06 19:38:45,807:INFO: Experiment Progress: 74.0% -- 384/519
2018-05-06 19:39:03,063:INFO: Experiment Progress: 74.2% -- 385/519
2018-05-06 19:39:03,064:INFO: Experiment Progress: 74.4% -- 386/519
2018-05-06 19:39:16,278:INFO: Experiment Progress: 74.6% -- 387/519
2018-05-06 19:40:12,632:INFO: Experiment Progress: 74.8% -- 388/519
2018-05-06 19:40:28,354:INFO: Experiment Progress: 75.0% -- 389/519
2018-05-06 19:40:29,955:INFO: Experiment Progress: 75.1% -- 390/519
2018-05-06 19:40:29,955:INFO: Experiment Progress: 75.3% -- 391/519
2018-05-06 19:41:06,717:INFO: Experiment Progress: 75.5% -- 392/519
2018-05-06 19:41:24,406:INFO: Experiment Progress: 75.7% -- 393/519
2018-05-06 19:41:32,254:INFO: Experiment Progress: 75.9% -- 394/519
2018-05-06 19:41:32,507:INFO: Experiment Progress: 76.1% -- 395/519
2018-05-06 19:41:32,507:INFO: Experiment Progress: 76.3% -- 396/519
2018-05-06 19:42:58,146:INFO: Experiment Progress: 76.5% -- 397/519
2018-05-06 19:42:58,147:INFO: Experiment Progress: 76.7% -- 398/519
2018-05-06 19:42:58,147:INFO: Experiment Progress: 76.9% -- 399/519
2018-05-06 19:42:58,147:INFO: Experiment Progress: 77.1% -- 400/519
2018-05-06 19:42:58,147:INFO: Experiment Progress: 77.3% -- 401/519
2018-05-06 19:42:58,147:INFO: Experiment Progress: 77.5% -- 402/519
2018-05-06 19:43:31,487:INFO: Experiment Progress: 77.6% -- 403/519
2018-05-06 19:43:31,488:INFO: Experiment Progress: 77.8% -- 404/519
2018-05-06 19:44:00,842:INFO: Experiment Progress: 78.0% -- 405/519
2018-05-06 19:44:15,688:INFO: Experiment Progress: 78.2% -- 406/519
2018-05-06 19:44:15,689:INFO: Experiment Progress: 78.4% -- 407/519
2018-05-06 19:44:22,005:INFO: Experiment Progress: 78.6% -- 408/519
2018-05-06 19:44:22,005:INFO: Experiment Progress: 78.8% -- 409/519
2018-05-06 19:44:33,107:INFO: Experiment Progress: 79.0% -- 410/519
2018-05-06 19:44:46,994:INFO: Experiment Progress: 79.2% -- 411/519
2018-05-06 19:44:48,689:INFO: Experiment Progress: 79.4% -- 412/519
2018-05-06 19:44:49,613:INFO: Experiment Progress: 79.6% -- 413/519
2018-05-06 19:45:14,277:INFO: Experiment Progress: 79.8% -- 414/519
2018-05-06 19:45:25,722:INFO: Experiment Progress: 80.0% -- 415/519
2018-05-06 19:45:25,723:INFO: Experiment Progress: 80.2% -- 416/519
2018-05-06 19:46:03,989:INFO: Experiment Progress: 80.3% -- 417/519
2018-05-06 19:46:58,326:INFO: Experiment Progress: 80.5% -- 418/519
2018-05-06 19:46:58,327:INFO: Experiment Progress: 80.7% -- 419/519
2018-05-06 19:46:58,327:INFO: Experiment Progress: 80.9% -- 420/519
2018-05-06 19:46:59,400:INFO: Experiment Progress: 81.1% -- 421/519
2018-05-06 19:47:21,398:INFO: Experiment Progress: 81.3% -- 422/519
2018-05-06 19:47:27,316:INFO: Experiment Progress: 81.5% -- 423/519
2018-05-06 19:47:32,165:INFO: Experiment Progress: 81.7% -- 424/519
2018-05-06 19:48:02,387:INFO: Experiment Progress: 81.9% -- 425/519
2018-05-06 19:48:02,388:INFO: Experiment Progress: 82.1% -- 426/519
2018-05-06 19:48:29,406:INFO: Experiment Progress: 82.3% -- 427/519
2018-05-06 19:49:12,632:INFO: Experiment Progress: 82.5% -- 428/519
2018-05-06 19:49:12,632:INFO: Experiment Progress: 82.7% -- 429/519
2018-05-06 19:49:12,632:INFO: Experiment Progress: 82.9% -- 430/519
2018-05-06 19:49:28,251:INFO: Experiment Progress: 83.0% -- 431/519
2018-05-06 19:49:28,251:INFO: Experiment Progress: 83.2% -- 432/519
2018-05-06 19:49:36,145:INFO: Experiment Progress: 83.4% -- 433/519
2018-05-06 19:50:06,247:INFO: Experiment Progress: 83.6% -- 434/519
2018-05-06 19:50:18,338:INFO: Experiment Progress: 83.8% -- 435/519
2018-05-06 19:50:25,722:INFO: Experiment Progress: 84.0% -- 436/519
2018-05-06 19:50:28,930:INFO: Experiment Progress: 84.2% -- 437/519
2018-05-06 19:50:34,251:INFO: Experiment Progress: 84.4% -- 438/519
2018-05-06 19:50:42,686:INFO: Experiment Progress: 84.6% -- 439/519
2018-05-06 19:50:43,597:INFO: Experiment Progress: 84.8% -- 440/519
2018-05-06 19:51:19,571:INFO: Experiment Progress: 85.0% -- 441/519
2018-05-06 19:51:19,572:INFO: Experiment Progress: 85.2% -- 442/519
2018-05-06 19:51:19,572:INFO: Experiment Progress: 85.4% -- 443/519
2018-05-06 19:51:41,766:INFO: Experiment Progress: 85.5% -- 444/519
2018-05-06 19:51:51,971:INFO: Experiment Progress: 85.7% -- 445/519
2018-05-06 19:51:51,971:INFO: Experiment Progress: 85.9% -- 446/519
2018-05-06 19:52:35,715:INFO: Experiment Progress: 86.1% -- 447/519
2018-05-06 19:52:43,786:INFO: Experiment Progress: 86.3% -- 448/519
2018-05-06 19:53:08,320:INFO: Experiment Progress: 86.5% -- 449/519
2018-05-06 19:53:40,834:INFO: Experiment Progress: 86.7% -- 450/519
2018-05-06 19:53:40,834:INFO: Experiment Progress: 86.9% -- 451/519
2018-05-06 19:53:43,618:INFO: Experiment Progress: 87.1% -- 452/519
2018-05-06 19:53:43,618:INFO: Experiment Progress: 87.3% -- 453/519
2018-05-06 19:54:02,530:INFO: Experiment Progress: 87.5% -- 454/519
2018-05-06 19:54:02,531:INFO: Experiment Progress: 87.7% -- 455/519
2018-05-06 19:54:21,660:INFO: Experiment Progress: 87.9% -- 456/519
2018-05-06 19:54:24,362:INFO: Experiment Progress: 88.1% -- 457/519
2018-05-06 19:55:03,343:INFO: Experiment Progress: 88.2% -- 458/519
2018-05-06 19:55:11,098:INFO: Experiment Progress: 88.4% -- 459/519
2018-05-06 19:55:38,165:INFO: Experiment Progress: 88.6% -- 460/519
2018-05-06 19:55:38,165:INFO: Experiment Progress: 88.8% -- 461/519
2018-05-06 19:55:55,263:INFO: Experiment Progress: 89.0% -- 462/519
2018-05-06 19:55:55,263:INFO: Experiment Progress: 89.2% -- 463/519
2018-05-06 19:56:24,022:INFO: Experiment Progress: 89.4% -- 464/519
2018-05-06 19:56:40,449:INFO: Experiment Progress: 89.6% -- 465/519
2018-05-06 19:56:40,450:INFO: Experiment Progress: 89.8% -- 466/519
2018-05-06 19:56:54,799:INFO: Experiment Progress: 90.0% -- 467/519
2018-05-06 19:56:54,800:INFO: Experiment Progress: 90.2% -- 468/519
2018-05-06 19:57:02,599:INFO: Experiment Progress: 90.4% -- 469/519
2018-05-06 19:57:05,590:INFO: Experiment Progress: 90.6% -- 470/519
2018-05-06 19:57:40,935:INFO: Experiment Progress: 90.8% -- 471/519
2018-05-06 19:57:40,936:INFO: Experiment Progress: 90.9% -- 472/519
2018-05-06 19:57:40,936:INFO: Experiment Progress: 91.1% -- 473/519
2018-05-06 19:57:53,908:INFO: Experiment Progress: 91.3% -- 474/519
2018-05-06 19:58:06,653:INFO: Experiment Progress: 91.5% -- 475/519
2018-05-06 19:58:19,596:INFO: Experiment Progress: 91.7% -- 476/519
2018-05-06 19:59:03,496:INFO: Experiment Progress: 91.9% -- 477/519
2018-05-06 19:59:03,804:INFO: Experiment Progress: 92.1% -- 478/519
2018-05-06 19:59:18,051:INFO: Experiment Progress: 92.3% -- 479/519
2018-05-06 19:59:43,809:INFO: Experiment Progress: 92.5% -- 480/519
2018-05-06 19:59:43,810:INFO: Experiment Progress: 92.7% -- 481/519
2018-05-06 20:00:23,087:INFO: Experiment Progress: 92.9% -- 482/519
2018-05-06 20:00:23,088:INFO: Experiment Progress: 93.1% -- 483/519
2018-05-06 20:00:23,088:INFO: Experiment Progress: 93.3% -- 484/519
2018-05-06 20:00:28,255:INFO: Experiment Progress: 93.4% -- 485/519
2018-05-06 20:00:28,255:INFO: Experiment Progress: 93.6% -- 486/519
2018-05-06 20:00:53,333:INFO: Experiment Progress: 93.8% -- 487/519
2018-05-06 20:01:09,210:INFO: Experiment Progress: 94.0% -- 488/519
2018-05-06 20:01:18,718:INFO: Experiment Progress: 94.2% -- 489/519
2018-05-06 20:02:04,104:INFO: Experiment Progress: 94.4% -- 490/519
2018-05-06 20:02:04,105:INFO: Experiment Progress: 94.6% -- 491/519
2018-05-06 20:02:11,895:INFO: Experiment Progress: 94.8% -- 492/519
2018-05-06 20:02:21,783:INFO: Experiment Progress: 95.0% -- 493/519
2018-05-06 20:02:21,783:INFO: Experiment Progress: 95.2% -- 494/519
2018-05-06 20:02:55,515:INFO: Experiment Progress: 95.4% -- 495/519
2018-05-06 20:02:55,516:INFO: Experiment Progress: 95.6% -- 496/519
2018-05-06 20:03:03,374:INFO: Experiment Progress: 95.8% -- 497/519
2018-05-06 20:03:04,842:INFO: Experiment Progress: 96.0% -- 498/519
2018-05-06 20:03:23,017:INFO: Experiment Progress: 96.1% -- 499/519
2018-05-06 20:03:23,018:INFO: Experiment Progress: 96.3% -- 500/519
2018-05-06 20:03:33,928:INFO: Experiment Progress: 96.5% -- 501/519
2018-05-06 20:04:01,812:INFO: Experiment Progress: 96.7% -- 502/519
2018-05-06 20:04:05,055:INFO: Experiment Progress: 96.9% -- 503/519
2018-05-06 20:04:14,069:INFO: Experiment Progress: 97.1% -- 504/519
2018-05-06 20:04:32,389:INFO: Experiment Progress: 97.3% -- 505/519
2018-05-06 20:04:45,190:INFO: Experiment Progress: 97.5% -- 506/519
2018-05-06 20:05:22,901:INFO: Experiment Progress: 97.7% -- 507/519
2018-05-06 20:05:22,902:INFO: Experiment Progress: 97.9% -- 508/519
2018-05-06 20:05:22,903:INFO: Experiment Progress: 98.1% -- 509/519
2018-05-06 20:05:45,321:INFO: Experiment Progress: 98.3% -- 510/519
2018-05-06 20:05:53,605:INFO: Experiment Progress: 98.5% -- 511/519
2018-05-06 20:06:18,313:INFO: Experiment Progress: 98.7% -- 512/519
2018-05-06 20:06:41,087:INFO: Experiment Progress: 98.8% -- 513/519
2018-05-06 20:06:51,543:INFO: Experiment Progress: 99.0% -- 514/519
2018-05-06 20:06:55,520:INFO: Experiment Progress: 99.2% -- 515/519
2018-05-06 20:06:55,520:INFO: Experiment Progress: 99.4% -- 516/519
2018-05-06 20:07:07,259:INFO: Experiment Progress: 99.6% -- 517/519
2018-05-06 20:07:07,260:INFO: Experiment Progress: 99.8% -- 518/519
2018-05-06 20:07:19,210:INFO: Experiment Progress: 100.0% -- 519/519
